[2023-09-28T00:01:27.582+0000] {processor.py:157} INFO - Started process (PID=53232) to work on /home/airflow/.local/lib/python3.8/site-packages/airflow/example_dags/plugins/listener_plugin.py
[2023-09-28T00:01:27.582+0000] {processor.py:829} INFO - Processing file /home/airflow/.local/lib/python3.8/site-packages/airflow/example_dags/plugins/listener_plugin.py for tasks to queue
[2023-09-28T00:01:27.583+0000] {logging_mixin.py:151} INFO - [2023-09-28T00:01:27.583+0000] {dagbag.py:539} INFO - Filling up the DagBag from /home/airflow/.local/lib/python3.8/site-packages/airflow/example_dags/plugins/listener_plugin.py
[2023-09-28T00:01:27.585+0000] {processor.py:841} WARNING - No viable dags retrieved from /home/airflow/.local/lib/python3.8/site-packages/airflow/example_dags/plugins/listener_plugin.py
[2023-09-28T00:01:27.592+0000] {processor.py:179} INFO - Processing /home/airflow/.local/lib/python3.8/site-packages/airflow/example_dags/plugins/listener_plugin.py took 0.012 seconds
[2023-09-28T01:23:48.449+0000] {processor.py:157} INFO - Started process (PID=53281) to work on /home/airflow/.local/lib/python3.8/site-packages/airflow/example_dags/plugins/listener_plugin.py
[2023-09-28T01:23:48.450+0000] {processor.py:829} INFO - Processing file /home/airflow/.local/lib/python3.8/site-packages/airflow/example_dags/plugins/listener_plugin.py for tasks to queue
[2023-09-28T01:23:48.451+0000] {logging_mixin.py:151} INFO - [2023-09-28T01:23:48.451+0000] {dagbag.py:539} INFO - Filling up the DagBag from /home/airflow/.local/lib/python3.8/site-packages/airflow/example_dags/plugins/listener_plugin.py
[2023-09-28T01:23:48.452+0000] {processor.py:841} WARNING - No viable dags retrieved from /home/airflow/.local/lib/python3.8/site-packages/airflow/example_dags/plugins/listener_plugin.py
[2023-09-28T01:23:48.460+0000] {processor.py:179} INFO - Processing /home/airflow/.local/lib/python3.8/site-packages/airflow/example_dags/plugins/listener_plugin.py took 0.012 seconds
[2023-09-28T02:47:00.562+0000] {processor.py:157} INFO - Started process (PID=53329) to work on /home/airflow/.local/lib/python3.8/site-packages/airflow/example_dags/plugins/listener_plugin.py
[2023-09-28T02:47:00.563+0000] {processor.py:829} INFO - Processing file /home/airflow/.local/lib/python3.8/site-packages/airflow/example_dags/plugins/listener_plugin.py for tasks to queue
[2023-09-28T02:47:00.564+0000] {logging_mixin.py:151} INFO - [2023-09-28T02:47:00.564+0000] {dagbag.py:539} INFO - Filling up the DagBag from /home/airflow/.local/lib/python3.8/site-packages/airflow/example_dags/plugins/listener_plugin.py
[2023-09-28T02:47:00.565+0000] {processor.py:841} WARNING - No viable dags retrieved from /home/airflow/.local/lib/python3.8/site-packages/airflow/example_dags/plugins/listener_plugin.py
[2023-09-28T02:47:00.572+0000] {processor.py:179} INFO - Processing /home/airflow/.local/lib/python3.8/site-packages/airflow/example_dags/plugins/listener_plugin.py took 0.012 seconds
[2023-09-28T04:11:02.100+0000] {processor.py:157} INFO - Started process (PID=53378) to work on /home/airflow/.local/lib/python3.8/site-packages/airflow/example_dags/plugins/listener_plugin.py
[2023-09-28T04:11:02.100+0000] {processor.py:829} INFO - Processing file /home/airflow/.local/lib/python3.8/site-packages/airflow/example_dags/plugins/listener_plugin.py for tasks to queue
[2023-09-28T04:11:02.102+0000] {logging_mixin.py:151} INFO - [2023-09-28T04:11:02.101+0000] {dagbag.py:539} INFO - Filling up the DagBag from /home/airflow/.local/lib/python3.8/site-packages/airflow/example_dags/plugins/listener_plugin.py
[2023-09-28T04:11:02.103+0000] {processor.py:841} WARNING - No viable dags retrieved from /home/airflow/.local/lib/python3.8/site-packages/airflow/example_dags/plugins/listener_plugin.py
[2023-09-28T04:11:02.111+0000] {processor.py:179} INFO - Processing /home/airflow/.local/lib/python3.8/site-packages/airflow/example_dags/plugins/listener_plugin.py took 0.013 seconds
[2023-09-28T05:38:42.676+0000] {processor.py:157} INFO - Started process (PID=53427) to work on /home/airflow/.local/lib/python3.8/site-packages/airflow/example_dags/plugins/listener_plugin.py
[2023-09-28T05:38:42.676+0000] {processor.py:829} INFO - Processing file /home/airflow/.local/lib/python3.8/site-packages/airflow/example_dags/plugins/listener_plugin.py for tasks to queue
[2023-09-28T05:38:42.677+0000] {logging_mixin.py:151} INFO - [2023-09-28T05:38:42.677+0000] {dagbag.py:539} INFO - Filling up the DagBag from /home/airflow/.local/lib/python3.8/site-packages/airflow/example_dags/plugins/listener_plugin.py
[2023-09-28T05:38:42.679+0000] {processor.py:841} WARNING - No viable dags retrieved from /home/airflow/.local/lib/python3.8/site-packages/airflow/example_dags/plugins/listener_plugin.py
[2023-09-28T05:38:42.686+0000] {processor.py:179} INFO - Processing /home/airflow/.local/lib/python3.8/site-packages/airflow/example_dags/plugins/listener_plugin.py took 0.013 seconds
[2023-09-28T07:02:03.483+0000] {processor.py:157} INFO - Started process (PID=53477) to work on /home/airflow/.local/lib/python3.8/site-packages/airflow/example_dags/plugins/listener_plugin.py
[2023-09-28T07:02:03.484+0000] {processor.py:829} INFO - Processing file /home/airflow/.local/lib/python3.8/site-packages/airflow/example_dags/plugins/listener_plugin.py for tasks to queue
[2023-09-28T07:02:03.485+0000] {logging_mixin.py:151} INFO - [2023-09-28T07:02:03.485+0000] {dagbag.py:539} INFO - Filling up the DagBag from /home/airflow/.local/lib/python3.8/site-packages/airflow/example_dags/plugins/listener_plugin.py
[2023-09-28T07:02:03.486+0000] {processor.py:841} WARNING - No viable dags retrieved from /home/airflow/.local/lib/python3.8/site-packages/airflow/example_dags/plugins/listener_plugin.py
[2023-09-28T07:02:03.496+0000] {processor.py:179} INFO - Processing /home/airflow/.local/lib/python3.8/site-packages/airflow/example_dags/plugins/listener_plugin.py took 0.014 seconds
[2023-09-28T08:20:26.703+0000] {processor.py:157} INFO - Started process (PID=53526) to work on /home/airflow/.local/lib/python3.8/site-packages/airflow/example_dags/plugins/listener_plugin.py
[2023-09-28T08:20:26.703+0000] {processor.py:829} INFO - Processing file /home/airflow/.local/lib/python3.8/site-packages/airflow/example_dags/plugins/listener_plugin.py for tasks to queue
[2023-09-28T08:20:26.704+0000] {logging_mixin.py:151} INFO - [2023-09-28T08:20:26.704+0000] {dagbag.py:539} INFO - Filling up the DagBag from /home/airflow/.local/lib/python3.8/site-packages/airflow/example_dags/plugins/listener_plugin.py
[2023-09-28T08:20:26.706+0000] {processor.py:841} WARNING - No viable dags retrieved from /home/airflow/.local/lib/python3.8/site-packages/airflow/example_dags/plugins/listener_plugin.py
[2023-09-28T08:20:26.713+0000] {processor.py:179} INFO - Processing /home/airflow/.local/lib/python3.8/site-packages/airflow/example_dags/plugins/listener_plugin.py took 0.012 seconds
[2023-09-28T09:43:21.513+0000] {processor.py:157} INFO - Started process (PID=53574) to work on /home/airflow/.local/lib/python3.8/site-packages/airflow/example_dags/plugins/listener_plugin.py
[2023-09-28T09:43:21.513+0000] {processor.py:829} INFO - Processing file /home/airflow/.local/lib/python3.8/site-packages/airflow/example_dags/plugins/listener_plugin.py for tasks to queue
[2023-09-28T09:43:21.515+0000] {logging_mixin.py:151} INFO - [2023-09-28T09:43:21.514+0000] {dagbag.py:539} INFO - Filling up the DagBag from /home/airflow/.local/lib/python3.8/site-packages/airflow/example_dags/plugins/listener_plugin.py
[2023-09-28T09:43:21.516+0000] {processor.py:841} WARNING - No viable dags retrieved from /home/airflow/.local/lib/python3.8/site-packages/airflow/example_dags/plugins/listener_plugin.py
[2023-09-28T09:43:21.524+0000] {processor.py:179} INFO - Processing /home/airflow/.local/lib/python3.8/site-packages/airflow/example_dags/plugins/listener_plugin.py took 0.013 seconds
[2023-09-28T11:03:54.131+0000] {processor.py:157} INFO - Started process (PID=53623) to work on /home/airflow/.local/lib/python3.8/site-packages/airflow/example_dags/plugins/listener_plugin.py
[2023-09-28T11:03:54.131+0000] {processor.py:829} INFO - Processing file /home/airflow/.local/lib/python3.8/site-packages/airflow/example_dags/plugins/listener_plugin.py for tasks to queue
[2023-09-28T11:03:54.132+0000] {logging_mixin.py:151} INFO - [2023-09-28T11:03:54.132+0000] {dagbag.py:539} INFO - Filling up the DagBag from /home/airflow/.local/lib/python3.8/site-packages/airflow/example_dags/plugins/listener_plugin.py
[2023-09-28T11:03:54.134+0000] {processor.py:841} WARNING - No viable dags retrieved from /home/airflow/.local/lib/python3.8/site-packages/airflow/example_dags/plugins/listener_plugin.py
[2023-09-28T11:03:54.141+0000] {processor.py:179} INFO - Processing /home/airflow/.local/lib/python3.8/site-packages/airflow/example_dags/plugins/listener_plugin.py took 0.013 seconds
[2023-09-28T12:27:12.832+0000] {processor.py:157} INFO - Started process (PID=53673) to work on /home/airflow/.local/lib/python3.8/site-packages/airflow/example_dags/plugins/listener_plugin.py
[2023-09-28T12:27:12.833+0000] {processor.py:829} INFO - Processing file /home/airflow/.local/lib/python3.8/site-packages/airflow/example_dags/plugins/listener_plugin.py for tasks to queue
[2023-09-28T12:27:12.834+0000] {logging_mixin.py:151} INFO - [2023-09-28T12:27:12.833+0000] {dagbag.py:539} INFO - Filling up the DagBag from /home/airflow/.local/lib/python3.8/site-packages/airflow/example_dags/plugins/listener_plugin.py
[2023-09-28T12:27:12.835+0000] {processor.py:841} WARNING - No viable dags retrieved from /home/airflow/.local/lib/python3.8/site-packages/airflow/example_dags/plugins/listener_plugin.py
[2023-09-28T12:27:12.842+0000] {processor.py:179} INFO - Processing /home/airflow/.local/lib/python3.8/site-packages/airflow/example_dags/plugins/listener_plugin.py took 0.012 seconds
[2023-09-28T13:50:02.868+0000] {processor.py:157} INFO - Started process (PID=53721) to work on /home/airflow/.local/lib/python3.8/site-packages/airflow/example_dags/plugins/listener_plugin.py
[2023-09-28T13:50:02.868+0000] {processor.py:829} INFO - Processing file /home/airflow/.local/lib/python3.8/site-packages/airflow/example_dags/plugins/listener_plugin.py for tasks to queue
[2023-09-28T13:50:02.870+0000] {logging_mixin.py:151} INFO - [2023-09-28T13:50:02.869+0000] {dagbag.py:539} INFO - Filling up the DagBag from /home/airflow/.local/lib/python3.8/site-packages/airflow/example_dags/plugins/listener_plugin.py
[2023-09-28T13:50:02.871+0000] {processor.py:841} WARNING - No viable dags retrieved from /home/airflow/.local/lib/python3.8/site-packages/airflow/example_dags/plugins/listener_plugin.py
[2023-09-28T13:50:02.879+0000] {processor.py:179} INFO - Processing /home/airflow/.local/lib/python3.8/site-packages/airflow/example_dags/plugins/listener_plugin.py took 0.013 seconds
[2023-09-28T15:11:34.658+0000] {processor.py:157} INFO - Started process (PID=53771) to work on /home/airflow/.local/lib/python3.8/site-packages/airflow/example_dags/plugins/listener_plugin.py
[2023-09-28T15:11:34.658+0000] {processor.py:829} INFO - Processing file /home/airflow/.local/lib/python3.8/site-packages/airflow/example_dags/plugins/listener_plugin.py for tasks to queue
[2023-09-28T15:11:34.659+0000] {logging_mixin.py:151} INFO - [2023-09-28T15:11:34.659+0000] {dagbag.py:539} INFO - Filling up the DagBag from /home/airflow/.local/lib/python3.8/site-packages/airflow/example_dags/plugins/listener_plugin.py
[2023-09-28T15:11:34.661+0000] {processor.py:841} WARNING - No viable dags retrieved from /home/airflow/.local/lib/python3.8/site-packages/airflow/example_dags/plugins/listener_plugin.py
[2023-09-28T15:11:34.668+0000] {processor.py:179} INFO - Processing /home/airflow/.local/lib/python3.8/site-packages/airflow/example_dags/plugins/listener_plugin.py took 0.012 seconds
[2023-09-28T16:36:02.383+0000] {processor.py:157} INFO - Started process (PID=53820) to work on /home/airflow/.local/lib/python3.8/site-packages/airflow/example_dags/plugins/listener_plugin.py
[2023-09-28T16:36:02.384+0000] {processor.py:829} INFO - Processing file /home/airflow/.local/lib/python3.8/site-packages/airflow/example_dags/plugins/listener_plugin.py for tasks to queue
[2023-09-28T16:36:02.385+0000] {logging_mixin.py:151} INFO - [2023-09-28T16:36:02.385+0000] {dagbag.py:539} INFO - Filling up the DagBag from /home/airflow/.local/lib/python3.8/site-packages/airflow/example_dags/plugins/listener_plugin.py
[2023-09-28T16:36:02.387+0000] {processor.py:841} WARNING - No viable dags retrieved from /home/airflow/.local/lib/python3.8/site-packages/airflow/example_dags/plugins/listener_plugin.py
[2023-09-28T16:36:02.394+0000] {processor.py:179} INFO - Processing /home/airflow/.local/lib/python3.8/site-packages/airflow/example_dags/plugins/listener_plugin.py took 0.012 seconds
[2023-09-28T17:56:12.094+0000] {processor.py:157} INFO - Started process (PID=53868) to work on /home/airflow/.local/lib/python3.8/site-packages/airflow/example_dags/plugins/listener_plugin.py
[2023-09-28T17:56:12.094+0000] {processor.py:829} INFO - Processing file /home/airflow/.local/lib/python3.8/site-packages/airflow/example_dags/plugins/listener_plugin.py for tasks to queue
[2023-09-28T17:56:12.096+0000] {logging_mixin.py:151} INFO - [2023-09-28T17:56:12.095+0000] {dagbag.py:539} INFO - Filling up the DagBag from /home/airflow/.local/lib/python3.8/site-packages/airflow/example_dags/plugins/listener_plugin.py
[2023-09-28T17:56:12.097+0000] {processor.py:841} WARNING - No viable dags retrieved from /home/airflow/.local/lib/python3.8/site-packages/airflow/example_dags/plugins/listener_plugin.py
[2023-09-28T17:56:12.105+0000] {processor.py:179} INFO - Processing /home/airflow/.local/lib/python3.8/site-packages/airflow/example_dags/plugins/listener_plugin.py took 0.013 seconds
[2023-09-28T19:17:47.589+0000] {processor.py:157} INFO - Started process (PID=53917) to work on /home/airflow/.local/lib/python3.8/site-packages/airflow/example_dags/plugins/listener_plugin.py
[2023-09-28T19:17:47.590+0000] {processor.py:829} INFO - Processing file /home/airflow/.local/lib/python3.8/site-packages/airflow/example_dags/plugins/listener_plugin.py for tasks to queue
[2023-09-28T19:17:47.591+0000] {logging_mixin.py:151} INFO - [2023-09-28T19:17:47.591+0000] {dagbag.py:539} INFO - Filling up the DagBag from /home/airflow/.local/lib/python3.8/site-packages/airflow/example_dags/plugins/listener_plugin.py
[2023-09-28T19:17:47.592+0000] {processor.py:841} WARNING - No viable dags retrieved from /home/airflow/.local/lib/python3.8/site-packages/airflow/example_dags/plugins/listener_plugin.py
[2023-09-28T19:17:47.600+0000] {processor.py:179} INFO - Processing /home/airflow/.local/lib/python3.8/site-packages/airflow/example_dags/plugins/listener_plugin.py took 0.013 seconds
[2023-09-28T20:41:33.306+0000] {processor.py:157} INFO - Started process (PID=53966) to work on /home/airflow/.local/lib/python3.8/site-packages/airflow/example_dags/plugins/listener_plugin.py
[2023-09-28T20:41:33.306+0000] {processor.py:829} INFO - Processing file /home/airflow/.local/lib/python3.8/site-packages/airflow/example_dags/plugins/listener_plugin.py for tasks to queue
[2023-09-28T20:41:33.307+0000] {logging_mixin.py:151} INFO - [2023-09-28T20:41:33.307+0000] {dagbag.py:539} INFO - Filling up the DagBag from /home/airflow/.local/lib/python3.8/site-packages/airflow/example_dags/plugins/listener_plugin.py
[2023-09-28T20:41:33.309+0000] {processor.py:841} WARNING - No viable dags retrieved from /home/airflow/.local/lib/python3.8/site-packages/airflow/example_dags/plugins/listener_plugin.py
[2023-09-28T20:41:33.317+0000] {processor.py:179} INFO - Processing /home/airflow/.local/lib/python3.8/site-packages/airflow/example_dags/plugins/listener_plugin.py took 0.013 seconds
[2023-09-28T22:06:02.438+0000] {processor.py:157} INFO - Started process (PID=54015) to work on /home/airflow/.local/lib/python3.8/site-packages/airflow/example_dags/plugins/listener_plugin.py
[2023-09-28T22:06:02.439+0000] {processor.py:829} INFO - Processing file /home/airflow/.local/lib/python3.8/site-packages/airflow/example_dags/plugins/listener_plugin.py for tasks to queue
[2023-09-28T22:06:02.440+0000] {logging_mixin.py:151} INFO - [2023-09-28T22:06:02.440+0000] {dagbag.py:539} INFO - Filling up the DagBag from /home/airflow/.local/lib/python3.8/site-packages/airflow/example_dags/plugins/listener_plugin.py
[2023-09-28T22:06:02.442+0000] {processor.py:841} WARNING - No viable dags retrieved from /home/airflow/.local/lib/python3.8/site-packages/airflow/example_dags/plugins/listener_plugin.py
[2023-09-28T22:06:02.449+0000] {processor.py:179} INFO - Processing /home/airflow/.local/lib/python3.8/site-packages/airflow/example_dags/plugins/listener_plugin.py took 0.013 seconds
[2023-09-28T23:26:45.916+0000] {processor.py:157} INFO - Started process (PID=54064) to work on /home/airflow/.local/lib/python3.8/site-packages/airflow/example_dags/plugins/listener_plugin.py
[2023-09-28T23:26:45.916+0000] {processor.py:829} INFO - Processing file /home/airflow/.local/lib/python3.8/site-packages/airflow/example_dags/plugins/listener_plugin.py for tasks to queue
[2023-09-28T23:26:45.918+0000] {logging_mixin.py:151} INFO - [2023-09-28T23:26:45.918+0000] {dagbag.py:539} INFO - Filling up the DagBag from /home/airflow/.local/lib/python3.8/site-packages/airflow/example_dags/plugins/listener_plugin.py
[2023-09-28T23:26:45.920+0000] {processor.py:841} WARNING - No viable dags retrieved from /home/airflow/.local/lib/python3.8/site-packages/airflow/example_dags/plugins/listener_plugin.py
[2023-09-28T23:26:45.928+0000] {processor.py:179} INFO - Processing /home/airflow/.local/lib/python3.8/site-packages/airflow/example_dags/plugins/listener_plugin.py took 0.014 seconds
