[2023-10-06T00:01:33.347+0000] {processor.py:157} INFO - Started process (PID=91158) to work on /home/airflow/.local/lib/python3.8/site-packages/airflow/example_dags/example_sensor_decorator.py
[2023-10-06T00:01:33.348+0000] {processor.py:829} INFO - Processing file /home/airflow/.local/lib/python3.8/site-packages/airflow/example_dags/example_sensor_decorator.py for tasks to queue
[2023-10-06T00:01:33.350+0000] {logging_mixin.py:151} INFO - [2023-10-06T00:01:33.349+0000] {dagbag.py:539} INFO - Filling up the DagBag from /home/airflow/.local/lib/python3.8/site-packages/airflow/example_dags/example_sensor_decorator.py
[2023-10-06T00:01:33.354+0000] {processor.py:839} INFO - DAG(s) dict_keys(['example_sensor_decorator']) retrieved from /home/airflow/.local/lib/python3.8/site-packages/airflow/example_dags/example_sensor_decorator.py
[2023-10-06T00:01:33.367+0000] {logging_mixin.py:151} INFO - [2023-10-06T00:01:33.367+0000] {dag.py:2907} INFO - Sync 1 DAGs
[2023-10-06T00:01:33.374+0000] {logging_mixin.py:151} INFO - [2023-10-06T00:01:33.374+0000] {dag.py:3677} INFO - Setting next_dagrun for example_sensor_decorator to None, run_after=None
[2023-10-06T00:01:33.387+0000] {processor.py:179} INFO - Processing /home/airflow/.local/lib/python3.8/site-packages/airflow/example_dags/example_sensor_decorator.py took 0.042 seconds
[2023-10-06T00:02:03.991+0000] {processor.py:157} INFO - Started process (PID=91209) to work on /home/airflow/.local/lib/python3.8/site-packages/airflow/example_dags/example_sensor_decorator.py
[2023-10-06T00:02:03.992+0000] {processor.py:829} INFO - Processing file /home/airflow/.local/lib/python3.8/site-packages/airflow/example_dags/example_sensor_decorator.py for tasks to queue
[2023-10-06T00:02:03.993+0000] {logging_mixin.py:151} INFO - [2023-10-06T00:02:03.993+0000] {dagbag.py:539} INFO - Filling up the DagBag from /home/airflow/.local/lib/python3.8/site-packages/airflow/example_dags/example_sensor_decorator.py
[2023-10-06T00:02:03.997+0000] {processor.py:839} INFO - DAG(s) dict_keys(['example_sensor_decorator']) retrieved from /home/airflow/.local/lib/python3.8/site-packages/airflow/example_dags/example_sensor_decorator.py
[2023-10-06T00:02:04.010+0000] {logging_mixin.py:151} INFO - [2023-10-06T00:02:04.010+0000] {dag.py:2907} INFO - Sync 1 DAGs
[2023-10-06T00:02:04.017+0000] {logging_mixin.py:151} INFO - [2023-10-06T00:02:04.016+0000] {dag.py:3677} INFO - Setting next_dagrun for example_sensor_decorator to None, run_after=None
[2023-10-06T00:02:04.028+0000] {processor.py:179} INFO - Processing /home/airflow/.local/lib/python3.8/site-packages/airflow/example_dags/example_sensor_decorator.py took 0.038 seconds
[2023-10-06T00:02:34.665+0000] {processor.py:157} INFO - Started process (PID=91260) to work on /home/airflow/.local/lib/python3.8/site-packages/airflow/example_dags/example_sensor_decorator.py
[2023-10-06T00:02:34.665+0000] {processor.py:829} INFO - Processing file /home/airflow/.local/lib/python3.8/site-packages/airflow/example_dags/example_sensor_decorator.py for tasks to queue
[2023-10-06T00:02:34.667+0000] {logging_mixin.py:151} INFO - [2023-10-06T00:02:34.666+0000] {dagbag.py:539} INFO - Filling up the DagBag from /home/airflow/.local/lib/python3.8/site-packages/airflow/example_dags/example_sensor_decorator.py
[2023-10-06T00:02:34.670+0000] {processor.py:839} INFO - DAG(s) dict_keys(['example_sensor_decorator']) retrieved from /home/airflow/.local/lib/python3.8/site-packages/airflow/example_dags/example_sensor_decorator.py
[2023-10-06T00:02:34.681+0000] {logging_mixin.py:151} INFO - [2023-10-06T00:02:34.681+0000] {dag.py:2907} INFO - Sync 1 DAGs
[2023-10-06T00:02:34.687+0000] {logging_mixin.py:151} INFO - [2023-10-06T00:02:34.687+0000] {dag.py:3677} INFO - Setting next_dagrun for example_sensor_decorator to None, run_after=None
[2023-10-06T00:02:34.697+0000] {processor.py:179} INFO - Processing /home/airflow/.local/lib/python3.8/site-packages/airflow/example_dags/example_sensor_decorator.py took 0.035 seconds
[2023-10-06T00:03:05.089+0000] {processor.py:157} INFO - Started process (PID=91311) to work on /home/airflow/.local/lib/python3.8/site-packages/airflow/example_dags/example_sensor_decorator.py
[2023-10-06T00:03:05.090+0000] {processor.py:829} INFO - Processing file /home/airflow/.local/lib/python3.8/site-packages/airflow/example_dags/example_sensor_decorator.py for tasks to queue
[2023-10-06T00:03:05.092+0000] {logging_mixin.py:151} INFO - [2023-10-06T00:03:05.092+0000] {dagbag.py:539} INFO - Filling up the DagBag from /home/airflow/.local/lib/python3.8/site-packages/airflow/example_dags/example_sensor_decorator.py
[2023-10-06T00:03:05.097+0000] {processor.py:839} INFO - DAG(s) dict_keys(['example_sensor_decorator']) retrieved from /home/airflow/.local/lib/python3.8/site-packages/airflow/example_dags/example_sensor_decorator.py
[2023-10-06T00:03:05.110+0000] {logging_mixin.py:151} INFO - [2023-10-06T00:03:05.110+0000] {dag.py:2907} INFO - Sync 1 DAGs
[2023-10-06T00:03:05.117+0000] {logging_mixin.py:151} INFO - [2023-10-06T00:03:05.117+0000] {dag.py:3677} INFO - Setting next_dagrun for example_sensor_decorator to None, run_after=None
[2023-10-06T00:03:05.138+0000] {processor.py:179} INFO - Processing /home/airflow/.local/lib/python3.8/site-packages/airflow/example_dags/example_sensor_decorator.py took 0.051 seconds
[2023-10-06T00:03:35.505+0000] {processor.py:157} INFO - Started process (PID=91362) to work on /home/airflow/.local/lib/python3.8/site-packages/airflow/example_dags/example_sensor_decorator.py
[2023-10-06T00:03:35.506+0000] {processor.py:829} INFO - Processing file /home/airflow/.local/lib/python3.8/site-packages/airflow/example_dags/example_sensor_decorator.py for tasks to queue
[2023-10-06T00:03:35.507+0000] {logging_mixin.py:151} INFO - [2023-10-06T00:03:35.507+0000] {dagbag.py:539} INFO - Filling up the DagBag from /home/airflow/.local/lib/python3.8/site-packages/airflow/example_dags/example_sensor_decorator.py
[2023-10-06T00:03:35.511+0000] {processor.py:839} INFO - DAG(s) dict_keys(['example_sensor_decorator']) retrieved from /home/airflow/.local/lib/python3.8/site-packages/airflow/example_dags/example_sensor_decorator.py
[2023-10-06T00:03:35.522+0000] {logging_mixin.py:151} INFO - [2023-10-06T00:03:35.522+0000] {dag.py:2907} INFO - Sync 1 DAGs
[2023-10-06T00:03:35.528+0000] {logging_mixin.py:151} INFO - [2023-10-06T00:03:35.528+0000] {dag.py:3677} INFO - Setting next_dagrun for example_sensor_decorator to None, run_after=None
[2023-10-06T00:03:35.539+0000] {processor.py:179} INFO - Processing /home/airflow/.local/lib/python3.8/site-packages/airflow/example_dags/example_sensor_decorator.py took 0.036 seconds
[2023-10-06T00:04:06.054+0000] {processor.py:157} INFO - Started process (PID=91413) to work on /home/airflow/.local/lib/python3.8/site-packages/airflow/example_dags/example_sensor_decorator.py
[2023-10-06T00:04:06.054+0000] {processor.py:829} INFO - Processing file /home/airflow/.local/lib/python3.8/site-packages/airflow/example_dags/example_sensor_decorator.py for tasks to queue
[2023-10-06T00:04:06.055+0000] {logging_mixin.py:151} INFO - [2023-10-06T00:04:06.055+0000] {dagbag.py:539} INFO - Filling up the DagBag from /home/airflow/.local/lib/python3.8/site-packages/airflow/example_dags/example_sensor_decorator.py
[2023-10-06T00:04:06.059+0000] {processor.py:839} INFO - DAG(s) dict_keys(['example_sensor_decorator']) retrieved from /home/airflow/.local/lib/python3.8/site-packages/airflow/example_dags/example_sensor_decorator.py
[2023-10-06T00:04:06.071+0000] {logging_mixin.py:151} INFO - [2023-10-06T00:04:06.071+0000] {dag.py:2907} INFO - Sync 1 DAGs
[2023-10-06T00:04:06.077+0000] {logging_mixin.py:151} INFO - [2023-10-06T00:04:06.077+0000] {dag.py:3677} INFO - Setting next_dagrun for example_sensor_decorator to None, run_after=None
[2023-10-06T00:04:06.087+0000] {processor.py:179} INFO - Processing /home/airflow/.local/lib/python3.8/site-packages/airflow/example_dags/example_sensor_decorator.py took 0.035 seconds
[2023-10-06T00:04:36.373+0000] {processor.py:157} INFO - Started process (PID=91464) to work on /home/airflow/.local/lib/python3.8/site-packages/airflow/example_dags/example_sensor_decorator.py
[2023-10-06T00:04:36.374+0000] {processor.py:829} INFO - Processing file /home/airflow/.local/lib/python3.8/site-packages/airflow/example_dags/example_sensor_decorator.py for tasks to queue
[2023-10-06T00:04:36.375+0000] {logging_mixin.py:151} INFO - [2023-10-06T00:04:36.375+0000] {dagbag.py:539} INFO - Filling up the DagBag from /home/airflow/.local/lib/python3.8/site-packages/airflow/example_dags/example_sensor_decorator.py
[2023-10-06T00:04:36.379+0000] {processor.py:839} INFO - DAG(s) dict_keys(['example_sensor_decorator']) retrieved from /home/airflow/.local/lib/python3.8/site-packages/airflow/example_dags/example_sensor_decorator.py
[2023-10-06T00:04:36.390+0000] {logging_mixin.py:151} INFO - [2023-10-06T00:04:36.390+0000] {dag.py:2907} INFO - Sync 1 DAGs
[2023-10-06T00:04:36.396+0000] {logging_mixin.py:151} INFO - [2023-10-06T00:04:36.396+0000] {dag.py:3677} INFO - Setting next_dagrun for example_sensor_decorator to None, run_after=None
[2023-10-06T00:04:36.407+0000] {processor.py:179} INFO - Processing /home/airflow/.local/lib/python3.8/site-packages/airflow/example_dags/example_sensor_decorator.py took 0.036 seconds
[2023-10-06T00:05:07.710+0000] {processor.py:157} INFO - Started process (PID=91515) to work on /home/airflow/.local/lib/python3.8/site-packages/airflow/example_dags/example_sensor_decorator.py
[2023-10-06T00:05:07.711+0000] {processor.py:829} INFO - Processing file /home/airflow/.local/lib/python3.8/site-packages/airflow/example_dags/example_sensor_decorator.py for tasks to queue
[2023-10-06T00:05:07.712+0000] {logging_mixin.py:151} INFO - [2023-10-06T00:05:07.712+0000] {dagbag.py:539} INFO - Filling up the DagBag from /home/airflow/.local/lib/python3.8/site-packages/airflow/example_dags/example_sensor_decorator.py
[2023-10-06T00:05:07.716+0000] {processor.py:839} INFO - DAG(s) dict_keys(['example_sensor_decorator']) retrieved from /home/airflow/.local/lib/python3.8/site-packages/airflow/example_dags/example_sensor_decorator.py
[2023-10-06T00:05:07.727+0000] {logging_mixin.py:151} INFO - [2023-10-06T00:05:07.727+0000] {dag.py:2907} INFO - Sync 1 DAGs
[2023-10-06T00:05:07.734+0000] {logging_mixin.py:151} INFO - [2023-10-06T00:05:07.734+0000] {dag.py:3677} INFO - Setting next_dagrun for example_sensor_decorator to None, run_after=None
[2023-10-06T00:05:07.744+0000] {processor.py:179} INFO - Processing /home/airflow/.local/lib/python3.8/site-packages/airflow/example_dags/example_sensor_decorator.py took 0.036 seconds
[2023-10-06T00:05:38.066+0000] {processor.py:157} INFO - Started process (PID=91566) to work on /home/airflow/.local/lib/python3.8/site-packages/airflow/example_dags/example_sensor_decorator.py
[2023-10-06T00:05:38.066+0000] {processor.py:829} INFO - Processing file /home/airflow/.local/lib/python3.8/site-packages/airflow/example_dags/example_sensor_decorator.py for tasks to queue
[2023-10-06T00:05:38.067+0000] {logging_mixin.py:151} INFO - [2023-10-06T00:05:38.067+0000] {dagbag.py:539} INFO - Filling up the DagBag from /home/airflow/.local/lib/python3.8/site-packages/airflow/example_dags/example_sensor_decorator.py
[2023-10-06T00:05:38.071+0000] {processor.py:839} INFO - DAG(s) dict_keys(['example_sensor_decorator']) retrieved from /home/airflow/.local/lib/python3.8/site-packages/airflow/example_dags/example_sensor_decorator.py
[2023-10-06T00:05:38.083+0000] {logging_mixin.py:151} INFO - [2023-10-06T00:05:38.083+0000] {dag.py:2907} INFO - Sync 1 DAGs
[2023-10-06T00:05:38.089+0000] {logging_mixin.py:151} INFO - [2023-10-06T00:05:38.089+0000] {dag.py:3677} INFO - Setting next_dagrun for example_sensor_decorator to None, run_after=None
[2023-10-06T00:05:38.100+0000] {processor.py:179} INFO - Processing /home/airflow/.local/lib/python3.8/site-packages/airflow/example_dags/example_sensor_decorator.py took 0.036 seconds
[2023-10-06T00:06:08.557+0000] {processor.py:157} INFO - Started process (PID=91617) to work on /home/airflow/.local/lib/python3.8/site-packages/airflow/example_dags/example_sensor_decorator.py
[2023-10-06T00:06:08.558+0000] {processor.py:829} INFO - Processing file /home/airflow/.local/lib/python3.8/site-packages/airflow/example_dags/example_sensor_decorator.py for tasks to queue
[2023-10-06T00:06:08.559+0000] {logging_mixin.py:151} INFO - [2023-10-06T00:06:08.559+0000] {dagbag.py:539} INFO - Filling up the DagBag from /home/airflow/.local/lib/python3.8/site-packages/airflow/example_dags/example_sensor_decorator.py
[2023-10-06T00:06:08.563+0000] {processor.py:839} INFO - DAG(s) dict_keys(['example_sensor_decorator']) retrieved from /home/airflow/.local/lib/python3.8/site-packages/airflow/example_dags/example_sensor_decorator.py
[2023-10-06T00:06:08.575+0000] {logging_mixin.py:151} INFO - [2023-10-06T00:06:08.575+0000] {dag.py:2907} INFO - Sync 1 DAGs
[2023-10-06T00:06:08.581+0000] {logging_mixin.py:151} INFO - [2023-10-06T00:06:08.581+0000] {dag.py:3677} INFO - Setting next_dagrun for example_sensor_decorator to None, run_after=None
[2023-10-06T00:06:08.592+0000] {processor.py:179} INFO - Processing /home/airflow/.local/lib/python3.8/site-packages/airflow/example_dags/example_sensor_decorator.py took 0.037 seconds
[2023-10-06T00:06:38.863+0000] {processor.py:157} INFO - Started process (PID=91668) to work on /home/airflow/.local/lib/python3.8/site-packages/airflow/example_dags/example_sensor_decorator.py
[2023-10-06T00:06:38.863+0000] {processor.py:829} INFO - Processing file /home/airflow/.local/lib/python3.8/site-packages/airflow/example_dags/example_sensor_decorator.py for tasks to queue
[2023-10-06T00:06:38.865+0000] {logging_mixin.py:151} INFO - [2023-10-06T00:06:38.865+0000] {dagbag.py:539} INFO - Filling up the DagBag from /home/airflow/.local/lib/python3.8/site-packages/airflow/example_dags/example_sensor_decorator.py
[2023-10-06T00:06:38.868+0000] {processor.py:839} INFO - DAG(s) dict_keys(['example_sensor_decorator']) retrieved from /home/airflow/.local/lib/python3.8/site-packages/airflow/example_dags/example_sensor_decorator.py
[2023-10-06T00:06:38.879+0000] {logging_mixin.py:151} INFO - [2023-10-06T00:06:38.879+0000] {dag.py:2907} INFO - Sync 1 DAGs
[2023-10-06T00:06:38.885+0000] {logging_mixin.py:151} INFO - [2023-10-06T00:06:38.885+0000] {dag.py:3677} INFO - Setting next_dagrun for example_sensor_decorator to None, run_after=None
[2023-10-06T00:06:38.896+0000] {processor.py:179} INFO - Processing /home/airflow/.local/lib/python3.8/site-packages/airflow/example_dags/example_sensor_decorator.py took 0.036 seconds
[2023-10-06T00:07:10.164+0000] {processor.py:157} INFO - Started process (PID=91719) to work on /home/airflow/.local/lib/python3.8/site-packages/airflow/example_dags/example_sensor_decorator.py
[2023-10-06T00:07:10.166+0000] {processor.py:829} INFO - Processing file /home/airflow/.local/lib/python3.8/site-packages/airflow/example_dags/example_sensor_decorator.py for tasks to queue
[2023-10-06T00:07:10.167+0000] {logging_mixin.py:151} INFO - [2023-10-06T00:07:10.167+0000] {dagbag.py:539} INFO - Filling up the DagBag from /home/airflow/.local/lib/python3.8/site-packages/airflow/example_dags/example_sensor_decorator.py
[2023-10-06T00:07:10.170+0000] {processor.py:839} INFO - DAG(s) dict_keys(['example_sensor_decorator']) retrieved from /home/airflow/.local/lib/python3.8/site-packages/airflow/example_dags/example_sensor_decorator.py
[2023-10-06T00:07:10.182+0000] {logging_mixin.py:151} INFO - [2023-10-06T00:07:10.182+0000] {dag.py:2907} INFO - Sync 1 DAGs
[2023-10-06T00:07:10.188+0000] {logging_mixin.py:151} INFO - [2023-10-06T00:07:10.188+0000] {dag.py:3677} INFO - Setting next_dagrun for example_sensor_decorator to None, run_after=None
[2023-10-06T00:07:10.198+0000] {processor.py:179} INFO - Processing /home/airflow/.local/lib/python3.8/site-packages/airflow/example_dags/example_sensor_decorator.py took 0.035 seconds
[2023-10-06T00:07:41.064+0000] {processor.py:157} INFO - Started process (PID=91770) to work on /home/airflow/.local/lib/python3.8/site-packages/airflow/example_dags/example_sensor_decorator.py
[2023-10-06T00:07:41.064+0000] {processor.py:829} INFO - Processing file /home/airflow/.local/lib/python3.8/site-packages/airflow/example_dags/example_sensor_decorator.py for tasks to queue
[2023-10-06T00:07:41.065+0000] {logging_mixin.py:151} INFO - [2023-10-06T00:07:41.065+0000] {dagbag.py:539} INFO - Filling up the DagBag from /home/airflow/.local/lib/python3.8/site-packages/airflow/example_dags/example_sensor_decorator.py
[2023-10-06T00:07:41.069+0000] {processor.py:839} INFO - DAG(s) dict_keys(['example_sensor_decorator']) retrieved from /home/airflow/.local/lib/python3.8/site-packages/airflow/example_dags/example_sensor_decorator.py
[2023-10-06T00:07:41.082+0000] {logging_mixin.py:151} INFO - [2023-10-06T00:07:41.082+0000] {dag.py:2907} INFO - Sync 1 DAGs
[2023-10-06T00:07:41.088+0000] {logging_mixin.py:151} INFO - [2023-10-06T00:07:41.088+0000] {dag.py:3677} INFO - Setting next_dagrun for example_sensor_decorator to None, run_after=None
[2023-10-06T00:07:41.099+0000] {processor.py:179} INFO - Processing /home/airflow/.local/lib/python3.8/site-packages/airflow/example_dags/example_sensor_decorator.py took 0.037 seconds
[2023-10-06T00:08:11.687+0000] {processor.py:157} INFO - Started process (PID=91821) to work on /home/airflow/.local/lib/python3.8/site-packages/airflow/example_dags/example_sensor_decorator.py
[2023-10-06T00:08:11.688+0000] {processor.py:829} INFO - Processing file /home/airflow/.local/lib/python3.8/site-packages/airflow/example_dags/example_sensor_decorator.py for tasks to queue
[2023-10-06T00:08:11.689+0000] {logging_mixin.py:151} INFO - [2023-10-06T00:08:11.689+0000] {dagbag.py:539} INFO - Filling up the DagBag from /home/airflow/.local/lib/python3.8/site-packages/airflow/example_dags/example_sensor_decorator.py
[2023-10-06T00:08:11.693+0000] {processor.py:839} INFO - DAG(s) dict_keys(['example_sensor_decorator']) retrieved from /home/airflow/.local/lib/python3.8/site-packages/airflow/example_dags/example_sensor_decorator.py
[2023-10-06T00:08:11.704+0000] {logging_mixin.py:151} INFO - [2023-10-06T00:08:11.704+0000] {dag.py:2907} INFO - Sync 1 DAGs
[2023-10-06T00:08:11.710+0000] {logging_mixin.py:151} INFO - [2023-10-06T00:08:11.710+0000] {dag.py:3677} INFO - Setting next_dagrun for example_sensor_decorator to None, run_after=None
[2023-10-06T00:08:11.721+0000] {processor.py:179} INFO - Processing /home/airflow/.local/lib/python3.8/site-packages/airflow/example_dags/example_sensor_decorator.py took 0.036 seconds
[2023-10-06T00:08:42.192+0000] {processor.py:157} INFO - Started process (PID=91872) to work on /home/airflow/.local/lib/python3.8/site-packages/airflow/example_dags/example_sensor_decorator.py
[2023-10-06T00:08:42.193+0000] {processor.py:829} INFO - Processing file /home/airflow/.local/lib/python3.8/site-packages/airflow/example_dags/example_sensor_decorator.py for tasks to queue
[2023-10-06T00:08:42.195+0000] {logging_mixin.py:151} INFO - [2023-10-06T00:08:42.195+0000] {dagbag.py:539} INFO - Filling up the DagBag from /home/airflow/.local/lib/python3.8/site-packages/airflow/example_dags/example_sensor_decorator.py
[2023-10-06T00:08:42.199+0000] {processor.py:839} INFO - DAG(s) dict_keys(['example_sensor_decorator']) retrieved from /home/airflow/.local/lib/python3.8/site-packages/airflow/example_dags/example_sensor_decorator.py
[2023-10-06T00:08:42.212+0000] {logging_mixin.py:151} INFO - [2023-10-06T00:08:42.212+0000] {dag.py:2907} INFO - Sync 1 DAGs
[2023-10-06T00:08:42.218+0000] {logging_mixin.py:151} INFO - [2023-10-06T00:08:42.218+0000] {dag.py:3677} INFO - Setting next_dagrun for example_sensor_decorator to None, run_after=None
[2023-10-06T00:08:42.234+0000] {processor.py:179} INFO - Processing /home/airflow/.local/lib/python3.8/site-packages/airflow/example_dags/example_sensor_decorator.py took 0.045 seconds
[2023-10-06T00:09:13.114+0000] {processor.py:157} INFO - Started process (PID=91923) to work on /home/airflow/.local/lib/python3.8/site-packages/airflow/example_dags/example_sensor_decorator.py
[2023-10-06T00:09:13.115+0000] {processor.py:829} INFO - Processing file /home/airflow/.local/lib/python3.8/site-packages/airflow/example_dags/example_sensor_decorator.py for tasks to queue
[2023-10-06T00:09:13.116+0000] {logging_mixin.py:151} INFO - [2023-10-06T00:09:13.116+0000] {dagbag.py:539} INFO - Filling up the DagBag from /home/airflow/.local/lib/python3.8/site-packages/airflow/example_dags/example_sensor_decorator.py
[2023-10-06T00:09:13.120+0000] {processor.py:839} INFO - DAG(s) dict_keys(['example_sensor_decorator']) retrieved from /home/airflow/.local/lib/python3.8/site-packages/airflow/example_dags/example_sensor_decorator.py
[2023-10-06T00:09:13.134+0000] {logging_mixin.py:151} INFO - [2023-10-06T00:09:13.134+0000] {dag.py:2907} INFO - Sync 1 DAGs
[2023-10-06T00:09:13.140+0000] {logging_mixin.py:151} INFO - [2023-10-06T00:09:13.140+0000] {dag.py:3677} INFO - Setting next_dagrun for example_sensor_decorator to None, run_after=None
[2023-10-06T00:09:13.151+0000] {processor.py:179} INFO - Processing /home/airflow/.local/lib/python3.8/site-packages/airflow/example_dags/example_sensor_decorator.py took 0.039 seconds
[2023-10-06T00:09:43.708+0000] {processor.py:157} INFO - Started process (PID=91974) to work on /home/airflow/.local/lib/python3.8/site-packages/airflow/example_dags/example_sensor_decorator.py
[2023-10-06T00:09:43.709+0000] {processor.py:829} INFO - Processing file /home/airflow/.local/lib/python3.8/site-packages/airflow/example_dags/example_sensor_decorator.py for tasks to queue
[2023-10-06T00:09:43.710+0000] {logging_mixin.py:151} INFO - [2023-10-06T00:09:43.710+0000] {dagbag.py:539} INFO - Filling up the DagBag from /home/airflow/.local/lib/python3.8/site-packages/airflow/example_dags/example_sensor_decorator.py
[2023-10-06T00:09:43.714+0000] {processor.py:839} INFO - DAG(s) dict_keys(['example_sensor_decorator']) retrieved from /home/airflow/.local/lib/python3.8/site-packages/airflow/example_dags/example_sensor_decorator.py
[2023-10-06T00:09:43.726+0000] {logging_mixin.py:151} INFO - [2023-10-06T00:09:43.725+0000] {dag.py:2907} INFO - Sync 1 DAGs
[2023-10-06T00:09:43.733+0000] {logging_mixin.py:151} INFO - [2023-10-06T00:09:43.733+0000] {dag.py:3677} INFO - Setting next_dagrun for example_sensor_decorator to None, run_after=None
[2023-10-06T00:09:43.773+0000] {processor.py:179} INFO - Processing /home/airflow/.local/lib/python3.8/site-packages/airflow/example_dags/example_sensor_decorator.py took 0.067 seconds
[2023-10-06T00:10:13.964+0000] {processor.py:157} INFO - Started process (PID=92025) to work on /home/airflow/.local/lib/python3.8/site-packages/airflow/example_dags/example_sensor_decorator.py
[2023-10-06T00:10:13.965+0000] {processor.py:829} INFO - Processing file /home/airflow/.local/lib/python3.8/site-packages/airflow/example_dags/example_sensor_decorator.py for tasks to queue
[2023-10-06T00:10:13.966+0000] {logging_mixin.py:151} INFO - [2023-10-06T00:10:13.966+0000] {dagbag.py:539} INFO - Filling up the DagBag from /home/airflow/.local/lib/python3.8/site-packages/airflow/example_dags/example_sensor_decorator.py
[2023-10-06T00:10:13.970+0000] {processor.py:839} INFO - DAG(s) dict_keys(['example_sensor_decorator']) retrieved from /home/airflow/.local/lib/python3.8/site-packages/airflow/example_dags/example_sensor_decorator.py
[2023-10-06T00:10:13.982+0000] {logging_mixin.py:151} INFO - [2023-10-06T00:10:13.982+0000] {dag.py:2907} INFO - Sync 1 DAGs
[2023-10-06T00:10:13.988+0000] {logging_mixin.py:151} INFO - [2023-10-06T00:10:13.988+0000] {dag.py:3677} INFO - Setting next_dagrun for example_sensor_decorator to None, run_after=None
[2023-10-06T00:10:13.999+0000] {processor.py:179} INFO - Processing /home/airflow/.local/lib/python3.8/site-packages/airflow/example_dags/example_sensor_decorator.py took 0.037 seconds
[2023-10-06T00:10:44.400+0000] {processor.py:157} INFO - Started process (PID=92076) to work on /home/airflow/.local/lib/python3.8/site-packages/airflow/example_dags/example_sensor_decorator.py
[2023-10-06T00:10:44.400+0000] {processor.py:829} INFO - Processing file /home/airflow/.local/lib/python3.8/site-packages/airflow/example_dags/example_sensor_decorator.py for tasks to queue
[2023-10-06T00:10:44.401+0000] {logging_mixin.py:151} INFO - [2023-10-06T00:10:44.401+0000] {dagbag.py:539} INFO - Filling up the DagBag from /home/airflow/.local/lib/python3.8/site-packages/airflow/example_dags/example_sensor_decorator.py
[2023-10-06T00:10:44.405+0000] {processor.py:839} INFO - DAG(s) dict_keys(['example_sensor_decorator']) retrieved from /home/airflow/.local/lib/python3.8/site-packages/airflow/example_dags/example_sensor_decorator.py
[2023-10-06T00:10:44.418+0000] {logging_mixin.py:151} INFO - [2023-10-06T00:10:44.418+0000] {dag.py:2907} INFO - Sync 1 DAGs
[2023-10-06T00:10:44.424+0000] {logging_mixin.py:151} INFO - [2023-10-06T00:10:44.424+0000] {dag.py:3677} INFO - Setting next_dagrun for example_sensor_decorator to None, run_after=None
[2023-10-06T00:10:44.435+0000] {processor.py:179} INFO - Processing /home/airflow/.local/lib/python3.8/site-packages/airflow/example_dags/example_sensor_decorator.py took 0.038 seconds
[2023-10-06T00:11:14.714+0000] {processor.py:157} INFO - Started process (PID=92127) to work on /home/airflow/.local/lib/python3.8/site-packages/airflow/example_dags/example_sensor_decorator.py
[2023-10-06T00:11:14.715+0000] {processor.py:829} INFO - Processing file /home/airflow/.local/lib/python3.8/site-packages/airflow/example_dags/example_sensor_decorator.py for tasks to queue
[2023-10-06T00:11:14.716+0000] {logging_mixin.py:151} INFO - [2023-10-06T00:11:14.716+0000] {dagbag.py:539} INFO - Filling up the DagBag from /home/airflow/.local/lib/python3.8/site-packages/airflow/example_dags/example_sensor_decorator.py
[2023-10-06T00:11:14.720+0000] {processor.py:839} INFO - DAG(s) dict_keys(['example_sensor_decorator']) retrieved from /home/airflow/.local/lib/python3.8/site-packages/airflow/example_dags/example_sensor_decorator.py
[2023-10-06T00:11:14.731+0000] {logging_mixin.py:151} INFO - [2023-10-06T00:11:14.731+0000] {dag.py:2907} INFO - Sync 1 DAGs
[2023-10-06T00:11:14.738+0000] {logging_mixin.py:151} INFO - [2023-10-06T00:11:14.737+0000] {dag.py:3677} INFO - Setting next_dagrun for example_sensor_decorator to None, run_after=None
[2023-10-06T00:11:14.748+0000] {processor.py:179} INFO - Processing /home/airflow/.local/lib/python3.8/site-packages/airflow/example_dags/example_sensor_decorator.py took 0.036 seconds
[2023-10-06T00:11:45.208+0000] {processor.py:157} INFO - Started process (PID=92178) to work on /home/airflow/.local/lib/python3.8/site-packages/airflow/example_dags/example_sensor_decorator.py
[2023-10-06T00:11:45.209+0000] {processor.py:829} INFO - Processing file /home/airflow/.local/lib/python3.8/site-packages/airflow/example_dags/example_sensor_decorator.py for tasks to queue
[2023-10-06T00:11:45.210+0000] {logging_mixin.py:151} INFO - [2023-10-06T00:11:45.210+0000] {dagbag.py:539} INFO - Filling up the DagBag from /home/airflow/.local/lib/python3.8/site-packages/airflow/example_dags/example_sensor_decorator.py
[2023-10-06T00:11:45.214+0000] {processor.py:839} INFO - DAG(s) dict_keys(['example_sensor_decorator']) retrieved from /home/airflow/.local/lib/python3.8/site-packages/airflow/example_dags/example_sensor_decorator.py
[2023-10-06T00:11:45.226+0000] {logging_mixin.py:151} INFO - [2023-10-06T00:11:45.226+0000] {dag.py:2907} INFO - Sync 1 DAGs
[2023-10-06T00:11:45.233+0000] {logging_mixin.py:151} INFO - [2023-10-06T00:11:45.233+0000] {dag.py:3677} INFO - Setting next_dagrun for example_sensor_decorator to None, run_after=None
[2023-10-06T00:11:45.244+0000] {processor.py:179} INFO - Processing /home/airflow/.local/lib/python3.8/site-packages/airflow/example_dags/example_sensor_decorator.py took 0.038 seconds
[2023-10-06T00:12:15.837+0000] {processor.py:157} INFO - Started process (PID=92229) to work on /home/airflow/.local/lib/python3.8/site-packages/airflow/example_dags/example_sensor_decorator.py
[2023-10-06T00:12:15.837+0000] {processor.py:829} INFO - Processing file /home/airflow/.local/lib/python3.8/site-packages/airflow/example_dags/example_sensor_decorator.py for tasks to queue
[2023-10-06T00:12:15.839+0000] {logging_mixin.py:151} INFO - [2023-10-06T00:12:15.839+0000] {dagbag.py:539} INFO - Filling up the DagBag from /home/airflow/.local/lib/python3.8/site-packages/airflow/example_dags/example_sensor_decorator.py
[2023-10-06T00:12:15.843+0000] {processor.py:839} INFO - DAG(s) dict_keys(['example_sensor_decorator']) retrieved from /home/airflow/.local/lib/python3.8/site-packages/airflow/example_dags/example_sensor_decorator.py
[2023-10-06T00:12:15.854+0000] {logging_mixin.py:151} INFO - [2023-10-06T00:12:15.854+0000] {dag.py:2907} INFO - Sync 1 DAGs
[2023-10-06T00:12:15.860+0000] {logging_mixin.py:151} INFO - [2023-10-06T00:12:15.860+0000] {dag.py:3677} INFO - Setting next_dagrun for example_sensor_decorator to None, run_after=None
[2023-10-06T00:12:15.871+0000] {processor.py:179} INFO - Processing /home/airflow/.local/lib/python3.8/site-packages/airflow/example_dags/example_sensor_decorator.py took 0.036 seconds
[2023-10-06T00:12:47.143+0000] {processor.py:157} INFO - Started process (PID=92280) to work on /home/airflow/.local/lib/python3.8/site-packages/airflow/example_dags/example_sensor_decorator.py
[2023-10-06T00:12:47.144+0000] {processor.py:829} INFO - Processing file /home/airflow/.local/lib/python3.8/site-packages/airflow/example_dags/example_sensor_decorator.py for tasks to queue
[2023-10-06T00:12:47.145+0000] {logging_mixin.py:151} INFO - [2023-10-06T00:12:47.145+0000] {dagbag.py:539} INFO - Filling up the DagBag from /home/airflow/.local/lib/python3.8/site-packages/airflow/example_dags/example_sensor_decorator.py
[2023-10-06T00:12:47.151+0000] {processor.py:839} INFO - DAG(s) dict_keys(['example_sensor_decorator']) retrieved from /home/airflow/.local/lib/python3.8/site-packages/airflow/example_dags/example_sensor_decorator.py
[2023-10-06T00:12:47.163+0000] {logging_mixin.py:151} INFO - [2023-10-06T00:12:47.163+0000] {dag.py:2907} INFO - Sync 1 DAGs
[2023-10-06T00:12:47.170+0000] {logging_mixin.py:151} INFO - [2023-10-06T00:12:47.169+0000] {dag.py:3677} INFO - Setting next_dagrun for example_sensor_decorator to None, run_after=None
[2023-10-06T00:12:47.181+0000] {processor.py:179} INFO - Processing /home/airflow/.local/lib/python3.8/site-packages/airflow/example_dags/example_sensor_decorator.py took 0.039 seconds
[2023-10-06T00:13:17.516+0000] {processor.py:157} INFO - Started process (PID=92331) to work on /home/airflow/.local/lib/python3.8/site-packages/airflow/example_dags/example_sensor_decorator.py
[2023-10-06T00:13:17.516+0000] {processor.py:829} INFO - Processing file /home/airflow/.local/lib/python3.8/site-packages/airflow/example_dags/example_sensor_decorator.py for tasks to queue
[2023-10-06T00:13:17.518+0000] {logging_mixin.py:151} INFO - [2023-10-06T00:13:17.518+0000] {dagbag.py:539} INFO - Filling up the DagBag from /home/airflow/.local/lib/python3.8/site-packages/airflow/example_dags/example_sensor_decorator.py
[2023-10-06T00:13:17.522+0000] {processor.py:839} INFO - DAG(s) dict_keys(['example_sensor_decorator']) retrieved from /home/airflow/.local/lib/python3.8/site-packages/airflow/example_dags/example_sensor_decorator.py
[2023-10-06T00:13:17.533+0000] {logging_mixin.py:151} INFO - [2023-10-06T00:13:17.533+0000] {dag.py:2907} INFO - Sync 1 DAGs
[2023-10-06T00:13:17.539+0000] {logging_mixin.py:151} INFO - [2023-10-06T00:13:17.539+0000] {dag.py:3677} INFO - Setting next_dagrun for example_sensor_decorator to None, run_after=None
[2023-10-06T00:13:17.549+0000] {processor.py:179} INFO - Processing /home/airflow/.local/lib/python3.8/site-packages/airflow/example_dags/example_sensor_decorator.py took 0.035 seconds
[2023-10-06T00:13:48.052+0000] {processor.py:157} INFO - Started process (PID=92382) to work on /home/airflow/.local/lib/python3.8/site-packages/airflow/example_dags/example_sensor_decorator.py
[2023-10-06T00:13:48.053+0000] {processor.py:829} INFO - Processing file /home/airflow/.local/lib/python3.8/site-packages/airflow/example_dags/example_sensor_decorator.py for tasks to queue
[2023-10-06T00:13:48.054+0000] {logging_mixin.py:151} INFO - [2023-10-06T00:13:48.054+0000] {dagbag.py:539} INFO - Filling up the DagBag from /home/airflow/.local/lib/python3.8/site-packages/airflow/example_dags/example_sensor_decorator.py
[2023-10-06T00:13:48.058+0000] {processor.py:839} INFO - DAG(s) dict_keys(['example_sensor_decorator']) retrieved from /home/airflow/.local/lib/python3.8/site-packages/airflow/example_dags/example_sensor_decorator.py
[2023-10-06T00:13:48.069+0000] {logging_mixin.py:151} INFO - [2023-10-06T00:13:48.069+0000] {dag.py:2907} INFO - Sync 1 DAGs
[2023-10-06T00:13:48.076+0000] {logging_mixin.py:151} INFO - [2023-10-06T00:13:48.076+0000] {dag.py:3677} INFO - Setting next_dagrun for example_sensor_decorator to None, run_after=None
[2023-10-06T00:13:48.087+0000] {processor.py:179} INFO - Processing /home/airflow/.local/lib/python3.8/site-packages/airflow/example_dags/example_sensor_decorator.py took 0.037 seconds
[2023-10-06T00:14:18.330+0000] {processor.py:157} INFO - Started process (PID=92433) to work on /home/airflow/.local/lib/python3.8/site-packages/airflow/example_dags/example_sensor_decorator.py
[2023-10-06T00:14:18.330+0000] {processor.py:829} INFO - Processing file /home/airflow/.local/lib/python3.8/site-packages/airflow/example_dags/example_sensor_decorator.py for tasks to queue
[2023-10-06T00:14:18.332+0000] {logging_mixin.py:151} INFO - [2023-10-06T00:14:18.331+0000] {dagbag.py:539} INFO - Filling up the DagBag from /home/airflow/.local/lib/python3.8/site-packages/airflow/example_dags/example_sensor_decorator.py
[2023-10-06T00:14:18.336+0000] {processor.py:839} INFO - DAG(s) dict_keys(['example_sensor_decorator']) retrieved from /home/airflow/.local/lib/python3.8/site-packages/airflow/example_dags/example_sensor_decorator.py
[2023-10-06T00:14:18.351+0000] {logging_mixin.py:151} INFO - [2023-10-06T00:14:18.351+0000] {dag.py:2907} INFO - Sync 1 DAGs
[2023-10-06T00:14:18.358+0000] {logging_mixin.py:151} INFO - [2023-10-06T00:14:18.358+0000] {dag.py:3677} INFO - Setting next_dagrun for example_sensor_decorator to None, run_after=None
[2023-10-06T00:14:18.369+0000] {processor.py:179} INFO - Processing /home/airflow/.local/lib/python3.8/site-packages/airflow/example_dags/example_sensor_decorator.py took 0.041 seconds
[2023-10-06T00:14:49.016+0000] {processor.py:157} INFO - Started process (PID=92484) to work on /home/airflow/.local/lib/python3.8/site-packages/airflow/example_dags/example_sensor_decorator.py
[2023-10-06T00:14:49.017+0000] {processor.py:829} INFO - Processing file /home/airflow/.local/lib/python3.8/site-packages/airflow/example_dags/example_sensor_decorator.py for tasks to queue
[2023-10-06T00:14:49.018+0000] {logging_mixin.py:151} INFO - [2023-10-06T00:14:49.018+0000] {dagbag.py:539} INFO - Filling up the DagBag from /home/airflow/.local/lib/python3.8/site-packages/airflow/example_dags/example_sensor_decorator.py
[2023-10-06T00:14:49.022+0000] {processor.py:839} INFO - DAG(s) dict_keys(['example_sensor_decorator']) retrieved from /home/airflow/.local/lib/python3.8/site-packages/airflow/example_dags/example_sensor_decorator.py
[2023-10-06T00:14:49.037+0000] {logging_mixin.py:151} INFO - [2023-10-06T00:14:49.037+0000] {dag.py:2907} INFO - Sync 1 DAGs
[2023-10-06T00:14:49.044+0000] {logging_mixin.py:151} INFO - [2023-10-06T00:14:49.044+0000] {dag.py:3677} INFO - Setting next_dagrun for example_sensor_decorator to None, run_after=None
[2023-10-06T00:14:49.054+0000] {processor.py:179} INFO - Processing /home/airflow/.local/lib/python3.8/site-packages/airflow/example_dags/example_sensor_decorator.py took 0.040 seconds
[2023-10-06T00:15:19.712+0000] {processor.py:157} INFO - Started process (PID=92535) to work on /home/airflow/.local/lib/python3.8/site-packages/airflow/example_dags/example_sensor_decorator.py
[2023-10-06T00:15:19.713+0000] {processor.py:829} INFO - Processing file /home/airflow/.local/lib/python3.8/site-packages/airflow/example_dags/example_sensor_decorator.py for tasks to queue
[2023-10-06T00:15:19.714+0000] {logging_mixin.py:151} INFO - [2023-10-06T00:15:19.714+0000] {dagbag.py:539} INFO - Filling up the DagBag from /home/airflow/.local/lib/python3.8/site-packages/airflow/example_dags/example_sensor_decorator.py
[2023-10-06T00:15:19.717+0000] {processor.py:839} INFO - DAG(s) dict_keys(['example_sensor_decorator']) retrieved from /home/airflow/.local/lib/python3.8/site-packages/airflow/example_dags/example_sensor_decorator.py
[2023-10-06T00:15:19.729+0000] {logging_mixin.py:151} INFO - [2023-10-06T00:15:19.729+0000] {dag.py:2907} INFO - Sync 1 DAGs
[2023-10-06T00:15:19.735+0000] {logging_mixin.py:151} INFO - [2023-10-06T00:15:19.735+0000] {dag.py:3677} INFO - Setting next_dagrun for example_sensor_decorator to None, run_after=None
[2023-10-06T00:15:19.746+0000] {processor.py:179} INFO - Processing /home/airflow/.local/lib/python3.8/site-packages/airflow/example_dags/example_sensor_decorator.py took 0.036 seconds
[2023-10-06T00:15:50.371+0000] {processor.py:157} INFO - Started process (PID=92586) to work on /home/airflow/.local/lib/python3.8/site-packages/airflow/example_dags/example_sensor_decorator.py
[2023-10-06T00:15:50.372+0000] {processor.py:829} INFO - Processing file /home/airflow/.local/lib/python3.8/site-packages/airflow/example_dags/example_sensor_decorator.py for tasks to queue
[2023-10-06T00:15:50.373+0000] {logging_mixin.py:151} INFO - [2023-10-06T00:15:50.373+0000] {dagbag.py:539} INFO - Filling up the DagBag from /home/airflow/.local/lib/python3.8/site-packages/airflow/example_dags/example_sensor_decorator.py
[2023-10-06T00:15:50.377+0000] {processor.py:839} INFO - DAG(s) dict_keys(['example_sensor_decorator']) retrieved from /home/airflow/.local/lib/python3.8/site-packages/airflow/example_dags/example_sensor_decorator.py
[2023-10-06T00:15:50.388+0000] {logging_mixin.py:151} INFO - [2023-10-06T00:15:50.388+0000] {dag.py:2907} INFO - Sync 1 DAGs
[2023-10-06T00:15:50.393+0000] {logging_mixin.py:151} INFO - [2023-10-06T00:15:50.393+0000] {dag.py:3677} INFO - Setting next_dagrun for example_sensor_decorator to None, run_after=None
[2023-10-06T00:15:50.404+0000] {processor.py:179} INFO - Processing /home/airflow/.local/lib/python3.8/site-packages/airflow/example_dags/example_sensor_decorator.py took 0.035 seconds
[2023-10-06T00:16:20.797+0000] {processor.py:157} INFO - Started process (PID=92637) to work on /home/airflow/.local/lib/python3.8/site-packages/airflow/example_dags/example_sensor_decorator.py
[2023-10-06T00:16:20.798+0000] {processor.py:829} INFO - Processing file /home/airflow/.local/lib/python3.8/site-packages/airflow/example_dags/example_sensor_decorator.py for tasks to queue
[2023-10-06T00:16:20.799+0000] {logging_mixin.py:151} INFO - [2023-10-06T00:16:20.799+0000] {dagbag.py:539} INFO - Filling up the DagBag from /home/airflow/.local/lib/python3.8/site-packages/airflow/example_dags/example_sensor_decorator.py
[2023-10-06T00:16:20.803+0000] {processor.py:839} INFO - DAG(s) dict_keys(['example_sensor_decorator']) retrieved from /home/airflow/.local/lib/python3.8/site-packages/airflow/example_dags/example_sensor_decorator.py
[2023-10-06T00:16:20.815+0000] {logging_mixin.py:151} INFO - [2023-10-06T00:16:20.815+0000] {dag.py:2907} INFO - Sync 1 DAGs
[2023-10-06T00:16:20.821+0000] {logging_mixin.py:151} INFO - [2023-10-06T00:16:20.821+0000] {dag.py:3677} INFO - Setting next_dagrun for example_sensor_decorator to None, run_after=None
[2023-10-06T00:16:20.836+0000] {processor.py:179} INFO - Processing /home/airflow/.local/lib/python3.8/site-packages/airflow/example_dags/example_sensor_decorator.py took 0.041 seconds
[2023-10-06T00:31:52.198+0000] {processor.py:157} INFO - Started process (PID=92688) to work on /home/airflow/.local/lib/python3.8/site-packages/airflow/example_dags/example_sensor_decorator.py
[2023-10-06T00:31:52.199+0000] {processor.py:829} INFO - Processing file /home/airflow/.local/lib/python3.8/site-packages/airflow/example_dags/example_sensor_decorator.py for tasks to queue
[2023-10-06T00:31:52.201+0000] {logging_mixin.py:151} INFO - [2023-10-06T00:31:52.200+0000] {dagbag.py:539} INFO - Filling up the DagBag from /home/airflow/.local/lib/python3.8/site-packages/airflow/example_dags/example_sensor_decorator.py
[2023-10-06T00:31:52.205+0000] {processor.py:839} INFO - DAG(s) dict_keys(['example_sensor_decorator']) retrieved from /home/airflow/.local/lib/python3.8/site-packages/airflow/example_dags/example_sensor_decorator.py
[2023-10-06T00:31:52.218+0000] {logging_mixin.py:151} INFO - [2023-10-06T00:31:52.218+0000] {dag.py:2907} INFO - Sync 1 DAGs
[2023-10-06T00:31:52.227+0000] {logging_mixin.py:151} INFO - [2023-10-06T00:31:52.227+0000] {dag.py:3677} INFO - Setting next_dagrun for example_sensor_decorator to None, run_after=None
[2023-10-06T00:31:52.240+0000] {processor.py:179} INFO - Processing /home/airflow/.local/lib/python3.8/site-packages/airflow/example_dags/example_sensor_decorator.py took 0.044 seconds
[2023-10-06T00:32:22.962+0000] {processor.py:157} INFO - Started process (PID=92739) to work on /home/airflow/.local/lib/python3.8/site-packages/airflow/example_dags/example_sensor_decorator.py
[2023-10-06T00:32:22.963+0000] {processor.py:829} INFO - Processing file /home/airflow/.local/lib/python3.8/site-packages/airflow/example_dags/example_sensor_decorator.py for tasks to queue
[2023-10-06T00:32:22.964+0000] {logging_mixin.py:151} INFO - [2023-10-06T00:32:22.964+0000] {dagbag.py:539} INFO - Filling up the DagBag from /home/airflow/.local/lib/python3.8/site-packages/airflow/example_dags/example_sensor_decorator.py
[2023-10-06T00:32:22.968+0000] {processor.py:839} INFO - DAG(s) dict_keys(['example_sensor_decorator']) retrieved from /home/airflow/.local/lib/python3.8/site-packages/airflow/example_dags/example_sensor_decorator.py
[2023-10-06T00:32:22.980+0000] {logging_mixin.py:151} INFO - [2023-10-06T00:32:22.980+0000] {dag.py:2907} INFO - Sync 1 DAGs
[2023-10-06T00:32:22.986+0000] {logging_mixin.py:151} INFO - [2023-10-06T00:32:22.986+0000] {dag.py:3677} INFO - Setting next_dagrun for example_sensor_decorator to None, run_after=None
[2023-10-06T00:32:22.997+0000] {processor.py:179} INFO - Processing /home/airflow/.local/lib/python3.8/site-packages/airflow/example_dags/example_sensor_decorator.py took 0.037 seconds
[2023-10-06T00:37:50.251+0000] {processor.py:157} INFO - Started process (PID=92790) to work on /home/airflow/.local/lib/python3.8/site-packages/airflow/example_dags/example_sensor_decorator.py
[2023-10-06T00:37:50.252+0000] {processor.py:829} INFO - Processing file /home/airflow/.local/lib/python3.8/site-packages/airflow/example_dags/example_sensor_decorator.py for tasks to queue
[2023-10-06T00:37:50.253+0000] {logging_mixin.py:151} INFO - [2023-10-06T00:37:50.253+0000] {dagbag.py:539} INFO - Filling up the DagBag from /home/airflow/.local/lib/python3.8/site-packages/airflow/example_dags/example_sensor_decorator.py
[2023-10-06T00:37:50.258+0000] {processor.py:839} INFO - DAG(s) dict_keys(['example_sensor_decorator']) retrieved from /home/airflow/.local/lib/python3.8/site-packages/airflow/example_dags/example_sensor_decorator.py
[2023-10-06T00:37:50.269+0000] {logging_mixin.py:151} INFO - [2023-10-06T00:37:50.269+0000] {dag.py:2907} INFO - Sync 1 DAGs
[2023-10-06T00:37:50.275+0000] {logging_mixin.py:151} INFO - [2023-10-06T00:37:50.274+0000] {dag.py:3677} INFO - Setting next_dagrun for example_sensor_decorator to None, run_after=None
[2023-10-06T00:37:50.285+0000] {processor.py:179} INFO - Processing /home/airflow/.local/lib/python3.8/site-packages/airflow/example_dags/example_sensor_decorator.py took 0.036 seconds
[2023-10-06T00:43:19.565+0000] {processor.py:157} INFO - Started process (PID=92841) to work on /home/airflow/.local/lib/python3.8/site-packages/airflow/example_dags/example_sensor_decorator.py
[2023-10-06T00:43:19.566+0000] {processor.py:829} INFO - Processing file /home/airflow/.local/lib/python3.8/site-packages/airflow/example_dags/example_sensor_decorator.py for tasks to queue
[2023-10-06T00:43:19.568+0000] {logging_mixin.py:151} INFO - [2023-10-06T00:43:19.567+0000] {dagbag.py:539} INFO - Filling up the DagBag from /home/airflow/.local/lib/python3.8/site-packages/airflow/example_dags/example_sensor_decorator.py
[2023-10-06T00:43:19.572+0000] {processor.py:839} INFO - DAG(s) dict_keys(['example_sensor_decorator']) retrieved from /home/airflow/.local/lib/python3.8/site-packages/airflow/example_dags/example_sensor_decorator.py
[2023-10-06T00:43:19.583+0000] {logging_mixin.py:151} INFO - [2023-10-06T00:43:19.583+0000] {dag.py:2907} INFO - Sync 1 DAGs
[2023-10-06T00:43:19.589+0000] {logging_mixin.py:151} INFO - [2023-10-06T00:43:19.589+0000] {dag.py:3677} INFO - Setting next_dagrun for example_sensor_decorator to None, run_after=None
[2023-10-06T00:43:19.601+0000] {processor.py:179} INFO - Processing /home/airflow/.local/lib/python3.8/site-packages/airflow/example_dags/example_sensor_decorator.py took 0.037 seconds
[2023-10-06T00:43:50.164+0000] {processor.py:157} INFO - Started process (PID=92892) to work on /home/airflow/.local/lib/python3.8/site-packages/airflow/example_dags/example_sensor_decorator.py
[2023-10-06T00:43:50.165+0000] {processor.py:829} INFO - Processing file /home/airflow/.local/lib/python3.8/site-packages/airflow/example_dags/example_sensor_decorator.py for tasks to queue
[2023-10-06T00:43:50.166+0000] {logging_mixin.py:151} INFO - [2023-10-06T00:43:50.166+0000] {dagbag.py:539} INFO - Filling up the DagBag from /home/airflow/.local/lib/python3.8/site-packages/airflow/example_dags/example_sensor_decorator.py
[2023-10-06T00:43:50.170+0000] {processor.py:839} INFO - DAG(s) dict_keys(['example_sensor_decorator']) retrieved from /home/airflow/.local/lib/python3.8/site-packages/airflow/example_dags/example_sensor_decorator.py
[2023-10-06T00:43:50.182+0000] {logging_mixin.py:151} INFO - [2023-10-06T00:43:50.182+0000] {dag.py:2907} INFO - Sync 1 DAGs
[2023-10-06T00:43:50.188+0000] {logging_mixin.py:151} INFO - [2023-10-06T00:43:50.188+0000] {dag.py:3677} INFO - Setting next_dagrun for example_sensor_decorator to None, run_after=None
[2023-10-06T00:43:50.198+0000] {processor.py:179} INFO - Processing /home/airflow/.local/lib/python3.8/site-packages/airflow/example_dags/example_sensor_decorator.py took 0.037 seconds
[2023-10-06T00:49:18.545+0000] {processor.py:157} INFO - Started process (PID=92943) to work on /home/airflow/.local/lib/python3.8/site-packages/airflow/example_dags/example_sensor_decorator.py
[2023-10-06T00:49:18.546+0000] {processor.py:829} INFO - Processing file /home/airflow/.local/lib/python3.8/site-packages/airflow/example_dags/example_sensor_decorator.py for tasks to queue
[2023-10-06T00:49:18.548+0000] {logging_mixin.py:151} INFO - [2023-10-06T00:49:18.547+0000] {dagbag.py:539} INFO - Filling up the DagBag from /home/airflow/.local/lib/python3.8/site-packages/airflow/example_dags/example_sensor_decorator.py
[2023-10-06T00:49:18.552+0000] {processor.py:839} INFO - DAG(s) dict_keys(['example_sensor_decorator']) retrieved from /home/airflow/.local/lib/python3.8/site-packages/airflow/example_dags/example_sensor_decorator.py
[2023-10-06T00:49:18.565+0000] {logging_mixin.py:151} INFO - [2023-10-06T00:49:18.565+0000] {dag.py:2907} INFO - Sync 1 DAGs
[2023-10-06T00:49:18.572+0000] {logging_mixin.py:151} INFO - [2023-10-06T00:49:18.572+0000] {dag.py:3677} INFO - Setting next_dagrun for example_sensor_decorator to None, run_after=None
[2023-10-06T00:49:18.583+0000] {processor.py:179} INFO - Processing /home/airflow/.local/lib/python3.8/site-packages/airflow/example_dags/example_sensor_decorator.py took 0.040 seconds
[2023-10-06T00:54:47.106+0000] {processor.py:157} INFO - Started process (PID=92994) to work on /home/airflow/.local/lib/python3.8/site-packages/airflow/example_dags/example_sensor_decorator.py
[2023-10-06T00:54:47.112+0000] {processor.py:829} INFO - Processing file /home/airflow/.local/lib/python3.8/site-packages/airflow/example_dags/example_sensor_decorator.py for tasks to queue
[2023-10-06T00:54:47.118+0000] {logging_mixin.py:151} INFO - [2023-10-06T00:54:47.118+0000] {dagbag.py:539} INFO - Filling up the DagBag from /home/airflow/.local/lib/python3.8/site-packages/airflow/example_dags/example_sensor_decorator.py
[2023-10-06T00:54:47.125+0000] {processor.py:839} INFO - DAG(s) dict_keys(['example_sensor_decorator']) retrieved from /home/airflow/.local/lib/python3.8/site-packages/airflow/example_dags/example_sensor_decorator.py
[2023-10-06T00:54:47.156+0000] {logging_mixin.py:151} INFO - [2023-10-06T00:54:47.156+0000] {dag.py:2907} INFO - Sync 1 DAGs
[2023-10-06T00:54:47.176+0000] {logging_mixin.py:151} INFO - [2023-10-06T00:54:47.176+0000] {dag.py:3677} INFO - Setting next_dagrun for example_sensor_decorator to None, run_after=None
[2023-10-06T00:54:47.212+0000] {processor.py:179} INFO - Processing /home/airflow/.local/lib/python3.8/site-packages/airflow/example_dags/example_sensor_decorator.py took 0.109 seconds
[2023-10-06T00:55:18.216+0000] {processor.py:157} INFO - Started process (PID=93045) to work on /home/airflow/.local/lib/python3.8/site-packages/airflow/example_dags/example_sensor_decorator.py
[2023-10-06T00:55:18.217+0000] {processor.py:829} INFO - Processing file /home/airflow/.local/lib/python3.8/site-packages/airflow/example_dags/example_sensor_decorator.py for tasks to queue
[2023-10-06T00:55:18.219+0000] {logging_mixin.py:151} INFO - [2023-10-06T00:55:18.218+0000] {dagbag.py:539} INFO - Filling up the DagBag from /home/airflow/.local/lib/python3.8/site-packages/airflow/example_dags/example_sensor_decorator.py
[2023-10-06T00:55:18.222+0000] {processor.py:839} INFO - DAG(s) dict_keys(['example_sensor_decorator']) retrieved from /home/airflow/.local/lib/python3.8/site-packages/airflow/example_dags/example_sensor_decorator.py
[2023-10-06T00:55:18.235+0000] {logging_mixin.py:151} INFO - [2023-10-06T00:55:18.235+0000] {dag.py:2907} INFO - Sync 1 DAGs
[2023-10-06T00:55:18.241+0000] {logging_mixin.py:151} INFO - [2023-10-06T00:55:18.241+0000] {dag.py:3677} INFO - Setting next_dagrun for example_sensor_decorator to None, run_after=None
[2023-10-06T00:55:18.254+0000] {processor.py:179} INFO - Processing /home/airflow/.local/lib/python3.8/site-packages/airflow/example_dags/example_sensor_decorator.py took 0.040 seconds
[2023-10-06T00:55:48.767+0000] {processor.py:157} INFO - Started process (PID=93096) to work on /home/airflow/.local/lib/python3.8/site-packages/airflow/example_dags/example_sensor_decorator.py
[2023-10-06T00:55:48.768+0000] {processor.py:829} INFO - Processing file /home/airflow/.local/lib/python3.8/site-packages/airflow/example_dags/example_sensor_decorator.py for tasks to queue
[2023-10-06T00:55:48.769+0000] {logging_mixin.py:151} INFO - [2023-10-06T00:55:48.769+0000] {dagbag.py:539} INFO - Filling up the DagBag from /home/airflow/.local/lib/python3.8/site-packages/airflow/example_dags/example_sensor_decorator.py
[2023-10-06T00:55:48.772+0000] {processor.py:839} INFO - DAG(s) dict_keys(['example_sensor_decorator']) retrieved from /home/airflow/.local/lib/python3.8/site-packages/airflow/example_dags/example_sensor_decorator.py
[2023-10-06T00:55:48.784+0000] {logging_mixin.py:151} INFO - [2023-10-06T00:55:48.784+0000] {dag.py:2907} INFO - Sync 1 DAGs
[2023-10-06T00:55:48.790+0000] {logging_mixin.py:151} INFO - [2023-10-06T00:55:48.790+0000] {dag.py:3677} INFO - Setting next_dagrun for example_sensor_decorator to None, run_after=None
[2023-10-06T00:55:48.801+0000] {processor.py:179} INFO - Processing /home/airflow/.local/lib/python3.8/site-packages/airflow/example_dags/example_sensor_decorator.py took 0.036 seconds
[2023-10-06T00:56:19.548+0000] {processor.py:157} INFO - Started process (PID=93147) to work on /home/airflow/.local/lib/python3.8/site-packages/airflow/example_dags/example_sensor_decorator.py
[2023-10-06T00:56:19.548+0000] {processor.py:829} INFO - Processing file /home/airflow/.local/lib/python3.8/site-packages/airflow/example_dags/example_sensor_decorator.py for tasks to queue
[2023-10-06T00:56:19.549+0000] {logging_mixin.py:151} INFO - [2023-10-06T00:56:19.549+0000] {dagbag.py:539} INFO - Filling up the DagBag from /home/airflow/.local/lib/python3.8/site-packages/airflow/example_dags/example_sensor_decorator.py
[2023-10-06T00:56:19.554+0000] {processor.py:839} INFO - DAG(s) dict_keys(['example_sensor_decorator']) retrieved from /home/airflow/.local/lib/python3.8/site-packages/airflow/example_dags/example_sensor_decorator.py
[2023-10-06T00:56:19.565+0000] {logging_mixin.py:151} INFO - [2023-10-06T00:56:19.565+0000] {dag.py:2907} INFO - Sync 1 DAGs
[2023-10-06T00:56:19.570+0000] {logging_mixin.py:151} INFO - [2023-10-06T00:56:19.570+0000] {dag.py:3677} INFO - Setting next_dagrun for example_sensor_decorator to None, run_after=None
[2023-10-06T00:56:19.590+0000] {processor.py:179} INFO - Processing /home/airflow/.local/lib/python3.8/site-packages/airflow/example_dags/example_sensor_decorator.py took 0.044 seconds
[2023-10-06T00:56:50.021+0000] {processor.py:157} INFO - Started process (PID=93198) to work on /home/airflow/.local/lib/python3.8/site-packages/airflow/example_dags/example_sensor_decorator.py
[2023-10-06T00:56:50.022+0000] {processor.py:829} INFO - Processing file /home/airflow/.local/lib/python3.8/site-packages/airflow/example_dags/example_sensor_decorator.py for tasks to queue
[2023-10-06T00:56:50.023+0000] {logging_mixin.py:151} INFO - [2023-10-06T00:56:50.023+0000] {dagbag.py:539} INFO - Filling up the DagBag from /home/airflow/.local/lib/python3.8/site-packages/airflow/example_dags/example_sensor_decorator.py
[2023-10-06T00:56:50.027+0000] {processor.py:839} INFO - DAG(s) dict_keys(['example_sensor_decorator']) retrieved from /home/airflow/.local/lib/python3.8/site-packages/airflow/example_dags/example_sensor_decorator.py
[2023-10-06T00:56:50.038+0000] {logging_mixin.py:151} INFO - [2023-10-06T00:56:50.038+0000] {dag.py:2907} INFO - Sync 1 DAGs
[2023-10-06T00:56:50.044+0000] {logging_mixin.py:151} INFO - [2023-10-06T00:56:50.044+0000] {dag.py:3677} INFO - Setting next_dagrun for example_sensor_decorator to None, run_after=None
[2023-10-06T00:56:50.055+0000] {processor.py:179} INFO - Processing /home/airflow/.local/lib/python3.8/site-packages/airflow/example_dags/example_sensor_decorator.py took 0.036 seconds
[2023-10-06T01:03:59.410+0000] {processor.py:157} INFO - Started process (PID=93249) to work on /home/airflow/.local/lib/python3.8/site-packages/airflow/example_dags/example_sensor_decorator.py
[2023-10-06T01:03:59.411+0000] {processor.py:829} INFO - Processing file /home/airflow/.local/lib/python3.8/site-packages/airflow/example_dags/example_sensor_decorator.py for tasks to queue
[2023-10-06T01:03:59.412+0000] {logging_mixin.py:151} INFO - [2023-10-06T01:03:59.412+0000] {dagbag.py:539} INFO - Filling up the DagBag from /home/airflow/.local/lib/python3.8/site-packages/airflow/example_dags/example_sensor_decorator.py
[2023-10-06T01:03:59.416+0000] {processor.py:839} INFO - DAG(s) dict_keys(['example_sensor_decorator']) retrieved from /home/airflow/.local/lib/python3.8/site-packages/airflow/example_dags/example_sensor_decorator.py
[2023-10-06T01:03:59.428+0000] {logging_mixin.py:151} INFO - [2023-10-06T01:03:59.428+0000] {dag.py:2907} INFO - Sync 1 DAGs
[2023-10-06T01:03:59.433+0000] {logging_mixin.py:151} INFO - [2023-10-06T01:03:59.433+0000] {dag.py:3677} INFO - Setting next_dagrun for example_sensor_decorator to None, run_after=None
[2023-10-06T01:03:59.454+0000] {processor.py:179} INFO - Processing /home/airflow/.local/lib/python3.8/site-packages/airflow/example_dags/example_sensor_decorator.py took 0.047 seconds
[2023-10-06T01:47:58.542+0000] {processor.py:157} INFO - Started process (PID=93300) to work on /home/airflow/.local/lib/python3.8/site-packages/airflow/example_dags/example_sensor_decorator.py
[2023-10-06T01:47:58.545+0000] {processor.py:829} INFO - Processing file /home/airflow/.local/lib/python3.8/site-packages/airflow/example_dags/example_sensor_decorator.py for tasks to queue
[2023-10-06T01:47:58.554+0000] {logging_mixin.py:151} INFO - [2023-10-06T01:47:58.554+0000] {dagbag.py:539} INFO - Filling up the DagBag from /home/airflow/.local/lib/python3.8/site-packages/airflow/example_dags/example_sensor_decorator.py
[2023-10-06T01:47:58.567+0000] {processor.py:839} INFO - DAG(s) dict_keys(['example_sensor_decorator']) retrieved from /home/airflow/.local/lib/python3.8/site-packages/airflow/example_dags/example_sensor_decorator.py
[2023-10-06T01:47:58.637+0000] {logging_mixin.py:151} INFO - [2023-10-06T01:47:58.633+0000] {dag.py:2907} INFO - Sync 1 DAGs
[2023-10-06T01:47:58.659+0000] {logging_mixin.py:151} INFO - [2023-10-06T01:47:58.659+0000] {dag.py:3677} INFO - Setting next_dagrun for example_sensor_decorator to None, run_after=None
[2023-10-06T01:47:58.677+0000] {processor.py:179} INFO - Processing /home/airflow/.local/lib/python3.8/site-packages/airflow/example_dags/example_sensor_decorator.py took 0.149 seconds
[2023-10-06T03:12:10.145+0000] {processor.py:157} INFO - Started process (PID=93351) to work on /home/airflow/.local/lib/python3.8/site-packages/airflow/example_dags/example_sensor_decorator.py
[2023-10-06T03:12:10.147+0000] {processor.py:829} INFO - Processing file /home/airflow/.local/lib/python3.8/site-packages/airflow/example_dags/example_sensor_decorator.py for tasks to queue
[2023-10-06T03:12:10.149+0000] {logging_mixin.py:151} INFO - [2023-10-06T03:12:10.149+0000] {dagbag.py:539} INFO - Filling up the DagBag from /home/airflow/.local/lib/python3.8/site-packages/airflow/example_dags/example_sensor_decorator.py
[2023-10-06T03:12:10.158+0000] {processor.py:839} INFO - DAG(s) dict_keys(['example_sensor_decorator']) retrieved from /home/airflow/.local/lib/python3.8/site-packages/airflow/example_dags/example_sensor_decorator.py
[2023-10-06T03:12:10.213+0000] {logging_mixin.py:151} INFO - [2023-10-06T03:12:10.213+0000] {dag.py:2907} INFO - Sync 1 DAGs
[2023-10-06T03:12:10.292+0000] {logging_mixin.py:151} INFO - [2023-10-06T03:12:10.292+0000] {dag.py:3677} INFO - Setting next_dagrun for example_sensor_decorator to None, run_after=None
[2023-10-06T03:12:10.336+0000] {processor.py:179} INFO - Processing /home/airflow/.local/lib/python3.8/site-packages/airflow/example_dags/example_sensor_decorator.py took 0.198 seconds
[2023-10-06T04:32:21.776+0000] {processor.py:157} INFO - Started process (PID=93402) to work on /home/airflow/.local/lib/python3.8/site-packages/airflow/example_dags/example_sensor_decorator.py
[2023-10-06T04:32:21.777+0000] {processor.py:829} INFO - Processing file /home/airflow/.local/lib/python3.8/site-packages/airflow/example_dags/example_sensor_decorator.py for tasks to queue
[2023-10-06T04:32:21.778+0000] {logging_mixin.py:151} INFO - [2023-10-06T04:32:21.778+0000] {dagbag.py:539} INFO - Filling up the DagBag from /home/airflow/.local/lib/python3.8/site-packages/airflow/example_dags/example_sensor_decorator.py
[2023-10-06T04:32:21.782+0000] {processor.py:839} INFO - DAG(s) dict_keys(['example_sensor_decorator']) retrieved from /home/airflow/.local/lib/python3.8/site-packages/airflow/example_dags/example_sensor_decorator.py
[2023-10-06T04:32:21.798+0000] {logging_mixin.py:151} INFO - [2023-10-06T04:32:21.798+0000] {dag.py:2907} INFO - Sync 1 DAGs
[2023-10-06T04:32:21.805+0000] {logging_mixin.py:151} INFO - [2023-10-06T04:32:21.805+0000] {dag.py:3677} INFO - Setting next_dagrun for example_sensor_decorator to None, run_after=None
[2023-10-06T04:32:21.815+0000] {processor.py:179} INFO - Processing /home/airflow/.local/lib/python3.8/site-packages/airflow/example_dags/example_sensor_decorator.py took 0.042 seconds
[2023-10-06T05:56:31.157+0000] {processor.py:157} INFO - Started process (PID=93453) to work on /home/airflow/.local/lib/python3.8/site-packages/airflow/example_dags/example_sensor_decorator.py
[2023-10-06T05:56:31.158+0000] {processor.py:829} INFO - Processing file /home/airflow/.local/lib/python3.8/site-packages/airflow/example_dags/example_sensor_decorator.py for tasks to queue
[2023-10-06T05:56:31.160+0000] {logging_mixin.py:151} INFO - [2023-10-06T05:56:31.159+0000] {dagbag.py:539} INFO - Filling up the DagBag from /home/airflow/.local/lib/python3.8/site-packages/airflow/example_dags/example_sensor_decorator.py
[2023-10-06T05:56:31.164+0000] {processor.py:839} INFO - DAG(s) dict_keys(['example_sensor_decorator']) retrieved from /home/airflow/.local/lib/python3.8/site-packages/airflow/example_dags/example_sensor_decorator.py
[2023-10-06T05:56:31.179+0000] {logging_mixin.py:151} INFO - [2023-10-06T05:56:31.179+0000] {dag.py:2907} INFO - Sync 1 DAGs
[2023-10-06T05:56:31.186+0000] {logging_mixin.py:151} INFO - [2023-10-06T05:56:31.186+0000] {dag.py:3677} INFO - Setting next_dagrun for example_sensor_decorator to None, run_after=None
[2023-10-06T05:56:31.197+0000] {processor.py:179} INFO - Processing /home/airflow/.local/lib/python3.8/site-packages/airflow/example_dags/example_sensor_decorator.py took 0.042 seconds
[2023-10-06T07:21:27.467+0000] {processor.py:157} INFO - Started process (PID=93504) to work on /home/airflow/.local/lib/python3.8/site-packages/airflow/example_dags/example_sensor_decorator.py
[2023-10-06T07:21:27.467+0000] {processor.py:829} INFO - Processing file /home/airflow/.local/lib/python3.8/site-packages/airflow/example_dags/example_sensor_decorator.py for tasks to queue
[2023-10-06T07:21:27.469+0000] {logging_mixin.py:151} INFO - [2023-10-06T07:21:27.469+0000] {dagbag.py:539} INFO - Filling up the DagBag from /home/airflow/.local/lib/python3.8/site-packages/airflow/example_dags/example_sensor_decorator.py
[2023-10-06T07:21:27.474+0000] {processor.py:839} INFO - DAG(s) dict_keys(['example_sensor_decorator']) retrieved from /home/airflow/.local/lib/python3.8/site-packages/airflow/example_dags/example_sensor_decorator.py
[2023-10-06T07:21:27.490+0000] {logging_mixin.py:151} INFO - [2023-10-06T07:21:27.490+0000] {dag.py:2907} INFO - Sync 1 DAGs
[2023-10-06T07:21:27.496+0000] {logging_mixin.py:151} INFO - [2023-10-06T07:21:27.496+0000] {dag.py:3677} INFO - Setting next_dagrun for example_sensor_decorator to None, run_after=None
[2023-10-06T07:21:27.507+0000] {processor.py:179} INFO - Processing /home/airflow/.local/lib/python3.8/site-packages/airflow/example_dags/example_sensor_decorator.py took 0.042 seconds
[2023-10-06T08:42:32.837+0000] {processor.py:157} INFO - Started process (PID=93555) to work on /home/airflow/.local/lib/python3.8/site-packages/airflow/example_dags/example_sensor_decorator.py
[2023-10-06T08:42:32.839+0000] {processor.py:829} INFO - Processing file /home/airflow/.local/lib/python3.8/site-packages/airflow/example_dags/example_sensor_decorator.py for tasks to queue
[2023-10-06T08:42:32.841+0000] {logging_mixin.py:151} INFO - [2023-10-06T08:42:32.841+0000] {dagbag.py:539} INFO - Filling up the DagBag from /home/airflow/.local/lib/python3.8/site-packages/airflow/example_dags/example_sensor_decorator.py
[2023-10-06T08:42:32.845+0000] {processor.py:839} INFO - DAG(s) dict_keys(['example_sensor_decorator']) retrieved from /home/airflow/.local/lib/python3.8/site-packages/airflow/example_dags/example_sensor_decorator.py
[2023-10-06T08:42:32.857+0000] {logging_mixin.py:151} INFO - [2023-10-06T08:42:32.857+0000] {dag.py:2907} INFO - Sync 1 DAGs
[2023-10-06T08:42:32.863+0000] {logging_mixin.py:151} INFO - [2023-10-06T08:42:32.863+0000] {dag.py:3677} INFO - Setting next_dagrun for example_sensor_decorator to None, run_after=None
[2023-10-06T08:42:32.874+0000] {processor.py:179} INFO - Processing /home/airflow/.local/lib/python3.8/site-packages/airflow/example_dags/example_sensor_decorator.py took 0.039 seconds
[2023-10-06T10:05:55.578+0000] {processor.py:157} INFO - Started process (PID=93606) to work on /home/airflow/.local/lib/python3.8/site-packages/airflow/example_dags/example_sensor_decorator.py
[2023-10-06T10:05:55.581+0000] {processor.py:829} INFO - Processing file /home/airflow/.local/lib/python3.8/site-packages/airflow/example_dags/example_sensor_decorator.py for tasks to queue
[2023-10-06T10:05:55.584+0000] {logging_mixin.py:151} INFO - [2023-10-06T10:05:55.583+0000] {dagbag.py:539} INFO - Filling up the DagBag from /home/airflow/.local/lib/python3.8/site-packages/airflow/example_dags/example_sensor_decorator.py
[2023-10-06T10:05:55.590+0000] {processor.py:839} INFO - DAG(s) dict_keys(['example_sensor_decorator']) retrieved from /home/airflow/.local/lib/python3.8/site-packages/airflow/example_dags/example_sensor_decorator.py
[2023-10-06T10:05:55.625+0000] {logging_mixin.py:151} INFO - [2023-10-06T10:05:55.624+0000] {dag.py:2907} INFO - Sync 1 DAGs
[2023-10-06T10:05:55.638+0000] {logging_mixin.py:151} INFO - [2023-10-06T10:05:55.638+0000] {dag.py:3677} INFO - Setting next_dagrun for example_sensor_decorator to None, run_after=None
[2023-10-06T10:05:55.682+0000] {processor.py:179} INFO - Processing /home/airflow/.local/lib/python3.8/site-packages/airflow/example_dags/example_sensor_decorator.py took 0.107 seconds
[2023-10-06T11:25:33.610+0000] {processor.py:157} INFO - Started process (PID=93657) to work on /home/airflow/.local/lib/python3.8/site-packages/airflow/example_dags/example_sensor_decorator.py
[2023-10-06T11:25:33.621+0000] {processor.py:829} INFO - Processing file /home/airflow/.local/lib/python3.8/site-packages/airflow/example_dags/example_sensor_decorator.py for tasks to queue
[2023-10-06T11:25:33.630+0000] {logging_mixin.py:151} INFO - [2023-10-06T11:25:33.630+0000] {dagbag.py:539} INFO - Filling up the DagBag from /home/airflow/.local/lib/python3.8/site-packages/airflow/example_dags/example_sensor_decorator.py
[2023-10-06T11:25:33.656+0000] {processor.py:839} INFO - DAG(s) dict_keys(['example_sensor_decorator']) retrieved from /home/airflow/.local/lib/python3.8/site-packages/airflow/example_dags/example_sensor_decorator.py
[2023-10-06T11:25:33.696+0000] {logging_mixin.py:151} INFO - [2023-10-06T11:25:33.696+0000] {dag.py:2907} INFO - Sync 1 DAGs
[2023-10-06T11:25:33.720+0000] {logging_mixin.py:151} INFO - [2023-10-06T11:25:33.720+0000] {dag.py:3677} INFO - Setting next_dagrun for example_sensor_decorator to None, run_after=None
[2023-10-06T11:25:33.771+0000] {processor.py:179} INFO - Processing /home/airflow/.local/lib/python3.8/site-packages/airflow/example_dags/example_sensor_decorator.py took 0.167 seconds
[2023-10-06T12:28:45.945+0000] {processor.py:157} INFO - Started process (PID=93708) to work on /home/airflow/.local/lib/python3.8/site-packages/airflow/example_dags/example_sensor_decorator.py
[2023-10-06T12:28:45.946+0000] {processor.py:829} INFO - Processing file /home/airflow/.local/lib/python3.8/site-packages/airflow/example_dags/example_sensor_decorator.py for tasks to queue
[2023-10-06T12:28:45.947+0000] {logging_mixin.py:151} INFO - [2023-10-06T12:28:45.947+0000] {dagbag.py:539} INFO - Filling up the DagBag from /home/airflow/.local/lib/python3.8/site-packages/airflow/example_dags/example_sensor_decorator.py
[2023-10-06T12:28:45.951+0000] {processor.py:839} INFO - DAG(s) dict_keys(['example_sensor_decorator']) retrieved from /home/airflow/.local/lib/python3.8/site-packages/airflow/example_dags/example_sensor_decorator.py
[2023-10-06T12:28:45.968+0000] {logging_mixin.py:151} INFO - [2023-10-06T12:28:45.968+0000] {dag.py:2907} INFO - Sync 1 DAGs
[2023-10-06T12:28:45.974+0000] {logging_mixin.py:151} INFO - [2023-10-06T12:28:45.974+0000] {dag.py:3677} INFO - Setting next_dagrun for example_sensor_decorator to None, run_after=None
[2023-10-06T12:28:45.985+0000] {processor.py:179} INFO - Processing /home/airflow/.local/lib/python3.8/site-packages/airflow/example_dags/example_sensor_decorator.py took 0.043 seconds
[2023-10-06T12:38:59.474+0000] {processor.py:157} INFO - Started process (PID=93759) to work on /home/airflow/.local/lib/python3.8/site-packages/airflow/example_dags/example_sensor_decorator.py
[2023-10-06T12:38:59.475+0000] {processor.py:829} INFO - Processing file /home/airflow/.local/lib/python3.8/site-packages/airflow/example_dags/example_sensor_decorator.py for tasks to queue
[2023-10-06T12:38:59.477+0000] {logging_mixin.py:151} INFO - [2023-10-06T12:38:59.476+0000] {dagbag.py:539} INFO - Filling up the DagBag from /home/airflow/.local/lib/python3.8/site-packages/airflow/example_dags/example_sensor_decorator.py
[2023-10-06T12:38:59.480+0000] {processor.py:839} INFO - DAG(s) dict_keys(['example_sensor_decorator']) retrieved from /home/airflow/.local/lib/python3.8/site-packages/airflow/example_dags/example_sensor_decorator.py
[2023-10-06T12:38:59.492+0000] {logging_mixin.py:151} INFO - [2023-10-06T12:38:59.492+0000] {dag.py:2907} INFO - Sync 1 DAGs
[2023-10-06T12:38:59.501+0000] {logging_mixin.py:151} INFO - [2023-10-06T12:38:59.501+0000] {dag.py:3677} INFO - Setting next_dagrun for example_sensor_decorator to None, run_after=None
[2023-10-06T12:38:59.513+0000] {processor.py:179} INFO - Processing /home/airflow/.local/lib/python3.8/site-packages/airflow/example_dags/example_sensor_decorator.py took 0.041 seconds
[2023-10-06T12:54:55.038+0000] {processor.py:157} INFO - Started process (PID=93810) to work on /home/airflow/.local/lib/python3.8/site-packages/airflow/example_dags/example_sensor_decorator.py
[2023-10-06T12:54:55.039+0000] {processor.py:829} INFO - Processing file /home/airflow/.local/lib/python3.8/site-packages/airflow/example_dags/example_sensor_decorator.py for tasks to queue
[2023-10-06T12:54:55.040+0000] {logging_mixin.py:151} INFO - [2023-10-06T12:54:55.040+0000] {dagbag.py:539} INFO - Filling up the DagBag from /home/airflow/.local/lib/python3.8/site-packages/airflow/example_dags/example_sensor_decorator.py
[2023-10-06T12:54:55.044+0000] {processor.py:839} INFO - DAG(s) dict_keys(['example_sensor_decorator']) retrieved from /home/airflow/.local/lib/python3.8/site-packages/airflow/example_dags/example_sensor_decorator.py
[2023-10-06T12:54:55.060+0000] {logging_mixin.py:151} INFO - [2023-10-06T12:54:55.060+0000] {dag.py:2907} INFO - Sync 1 DAGs
[2023-10-06T12:54:55.068+0000] {logging_mixin.py:151} INFO - [2023-10-06T12:54:55.068+0000] {dag.py:3677} INFO - Setting next_dagrun for example_sensor_decorator to None, run_after=None
[2023-10-06T12:54:55.085+0000] {processor.py:179} INFO - Processing /home/airflow/.local/lib/python3.8/site-packages/airflow/example_dags/example_sensor_decorator.py took 0.049 seconds
[2023-10-06T13:46:10.902+0000] {processor.py:157} INFO - Started process (PID=93861) to work on /home/airflow/.local/lib/python3.8/site-packages/airflow/example_dags/example_sensor_decorator.py
[2023-10-06T13:46:10.903+0000] {processor.py:829} INFO - Processing file /home/airflow/.local/lib/python3.8/site-packages/airflow/example_dags/example_sensor_decorator.py for tasks to queue
[2023-10-06T13:46:10.905+0000] {logging_mixin.py:151} INFO - [2023-10-06T13:46:10.905+0000] {dagbag.py:539} INFO - Filling up the DagBag from /home/airflow/.local/lib/python3.8/site-packages/airflow/example_dags/example_sensor_decorator.py
[2023-10-06T13:46:10.909+0000] {processor.py:839} INFO - DAG(s) dict_keys(['example_sensor_decorator']) retrieved from /home/airflow/.local/lib/python3.8/site-packages/airflow/example_dags/example_sensor_decorator.py
[2023-10-06T13:46:10.921+0000] {logging_mixin.py:151} INFO - [2023-10-06T13:46:10.921+0000] {dag.py:2907} INFO - Sync 1 DAGs
[2023-10-06T13:46:10.927+0000] {logging_mixin.py:151} INFO - [2023-10-06T13:46:10.927+0000] {dag.py:3677} INFO - Setting next_dagrun for example_sensor_decorator to None, run_after=None
[2023-10-06T13:46:10.939+0000] {processor.py:179} INFO - Processing /home/airflow/.local/lib/python3.8/site-packages/airflow/example_dags/example_sensor_decorator.py took 0.039 seconds
[2023-10-06T15:22:51.420+0000] {processor.py:157} INFO - Started process (PID=93912) to work on /home/airflow/.local/lib/python3.8/site-packages/airflow/example_dags/example_sensor_decorator.py
[2023-10-06T15:22:51.421+0000] {processor.py:829} INFO - Processing file /home/airflow/.local/lib/python3.8/site-packages/airflow/example_dags/example_sensor_decorator.py for tasks to queue
[2023-10-06T15:22:51.422+0000] {logging_mixin.py:151} INFO - [2023-10-06T15:22:51.422+0000] {dagbag.py:539} INFO - Filling up the DagBag from /home/airflow/.local/lib/python3.8/site-packages/airflow/example_dags/example_sensor_decorator.py
[2023-10-06T15:22:51.426+0000] {processor.py:839} INFO - DAG(s) dict_keys(['example_sensor_decorator']) retrieved from /home/airflow/.local/lib/python3.8/site-packages/airflow/example_dags/example_sensor_decorator.py
[2023-10-06T15:22:51.436+0000] {logging_mixin.py:151} INFO - [2023-10-06T15:22:51.436+0000] {dag.py:2907} INFO - Sync 1 DAGs
[2023-10-06T15:22:51.442+0000] {logging_mixin.py:151} INFO - [2023-10-06T15:22:51.442+0000] {dag.py:3677} INFO - Setting next_dagrun for example_sensor_decorator to None, run_after=None
[2023-10-06T15:22:51.453+0000] {processor.py:179} INFO - Processing /home/airflow/.local/lib/python3.8/site-packages/airflow/example_dags/example_sensor_decorator.py took 0.035 seconds
[2023-10-06T16:45:54.623+0000] {processor.py:157} INFO - Started process (PID=93963) to work on /home/airflow/.local/lib/python3.8/site-packages/airflow/example_dags/example_sensor_decorator.py
[2023-10-06T16:45:54.625+0000] {processor.py:829} INFO - Processing file /home/airflow/.local/lib/python3.8/site-packages/airflow/example_dags/example_sensor_decorator.py for tasks to queue
[2023-10-06T16:45:54.627+0000] {logging_mixin.py:151} INFO - [2023-10-06T16:45:54.627+0000] {dagbag.py:539} INFO - Filling up the DagBag from /home/airflow/.local/lib/python3.8/site-packages/airflow/example_dags/example_sensor_decorator.py
[2023-10-06T16:45:54.632+0000] {processor.py:839} INFO - DAG(s) dict_keys(['example_sensor_decorator']) retrieved from /home/airflow/.local/lib/python3.8/site-packages/airflow/example_dags/example_sensor_decorator.py
[2023-10-06T16:45:54.652+0000] {logging_mixin.py:151} INFO - [2023-10-06T16:45:54.651+0000] {dag.py:2907} INFO - Sync 1 DAGs
[2023-10-06T16:45:54.659+0000] {logging_mixin.py:151} INFO - [2023-10-06T16:45:54.659+0000] {dag.py:3677} INFO - Setting next_dagrun for example_sensor_decorator to None, run_after=None
[2023-10-06T16:45:54.671+0000] {processor.py:179} INFO - Processing /home/airflow/.local/lib/python3.8/site-packages/airflow/example_dags/example_sensor_decorator.py took 0.052 seconds
[2023-10-06T18:26:17.809+0000] {processor.py:157} INFO - Started process (PID=94014) to work on /home/airflow/.local/lib/python3.8/site-packages/airflow/example_dags/example_sensor_decorator.py
[2023-10-06T18:26:17.817+0000] {processor.py:829} INFO - Processing file /home/airflow/.local/lib/python3.8/site-packages/airflow/example_dags/example_sensor_decorator.py for tasks to queue
[2023-10-06T18:26:17.828+0000] {logging_mixin.py:151} INFO - [2023-10-06T18:26:17.827+0000] {dagbag.py:539} INFO - Filling up the DagBag from /home/airflow/.local/lib/python3.8/site-packages/airflow/example_dags/example_sensor_decorator.py
[2023-10-06T18:26:17.846+0000] {processor.py:839} INFO - DAG(s) dict_keys(['example_sensor_decorator']) retrieved from /home/airflow/.local/lib/python3.8/site-packages/airflow/example_dags/example_sensor_decorator.py
[2023-10-06T18:26:17.876+0000] {logging_mixin.py:151} INFO - [2023-10-06T18:26:17.876+0000] {dag.py:2907} INFO - Sync 1 DAGs
[2023-10-06T18:26:17.903+0000] {logging_mixin.py:151} INFO - [2023-10-06T18:26:17.903+0000] {dag.py:3677} INFO - Setting next_dagrun for example_sensor_decorator to None, run_after=None
[2023-10-06T18:26:17.948+0000] {processor.py:179} INFO - Processing /home/airflow/.local/lib/python3.8/site-packages/airflow/example_dags/example_sensor_decorator.py took 0.154 seconds
[2023-10-06T20:02:30.618+0000] {processor.py:157} INFO - Started process (PID=94065) to work on /home/airflow/.local/lib/python3.8/site-packages/airflow/example_dags/example_sensor_decorator.py
[2023-10-06T20:02:30.619+0000] {processor.py:829} INFO - Processing file /home/airflow/.local/lib/python3.8/site-packages/airflow/example_dags/example_sensor_decorator.py for tasks to queue
[2023-10-06T20:02:30.620+0000] {logging_mixin.py:151} INFO - [2023-10-06T20:02:30.620+0000] {dagbag.py:539} INFO - Filling up the DagBag from /home/airflow/.local/lib/python3.8/site-packages/airflow/example_dags/example_sensor_decorator.py
[2023-10-06T20:02:30.624+0000] {processor.py:839} INFO - DAG(s) dict_keys(['example_sensor_decorator']) retrieved from /home/airflow/.local/lib/python3.8/site-packages/airflow/example_dags/example_sensor_decorator.py
[2023-10-06T20:02:30.634+0000] {logging_mixin.py:151} INFO - [2023-10-06T20:02:30.634+0000] {dag.py:2907} INFO - Sync 1 DAGs
[2023-10-06T20:02:30.640+0000] {logging_mixin.py:151} INFO - [2023-10-06T20:02:30.640+0000] {dag.py:3677} INFO - Setting next_dagrun for example_sensor_decorator to None, run_after=None
[2023-10-06T20:02:30.651+0000] {processor.py:179} INFO - Processing /home/airflow/.local/lib/python3.8/site-packages/airflow/example_dags/example_sensor_decorator.py took 0.035 seconds
[2023-10-06T21:27:11.653+0000] {processor.py:157} INFO - Started process (PID=94116) to work on /home/airflow/.local/lib/python3.8/site-packages/airflow/example_dags/example_sensor_decorator.py
[2023-10-06T21:27:11.654+0000] {processor.py:829} INFO - Processing file /home/airflow/.local/lib/python3.8/site-packages/airflow/example_dags/example_sensor_decorator.py for tasks to queue
[2023-10-06T21:27:11.655+0000] {logging_mixin.py:151} INFO - [2023-10-06T21:27:11.655+0000] {dagbag.py:539} INFO - Filling up the DagBag from /home/airflow/.local/lib/python3.8/site-packages/airflow/example_dags/example_sensor_decorator.py
[2023-10-06T21:27:11.659+0000] {processor.py:839} INFO - DAG(s) dict_keys(['example_sensor_decorator']) retrieved from /home/airflow/.local/lib/python3.8/site-packages/airflow/example_dags/example_sensor_decorator.py
[2023-10-06T21:27:11.671+0000] {logging_mixin.py:151} INFO - [2023-10-06T21:27:11.671+0000] {dag.py:2907} INFO - Sync 1 DAGs
[2023-10-06T21:27:11.677+0000] {logging_mixin.py:151} INFO - [2023-10-06T21:27:11.677+0000] {dag.py:3677} INFO - Setting next_dagrun for example_sensor_decorator to None, run_after=None
[2023-10-06T21:27:11.688+0000] {processor.py:179} INFO - Processing /home/airflow/.local/lib/python3.8/site-packages/airflow/example_dags/example_sensor_decorator.py took 0.037 seconds
[2023-10-06T23:05:02.999+0000] {processor.py:157} INFO - Started process (PID=94167) to work on /home/airflow/.local/lib/python3.8/site-packages/airflow/example_dags/example_sensor_decorator.py
[2023-10-06T23:05:03.000+0000] {processor.py:829} INFO - Processing file /home/airflow/.local/lib/python3.8/site-packages/airflow/example_dags/example_sensor_decorator.py for tasks to queue
[2023-10-06T23:05:03.001+0000] {logging_mixin.py:151} INFO - [2023-10-06T23:05:03.001+0000] {dagbag.py:539} INFO - Filling up the DagBag from /home/airflow/.local/lib/python3.8/site-packages/airflow/example_dags/example_sensor_decorator.py
[2023-10-06T23:05:03.005+0000] {processor.py:839} INFO - DAG(s) dict_keys(['example_sensor_decorator']) retrieved from /home/airflow/.local/lib/python3.8/site-packages/airflow/example_dags/example_sensor_decorator.py
[2023-10-06T23:05:03.017+0000] {logging_mixin.py:151} INFO - [2023-10-06T23:05:03.017+0000] {dag.py:2907} INFO - Sync 1 DAGs
[2023-10-06T23:05:03.023+0000] {logging_mixin.py:151} INFO - [2023-10-06T23:05:03.023+0000] {dag.py:3677} INFO - Setting next_dagrun for example_sensor_decorator to None, run_after=None
[2023-10-06T23:05:03.037+0000] {processor.py:179} INFO - Processing /home/airflow/.local/lib/python3.8/site-packages/airflow/example_dags/example_sensor_decorator.py took 0.040 seconds
