[2023-10-06T00:01:34.181+0000] {processor.py:157} INFO - Started process (PID=91181) to work on /home/airflow/.local/lib/python3.8/site-packages/airflow/example_dags/example_latest_only_with_trigger.py
[2023-10-06T00:01:34.182+0000] {processor.py:829} INFO - Processing file /home/airflow/.local/lib/python3.8/site-packages/airflow/example_dags/example_latest_only_with_trigger.py for tasks to queue
[2023-10-06T00:01:34.183+0000] {logging_mixin.py:151} INFO - [2023-10-06T00:01:34.183+0000] {dagbag.py:539} INFO - Filling up the DagBag from /home/airflow/.local/lib/python3.8/site-packages/airflow/example_dags/example_latest_only_with_trigger.py
[2023-10-06T00:01:34.186+0000] {processor.py:839} INFO - DAG(s) dict_keys(['latest_only_with_trigger']) retrieved from /home/airflow/.local/lib/python3.8/site-packages/airflow/example_dags/example_latest_only_with_trigger.py
[2023-10-06T00:01:34.202+0000] {logging_mixin.py:151} INFO - [2023-10-06T00:01:34.202+0000] {dag.py:2907} INFO - Sync 1 DAGs
[2023-10-06T00:01:34.214+0000] {logging_mixin.py:151} INFO - [2023-10-06T00:01:34.214+0000] {dag.py:3677} INFO - Setting next_dagrun for latest_only_with_trigger to 2023-10-05T20:01:34.214617+00:00, run_after=2023-10-06T00:01:34.214617+00:00
[2023-10-06T00:01:34.227+0000] {processor.py:179} INFO - Processing /home/airflow/.local/lib/python3.8/site-packages/airflow/example_dags/example_latest_only_with_trigger.py took 0.048 seconds
[2023-10-06T00:02:04.979+0000] {processor.py:157} INFO - Started process (PID=91232) to work on /home/airflow/.local/lib/python3.8/site-packages/airflow/example_dags/example_latest_only_with_trigger.py
[2023-10-06T00:02:04.980+0000] {processor.py:829} INFO - Processing file /home/airflow/.local/lib/python3.8/site-packages/airflow/example_dags/example_latest_only_with_trigger.py for tasks to queue
[2023-10-06T00:02:04.981+0000] {logging_mixin.py:151} INFO - [2023-10-06T00:02:04.981+0000] {dagbag.py:539} INFO - Filling up the DagBag from /home/airflow/.local/lib/python3.8/site-packages/airflow/example_dags/example_latest_only_with_trigger.py
[2023-10-06T00:02:04.984+0000] {processor.py:839} INFO - DAG(s) dict_keys(['latest_only_with_trigger']) retrieved from /home/airflow/.local/lib/python3.8/site-packages/airflow/example_dags/example_latest_only_with_trigger.py
[2023-10-06T00:02:04.996+0000] {logging_mixin.py:151} INFO - [2023-10-06T00:02:04.996+0000] {dag.py:2907} INFO - Sync 1 DAGs
[2023-10-06T00:02:05.006+0000] {logging_mixin.py:151} INFO - [2023-10-06T00:02:05.006+0000] {dag.py:3677} INFO - Setting next_dagrun for latest_only_with_trigger to 2023-10-05T20:02:05.005915+00:00, run_after=2023-10-06T00:02:05.005915+00:00
[2023-10-06T00:02:05.017+0000] {processor.py:179} INFO - Processing /home/airflow/.local/lib/python3.8/site-packages/airflow/example_dags/example_latest_only_with_trigger.py took 0.040 seconds
[2023-10-06T00:02:35.513+0000] {processor.py:157} INFO - Started process (PID=91283) to work on /home/airflow/.local/lib/python3.8/site-packages/airflow/example_dags/example_latest_only_with_trigger.py
[2023-10-06T00:02:35.513+0000] {processor.py:829} INFO - Processing file /home/airflow/.local/lib/python3.8/site-packages/airflow/example_dags/example_latest_only_with_trigger.py for tasks to queue
[2023-10-06T00:02:35.515+0000] {logging_mixin.py:151} INFO - [2023-10-06T00:02:35.514+0000] {dagbag.py:539} INFO - Filling up the DagBag from /home/airflow/.local/lib/python3.8/site-packages/airflow/example_dags/example_latest_only_with_trigger.py
[2023-10-06T00:02:35.518+0000] {processor.py:839} INFO - DAG(s) dict_keys(['latest_only_with_trigger']) retrieved from /home/airflow/.local/lib/python3.8/site-packages/airflow/example_dags/example_latest_only_with_trigger.py
[2023-10-06T00:02:35.531+0000] {logging_mixin.py:151} INFO - [2023-10-06T00:02:35.531+0000] {dag.py:2907} INFO - Sync 1 DAGs
[2023-10-06T00:02:35.541+0000] {logging_mixin.py:151} INFO - [2023-10-06T00:02:35.541+0000] {dag.py:3677} INFO - Setting next_dagrun for latest_only_with_trigger to 2023-10-05T20:02:35.541359+00:00, run_after=2023-10-06T00:02:35.541359+00:00
[2023-10-06T00:02:35.553+0000] {processor.py:179} INFO - Processing /home/airflow/.local/lib/python3.8/site-packages/airflow/example_dags/example_latest_only_with_trigger.py took 0.042 seconds
[2023-10-06T00:03:05.943+0000] {processor.py:157} INFO - Started process (PID=91334) to work on /home/airflow/.local/lib/python3.8/site-packages/airflow/example_dags/example_latest_only_with_trigger.py
[2023-10-06T00:03:05.944+0000] {processor.py:829} INFO - Processing file /home/airflow/.local/lib/python3.8/site-packages/airflow/example_dags/example_latest_only_with_trigger.py for tasks to queue
[2023-10-06T00:03:05.945+0000] {logging_mixin.py:151} INFO - [2023-10-06T00:03:05.945+0000] {dagbag.py:539} INFO - Filling up the DagBag from /home/airflow/.local/lib/python3.8/site-packages/airflow/example_dags/example_latest_only_with_trigger.py
[2023-10-06T00:03:05.949+0000] {processor.py:839} INFO - DAG(s) dict_keys(['latest_only_with_trigger']) retrieved from /home/airflow/.local/lib/python3.8/site-packages/airflow/example_dags/example_latest_only_with_trigger.py
[2023-10-06T00:03:05.965+0000] {logging_mixin.py:151} INFO - [2023-10-06T00:03:05.965+0000] {dag.py:2907} INFO - Sync 1 DAGs
[2023-10-06T00:03:05.976+0000] {logging_mixin.py:151} INFO - [2023-10-06T00:03:05.975+0000] {dag.py:3677} INFO - Setting next_dagrun for latest_only_with_trigger to 2023-10-05T20:03:05.975752+00:00, run_after=2023-10-06T00:03:05.975752+00:00
[2023-10-06T00:03:05.987+0000] {processor.py:179} INFO - Processing /home/airflow/.local/lib/python3.8/site-packages/airflow/example_dags/example_latest_only_with_trigger.py took 0.046 seconds
[2023-10-06T00:03:36.317+0000] {processor.py:157} INFO - Started process (PID=91385) to work on /home/airflow/.local/lib/python3.8/site-packages/airflow/example_dags/example_latest_only_with_trigger.py
[2023-10-06T00:03:36.317+0000] {processor.py:829} INFO - Processing file /home/airflow/.local/lib/python3.8/site-packages/airflow/example_dags/example_latest_only_with_trigger.py for tasks to queue
[2023-10-06T00:03:36.319+0000] {logging_mixin.py:151} INFO - [2023-10-06T00:03:36.318+0000] {dagbag.py:539} INFO - Filling up the DagBag from /home/airflow/.local/lib/python3.8/site-packages/airflow/example_dags/example_latest_only_with_trigger.py
[2023-10-06T00:03:36.322+0000] {processor.py:839} INFO - DAG(s) dict_keys(['latest_only_with_trigger']) retrieved from /home/airflow/.local/lib/python3.8/site-packages/airflow/example_dags/example_latest_only_with_trigger.py
[2023-10-06T00:03:36.335+0000] {logging_mixin.py:151} INFO - [2023-10-06T00:03:36.335+0000] {dag.py:2907} INFO - Sync 1 DAGs
[2023-10-06T00:03:36.345+0000] {logging_mixin.py:151} INFO - [2023-10-06T00:03:36.345+0000] {dag.py:3677} INFO - Setting next_dagrun for latest_only_with_trigger to 2023-10-05T20:03:36.345668+00:00, run_after=2023-10-06T00:03:36.345668+00:00
[2023-10-06T00:03:36.356+0000] {processor.py:179} INFO - Processing /home/airflow/.local/lib/python3.8/site-packages/airflow/example_dags/example_latest_only_with_trigger.py took 0.041 seconds
[2023-10-06T00:04:06.931+0000] {processor.py:157} INFO - Started process (PID=91436) to work on /home/airflow/.local/lib/python3.8/site-packages/airflow/example_dags/example_latest_only_with_trigger.py
[2023-10-06T00:04:06.932+0000] {processor.py:829} INFO - Processing file /home/airflow/.local/lib/python3.8/site-packages/airflow/example_dags/example_latest_only_with_trigger.py for tasks to queue
[2023-10-06T00:04:06.934+0000] {logging_mixin.py:151} INFO - [2023-10-06T00:04:06.933+0000] {dagbag.py:539} INFO - Filling up the DagBag from /home/airflow/.local/lib/python3.8/site-packages/airflow/example_dags/example_latest_only_with_trigger.py
[2023-10-06T00:04:06.937+0000] {processor.py:839} INFO - DAG(s) dict_keys(['latest_only_with_trigger']) retrieved from /home/airflow/.local/lib/python3.8/site-packages/airflow/example_dags/example_latest_only_with_trigger.py
[2023-10-06T00:04:06.950+0000] {logging_mixin.py:151} INFO - [2023-10-06T00:04:06.949+0000] {dag.py:2907} INFO - Sync 1 DAGs
[2023-10-06T00:04:06.960+0000] {logging_mixin.py:151} INFO - [2023-10-06T00:04:06.960+0000] {dag.py:3677} INFO - Setting next_dagrun for latest_only_with_trigger to 2023-10-05T20:04:06.960604+00:00, run_after=2023-10-06T00:04:06.960604+00:00
[2023-10-06T00:04:06.971+0000] {processor.py:179} INFO - Processing /home/airflow/.local/lib/python3.8/site-packages/airflow/example_dags/example_latest_only_with_trigger.py took 0.042 seconds
[2023-10-06T00:04:37.146+0000] {processor.py:157} INFO - Started process (PID=91487) to work on /home/airflow/.local/lib/python3.8/site-packages/airflow/example_dags/example_latest_only_with_trigger.py
[2023-10-06T00:04:37.147+0000] {processor.py:829} INFO - Processing file /home/airflow/.local/lib/python3.8/site-packages/airflow/example_dags/example_latest_only_with_trigger.py for tasks to queue
[2023-10-06T00:04:37.148+0000] {logging_mixin.py:151} INFO - [2023-10-06T00:04:37.148+0000] {dagbag.py:539} INFO - Filling up the DagBag from /home/airflow/.local/lib/python3.8/site-packages/airflow/example_dags/example_latest_only_with_trigger.py
[2023-10-06T00:04:37.151+0000] {processor.py:839} INFO - DAG(s) dict_keys(['latest_only_with_trigger']) retrieved from /home/airflow/.local/lib/python3.8/site-packages/airflow/example_dags/example_latest_only_with_trigger.py
[2023-10-06T00:04:37.165+0000] {logging_mixin.py:151} INFO - [2023-10-06T00:04:37.164+0000] {dag.py:2907} INFO - Sync 1 DAGs
[2023-10-06T00:04:37.175+0000] {logging_mixin.py:151} INFO - [2023-10-06T00:04:37.175+0000] {dag.py:3677} INFO - Setting next_dagrun for latest_only_with_trigger to 2023-10-05T20:04:37.175469+00:00, run_after=2023-10-06T00:04:37.175469+00:00
[2023-10-06T00:04:37.187+0000] {processor.py:179} INFO - Processing /home/airflow/.local/lib/python3.8/site-packages/airflow/example_dags/example_latest_only_with_trigger.py took 0.043 seconds
[2023-10-06T00:05:08.508+0000] {processor.py:157} INFO - Started process (PID=91538) to work on /home/airflow/.local/lib/python3.8/site-packages/airflow/example_dags/example_latest_only_with_trigger.py
[2023-10-06T00:05:08.508+0000] {processor.py:829} INFO - Processing file /home/airflow/.local/lib/python3.8/site-packages/airflow/example_dags/example_latest_only_with_trigger.py for tasks to queue
[2023-10-06T00:05:08.509+0000] {logging_mixin.py:151} INFO - [2023-10-06T00:05:08.509+0000] {dagbag.py:539} INFO - Filling up the DagBag from /home/airflow/.local/lib/python3.8/site-packages/airflow/example_dags/example_latest_only_with_trigger.py
[2023-10-06T00:05:08.512+0000] {processor.py:839} INFO - DAG(s) dict_keys(['latest_only_with_trigger']) retrieved from /home/airflow/.local/lib/python3.8/site-packages/airflow/example_dags/example_latest_only_with_trigger.py
[2023-10-06T00:05:08.525+0000] {logging_mixin.py:151} INFO - [2023-10-06T00:05:08.525+0000] {dag.py:2907} INFO - Sync 1 DAGs
[2023-10-06T00:05:08.536+0000] {logging_mixin.py:151} INFO - [2023-10-06T00:05:08.536+0000] {dag.py:3677} INFO - Setting next_dagrun for latest_only_with_trigger to 2023-10-05T20:05:08.536039+00:00, run_after=2023-10-06T00:05:08.536039+00:00
[2023-10-06T00:05:08.546+0000] {processor.py:179} INFO - Processing /home/airflow/.local/lib/python3.8/site-packages/airflow/example_dags/example_latest_only_with_trigger.py took 0.040 seconds
[2023-10-06T00:05:38.936+0000] {processor.py:157} INFO - Started process (PID=91589) to work on /home/airflow/.local/lib/python3.8/site-packages/airflow/example_dags/example_latest_only_with_trigger.py
[2023-10-06T00:05:38.936+0000] {processor.py:829} INFO - Processing file /home/airflow/.local/lib/python3.8/site-packages/airflow/example_dags/example_latest_only_with_trigger.py for tasks to queue
[2023-10-06T00:05:38.937+0000] {logging_mixin.py:151} INFO - [2023-10-06T00:05:38.937+0000] {dagbag.py:539} INFO - Filling up the DagBag from /home/airflow/.local/lib/python3.8/site-packages/airflow/example_dags/example_latest_only_with_trigger.py
[2023-10-06T00:05:38.941+0000] {processor.py:839} INFO - DAG(s) dict_keys(['latest_only_with_trigger']) retrieved from /home/airflow/.local/lib/python3.8/site-packages/airflow/example_dags/example_latest_only_with_trigger.py
[2023-10-06T00:05:38.953+0000] {logging_mixin.py:151} INFO - [2023-10-06T00:05:38.953+0000] {dag.py:2907} INFO - Sync 1 DAGs
[2023-10-06T00:05:38.963+0000] {logging_mixin.py:151} INFO - [2023-10-06T00:05:38.963+0000] {dag.py:3677} INFO - Setting next_dagrun for latest_only_with_trigger to 2023-10-05T20:05:38.963156+00:00, run_after=2023-10-06T00:05:38.963156+00:00
[2023-10-06T00:05:38.974+0000] {processor.py:179} INFO - Processing /home/airflow/.local/lib/python3.8/site-packages/airflow/example_dags/example_latest_only_with_trigger.py took 0.040 seconds
[2023-10-06T00:06:09.321+0000] {processor.py:157} INFO - Started process (PID=91640) to work on /home/airflow/.local/lib/python3.8/site-packages/airflow/example_dags/example_latest_only_with_trigger.py
[2023-10-06T00:06:09.322+0000] {processor.py:829} INFO - Processing file /home/airflow/.local/lib/python3.8/site-packages/airflow/example_dags/example_latest_only_with_trigger.py for tasks to queue
[2023-10-06T00:06:09.323+0000] {logging_mixin.py:151} INFO - [2023-10-06T00:06:09.323+0000] {dagbag.py:539} INFO - Filling up the DagBag from /home/airflow/.local/lib/python3.8/site-packages/airflow/example_dags/example_latest_only_with_trigger.py
[2023-10-06T00:06:09.327+0000] {processor.py:839} INFO - DAG(s) dict_keys(['latest_only_with_trigger']) retrieved from /home/airflow/.local/lib/python3.8/site-packages/airflow/example_dags/example_latest_only_with_trigger.py
[2023-10-06T00:06:09.339+0000] {logging_mixin.py:151} INFO - [2023-10-06T00:06:09.339+0000] {dag.py:2907} INFO - Sync 1 DAGs
[2023-10-06T00:06:09.350+0000] {logging_mixin.py:151} INFO - [2023-10-06T00:06:09.350+0000] {dag.py:3677} INFO - Setting next_dagrun for latest_only_with_trigger to 2023-10-05T20:06:09.349821+00:00, run_after=2023-10-06T00:06:09.349821+00:00
[2023-10-06T00:06:09.361+0000] {processor.py:179} INFO - Processing /home/airflow/.local/lib/python3.8/site-packages/airflow/example_dags/example_latest_only_with_trigger.py took 0.042 seconds
[2023-10-06T00:06:39.711+0000] {processor.py:157} INFO - Started process (PID=91691) to work on /home/airflow/.local/lib/python3.8/site-packages/airflow/example_dags/example_latest_only_with_trigger.py
[2023-10-06T00:06:39.712+0000] {processor.py:829} INFO - Processing file /home/airflow/.local/lib/python3.8/site-packages/airflow/example_dags/example_latest_only_with_trigger.py for tasks to queue
[2023-10-06T00:06:39.713+0000] {logging_mixin.py:151} INFO - [2023-10-06T00:06:39.713+0000] {dagbag.py:539} INFO - Filling up the DagBag from /home/airflow/.local/lib/python3.8/site-packages/airflow/example_dags/example_latest_only_with_trigger.py
[2023-10-06T00:06:39.717+0000] {processor.py:839} INFO - DAG(s) dict_keys(['latest_only_with_trigger']) retrieved from /home/airflow/.local/lib/python3.8/site-packages/airflow/example_dags/example_latest_only_with_trigger.py
[2023-10-06T00:06:39.729+0000] {logging_mixin.py:151} INFO - [2023-10-06T00:06:39.729+0000] {dag.py:2907} INFO - Sync 1 DAGs
[2023-10-06T00:06:39.740+0000] {logging_mixin.py:151} INFO - [2023-10-06T00:06:39.740+0000] {dag.py:3677} INFO - Setting next_dagrun for latest_only_with_trigger to 2023-10-05T20:06:39.739961+00:00, run_after=2023-10-06T00:06:39.739961+00:00
[2023-10-06T00:06:39.751+0000] {processor.py:179} INFO - Processing /home/airflow/.local/lib/python3.8/site-packages/airflow/example_dags/example_latest_only_with_trigger.py took 0.041 seconds
[2023-10-06T00:07:11.066+0000] {processor.py:157} INFO - Started process (PID=91742) to work on /home/airflow/.local/lib/python3.8/site-packages/airflow/example_dags/example_latest_only_with_trigger.py
[2023-10-06T00:07:11.073+0000] {processor.py:829} INFO - Processing file /home/airflow/.local/lib/python3.8/site-packages/airflow/example_dags/example_latest_only_with_trigger.py for tasks to queue
[2023-10-06T00:07:11.075+0000] {logging_mixin.py:151} INFO - [2023-10-06T00:07:11.075+0000] {dagbag.py:539} INFO - Filling up the DagBag from /home/airflow/.local/lib/python3.8/site-packages/airflow/example_dags/example_latest_only_with_trigger.py
[2023-10-06T00:07:11.082+0000] {processor.py:839} INFO - DAG(s) dict_keys(['latest_only_with_trigger']) retrieved from /home/airflow/.local/lib/python3.8/site-packages/airflow/example_dags/example_latest_only_with_trigger.py
[2023-10-06T00:07:11.095+0000] {logging_mixin.py:151} INFO - [2023-10-06T00:07:11.095+0000] {dag.py:2907} INFO - Sync 1 DAGs
[2023-10-06T00:07:11.107+0000] {logging_mixin.py:151} INFO - [2023-10-06T00:07:11.107+0000] {dag.py:3677} INFO - Setting next_dagrun for latest_only_with_trigger to 2023-10-05T20:07:11.107522+00:00, run_after=2023-10-06T00:07:11.107522+00:00
[2023-10-06T00:07:11.118+0000] {processor.py:179} INFO - Processing /home/airflow/.local/lib/python3.8/site-packages/airflow/example_dags/example_latest_only_with_trigger.py took 0.054 seconds
[2023-10-06T00:07:41.922+0000] {processor.py:157} INFO - Started process (PID=91793) to work on /home/airflow/.local/lib/python3.8/site-packages/airflow/example_dags/example_latest_only_with_trigger.py
[2023-10-06T00:07:41.922+0000] {processor.py:829} INFO - Processing file /home/airflow/.local/lib/python3.8/site-packages/airflow/example_dags/example_latest_only_with_trigger.py for tasks to queue
[2023-10-06T00:07:41.923+0000] {logging_mixin.py:151} INFO - [2023-10-06T00:07:41.923+0000] {dagbag.py:539} INFO - Filling up the DagBag from /home/airflow/.local/lib/python3.8/site-packages/airflow/example_dags/example_latest_only_with_trigger.py
[2023-10-06T00:07:41.927+0000] {processor.py:839} INFO - DAG(s) dict_keys(['latest_only_with_trigger']) retrieved from /home/airflow/.local/lib/python3.8/site-packages/airflow/example_dags/example_latest_only_with_trigger.py
[2023-10-06T00:07:41.939+0000] {logging_mixin.py:151} INFO - [2023-10-06T00:07:41.938+0000] {dag.py:2907} INFO - Sync 1 DAGs
[2023-10-06T00:07:41.949+0000] {logging_mixin.py:151} INFO - [2023-10-06T00:07:41.949+0000] {dag.py:3677} INFO - Setting next_dagrun for latest_only_with_trigger to 2023-10-05T20:07:41.949476+00:00, run_after=2023-10-06T00:07:41.949476+00:00
[2023-10-06T00:07:41.960+0000] {processor.py:179} INFO - Processing /home/airflow/.local/lib/python3.8/site-packages/airflow/example_dags/example_latest_only_with_trigger.py took 0.041 seconds
[2023-10-06T00:08:12.524+0000] {processor.py:157} INFO - Started process (PID=91844) to work on /home/airflow/.local/lib/python3.8/site-packages/airflow/example_dags/example_latest_only_with_trigger.py
[2023-10-06T00:08:12.524+0000] {processor.py:829} INFO - Processing file /home/airflow/.local/lib/python3.8/site-packages/airflow/example_dags/example_latest_only_with_trigger.py for tasks to queue
[2023-10-06T00:08:12.526+0000] {logging_mixin.py:151} INFO - [2023-10-06T00:08:12.525+0000] {dagbag.py:539} INFO - Filling up the DagBag from /home/airflow/.local/lib/python3.8/site-packages/airflow/example_dags/example_latest_only_with_trigger.py
[2023-10-06T00:08:12.529+0000] {processor.py:839} INFO - DAG(s) dict_keys(['latest_only_with_trigger']) retrieved from /home/airflow/.local/lib/python3.8/site-packages/airflow/example_dags/example_latest_only_with_trigger.py
[2023-10-06T00:08:12.542+0000] {logging_mixin.py:151} INFO - [2023-10-06T00:08:12.542+0000] {dag.py:2907} INFO - Sync 1 DAGs
[2023-10-06T00:08:12.553+0000] {logging_mixin.py:151} INFO - [2023-10-06T00:08:12.553+0000] {dag.py:3677} INFO - Setting next_dagrun for latest_only_with_trigger to 2023-10-05T20:08:12.553399+00:00, run_after=2023-10-06T00:08:12.553399+00:00
[2023-10-06T00:08:12.564+0000] {processor.py:179} INFO - Processing /home/airflow/.local/lib/python3.8/site-packages/airflow/example_dags/example_latest_only_with_trigger.py took 0.043 seconds
[2023-10-06T00:08:43.249+0000] {processor.py:157} INFO - Started process (PID=91895) to work on /home/airflow/.local/lib/python3.8/site-packages/airflow/example_dags/example_latest_only_with_trigger.py
[2023-10-06T00:08:43.249+0000] {processor.py:829} INFO - Processing file /home/airflow/.local/lib/python3.8/site-packages/airflow/example_dags/example_latest_only_with_trigger.py for tasks to queue
[2023-10-06T00:08:43.250+0000] {logging_mixin.py:151} INFO - [2023-10-06T00:08:43.250+0000] {dagbag.py:539} INFO - Filling up the DagBag from /home/airflow/.local/lib/python3.8/site-packages/airflow/example_dags/example_latest_only_with_trigger.py
[2023-10-06T00:08:43.254+0000] {processor.py:839} INFO - DAG(s) dict_keys(['latest_only_with_trigger']) retrieved from /home/airflow/.local/lib/python3.8/site-packages/airflow/example_dags/example_latest_only_with_trigger.py
[2023-10-06T00:08:43.268+0000] {logging_mixin.py:151} INFO - [2023-10-06T00:08:43.268+0000] {dag.py:2907} INFO - Sync 1 DAGs
[2023-10-06T00:08:43.279+0000] {logging_mixin.py:151} INFO - [2023-10-06T00:08:43.279+0000] {dag.py:3677} INFO - Setting next_dagrun for latest_only_with_trigger to 2023-10-05T20:08:43.279384+00:00, run_after=2023-10-06T00:08:43.279384+00:00
[2023-10-06T00:08:43.291+0000] {processor.py:179} INFO - Processing /home/airflow/.local/lib/python3.8/site-packages/airflow/example_dags/example_latest_only_with_trigger.py took 0.044 seconds
[2023-10-06T00:09:13.979+0000] {processor.py:157} INFO - Started process (PID=91946) to work on /home/airflow/.local/lib/python3.8/site-packages/airflow/example_dags/example_latest_only_with_trigger.py
[2023-10-06T00:09:13.980+0000] {processor.py:829} INFO - Processing file /home/airflow/.local/lib/python3.8/site-packages/airflow/example_dags/example_latest_only_with_trigger.py for tasks to queue
[2023-10-06T00:09:13.981+0000] {logging_mixin.py:151} INFO - [2023-10-06T00:09:13.981+0000] {dagbag.py:539} INFO - Filling up the DagBag from /home/airflow/.local/lib/python3.8/site-packages/airflow/example_dags/example_latest_only_with_trigger.py
[2023-10-06T00:09:13.984+0000] {processor.py:839} INFO - DAG(s) dict_keys(['latest_only_with_trigger']) retrieved from /home/airflow/.local/lib/python3.8/site-packages/airflow/example_dags/example_latest_only_with_trigger.py
[2023-10-06T00:09:13.998+0000] {logging_mixin.py:151} INFO - [2023-10-06T00:09:13.997+0000] {dag.py:2907} INFO - Sync 1 DAGs
[2023-10-06T00:09:14.009+0000] {logging_mixin.py:151} INFO - [2023-10-06T00:09:14.009+0000] {dag.py:3677} INFO - Setting next_dagrun for latest_only_with_trigger to 2023-10-05T20:09:14.009051+00:00, run_after=2023-10-06T00:09:14.009051+00:00
[2023-10-06T00:09:14.020+0000] {processor.py:179} INFO - Processing /home/airflow/.local/lib/python3.8/site-packages/airflow/example_dags/example_latest_only_with_trigger.py took 0.043 seconds
[2023-10-06T00:09:44.545+0000] {processor.py:157} INFO - Started process (PID=91997) to work on /home/airflow/.local/lib/python3.8/site-packages/airflow/example_dags/example_latest_only_with_trigger.py
[2023-10-06T00:09:44.545+0000] {processor.py:829} INFO - Processing file /home/airflow/.local/lib/python3.8/site-packages/airflow/example_dags/example_latest_only_with_trigger.py for tasks to queue
[2023-10-06T00:09:44.547+0000] {logging_mixin.py:151} INFO - [2023-10-06T00:09:44.546+0000] {dagbag.py:539} INFO - Filling up the DagBag from /home/airflow/.local/lib/python3.8/site-packages/airflow/example_dags/example_latest_only_with_trigger.py
[2023-10-06T00:09:44.550+0000] {processor.py:839} INFO - DAG(s) dict_keys(['latest_only_with_trigger']) retrieved from /home/airflow/.local/lib/python3.8/site-packages/airflow/example_dags/example_latest_only_with_trigger.py
[2023-10-06T00:09:44.562+0000] {logging_mixin.py:151} INFO - [2023-10-06T00:09:44.562+0000] {dag.py:2907} INFO - Sync 1 DAGs
[2023-10-06T00:09:44.574+0000] {logging_mixin.py:151} INFO - [2023-10-06T00:09:44.574+0000] {dag.py:3677} INFO - Setting next_dagrun for latest_only_with_trigger to 2023-10-05T20:09:44.574377+00:00, run_after=2023-10-06T00:09:44.574377+00:00
[2023-10-06T00:09:44.584+0000] {processor.py:179} INFO - Processing /home/airflow/.local/lib/python3.8/site-packages/airflow/example_dags/example_latest_only_with_trigger.py took 0.041 seconds
[2023-10-06T00:10:14.723+0000] {processor.py:157} INFO - Started process (PID=92048) to work on /home/airflow/.local/lib/python3.8/site-packages/airflow/example_dags/example_latest_only_with_trigger.py
[2023-10-06T00:10:14.724+0000] {processor.py:829} INFO - Processing file /home/airflow/.local/lib/python3.8/site-packages/airflow/example_dags/example_latest_only_with_trigger.py for tasks to queue
[2023-10-06T00:10:14.725+0000] {logging_mixin.py:151} INFO - [2023-10-06T00:10:14.725+0000] {dagbag.py:539} INFO - Filling up the DagBag from /home/airflow/.local/lib/python3.8/site-packages/airflow/example_dags/example_latest_only_with_trigger.py
[2023-10-06T00:10:14.728+0000] {processor.py:839} INFO - DAG(s) dict_keys(['latest_only_with_trigger']) retrieved from /home/airflow/.local/lib/python3.8/site-packages/airflow/example_dags/example_latest_only_with_trigger.py
[2023-10-06T00:10:14.741+0000] {logging_mixin.py:151} INFO - [2023-10-06T00:10:14.741+0000] {dag.py:2907} INFO - Sync 1 DAGs
[2023-10-06T00:10:14.752+0000] {logging_mixin.py:151} INFO - [2023-10-06T00:10:14.752+0000] {dag.py:3677} INFO - Setting next_dagrun for latest_only_with_trigger to 2023-10-05T20:10:14.752104+00:00, run_after=2023-10-06T00:10:14.752104+00:00
[2023-10-06T00:10:14.762+0000] {processor.py:179} INFO - Processing /home/airflow/.local/lib/python3.8/site-packages/airflow/example_dags/example_latest_only_with_trigger.py took 0.041 seconds
[2023-10-06T00:10:45.236+0000] {processor.py:157} INFO - Started process (PID=92099) to work on /home/airflow/.local/lib/python3.8/site-packages/airflow/example_dags/example_latest_only_with_trigger.py
[2023-10-06T00:10:45.236+0000] {processor.py:829} INFO - Processing file /home/airflow/.local/lib/python3.8/site-packages/airflow/example_dags/example_latest_only_with_trigger.py for tasks to queue
[2023-10-06T00:10:45.238+0000] {logging_mixin.py:151} INFO - [2023-10-06T00:10:45.237+0000] {dagbag.py:539} INFO - Filling up the DagBag from /home/airflow/.local/lib/python3.8/site-packages/airflow/example_dags/example_latest_only_with_trigger.py
[2023-10-06T00:10:45.241+0000] {processor.py:839} INFO - DAG(s) dict_keys(['latest_only_with_trigger']) retrieved from /home/airflow/.local/lib/python3.8/site-packages/airflow/example_dags/example_latest_only_with_trigger.py
[2023-10-06T00:10:45.255+0000] {logging_mixin.py:151} INFO - [2023-10-06T00:10:45.255+0000] {dag.py:2907} INFO - Sync 1 DAGs
[2023-10-06T00:10:45.277+0000] {logging_mixin.py:151} INFO - [2023-10-06T00:10:45.277+0000] {dag.py:3677} INFO - Setting next_dagrun for latest_only_with_trigger to 2023-10-05T20:10:45.277482+00:00, run_after=2023-10-06T00:10:45.277482+00:00
[2023-10-06T00:10:45.288+0000] {processor.py:179} INFO - Processing /home/airflow/.local/lib/python3.8/site-packages/airflow/example_dags/example_latest_only_with_trigger.py took 0.054 seconds
[2023-10-06T00:11:15.415+0000] {processor.py:157} INFO - Started process (PID=92150) to work on /home/airflow/.local/lib/python3.8/site-packages/airflow/example_dags/example_latest_only_with_trigger.py
[2023-10-06T00:11:15.415+0000] {processor.py:829} INFO - Processing file /home/airflow/.local/lib/python3.8/site-packages/airflow/example_dags/example_latest_only_with_trigger.py for tasks to queue
[2023-10-06T00:11:15.416+0000] {logging_mixin.py:151} INFO - [2023-10-06T00:11:15.416+0000] {dagbag.py:539} INFO - Filling up the DagBag from /home/airflow/.local/lib/python3.8/site-packages/airflow/example_dags/example_latest_only_with_trigger.py
[2023-10-06T00:11:15.420+0000] {processor.py:839} INFO - DAG(s) dict_keys(['latest_only_with_trigger']) retrieved from /home/airflow/.local/lib/python3.8/site-packages/airflow/example_dags/example_latest_only_with_trigger.py
[2023-10-06T00:11:15.470+0000] {logging_mixin.py:151} INFO - [2023-10-06T00:11:15.470+0000] {dag.py:2907} INFO - Sync 1 DAGs
[2023-10-06T00:11:15.481+0000] {logging_mixin.py:151} INFO - [2023-10-06T00:11:15.481+0000] {dag.py:3677} INFO - Setting next_dagrun for latest_only_with_trigger to 2023-10-05T20:11:15.481654+00:00, run_after=2023-10-06T00:11:15.481654+00:00
[2023-10-06T00:11:15.492+0000] {processor.py:179} INFO - Processing /home/airflow/.local/lib/python3.8/site-packages/airflow/example_dags/example_latest_only_with_trigger.py took 0.079 seconds
[2023-10-06T00:11:46.101+0000] {processor.py:157} INFO - Started process (PID=92201) to work on /home/airflow/.local/lib/python3.8/site-packages/airflow/example_dags/example_latest_only_with_trigger.py
[2023-10-06T00:11:46.102+0000] {processor.py:829} INFO - Processing file /home/airflow/.local/lib/python3.8/site-packages/airflow/example_dags/example_latest_only_with_trigger.py for tasks to queue
[2023-10-06T00:11:46.103+0000] {logging_mixin.py:151} INFO - [2023-10-06T00:11:46.103+0000] {dagbag.py:539} INFO - Filling up the DagBag from /home/airflow/.local/lib/python3.8/site-packages/airflow/example_dags/example_latest_only_with_trigger.py
[2023-10-06T00:11:46.106+0000] {processor.py:839} INFO - DAG(s) dict_keys(['latest_only_with_trigger']) retrieved from /home/airflow/.local/lib/python3.8/site-packages/airflow/example_dags/example_latest_only_with_trigger.py
[2023-10-06T00:11:46.124+0000] {logging_mixin.py:151} INFO - [2023-10-06T00:11:46.124+0000] {dag.py:2907} INFO - Sync 1 DAGs
[2023-10-06T00:11:46.134+0000] {logging_mixin.py:151} INFO - [2023-10-06T00:11:46.134+0000] {dag.py:3677} INFO - Setting next_dagrun for latest_only_with_trigger to 2023-10-05T20:11:46.134422+00:00, run_after=2023-10-06T00:11:46.134422+00:00
[2023-10-06T00:11:46.145+0000] {processor.py:179} INFO - Processing /home/airflow/.local/lib/python3.8/site-packages/airflow/example_dags/example_latest_only_with_trigger.py took 0.046 seconds
[2023-10-06T00:12:16.579+0000] {processor.py:157} INFO - Started process (PID=92252) to work on /home/airflow/.local/lib/python3.8/site-packages/airflow/example_dags/example_latest_only_with_trigger.py
[2023-10-06T00:12:16.579+0000] {processor.py:829} INFO - Processing file /home/airflow/.local/lib/python3.8/site-packages/airflow/example_dags/example_latest_only_with_trigger.py for tasks to queue
[2023-10-06T00:12:16.581+0000] {logging_mixin.py:151} INFO - [2023-10-06T00:12:16.580+0000] {dagbag.py:539} INFO - Filling up the DagBag from /home/airflow/.local/lib/python3.8/site-packages/airflow/example_dags/example_latest_only_with_trigger.py
[2023-10-06T00:12:16.584+0000] {processor.py:839} INFO - DAG(s) dict_keys(['latest_only_with_trigger']) retrieved from /home/airflow/.local/lib/python3.8/site-packages/airflow/example_dags/example_latest_only_with_trigger.py
[2023-10-06T00:12:16.597+0000] {logging_mixin.py:151} INFO - [2023-10-06T00:12:16.597+0000] {dag.py:2907} INFO - Sync 1 DAGs
[2023-10-06T00:12:16.608+0000] {logging_mixin.py:151} INFO - [2023-10-06T00:12:16.608+0000] {dag.py:3677} INFO - Setting next_dagrun for latest_only_with_trigger to 2023-10-05T20:12:16.608249+00:00, run_after=2023-10-06T00:12:16.608249+00:00
[2023-10-06T00:12:16.619+0000] {processor.py:179} INFO - Processing /home/airflow/.local/lib/python3.8/site-packages/airflow/example_dags/example_latest_only_with_trigger.py took 0.042 seconds
[2023-10-06T00:12:48.031+0000] {processor.py:157} INFO - Started process (PID=92303) to work on /home/airflow/.local/lib/python3.8/site-packages/airflow/example_dags/example_latest_only_with_trigger.py
[2023-10-06T00:12:48.031+0000] {processor.py:829} INFO - Processing file /home/airflow/.local/lib/python3.8/site-packages/airflow/example_dags/example_latest_only_with_trigger.py for tasks to queue
[2023-10-06T00:12:48.033+0000] {logging_mixin.py:151} INFO - [2023-10-06T00:12:48.032+0000] {dagbag.py:539} INFO - Filling up the DagBag from /home/airflow/.local/lib/python3.8/site-packages/airflow/example_dags/example_latest_only_with_trigger.py
[2023-10-06T00:12:48.036+0000] {processor.py:839} INFO - DAG(s) dict_keys(['latest_only_with_trigger']) retrieved from /home/airflow/.local/lib/python3.8/site-packages/airflow/example_dags/example_latest_only_with_trigger.py
[2023-10-06T00:12:48.049+0000] {logging_mixin.py:151} INFO - [2023-10-06T00:12:48.049+0000] {dag.py:2907} INFO - Sync 1 DAGs
[2023-10-06T00:12:48.060+0000] {logging_mixin.py:151} INFO - [2023-10-06T00:12:48.060+0000] {dag.py:3677} INFO - Setting next_dagrun for latest_only_with_trigger to 2023-10-05T20:12:48.060015+00:00, run_after=2023-10-06T00:12:48.060015+00:00
[2023-10-06T00:12:48.071+0000] {processor.py:179} INFO - Processing /home/airflow/.local/lib/python3.8/site-packages/airflow/example_dags/example_latest_only_with_trigger.py took 0.042 seconds
[2023-10-06T00:13:18.342+0000] {processor.py:157} INFO - Started process (PID=92354) to work on /home/airflow/.local/lib/python3.8/site-packages/airflow/example_dags/example_latest_only_with_trigger.py
[2023-10-06T00:13:18.343+0000] {processor.py:829} INFO - Processing file /home/airflow/.local/lib/python3.8/site-packages/airflow/example_dags/example_latest_only_with_trigger.py for tasks to queue
[2023-10-06T00:13:18.344+0000] {logging_mixin.py:151} INFO - [2023-10-06T00:13:18.344+0000] {dagbag.py:539} INFO - Filling up the DagBag from /home/airflow/.local/lib/python3.8/site-packages/airflow/example_dags/example_latest_only_with_trigger.py
[2023-10-06T00:13:18.347+0000] {processor.py:839} INFO - DAG(s) dict_keys(['latest_only_with_trigger']) retrieved from /home/airflow/.local/lib/python3.8/site-packages/airflow/example_dags/example_latest_only_with_trigger.py
[2023-10-06T00:13:18.359+0000] {logging_mixin.py:151} INFO - [2023-10-06T00:13:18.359+0000] {dag.py:2907} INFO - Sync 1 DAGs
[2023-10-06T00:13:18.369+0000] {logging_mixin.py:151} INFO - [2023-10-06T00:13:18.369+0000] {dag.py:3677} INFO - Setting next_dagrun for latest_only_with_trigger to 2023-10-05T20:13:18.369574+00:00, run_after=2023-10-06T00:13:18.369574+00:00
[2023-10-06T00:13:18.381+0000] {processor.py:179} INFO - Processing /home/airflow/.local/lib/python3.8/site-packages/airflow/example_dags/example_latest_only_with_trigger.py took 0.040 seconds
[2023-10-06T00:13:48.827+0000] {processor.py:157} INFO - Started process (PID=92405) to work on /home/airflow/.local/lib/python3.8/site-packages/airflow/example_dags/example_latest_only_with_trigger.py
[2023-10-06T00:13:48.827+0000] {processor.py:829} INFO - Processing file /home/airflow/.local/lib/python3.8/site-packages/airflow/example_dags/example_latest_only_with_trigger.py for tasks to queue
[2023-10-06T00:13:48.829+0000] {logging_mixin.py:151} INFO - [2023-10-06T00:13:48.828+0000] {dagbag.py:539} INFO - Filling up the DagBag from /home/airflow/.local/lib/python3.8/site-packages/airflow/example_dags/example_latest_only_with_trigger.py
[2023-10-06T00:13:48.832+0000] {processor.py:839} INFO - DAG(s) dict_keys(['latest_only_with_trigger']) retrieved from /home/airflow/.local/lib/python3.8/site-packages/airflow/example_dags/example_latest_only_with_trigger.py
[2023-10-06T00:13:48.844+0000] {logging_mixin.py:151} INFO - [2023-10-06T00:13:48.844+0000] {dag.py:2907} INFO - Sync 1 DAGs
[2023-10-06T00:13:48.856+0000] {logging_mixin.py:151} INFO - [2023-10-06T00:13:48.856+0000] {dag.py:3677} INFO - Setting next_dagrun for latest_only_with_trigger to 2023-10-05T20:13:48.855941+00:00, run_after=2023-10-06T00:13:48.855941+00:00
[2023-10-06T00:13:48.868+0000] {processor.py:179} INFO - Processing /home/airflow/.local/lib/python3.8/site-packages/airflow/example_dags/example_latest_only_with_trigger.py took 0.043 seconds
[2023-10-06T00:14:19.173+0000] {processor.py:157} INFO - Started process (PID=92456) to work on /home/airflow/.local/lib/python3.8/site-packages/airflow/example_dags/example_latest_only_with_trigger.py
[2023-10-06T00:14:19.174+0000] {processor.py:829} INFO - Processing file /home/airflow/.local/lib/python3.8/site-packages/airflow/example_dags/example_latest_only_with_trigger.py for tasks to queue
[2023-10-06T00:14:19.175+0000] {logging_mixin.py:151} INFO - [2023-10-06T00:14:19.175+0000] {dagbag.py:539} INFO - Filling up the DagBag from /home/airflow/.local/lib/python3.8/site-packages/airflow/example_dags/example_latest_only_with_trigger.py
[2023-10-06T00:14:19.178+0000] {processor.py:839} INFO - DAG(s) dict_keys(['latest_only_with_trigger']) retrieved from /home/airflow/.local/lib/python3.8/site-packages/airflow/example_dags/example_latest_only_with_trigger.py
[2023-10-06T00:14:19.191+0000] {logging_mixin.py:151} INFO - [2023-10-06T00:14:19.191+0000] {dag.py:2907} INFO - Sync 1 DAGs
[2023-10-06T00:14:19.202+0000] {logging_mixin.py:151} INFO - [2023-10-06T00:14:19.202+0000] {dag.py:3677} INFO - Setting next_dagrun for latest_only_with_trigger to 2023-10-05T20:14:19.202013+00:00, run_after=2023-10-06T00:14:19.202013+00:00
[2023-10-06T00:14:19.213+0000] {processor.py:179} INFO - Processing /home/airflow/.local/lib/python3.8/site-packages/airflow/example_dags/example_latest_only_with_trigger.py took 0.041 seconds
[2023-10-06T00:14:49.832+0000] {processor.py:157} INFO - Started process (PID=92507) to work on /home/airflow/.local/lib/python3.8/site-packages/airflow/example_dags/example_latest_only_with_trigger.py
[2023-10-06T00:14:49.832+0000] {processor.py:829} INFO - Processing file /home/airflow/.local/lib/python3.8/site-packages/airflow/example_dags/example_latest_only_with_trigger.py for tasks to queue
[2023-10-06T00:14:49.834+0000] {logging_mixin.py:151} INFO - [2023-10-06T00:14:49.834+0000] {dagbag.py:539} INFO - Filling up the DagBag from /home/airflow/.local/lib/python3.8/site-packages/airflow/example_dags/example_latest_only_with_trigger.py
[2023-10-06T00:14:49.837+0000] {processor.py:839} INFO - DAG(s) dict_keys(['latest_only_with_trigger']) retrieved from /home/airflow/.local/lib/python3.8/site-packages/airflow/example_dags/example_latest_only_with_trigger.py
[2023-10-06T00:14:49.849+0000] {logging_mixin.py:151} INFO - [2023-10-06T00:14:49.849+0000] {dag.py:2907} INFO - Sync 1 DAGs
[2023-10-06T00:14:49.860+0000] {logging_mixin.py:151} INFO - [2023-10-06T00:14:49.860+0000] {dag.py:3677} INFO - Setting next_dagrun for latest_only_with_trigger to 2023-10-05T20:14:49.860417+00:00, run_after=2023-10-06T00:14:49.860417+00:00
[2023-10-06T00:14:49.872+0000] {processor.py:179} INFO - Processing /home/airflow/.local/lib/python3.8/site-packages/airflow/example_dags/example_latest_only_with_trigger.py took 0.042 seconds
[2023-10-06T00:15:20.480+0000] {processor.py:157} INFO - Started process (PID=92558) to work on /home/airflow/.local/lib/python3.8/site-packages/airflow/example_dags/example_latest_only_with_trigger.py
[2023-10-06T00:15:20.480+0000] {processor.py:829} INFO - Processing file /home/airflow/.local/lib/python3.8/site-packages/airflow/example_dags/example_latest_only_with_trigger.py for tasks to queue
[2023-10-06T00:15:20.482+0000] {logging_mixin.py:151} INFO - [2023-10-06T00:15:20.482+0000] {dagbag.py:539} INFO - Filling up the DagBag from /home/airflow/.local/lib/python3.8/site-packages/airflow/example_dags/example_latest_only_with_trigger.py
[2023-10-06T00:15:20.485+0000] {processor.py:839} INFO - DAG(s) dict_keys(['latest_only_with_trigger']) retrieved from /home/airflow/.local/lib/python3.8/site-packages/airflow/example_dags/example_latest_only_with_trigger.py
[2023-10-06T00:15:20.498+0000] {logging_mixin.py:151} INFO - [2023-10-06T00:15:20.498+0000] {dag.py:2907} INFO - Sync 1 DAGs
[2023-10-06T00:15:20.509+0000] {logging_mixin.py:151} INFO - [2023-10-06T00:15:20.508+0000] {dag.py:3677} INFO - Setting next_dagrun for latest_only_with_trigger to 2023-10-05T20:15:20.508807+00:00, run_after=2023-10-06T00:15:20.508807+00:00
[2023-10-06T00:15:20.520+0000] {processor.py:179} INFO - Processing /home/airflow/.local/lib/python3.8/site-packages/airflow/example_dags/example_latest_only_with_trigger.py took 0.042 seconds
[2023-10-06T00:15:51.259+0000] {processor.py:157} INFO - Started process (PID=92609) to work on /home/airflow/.local/lib/python3.8/site-packages/airflow/example_dags/example_latest_only_with_trigger.py
[2023-10-06T00:15:51.260+0000] {processor.py:829} INFO - Processing file /home/airflow/.local/lib/python3.8/site-packages/airflow/example_dags/example_latest_only_with_trigger.py for tasks to queue
[2023-10-06T00:15:51.261+0000] {logging_mixin.py:151} INFO - [2023-10-06T00:15:51.261+0000] {dagbag.py:539} INFO - Filling up the DagBag from /home/airflow/.local/lib/python3.8/site-packages/airflow/example_dags/example_latest_only_with_trigger.py
[2023-10-06T00:15:51.265+0000] {processor.py:839} INFO - DAG(s) dict_keys(['latest_only_with_trigger']) retrieved from /home/airflow/.local/lib/python3.8/site-packages/airflow/example_dags/example_latest_only_with_trigger.py
[2023-10-06T00:15:51.277+0000] {logging_mixin.py:151} INFO - [2023-10-06T00:15:51.277+0000] {dag.py:2907} INFO - Sync 1 DAGs
[2023-10-06T00:15:51.287+0000] {logging_mixin.py:151} INFO - [2023-10-06T00:15:51.287+0000] {dag.py:3677} INFO - Setting next_dagrun for latest_only_with_trigger to 2023-10-05T20:15:51.287768+00:00, run_after=2023-10-06T00:15:51.287768+00:00
[2023-10-06T00:15:51.298+0000] {processor.py:179} INFO - Processing /home/airflow/.local/lib/python3.8/site-packages/airflow/example_dags/example_latest_only_with_trigger.py took 0.041 seconds
[2023-10-06T00:16:21.645+0000] {processor.py:157} INFO - Started process (PID=92660) to work on /home/airflow/.local/lib/python3.8/site-packages/airflow/example_dags/example_latest_only_with_trigger.py
[2023-10-06T00:16:21.645+0000] {processor.py:829} INFO - Processing file /home/airflow/.local/lib/python3.8/site-packages/airflow/example_dags/example_latest_only_with_trigger.py for tasks to queue
[2023-10-06T00:16:21.647+0000] {logging_mixin.py:151} INFO - [2023-10-06T00:16:21.647+0000] {dagbag.py:539} INFO - Filling up the DagBag from /home/airflow/.local/lib/python3.8/site-packages/airflow/example_dags/example_latest_only_with_trigger.py
[2023-10-06T00:16:21.650+0000] {processor.py:839} INFO - DAG(s) dict_keys(['latest_only_with_trigger']) retrieved from /home/airflow/.local/lib/python3.8/site-packages/airflow/example_dags/example_latest_only_with_trigger.py
[2023-10-06T00:16:21.662+0000] {logging_mixin.py:151} INFO - [2023-10-06T00:16:21.662+0000] {dag.py:2907} INFO - Sync 1 DAGs
[2023-10-06T00:16:21.673+0000] {logging_mixin.py:151} INFO - [2023-10-06T00:16:21.673+0000] {dag.py:3677} INFO - Setting next_dagrun for latest_only_with_trigger to 2023-10-05T20:16:21.673768+00:00, run_after=2023-10-06T00:16:21.673768+00:00
[2023-10-06T00:16:21.684+0000] {processor.py:179} INFO - Processing /home/airflow/.local/lib/python3.8/site-packages/airflow/example_dags/example_latest_only_with_trigger.py took 0.041 seconds
[2023-10-06T00:31:53.056+0000] {processor.py:157} INFO - Started process (PID=92711) to work on /home/airflow/.local/lib/python3.8/site-packages/airflow/example_dags/example_latest_only_with_trigger.py
[2023-10-06T00:31:53.056+0000] {processor.py:829} INFO - Processing file /home/airflow/.local/lib/python3.8/site-packages/airflow/example_dags/example_latest_only_with_trigger.py for tasks to queue
[2023-10-06T00:31:53.058+0000] {logging_mixin.py:151} INFO - [2023-10-06T00:31:53.057+0000] {dagbag.py:539} INFO - Filling up the DagBag from /home/airflow/.local/lib/python3.8/site-packages/airflow/example_dags/example_latest_only_with_trigger.py
[2023-10-06T00:31:53.061+0000] {processor.py:839} INFO - DAG(s) dict_keys(['latest_only_with_trigger']) retrieved from /home/airflow/.local/lib/python3.8/site-packages/airflow/example_dags/example_latest_only_with_trigger.py
[2023-10-06T00:31:53.074+0000] {logging_mixin.py:151} INFO - [2023-10-06T00:31:53.074+0000] {dag.py:2907} INFO - Sync 1 DAGs
[2023-10-06T00:31:53.084+0000] {logging_mixin.py:151} INFO - [2023-10-06T00:31:53.084+0000] {dag.py:3677} INFO - Setting next_dagrun for latest_only_with_trigger to 2023-10-05T20:31:53.084784+00:00, run_after=2023-10-06T00:31:53.084784+00:00
[2023-10-06T00:31:53.095+0000] {processor.py:179} INFO - Processing /home/airflow/.local/lib/python3.8/site-packages/airflow/example_dags/example_latest_only_with_trigger.py took 0.041 seconds
[2023-10-06T00:32:23.785+0000] {processor.py:157} INFO - Started process (PID=92762) to work on /home/airflow/.local/lib/python3.8/site-packages/airflow/example_dags/example_latest_only_with_trigger.py
[2023-10-06T00:32:23.786+0000] {processor.py:829} INFO - Processing file /home/airflow/.local/lib/python3.8/site-packages/airflow/example_dags/example_latest_only_with_trigger.py for tasks to queue
[2023-10-06T00:32:23.787+0000] {logging_mixin.py:151} INFO - [2023-10-06T00:32:23.787+0000] {dagbag.py:539} INFO - Filling up the DagBag from /home/airflow/.local/lib/python3.8/site-packages/airflow/example_dags/example_latest_only_with_trigger.py
[2023-10-06T00:32:23.791+0000] {processor.py:839} INFO - DAG(s) dict_keys(['latest_only_with_trigger']) retrieved from /home/airflow/.local/lib/python3.8/site-packages/airflow/example_dags/example_latest_only_with_trigger.py
[2023-10-06T00:32:23.803+0000] {logging_mixin.py:151} INFO - [2023-10-06T00:32:23.803+0000] {dag.py:2907} INFO - Sync 1 DAGs
[2023-10-06T00:32:23.813+0000] {logging_mixin.py:151} INFO - [2023-10-06T00:32:23.813+0000] {dag.py:3677} INFO - Setting next_dagrun for latest_only_with_trigger to 2023-10-05T20:32:23.813549+00:00, run_after=2023-10-06T00:32:23.813549+00:00
[2023-10-06T00:32:23.827+0000] {processor.py:179} INFO - Processing /home/airflow/.local/lib/python3.8/site-packages/airflow/example_dags/example_latest_only_with_trigger.py took 0.044 seconds
[2023-10-06T00:37:51.777+0000] {processor.py:157} INFO - Started process (PID=92813) to work on /home/airflow/.local/lib/python3.8/site-packages/airflow/example_dags/example_latest_only_with_trigger.py
[2023-10-06T00:37:51.777+0000] {processor.py:829} INFO - Processing file /home/airflow/.local/lib/python3.8/site-packages/airflow/example_dags/example_latest_only_with_trigger.py for tasks to queue
[2023-10-06T00:37:51.779+0000] {logging_mixin.py:151} INFO - [2023-10-06T00:37:51.778+0000] {dagbag.py:539} INFO - Filling up the DagBag from /home/airflow/.local/lib/python3.8/site-packages/airflow/example_dags/example_latest_only_with_trigger.py
[2023-10-06T00:37:51.782+0000] {processor.py:839} INFO - DAG(s) dict_keys(['latest_only_with_trigger']) retrieved from /home/airflow/.local/lib/python3.8/site-packages/airflow/example_dags/example_latest_only_with_trigger.py
[2023-10-06T00:37:51.796+0000] {logging_mixin.py:151} INFO - [2023-10-06T00:37:51.796+0000] {dag.py:2907} INFO - Sync 1 DAGs
[2023-10-06T00:37:51.808+0000] {logging_mixin.py:151} INFO - [2023-10-06T00:37:51.808+0000] {dag.py:3677} INFO - Setting next_dagrun for latest_only_with_trigger to 2023-10-05T20:37:51.808025+00:00, run_after=2023-10-06T00:37:51.808025+00:00
[2023-10-06T00:37:51.818+0000] {processor.py:179} INFO - Processing /home/airflow/.local/lib/python3.8/site-packages/airflow/example_dags/example_latest_only_with_trigger.py took 0.044 seconds
[2023-10-06T00:43:20.406+0000] {processor.py:157} INFO - Started process (PID=92864) to work on /home/airflow/.local/lib/python3.8/site-packages/airflow/example_dags/example_latest_only_with_trigger.py
[2023-10-06T00:43:20.407+0000] {processor.py:829} INFO - Processing file /home/airflow/.local/lib/python3.8/site-packages/airflow/example_dags/example_latest_only_with_trigger.py for tasks to queue
[2023-10-06T00:43:20.408+0000] {logging_mixin.py:151} INFO - [2023-10-06T00:43:20.408+0000] {dagbag.py:539} INFO - Filling up the DagBag from /home/airflow/.local/lib/python3.8/site-packages/airflow/example_dags/example_latest_only_with_trigger.py
[2023-10-06T00:43:20.412+0000] {processor.py:839} INFO - DAG(s) dict_keys(['latest_only_with_trigger']) retrieved from /home/airflow/.local/lib/python3.8/site-packages/airflow/example_dags/example_latest_only_with_trigger.py
[2023-10-06T00:43:20.426+0000] {logging_mixin.py:151} INFO - [2023-10-06T00:43:20.425+0000] {dag.py:2907} INFO - Sync 1 DAGs
[2023-10-06T00:43:20.439+0000] {logging_mixin.py:151} INFO - [2023-10-06T00:43:20.439+0000] {dag.py:3677} INFO - Setting next_dagrun for latest_only_with_trigger to 2023-10-05T20:43:20.439241+00:00, run_after=2023-10-06T00:43:20.439241+00:00
[2023-10-06T00:43:20.451+0000] {processor.py:179} INFO - Processing /home/airflow/.local/lib/python3.8/site-packages/airflow/example_dags/example_latest_only_with_trigger.py took 0.047 seconds
[2023-10-06T00:43:50.937+0000] {processor.py:157} INFO - Started process (PID=92915) to work on /home/airflow/.local/lib/python3.8/site-packages/airflow/example_dags/example_latest_only_with_trigger.py
[2023-10-06T00:43:50.938+0000] {processor.py:829} INFO - Processing file /home/airflow/.local/lib/python3.8/site-packages/airflow/example_dags/example_latest_only_with_trigger.py for tasks to queue
[2023-10-06T00:43:50.939+0000] {logging_mixin.py:151} INFO - [2023-10-06T00:43:50.939+0000] {dagbag.py:539} INFO - Filling up the DagBag from /home/airflow/.local/lib/python3.8/site-packages/airflow/example_dags/example_latest_only_with_trigger.py
[2023-10-06T00:43:50.943+0000] {processor.py:839} INFO - DAG(s) dict_keys(['latest_only_with_trigger']) retrieved from /home/airflow/.local/lib/python3.8/site-packages/airflow/example_dags/example_latest_only_with_trigger.py
[2023-10-06T00:43:50.956+0000] {logging_mixin.py:151} INFO - [2023-10-06T00:43:50.956+0000] {dag.py:2907} INFO - Sync 1 DAGs
[2023-10-06T00:43:50.967+0000] {logging_mixin.py:151} INFO - [2023-10-06T00:43:50.966+0000] {dag.py:3677} INFO - Setting next_dagrun for latest_only_with_trigger to 2023-10-05T20:43:50.966801+00:00, run_after=2023-10-06T00:43:50.966801+00:00
[2023-10-06T00:43:50.979+0000] {processor.py:179} INFO - Processing /home/airflow/.local/lib/python3.8/site-packages/airflow/example_dags/example_latest_only_with_trigger.py took 0.044 seconds
[2023-10-06T00:49:19.403+0000] {processor.py:157} INFO - Started process (PID=92966) to work on /home/airflow/.local/lib/python3.8/site-packages/airflow/example_dags/example_latest_only_with_trigger.py
[2023-10-06T00:49:19.404+0000] {processor.py:829} INFO - Processing file /home/airflow/.local/lib/python3.8/site-packages/airflow/example_dags/example_latest_only_with_trigger.py for tasks to queue
[2023-10-06T00:49:19.405+0000] {logging_mixin.py:151} INFO - [2023-10-06T00:49:19.405+0000] {dagbag.py:539} INFO - Filling up the DagBag from /home/airflow/.local/lib/python3.8/site-packages/airflow/example_dags/example_latest_only_with_trigger.py
[2023-10-06T00:49:19.408+0000] {processor.py:839} INFO - DAG(s) dict_keys(['latest_only_with_trigger']) retrieved from /home/airflow/.local/lib/python3.8/site-packages/airflow/example_dags/example_latest_only_with_trigger.py
[2023-10-06T00:49:19.421+0000] {logging_mixin.py:151} INFO - [2023-10-06T00:49:19.421+0000] {dag.py:2907} INFO - Sync 1 DAGs
[2023-10-06T00:49:19.436+0000] {logging_mixin.py:151} INFO - [2023-10-06T00:49:19.436+0000] {dag.py:3677} INFO - Setting next_dagrun for latest_only_with_trigger to 2023-10-05T20:49:19.436056+00:00, run_after=2023-10-06T00:49:19.436056+00:00
[2023-10-06T00:49:19.447+0000] {processor.py:179} INFO - Processing /home/airflow/.local/lib/python3.8/site-packages/airflow/example_dags/example_latest_only_with_trigger.py took 0.046 seconds
[2023-10-06T00:54:48.268+0000] {processor.py:157} INFO - Started process (PID=93017) to work on /home/airflow/.local/lib/python3.8/site-packages/airflow/example_dags/example_latest_only_with_trigger.py
[2023-10-06T00:54:48.269+0000] {processor.py:829} INFO - Processing file /home/airflow/.local/lib/python3.8/site-packages/airflow/example_dags/example_latest_only_with_trigger.py for tasks to queue
[2023-10-06T00:54:48.270+0000] {logging_mixin.py:151} INFO - [2023-10-06T00:54:48.270+0000] {dagbag.py:539} INFO - Filling up the DagBag from /home/airflow/.local/lib/python3.8/site-packages/airflow/example_dags/example_latest_only_with_trigger.py
[2023-10-06T00:54:48.275+0000] {processor.py:839} INFO - DAG(s) dict_keys(['latest_only_with_trigger']) retrieved from /home/airflow/.local/lib/python3.8/site-packages/airflow/example_dags/example_latest_only_with_trigger.py
[2023-10-06T00:54:48.289+0000] {logging_mixin.py:151} INFO - [2023-10-06T00:54:48.289+0000] {dag.py:2907} INFO - Sync 1 DAGs
[2023-10-06T00:54:48.303+0000] {logging_mixin.py:151} INFO - [2023-10-06T00:54:48.303+0000] {dag.py:3677} INFO - Setting next_dagrun for latest_only_with_trigger to 2023-10-05T20:54:48.303584+00:00, run_after=2023-10-06T00:54:48.303584+00:00
[2023-10-06T00:54:48.314+0000] {processor.py:179} INFO - Processing /home/airflow/.local/lib/python3.8/site-packages/airflow/example_dags/example_latest_only_with_trigger.py took 0.049 seconds
[2023-10-06T00:55:19.190+0000] {processor.py:157} INFO - Started process (PID=93068) to work on /home/airflow/.local/lib/python3.8/site-packages/airflow/example_dags/example_latest_only_with_trigger.py
[2023-10-06T00:55:19.191+0000] {processor.py:829} INFO - Processing file /home/airflow/.local/lib/python3.8/site-packages/airflow/example_dags/example_latest_only_with_trigger.py for tasks to queue
[2023-10-06T00:55:19.192+0000] {logging_mixin.py:151} INFO - [2023-10-06T00:55:19.192+0000] {dagbag.py:539} INFO - Filling up the DagBag from /home/airflow/.local/lib/python3.8/site-packages/airflow/example_dags/example_latest_only_with_trigger.py
[2023-10-06T00:55:19.196+0000] {processor.py:839} INFO - DAG(s) dict_keys(['latest_only_with_trigger']) retrieved from /home/airflow/.local/lib/python3.8/site-packages/airflow/example_dags/example_latest_only_with_trigger.py
[2023-10-06T00:55:19.208+0000] {logging_mixin.py:151} INFO - [2023-10-06T00:55:19.208+0000] {dag.py:2907} INFO - Sync 1 DAGs
[2023-10-06T00:55:19.219+0000] {logging_mixin.py:151} INFO - [2023-10-06T00:55:19.219+0000] {dag.py:3677} INFO - Setting next_dagrun for latest_only_with_trigger to 2023-10-05T20:55:19.219798+00:00, run_after=2023-10-06T00:55:19.219798+00:00
[2023-10-06T00:55:19.230+0000] {processor.py:179} INFO - Processing /home/airflow/.local/lib/python3.8/site-packages/airflow/example_dags/example_latest_only_with_trigger.py took 0.041 seconds
[2023-10-06T00:55:49.586+0000] {processor.py:157} INFO - Started process (PID=93119) to work on /home/airflow/.local/lib/python3.8/site-packages/airflow/example_dags/example_latest_only_with_trigger.py
[2023-10-06T00:55:49.587+0000] {processor.py:829} INFO - Processing file /home/airflow/.local/lib/python3.8/site-packages/airflow/example_dags/example_latest_only_with_trigger.py for tasks to queue
[2023-10-06T00:55:49.588+0000] {logging_mixin.py:151} INFO - [2023-10-06T00:55:49.588+0000] {dagbag.py:539} INFO - Filling up the DagBag from /home/airflow/.local/lib/python3.8/site-packages/airflow/example_dags/example_latest_only_with_trigger.py
[2023-10-06T00:55:49.591+0000] {processor.py:839} INFO - DAG(s) dict_keys(['latest_only_with_trigger']) retrieved from /home/airflow/.local/lib/python3.8/site-packages/airflow/example_dags/example_latest_only_with_trigger.py
[2023-10-06T00:55:49.604+0000] {logging_mixin.py:151} INFO - [2023-10-06T00:55:49.604+0000] {dag.py:2907} INFO - Sync 1 DAGs
[2023-10-06T00:55:49.614+0000] {logging_mixin.py:151} INFO - [2023-10-06T00:55:49.614+0000] {dag.py:3677} INFO - Setting next_dagrun for latest_only_with_trigger to 2023-10-05T20:55:49.614349+00:00, run_after=2023-10-06T00:55:49.614349+00:00
[2023-10-06T00:55:49.625+0000] {processor.py:179} INFO - Processing /home/airflow/.local/lib/python3.8/site-packages/airflow/example_dags/example_latest_only_with_trigger.py took 0.040 seconds
[2023-10-06T00:56:20.411+0000] {processor.py:157} INFO - Started process (PID=93170) to work on /home/airflow/.local/lib/python3.8/site-packages/airflow/example_dags/example_latest_only_with_trigger.py
[2023-10-06T00:56:20.412+0000] {processor.py:829} INFO - Processing file /home/airflow/.local/lib/python3.8/site-packages/airflow/example_dags/example_latest_only_with_trigger.py for tasks to queue
[2023-10-06T00:56:20.413+0000] {logging_mixin.py:151} INFO - [2023-10-06T00:56:20.413+0000] {dagbag.py:539} INFO - Filling up the DagBag from /home/airflow/.local/lib/python3.8/site-packages/airflow/example_dags/example_latest_only_with_trigger.py
[2023-10-06T00:56:20.416+0000] {processor.py:839} INFO - DAG(s) dict_keys(['latest_only_with_trigger']) retrieved from /home/airflow/.local/lib/python3.8/site-packages/airflow/example_dags/example_latest_only_with_trigger.py
[2023-10-06T00:56:20.429+0000] {logging_mixin.py:151} INFO - [2023-10-06T00:56:20.429+0000] {dag.py:2907} INFO - Sync 1 DAGs
[2023-10-06T00:56:20.440+0000] {logging_mixin.py:151} INFO - [2023-10-06T00:56:20.440+0000] {dag.py:3677} INFO - Setting next_dagrun for latest_only_with_trigger to 2023-10-05T20:56:20.440441+00:00, run_after=2023-10-06T00:56:20.440441+00:00
[2023-10-06T00:56:20.451+0000] {processor.py:179} INFO - Processing /home/airflow/.local/lib/python3.8/site-packages/airflow/example_dags/example_latest_only_with_trigger.py took 0.042 seconds
[2023-10-06T00:56:50.769+0000] {processor.py:157} INFO - Started process (PID=93221) to work on /home/airflow/.local/lib/python3.8/site-packages/airflow/example_dags/example_latest_only_with_trigger.py
[2023-10-06T00:56:50.770+0000] {processor.py:829} INFO - Processing file /home/airflow/.local/lib/python3.8/site-packages/airflow/example_dags/example_latest_only_with_trigger.py for tasks to queue
[2023-10-06T00:56:50.771+0000] {logging_mixin.py:151} INFO - [2023-10-06T00:56:50.771+0000] {dagbag.py:539} INFO - Filling up the DagBag from /home/airflow/.local/lib/python3.8/site-packages/airflow/example_dags/example_latest_only_with_trigger.py
[2023-10-06T00:56:50.774+0000] {processor.py:839} INFO - DAG(s) dict_keys(['latest_only_with_trigger']) retrieved from /home/airflow/.local/lib/python3.8/site-packages/airflow/example_dags/example_latest_only_with_trigger.py
[2023-10-06T00:56:50.787+0000] {logging_mixin.py:151} INFO - [2023-10-06T00:56:50.787+0000] {dag.py:2907} INFO - Sync 1 DAGs
[2023-10-06T00:56:50.797+0000] {logging_mixin.py:151} INFO - [2023-10-06T00:56:50.797+0000] {dag.py:3677} INFO - Setting next_dagrun for latest_only_with_trigger to 2023-10-05T20:56:50.797247+00:00, run_after=2023-10-06T00:56:50.797247+00:00
[2023-10-06T00:56:50.810+0000] {processor.py:179} INFO - Processing /home/airflow/.local/lib/python3.8/site-packages/airflow/example_dags/example_latest_only_with_trigger.py took 0.043 seconds
[2023-10-06T01:04:00.350+0000] {processor.py:157} INFO - Started process (PID=93272) to work on /home/airflow/.local/lib/python3.8/site-packages/airflow/example_dags/example_latest_only_with_trigger.py
[2023-10-06T01:04:00.351+0000] {processor.py:829} INFO - Processing file /home/airflow/.local/lib/python3.8/site-packages/airflow/example_dags/example_latest_only_with_trigger.py for tasks to queue
[2023-10-06T01:04:00.352+0000] {logging_mixin.py:151} INFO - [2023-10-06T01:04:00.352+0000] {dagbag.py:539} INFO - Filling up the DagBag from /home/airflow/.local/lib/python3.8/site-packages/airflow/example_dags/example_latest_only_with_trigger.py
[2023-10-06T01:04:00.356+0000] {processor.py:839} INFO - DAG(s) dict_keys(['latest_only_with_trigger']) retrieved from /home/airflow/.local/lib/python3.8/site-packages/airflow/example_dags/example_latest_only_with_trigger.py
[2023-10-06T01:04:00.368+0000] {logging_mixin.py:151} INFO - [2023-10-06T01:04:00.368+0000] {dag.py:2907} INFO - Sync 1 DAGs
[2023-10-06T01:04:00.380+0000] {logging_mixin.py:151} INFO - [2023-10-06T01:04:00.379+0000] {dag.py:3677} INFO - Setting next_dagrun for latest_only_with_trigger to 2023-10-05T21:04:00.379815+00:00, run_after=2023-10-06T01:04:00.379815+00:00
[2023-10-06T01:04:00.395+0000] {processor.py:179} INFO - Processing /home/airflow/.local/lib/python3.8/site-packages/airflow/example_dags/example_latest_only_with_trigger.py took 0.046 seconds
[2023-10-06T01:47:59.881+0000] {processor.py:157} INFO - Started process (PID=93323) to work on /home/airflow/.local/lib/python3.8/site-packages/airflow/example_dags/example_latest_only_with_trigger.py
[2023-10-06T01:47:59.882+0000] {processor.py:829} INFO - Processing file /home/airflow/.local/lib/python3.8/site-packages/airflow/example_dags/example_latest_only_with_trigger.py for tasks to queue
[2023-10-06T01:47:59.883+0000] {logging_mixin.py:151} INFO - [2023-10-06T01:47:59.883+0000] {dagbag.py:539} INFO - Filling up the DagBag from /home/airflow/.local/lib/python3.8/site-packages/airflow/example_dags/example_latest_only_with_trigger.py
[2023-10-06T01:47:59.887+0000] {processor.py:839} INFO - DAG(s) dict_keys(['latest_only_with_trigger']) retrieved from /home/airflow/.local/lib/python3.8/site-packages/airflow/example_dags/example_latest_only_with_trigger.py
[2023-10-06T01:47:59.899+0000] {logging_mixin.py:151} INFO - [2023-10-06T01:47:59.899+0000] {dag.py:2907} INFO - Sync 1 DAGs
[2023-10-06T01:47:59.910+0000] {logging_mixin.py:151} INFO - [2023-10-06T01:47:59.910+0000] {dag.py:3677} INFO - Setting next_dagrun for latest_only_with_trigger to 2023-10-05T21:47:59.910093+00:00, run_after=2023-10-06T01:47:59.910093+00:00
[2023-10-06T01:47:59.922+0000] {processor.py:179} INFO - Processing /home/airflow/.local/lib/python3.8/site-packages/airflow/example_dags/example_latest_only_with_trigger.py took 0.044 seconds
[2023-10-06T03:12:11.639+0000] {processor.py:157} INFO - Started process (PID=93374) to work on /home/airflow/.local/lib/python3.8/site-packages/airflow/example_dags/example_latest_only_with_trigger.py
[2023-10-06T03:12:11.640+0000] {processor.py:829} INFO - Processing file /home/airflow/.local/lib/python3.8/site-packages/airflow/example_dags/example_latest_only_with_trigger.py for tasks to queue
[2023-10-06T03:12:11.641+0000] {logging_mixin.py:151} INFO - [2023-10-06T03:12:11.641+0000] {dagbag.py:539} INFO - Filling up the DagBag from /home/airflow/.local/lib/python3.8/site-packages/airflow/example_dags/example_latest_only_with_trigger.py
[2023-10-06T03:12:11.645+0000] {processor.py:839} INFO - DAG(s) dict_keys(['latest_only_with_trigger']) retrieved from /home/airflow/.local/lib/python3.8/site-packages/airflow/example_dags/example_latest_only_with_trigger.py
[2023-10-06T03:12:11.657+0000] {logging_mixin.py:151} INFO - [2023-10-06T03:12:11.657+0000] {dag.py:2907} INFO - Sync 1 DAGs
[2023-10-06T03:12:11.668+0000] {logging_mixin.py:151} INFO - [2023-10-06T03:12:11.668+0000] {dag.py:3677} INFO - Setting next_dagrun for latest_only_with_trigger to 2023-10-05T23:12:11.668749+00:00, run_after=2023-10-06T03:12:11.668749+00:00
[2023-10-06T03:12:11.679+0000] {processor.py:179} INFO - Processing /home/airflow/.local/lib/python3.8/site-packages/airflow/example_dags/example_latest_only_with_trigger.py took 0.043 seconds
[2023-10-06T04:32:22.637+0000] {processor.py:157} INFO - Started process (PID=93425) to work on /home/airflow/.local/lib/python3.8/site-packages/airflow/example_dags/example_latest_only_with_trigger.py
[2023-10-06T04:32:22.638+0000] {processor.py:829} INFO - Processing file /home/airflow/.local/lib/python3.8/site-packages/airflow/example_dags/example_latest_only_with_trigger.py for tasks to queue
[2023-10-06T04:32:22.639+0000] {logging_mixin.py:151} INFO - [2023-10-06T04:32:22.639+0000] {dagbag.py:539} INFO - Filling up the DagBag from /home/airflow/.local/lib/python3.8/site-packages/airflow/example_dags/example_latest_only_with_trigger.py
[2023-10-06T04:32:22.643+0000] {processor.py:839} INFO - DAG(s) dict_keys(['latest_only_with_trigger']) retrieved from /home/airflow/.local/lib/python3.8/site-packages/airflow/example_dags/example_latest_only_with_trigger.py
[2023-10-06T04:32:22.655+0000] {logging_mixin.py:151} INFO - [2023-10-06T04:32:22.655+0000] {dag.py:2907} INFO - Sync 1 DAGs
[2023-10-06T04:32:22.666+0000] {logging_mixin.py:151} INFO - [2023-10-06T04:32:22.665+0000] {dag.py:3677} INFO - Setting next_dagrun for latest_only_with_trigger to 2023-10-06T00:32:22.665810+00:00, run_after=2023-10-06T04:32:22.665810+00:00
[2023-10-06T04:32:22.677+0000] {processor.py:179} INFO - Processing /home/airflow/.local/lib/python3.8/site-packages/airflow/example_dags/example_latest_only_with_trigger.py took 0.041 seconds
[2023-10-06T05:56:32.047+0000] {processor.py:157} INFO - Started process (PID=93476) to work on /home/airflow/.local/lib/python3.8/site-packages/airflow/example_dags/example_latest_only_with_trigger.py
[2023-10-06T05:56:32.048+0000] {processor.py:829} INFO - Processing file /home/airflow/.local/lib/python3.8/site-packages/airflow/example_dags/example_latest_only_with_trigger.py for tasks to queue
[2023-10-06T05:56:32.049+0000] {logging_mixin.py:151} INFO - [2023-10-06T05:56:32.049+0000] {dagbag.py:539} INFO - Filling up the DagBag from /home/airflow/.local/lib/python3.8/site-packages/airflow/example_dags/example_latest_only_with_trigger.py
[2023-10-06T05:56:32.052+0000] {processor.py:839} INFO - DAG(s) dict_keys(['latest_only_with_trigger']) retrieved from /home/airflow/.local/lib/python3.8/site-packages/airflow/example_dags/example_latest_only_with_trigger.py
[2023-10-06T05:56:32.065+0000] {logging_mixin.py:151} INFO - [2023-10-06T05:56:32.065+0000] {dag.py:2907} INFO - Sync 1 DAGs
[2023-10-06T05:56:32.076+0000] {logging_mixin.py:151} INFO - [2023-10-06T05:56:32.075+0000] {dag.py:3677} INFO - Setting next_dagrun for latest_only_with_trigger to 2023-10-06T01:56:32.075786+00:00, run_after=2023-10-06T05:56:32.075786+00:00
[2023-10-06T05:56:32.086+0000] {processor.py:179} INFO - Processing /home/airflow/.local/lib/python3.8/site-packages/airflow/example_dags/example_latest_only_with_trigger.py took 0.041 seconds
[2023-10-06T07:21:28.387+0000] {processor.py:157} INFO - Started process (PID=93527) to work on /home/airflow/.local/lib/python3.8/site-packages/airflow/example_dags/example_latest_only_with_trigger.py
[2023-10-06T07:21:28.388+0000] {processor.py:829} INFO - Processing file /home/airflow/.local/lib/python3.8/site-packages/airflow/example_dags/example_latest_only_with_trigger.py for tasks to queue
[2023-10-06T07:21:28.389+0000] {logging_mixin.py:151} INFO - [2023-10-06T07:21:28.389+0000] {dagbag.py:539} INFO - Filling up the DagBag from /home/airflow/.local/lib/python3.8/site-packages/airflow/example_dags/example_latest_only_with_trigger.py
[2023-10-06T07:21:28.392+0000] {processor.py:839} INFO - DAG(s) dict_keys(['latest_only_with_trigger']) retrieved from /home/airflow/.local/lib/python3.8/site-packages/airflow/example_dags/example_latest_only_with_trigger.py
[2023-10-06T07:21:28.405+0000] {logging_mixin.py:151} INFO - [2023-10-06T07:21:28.405+0000] {dag.py:2907} INFO - Sync 1 DAGs
[2023-10-06T07:21:28.416+0000] {logging_mixin.py:151} INFO - [2023-10-06T07:21:28.416+0000] {dag.py:3677} INFO - Setting next_dagrun for latest_only_with_trigger to 2023-10-06T03:21:28.416591+00:00, run_after=2023-10-06T07:21:28.416591+00:00
[2023-10-06T07:21:28.428+0000] {processor.py:179} INFO - Processing /home/airflow/.local/lib/python3.8/site-packages/airflow/example_dags/example_latest_only_with_trigger.py took 0.043 seconds
[2023-10-06T08:42:33.698+0000] {processor.py:157} INFO - Started process (PID=93578) to work on /home/airflow/.local/lib/python3.8/site-packages/airflow/example_dags/example_latest_only_with_trigger.py
[2023-10-06T08:42:33.699+0000] {processor.py:829} INFO - Processing file /home/airflow/.local/lib/python3.8/site-packages/airflow/example_dags/example_latest_only_with_trigger.py for tasks to queue
[2023-10-06T08:42:33.701+0000] {logging_mixin.py:151} INFO - [2023-10-06T08:42:33.700+0000] {dagbag.py:539} INFO - Filling up the DagBag from /home/airflow/.local/lib/python3.8/site-packages/airflow/example_dags/example_latest_only_with_trigger.py
[2023-10-06T08:42:33.704+0000] {processor.py:839} INFO - DAG(s) dict_keys(['latest_only_with_trigger']) retrieved from /home/airflow/.local/lib/python3.8/site-packages/airflow/example_dags/example_latest_only_with_trigger.py
[2023-10-06T08:42:33.718+0000] {logging_mixin.py:151} INFO - [2023-10-06T08:42:33.718+0000] {dag.py:2907} INFO - Sync 1 DAGs
[2023-10-06T08:42:33.731+0000] {logging_mixin.py:151} INFO - [2023-10-06T08:42:33.731+0000] {dag.py:3677} INFO - Setting next_dagrun for latest_only_with_trigger to 2023-10-06T04:42:33.730922+00:00, run_after=2023-10-06T08:42:33.730922+00:00
[2023-10-06T08:42:33.742+0000] {processor.py:179} INFO - Processing /home/airflow/.local/lib/python3.8/site-packages/airflow/example_dags/example_latest_only_with_trigger.py took 0.046 seconds
[2023-10-06T10:05:56.832+0000] {processor.py:157} INFO - Started process (PID=93629) to work on /home/airflow/.local/lib/python3.8/site-packages/airflow/example_dags/example_latest_only_with_trigger.py
[2023-10-06T10:05:56.832+0000] {processor.py:829} INFO - Processing file /home/airflow/.local/lib/python3.8/site-packages/airflow/example_dags/example_latest_only_with_trigger.py for tasks to queue
[2023-10-06T10:05:56.833+0000] {logging_mixin.py:151} INFO - [2023-10-06T10:05:56.833+0000] {dagbag.py:539} INFO - Filling up the DagBag from /home/airflow/.local/lib/python3.8/site-packages/airflow/example_dags/example_latest_only_with_trigger.py
[2023-10-06T10:05:56.836+0000] {processor.py:839} INFO - DAG(s) dict_keys(['latest_only_with_trigger']) retrieved from /home/airflow/.local/lib/python3.8/site-packages/airflow/example_dags/example_latest_only_with_trigger.py
[2023-10-06T10:05:56.849+0000] {logging_mixin.py:151} INFO - [2023-10-06T10:05:56.849+0000] {dag.py:2907} INFO - Sync 1 DAGs
[2023-10-06T10:05:56.858+0000] {logging_mixin.py:151} INFO - [2023-10-06T10:05:56.858+0000] {dag.py:3677} INFO - Setting next_dagrun for latest_only_with_trigger to 2023-10-06T06:05:56.858713+00:00, run_after=2023-10-06T10:05:56.858713+00:00
[2023-10-06T10:05:56.870+0000] {processor.py:179} INFO - Processing /home/airflow/.local/lib/python3.8/site-packages/airflow/example_dags/example_latest_only_with_trigger.py took 0.040 seconds
[2023-10-06T11:25:35.013+0000] {processor.py:157} INFO - Started process (PID=93680) to work on /home/airflow/.local/lib/python3.8/site-packages/airflow/example_dags/example_latest_only_with_trigger.py
[2023-10-06T11:25:35.013+0000] {processor.py:829} INFO - Processing file /home/airflow/.local/lib/python3.8/site-packages/airflow/example_dags/example_latest_only_with_trigger.py for tasks to queue
[2023-10-06T11:25:35.015+0000] {logging_mixin.py:151} INFO - [2023-10-06T11:25:35.014+0000] {dagbag.py:539} INFO - Filling up the DagBag from /home/airflow/.local/lib/python3.8/site-packages/airflow/example_dags/example_latest_only_with_trigger.py
[2023-10-06T11:25:35.018+0000] {processor.py:839} INFO - DAG(s) dict_keys(['latest_only_with_trigger']) retrieved from /home/airflow/.local/lib/python3.8/site-packages/airflow/example_dags/example_latest_only_with_trigger.py
[2023-10-06T11:25:35.034+0000] {logging_mixin.py:151} INFO - [2023-10-06T11:25:35.034+0000] {dag.py:2907} INFO - Sync 1 DAGs
[2023-10-06T11:25:35.044+0000] {logging_mixin.py:151} INFO - [2023-10-06T11:25:35.044+0000] {dag.py:3677} INFO - Setting next_dagrun for latest_only_with_trigger to 2023-10-06T07:25:35.044543+00:00, run_after=2023-10-06T11:25:35.044543+00:00
[2023-10-06T11:25:35.055+0000] {processor.py:179} INFO - Processing /home/airflow/.local/lib/python3.8/site-packages/airflow/example_dags/example_latest_only_with_trigger.py took 0.044 seconds
[2023-10-06T12:28:46.942+0000] {processor.py:157} INFO - Started process (PID=93731) to work on /home/airflow/.local/lib/python3.8/site-packages/airflow/example_dags/example_latest_only_with_trigger.py
[2023-10-06T12:28:46.943+0000] {processor.py:829} INFO - Processing file /home/airflow/.local/lib/python3.8/site-packages/airflow/example_dags/example_latest_only_with_trigger.py for tasks to queue
[2023-10-06T12:28:46.944+0000] {logging_mixin.py:151} INFO - [2023-10-06T12:28:46.944+0000] {dagbag.py:539} INFO - Filling up the DagBag from /home/airflow/.local/lib/python3.8/site-packages/airflow/example_dags/example_latest_only_with_trigger.py
[2023-10-06T12:28:46.947+0000] {processor.py:839} INFO - DAG(s) dict_keys(['latest_only_with_trigger']) retrieved from /home/airflow/.local/lib/python3.8/site-packages/airflow/example_dags/example_latest_only_with_trigger.py
[2023-10-06T12:28:46.960+0000] {logging_mixin.py:151} INFO - [2023-10-06T12:28:46.960+0000] {dag.py:2907} INFO - Sync 1 DAGs
[2023-10-06T12:28:46.970+0000] {logging_mixin.py:151} INFO - [2023-10-06T12:28:46.970+0000] {dag.py:3677} INFO - Setting next_dagrun for latest_only_with_trigger to 2023-10-06T08:28:46.970526+00:00, run_after=2023-10-06T12:28:46.970526+00:00
[2023-10-06T12:28:46.981+0000] {processor.py:179} INFO - Processing /home/airflow/.local/lib/python3.8/site-packages/airflow/example_dags/example_latest_only_with_trigger.py took 0.041 seconds
[2023-10-06T12:39:00.365+0000] {processor.py:157} INFO - Started process (PID=93782) to work on /home/airflow/.local/lib/python3.8/site-packages/airflow/example_dags/example_latest_only_with_trigger.py
[2023-10-06T12:39:00.365+0000] {processor.py:829} INFO - Processing file /home/airflow/.local/lib/python3.8/site-packages/airflow/example_dags/example_latest_only_with_trigger.py for tasks to queue
[2023-10-06T12:39:00.367+0000] {logging_mixin.py:151} INFO - [2023-10-06T12:39:00.366+0000] {dagbag.py:539} INFO - Filling up the DagBag from /home/airflow/.local/lib/python3.8/site-packages/airflow/example_dags/example_latest_only_with_trigger.py
[2023-10-06T12:39:00.370+0000] {processor.py:839} INFO - DAG(s) dict_keys(['latest_only_with_trigger']) retrieved from /home/airflow/.local/lib/python3.8/site-packages/airflow/example_dags/example_latest_only_with_trigger.py
[2023-10-06T12:39:00.382+0000] {logging_mixin.py:151} INFO - [2023-10-06T12:39:00.382+0000] {dag.py:2907} INFO - Sync 1 DAGs
[2023-10-06T12:39:00.393+0000] {logging_mixin.py:151} INFO - [2023-10-06T12:39:00.393+0000] {dag.py:3677} INFO - Setting next_dagrun for latest_only_with_trigger to 2023-10-06T08:39:00.393222+00:00, run_after=2023-10-06T12:39:00.393222+00:00
[2023-10-06T12:39:00.403+0000] {processor.py:179} INFO - Processing /home/airflow/.local/lib/python3.8/site-packages/airflow/example_dags/example_latest_only_with_trigger.py took 0.041 seconds
[2023-10-06T12:54:55.936+0000] {processor.py:157} INFO - Started process (PID=93833) to work on /home/airflow/.local/lib/python3.8/site-packages/airflow/example_dags/example_latest_only_with_trigger.py
[2023-10-06T12:54:55.937+0000] {processor.py:829} INFO - Processing file /home/airflow/.local/lib/python3.8/site-packages/airflow/example_dags/example_latest_only_with_trigger.py for tasks to queue
[2023-10-06T12:54:55.938+0000] {logging_mixin.py:151} INFO - [2023-10-06T12:54:55.938+0000] {dagbag.py:539} INFO - Filling up the DagBag from /home/airflow/.local/lib/python3.8/site-packages/airflow/example_dags/example_latest_only_with_trigger.py
[2023-10-06T12:54:55.942+0000] {processor.py:839} INFO - DAG(s) dict_keys(['latest_only_with_trigger']) retrieved from /home/airflow/.local/lib/python3.8/site-packages/airflow/example_dags/example_latest_only_with_trigger.py
[2023-10-06T12:54:55.954+0000] {logging_mixin.py:151} INFO - [2023-10-06T12:54:55.954+0000] {dag.py:2907} INFO - Sync 1 DAGs
[2023-10-06T12:54:55.965+0000] {logging_mixin.py:151} INFO - [2023-10-06T12:54:55.965+0000] {dag.py:3677} INFO - Setting next_dagrun for latest_only_with_trigger to 2023-10-06T08:54:55.965365+00:00, run_after=2023-10-06T12:54:55.965365+00:00
[2023-10-06T12:54:55.976+0000] {processor.py:179} INFO - Processing /home/airflow/.local/lib/python3.8/site-packages/airflow/example_dags/example_latest_only_with_trigger.py took 0.043 seconds
[2023-10-06T13:46:12.144+0000] {processor.py:157} INFO - Started process (PID=93884) to work on /home/airflow/.local/lib/python3.8/site-packages/airflow/example_dags/example_latest_only_with_trigger.py
[2023-10-06T13:46:12.145+0000] {processor.py:829} INFO - Processing file /home/airflow/.local/lib/python3.8/site-packages/airflow/example_dags/example_latest_only_with_trigger.py for tasks to queue
[2023-10-06T13:46:12.146+0000] {logging_mixin.py:151} INFO - [2023-10-06T13:46:12.146+0000] {dagbag.py:539} INFO - Filling up the DagBag from /home/airflow/.local/lib/python3.8/site-packages/airflow/example_dags/example_latest_only_with_trigger.py
[2023-10-06T13:46:12.149+0000] {processor.py:839} INFO - DAG(s) dict_keys(['latest_only_with_trigger']) retrieved from /home/airflow/.local/lib/python3.8/site-packages/airflow/example_dags/example_latest_only_with_trigger.py
[2023-10-06T13:46:12.165+0000] {logging_mixin.py:151} INFO - [2023-10-06T13:46:12.164+0000] {dag.py:2907} INFO - Sync 1 DAGs
[2023-10-06T13:46:12.174+0000] {logging_mixin.py:151} INFO - [2023-10-06T13:46:12.174+0000] {dag.py:3677} INFO - Setting next_dagrun for latest_only_with_trigger to 2023-10-06T09:46:12.174808+00:00, run_after=2023-10-06T13:46:12.174808+00:00
[2023-10-06T13:46:12.188+0000] {processor.py:179} INFO - Processing /home/airflow/.local/lib/python3.8/site-packages/airflow/example_dags/example_latest_only_with_trigger.py took 0.046 seconds
[2023-10-06T15:22:52.946+0000] {processor.py:157} INFO - Started process (PID=93935) to work on /home/airflow/.local/lib/python3.8/site-packages/airflow/example_dags/example_latest_only_with_trigger.py
[2023-10-06T15:22:52.947+0000] {processor.py:829} INFO - Processing file /home/airflow/.local/lib/python3.8/site-packages/airflow/example_dags/example_latest_only_with_trigger.py for tasks to queue
[2023-10-06T15:22:52.948+0000] {logging_mixin.py:151} INFO - [2023-10-06T15:22:52.948+0000] {dagbag.py:539} INFO - Filling up the DagBag from /home/airflow/.local/lib/python3.8/site-packages/airflow/example_dags/example_latest_only_with_trigger.py
[2023-10-06T15:22:52.952+0000] {processor.py:839} INFO - DAG(s) dict_keys(['latest_only_with_trigger']) retrieved from /home/airflow/.local/lib/python3.8/site-packages/airflow/example_dags/example_latest_only_with_trigger.py
[2023-10-06T15:22:52.965+0000] {logging_mixin.py:151} INFO - [2023-10-06T15:22:52.965+0000] {dag.py:2907} INFO - Sync 1 DAGs
[2023-10-06T15:22:52.976+0000] {logging_mixin.py:151} INFO - [2023-10-06T15:22:52.976+0000] {dag.py:3677} INFO - Setting next_dagrun for latest_only_with_trigger to 2023-10-06T11:22:52.976211+00:00, run_after=2023-10-06T15:22:52.976211+00:00
[2023-10-06T15:22:52.988+0000] {processor.py:179} INFO - Processing /home/airflow/.local/lib/python3.8/site-packages/airflow/example_dags/example_latest_only_with_trigger.py took 0.043 seconds
[2023-10-06T16:45:55.651+0000] {processor.py:157} INFO - Started process (PID=93986) to work on /home/airflow/.local/lib/python3.8/site-packages/airflow/example_dags/example_latest_only_with_trigger.py
[2023-10-06T16:45:55.652+0000] {processor.py:829} INFO - Processing file /home/airflow/.local/lib/python3.8/site-packages/airflow/example_dags/example_latest_only_with_trigger.py for tasks to queue
[2023-10-06T16:45:55.653+0000] {logging_mixin.py:151} INFO - [2023-10-06T16:45:55.653+0000] {dagbag.py:539} INFO - Filling up the DagBag from /home/airflow/.local/lib/python3.8/site-packages/airflow/example_dags/example_latest_only_with_trigger.py
[2023-10-06T16:45:55.657+0000] {processor.py:839} INFO - DAG(s) dict_keys(['latest_only_with_trigger']) retrieved from /home/airflow/.local/lib/python3.8/site-packages/airflow/example_dags/example_latest_only_with_trigger.py
[2023-10-06T16:45:55.669+0000] {logging_mixin.py:151} INFO - [2023-10-06T16:45:55.669+0000] {dag.py:2907} INFO - Sync 1 DAGs
[2023-10-06T16:45:55.680+0000] {logging_mixin.py:151} INFO - [2023-10-06T16:45:55.680+0000] {dag.py:3677} INFO - Setting next_dagrun for latest_only_with_trigger to 2023-10-06T12:45:55.679906+00:00, run_after=2023-10-06T16:45:55.679906+00:00
[2023-10-06T16:45:55.690+0000] {processor.py:179} INFO - Processing /home/airflow/.local/lib/python3.8/site-packages/airflow/example_dags/example_latest_only_with_trigger.py took 0.041 seconds
[2023-10-06T18:26:19.257+0000] {processor.py:157} INFO - Started process (PID=94037) to work on /home/airflow/.local/lib/python3.8/site-packages/airflow/example_dags/example_latest_only_with_trigger.py
[2023-10-06T18:26:19.258+0000] {processor.py:829} INFO - Processing file /home/airflow/.local/lib/python3.8/site-packages/airflow/example_dags/example_latest_only_with_trigger.py for tasks to queue
[2023-10-06T18:26:19.259+0000] {logging_mixin.py:151} INFO - [2023-10-06T18:26:19.259+0000] {dagbag.py:539} INFO - Filling up the DagBag from /home/airflow/.local/lib/python3.8/site-packages/airflow/example_dags/example_latest_only_with_trigger.py
[2023-10-06T18:26:19.262+0000] {processor.py:839} INFO - DAG(s) dict_keys(['latest_only_with_trigger']) retrieved from /home/airflow/.local/lib/python3.8/site-packages/airflow/example_dags/example_latest_only_with_trigger.py
[2023-10-06T18:26:19.277+0000] {logging_mixin.py:151} INFO - [2023-10-06T18:26:19.277+0000] {dag.py:2907} INFO - Sync 1 DAGs
[2023-10-06T18:26:19.293+0000] {logging_mixin.py:151} INFO - [2023-10-06T18:26:19.293+0000] {dag.py:3677} INFO - Setting next_dagrun for latest_only_with_trigger to 2023-10-06T14:26:19.292907+00:00, run_after=2023-10-06T18:26:19.292907+00:00
[2023-10-06T18:26:19.304+0000] {processor.py:179} INFO - Processing /home/airflow/.local/lib/python3.8/site-packages/airflow/example_dags/example_latest_only_with_trigger.py took 0.049 seconds
[2023-10-06T20:02:31.571+0000] {processor.py:157} INFO - Started process (PID=94088) to work on /home/airflow/.local/lib/python3.8/site-packages/airflow/example_dags/example_latest_only_with_trigger.py
[2023-10-06T20:02:31.572+0000] {processor.py:829} INFO - Processing file /home/airflow/.local/lib/python3.8/site-packages/airflow/example_dags/example_latest_only_with_trigger.py for tasks to queue
[2023-10-06T20:02:31.573+0000] {logging_mixin.py:151} INFO - [2023-10-06T20:02:31.573+0000] {dagbag.py:539} INFO - Filling up the DagBag from /home/airflow/.local/lib/python3.8/site-packages/airflow/example_dags/example_latest_only_with_trigger.py
[2023-10-06T20:02:31.577+0000] {processor.py:839} INFO - DAG(s) dict_keys(['latest_only_with_trigger']) retrieved from /home/airflow/.local/lib/python3.8/site-packages/airflow/example_dags/example_latest_only_with_trigger.py
[2023-10-06T20:02:31.590+0000] {logging_mixin.py:151} INFO - [2023-10-06T20:02:31.590+0000] {dag.py:2907} INFO - Sync 1 DAGs
[2023-10-06T20:02:31.600+0000] {logging_mixin.py:151} INFO - [2023-10-06T20:02:31.600+0000] {dag.py:3677} INFO - Setting next_dagrun for latest_only_with_trigger to 2023-10-06T16:02:31.600493+00:00, run_after=2023-10-06T20:02:31.600493+00:00
[2023-10-06T20:02:31.612+0000] {processor.py:179} INFO - Processing /home/airflow/.local/lib/python3.8/site-packages/airflow/example_dags/example_latest_only_with_trigger.py took 0.042 seconds
[2023-10-06T21:27:12.636+0000] {processor.py:157} INFO - Started process (PID=94139) to work on /home/airflow/.local/lib/python3.8/site-packages/airflow/example_dags/example_latest_only_with_trigger.py
[2023-10-06T21:27:12.637+0000] {processor.py:829} INFO - Processing file /home/airflow/.local/lib/python3.8/site-packages/airflow/example_dags/example_latest_only_with_trigger.py for tasks to queue
[2023-10-06T21:27:12.639+0000] {logging_mixin.py:151} INFO - [2023-10-06T21:27:12.639+0000] {dagbag.py:539} INFO - Filling up the DagBag from /home/airflow/.local/lib/python3.8/site-packages/airflow/example_dags/example_latest_only_with_trigger.py
[2023-10-06T21:27:12.642+0000] {processor.py:839} INFO - DAG(s) dict_keys(['latest_only_with_trigger']) retrieved from /home/airflow/.local/lib/python3.8/site-packages/airflow/example_dags/example_latest_only_with_trigger.py
[2023-10-06T21:27:12.655+0000] {logging_mixin.py:151} INFO - [2023-10-06T21:27:12.655+0000] {dag.py:2907} INFO - Sync 1 DAGs
[2023-10-06T21:27:12.666+0000] {logging_mixin.py:151} INFO - [2023-10-06T21:27:12.666+0000] {dag.py:3677} INFO - Setting next_dagrun for latest_only_with_trigger to 2023-10-06T17:27:12.666244+00:00, run_after=2023-10-06T21:27:12.666244+00:00
[2023-10-06T21:27:12.680+0000] {processor.py:179} INFO - Processing /home/airflow/.local/lib/python3.8/site-packages/airflow/example_dags/example_latest_only_with_trigger.py took 0.046 seconds
[2023-10-06T23:05:03.949+0000] {processor.py:157} INFO - Started process (PID=94190) to work on /home/airflow/.local/lib/python3.8/site-packages/airflow/example_dags/example_latest_only_with_trigger.py
[2023-10-06T23:05:03.950+0000] {processor.py:829} INFO - Processing file /home/airflow/.local/lib/python3.8/site-packages/airflow/example_dags/example_latest_only_with_trigger.py for tasks to queue
[2023-10-06T23:05:03.951+0000] {logging_mixin.py:151} INFO - [2023-10-06T23:05:03.951+0000] {dagbag.py:539} INFO - Filling up the DagBag from /home/airflow/.local/lib/python3.8/site-packages/airflow/example_dags/example_latest_only_with_trigger.py
[2023-10-06T23:05:03.955+0000] {processor.py:839} INFO - DAG(s) dict_keys(['latest_only_with_trigger']) retrieved from /home/airflow/.local/lib/python3.8/site-packages/airflow/example_dags/example_latest_only_with_trigger.py
[2023-10-06T23:05:04.010+0000] {logging_mixin.py:151} INFO - [2023-10-06T23:05:04.010+0000] {dag.py:2907} INFO - Sync 1 DAGs
[2023-10-06T23:05:04.022+0000] {logging_mixin.py:151} INFO - [2023-10-06T23:05:04.022+0000] {dag.py:3677} INFO - Setting next_dagrun for latest_only_with_trigger to 2023-10-06T19:05:04.022136+00:00, run_after=2023-10-06T23:05:04.022136+00:00
[2023-10-06T23:05:04.033+0000] {processor.py:179} INFO - Processing /home/airflow/.local/lib/python3.8/site-packages/airflow/example_dags/example_latest_only_with_trigger.py took 0.086 seconds
