[2023-10-06T00:01:34.228+0000] {processor.py:157} INFO - Started process (PID=91182) to work on /home/airflow/.local/lib/python3.8/site-packages/airflow/example_dags/example_short_circuit_operator.py
[2023-10-06T00:01:34.229+0000] {processor.py:829} INFO - Processing file /home/airflow/.local/lib/python3.8/site-packages/airflow/example_dags/example_short_circuit_operator.py for tasks to queue
[2023-10-06T00:01:34.230+0000] {logging_mixin.py:151} INFO - [2023-10-06T00:01:34.230+0000] {dagbag.py:539} INFO - Filling up the DagBag from /home/airflow/.local/lib/python3.8/site-packages/airflow/example_dags/example_short_circuit_operator.py
[2023-10-06T00:01:34.238+0000] {processor.py:839} INFO - DAG(s) dict_keys(['example_short_circuit_operator']) retrieved from /home/airflow/.local/lib/python3.8/site-packages/airflow/example_dags/example_short_circuit_operator.py
[2023-10-06T00:01:34.253+0000] {logging_mixin.py:151} INFO - [2023-10-06T00:01:34.253+0000] {dag.py:2907} INFO - Sync 1 DAGs
[2023-10-06T00:01:34.263+0000] {logging_mixin.py:151} INFO - [2023-10-06T00:01:34.263+0000] {dag.py:3677} INFO - Setting next_dagrun for example_short_circuit_operator to 2023-10-05T00:01:34.263749+00:00, run_after=2023-10-06T00:01:34.263749+00:00
[2023-10-06T00:01:34.275+0000] {processor.py:179} INFO - Processing /home/airflow/.local/lib/python3.8/site-packages/airflow/example_dags/example_short_circuit_operator.py took 0.050 seconds
[2023-10-06T00:02:05.029+0000] {processor.py:157} INFO - Started process (PID=91233) to work on /home/airflow/.local/lib/python3.8/site-packages/airflow/example_dags/example_short_circuit_operator.py
[2023-10-06T00:02:05.030+0000] {processor.py:829} INFO - Processing file /home/airflow/.local/lib/python3.8/site-packages/airflow/example_dags/example_short_circuit_operator.py for tasks to queue
[2023-10-06T00:02:05.031+0000] {logging_mixin.py:151} INFO - [2023-10-06T00:02:05.031+0000] {dagbag.py:539} INFO - Filling up the DagBag from /home/airflow/.local/lib/python3.8/site-packages/airflow/example_dags/example_short_circuit_operator.py
[2023-10-06T00:02:05.036+0000] {processor.py:839} INFO - DAG(s) dict_keys(['example_short_circuit_operator']) retrieved from /home/airflow/.local/lib/python3.8/site-packages/airflow/example_dags/example_short_circuit_operator.py
[2023-10-06T00:02:05.053+0000] {logging_mixin.py:151} INFO - [2023-10-06T00:02:05.053+0000] {dag.py:2907} INFO - Sync 1 DAGs
[2023-10-06T00:02:05.063+0000] {logging_mixin.py:151} INFO - [2023-10-06T00:02:05.063+0000] {dag.py:3677} INFO - Setting next_dagrun for example_short_circuit_operator to 2023-10-05T00:02:05.063288+00:00, run_after=2023-10-06T00:02:05.063288+00:00
[2023-10-06T00:02:05.074+0000] {processor.py:179} INFO - Processing /home/airflow/.local/lib/python3.8/site-packages/airflow/example_dags/example_short_circuit_operator.py took 0.047 seconds
[2023-10-06T00:02:35.540+0000] {processor.py:157} INFO - Started process (PID=91284) to work on /home/airflow/.local/lib/python3.8/site-packages/airflow/example_dags/example_short_circuit_operator.py
[2023-10-06T00:02:35.540+0000] {processor.py:829} INFO - Processing file /home/airflow/.local/lib/python3.8/site-packages/airflow/example_dags/example_short_circuit_operator.py for tasks to queue
[2023-10-06T00:02:35.542+0000] {logging_mixin.py:151} INFO - [2023-10-06T00:02:35.542+0000] {dagbag.py:539} INFO - Filling up the DagBag from /home/airflow/.local/lib/python3.8/site-packages/airflow/example_dags/example_short_circuit_operator.py
[2023-10-06T00:02:35.546+0000] {processor.py:839} INFO - DAG(s) dict_keys(['example_short_circuit_operator']) retrieved from /home/airflow/.local/lib/python3.8/site-packages/airflow/example_dags/example_short_circuit_operator.py
[2023-10-06T00:02:35.559+0000] {logging_mixin.py:151} INFO - [2023-10-06T00:02:35.559+0000] {dag.py:2907} INFO - Sync 1 DAGs
[2023-10-06T00:02:35.570+0000] {logging_mixin.py:151} INFO - [2023-10-06T00:02:35.570+0000] {dag.py:3677} INFO - Setting next_dagrun for example_short_circuit_operator to 2023-10-05T00:02:35.570063+00:00, run_after=2023-10-06T00:02:35.570063+00:00
[2023-10-06T00:02:35.582+0000] {processor.py:179} INFO - Processing /home/airflow/.local/lib/python3.8/site-packages/airflow/example_dags/example_short_circuit_operator.py took 0.044 seconds
[2023-10-06T00:03:05.972+0000] {processor.py:157} INFO - Started process (PID=91335) to work on /home/airflow/.local/lib/python3.8/site-packages/airflow/example_dags/example_short_circuit_operator.py
[2023-10-06T00:03:05.973+0000] {processor.py:829} INFO - Processing file /home/airflow/.local/lib/python3.8/site-packages/airflow/example_dags/example_short_circuit_operator.py for tasks to queue
[2023-10-06T00:03:05.974+0000] {logging_mixin.py:151} INFO - [2023-10-06T00:03:05.974+0000] {dagbag.py:539} INFO - Filling up the DagBag from /home/airflow/.local/lib/python3.8/site-packages/airflow/example_dags/example_short_circuit_operator.py
[2023-10-06T00:03:05.978+0000] {processor.py:839} INFO - DAG(s) dict_keys(['example_short_circuit_operator']) retrieved from /home/airflow/.local/lib/python3.8/site-packages/airflow/example_dags/example_short_circuit_operator.py
[2023-10-06T00:03:05.992+0000] {logging_mixin.py:151} INFO - [2023-10-06T00:03:05.992+0000] {dag.py:2907} INFO - Sync 1 DAGs
[2023-10-06T00:03:06.003+0000] {logging_mixin.py:151} INFO - [2023-10-06T00:03:06.003+0000] {dag.py:3677} INFO - Setting next_dagrun for example_short_circuit_operator to 2023-10-05T00:03:06.003181+00:00, run_after=2023-10-06T00:03:06.003181+00:00
[2023-10-06T00:03:06.014+0000] {processor.py:179} INFO - Processing /home/airflow/.local/lib/python3.8/site-packages/airflow/example_dags/example_short_circuit_operator.py took 0.044 seconds
[2023-10-06T00:03:36.320+0000] {processor.py:157} INFO - Started process (PID=91386) to work on /home/airflow/.local/lib/python3.8/site-packages/airflow/example_dags/example_short_circuit_operator.py
[2023-10-06T00:03:36.320+0000] {processor.py:829} INFO - Processing file /home/airflow/.local/lib/python3.8/site-packages/airflow/example_dags/example_short_circuit_operator.py for tasks to queue
[2023-10-06T00:03:36.321+0000] {logging_mixin.py:151} INFO - [2023-10-06T00:03:36.321+0000] {dagbag.py:539} INFO - Filling up the DagBag from /home/airflow/.local/lib/python3.8/site-packages/airflow/example_dags/example_short_circuit_operator.py
[2023-10-06T00:03:36.326+0000] {processor.py:839} INFO - DAG(s) dict_keys(['example_short_circuit_operator']) retrieved from /home/airflow/.local/lib/python3.8/site-packages/airflow/example_dags/example_short_circuit_operator.py
[2023-10-06T00:03:36.338+0000] {logging_mixin.py:151} INFO - [2023-10-06T00:03:36.338+0000] {dag.py:2907} INFO - Sync 1 DAGs
[2023-10-06T00:03:36.347+0000] {logging_mixin.py:151} INFO - [2023-10-06T00:03:36.347+0000] {dag.py:3677} INFO - Setting next_dagrun for example_short_circuit_operator to 2023-10-05T00:03:36.347774+00:00, run_after=2023-10-06T00:03:36.347774+00:00
[2023-10-06T00:03:36.358+0000] {processor.py:179} INFO - Processing /home/airflow/.local/lib/python3.8/site-packages/airflow/example_dags/example_short_circuit_operator.py took 0.041 seconds
[2023-10-06T00:04:06.934+0000] {processor.py:157} INFO - Started process (PID=91437) to work on /home/airflow/.local/lib/python3.8/site-packages/airflow/example_dags/example_short_circuit_operator.py
[2023-10-06T00:04:06.935+0000] {processor.py:829} INFO - Processing file /home/airflow/.local/lib/python3.8/site-packages/airflow/example_dags/example_short_circuit_operator.py for tasks to queue
[2023-10-06T00:04:06.936+0000] {logging_mixin.py:151} INFO - [2023-10-06T00:04:06.936+0000] {dagbag.py:539} INFO - Filling up the DagBag from /home/airflow/.local/lib/python3.8/site-packages/airflow/example_dags/example_short_circuit_operator.py
[2023-10-06T00:04:06.940+0000] {processor.py:839} INFO - DAG(s) dict_keys(['example_short_circuit_operator']) retrieved from /home/airflow/.local/lib/python3.8/site-packages/airflow/example_dags/example_short_circuit_operator.py
[2023-10-06T00:04:06.952+0000] {logging_mixin.py:151} INFO - [2023-10-06T00:04:06.952+0000] {dag.py:2907} INFO - Sync 1 DAGs
[2023-10-06T00:04:06.962+0000] {logging_mixin.py:151} INFO - [2023-10-06T00:04:06.961+0000] {dag.py:3677} INFO - Setting next_dagrun for example_short_circuit_operator to 2023-10-05T00:04:06.961825+00:00, run_after=2023-10-06T00:04:06.961825+00:00
[2023-10-06T00:04:06.972+0000] {processor.py:179} INFO - Processing /home/airflow/.local/lib/python3.8/site-packages/airflow/example_dags/example_short_circuit_operator.py took 0.040 seconds
[2023-10-06T00:04:37.155+0000] {processor.py:157} INFO - Started process (PID=91488) to work on /home/airflow/.local/lib/python3.8/site-packages/airflow/example_dags/example_short_circuit_operator.py
[2023-10-06T00:04:37.155+0000] {processor.py:829} INFO - Processing file /home/airflow/.local/lib/python3.8/site-packages/airflow/example_dags/example_short_circuit_operator.py for tasks to queue
[2023-10-06T00:04:37.157+0000] {logging_mixin.py:151} INFO - [2023-10-06T00:04:37.156+0000] {dagbag.py:539} INFO - Filling up the DagBag from /home/airflow/.local/lib/python3.8/site-packages/airflow/example_dags/example_short_circuit_operator.py
[2023-10-06T00:04:37.161+0000] {processor.py:839} INFO - DAG(s) dict_keys(['example_short_circuit_operator']) retrieved from /home/airflow/.local/lib/python3.8/site-packages/airflow/example_dags/example_short_circuit_operator.py
[2023-10-06T00:04:37.175+0000] {logging_mixin.py:151} INFO - [2023-10-06T00:04:37.175+0000] {dag.py:2907} INFO - Sync 1 DAGs
[2023-10-06T00:04:37.186+0000] {logging_mixin.py:151} INFO - [2023-10-06T00:04:37.186+0000] {dag.py:3677} INFO - Setting next_dagrun for example_short_circuit_operator to 2023-10-05T00:04:37.186261+00:00, run_after=2023-10-06T00:04:37.186261+00:00
[2023-10-06T00:04:37.198+0000] {processor.py:179} INFO - Processing /home/airflow/.local/lib/python3.8/site-packages/airflow/example_dags/example_short_circuit_operator.py took 0.045 seconds
[2023-10-06T00:05:08.559+0000] {processor.py:157} INFO - Started process (PID=91539) to work on /home/airflow/.local/lib/python3.8/site-packages/airflow/example_dags/example_short_circuit_operator.py
[2023-10-06T00:05:08.560+0000] {processor.py:829} INFO - Processing file /home/airflow/.local/lib/python3.8/site-packages/airflow/example_dags/example_short_circuit_operator.py for tasks to queue
[2023-10-06T00:05:08.561+0000] {logging_mixin.py:151} INFO - [2023-10-06T00:05:08.561+0000] {dagbag.py:539} INFO - Filling up the DagBag from /home/airflow/.local/lib/python3.8/site-packages/airflow/example_dags/example_short_circuit_operator.py
[2023-10-06T00:05:08.566+0000] {processor.py:839} INFO - DAG(s) dict_keys(['example_short_circuit_operator']) retrieved from /home/airflow/.local/lib/python3.8/site-packages/airflow/example_dags/example_short_circuit_operator.py
[2023-10-06T00:05:08.580+0000] {logging_mixin.py:151} INFO - [2023-10-06T00:05:08.580+0000] {dag.py:2907} INFO - Sync 1 DAGs
[2023-10-06T00:05:08.591+0000] {logging_mixin.py:151} INFO - [2023-10-06T00:05:08.591+0000] {dag.py:3677} INFO - Setting next_dagrun for example_short_circuit_operator to 2023-10-05T00:05:08.591308+00:00, run_after=2023-10-06T00:05:08.591308+00:00
[2023-10-06T00:05:08.602+0000] {processor.py:179} INFO - Processing /home/airflow/.local/lib/python3.8/site-packages/airflow/example_dags/example_short_circuit_operator.py took 0.044 seconds
[2023-10-06T00:05:38.942+0000] {processor.py:157} INFO - Started process (PID=91590) to work on /home/airflow/.local/lib/python3.8/site-packages/airflow/example_dags/example_short_circuit_operator.py
[2023-10-06T00:05:38.942+0000] {processor.py:829} INFO - Processing file /home/airflow/.local/lib/python3.8/site-packages/airflow/example_dags/example_short_circuit_operator.py for tasks to queue
[2023-10-06T00:05:38.944+0000] {logging_mixin.py:151} INFO - [2023-10-06T00:05:38.943+0000] {dagbag.py:539} INFO - Filling up the DagBag from /home/airflow/.local/lib/python3.8/site-packages/airflow/example_dags/example_short_circuit_operator.py
[2023-10-06T00:05:38.947+0000] {processor.py:839} INFO - DAG(s) dict_keys(['example_short_circuit_operator']) retrieved from /home/airflow/.local/lib/python3.8/site-packages/airflow/example_dags/example_short_circuit_operator.py
[2023-10-06T00:05:38.960+0000] {logging_mixin.py:151} INFO - [2023-10-06T00:05:38.960+0000] {dag.py:2907} INFO - Sync 1 DAGs
[2023-10-06T00:05:38.969+0000] {logging_mixin.py:151} INFO - [2023-10-06T00:05:38.969+0000] {dag.py:3677} INFO - Setting next_dagrun for example_short_circuit_operator to 2023-10-05T00:05:38.969727+00:00, run_after=2023-10-06T00:05:38.969727+00:00
[2023-10-06T00:05:38.980+0000] {processor.py:179} INFO - Processing /home/airflow/.local/lib/python3.8/site-packages/airflow/example_dags/example_short_circuit_operator.py took 0.040 seconds
[2023-10-06T00:06:09.341+0000] {processor.py:157} INFO - Started process (PID=91641) to work on /home/airflow/.local/lib/python3.8/site-packages/airflow/example_dags/example_short_circuit_operator.py
[2023-10-06T00:06:09.341+0000] {processor.py:829} INFO - Processing file /home/airflow/.local/lib/python3.8/site-packages/airflow/example_dags/example_short_circuit_operator.py for tasks to queue
[2023-10-06T00:06:09.343+0000] {logging_mixin.py:151} INFO - [2023-10-06T00:06:09.342+0000] {dagbag.py:539} INFO - Filling up the DagBag from /home/airflow/.local/lib/python3.8/site-packages/airflow/example_dags/example_short_circuit_operator.py
[2023-10-06T00:06:09.347+0000] {processor.py:839} INFO - DAG(s) dict_keys(['example_short_circuit_operator']) retrieved from /home/airflow/.local/lib/python3.8/site-packages/airflow/example_dags/example_short_circuit_operator.py
[2023-10-06T00:06:09.360+0000] {logging_mixin.py:151} INFO - [2023-10-06T00:06:09.360+0000] {dag.py:2907} INFO - Sync 1 DAGs
[2023-10-06T00:06:09.371+0000] {logging_mixin.py:151} INFO - [2023-10-06T00:06:09.371+0000] {dag.py:3677} INFO - Setting next_dagrun for example_short_circuit_operator to 2023-10-05T00:06:09.371404+00:00, run_after=2023-10-06T00:06:09.371404+00:00
[2023-10-06T00:06:09.382+0000] {processor.py:179} INFO - Processing /home/airflow/.local/lib/python3.8/site-packages/airflow/example_dags/example_short_circuit_operator.py took 0.043 seconds
[2023-10-06T00:06:39.723+0000] {processor.py:157} INFO - Started process (PID=91692) to work on /home/airflow/.local/lib/python3.8/site-packages/airflow/example_dags/example_short_circuit_operator.py
[2023-10-06T00:06:39.723+0000] {processor.py:829} INFO - Processing file /home/airflow/.local/lib/python3.8/site-packages/airflow/example_dags/example_short_circuit_operator.py for tasks to queue
[2023-10-06T00:06:39.725+0000] {logging_mixin.py:151} INFO - [2023-10-06T00:06:39.724+0000] {dagbag.py:539} INFO - Filling up the DagBag from /home/airflow/.local/lib/python3.8/site-packages/airflow/example_dags/example_short_circuit_operator.py
[2023-10-06T00:06:39.729+0000] {processor.py:839} INFO - DAG(s) dict_keys(['example_short_circuit_operator']) retrieved from /home/airflow/.local/lib/python3.8/site-packages/airflow/example_dags/example_short_circuit_operator.py
[2023-10-06T00:06:39.741+0000] {logging_mixin.py:151} INFO - [2023-10-06T00:06:39.741+0000] {dag.py:2907} INFO - Sync 1 DAGs
[2023-10-06T00:06:39.752+0000] {logging_mixin.py:151} INFO - [2023-10-06T00:06:39.752+0000] {dag.py:3677} INFO - Setting next_dagrun for example_short_circuit_operator to 2023-10-05T00:06:39.751959+00:00, run_after=2023-10-06T00:06:39.751959+00:00
[2023-10-06T00:06:39.761+0000] {processor.py:179} INFO - Processing /home/airflow/.local/lib/python3.8/site-packages/airflow/example_dags/example_short_circuit_operator.py took 0.041 seconds
[2023-10-06T00:07:11.107+0000] {processor.py:157} INFO - Started process (PID=91743) to work on /home/airflow/.local/lib/python3.8/site-packages/airflow/example_dags/example_short_circuit_operator.py
[2023-10-06T00:07:11.108+0000] {processor.py:829} INFO - Processing file /home/airflow/.local/lib/python3.8/site-packages/airflow/example_dags/example_short_circuit_operator.py for tasks to queue
[2023-10-06T00:07:11.109+0000] {logging_mixin.py:151} INFO - [2023-10-06T00:07:11.109+0000] {dagbag.py:539} INFO - Filling up the DagBag from /home/airflow/.local/lib/python3.8/site-packages/airflow/example_dags/example_short_circuit_operator.py
[2023-10-06T00:07:11.113+0000] {processor.py:839} INFO - DAG(s) dict_keys(['example_short_circuit_operator']) retrieved from /home/airflow/.local/lib/python3.8/site-packages/airflow/example_dags/example_short_circuit_operator.py
[2023-10-06T00:07:11.126+0000] {logging_mixin.py:151} INFO - [2023-10-06T00:07:11.126+0000] {dag.py:2907} INFO - Sync 1 DAGs
[2023-10-06T00:07:11.136+0000] {logging_mixin.py:151} INFO - [2023-10-06T00:07:11.136+0000] {dag.py:3677} INFO - Setting next_dagrun for example_short_circuit_operator to 2023-10-05T00:07:11.136684+00:00, run_after=2023-10-06T00:07:11.136684+00:00
[2023-10-06T00:07:11.149+0000] {processor.py:179} INFO - Processing /home/airflow/.local/lib/python3.8/site-packages/airflow/example_dags/example_short_circuit_operator.py took 0.044 seconds
[2023-10-06T00:07:41.970+0000] {processor.py:157} INFO - Started process (PID=91794) to work on /home/airflow/.local/lib/python3.8/site-packages/airflow/example_dags/example_short_circuit_operator.py
[2023-10-06T00:07:41.971+0000] {processor.py:829} INFO - Processing file /home/airflow/.local/lib/python3.8/site-packages/airflow/example_dags/example_short_circuit_operator.py for tasks to queue
[2023-10-06T00:07:41.972+0000] {logging_mixin.py:151} INFO - [2023-10-06T00:07:41.972+0000] {dagbag.py:539} INFO - Filling up the DagBag from /home/airflow/.local/lib/python3.8/site-packages/airflow/example_dags/example_short_circuit_operator.py
[2023-10-06T00:07:41.976+0000] {processor.py:839} INFO - DAG(s) dict_keys(['example_short_circuit_operator']) retrieved from /home/airflow/.local/lib/python3.8/site-packages/airflow/example_dags/example_short_circuit_operator.py
[2023-10-06T00:07:41.989+0000] {logging_mixin.py:151} INFO - [2023-10-06T00:07:41.989+0000] {dag.py:2907} INFO - Sync 1 DAGs
[2023-10-06T00:07:41.999+0000] {logging_mixin.py:151} INFO - [2023-10-06T00:07:41.999+0000] {dag.py:3677} INFO - Setting next_dagrun for example_short_circuit_operator to 2023-10-05T00:07:41.999588+00:00, run_after=2023-10-06T00:07:41.999588+00:00
[2023-10-06T00:07:42.010+0000] {processor.py:179} INFO - Processing /home/airflow/.local/lib/python3.8/site-packages/airflow/example_dags/example_short_circuit_operator.py took 0.042 seconds
[2023-10-06T00:08:12.540+0000] {processor.py:157} INFO - Started process (PID=91845) to work on /home/airflow/.local/lib/python3.8/site-packages/airflow/example_dags/example_short_circuit_operator.py
[2023-10-06T00:08:12.540+0000] {processor.py:829} INFO - Processing file /home/airflow/.local/lib/python3.8/site-packages/airflow/example_dags/example_short_circuit_operator.py for tasks to queue
[2023-10-06T00:08:12.542+0000] {logging_mixin.py:151} INFO - [2023-10-06T00:08:12.542+0000] {dagbag.py:539} INFO - Filling up the DagBag from /home/airflow/.local/lib/python3.8/site-packages/airflow/example_dags/example_short_circuit_operator.py
[2023-10-06T00:08:12.546+0000] {processor.py:839} INFO - DAG(s) dict_keys(['example_short_circuit_operator']) retrieved from /home/airflow/.local/lib/python3.8/site-packages/airflow/example_dags/example_short_circuit_operator.py
[2023-10-06T00:08:12.559+0000] {logging_mixin.py:151} INFO - [2023-10-06T00:08:12.559+0000] {dag.py:2907} INFO - Sync 1 DAGs
[2023-10-06T00:08:12.570+0000] {logging_mixin.py:151} INFO - [2023-10-06T00:08:12.570+0000] {dag.py:3677} INFO - Setting next_dagrun for example_short_circuit_operator to 2023-10-05T00:08:12.570218+00:00, run_after=2023-10-06T00:08:12.570218+00:00
[2023-10-06T00:08:12.580+0000] {processor.py:179} INFO - Processing /home/airflow/.local/lib/python3.8/site-packages/airflow/example_dags/example_short_circuit_operator.py took 0.042 seconds
[2023-10-06T00:08:43.271+0000] {processor.py:157} INFO - Started process (PID=91896) to work on /home/airflow/.local/lib/python3.8/site-packages/airflow/example_dags/example_short_circuit_operator.py
[2023-10-06T00:08:43.272+0000] {processor.py:829} INFO - Processing file /home/airflow/.local/lib/python3.8/site-packages/airflow/example_dags/example_short_circuit_operator.py for tasks to queue
[2023-10-06T00:08:43.273+0000] {logging_mixin.py:151} INFO - [2023-10-06T00:08:43.273+0000] {dagbag.py:539} INFO - Filling up the DagBag from /home/airflow/.local/lib/python3.8/site-packages/airflow/example_dags/example_short_circuit_operator.py
[2023-10-06T00:08:43.278+0000] {processor.py:839} INFO - DAG(s) dict_keys(['example_short_circuit_operator']) retrieved from /home/airflow/.local/lib/python3.8/site-packages/airflow/example_dags/example_short_circuit_operator.py
[2023-10-06T00:08:43.292+0000] {logging_mixin.py:151} INFO - [2023-10-06T00:08:43.292+0000] {dag.py:2907} INFO - Sync 1 DAGs
[2023-10-06T00:08:43.302+0000] {logging_mixin.py:151} INFO - [2023-10-06T00:08:43.302+0000] {dag.py:3677} INFO - Setting next_dagrun for example_short_circuit_operator to 2023-10-05T00:08:43.302318+00:00, run_after=2023-10-06T00:08:43.302318+00:00
[2023-10-06T00:08:43.313+0000] {processor.py:179} INFO - Processing /home/airflow/.local/lib/python3.8/site-packages/airflow/example_dags/example_short_circuit_operator.py took 0.043 seconds
[2023-10-06T00:09:13.988+0000] {processor.py:157} INFO - Started process (PID=91947) to work on /home/airflow/.local/lib/python3.8/site-packages/airflow/example_dags/example_short_circuit_operator.py
[2023-10-06T00:09:13.989+0000] {processor.py:829} INFO - Processing file /home/airflow/.local/lib/python3.8/site-packages/airflow/example_dags/example_short_circuit_operator.py for tasks to queue
[2023-10-06T00:09:13.990+0000] {logging_mixin.py:151} INFO - [2023-10-06T00:09:13.990+0000] {dagbag.py:539} INFO - Filling up the DagBag from /home/airflow/.local/lib/python3.8/site-packages/airflow/example_dags/example_short_circuit_operator.py
[2023-10-06T00:09:13.994+0000] {processor.py:839} INFO - DAG(s) dict_keys(['example_short_circuit_operator']) retrieved from /home/airflow/.local/lib/python3.8/site-packages/airflow/example_dags/example_short_circuit_operator.py
[2023-10-06T00:09:14.011+0000] {logging_mixin.py:151} INFO - [2023-10-06T00:09:14.011+0000] {dag.py:2907} INFO - Sync 1 DAGs
[2023-10-06T00:09:14.021+0000] {logging_mixin.py:151} INFO - [2023-10-06T00:09:14.021+0000] {dag.py:3677} INFO - Setting next_dagrun for example_short_circuit_operator to 2023-10-05T00:09:14.021464+00:00, run_after=2023-10-06T00:09:14.021464+00:00
[2023-10-06T00:09:14.032+0000] {processor.py:179} INFO - Processing /home/airflow/.local/lib/python3.8/site-packages/airflow/example_dags/example_short_circuit_operator.py took 0.046 seconds
[2023-10-06T00:09:44.556+0000] {processor.py:157} INFO - Started process (PID=91998) to work on /home/airflow/.local/lib/python3.8/site-packages/airflow/example_dags/example_short_circuit_operator.py
[2023-10-06T00:09:44.556+0000] {processor.py:829} INFO - Processing file /home/airflow/.local/lib/python3.8/site-packages/airflow/example_dags/example_short_circuit_operator.py for tasks to queue
[2023-10-06T00:09:44.557+0000] {logging_mixin.py:151} INFO - [2023-10-06T00:09:44.557+0000] {dagbag.py:539} INFO - Filling up the DagBag from /home/airflow/.local/lib/python3.8/site-packages/airflow/example_dags/example_short_circuit_operator.py
[2023-10-06T00:09:44.561+0000] {processor.py:839} INFO - DAG(s) dict_keys(['example_short_circuit_operator']) retrieved from /home/airflow/.local/lib/python3.8/site-packages/airflow/example_dags/example_short_circuit_operator.py
[2023-10-06T00:09:44.576+0000] {logging_mixin.py:151} INFO - [2023-10-06T00:09:44.576+0000] {dag.py:2907} INFO - Sync 1 DAGs
[2023-10-06T00:09:44.585+0000] {logging_mixin.py:151} INFO - [2023-10-06T00:09:44.585+0000] {dag.py:3677} INFO - Setting next_dagrun for example_short_circuit_operator to 2023-10-05T00:09:44.585568+00:00, run_after=2023-10-06T00:09:44.585568+00:00
[2023-10-06T00:09:44.596+0000] {processor.py:179} INFO - Processing /home/airflow/.local/lib/python3.8/site-packages/airflow/example_dags/example_short_circuit_operator.py took 0.042 seconds
[2023-10-06T00:10:14.737+0000] {processor.py:157} INFO - Started process (PID=92049) to work on /home/airflow/.local/lib/python3.8/site-packages/airflow/example_dags/example_short_circuit_operator.py
[2023-10-06T00:10:14.738+0000] {processor.py:829} INFO - Processing file /home/airflow/.local/lib/python3.8/site-packages/airflow/example_dags/example_short_circuit_operator.py for tasks to queue
[2023-10-06T00:10:14.739+0000] {logging_mixin.py:151} INFO - [2023-10-06T00:10:14.739+0000] {dagbag.py:539} INFO - Filling up the DagBag from /home/airflow/.local/lib/python3.8/site-packages/airflow/example_dags/example_short_circuit_operator.py
[2023-10-06T00:10:14.743+0000] {processor.py:839} INFO - DAG(s) dict_keys(['example_short_circuit_operator']) retrieved from /home/airflow/.local/lib/python3.8/site-packages/airflow/example_dags/example_short_circuit_operator.py
[2023-10-06T00:10:14.757+0000] {logging_mixin.py:151} INFO - [2023-10-06T00:10:14.757+0000] {dag.py:2907} INFO - Sync 1 DAGs
[2023-10-06T00:10:14.767+0000] {logging_mixin.py:151} INFO - [2023-10-06T00:10:14.767+0000] {dag.py:3677} INFO - Setting next_dagrun for example_short_circuit_operator to 2023-10-05T00:10:14.767512+00:00, run_after=2023-10-06T00:10:14.767512+00:00
[2023-10-06T00:10:14.777+0000] {processor.py:179} INFO - Processing /home/airflow/.local/lib/python3.8/site-packages/airflow/example_dags/example_short_circuit_operator.py took 0.042 seconds
[2023-10-06T00:10:45.303+0000] {processor.py:157} INFO - Started process (PID=92100) to work on /home/airflow/.local/lib/python3.8/site-packages/airflow/example_dags/example_short_circuit_operator.py
[2023-10-06T00:10:45.304+0000] {processor.py:829} INFO - Processing file /home/airflow/.local/lib/python3.8/site-packages/airflow/example_dags/example_short_circuit_operator.py for tasks to queue
[2023-10-06T00:10:45.305+0000] {logging_mixin.py:151} INFO - [2023-10-06T00:10:45.305+0000] {dagbag.py:539} INFO - Filling up the DagBag from /home/airflow/.local/lib/python3.8/site-packages/airflow/example_dags/example_short_circuit_operator.py
[2023-10-06T00:10:45.310+0000] {processor.py:839} INFO - DAG(s) dict_keys(['example_short_circuit_operator']) retrieved from /home/airflow/.local/lib/python3.8/site-packages/airflow/example_dags/example_short_circuit_operator.py
[2023-10-06T00:10:45.326+0000] {logging_mixin.py:151} INFO - [2023-10-06T00:10:45.326+0000] {dag.py:2907} INFO - Sync 1 DAGs
[2023-10-06T00:10:45.336+0000] {logging_mixin.py:151} INFO - [2023-10-06T00:10:45.336+0000] {dag.py:3677} INFO - Setting next_dagrun for example_short_circuit_operator to 2023-10-05T00:10:45.335848+00:00, run_after=2023-10-06T00:10:45.335848+00:00
[2023-10-06T00:10:45.347+0000] {processor.py:179} INFO - Processing /home/airflow/.local/lib/python3.8/site-packages/airflow/example_dags/example_short_circuit_operator.py took 0.047 seconds
[2023-10-06T00:11:15.486+0000] {processor.py:157} INFO - Started process (PID=92151) to work on /home/airflow/.local/lib/python3.8/site-packages/airflow/example_dags/example_short_circuit_operator.py
[2023-10-06T00:11:15.486+0000] {processor.py:829} INFO - Processing file /home/airflow/.local/lib/python3.8/site-packages/airflow/example_dags/example_short_circuit_operator.py for tasks to queue
[2023-10-06T00:11:15.488+0000] {logging_mixin.py:151} INFO - [2023-10-06T00:11:15.487+0000] {dagbag.py:539} INFO - Filling up the DagBag from /home/airflow/.local/lib/python3.8/site-packages/airflow/example_dags/example_short_circuit_operator.py
[2023-10-06T00:11:15.492+0000] {processor.py:839} INFO - DAG(s) dict_keys(['example_short_circuit_operator']) retrieved from /home/airflow/.local/lib/python3.8/site-packages/airflow/example_dags/example_short_circuit_operator.py
[2023-10-06T00:11:15.505+0000] {logging_mixin.py:151} INFO - [2023-10-06T00:11:15.505+0000] {dag.py:2907} INFO - Sync 1 DAGs
[2023-10-06T00:11:15.516+0000] {logging_mixin.py:151} INFO - [2023-10-06T00:11:15.516+0000] {dag.py:3677} INFO - Setting next_dagrun for example_short_circuit_operator to 2023-10-05T00:11:15.516172+00:00, run_after=2023-10-06T00:11:15.516172+00:00
[2023-10-06T00:11:15.527+0000] {processor.py:179} INFO - Processing /home/airflow/.local/lib/python3.8/site-packages/airflow/example_dags/example_short_circuit_operator.py took 0.044 seconds
[2023-10-06T00:11:46.108+0000] {processor.py:157} INFO - Started process (PID=92202) to work on /home/airflow/.local/lib/python3.8/site-packages/airflow/example_dags/example_short_circuit_operator.py
[2023-10-06T00:11:46.108+0000] {processor.py:829} INFO - Processing file /home/airflow/.local/lib/python3.8/site-packages/airflow/example_dags/example_short_circuit_operator.py for tasks to queue
[2023-10-06T00:11:46.110+0000] {logging_mixin.py:151} INFO - [2023-10-06T00:11:46.110+0000] {dagbag.py:539} INFO - Filling up the DagBag from /home/airflow/.local/lib/python3.8/site-packages/airflow/example_dags/example_short_circuit_operator.py
[2023-10-06T00:11:46.117+0000] {processor.py:839} INFO - DAG(s) dict_keys(['example_short_circuit_operator']) retrieved from /home/airflow/.local/lib/python3.8/site-packages/airflow/example_dags/example_short_circuit_operator.py
[2023-10-06T00:11:46.129+0000] {logging_mixin.py:151} INFO - [2023-10-06T00:11:46.129+0000] {dag.py:2907} INFO - Sync 1 DAGs
[2023-10-06T00:11:46.139+0000] {logging_mixin.py:151} INFO - [2023-10-06T00:11:46.139+0000] {dag.py:3677} INFO - Setting next_dagrun for example_short_circuit_operator to 2023-10-05T00:11:46.139112+00:00, run_after=2023-10-06T00:11:46.139112+00:00
[2023-10-06T00:11:46.150+0000] {processor.py:179} INFO - Processing /home/airflow/.local/lib/python3.8/site-packages/airflow/example_dags/example_short_circuit_operator.py took 0.044 seconds
[2023-10-06T00:12:16.598+0000] {processor.py:157} INFO - Started process (PID=92253) to work on /home/airflow/.local/lib/python3.8/site-packages/airflow/example_dags/example_short_circuit_operator.py
[2023-10-06T00:12:16.599+0000] {processor.py:829} INFO - Processing file /home/airflow/.local/lib/python3.8/site-packages/airflow/example_dags/example_short_circuit_operator.py for tasks to queue
[2023-10-06T00:12:16.600+0000] {logging_mixin.py:151} INFO - [2023-10-06T00:12:16.600+0000] {dagbag.py:539} INFO - Filling up the DagBag from /home/airflow/.local/lib/python3.8/site-packages/airflow/example_dags/example_short_circuit_operator.py
[2023-10-06T00:12:16.604+0000] {processor.py:839} INFO - DAG(s) dict_keys(['example_short_circuit_operator']) retrieved from /home/airflow/.local/lib/python3.8/site-packages/airflow/example_dags/example_short_circuit_operator.py
[2023-10-06T00:12:16.617+0000] {logging_mixin.py:151} INFO - [2023-10-06T00:12:16.617+0000] {dag.py:2907} INFO - Sync 1 DAGs
[2023-10-06T00:12:16.628+0000] {logging_mixin.py:151} INFO - [2023-10-06T00:12:16.628+0000] {dag.py:3677} INFO - Setting next_dagrun for example_short_circuit_operator to 2023-10-05T00:12:16.628134+00:00, run_after=2023-10-06T00:12:16.628134+00:00
[2023-10-06T00:12:16.638+0000] {processor.py:179} INFO - Processing /home/airflow/.local/lib/python3.8/site-packages/airflow/example_dags/example_short_circuit_operator.py took 0.041 seconds
[2023-10-06T00:12:48.057+0000] {processor.py:157} INFO - Started process (PID=92304) to work on /home/airflow/.local/lib/python3.8/site-packages/airflow/example_dags/example_short_circuit_operator.py
[2023-10-06T00:12:48.058+0000] {processor.py:829} INFO - Processing file /home/airflow/.local/lib/python3.8/site-packages/airflow/example_dags/example_short_circuit_operator.py for tasks to queue
[2023-10-06T00:12:48.059+0000] {logging_mixin.py:151} INFO - [2023-10-06T00:12:48.059+0000] {dagbag.py:539} INFO - Filling up the DagBag from /home/airflow/.local/lib/python3.8/site-packages/airflow/example_dags/example_short_circuit_operator.py
[2023-10-06T00:12:48.063+0000] {processor.py:839} INFO - DAG(s) dict_keys(['example_short_circuit_operator']) retrieved from /home/airflow/.local/lib/python3.8/site-packages/airflow/example_dags/example_short_circuit_operator.py
[2023-10-06T00:12:48.077+0000] {logging_mixin.py:151} INFO - [2023-10-06T00:12:48.076+0000] {dag.py:2907} INFO - Sync 1 DAGs
[2023-10-06T00:12:48.087+0000] {logging_mixin.py:151} INFO - [2023-10-06T00:12:48.087+0000] {dag.py:3677} INFO - Setting next_dagrun for example_short_circuit_operator to 2023-10-05T00:12:48.087316+00:00, run_after=2023-10-06T00:12:48.087316+00:00
[2023-10-06T00:12:48.099+0000] {processor.py:179} INFO - Processing /home/airflow/.local/lib/python3.8/site-packages/airflow/example_dags/example_short_circuit_operator.py took 0.043 seconds
[2023-10-06T00:13:18.393+0000] {processor.py:157} INFO - Started process (PID=92355) to work on /home/airflow/.local/lib/python3.8/site-packages/airflow/example_dags/example_short_circuit_operator.py
[2023-10-06T00:13:18.394+0000] {processor.py:829} INFO - Processing file /home/airflow/.local/lib/python3.8/site-packages/airflow/example_dags/example_short_circuit_operator.py for tasks to queue
[2023-10-06T00:13:18.395+0000] {logging_mixin.py:151} INFO - [2023-10-06T00:13:18.395+0000] {dagbag.py:539} INFO - Filling up the DagBag from /home/airflow/.local/lib/python3.8/site-packages/airflow/example_dags/example_short_circuit_operator.py
[2023-10-06T00:13:18.399+0000] {processor.py:839} INFO - DAG(s) dict_keys(['example_short_circuit_operator']) retrieved from /home/airflow/.local/lib/python3.8/site-packages/airflow/example_dags/example_short_circuit_operator.py
[2023-10-06T00:13:18.413+0000] {logging_mixin.py:151} INFO - [2023-10-06T00:13:18.413+0000] {dag.py:2907} INFO - Sync 1 DAGs
[2023-10-06T00:13:18.423+0000] {logging_mixin.py:151} INFO - [2023-10-06T00:13:18.423+0000] {dag.py:3677} INFO - Setting next_dagrun for example_short_circuit_operator to 2023-10-05T00:13:18.423594+00:00, run_after=2023-10-06T00:13:18.423594+00:00
[2023-10-06T00:13:18.434+0000] {processor.py:179} INFO - Processing /home/airflow/.local/lib/python3.8/site-packages/airflow/example_dags/example_short_circuit_operator.py took 0.043 seconds
[2023-10-06T00:13:48.842+0000] {processor.py:157} INFO - Started process (PID=92406) to work on /home/airflow/.local/lib/python3.8/site-packages/airflow/example_dags/example_short_circuit_operator.py
[2023-10-06T00:13:48.843+0000] {processor.py:829} INFO - Processing file /home/airflow/.local/lib/python3.8/site-packages/airflow/example_dags/example_short_circuit_operator.py for tasks to queue
[2023-10-06T00:13:48.844+0000] {logging_mixin.py:151} INFO - [2023-10-06T00:13:48.844+0000] {dagbag.py:539} INFO - Filling up the DagBag from /home/airflow/.local/lib/python3.8/site-packages/airflow/example_dags/example_short_circuit_operator.py
[2023-10-06T00:13:48.849+0000] {processor.py:839} INFO - DAG(s) dict_keys(['example_short_circuit_operator']) retrieved from /home/airflow/.local/lib/python3.8/site-packages/airflow/example_dags/example_short_circuit_operator.py
[2023-10-06T00:13:48.866+0000] {logging_mixin.py:151} INFO - [2023-10-06T00:13:48.866+0000] {dag.py:2907} INFO - Sync 1 DAGs
[2023-10-06T00:13:48.877+0000] {logging_mixin.py:151} INFO - [2023-10-06T00:13:48.877+0000] {dag.py:3677} INFO - Setting next_dagrun for example_short_circuit_operator to 2023-10-05T00:13:48.877406+00:00, run_after=2023-10-06T00:13:48.877406+00:00
[2023-10-06T00:13:48.888+0000] {processor.py:179} INFO - Processing /home/airflow/.local/lib/python3.8/site-packages/airflow/example_dags/example_short_circuit_operator.py took 0.047 seconds
[2023-10-06T00:14:19.176+0000] {processor.py:157} INFO - Started process (PID=92457) to work on /home/airflow/.local/lib/python3.8/site-packages/airflow/example_dags/example_short_circuit_operator.py
[2023-10-06T00:14:19.176+0000] {processor.py:829} INFO - Processing file /home/airflow/.local/lib/python3.8/site-packages/airflow/example_dags/example_short_circuit_operator.py for tasks to queue
[2023-10-06T00:14:19.178+0000] {logging_mixin.py:151} INFO - [2023-10-06T00:14:19.177+0000] {dagbag.py:539} INFO - Filling up the DagBag from /home/airflow/.local/lib/python3.8/site-packages/airflow/example_dags/example_short_circuit_operator.py
[2023-10-06T00:14:19.182+0000] {processor.py:839} INFO - DAG(s) dict_keys(['example_short_circuit_operator']) retrieved from /home/airflow/.local/lib/python3.8/site-packages/airflow/example_dags/example_short_circuit_operator.py
[2023-10-06T00:14:19.195+0000] {logging_mixin.py:151} INFO - [2023-10-06T00:14:19.194+0000] {dag.py:2907} INFO - Sync 1 DAGs
[2023-10-06T00:14:19.205+0000] {logging_mixin.py:151} INFO - [2023-10-06T00:14:19.205+0000] {dag.py:3677} INFO - Setting next_dagrun for example_short_circuit_operator to 2023-10-05T00:14:19.204959+00:00, run_after=2023-10-06T00:14:19.204959+00:00
[2023-10-06T00:14:19.215+0000] {processor.py:179} INFO - Processing /home/airflow/.local/lib/python3.8/site-packages/airflow/example_dags/example_short_circuit_operator.py took 0.041 seconds
[2023-10-06T00:14:49.848+0000] {processor.py:157} INFO - Started process (PID=92508) to work on /home/airflow/.local/lib/python3.8/site-packages/airflow/example_dags/example_short_circuit_operator.py
[2023-10-06T00:14:49.848+0000] {processor.py:829} INFO - Processing file /home/airflow/.local/lib/python3.8/site-packages/airflow/example_dags/example_short_circuit_operator.py for tasks to queue
[2023-10-06T00:14:49.850+0000] {logging_mixin.py:151} INFO - [2023-10-06T00:14:49.849+0000] {dagbag.py:539} INFO - Filling up the DagBag from /home/airflow/.local/lib/python3.8/site-packages/airflow/example_dags/example_short_circuit_operator.py
[2023-10-06T00:14:49.854+0000] {processor.py:839} INFO - DAG(s) dict_keys(['example_short_circuit_operator']) retrieved from /home/airflow/.local/lib/python3.8/site-packages/airflow/example_dags/example_short_circuit_operator.py
[2023-10-06T00:14:49.867+0000] {logging_mixin.py:151} INFO - [2023-10-06T00:14:49.867+0000] {dag.py:2907} INFO - Sync 1 DAGs
[2023-10-06T00:14:49.878+0000] {logging_mixin.py:151} INFO - [2023-10-06T00:14:49.877+0000] {dag.py:3677} INFO - Setting next_dagrun for example_short_circuit_operator to 2023-10-05T00:14:49.877822+00:00, run_after=2023-10-06T00:14:49.877822+00:00
[2023-10-06T00:14:49.888+0000] {processor.py:179} INFO - Processing /home/airflow/.local/lib/python3.8/site-packages/airflow/example_dags/example_short_circuit_operator.py took 0.042 seconds
[2023-10-06T00:15:20.492+0000] {processor.py:157} INFO - Started process (PID=92559) to work on /home/airflow/.local/lib/python3.8/site-packages/airflow/example_dags/example_short_circuit_operator.py
[2023-10-06T00:15:20.493+0000] {processor.py:829} INFO - Processing file /home/airflow/.local/lib/python3.8/site-packages/airflow/example_dags/example_short_circuit_operator.py for tasks to queue
[2023-10-06T00:15:20.494+0000] {logging_mixin.py:151} INFO - [2023-10-06T00:15:20.494+0000] {dagbag.py:539} INFO - Filling up the DagBag from /home/airflow/.local/lib/python3.8/site-packages/airflow/example_dags/example_short_circuit_operator.py
[2023-10-06T00:15:20.499+0000] {processor.py:839} INFO - DAG(s) dict_keys(['example_short_circuit_operator']) retrieved from /home/airflow/.local/lib/python3.8/site-packages/airflow/example_dags/example_short_circuit_operator.py
[2023-10-06T00:15:20.511+0000] {logging_mixin.py:151} INFO - [2023-10-06T00:15:20.511+0000] {dag.py:2907} INFO - Sync 1 DAGs
[2023-10-06T00:15:20.521+0000] {logging_mixin.py:151} INFO - [2023-10-06T00:15:20.521+0000] {dag.py:3677} INFO - Setting next_dagrun for example_short_circuit_operator to 2023-10-05T00:15:20.521352+00:00, run_after=2023-10-06T00:15:20.521352+00:00
[2023-10-06T00:15:20.532+0000] {processor.py:179} INFO - Processing /home/airflow/.local/lib/python3.8/site-packages/airflow/example_dags/example_short_circuit_operator.py took 0.041 seconds
[2023-10-06T00:15:51.268+0000] {processor.py:157} INFO - Started process (PID=92610) to work on /home/airflow/.local/lib/python3.8/site-packages/airflow/example_dags/example_short_circuit_operator.py
[2023-10-06T00:15:51.268+0000] {processor.py:829} INFO - Processing file /home/airflow/.local/lib/python3.8/site-packages/airflow/example_dags/example_short_circuit_operator.py for tasks to queue
[2023-10-06T00:15:51.269+0000] {logging_mixin.py:151} INFO - [2023-10-06T00:15:51.269+0000] {dagbag.py:539} INFO - Filling up the DagBag from /home/airflow/.local/lib/python3.8/site-packages/airflow/example_dags/example_short_circuit_operator.py
[2023-10-06T00:15:51.274+0000] {processor.py:839} INFO - DAG(s) dict_keys(['example_short_circuit_operator']) retrieved from /home/airflow/.local/lib/python3.8/site-packages/airflow/example_dags/example_short_circuit_operator.py
[2023-10-06T00:15:51.286+0000] {logging_mixin.py:151} INFO - [2023-10-06T00:15:51.286+0000] {dag.py:2907} INFO - Sync 1 DAGs
[2023-10-06T00:15:51.296+0000] {logging_mixin.py:151} INFO - [2023-10-06T00:15:51.295+0000] {dag.py:3677} INFO - Setting next_dagrun for example_short_circuit_operator to 2023-10-05T00:15:51.295826+00:00, run_after=2023-10-06T00:15:51.295826+00:00
[2023-10-06T00:15:51.306+0000] {processor.py:179} INFO - Processing /home/airflow/.local/lib/python3.8/site-packages/airflow/example_dags/example_short_circuit_operator.py took 0.041 seconds
[2023-10-06T00:16:21.661+0000] {processor.py:157} INFO - Started process (PID=92661) to work on /home/airflow/.local/lib/python3.8/site-packages/airflow/example_dags/example_short_circuit_operator.py
[2023-10-06T00:16:21.661+0000] {processor.py:829} INFO - Processing file /home/airflow/.local/lib/python3.8/site-packages/airflow/example_dags/example_short_circuit_operator.py for tasks to queue
[2023-10-06T00:16:21.662+0000] {logging_mixin.py:151} INFO - [2023-10-06T00:16:21.662+0000] {dagbag.py:539} INFO - Filling up the DagBag from /home/airflow/.local/lib/python3.8/site-packages/airflow/example_dags/example_short_circuit_operator.py
[2023-10-06T00:16:21.667+0000] {processor.py:839} INFO - DAG(s) dict_keys(['example_short_circuit_operator']) retrieved from /home/airflow/.local/lib/python3.8/site-packages/airflow/example_dags/example_short_circuit_operator.py
[2023-10-06T00:16:21.680+0000] {logging_mixin.py:151} INFO - [2023-10-06T00:16:21.680+0000] {dag.py:2907} INFO - Sync 1 DAGs
[2023-10-06T00:16:21.690+0000] {logging_mixin.py:151} INFO - [2023-10-06T00:16:21.690+0000] {dag.py:3677} INFO - Setting next_dagrun for example_short_circuit_operator to 2023-10-05T00:16:21.690524+00:00, run_after=2023-10-06T00:16:21.690524+00:00
[2023-10-06T00:16:21.703+0000] {processor.py:179} INFO - Processing /home/airflow/.local/lib/python3.8/site-packages/airflow/example_dags/example_short_circuit_operator.py took 0.044 seconds
[2023-10-06T00:31:53.059+0000] {processor.py:157} INFO - Started process (PID=92712) to work on /home/airflow/.local/lib/python3.8/site-packages/airflow/example_dags/example_short_circuit_operator.py
[2023-10-06T00:31:53.059+0000] {processor.py:829} INFO - Processing file /home/airflow/.local/lib/python3.8/site-packages/airflow/example_dags/example_short_circuit_operator.py for tasks to queue
[2023-10-06T00:31:53.060+0000] {logging_mixin.py:151} INFO - [2023-10-06T00:31:53.060+0000] {dagbag.py:539} INFO - Filling up the DagBag from /home/airflow/.local/lib/python3.8/site-packages/airflow/example_dags/example_short_circuit_operator.py
[2023-10-06T00:31:53.065+0000] {processor.py:839} INFO - DAG(s) dict_keys(['example_short_circuit_operator']) retrieved from /home/airflow/.local/lib/python3.8/site-packages/airflow/example_dags/example_short_circuit_operator.py
[2023-10-06T00:31:53.078+0000] {logging_mixin.py:151} INFO - [2023-10-06T00:31:53.078+0000] {dag.py:2907} INFO - Sync 1 DAGs
[2023-10-06T00:31:53.087+0000] {logging_mixin.py:151} INFO - [2023-10-06T00:31:53.087+0000] {dag.py:3677} INFO - Setting next_dagrun for example_short_circuit_operator to 2023-10-05T00:31:53.087638+00:00, run_after=2023-10-06T00:31:53.087638+00:00
[2023-10-06T00:31:53.097+0000] {processor.py:179} INFO - Processing /home/airflow/.local/lib/python3.8/site-packages/airflow/example_dags/example_short_circuit_operator.py took 0.041 seconds
[2023-10-06T00:32:23.801+0000] {processor.py:157} INFO - Started process (PID=92763) to work on /home/airflow/.local/lib/python3.8/site-packages/airflow/example_dags/example_short_circuit_operator.py
[2023-10-06T00:32:23.801+0000] {processor.py:829} INFO - Processing file /home/airflow/.local/lib/python3.8/site-packages/airflow/example_dags/example_short_circuit_operator.py for tasks to queue
[2023-10-06T00:32:23.803+0000] {logging_mixin.py:151} INFO - [2023-10-06T00:32:23.803+0000] {dagbag.py:539} INFO - Filling up the DagBag from /home/airflow/.local/lib/python3.8/site-packages/airflow/example_dags/example_short_circuit_operator.py
[2023-10-06T00:32:23.807+0000] {processor.py:839} INFO - DAG(s) dict_keys(['example_short_circuit_operator']) retrieved from /home/airflow/.local/lib/python3.8/site-packages/airflow/example_dags/example_short_circuit_operator.py
[2023-10-06T00:32:23.823+0000] {logging_mixin.py:151} INFO - [2023-10-06T00:32:23.823+0000] {dag.py:2907} INFO - Sync 1 DAGs
[2023-10-06T00:32:23.833+0000] {logging_mixin.py:151} INFO - [2023-10-06T00:32:23.833+0000] {dag.py:3677} INFO - Setting next_dagrun for example_short_circuit_operator to 2023-10-05T00:32:23.833458+00:00, run_after=2023-10-06T00:32:23.833458+00:00
[2023-10-06T00:32:23.843+0000] {processor.py:179} INFO - Processing /home/airflow/.local/lib/python3.8/site-packages/airflow/example_dags/example_short_circuit_operator.py took 0.044 seconds
[2023-10-06T00:37:51.803+0000] {processor.py:157} INFO - Started process (PID=92814) to work on /home/airflow/.local/lib/python3.8/site-packages/airflow/example_dags/example_short_circuit_operator.py
[2023-10-06T00:37:51.803+0000] {processor.py:829} INFO - Processing file /home/airflow/.local/lib/python3.8/site-packages/airflow/example_dags/example_short_circuit_operator.py for tasks to queue
[2023-10-06T00:37:51.805+0000] {logging_mixin.py:151} INFO - [2023-10-06T00:37:51.805+0000] {dagbag.py:539} INFO - Filling up the DagBag from /home/airflow/.local/lib/python3.8/site-packages/airflow/example_dags/example_short_circuit_operator.py
[2023-10-06T00:37:51.809+0000] {processor.py:839} INFO - DAG(s) dict_keys(['example_short_circuit_operator']) retrieved from /home/airflow/.local/lib/python3.8/site-packages/airflow/example_dags/example_short_circuit_operator.py
[2023-10-06T00:37:51.823+0000] {logging_mixin.py:151} INFO - [2023-10-06T00:37:51.823+0000] {dag.py:2907} INFO - Sync 1 DAGs
[2023-10-06T00:37:51.833+0000] {logging_mixin.py:151} INFO - [2023-10-06T00:37:51.833+0000] {dag.py:3677} INFO - Setting next_dagrun for example_short_circuit_operator to 2023-10-05T00:37:51.833552+00:00, run_after=2023-10-06T00:37:51.833552+00:00
[2023-10-06T00:37:51.845+0000] {processor.py:179} INFO - Processing /home/airflow/.local/lib/python3.8/site-packages/airflow/example_dags/example_short_circuit_operator.py took 0.044 seconds
[2023-10-06T00:43:20.431+0000] {processor.py:157} INFO - Started process (PID=92865) to work on /home/airflow/.local/lib/python3.8/site-packages/airflow/example_dags/example_short_circuit_operator.py
[2023-10-06T00:43:20.432+0000] {processor.py:829} INFO - Processing file /home/airflow/.local/lib/python3.8/site-packages/airflow/example_dags/example_short_circuit_operator.py for tasks to queue
[2023-10-06T00:43:20.434+0000] {logging_mixin.py:151} INFO - [2023-10-06T00:43:20.434+0000] {dagbag.py:539} INFO - Filling up the DagBag from /home/airflow/.local/lib/python3.8/site-packages/airflow/example_dags/example_short_circuit_operator.py
[2023-10-06T00:43:20.438+0000] {processor.py:839} INFO - DAG(s) dict_keys(['example_short_circuit_operator']) retrieved from /home/airflow/.local/lib/python3.8/site-packages/airflow/example_dags/example_short_circuit_operator.py
[2023-10-06T00:43:20.452+0000] {logging_mixin.py:151} INFO - [2023-10-06T00:43:20.452+0000] {dag.py:2907} INFO - Sync 1 DAGs
[2023-10-06T00:43:20.469+0000] {logging_mixin.py:151} INFO - [2023-10-06T00:43:20.469+0000] {dag.py:3677} INFO - Setting next_dagrun for example_short_circuit_operator to 2023-10-05T00:43:20.469326+00:00, run_after=2023-10-06T00:43:20.469326+00:00
[2023-10-06T00:43:20.482+0000] {processor.py:179} INFO - Processing /home/airflow/.local/lib/python3.8/site-packages/airflow/example_dags/example_short_circuit_operator.py took 0.054 seconds
[2023-10-06T00:43:50.966+0000] {processor.py:157} INFO - Started process (PID=92916) to work on /home/airflow/.local/lib/python3.8/site-packages/airflow/example_dags/example_short_circuit_operator.py
[2023-10-06T00:43:50.967+0000] {processor.py:829} INFO - Processing file /home/airflow/.local/lib/python3.8/site-packages/airflow/example_dags/example_short_circuit_operator.py for tasks to queue
[2023-10-06T00:43:50.968+0000] {logging_mixin.py:151} INFO - [2023-10-06T00:43:50.968+0000] {dagbag.py:539} INFO - Filling up the DagBag from /home/airflow/.local/lib/python3.8/site-packages/airflow/example_dags/example_short_circuit_operator.py
[2023-10-06T00:43:50.973+0000] {processor.py:839} INFO - DAG(s) dict_keys(['example_short_circuit_operator']) retrieved from /home/airflow/.local/lib/python3.8/site-packages/airflow/example_dags/example_short_circuit_operator.py
[2023-10-06T00:43:50.986+0000] {logging_mixin.py:151} INFO - [2023-10-06T00:43:50.986+0000] {dag.py:2907} INFO - Sync 1 DAGs
[2023-10-06T00:43:50.996+0000] {logging_mixin.py:151} INFO - [2023-10-06T00:43:50.996+0000] {dag.py:3677} INFO - Setting next_dagrun for example_short_circuit_operator to 2023-10-05T00:43:50.996631+00:00, run_after=2023-10-06T00:43:50.996631+00:00
[2023-10-06T00:43:51.014+0000] {processor.py:179} INFO - Processing /home/airflow/.local/lib/python3.8/site-packages/airflow/example_dags/example_short_circuit_operator.py took 0.049 seconds
[2023-10-06T00:49:19.414+0000] {processor.py:157} INFO - Started process (PID=92967) to work on /home/airflow/.local/lib/python3.8/site-packages/airflow/example_dags/example_short_circuit_operator.py
[2023-10-06T00:49:19.415+0000] {processor.py:829} INFO - Processing file /home/airflow/.local/lib/python3.8/site-packages/airflow/example_dags/example_short_circuit_operator.py for tasks to queue
[2023-10-06T00:49:19.416+0000] {logging_mixin.py:151} INFO - [2023-10-06T00:49:19.416+0000] {dagbag.py:539} INFO - Filling up the DagBag from /home/airflow/.local/lib/python3.8/site-packages/airflow/example_dags/example_short_circuit_operator.py
[2023-10-06T00:49:19.421+0000] {processor.py:839} INFO - DAG(s) dict_keys(['example_short_circuit_operator']) retrieved from /home/airflow/.local/lib/python3.8/site-packages/airflow/example_dags/example_short_circuit_operator.py
[2023-10-06T00:49:19.441+0000] {logging_mixin.py:151} INFO - [2023-10-06T00:49:19.441+0000] {dag.py:2907} INFO - Sync 1 DAGs
[2023-10-06T00:49:19.453+0000] {logging_mixin.py:151} INFO - [2023-10-06T00:49:19.452+0000] {dag.py:3677} INFO - Setting next_dagrun for example_short_circuit_operator to 2023-10-05T00:49:19.452860+00:00, run_after=2023-10-06T00:49:19.452860+00:00
[2023-10-06T00:49:19.464+0000] {processor.py:179} INFO - Processing /home/airflow/.local/lib/python3.8/site-packages/airflow/example_dags/example_short_circuit_operator.py took 0.051 seconds
[2023-10-06T00:54:48.296+0000] {processor.py:157} INFO - Started process (PID=93018) to work on /home/airflow/.local/lib/python3.8/site-packages/airflow/example_dags/example_short_circuit_operator.py
[2023-10-06T00:54:48.297+0000] {processor.py:829} INFO - Processing file /home/airflow/.local/lib/python3.8/site-packages/airflow/example_dags/example_short_circuit_operator.py for tasks to queue
[2023-10-06T00:54:48.299+0000] {logging_mixin.py:151} INFO - [2023-10-06T00:54:48.299+0000] {dagbag.py:539} INFO - Filling up the DagBag from /home/airflow/.local/lib/python3.8/site-packages/airflow/example_dags/example_short_circuit_operator.py
[2023-10-06T00:54:48.304+0000] {processor.py:839} INFO - DAG(s) dict_keys(['example_short_circuit_operator']) retrieved from /home/airflow/.local/lib/python3.8/site-packages/airflow/example_dags/example_short_circuit_operator.py
[2023-10-06T00:54:48.317+0000] {logging_mixin.py:151} INFO - [2023-10-06T00:54:48.317+0000] {dag.py:2907} INFO - Sync 1 DAGs
[2023-10-06T00:54:48.329+0000] {logging_mixin.py:151} INFO - [2023-10-06T00:54:48.329+0000] {dag.py:3677} INFO - Setting next_dagrun for example_short_circuit_operator to 2023-10-05T00:54:48.329696+00:00, run_after=2023-10-06T00:54:48.329696+00:00
[2023-10-06T00:54:48.340+0000] {processor.py:179} INFO - Processing /home/airflow/.local/lib/python3.8/site-packages/airflow/example_dags/example_short_circuit_operator.py took 0.047 seconds
[2023-10-06T00:55:19.200+0000] {processor.py:157} INFO - Started process (PID=93069) to work on /home/airflow/.local/lib/python3.8/site-packages/airflow/example_dags/example_short_circuit_operator.py
[2023-10-06T00:55:19.200+0000] {processor.py:829} INFO - Processing file /home/airflow/.local/lib/python3.8/site-packages/airflow/example_dags/example_short_circuit_operator.py for tasks to queue
[2023-10-06T00:55:19.202+0000] {logging_mixin.py:151} INFO - [2023-10-06T00:55:19.201+0000] {dagbag.py:539} INFO - Filling up the DagBag from /home/airflow/.local/lib/python3.8/site-packages/airflow/example_dags/example_short_circuit_operator.py
[2023-10-06T00:55:19.206+0000] {processor.py:839} INFO - DAG(s) dict_keys(['example_short_circuit_operator']) retrieved from /home/airflow/.local/lib/python3.8/site-packages/airflow/example_dags/example_short_circuit_operator.py
[2023-10-06T00:55:19.217+0000] {logging_mixin.py:151} INFO - [2023-10-06T00:55:19.217+0000] {dag.py:2907} INFO - Sync 1 DAGs
[2023-10-06T00:55:19.227+0000] {logging_mixin.py:151} INFO - [2023-10-06T00:55:19.227+0000] {dag.py:3677} INFO - Setting next_dagrun for example_short_circuit_operator to 2023-10-05T00:55:19.227634+00:00, run_after=2023-10-06T00:55:19.227634+00:00
[2023-10-06T00:55:19.238+0000] {processor.py:179} INFO - Processing /home/airflow/.local/lib/python3.8/site-packages/airflow/example_dags/example_short_circuit_operator.py took 0.041 seconds
[2023-10-06T00:55:49.593+0000] {processor.py:157} INFO - Started process (PID=93120) to work on /home/airflow/.local/lib/python3.8/site-packages/airflow/example_dags/example_short_circuit_operator.py
[2023-10-06T00:55:49.594+0000] {processor.py:829} INFO - Processing file /home/airflow/.local/lib/python3.8/site-packages/airflow/example_dags/example_short_circuit_operator.py for tasks to queue
[2023-10-06T00:55:49.595+0000] {logging_mixin.py:151} INFO - [2023-10-06T00:55:49.595+0000] {dagbag.py:539} INFO - Filling up the DagBag from /home/airflow/.local/lib/python3.8/site-packages/airflow/example_dags/example_short_circuit_operator.py
[2023-10-06T00:55:49.599+0000] {processor.py:839} INFO - DAG(s) dict_keys(['example_short_circuit_operator']) retrieved from /home/airflow/.local/lib/python3.8/site-packages/airflow/example_dags/example_short_circuit_operator.py
[2023-10-06T00:55:49.611+0000] {logging_mixin.py:151} INFO - [2023-10-06T00:55:49.611+0000] {dag.py:2907} INFO - Sync 1 DAGs
[2023-10-06T00:55:49.621+0000] {logging_mixin.py:151} INFO - [2023-10-06T00:55:49.621+0000] {dag.py:3677} INFO - Setting next_dagrun for example_short_circuit_operator to 2023-10-05T00:55:49.621612+00:00, run_after=2023-10-06T00:55:49.621612+00:00
[2023-10-06T00:55:49.632+0000] {processor.py:179} INFO - Processing /home/airflow/.local/lib/python3.8/site-packages/airflow/example_dags/example_short_circuit_operator.py took 0.041 seconds
[2023-10-06T00:56:20.418+0000] {processor.py:157} INFO - Started process (PID=93171) to work on /home/airflow/.local/lib/python3.8/site-packages/airflow/example_dags/example_short_circuit_operator.py
[2023-10-06T00:56:20.419+0000] {processor.py:829} INFO - Processing file /home/airflow/.local/lib/python3.8/site-packages/airflow/example_dags/example_short_circuit_operator.py for tasks to queue
[2023-10-06T00:56:20.420+0000] {logging_mixin.py:151} INFO - [2023-10-06T00:56:20.420+0000] {dagbag.py:539} INFO - Filling up the DagBag from /home/airflow/.local/lib/python3.8/site-packages/airflow/example_dags/example_short_circuit_operator.py
[2023-10-06T00:56:20.424+0000] {processor.py:839} INFO - DAG(s) dict_keys(['example_short_circuit_operator']) retrieved from /home/airflow/.local/lib/python3.8/site-packages/airflow/example_dags/example_short_circuit_operator.py
[2023-10-06T00:56:20.440+0000] {logging_mixin.py:151} INFO - [2023-10-06T00:56:20.440+0000] {dag.py:2907} INFO - Sync 1 DAGs
[2023-10-06T00:56:20.450+0000] {logging_mixin.py:151} INFO - [2023-10-06T00:56:20.450+0000] {dag.py:3677} INFO - Setting next_dagrun for example_short_circuit_operator to 2023-10-05T00:56:20.450250+00:00, run_after=2023-10-06T00:56:20.450250+00:00
[2023-10-06T00:56:20.460+0000] {processor.py:179} INFO - Processing /home/airflow/.local/lib/python3.8/site-packages/airflow/example_dags/example_short_circuit_operator.py took 0.045 seconds
[2023-10-06T00:56:50.788+0000] {processor.py:157} INFO - Started process (PID=93222) to work on /home/airflow/.local/lib/python3.8/site-packages/airflow/example_dags/example_short_circuit_operator.py
[2023-10-06T00:56:50.789+0000] {processor.py:829} INFO - Processing file /home/airflow/.local/lib/python3.8/site-packages/airflow/example_dags/example_short_circuit_operator.py for tasks to queue
[2023-10-06T00:56:50.790+0000] {logging_mixin.py:151} INFO - [2023-10-06T00:56:50.790+0000] {dagbag.py:539} INFO - Filling up the DagBag from /home/airflow/.local/lib/python3.8/site-packages/airflow/example_dags/example_short_circuit_operator.py
[2023-10-06T00:56:50.794+0000] {processor.py:839} INFO - DAG(s) dict_keys(['example_short_circuit_operator']) retrieved from /home/airflow/.local/lib/python3.8/site-packages/airflow/example_dags/example_short_circuit_operator.py
[2023-10-06T00:56:50.808+0000] {logging_mixin.py:151} INFO - [2023-10-06T00:56:50.808+0000] {dag.py:2907} INFO - Sync 1 DAGs
[2023-10-06T00:56:50.818+0000] {logging_mixin.py:151} INFO - [2023-10-06T00:56:50.818+0000] {dag.py:3677} INFO - Setting next_dagrun for example_short_circuit_operator to 2023-10-05T00:56:50.818455+00:00, run_after=2023-10-06T00:56:50.818455+00:00
[2023-10-06T00:56:50.829+0000] {processor.py:179} INFO - Processing /home/airflow/.local/lib/python3.8/site-packages/airflow/example_dags/example_short_circuit_operator.py took 0.043 seconds
[2023-10-06T01:04:00.366+0000] {processor.py:157} INFO - Started process (PID=93273) to work on /home/airflow/.local/lib/python3.8/site-packages/airflow/example_dags/example_short_circuit_operator.py
[2023-10-06T01:04:00.366+0000] {processor.py:829} INFO - Processing file /home/airflow/.local/lib/python3.8/site-packages/airflow/example_dags/example_short_circuit_operator.py for tasks to queue
[2023-10-06T01:04:00.368+0000] {logging_mixin.py:151} INFO - [2023-10-06T01:04:00.367+0000] {dagbag.py:539} INFO - Filling up the DagBag from /home/airflow/.local/lib/python3.8/site-packages/airflow/example_dags/example_short_circuit_operator.py
[2023-10-06T01:04:00.372+0000] {processor.py:839} INFO - DAG(s) dict_keys(['example_short_circuit_operator']) retrieved from /home/airflow/.local/lib/python3.8/site-packages/airflow/example_dags/example_short_circuit_operator.py
[2023-10-06T01:04:00.390+0000] {logging_mixin.py:151} INFO - [2023-10-06T01:04:00.390+0000] {dag.py:2907} INFO - Sync 1 DAGs
[2023-10-06T01:04:00.403+0000] {logging_mixin.py:151} INFO - [2023-10-06T01:04:00.402+0000] {dag.py:3677} INFO - Setting next_dagrun for example_short_circuit_operator to 2023-10-05T01:04:00.402822+00:00, run_after=2023-10-06T01:04:00.402822+00:00
[2023-10-06T01:04:00.414+0000] {processor.py:179} INFO - Processing /home/airflow/.local/lib/python3.8/site-packages/airflow/example_dags/example_short_circuit_operator.py took 0.050 seconds
[2023-10-06T01:47:59.905+0000] {processor.py:157} INFO - Started process (PID=93324) to work on /home/airflow/.local/lib/python3.8/site-packages/airflow/example_dags/example_short_circuit_operator.py
[2023-10-06T01:47:59.906+0000] {processor.py:829} INFO - Processing file /home/airflow/.local/lib/python3.8/site-packages/airflow/example_dags/example_short_circuit_operator.py for tasks to queue
[2023-10-06T01:47:59.907+0000] {logging_mixin.py:151} INFO - [2023-10-06T01:47:59.907+0000] {dagbag.py:539} INFO - Filling up the DagBag from /home/airflow/.local/lib/python3.8/site-packages/airflow/example_dags/example_short_circuit_operator.py
[2023-10-06T01:47:59.911+0000] {processor.py:839} INFO - DAG(s) dict_keys(['example_short_circuit_operator']) retrieved from /home/airflow/.local/lib/python3.8/site-packages/airflow/example_dags/example_short_circuit_operator.py
[2023-10-06T01:47:59.927+0000] {logging_mixin.py:151} INFO - [2023-10-06T01:47:59.927+0000] {dag.py:2907} INFO - Sync 1 DAGs
[2023-10-06T01:47:59.938+0000] {logging_mixin.py:151} INFO - [2023-10-06T01:47:59.938+0000] {dag.py:3677} INFO - Setting next_dagrun for example_short_circuit_operator to 2023-10-05T01:47:59.938733+00:00, run_after=2023-10-06T01:47:59.938733+00:00
[2023-10-06T01:47:59.951+0000] {processor.py:179} INFO - Processing /home/airflow/.local/lib/python3.8/site-packages/airflow/example_dags/example_short_circuit_operator.py took 0.048 seconds
[2023-10-06T03:12:11.652+0000] {processor.py:157} INFO - Started process (PID=93375) to work on /home/airflow/.local/lib/python3.8/site-packages/airflow/example_dags/example_short_circuit_operator.py
[2023-10-06T03:12:11.653+0000] {processor.py:829} INFO - Processing file /home/airflow/.local/lib/python3.8/site-packages/airflow/example_dags/example_short_circuit_operator.py for tasks to queue
[2023-10-06T03:12:11.654+0000] {logging_mixin.py:151} INFO - [2023-10-06T03:12:11.654+0000] {dagbag.py:539} INFO - Filling up the DagBag from /home/airflow/.local/lib/python3.8/site-packages/airflow/example_dags/example_short_circuit_operator.py
[2023-10-06T03:12:11.659+0000] {processor.py:839} INFO - DAG(s) dict_keys(['example_short_circuit_operator']) retrieved from /home/airflow/.local/lib/python3.8/site-packages/airflow/example_dags/example_short_circuit_operator.py
[2023-10-06T03:12:11.672+0000] {logging_mixin.py:151} INFO - [2023-10-06T03:12:11.672+0000] {dag.py:2907} INFO - Sync 1 DAGs
[2023-10-06T03:12:11.681+0000] {logging_mixin.py:151} INFO - [2023-10-06T03:12:11.681+0000] {dag.py:3677} INFO - Setting next_dagrun for example_short_circuit_operator to 2023-10-05T03:12:11.681710+00:00, run_after=2023-10-06T03:12:11.681710+00:00
[2023-10-06T03:12:11.691+0000] {processor.py:179} INFO - Processing /home/airflow/.local/lib/python3.8/site-packages/airflow/example_dags/example_short_circuit_operator.py took 0.041 seconds
[2023-10-06T04:32:22.653+0000] {processor.py:157} INFO - Started process (PID=93426) to work on /home/airflow/.local/lib/python3.8/site-packages/airflow/example_dags/example_short_circuit_operator.py
[2023-10-06T04:32:22.654+0000] {processor.py:829} INFO - Processing file /home/airflow/.local/lib/python3.8/site-packages/airflow/example_dags/example_short_circuit_operator.py for tasks to queue
[2023-10-06T04:32:22.656+0000] {logging_mixin.py:151} INFO - [2023-10-06T04:32:22.655+0000] {dagbag.py:539} INFO - Filling up the DagBag from /home/airflow/.local/lib/python3.8/site-packages/airflow/example_dags/example_short_circuit_operator.py
[2023-10-06T04:32:22.660+0000] {processor.py:839} INFO - DAG(s) dict_keys(['example_short_circuit_operator']) retrieved from /home/airflow/.local/lib/python3.8/site-packages/airflow/example_dags/example_short_circuit_operator.py
[2023-10-06T04:32:22.673+0000] {logging_mixin.py:151} INFO - [2023-10-06T04:32:22.672+0000] {dag.py:2907} INFO - Sync 1 DAGs
[2023-10-06T04:32:22.683+0000] {logging_mixin.py:151} INFO - [2023-10-06T04:32:22.682+0000] {dag.py:3677} INFO - Setting next_dagrun for example_short_circuit_operator to 2023-10-05T04:32:22.682857+00:00, run_after=2023-10-06T04:32:22.682857+00:00
[2023-10-06T04:32:22.692+0000] {processor.py:179} INFO - Processing /home/airflow/.local/lib/python3.8/site-packages/airflow/example_dags/example_short_circuit_operator.py took 0.041 seconds
[2023-10-06T05:56:32.076+0000] {processor.py:157} INFO - Started process (PID=93477) to work on /home/airflow/.local/lib/python3.8/site-packages/airflow/example_dags/example_short_circuit_operator.py
[2023-10-06T05:56:32.077+0000] {processor.py:829} INFO - Processing file /home/airflow/.local/lib/python3.8/site-packages/airflow/example_dags/example_short_circuit_operator.py for tasks to queue
[2023-10-06T05:56:32.078+0000] {logging_mixin.py:151} INFO - [2023-10-06T05:56:32.078+0000] {dagbag.py:539} INFO - Filling up the DagBag from /home/airflow/.local/lib/python3.8/site-packages/airflow/example_dags/example_short_circuit_operator.py
[2023-10-06T05:56:32.082+0000] {processor.py:839} INFO - DAG(s) dict_keys(['example_short_circuit_operator']) retrieved from /home/airflow/.local/lib/python3.8/site-packages/airflow/example_dags/example_short_circuit_operator.py
[2023-10-06T05:56:32.098+0000] {logging_mixin.py:151} INFO - [2023-10-06T05:56:32.098+0000] {dag.py:2907} INFO - Sync 1 DAGs
[2023-10-06T05:56:32.110+0000] {logging_mixin.py:151} INFO - [2023-10-06T05:56:32.110+0000] {dag.py:3677} INFO - Setting next_dagrun for example_short_circuit_operator to 2023-10-05T05:56:32.110081+00:00, run_after=2023-10-06T05:56:32.110081+00:00
[2023-10-06T05:56:32.123+0000] {processor.py:179} INFO - Processing /home/airflow/.local/lib/python3.8/site-packages/airflow/example_dags/example_short_circuit_operator.py took 0.049 seconds
[2023-10-06T07:21:28.397+0000] {processor.py:157} INFO - Started process (PID=93528) to work on /home/airflow/.local/lib/python3.8/site-packages/airflow/example_dags/example_short_circuit_operator.py
[2023-10-06T07:21:28.398+0000] {processor.py:829} INFO - Processing file /home/airflow/.local/lib/python3.8/site-packages/airflow/example_dags/example_short_circuit_operator.py for tasks to queue
[2023-10-06T07:21:28.399+0000] {logging_mixin.py:151} INFO - [2023-10-06T07:21:28.399+0000] {dagbag.py:539} INFO - Filling up the DagBag from /home/airflow/.local/lib/python3.8/site-packages/airflow/example_dags/example_short_circuit_operator.py
[2023-10-06T07:21:28.403+0000] {processor.py:839} INFO - DAG(s) dict_keys(['example_short_circuit_operator']) retrieved from /home/airflow/.local/lib/python3.8/site-packages/airflow/example_dags/example_short_circuit_operator.py
[2023-10-06T07:21:28.416+0000] {logging_mixin.py:151} INFO - [2023-10-06T07:21:28.416+0000] {dag.py:2907} INFO - Sync 1 DAGs
[2023-10-06T07:21:28.427+0000] {logging_mixin.py:151} INFO - [2023-10-06T07:21:28.427+0000] {dag.py:3677} INFO - Setting next_dagrun for example_short_circuit_operator to 2023-10-05T07:21:28.427204+00:00, run_after=2023-10-06T07:21:28.427204+00:00
[2023-10-06T07:21:28.439+0000] {processor.py:179} INFO - Processing /home/airflow/.local/lib/python3.8/site-packages/airflow/example_dags/example_short_circuit_operator.py took 0.044 seconds
[2023-10-06T08:42:33.710+0000] {processor.py:157} INFO - Started process (PID=93579) to work on /home/airflow/.local/lib/python3.8/site-packages/airflow/example_dags/example_short_circuit_operator.py
[2023-10-06T08:42:33.711+0000] {processor.py:829} INFO - Processing file /home/airflow/.local/lib/python3.8/site-packages/airflow/example_dags/example_short_circuit_operator.py for tasks to queue
[2023-10-06T08:42:33.712+0000] {logging_mixin.py:151} INFO - [2023-10-06T08:42:33.712+0000] {dagbag.py:539} INFO - Filling up the DagBag from /home/airflow/.local/lib/python3.8/site-packages/airflow/example_dags/example_short_circuit_operator.py
[2023-10-06T08:42:33.716+0000] {processor.py:839} INFO - DAG(s) dict_keys(['example_short_circuit_operator']) retrieved from /home/airflow/.local/lib/python3.8/site-packages/airflow/example_dags/example_short_circuit_operator.py
[2023-10-06T08:42:33.730+0000] {logging_mixin.py:151} INFO - [2023-10-06T08:42:33.730+0000] {dag.py:2907} INFO - Sync 1 DAGs
[2023-10-06T08:42:33.741+0000] {logging_mixin.py:151} INFO - [2023-10-06T08:42:33.741+0000] {dag.py:3677} INFO - Setting next_dagrun for example_short_circuit_operator to 2023-10-05T08:42:33.741519+00:00, run_after=2023-10-06T08:42:33.741519+00:00
[2023-10-06T08:42:33.753+0000] {processor.py:179} INFO - Processing /home/airflow/.local/lib/python3.8/site-packages/airflow/example_dags/example_short_circuit_operator.py took 0.045 seconds
[2023-10-06T10:05:56.882+0000] {processor.py:157} INFO - Started process (PID=93630) to work on /home/airflow/.local/lib/python3.8/site-packages/airflow/example_dags/example_short_circuit_operator.py
[2023-10-06T10:05:56.883+0000] {processor.py:829} INFO - Processing file /home/airflow/.local/lib/python3.8/site-packages/airflow/example_dags/example_short_circuit_operator.py for tasks to queue
[2023-10-06T10:05:56.884+0000] {logging_mixin.py:151} INFO - [2023-10-06T10:05:56.884+0000] {dagbag.py:539} INFO - Filling up the DagBag from /home/airflow/.local/lib/python3.8/site-packages/airflow/example_dags/example_short_circuit_operator.py
[2023-10-06T10:05:56.888+0000] {processor.py:839} INFO - DAG(s) dict_keys(['example_short_circuit_operator']) retrieved from /home/airflow/.local/lib/python3.8/site-packages/airflow/example_dags/example_short_circuit_operator.py
[2023-10-06T10:05:56.903+0000] {logging_mixin.py:151} INFO - [2023-10-06T10:05:56.903+0000] {dag.py:2907} INFO - Sync 1 DAGs
[2023-10-06T10:05:56.915+0000] {logging_mixin.py:151} INFO - [2023-10-06T10:05:56.915+0000] {dag.py:3677} INFO - Setting next_dagrun for example_short_circuit_operator to 2023-10-05T10:05:56.915142+00:00, run_after=2023-10-06T10:05:56.915142+00:00
[2023-10-06T10:05:56.926+0000] {processor.py:179} INFO - Processing /home/airflow/.local/lib/python3.8/site-packages/airflow/example_dags/example_short_circuit_operator.py took 0.046 seconds
[2023-10-06T11:25:35.034+0000] {processor.py:157} INFO - Started process (PID=93681) to work on /home/airflow/.local/lib/python3.8/site-packages/airflow/example_dags/example_short_circuit_operator.py
[2023-10-06T11:25:35.035+0000] {processor.py:829} INFO - Processing file /home/airflow/.local/lib/python3.8/site-packages/airflow/example_dags/example_short_circuit_operator.py for tasks to queue
[2023-10-06T11:25:35.036+0000] {logging_mixin.py:151} INFO - [2023-10-06T11:25:35.036+0000] {dagbag.py:539} INFO - Filling up the DagBag from /home/airflow/.local/lib/python3.8/site-packages/airflow/example_dags/example_short_circuit_operator.py
[2023-10-06T11:25:35.040+0000] {processor.py:839} INFO - DAG(s) dict_keys(['example_short_circuit_operator']) retrieved from /home/airflow/.local/lib/python3.8/site-packages/airflow/example_dags/example_short_circuit_operator.py
[2023-10-06T11:25:35.053+0000] {logging_mixin.py:151} INFO - [2023-10-06T11:25:35.053+0000] {dag.py:2907} INFO - Sync 1 DAGs
[2023-10-06T11:25:35.064+0000] {logging_mixin.py:151} INFO - [2023-10-06T11:25:35.064+0000] {dag.py:3677} INFO - Setting next_dagrun for example_short_circuit_operator to 2023-10-05T11:25:35.064112+00:00, run_after=2023-10-06T11:25:35.064112+00:00
[2023-10-06T11:25:35.074+0000] {processor.py:179} INFO - Processing /home/airflow/.local/lib/python3.8/site-packages/airflow/example_dags/example_short_circuit_operator.py took 0.042 seconds
[2023-10-06T12:28:46.969+0000] {processor.py:157} INFO - Started process (PID=93732) to work on /home/airflow/.local/lib/python3.8/site-packages/airflow/example_dags/example_short_circuit_operator.py
[2023-10-06T12:28:46.970+0000] {processor.py:829} INFO - Processing file /home/airflow/.local/lib/python3.8/site-packages/airflow/example_dags/example_short_circuit_operator.py for tasks to queue
[2023-10-06T12:28:46.972+0000] {logging_mixin.py:151} INFO - [2023-10-06T12:28:46.971+0000] {dagbag.py:539} INFO - Filling up the DagBag from /home/airflow/.local/lib/python3.8/site-packages/airflow/example_dags/example_short_circuit_operator.py
[2023-10-06T12:28:46.976+0000] {processor.py:839} INFO - DAG(s) dict_keys(['example_short_circuit_operator']) retrieved from /home/airflow/.local/lib/python3.8/site-packages/airflow/example_dags/example_short_circuit_operator.py
[2023-10-06T12:28:46.990+0000] {logging_mixin.py:151} INFO - [2023-10-06T12:28:46.989+0000] {dag.py:2907} INFO - Sync 1 DAGs
[2023-10-06T12:28:47.000+0000] {logging_mixin.py:151} INFO - [2023-10-06T12:28:47.000+0000] {dag.py:3677} INFO - Setting next_dagrun for example_short_circuit_operator to 2023-10-05T12:28:47.000563+00:00, run_after=2023-10-06T12:28:47.000563+00:00
[2023-10-06T12:28:47.011+0000] {processor.py:179} INFO - Processing /home/airflow/.local/lib/python3.8/site-packages/airflow/example_dags/example_short_circuit_operator.py took 0.044 seconds
[2023-10-06T12:39:00.371+0000] {processor.py:157} INFO - Started process (PID=93783) to work on /home/airflow/.local/lib/python3.8/site-packages/airflow/example_dags/example_short_circuit_operator.py
[2023-10-06T12:39:00.372+0000] {processor.py:829} INFO - Processing file /home/airflow/.local/lib/python3.8/site-packages/airflow/example_dags/example_short_circuit_operator.py for tasks to queue
[2023-10-06T12:39:00.373+0000] {logging_mixin.py:151} INFO - [2023-10-06T12:39:00.373+0000] {dagbag.py:539} INFO - Filling up the DagBag from /home/airflow/.local/lib/python3.8/site-packages/airflow/example_dags/example_short_circuit_operator.py
[2023-10-06T12:39:00.377+0000] {processor.py:839} INFO - DAG(s) dict_keys(['example_short_circuit_operator']) retrieved from /home/airflow/.local/lib/python3.8/site-packages/airflow/example_dags/example_short_circuit_operator.py
[2023-10-06T12:39:00.389+0000] {logging_mixin.py:151} INFO - [2023-10-06T12:39:00.389+0000] {dag.py:2907} INFO - Sync 1 DAGs
[2023-10-06T12:39:00.399+0000] {logging_mixin.py:151} INFO - [2023-10-06T12:39:00.399+0000] {dag.py:3677} INFO - Setting next_dagrun for example_short_circuit_operator to 2023-10-05T12:39:00.399214+00:00, run_after=2023-10-06T12:39:00.399214+00:00
[2023-10-06T12:39:00.409+0000] {processor.py:179} INFO - Processing /home/airflow/.local/lib/python3.8/site-packages/airflow/example_dags/example_short_circuit_operator.py took 0.040 seconds
[2023-10-06T12:54:55.956+0000] {processor.py:157} INFO - Started process (PID=93834) to work on /home/airflow/.local/lib/python3.8/site-packages/airflow/example_dags/example_short_circuit_operator.py
[2023-10-06T12:54:55.957+0000] {processor.py:829} INFO - Processing file /home/airflow/.local/lib/python3.8/site-packages/airflow/example_dags/example_short_circuit_operator.py for tasks to queue
[2023-10-06T12:54:55.958+0000] {logging_mixin.py:151} INFO - [2023-10-06T12:54:55.958+0000] {dagbag.py:539} INFO - Filling up the DagBag from /home/airflow/.local/lib/python3.8/site-packages/airflow/example_dags/example_short_circuit_operator.py
[2023-10-06T12:54:55.962+0000] {processor.py:839} INFO - DAG(s) dict_keys(['example_short_circuit_operator']) retrieved from /home/airflow/.local/lib/python3.8/site-packages/airflow/example_dags/example_short_circuit_operator.py
[2023-10-06T12:54:55.976+0000] {logging_mixin.py:151} INFO - [2023-10-06T12:54:55.976+0000] {dag.py:2907} INFO - Sync 1 DAGs
[2023-10-06T12:54:55.986+0000] {logging_mixin.py:151} INFO - [2023-10-06T12:54:55.986+0000] {dag.py:3677} INFO - Setting next_dagrun for example_short_circuit_operator to 2023-10-05T12:54:55.986479+00:00, run_after=2023-10-06T12:54:55.986479+00:00
[2023-10-06T12:54:55.998+0000] {processor.py:179} INFO - Processing /home/airflow/.local/lib/python3.8/site-packages/airflow/example_dags/example_short_circuit_operator.py took 0.044 seconds
[2023-10-06T13:46:12.147+0000] {processor.py:157} INFO - Started process (PID=93885) to work on /home/airflow/.local/lib/python3.8/site-packages/airflow/example_dags/example_short_circuit_operator.py
[2023-10-06T13:46:12.148+0000] {processor.py:829} INFO - Processing file /home/airflow/.local/lib/python3.8/site-packages/airflow/example_dags/example_short_circuit_operator.py for tasks to queue
[2023-10-06T13:46:12.149+0000] {logging_mixin.py:151} INFO - [2023-10-06T13:46:12.149+0000] {dagbag.py:539} INFO - Filling up the DagBag from /home/airflow/.local/lib/python3.8/site-packages/airflow/example_dags/example_short_circuit_operator.py
[2023-10-06T13:46:12.153+0000] {processor.py:839} INFO - DAG(s) dict_keys(['example_short_circuit_operator']) retrieved from /home/airflow/.local/lib/python3.8/site-packages/airflow/example_dags/example_short_circuit_operator.py
[2023-10-06T13:46:12.165+0000] {logging_mixin.py:151} INFO - [2023-10-06T13:46:12.165+0000] {dag.py:2907} INFO - Sync 1 DAGs
[2023-10-06T13:46:12.174+0000] {logging_mixin.py:151} INFO - [2023-10-06T13:46:12.174+0000] {dag.py:3677} INFO - Setting next_dagrun for example_short_circuit_operator to 2023-10-05T13:46:12.174809+00:00, run_after=2023-10-06T13:46:12.174809+00:00
[2023-10-06T13:46:12.188+0000] {processor.py:179} INFO - Processing /home/airflow/.local/lib/python3.8/site-packages/airflow/example_dags/example_short_circuit_operator.py took 0.044 seconds
[2023-10-06T15:22:52.967+0000] {processor.py:157} INFO - Started process (PID=93936) to work on /home/airflow/.local/lib/python3.8/site-packages/airflow/example_dags/example_short_circuit_operator.py
[2023-10-06T15:22:52.968+0000] {processor.py:829} INFO - Processing file /home/airflow/.local/lib/python3.8/site-packages/airflow/example_dags/example_short_circuit_operator.py for tasks to queue
[2023-10-06T15:22:52.969+0000] {logging_mixin.py:151} INFO - [2023-10-06T15:22:52.969+0000] {dagbag.py:539} INFO - Filling up the DagBag from /home/airflow/.local/lib/python3.8/site-packages/airflow/example_dags/example_short_circuit_operator.py
[2023-10-06T15:22:52.973+0000] {processor.py:839} INFO - DAG(s) dict_keys(['example_short_circuit_operator']) retrieved from /home/airflow/.local/lib/python3.8/site-packages/airflow/example_dags/example_short_circuit_operator.py
[2023-10-06T15:22:52.987+0000] {logging_mixin.py:151} INFO - [2023-10-06T15:22:52.987+0000] {dag.py:2907} INFO - Sync 1 DAGs
[2023-10-06T15:22:52.997+0000] {logging_mixin.py:151} INFO - [2023-10-06T15:22:52.997+0000] {dag.py:3677} INFO - Setting next_dagrun for example_short_circuit_operator to 2023-10-05T15:22:52.997628+00:00, run_after=2023-10-06T15:22:52.997628+00:00
[2023-10-06T15:22:53.008+0000] {processor.py:179} INFO - Processing /home/airflow/.local/lib/python3.8/site-packages/airflow/example_dags/example_short_circuit_operator.py took 0.043 seconds
[2023-10-06T16:45:55.682+0000] {processor.py:157} INFO - Started process (PID=93987) to work on /home/airflow/.local/lib/python3.8/site-packages/airflow/example_dags/example_short_circuit_operator.py
[2023-10-06T16:45:55.683+0000] {processor.py:829} INFO - Processing file /home/airflow/.local/lib/python3.8/site-packages/airflow/example_dags/example_short_circuit_operator.py for tasks to queue
[2023-10-06T16:45:55.684+0000] {logging_mixin.py:151} INFO - [2023-10-06T16:45:55.684+0000] {dagbag.py:539} INFO - Filling up the DagBag from /home/airflow/.local/lib/python3.8/site-packages/airflow/example_dags/example_short_circuit_operator.py
[2023-10-06T16:45:55.688+0000] {processor.py:839} INFO - DAG(s) dict_keys(['example_short_circuit_operator']) retrieved from /home/airflow/.local/lib/python3.8/site-packages/airflow/example_dags/example_short_circuit_operator.py
[2023-10-06T16:45:55.702+0000] {logging_mixin.py:151} INFO - [2023-10-06T16:45:55.702+0000] {dag.py:2907} INFO - Sync 1 DAGs
[2023-10-06T16:45:55.712+0000] {logging_mixin.py:151} INFO - [2023-10-06T16:45:55.712+0000] {dag.py:3677} INFO - Setting next_dagrun for example_short_circuit_operator to 2023-10-05T16:45:55.712655+00:00, run_after=2023-10-06T16:45:55.712655+00:00
[2023-10-06T16:45:55.726+0000] {processor.py:179} INFO - Processing /home/airflow/.local/lib/python3.8/site-packages/airflow/example_dags/example_short_circuit_operator.py took 0.047 seconds
[2023-10-06T18:26:19.273+0000] {processor.py:157} INFO - Started process (PID=94038) to work on /home/airflow/.local/lib/python3.8/site-packages/airflow/example_dags/example_short_circuit_operator.py
[2023-10-06T18:26:19.274+0000] {processor.py:829} INFO - Processing file /home/airflow/.local/lib/python3.8/site-packages/airflow/example_dags/example_short_circuit_operator.py for tasks to queue
[2023-10-06T18:26:19.275+0000] {logging_mixin.py:151} INFO - [2023-10-06T18:26:19.275+0000] {dagbag.py:539} INFO - Filling up the DagBag from /home/airflow/.local/lib/python3.8/site-packages/airflow/example_dags/example_short_circuit_operator.py
[2023-10-06T18:26:19.279+0000] {processor.py:839} INFO - DAG(s) dict_keys(['example_short_circuit_operator']) retrieved from /home/airflow/.local/lib/python3.8/site-packages/airflow/example_dags/example_short_circuit_operator.py
[2023-10-06T18:26:19.299+0000] {logging_mixin.py:151} INFO - [2023-10-06T18:26:19.299+0000] {dag.py:2907} INFO - Sync 1 DAGs
[2023-10-06T18:26:19.312+0000] {logging_mixin.py:151} INFO - [2023-10-06T18:26:19.311+0000] {dag.py:3677} INFO - Setting next_dagrun for example_short_circuit_operator to 2023-10-05T18:26:19.311819+00:00, run_after=2023-10-06T18:26:19.311819+00:00
[2023-10-06T18:26:19.324+0000] {processor.py:179} INFO - Processing /home/airflow/.local/lib/python3.8/site-packages/airflow/example_dags/example_short_circuit_operator.py took 0.053 seconds
[2023-10-06T20:02:31.598+0000] {processor.py:157} INFO - Started process (PID=94089) to work on /home/airflow/.local/lib/python3.8/site-packages/airflow/example_dags/example_short_circuit_operator.py
[2023-10-06T20:02:31.599+0000] {processor.py:829} INFO - Processing file /home/airflow/.local/lib/python3.8/site-packages/airflow/example_dags/example_short_circuit_operator.py for tasks to queue
[2023-10-06T20:02:31.600+0000] {logging_mixin.py:151} INFO - [2023-10-06T20:02:31.600+0000] {dagbag.py:539} INFO - Filling up the DagBag from /home/airflow/.local/lib/python3.8/site-packages/airflow/example_dags/example_short_circuit_operator.py
[2023-10-06T20:02:31.604+0000] {processor.py:839} INFO - DAG(s) dict_keys(['example_short_circuit_operator']) retrieved from /home/airflow/.local/lib/python3.8/site-packages/airflow/example_dags/example_short_circuit_operator.py
[2023-10-06T20:02:31.617+0000] {logging_mixin.py:151} INFO - [2023-10-06T20:02:31.617+0000] {dag.py:2907} INFO - Sync 1 DAGs
[2023-10-06T20:02:31.628+0000] {logging_mixin.py:151} INFO - [2023-10-06T20:02:31.628+0000] {dag.py:3677} INFO - Setting next_dagrun for example_short_circuit_operator to 2023-10-05T20:02:31.628019+00:00, run_after=2023-10-06T20:02:31.628019+00:00
[2023-10-06T20:02:31.639+0000] {processor.py:179} INFO - Processing /home/airflow/.local/lib/python3.8/site-packages/airflow/example_dags/example_short_circuit_operator.py took 0.043 seconds
[2023-10-06T21:27:12.671+0000] {processor.py:157} INFO - Started process (PID=94140) to work on /home/airflow/.local/lib/python3.8/site-packages/airflow/example_dags/example_short_circuit_operator.py
[2023-10-06T21:27:12.672+0000] {processor.py:829} INFO - Processing file /home/airflow/.local/lib/python3.8/site-packages/airflow/example_dags/example_short_circuit_operator.py for tasks to queue
[2023-10-06T21:27:12.674+0000] {logging_mixin.py:151} INFO - [2023-10-06T21:27:12.674+0000] {dagbag.py:539} INFO - Filling up the DagBag from /home/airflow/.local/lib/python3.8/site-packages/airflow/example_dags/example_short_circuit_operator.py
[2023-10-06T21:27:12.680+0000] {processor.py:839} INFO - DAG(s) dict_keys(['example_short_circuit_operator']) retrieved from /home/airflow/.local/lib/python3.8/site-packages/airflow/example_dags/example_short_circuit_operator.py
[2023-10-06T21:27:12.698+0000] {logging_mixin.py:151} INFO - [2023-10-06T21:27:12.697+0000] {dag.py:2907} INFO - Sync 1 DAGs
[2023-10-06T21:27:12.710+0000] {logging_mixin.py:151} INFO - [2023-10-06T21:27:12.710+0000] {dag.py:3677} INFO - Setting next_dagrun for example_short_circuit_operator to 2023-10-05T21:27:12.710422+00:00, run_after=2023-10-06T21:27:12.710422+00:00
[2023-10-06T21:27:12.722+0000] {processor.py:179} INFO - Processing /home/airflow/.local/lib/python3.8/site-packages/airflow/example_dags/example_short_circuit_operator.py took 0.053 seconds
[2023-10-06T23:05:04.022+0000] {processor.py:157} INFO - Started process (PID=94191) to work on /home/airflow/.local/lib/python3.8/site-packages/airflow/example_dags/example_short_circuit_operator.py
[2023-10-06T23:05:04.023+0000] {processor.py:829} INFO - Processing file /home/airflow/.local/lib/python3.8/site-packages/airflow/example_dags/example_short_circuit_operator.py for tasks to queue
[2023-10-06T23:05:04.024+0000] {logging_mixin.py:151} INFO - [2023-10-06T23:05:04.024+0000] {dagbag.py:539} INFO - Filling up the DagBag from /home/airflow/.local/lib/python3.8/site-packages/airflow/example_dags/example_short_circuit_operator.py
[2023-10-06T23:05:04.028+0000] {processor.py:839} INFO - DAG(s) dict_keys(['example_short_circuit_operator']) retrieved from /home/airflow/.local/lib/python3.8/site-packages/airflow/example_dags/example_short_circuit_operator.py
[2023-10-06T23:05:04.041+0000] {logging_mixin.py:151} INFO - [2023-10-06T23:05:04.041+0000] {dag.py:2907} INFO - Sync 1 DAGs
[2023-10-06T23:05:04.055+0000] {logging_mixin.py:151} INFO - [2023-10-06T23:05:04.054+0000] {dag.py:3677} INFO - Setting next_dagrun for example_short_circuit_operator to 2023-10-05T23:05:04.054854+00:00, run_after=2023-10-06T23:05:04.054854+00:00
[2023-10-06T23:05:04.066+0000] {processor.py:179} INFO - Processing /home/airflow/.local/lib/python3.8/site-packages/airflow/example_dags/example_short_circuit_operator.py took 0.046 seconds
