[2023-10-06T00:01:33.894+0000] {processor.py:157} INFO - Started process (PID=91173) to work on /home/airflow/.local/lib/python3.8/site-packages/airflow/example_dags/example_xcomargs.py
[2023-10-06T00:01:33.894+0000] {processor.py:829} INFO - Processing file /home/airflow/.local/lib/python3.8/site-packages/airflow/example_dags/example_xcomargs.py for tasks to queue
[2023-10-06T00:01:33.895+0000] {logging_mixin.py:151} INFO - [2023-10-06T00:01:33.895+0000] {dagbag.py:539} INFO - Filling up the DagBag from /home/airflow/.local/lib/python3.8/site-packages/airflow/example_dags/example_xcomargs.py
[2023-10-06T00:01:33.900+0000] {processor.py:839} INFO - DAG(s) dict_keys(['example_xcom_args', 'example_xcom_args_with_operators']) retrieved from /home/airflow/.local/lib/python3.8/site-packages/airflow/example_dags/example_xcomargs.py
[2023-10-06T00:01:33.914+0000] {logging_mixin.py:151} INFO - [2023-10-06T00:01:33.914+0000] {dag.py:2907} INFO - Sync 2 DAGs
[2023-10-06T00:01:33.920+0000] {logging_mixin.py:151} INFO - [2023-10-06T00:01:33.920+0000] {dag.py:3677} INFO - Setting next_dagrun for example_xcom_args to None, run_after=None
[2023-10-06T00:01:33.922+0000] {logging_mixin.py:151} INFO - [2023-10-06T00:01:33.922+0000] {dag.py:3677} INFO - Setting next_dagrun for example_xcom_args_with_operators to None, run_after=None
[2023-10-06T00:01:33.932+0000] {processor.py:179} INFO - Processing /home/airflow/.local/lib/python3.8/site-packages/airflow/example_dags/example_xcomargs.py took 0.041 seconds
[2023-10-06T00:02:04.705+0000] {processor.py:157} INFO - Started process (PID=91224) to work on /home/airflow/.local/lib/python3.8/site-packages/airflow/example_dags/example_xcomargs.py
[2023-10-06T00:02:04.706+0000] {processor.py:829} INFO - Processing file /home/airflow/.local/lib/python3.8/site-packages/airflow/example_dags/example_xcomargs.py for tasks to queue
[2023-10-06T00:02:04.707+0000] {logging_mixin.py:151} INFO - [2023-10-06T00:02:04.707+0000] {dagbag.py:539} INFO - Filling up the DagBag from /home/airflow/.local/lib/python3.8/site-packages/airflow/example_dags/example_xcomargs.py
[2023-10-06T00:02:04.712+0000] {processor.py:839} INFO - DAG(s) dict_keys(['example_xcom_args', 'example_xcom_args_with_operators']) retrieved from /home/airflow/.local/lib/python3.8/site-packages/airflow/example_dags/example_xcomargs.py
[2023-10-06T00:02:04.726+0000] {logging_mixin.py:151} INFO - [2023-10-06T00:02:04.726+0000] {dag.py:2907} INFO - Sync 2 DAGs
[2023-10-06T00:02:04.732+0000] {logging_mixin.py:151} INFO - [2023-10-06T00:02:04.732+0000] {dag.py:3677} INFO - Setting next_dagrun for example_xcom_args to None, run_after=None
[2023-10-06T00:02:04.734+0000] {logging_mixin.py:151} INFO - [2023-10-06T00:02:04.734+0000] {dag.py:3677} INFO - Setting next_dagrun for example_xcom_args_with_operators to None, run_after=None
[2023-10-06T00:02:04.744+0000] {processor.py:179} INFO - Processing /home/airflow/.local/lib/python3.8/site-packages/airflow/example_dags/example_xcomargs.py took 0.041 seconds
[2023-10-06T00:02:35.284+0000] {processor.py:157} INFO - Started process (PID=91275) to work on /home/airflow/.local/lib/python3.8/site-packages/airflow/example_dags/example_xcomargs.py
[2023-10-06T00:02:35.285+0000] {processor.py:829} INFO - Processing file /home/airflow/.local/lib/python3.8/site-packages/airflow/example_dags/example_xcomargs.py for tasks to queue
[2023-10-06T00:02:35.286+0000] {logging_mixin.py:151} INFO - [2023-10-06T00:02:35.286+0000] {dagbag.py:539} INFO - Filling up the DagBag from /home/airflow/.local/lib/python3.8/site-packages/airflow/example_dags/example_xcomargs.py
[2023-10-06T00:02:35.291+0000] {processor.py:839} INFO - DAG(s) dict_keys(['example_xcom_args_with_operators', 'example_xcom_args']) retrieved from /home/airflow/.local/lib/python3.8/site-packages/airflow/example_dags/example_xcomargs.py
[2023-10-06T00:02:35.306+0000] {logging_mixin.py:151} INFO - [2023-10-06T00:02:35.306+0000] {dag.py:2907} INFO - Sync 2 DAGs
[2023-10-06T00:02:35.312+0000] {logging_mixin.py:151} INFO - [2023-10-06T00:02:35.312+0000] {dag.py:3677} INFO - Setting next_dagrun for example_xcom_args to None, run_after=None
[2023-10-06T00:02:35.314+0000] {logging_mixin.py:151} INFO - [2023-10-06T00:02:35.314+0000] {dag.py:3677} INFO - Setting next_dagrun for example_xcom_args_with_operators to None, run_after=None
[2023-10-06T00:02:35.324+0000] {processor.py:179} INFO - Processing /home/airflow/.local/lib/python3.8/site-packages/airflow/example_dags/example_xcomargs.py took 0.042 seconds
[2023-10-06T00:03:05.704+0000] {processor.py:157} INFO - Started process (PID=91326) to work on /home/airflow/.local/lib/python3.8/site-packages/airflow/example_dags/example_xcomargs.py
[2023-10-06T00:03:05.705+0000] {processor.py:829} INFO - Processing file /home/airflow/.local/lib/python3.8/site-packages/airflow/example_dags/example_xcomargs.py for tasks to queue
[2023-10-06T00:03:05.706+0000] {logging_mixin.py:151} INFO - [2023-10-06T00:03:05.706+0000] {dagbag.py:539} INFO - Filling up the DagBag from /home/airflow/.local/lib/python3.8/site-packages/airflow/example_dags/example_xcomargs.py
[2023-10-06T00:03:05.711+0000] {processor.py:839} INFO - DAG(s) dict_keys(['example_xcom_args', 'example_xcom_args_with_operators']) retrieved from /home/airflow/.local/lib/python3.8/site-packages/airflow/example_dags/example_xcomargs.py
[2023-10-06T00:03:05.731+0000] {logging_mixin.py:151} INFO - [2023-10-06T00:03:05.731+0000] {dag.py:2907} INFO - Sync 2 DAGs
[2023-10-06T00:03:05.736+0000] {logging_mixin.py:151} INFO - [2023-10-06T00:03:05.736+0000] {dag.py:3677} INFO - Setting next_dagrun for example_xcom_args to None, run_after=None
[2023-10-06T00:03:05.738+0000] {logging_mixin.py:151} INFO - [2023-10-06T00:03:05.738+0000] {dag.py:3677} INFO - Setting next_dagrun for example_xcom_args_with_operators to None, run_after=None
[2023-10-06T00:03:05.749+0000] {processor.py:179} INFO - Processing /home/airflow/.local/lib/python3.8/site-packages/airflow/example_dags/example_xcomargs.py took 0.047 seconds
[2023-10-06T00:03:35.980+0000] {processor.py:157} INFO - Started process (PID=91377) to work on /home/airflow/.local/lib/python3.8/site-packages/airflow/example_dags/example_xcomargs.py
[2023-10-06T00:03:35.980+0000] {processor.py:829} INFO - Processing file /home/airflow/.local/lib/python3.8/site-packages/airflow/example_dags/example_xcomargs.py for tasks to queue
[2023-10-06T00:03:35.982+0000] {logging_mixin.py:151} INFO - [2023-10-06T00:03:35.982+0000] {dagbag.py:539} INFO - Filling up the DagBag from /home/airflow/.local/lib/python3.8/site-packages/airflow/example_dags/example_xcomargs.py
[2023-10-06T00:03:35.987+0000] {processor.py:839} INFO - DAG(s) dict_keys(['example_xcom_args', 'example_xcom_args_with_operators']) retrieved from /home/airflow/.local/lib/python3.8/site-packages/airflow/example_dags/example_xcomargs.py
[2023-10-06T00:03:36.001+0000] {logging_mixin.py:151} INFO - [2023-10-06T00:03:36.001+0000] {dag.py:2907} INFO - Sync 2 DAGs
[2023-10-06T00:03:36.008+0000] {logging_mixin.py:151} INFO - [2023-10-06T00:03:36.008+0000] {dag.py:3677} INFO - Setting next_dagrun for example_xcom_args to None, run_after=None
[2023-10-06T00:03:36.009+0000] {logging_mixin.py:151} INFO - [2023-10-06T00:03:36.009+0000] {dag.py:3677} INFO - Setting next_dagrun for example_xcom_args_with_operators to None, run_after=None
[2023-10-06T00:03:36.019+0000] {processor.py:179} INFO - Processing /home/airflow/.local/lib/python3.8/site-packages/airflow/example_dags/example_xcomargs.py took 0.041 seconds
[2023-10-06T00:04:06.592+0000] {processor.py:157} INFO - Started process (PID=91428) to work on /home/airflow/.local/lib/python3.8/site-packages/airflow/example_dags/example_xcomargs.py
[2023-10-06T00:04:06.592+0000] {processor.py:829} INFO - Processing file /home/airflow/.local/lib/python3.8/site-packages/airflow/example_dags/example_xcomargs.py for tasks to queue
[2023-10-06T00:04:06.594+0000] {logging_mixin.py:151} INFO - [2023-10-06T00:04:06.593+0000] {dagbag.py:539} INFO - Filling up the DagBag from /home/airflow/.local/lib/python3.8/site-packages/airflow/example_dags/example_xcomargs.py
[2023-10-06T00:04:06.598+0000] {processor.py:839} INFO - DAG(s) dict_keys(['example_xcom_args', 'example_xcom_args_with_operators']) retrieved from /home/airflow/.local/lib/python3.8/site-packages/airflow/example_dags/example_xcomargs.py
[2023-10-06T00:04:06.612+0000] {logging_mixin.py:151} INFO - [2023-10-06T00:04:06.612+0000] {dag.py:2907} INFO - Sync 2 DAGs
[2023-10-06T00:04:06.618+0000] {logging_mixin.py:151} INFO - [2023-10-06T00:04:06.618+0000] {dag.py:3677} INFO - Setting next_dagrun for example_xcom_args to None, run_after=None
[2023-10-06T00:04:06.620+0000] {logging_mixin.py:151} INFO - [2023-10-06T00:04:06.620+0000] {dag.py:3677} INFO - Setting next_dagrun for example_xcom_args_with_operators to None, run_after=None
[2023-10-06T00:04:06.631+0000] {processor.py:179} INFO - Processing /home/airflow/.local/lib/python3.8/site-packages/airflow/example_dags/example_xcomargs.py took 0.041 seconds
[2023-10-06T00:04:36.892+0000] {processor.py:157} INFO - Started process (PID=91479) to work on /home/airflow/.local/lib/python3.8/site-packages/airflow/example_dags/example_xcomargs.py
[2023-10-06T00:04:36.892+0000] {processor.py:829} INFO - Processing file /home/airflow/.local/lib/python3.8/site-packages/airflow/example_dags/example_xcomargs.py for tasks to queue
[2023-10-06T00:04:36.893+0000] {logging_mixin.py:151} INFO - [2023-10-06T00:04:36.893+0000] {dagbag.py:539} INFO - Filling up the DagBag from /home/airflow/.local/lib/python3.8/site-packages/airflow/example_dags/example_xcomargs.py
[2023-10-06T00:04:36.898+0000] {processor.py:839} INFO - DAG(s) dict_keys(['example_xcom_args_with_operators', 'example_xcom_args']) retrieved from /home/airflow/.local/lib/python3.8/site-packages/airflow/example_dags/example_xcomargs.py
[2023-10-06T00:04:36.911+0000] {logging_mixin.py:151} INFO - [2023-10-06T00:04:36.911+0000] {dag.py:2907} INFO - Sync 2 DAGs
[2023-10-06T00:04:36.916+0000] {logging_mixin.py:151} INFO - [2023-10-06T00:04:36.916+0000] {dag.py:3677} INFO - Setting next_dagrun for example_xcom_args to None, run_after=None
[2023-10-06T00:04:36.918+0000] {logging_mixin.py:151} INFO - [2023-10-06T00:04:36.918+0000] {dag.py:3677} INFO - Setting next_dagrun for example_xcom_args_with_operators to None, run_after=None
[2023-10-06T00:04:36.928+0000] {processor.py:179} INFO - Processing /home/airflow/.local/lib/python3.8/site-packages/airflow/example_dags/example_xcomargs.py took 0.038 seconds
[2023-10-06T00:05:08.270+0000] {processor.py:157} INFO - Started process (PID=91530) to work on /home/airflow/.local/lib/python3.8/site-packages/airflow/example_dags/example_xcomargs.py
[2023-10-06T00:05:08.271+0000] {processor.py:829} INFO - Processing file /home/airflow/.local/lib/python3.8/site-packages/airflow/example_dags/example_xcomargs.py for tasks to queue
[2023-10-06T00:05:08.272+0000] {logging_mixin.py:151} INFO - [2023-10-06T00:05:08.272+0000] {dagbag.py:539} INFO - Filling up the DagBag from /home/airflow/.local/lib/python3.8/site-packages/airflow/example_dags/example_xcomargs.py
[2023-10-06T00:05:08.277+0000] {processor.py:839} INFO - DAG(s) dict_keys(['example_xcom_args', 'example_xcom_args_with_operators']) retrieved from /home/airflow/.local/lib/python3.8/site-packages/airflow/example_dags/example_xcomargs.py
[2023-10-06T00:05:08.291+0000] {logging_mixin.py:151} INFO - [2023-10-06T00:05:08.291+0000] {dag.py:2907} INFO - Sync 2 DAGs
[2023-10-06T00:05:08.297+0000] {logging_mixin.py:151} INFO - [2023-10-06T00:05:08.297+0000] {dag.py:3677} INFO - Setting next_dagrun for example_xcom_args to None, run_after=None
[2023-10-06T00:05:08.299+0000] {logging_mixin.py:151} INFO - [2023-10-06T00:05:08.299+0000] {dag.py:3677} INFO - Setting next_dagrun for example_xcom_args_with_operators to None, run_after=None
[2023-10-06T00:05:08.313+0000] {processor.py:179} INFO - Processing /home/airflow/.local/lib/python3.8/site-packages/airflow/example_dags/example_xcomargs.py took 0.045 seconds
[2023-10-06T00:05:38.654+0000] {processor.py:157} INFO - Started process (PID=91581) to work on /home/airflow/.local/lib/python3.8/site-packages/airflow/example_dags/example_xcomargs.py
[2023-10-06T00:05:38.655+0000] {processor.py:829} INFO - Processing file /home/airflow/.local/lib/python3.8/site-packages/airflow/example_dags/example_xcomargs.py for tasks to queue
[2023-10-06T00:05:38.656+0000] {logging_mixin.py:151} INFO - [2023-10-06T00:05:38.656+0000] {dagbag.py:539} INFO - Filling up the DagBag from /home/airflow/.local/lib/python3.8/site-packages/airflow/example_dags/example_xcomargs.py
[2023-10-06T00:05:38.661+0000] {processor.py:839} INFO - DAG(s) dict_keys(['example_xcom_args_with_operators', 'example_xcom_args']) retrieved from /home/airflow/.local/lib/python3.8/site-packages/airflow/example_dags/example_xcomargs.py
[2023-10-06T00:05:38.675+0000] {logging_mixin.py:151} INFO - [2023-10-06T00:05:38.675+0000] {dag.py:2907} INFO - Sync 2 DAGs
[2023-10-06T00:05:38.681+0000] {logging_mixin.py:151} INFO - [2023-10-06T00:05:38.681+0000] {dag.py:3677} INFO - Setting next_dagrun for example_xcom_args to None, run_after=None
[2023-10-06T00:05:38.682+0000] {logging_mixin.py:151} INFO - [2023-10-06T00:05:38.682+0000] {dag.py:3677} INFO - Setting next_dagrun for example_xcom_args_with_operators to None, run_after=None
[2023-10-06T00:05:38.693+0000] {processor.py:179} INFO - Processing /home/airflow/.local/lib/python3.8/site-packages/airflow/example_dags/example_xcomargs.py took 0.041 seconds
[2023-10-06T00:06:09.071+0000] {processor.py:157} INFO - Started process (PID=91632) to work on /home/airflow/.local/lib/python3.8/site-packages/airflow/example_dags/example_xcomargs.py
[2023-10-06T00:06:09.071+0000] {processor.py:829} INFO - Processing file /home/airflow/.local/lib/python3.8/site-packages/airflow/example_dags/example_xcomargs.py for tasks to queue
[2023-10-06T00:06:09.073+0000] {logging_mixin.py:151} INFO - [2023-10-06T00:06:09.072+0000] {dagbag.py:539} INFO - Filling up the DagBag from /home/airflow/.local/lib/python3.8/site-packages/airflow/example_dags/example_xcomargs.py
[2023-10-06T00:06:09.077+0000] {processor.py:839} INFO - DAG(s) dict_keys(['example_xcom_args_with_operators', 'example_xcom_args']) retrieved from /home/airflow/.local/lib/python3.8/site-packages/airflow/example_dags/example_xcomargs.py
[2023-10-06T00:06:09.090+0000] {logging_mixin.py:151} INFO - [2023-10-06T00:06:09.090+0000] {dag.py:2907} INFO - Sync 2 DAGs
[2023-10-06T00:06:09.096+0000] {logging_mixin.py:151} INFO - [2023-10-06T00:06:09.096+0000] {dag.py:3677} INFO - Setting next_dagrun for example_xcom_args to None, run_after=None
[2023-10-06T00:06:09.098+0000] {logging_mixin.py:151} INFO - [2023-10-06T00:06:09.097+0000] {dag.py:3677} INFO - Setting next_dagrun for example_xcom_args_with_operators to None, run_after=None
[2023-10-06T00:06:09.108+0000] {processor.py:179} INFO - Processing /home/airflow/.local/lib/python3.8/site-packages/airflow/example_dags/example_xcomargs.py took 0.039 seconds
[2023-10-06T00:06:39.435+0000] {processor.py:157} INFO - Started process (PID=91683) to work on /home/airflow/.local/lib/python3.8/site-packages/airflow/example_dags/example_xcomargs.py
[2023-10-06T00:06:39.436+0000] {processor.py:829} INFO - Processing file /home/airflow/.local/lib/python3.8/site-packages/airflow/example_dags/example_xcomargs.py for tasks to queue
[2023-10-06T00:06:39.437+0000] {logging_mixin.py:151} INFO - [2023-10-06T00:06:39.437+0000] {dagbag.py:539} INFO - Filling up the DagBag from /home/airflow/.local/lib/python3.8/site-packages/airflow/example_dags/example_xcomargs.py
[2023-10-06T00:06:39.441+0000] {processor.py:839} INFO - DAG(s) dict_keys(['example_xcom_args', 'example_xcom_args_with_operators']) retrieved from /home/airflow/.local/lib/python3.8/site-packages/airflow/example_dags/example_xcomargs.py
[2023-10-06T00:06:39.454+0000] {logging_mixin.py:151} INFO - [2023-10-06T00:06:39.454+0000] {dag.py:2907} INFO - Sync 2 DAGs
[2023-10-06T00:06:39.460+0000] {logging_mixin.py:151} INFO - [2023-10-06T00:06:39.460+0000] {dag.py:3677} INFO - Setting next_dagrun for example_xcom_args to None, run_after=None
[2023-10-06T00:06:39.462+0000] {logging_mixin.py:151} INFO - [2023-10-06T00:06:39.462+0000] {dag.py:3677} INFO - Setting next_dagrun for example_xcom_args_with_operators to None, run_after=None
[2023-10-06T00:06:39.473+0000] {processor.py:179} INFO - Processing /home/airflow/.local/lib/python3.8/site-packages/airflow/example_dags/example_xcomargs.py took 0.039 seconds
[2023-10-06T00:07:10.827+0000] {processor.py:157} INFO - Started process (PID=91734) to work on /home/airflow/.local/lib/python3.8/site-packages/airflow/example_dags/example_xcomargs.py
[2023-10-06T00:07:10.828+0000] {processor.py:829} INFO - Processing file /home/airflow/.local/lib/python3.8/site-packages/airflow/example_dags/example_xcomargs.py for tasks to queue
[2023-10-06T00:07:10.829+0000] {logging_mixin.py:151} INFO - [2023-10-06T00:07:10.829+0000] {dagbag.py:539} INFO - Filling up the DagBag from /home/airflow/.local/lib/python3.8/site-packages/airflow/example_dags/example_xcomargs.py
[2023-10-06T00:07:10.834+0000] {processor.py:839} INFO - DAG(s) dict_keys(['example_xcom_args_with_operators', 'example_xcom_args']) retrieved from /home/airflow/.local/lib/python3.8/site-packages/airflow/example_dags/example_xcomargs.py
[2023-10-06T00:07:10.849+0000] {logging_mixin.py:151} INFO - [2023-10-06T00:07:10.849+0000] {dag.py:2907} INFO - Sync 2 DAGs
[2023-10-06T00:07:10.855+0000] {logging_mixin.py:151} INFO - [2023-10-06T00:07:10.855+0000] {dag.py:3677} INFO - Setting next_dagrun for example_xcom_args to None, run_after=None
[2023-10-06T00:07:10.857+0000] {logging_mixin.py:151} INFO - [2023-10-06T00:07:10.857+0000] {dag.py:3677} INFO - Setting next_dagrun for example_xcom_args_with_operators to None, run_after=None
[2023-10-06T00:07:10.868+0000] {processor.py:179} INFO - Processing /home/airflow/.local/lib/python3.8/site-packages/airflow/example_dags/example_xcomargs.py took 0.043 seconds
[2023-10-06T00:07:41.642+0000] {processor.py:157} INFO - Started process (PID=91785) to work on /home/airflow/.local/lib/python3.8/site-packages/airflow/example_dags/example_xcomargs.py
[2023-10-06T00:07:41.643+0000] {processor.py:829} INFO - Processing file /home/airflow/.local/lib/python3.8/site-packages/airflow/example_dags/example_xcomargs.py for tasks to queue
[2023-10-06T00:07:41.644+0000] {logging_mixin.py:151} INFO - [2023-10-06T00:07:41.644+0000] {dagbag.py:539} INFO - Filling up the DagBag from /home/airflow/.local/lib/python3.8/site-packages/airflow/example_dags/example_xcomargs.py
[2023-10-06T00:07:41.649+0000] {processor.py:839} INFO - DAG(s) dict_keys(['example_xcom_args_with_operators', 'example_xcom_args']) retrieved from /home/airflow/.local/lib/python3.8/site-packages/airflow/example_dags/example_xcomargs.py
[2023-10-06T00:07:41.662+0000] {logging_mixin.py:151} INFO - [2023-10-06T00:07:41.662+0000] {dag.py:2907} INFO - Sync 2 DAGs
[2023-10-06T00:07:41.668+0000] {logging_mixin.py:151} INFO - [2023-10-06T00:07:41.668+0000] {dag.py:3677} INFO - Setting next_dagrun for example_xcom_args to None, run_after=None
[2023-10-06T00:07:41.670+0000] {logging_mixin.py:151} INFO - [2023-10-06T00:07:41.670+0000] {dag.py:3677} INFO - Setting next_dagrun for example_xcom_args_with_operators to None, run_after=None
[2023-10-06T00:07:41.682+0000] {processor.py:179} INFO - Processing /home/airflow/.local/lib/python3.8/site-packages/airflow/example_dags/example_xcomargs.py took 0.041 seconds
[2023-10-06T00:08:12.283+0000] {processor.py:157} INFO - Started process (PID=91836) to work on /home/airflow/.local/lib/python3.8/site-packages/airflow/example_dags/example_xcomargs.py
[2023-10-06T00:08:12.283+0000] {processor.py:829} INFO - Processing file /home/airflow/.local/lib/python3.8/site-packages/airflow/example_dags/example_xcomargs.py for tasks to queue
[2023-10-06T00:08:12.285+0000] {logging_mixin.py:151} INFO - [2023-10-06T00:08:12.284+0000] {dagbag.py:539} INFO - Filling up the DagBag from /home/airflow/.local/lib/python3.8/site-packages/airflow/example_dags/example_xcomargs.py
[2023-10-06T00:08:12.290+0000] {processor.py:839} INFO - DAG(s) dict_keys(['example_xcom_args', 'example_xcom_args_with_operators']) retrieved from /home/airflow/.local/lib/python3.8/site-packages/airflow/example_dags/example_xcomargs.py
[2023-10-06T00:08:12.305+0000] {logging_mixin.py:151} INFO - [2023-10-06T00:08:12.305+0000] {dag.py:2907} INFO - Sync 2 DAGs
[2023-10-06T00:08:12.312+0000] {logging_mixin.py:151} INFO - [2023-10-06T00:08:12.311+0000] {dag.py:3677} INFO - Setting next_dagrun for example_xcom_args to None, run_after=None
[2023-10-06T00:08:12.313+0000] {logging_mixin.py:151} INFO - [2023-10-06T00:08:12.313+0000] {dag.py:3677} INFO - Setting next_dagrun for example_xcom_args_with_operators to None, run_after=None
[2023-10-06T00:08:12.324+0000] {processor.py:179} INFO - Processing /home/airflow/.local/lib/python3.8/site-packages/airflow/example_dags/example_xcomargs.py took 0.044 seconds
[2023-10-06T00:08:43.010+0000] {processor.py:157} INFO - Started process (PID=91887) to work on /home/airflow/.local/lib/python3.8/site-packages/airflow/example_dags/example_xcomargs.py
[2023-10-06T00:08:43.010+0000] {processor.py:829} INFO - Processing file /home/airflow/.local/lib/python3.8/site-packages/airflow/example_dags/example_xcomargs.py for tasks to queue
[2023-10-06T00:08:43.011+0000] {logging_mixin.py:151} INFO - [2023-10-06T00:08:43.011+0000] {dagbag.py:539} INFO - Filling up the DagBag from /home/airflow/.local/lib/python3.8/site-packages/airflow/example_dags/example_xcomargs.py
[2023-10-06T00:08:43.016+0000] {processor.py:839} INFO - DAG(s) dict_keys(['example_xcom_args_with_operators', 'example_xcom_args']) retrieved from /home/airflow/.local/lib/python3.8/site-packages/airflow/example_dags/example_xcomargs.py
[2023-10-06T00:08:43.030+0000] {logging_mixin.py:151} INFO - [2023-10-06T00:08:43.030+0000] {dag.py:2907} INFO - Sync 2 DAGs
[2023-10-06T00:08:43.036+0000] {logging_mixin.py:151} INFO - [2023-10-06T00:08:43.036+0000] {dag.py:3677} INFO - Setting next_dagrun for example_xcom_args to None, run_after=None
[2023-10-06T00:08:43.037+0000] {logging_mixin.py:151} INFO - [2023-10-06T00:08:43.037+0000] {dag.py:3677} INFO - Setting next_dagrun for example_xcom_args_with_operators to None, run_after=None
[2023-10-06T00:08:43.048+0000] {processor.py:179} INFO - Processing /home/airflow/.local/lib/python3.8/site-packages/airflow/example_dags/example_xcomargs.py took 0.040 seconds
[2023-10-06T00:09:13.735+0000] {processor.py:157} INFO - Started process (PID=91938) to work on /home/airflow/.local/lib/python3.8/site-packages/airflow/example_dags/example_xcomargs.py
[2023-10-06T00:09:13.736+0000] {processor.py:829} INFO - Processing file /home/airflow/.local/lib/python3.8/site-packages/airflow/example_dags/example_xcomargs.py for tasks to queue
[2023-10-06T00:09:13.737+0000] {logging_mixin.py:151} INFO - [2023-10-06T00:09:13.737+0000] {dagbag.py:539} INFO - Filling up the DagBag from /home/airflow/.local/lib/python3.8/site-packages/airflow/example_dags/example_xcomargs.py
[2023-10-06T00:09:13.742+0000] {processor.py:839} INFO - DAG(s) dict_keys(['example_xcom_args_with_operators', 'example_xcom_args']) retrieved from /home/airflow/.local/lib/python3.8/site-packages/airflow/example_dags/example_xcomargs.py
[2023-10-06T00:09:13.757+0000] {logging_mixin.py:151} INFO - [2023-10-06T00:09:13.757+0000] {dag.py:2907} INFO - Sync 2 DAGs
[2023-10-06T00:09:13.763+0000] {logging_mixin.py:151} INFO - [2023-10-06T00:09:13.763+0000] {dag.py:3677} INFO - Setting next_dagrun for example_xcom_args to None, run_after=None
[2023-10-06T00:09:13.765+0000] {logging_mixin.py:151} INFO - [2023-10-06T00:09:13.765+0000] {dag.py:3677} INFO - Setting next_dagrun for example_xcom_args_with_operators to None, run_after=None
[2023-10-06T00:09:13.775+0000] {processor.py:179} INFO - Processing /home/airflow/.local/lib/python3.8/site-packages/airflow/example_dags/example_xcomargs.py took 0.043 seconds
[2023-10-06T00:09:44.266+0000] {processor.py:157} INFO - Started process (PID=91989) to work on /home/airflow/.local/lib/python3.8/site-packages/airflow/example_dags/example_xcomargs.py
[2023-10-06T00:09:44.267+0000] {processor.py:829} INFO - Processing file /home/airflow/.local/lib/python3.8/site-packages/airflow/example_dags/example_xcomargs.py for tasks to queue
[2023-10-06T00:09:44.268+0000] {logging_mixin.py:151} INFO - [2023-10-06T00:09:44.268+0000] {dagbag.py:539} INFO - Filling up the DagBag from /home/airflow/.local/lib/python3.8/site-packages/airflow/example_dags/example_xcomargs.py
[2023-10-06T00:09:44.273+0000] {processor.py:839} INFO - DAG(s) dict_keys(['example_xcom_args', 'example_xcom_args_with_operators']) retrieved from /home/airflow/.local/lib/python3.8/site-packages/airflow/example_dags/example_xcomargs.py
[2023-10-06T00:09:44.287+0000] {logging_mixin.py:151} INFO - [2023-10-06T00:09:44.287+0000] {dag.py:2907} INFO - Sync 2 DAGs
[2023-10-06T00:09:44.293+0000] {logging_mixin.py:151} INFO - [2023-10-06T00:09:44.292+0000] {dag.py:3677} INFO - Setting next_dagrun for example_xcom_args to None, run_after=None
[2023-10-06T00:09:44.294+0000] {logging_mixin.py:151} INFO - [2023-10-06T00:09:44.294+0000] {dag.py:3677} INFO - Setting next_dagrun for example_xcom_args_with_operators to None, run_after=None
[2023-10-06T00:09:44.305+0000] {processor.py:179} INFO - Processing /home/airflow/.local/lib/python3.8/site-packages/airflow/example_dags/example_xcomargs.py took 0.041 seconds
[2023-10-06T00:10:14.469+0000] {processor.py:157} INFO - Started process (PID=92040) to work on /home/airflow/.local/lib/python3.8/site-packages/airflow/example_dags/example_xcomargs.py
[2023-10-06T00:10:14.470+0000] {processor.py:829} INFO - Processing file /home/airflow/.local/lib/python3.8/site-packages/airflow/example_dags/example_xcomargs.py for tasks to queue
[2023-10-06T00:10:14.471+0000] {logging_mixin.py:151} INFO - [2023-10-06T00:10:14.471+0000] {dagbag.py:539} INFO - Filling up the DagBag from /home/airflow/.local/lib/python3.8/site-packages/airflow/example_dags/example_xcomargs.py
[2023-10-06T00:10:14.476+0000] {processor.py:839} INFO - DAG(s) dict_keys(['example_xcom_args_with_operators', 'example_xcom_args']) retrieved from /home/airflow/.local/lib/python3.8/site-packages/airflow/example_dags/example_xcomargs.py
[2023-10-06T00:10:14.489+0000] {logging_mixin.py:151} INFO - [2023-10-06T00:10:14.489+0000] {dag.py:2907} INFO - Sync 2 DAGs
[2023-10-06T00:10:14.495+0000] {logging_mixin.py:151} INFO - [2023-10-06T00:10:14.495+0000] {dag.py:3677} INFO - Setting next_dagrun for example_xcom_args to None, run_after=None
[2023-10-06T00:10:14.497+0000] {logging_mixin.py:151} INFO - [2023-10-06T00:10:14.497+0000] {dag.py:3677} INFO - Setting next_dagrun for example_xcom_args_with_operators to None, run_after=None
[2023-10-06T00:10:14.507+0000] {processor.py:179} INFO - Processing /home/airflow/.local/lib/python3.8/site-packages/airflow/example_dags/example_xcomargs.py took 0.040 seconds
[2023-10-06T00:10:44.963+0000] {processor.py:157} INFO - Started process (PID=92091) to work on /home/airflow/.local/lib/python3.8/site-packages/airflow/example_dags/example_xcomargs.py
[2023-10-06T00:10:44.964+0000] {processor.py:829} INFO - Processing file /home/airflow/.local/lib/python3.8/site-packages/airflow/example_dags/example_xcomargs.py for tasks to queue
[2023-10-06T00:10:44.965+0000] {logging_mixin.py:151} INFO - [2023-10-06T00:10:44.965+0000] {dagbag.py:539} INFO - Filling up the DagBag from /home/airflow/.local/lib/python3.8/site-packages/airflow/example_dags/example_xcomargs.py
[2023-10-06T00:10:44.970+0000] {processor.py:839} INFO - DAG(s) dict_keys(['example_xcom_args', 'example_xcom_args_with_operators']) retrieved from /home/airflow/.local/lib/python3.8/site-packages/airflow/example_dags/example_xcomargs.py
[2023-10-06T00:10:44.984+0000] {logging_mixin.py:151} INFO - [2023-10-06T00:10:44.984+0000] {dag.py:2907} INFO - Sync 2 DAGs
[2023-10-06T00:10:44.990+0000] {logging_mixin.py:151} INFO - [2023-10-06T00:10:44.990+0000] {dag.py:3677} INFO - Setting next_dagrun for example_xcom_args to None, run_after=None
[2023-10-06T00:10:44.992+0000] {logging_mixin.py:151} INFO - [2023-10-06T00:10:44.992+0000] {dag.py:3677} INFO - Setting next_dagrun for example_xcom_args_with_operators to None, run_after=None
[2023-10-06T00:10:45.002+0000] {processor.py:179} INFO - Processing /home/airflow/.local/lib/python3.8/site-packages/airflow/example_dags/example_xcomargs.py took 0.041 seconds
[2023-10-06T00:11:15.167+0000] {processor.py:157} INFO - Started process (PID=92142) to work on /home/airflow/.local/lib/python3.8/site-packages/airflow/example_dags/example_xcomargs.py
[2023-10-06T00:11:15.167+0000] {processor.py:829} INFO - Processing file /home/airflow/.local/lib/python3.8/site-packages/airflow/example_dags/example_xcomargs.py for tasks to queue
[2023-10-06T00:11:15.168+0000] {logging_mixin.py:151} INFO - [2023-10-06T00:11:15.168+0000] {dagbag.py:539} INFO - Filling up the DagBag from /home/airflow/.local/lib/python3.8/site-packages/airflow/example_dags/example_xcomargs.py
[2023-10-06T00:11:15.173+0000] {processor.py:839} INFO - DAG(s) dict_keys(['example_xcom_args', 'example_xcom_args_with_operators']) retrieved from /home/airflow/.local/lib/python3.8/site-packages/airflow/example_dags/example_xcomargs.py
[2023-10-06T00:11:15.188+0000] {logging_mixin.py:151} INFO - [2023-10-06T00:11:15.187+0000] {dag.py:2907} INFO - Sync 2 DAGs
[2023-10-06T00:11:15.194+0000] {logging_mixin.py:151} INFO - [2023-10-06T00:11:15.194+0000] {dag.py:3677} INFO - Setting next_dagrun for example_xcom_args to None, run_after=None
[2023-10-06T00:11:15.195+0000] {logging_mixin.py:151} INFO - [2023-10-06T00:11:15.195+0000] {dag.py:3677} INFO - Setting next_dagrun for example_xcom_args_with_operators to None, run_after=None
[2023-10-06T00:11:15.206+0000] {processor.py:179} INFO - Processing /home/airflow/.local/lib/python3.8/site-packages/airflow/example_dags/example_xcomargs.py took 0.041 seconds
[2023-10-06T00:11:45.831+0000] {processor.py:157} INFO - Started process (PID=92193) to work on /home/airflow/.local/lib/python3.8/site-packages/airflow/example_dags/example_xcomargs.py
[2023-10-06T00:11:45.832+0000] {processor.py:829} INFO - Processing file /home/airflow/.local/lib/python3.8/site-packages/airflow/example_dags/example_xcomargs.py for tasks to queue
[2023-10-06T00:11:45.833+0000] {logging_mixin.py:151} INFO - [2023-10-06T00:11:45.833+0000] {dagbag.py:539} INFO - Filling up the DagBag from /home/airflow/.local/lib/python3.8/site-packages/airflow/example_dags/example_xcomargs.py
[2023-10-06T00:11:45.837+0000] {processor.py:839} INFO - DAG(s) dict_keys(['example_xcom_args_with_operators', 'example_xcom_args']) retrieved from /home/airflow/.local/lib/python3.8/site-packages/airflow/example_dags/example_xcomargs.py
[2023-10-06T00:11:45.851+0000] {logging_mixin.py:151} INFO - [2023-10-06T00:11:45.851+0000] {dag.py:2907} INFO - Sync 2 DAGs
[2023-10-06T00:11:45.857+0000] {logging_mixin.py:151} INFO - [2023-10-06T00:11:45.857+0000] {dag.py:3677} INFO - Setting next_dagrun for example_xcom_args to None, run_after=None
[2023-10-06T00:11:45.858+0000] {logging_mixin.py:151} INFO - [2023-10-06T00:11:45.858+0000] {dag.py:3677} INFO - Setting next_dagrun for example_xcom_args_with_operators to None, run_after=None
[2023-10-06T00:11:45.870+0000] {processor.py:179} INFO - Processing /home/airflow/.local/lib/python3.8/site-packages/airflow/example_dags/example_xcomargs.py took 0.040 seconds
[2023-10-06T00:12:16.315+0000] {processor.py:157} INFO - Started process (PID=92244) to work on /home/airflow/.local/lib/python3.8/site-packages/airflow/example_dags/example_xcomargs.py
[2023-10-06T00:12:16.316+0000] {processor.py:829} INFO - Processing file /home/airflow/.local/lib/python3.8/site-packages/airflow/example_dags/example_xcomargs.py for tasks to queue
[2023-10-06T00:12:16.317+0000] {logging_mixin.py:151} INFO - [2023-10-06T00:12:16.317+0000] {dagbag.py:539} INFO - Filling up the DagBag from /home/airflow/.local/lib/python3.8/site-packages/airflow/example_dags/example_xcomargs.py
[2023-10-06T00:12:16.322+0000] {processor.py:839} INFO - DAG(s) dict_keys(['example_xcom_args_with_operators', 'example_xcom_args']) retrieved from /home/airflow/.local/lib/python3.8/site-packages/airflow/example_dags/example_xcomargs.py
[2023-10-06T00:12:16.336+0000] {logging_mixin.py:151} INFO - [2023-10-06T00:12:16.336+0000] {dag.py:2907} INFO - Sync 2 DAGs
[2023-10-06T00:12:16.342+0000] {logging_mixin.py:151} INFO - [2023-10-06T00:12:16.342+0000] {dag.py:3677} INFO - Setting next_dagrun for example_xcom_args to None, run_after=None
[2023-10-06T00:12:16.344+0000] {logging_mixin.py:151} INFO - [2023-10-06T00:12:16.344+0000] {dag.py:3677} INFO - Setting next_dagrun for example_xcom_args_with_operators to None, run_after=None
[2023-10-06T00:12:16.354+0000] {processor.py:179} INFO - Processing /home/airflow/.local/lib/python3.8/site-packages/airflow/example_dags/example_xcomargs.py took 0.040 seconds
[2023-10-06T00:12:47.793+0000] {processor.py:157} INFO - Started process (PID=92295) to work on /home/airflow/.local/lib/python3.8/site-packages/airflow/example_dags/example_xcomargs.py
[2023-10-06T00:12:47.794+0000] {processor.py:829} INFO - Processing file /home/airflow/.local/lib/python3.8/site-packages/airflow/example_dags/example_xcomargs.py for tasks to queue
[2023-10-06T00:12:47.795+0000] {logging_mixin.py:151} INFO - [2023-10-06T00:12:47.795+0000] {dagbag.py:539} INFO - Filling up the DagBag from /home/airflow/.local/lib/python3.8/site-packages/airflow/example_dags/example_xcomargs.py
[2023-10-06T00:12:47.800+0000] {processor.py:839} INFO - DAG(s) dict_keys(['example_xcom_args_with_operators', 'example_xcom_args']) retrieved from /home/airflow/.local/lib/python3.8/site-packages/airflow/example_dags/example_xcomargs.py
[2023-10-06T00:12:47.814+0000] {logging_mixin.py:151} INFO - [2023-10-06T00:12:47.814+0000] {dag.py:2907} INFO - Sync 2 DAGs
[2023-10-06T00:12:47.820+0000] {logging_mixin.py:151} INFO - [2023-10-06T00:12:47.820+0000] {dag.py:3677} INFO - Setting next_dagrun for example_xcom_args to None, run_after=None
[2023-10-06T00:12:47.822+0000] {logging_mixin.py:151} INFO - [2023-10-06T00:12:47.822+0000] {dag.py:3677} INFO - Setting next_dagrun for example_xcom_args_with_operators to None, run_after=None
[2023-10-06T00:12:47.833+0000] {processor.py:179} INFO - Processing /home/airflow/.local/lib/python3.8/site-packages/airflow/example_dags/example_xcomargs.py took 0.042 seconds
[2023-10-06T00:13:18.083+0000] {processor.py:157} INFO - Started process (PID=92346) to work on /home/airflow/.local/lib/python3.8/site-packages/airflow/example_dags/example_xcomargs.py
[2023-10-06T00:13:18.084+0000] {processor.py:829} INFO - Processing file /home/airflow/.local/lib/python3.8/site-packages/airflow/example_dags/example_xcomargs.py for tasks to queue
[2023-10-06T00:13:18.085+0000] {logging_mixin.py:151} INFO - [2023-10-06T00:13:18.085+0000] {dagbag.py:539} INFO - Filling up the DagBag from /home/airflow/.local/lib/python3.8/site-packages/airflow/example_dags/example_xcomargs.py
[2023-10-06T00:13:18.089+0000] {processor.py:839} INFO - DAG(s) dict_keys(['example_xcom_args_with_operators', 'example_xcom_args']) retrieved from /home/airflow/.local/lib/python3.8/site-packages/airflow/example_dags/example_xcomargs.py
[2023-10-06T00:13:18.102+0000] {logging_mixin.py:151} INFO - [2023-10-06T00:13:18.102+0000] {dag.py:2907} INFO - Sync 2 DAGs
[2023-10-06T00:13:18.108+0000] {logging_mixin.py:151} INFO - [2023-10-06T00:13:18.108+0000] {dag.py:3677} INFO - Setting next_dagrun for example_xcom_args to None, run_after=None
[2023-10-06T00:13:18.110+0000] {logging_mixin.py:151} INFO - [2023-10-06T00:13:18.110+0000] {dag.py:3677} INFO - Setting next_dagrun for example_xcom_args_with_operators to None, run_after=None
[2023-10-06T00:13:18.120+0000] {processor.py:179} INFO - Processing /home/airflow/.local/lib/python3.8/site-packages/airflow/example_dags/example_xcomargs.py took 0.038 seconds
[2023-10-06T00:13:48.564+0000] {processor.py:157} INFO - Started process (PID=92397) to work on /home/airflow/.local/lib/python3.8/site-packages/airflow/example_dags/example_xcomargs.py
[2023-10-06T00:13:48.564+0000] {processor.py:829} INFO - Processing file /home/airflow/.local/lib/python3.8/site-packages/airflow/example_dags/example_xcomargs.py for tasks to queue
[2023-10-06T00:13:48.566+0000] {logging_mixin.py:151} INFO - [2023-10-06T00:13:48.565+0000] {dagbag.py:539} INFO - Filling up the DagBag from /home/airflow/.local/lib/python3.8/site-packages/airflow/example_dags/example_xcomargs.py
[2023-10-06T00:13:48.570+0000] {processor.py:839} INFO - DAG(s) dict_keys(['example_xcom_args', 'example_xcom_args_with_operators']) retrieved from /home/airflow/.local/lib/python3.8/site-packages/airflow/example_dags/example_xcomargs.py
[2023-10-06T00:13:48.584+0000] {logging_mixin.py:151} INFO - [2023-10-06T00:13:48.584+0000] {dag.py:2907} INFO - Sync 2 DAGs
[2023-10-06T00:13:48.590+0000] {logging_mixin.py:151} INFO - [2023-10-06T00:13:48.590+0000] {dag.py:3677} INFO - Setting next_dagrun for example_xcom_args to None, run_after=None
[2023-10-06T00:13:48.591+0000] {logging_mixin.py:151} INFO - [2023-10-06T00:13:48.591+0000] {dag.py:3677} INFO - Setting next_dagrun for example_xcom_args_with_operators to None, run_after=None
[2023-10-06T00:13:48.601+0000] {processor.py:179} INFO - Processing /home/airflow/.local/lib/python3.8/site-packages/airflow/example_dags/example_xcomargs.py took 0.040 seconds
[2023-10-06T00:14:18.830+0000] {processor.py:157} INFO - Started process (PID=92448) to work on /home/airflow/.local/lib/python3.8/site-packages/airflow/example_dags/example_xcomargs.py
[2023-10-06T00:14:18.830+0000] {processor.py:829} INFO - Processing file /home/airflow/.local/lib/python3.8/site-packages/airflow/example_dags/example_xcomargs.py for tasks to queue
[2023-10-06T00:14:18.832+0000] {logging_mixin.py:151} INFO - [2023-10-06T00:14:18.831+0000] {dagbag.py:539} INFO - Filling up the DagBag from /home/airflow/.local/lib/python3.8/site-packages/airflow/example_dags/example_xcomargs.py
[2023-10-06T00:14:18.836+0000] {processor.py:839} INFO - DAG(s) dict_keys(['example_xcom_args', 'example_xcom_args_with_operators']) retrieved from /home/airflow/.local/lib/python3.8/site-packages/airflow/example_dags/example_xcomargs.py
[2023-10-06T00:14:18.850+0000] {logging_mixin.py:151} INFO - [2023-10-06T00:14:18.850+0000] {dag.py:2907} INFO - Sync 2 DAGs
[2023-10-06T00:14:18.857+0000] {logging_mixin.py:151} INFO - [2023-10-06T00:14:18.857+0000] {dag.py:3677} INFO - Setting next_dagrun for example_xcom_args to None, run_after=None
[2023-10-06T00:14:18.860+0000] {logging_mixin.py:151} INFO - [2023-10-06T00:14:18.860+0000] {dag.py:3677} INFO - Setting next_dagrun for example_xcom_args_with_operators to None, run_after=None
[2023-10-06T00:14:18.870+0000] {processor.py:179} INFO - Processing /home/airflow/.local/lib/python3.8/site-packages/airflow/example_dags/example_xcomargs.py took 0.042 seconds
[2023-10-06T00:14:49.575+0000] {processor.py:157} INFO - Started process (PID=92499) to work on /home/airflow/.local/lib/python3.8/site-packages/airflow/example_dags/example_xcomargs.py
[2023-10-06T00:14:49.576+0000] {processor.py:829} INFO - Processing file /home/airflow/.local/lib/python3.8/site-packages/airflow/example_dags/example_xcomargs.py for tasks to queue
[2023-10-06T00:14:49.577+0000] {logging_mixin.py:151} INFO - [2023-10-06T00:14:49.577+0000] {dagbag.py:539} INFO - Filling up the DagBag from /home/airflow/.local/lib/python3.8/site-packages/airflow/example_dags/example_xcomargs.py
[2023-10-06T00:14:49.581+0000] {processor.py:839} INFO - DAG(s) dict_keys(['example_xcom_args', 'example_xcom_args_with_operators']) retrieved from /home/airflow/.local/lib/python3.8/site-packages/airflow/example_dags/example_xcomargs.py
[2023-10-06T00:14:49.595+0000] {logging_mixin.py:151} INFO - [2023-10-06T00:14:49.595+0000] {dag.py:2907} INFO - Sync 2 DAGs
[2023-10-06T00:14:49.600+0000] {logging_mixin.py:151} INFO - [2023-10-06T00:14:49.600+0000] {dag.py:3677} INFO - Setting next_dagrun for example_xcom_args to None, run_after=None
[2023-10-06T00:14:49.602+0000] {logging_mixin.py:151} INFO - [2023-10-06T00:14:49.602+0000] {dag.py:3677} INFO - Setting next_dagrun for example_xcom_args_with_operators to None, run_after=None
[2023-10-06T00:14:49.613+0000] {processor.py:179} INFO - Processing /home/airflow/.local/lib/python3.8/site-packages/airflow/example_dags/example_xcomargs.py took 0.040 seconds
[2023-10-06T00:15:20.222+0000] {processor.py:157} INFO - Started process (PID=92550) to work on /home/airflow/.local/lib/python3.8/site-packages/airflow/example_dags/example_xcomargs.py
[2023-10-06T00:15:20.223+0000] {processor.py:829} INFO - Processing file /home/airflow/.local/lib/python3.8/site-packages/airflow/example_dags/example_xcomargs.py for tasks to queue
[2023-10-06T00:15:20.224+0000] {logging_mixin.py:151} INFO - [2023-10-06T00:15:20.224+0000] {dagbag.py:539} INFO - Filling up the DagBag from /home/airflow/.local/lib/python3.8/site-packages/airflow/example_dags/example_xcomargs.py
[2023-10-06T00:15:20.229+0000] {processor.py:839} INFO - DAG(s) dict_keys(['example_xcom_args_with_operators', 'example_xcom_args']) retrieved from /home/airflow/.local/lib/python3.8/site-packages/airflow/example_dags/example_xcomargs.py
[2023-10-06T00:15:20.242+0000] {logging_mixin.py:151} INFO - [2023-10-06T00:15:20.242+0000] {dag.py:2907} INFO - Sync 2 DAGs
[2023-10-06T00:15:20.247+0000] {logging_mixin.py:151} INFO - [2023-10-06T00:15:20.247+0000] {dag.py:3677} INFO - Setting next_dagrun for example_xcom_args to None, run_after=None
[2023-10-06T00:15:20.249+0000] {logging_mixin.py:151} INFO - [2023-10-06T00:15:20.249+0000] {dag.py:3677} INFO - Setting next_dagrun for example_xcom_args_with_operators to None, run_after=None
[2023-10-06T00:15:20.259+0000] {processor.py:179} INFO - Processing /home/airflow/.local/lib/python3.8/site-packages/airflow/example_dags/example_xcomargs.py took 0.039 seconds
[2023-10-06T00:15:51.002+0000] {processor.py:157} INFO - Started process (PID=92601) to work on /home/airflow/.local/lib/python3.8/site-packages/airflow/example_dags/example_xcomargs.py
[2023-10-06T00:15:51.002+0000] {processor.py:829} INFO - Processing file /home/airflow/.local/lib/python3.8/site-packages/airflow/example_dags/example_xcomargs.py for tasks to queue
[2023-10-06T00:15:51.004+0000] {logging_mixin.py:151} INFO - [2023-10-06T00:15:51.003+0000] {dagbag.py:539} INFO - Filling up the DagBag from /home/airflow/.local/lib/python3.8/site-packages/airflow/example_dags/example_xcomargs.py
[2023-10-06T00:15:51.008+0000] {processor.py:839} INFO - DAG(s) dict_keys(['example_xcom_args', 'example_xcom_args_with_operators']) retrieved from /home/airflow/.local/lib/python3.8/site-packages/airflow/example_dags/example_xcomargs.py
[2023-10-06T00:15:51.021+0000] {logging_mixin.py:151} INFO - [2023-10-06T00:15:51.021+0000] {dag.py:2907} INFO - Sync 2 DAGs
[2023-10-06T00:15:51.027+0000] {logging_mixin.py:151} INFO - [2023-10-06T00:15:51.027+0000] {dag.py:3677} INFO - Setting next_dagrun for example_xcom_args to None, run_after=None
[2023-10-06T00:15:51.029+0000] {logging_mixin.py:151} INFO - [2023-10-06T00:15:51.029+0000] {dag.py:3677} INFO - Setting next_dagrun for example_xcom_args_with_operators to None, run_after=None
[2023-10-06T00:15:51.040+0000] {processor.py:179} INFO - Processing /home/airflow/.local/lib/python3.8/site-packages/airflow/example_dags/example_xcomargs.py took 0.040 seconds
[2023-10-06T00:16:21.383+0000] {processor.py:157} INFO - Started process (PID=92652) to work on /home/airflow/.local/lib/python3.8/site-packages/airflow/example_dags/example_xcomargs.py
[2023-10-06T00:16:21.383+0000] {processor.py:829} INFO - Processing file /home/airflow/.local/lib/python3.8/site-packages/airflow/example_dags/example_xcomargs.py for tasks to queue
[2023-10-06T00:16:21.384+0000] {logging_mixin.py:151} INFO - [2023-10-06T00:16:21.384+0000] {dagbag.py:539} INFO - Filling up the DagBag from /home/airflow/.local/lib/python3.8/site-packages/airflow/example_dags/example_xcomargs.py
[2023-10-06T00:16:21.390+0000] {processor.py:839} INFO - DAG(s) dict_keys(['example_xcom_args_with_operators', 'example_xcom_args']) retrieved from /home/airflow/.local/lib/python3.8/site-packages/airflow/example_dags/example_xcomargs.py
[2023-10-06T00:16:21.403+0000] {logging_mixin.py:151} INFO - [2023-10-06T00:16:21.403+0000] {dag.py:2907} INFO - Sync 2 DAGs
[2023-10-06T00:16:21.409+0000] {logging_mixin.py:151} INFO - [2023-10-06T00:16:21.409+0000] {dag.py:3677} INFO - Setting next_dagrun for example_xcom_args to None, run_after=None
[2023-10-06T00:16:21.411+0000] {logging_mixin.py:151} INFO - [2023-10-06T00:16:21.411+0000] {dag.py:3677} INFO - Setting next_dagrun for example_xcom_args_with_operators to None, run_after=None
[2023-10-06T00:16:21.422+0000] {processor.py:179} INFO - Processing /home/airflow/.local/lib/python3.8/site-packages/airflow/example_dags/example_xcomargs.py took 0.042 seconds
[2023-10-06T00:31:52.719+0000] {processor.py:157} INFO - Started process (PID=92703) to work on /home/airflow/.local/lib/python3.8/site-packages/airflow/example_dags/example_xcomargs.py
[2023-10-06T00:31:52.720+0000] {processor.py:829} INFO - Processing file /home/airflow/.local/lib/python3.8/site-packages/airflow/example_dags/example_xcomargs.py for tasks to queue
[2023-10-06T00:31:52.721+0000] {logging_mixin.py:151} INFO - [2023-10-06T00:31:52.721+0000] {dagbag.py:539} INFO - Filling up the DagBag from /home/airflow/.local/lib/python3.8/site-packages/airflow/example_dags/example_xcomargs.py
[2023-10-06T00:31:52.726+0000] {processor.py:839} INFO - DAG(s) dict_keys(['example_xcom_args', 'example_xcom_args_with_operators']) retrieved from /home/airflow/.local/lib/python3.8/site-packages/airflow/example_dags/example_xcomargs.py
[2023-10-06T00:31:52.740+0000] {logging_mixin.py:151} INFO - [2023-10-06T00:31:52.740+0000] {dag.py:2907} INFO - Sync 2 DAGs
[2023-10-06T00:31:52.746+0000] {logging_mixin.py:151} INFO - [2023-10-06T00:31:52.746+0000] {dag.py:3677} INFO - Setting next_dagrun for example_xcom_args to None, run_after=None
[2023-10-06T00:31:52.748+0000] {logging_mixin.py:151} INFO - [2023-10-06T00:31:52.748+0000] {dag.py:3677} INFO - Setting next_dagrun for example_xcom_args_with_operators to None, run_after=None
[2023-10-06T00:31:52.758+0000] {processor.py:179} INFO - Processing /home/airflow/.local/lib/python3.8/site-packages/airflow/example_dags/example_xcomargs.py took 0.041 seconds
[2023-10-06T00:32:23.515+0000] {processor.py:157} INFO - Started process (PID=92754) to work on /home/airflow/.local/lib/python3.8/site-packages/airflow/example_dags/example_xcomargs.py
[2023-10-06T00:32:23.516+0000] {processor.py:829} INFO - Processing file /home/airflow/.local/lib/python3.8/site-packages/airflow/example_dags/example_xcomargs.py for tasks to queue
[2023-10-06T00:32:23.517+0000] {logging_mixin.py:151} INFO - [2023-10-06T00:32:23.517+0000] {dagbag.py:539} INFO - Filling up the DagBag from /home/airflow/.local/lib/python3.8/site-packages/airflow/example_dags/example_xcomargs.py
[2023-10-06T00:32:23.522+0000] {processor.py:839} INFO - DAG(s) dict_keys(['example_xcom_args', 'example_xcom_args_with_operators']) retrieved from /home/airflow/.local/lib/python3.8/site-packages/airflow/example_dags/example_xcomargs.py
[2023-10-06T00:32:23.534+0000] {logging_mixin.py:151} INFO - [2023-10-06T00:32:23.534+0000] {dag.py:2907} INFO - Sync 2 DAGs
[2023-10-06T00:32:23.540+0000] {logging_mixin.py:151} INFO - [2023-10-06T00:32:23.540+0000] {dag.py:3677} INFO - Setting next_dagrun for example_xcom_args to None, run_after=None
[2023-10-06T00:32:23.541+0000] {logging_mixin.py:151} INFO - [2023-10-06T00:32:23.541+0000] {dag.py:3677} INFO - Setting next_dagrun for example_xcom_args_with_operators to None, run_after=None
[2023-10-06T00:32:23.551+0000] {processor.py:179} INFO - Processing /home/airflow/.local/lib/python3.8/site-packages/airflow/example_dags/example_xcomargs.py took 0.038 seconds
[2023-10-06T00:37:51.533+0000] {processor.py:157} INFO - Started process (PID=92805) to work on /home/airflow/.local/lib/python3.8/site-packages/airflow/example_dags/example_xcomargs.py
[2023-10-06T00:37:51.534+0000] {processor.py:829} INFO - Processing file /home/airflow/.local/lib/python3.8/site-packages/airflow/example_dags/example_xcomargs.py for tasks to queue
[2023-10-06T00:37:51.535+0000] {logging_mixin.py:151} INFO - [2023-10-06T00:37:51.535+0000] {dagbag.py:539} INFO - Filling up the DagBag from /home/airflow/.local/lib/python3.8/site-packages/airflow/example_dags/example_xcomargs.py
[2023-10-06T00:37:51.540+0000] {processor.py:839} INFO - DAG(s) dict_keys(['example_xcom_args_with_operators', 'example_xcom_args']) retrieved from /home/airflow/.local/lib/python3.8/site-packages/airflow/example_dags/example_xcomargs.py
[2023-10-06T00:37:51.562+0000] {logging_mixin.py:151} INFO - [2023-10-06T00:37:51.562+0000] {dag.py:2907} INFO - Sync 2 DAGs
[2023-10-06T00:37:51.568+0000] {logging_mixin.py:151} INFO - [2023-10-06T00:37:51.567+0000] {dag.py:3677} INFO - Setting next_dagrun for example_xcom_args to None, run_after=None
[2023-10-06T00:37:51.569+0000] {logging_mixin.py:151} INFO - [2023-10-06T00:37:51.569+0000] {dag.py:3677} INFO - Setting next_dagrun for example_xcom_args_with_operators to None, run_after=None
[2023-10-06T00:37:51.581+0000] {processor.py:179} INFO - Processing /home/airflow/.local/lib/python3.8/site-packages/airflow/example_dags/example_xcomargs.py took 0.050 seconds
[2023-10-06T00:43:20.133+0000] {processor.py:157} INFO - Started process (PID=92856) to work on /home/airflow/.local/lib/python3.8/site-packages/airflow/example_dags/example_xcomargs.py
[2023-10-06T00:43:20.134+0000] {processor.py:829} INFO - Processing file /home/airflow/.local/lib/python3.8/site-packages/airflow/example_dags/example_xcomargs.py for tasks to queue
[2023-10-06T00:43:20.135+0000] {logging_mixin.py:151} INFO - [2023-10-06T00:43:20.135+0000] {dagbag.py:539} INFO - Filling up the DagBag from /home/airflow/.local/lib/python3.8/site-packages/airflow/example_dags/example_xcomargs.py
[2023-10-06T00:43:20.140+0000] {processor.py:839} INFO - DAG(s) dict_keys(['example_xcom_args_with_operators', 'example_xcom_args']) retrieved from /home/airflow/.local/lib/python3.8/site-packages/airflow/example_dags/example_xcomargs.py
[2023-10-06T00:43:20.155+0000] {logging_mixin.py:151} INFO - [2023-10-06T00:43:20.155+0000] {dag.py:2907} INFO - Sync 2 DAGs
[2023-10-06T00:43:20.162+0000] {logging_mixin.py:151} INFO - [2023-10-06T00:43:20.162+0000] {dag.py:3677} INFO - Setting next_dagrun for example_xcom_args to None, run_after=None
[2023-10-06T00:43:20.164+0000] {logging_mixin.py:151} INFO - [2023-10-06T00:43:20.164+0000] {dag.py:3677} INFO - Setting next_dagrun for example_xcom_args_with_operators to None, run_after=None
[2023-10-06T00:43:20.174+0000] {processor.py:179} INFO - Processing /home/airflow/.local/lib/python3.8/site-packages/airflow/example_dags/example_xcomargs.py took 0.043 seconds
[2023-10-06T00:43:50.700+0000] {processor.py:157} INFO - Started process (PID=92907) to work on /home/airflow/.local/lib/python3.8/site-packages/airflow/example_dags/example_xcomargs.py
[2023-10-06T00:43:50.701+0000] {processor.py:829} INFO - Processing file /home/airflow/.local/lib/python3.8/site-packages/airflow/example_dags/example_xcomargs.py for tasks to queue
[2023-10-06T00:43:50.702+0000] {logging_mixin.py:151} INFO - [2023-10-06T00:43:50.702+0000] {dagbag.py:539} INFO - Filling up the DagBag from /home/airflow/.local/lib/python3.8/site-packages/airflow/example_dags/example_xcomargs.py
[2023-10-06T00:43:50.707+0000] {processor.py:839} INFO - DAG(s) dict_keys(['example_xcom_args_with_operators', 'example_xcom_args']) retrieved from /home/airflow/.local/lib/python3.8/site-packages/airflow/example_dags/example_xcomargs.py
[2023-10-06T00:43:50.723+0000] {logging_mixin.py:151} INFO - [2023-10-06T00:43:50.723+0000] {dag.py:2907} INFO - Sync 2 DAGs
[2023-10-06T00:43:50.729+0000] {logging_mixin.py:151} INFO - [2023-10-06T00:43:50.729+0000] {dag.py:3677} INFO - Setting next_dagrun for example_xcom_args to None, run_after=None
[2023-10-06T00:43:50.731+0000] {logging_mixin.py:151} INFO - [2023-10-06T00:43:50.731+0000] {dag.py:3677} INFO - Setting next_dagrun for example_xcom_args_with_operators to None, run_after=None
[2023-10-06T00:43:50.742+0000] {processor.py:179} INFO - Processing /home/airflow/.local/lib/python3.8/site-packages/airflow/example_dags/example_xcomargs.py took 0.044 seconds
[2023-10-06T00:49:19.146+0000] {processor.py:157} INFO - Started process (PID=92958) to work on /home/airflow/.local/lib/python3.8/site-packages/airflow/example_dags/example_xcomargs.py
[2023-10-06T00:49:19.147+0000] {processor.py:829} INFO - Processing file /home/airflow/.local/lib/python3.8/site-packages/airflow/example_dags/example_xcomargs.py for tasks to queue
[2023-10-06T00:49:19.148+0000] {logging_mixin.py:151} INFO - [2023-10-06T00:49:19.148+0000] {dagbag.py:539} INFO - Filling up the DagBag from /home/airflow/.local/lib/python3.8/site-packages/airflow/example_dags/example_xcomargs.py
[2023-10-06T00:49:19.152+0000] {processor.py:839} INFO - DAG(s) dict_keys(['example_xcom_args', 'example_xcom_args_with_operators']) retrieved from /home/airflow/.local/lib/python3.8/site-packages/airflow/example_dags/example_xcomargs.py
[2023-10-06T00:49:19.165+0000] {logging_mixin.py:151} INFO - [2023-10-06T00:49:19.165+0000] {dag.py:2907} INFO - Sync 2 DAGs
[2023-10-06T00:49:19.171+0000] {logging_mixin.py:151} INFO - [2023-10-06T00:49:19.171+0000] {dag.py:3677} INFO - Setting next_dagrun for example_xcom_args to None, run_after=None
[2023-10-06T00:49:19.173+0000] {logging_mixin.py:151} INFO - [2023-10-06T00:49:19.173+0000] {dag.py:3677} INFO - Setting next_dagrun for example_xcom_args_with_operators to None, run_after=None
[2023-10-06T00:49:19.184+0000] {processor.py:179} INFO - Processing /home/airflow/.local/lib/python3.8/site-packages/airflow/example_dags/example_xcomargs.py took 0.040 seconds
[2023-10-06T00:54:47.937+0000] {processor.py:157} INFO - Started process (PID=93009) to work on /home/airflow/.local/lib/python3.8/site-packages/airflow/example_dags/example_xcomargs.py
[2023-10-06T00:54:47.938+0000] {processor.py:829} INFO - Processing file /home/airflow/.local/lib/python3.8/site-packages/airflow/example_dags/example_xcomargs.py for tasks to queue
[2023-10-06T00:54:47.939+0000] {logging_mixin.py:151} INFO - [2023-10-06T00:54:47.939+0000] {dagbag.py:539} INFO - Filling up the DagBag from /home/airflow/.local/lib/python3.8/site-packages/airflow/example_dags/example_xcomargs.py
[2023-10-06T00:54:47.944+0000] {processor.py:839} INFO - DAG(s) dict_keys(['example_xcom_args_with_operators', 'example_xcom_args']) retrieved from /home/airflow/.local/lib/python3.8/site-packages/airflow/example_dags/example_xcomargs.py
[2023-10-06T00:54:47.958+0000] {logging_mixin.py:151} INFO - [2023-10-06T00:54:47.958+0000] {dag.py:2907} INFO - Sync 2 DAGs
[2023-10-06T00:54:47.963+0000] {logging_mixin.py:151} INFO - [2023-10-06T00:54:47.963+0000] {dag.py:3677} INFO - Setting next_dagrun for example_xcom_args to None, run_after=None
[2023-10-06T00:54:47.965+0000] {logging_mixin.py:151} INFO - [2023-10-06T00:54:47.965+0000] {dag.py:3677} INFO - Setting next_dagrun for example_xcom_args_with_operators to None, run_after=None
[2023-10-06T00:54:47.975+0000] {processor.py:179} INFO - Processing /home/airflow/.local/lib/python3.8/site-packages/airflow/example_dags/example_xcomargs.py took 0.040 seconds
[2023-10-06T00:55:18.939+0000] {processor.py:157} INFO - Started process (PID=93060) to work on /home/airflow/.local/lib/python3.8/site-packages/airflow/example_dags/example_xcomargs.py
[2023-10-06T00:55:18.939+0000] {processor.py:829} INFO - Processing file /home/airflow/.local/lib/python3.8/site-packages/airflow/example_dags/example_xcomargs.py for tasks to queue
[2023-10-06T00:55:18.940+0000] {logging_mixin.py:151} INFO - [2023-10-06T00:55:18.940+0000] {dagbag.py:539} INFO - Filling up the DagBag from /home/airflow/.local/lib/python3.8/site-packages/airflow/example_dags/example_xcomargs.py
[2023-10-06T00:55:18.945+0000] {processor.py:839} INFO - DAG(s) dict_keys(['example_xcom_args_with_operators', 'example_xcom_args']) retrieved from /home/airflow/.local/lib/python3.8/site-packages/airflow/example_dags/example_xcomargs.py
[2023-10-06T00:55:18.959+0000] {logging_mixin.py:151} INFO - [2023-10-06T00:55:18.959+0000] {dag.py:2907} INFO - Sync 2 DAGs
[2023-10-06T00:55:18.965+0000] {logging_mixin.py:151} INFO - [2023-10-06T00:55:18.965+0000] {dag.py:3677} INFO - Setting next_dagrun for example_xcom_args to None, run_after=None
[2023-10-06T00:55:18.967+0000] {logging_mixin.py:151} INFO - [2023-10-06T00:55:18.966+0000] {dag.py:3677} INFO - Setting next_dagrun for example_xcom_args_with_operators to None, run_after=None
[2023-10-06T00:55:18.979+0000] {processor.py:179} INFO - Processing /home/airflow/.local/lib/python3.8/site-packages/airflow/example_dags/example_xcomargs.py took 0.043 seconds
[2023-10-06T00:55:49.351+0000] {processor.py:157} INFO - Started process (PID=93111) to work on /home/airflow/.local/lib/python3.8/site-packages/airflow/example_dags/example_xcomargs.py
[2023-10-06T00:55:49.352+0000] {processor.py:829} INFO - Processing file /home/airflow/.local/lib/python3.8/site-packages/airflow/example_dags/example_xcomargs.py for tasks to queue
[2023-10-06T00:55:49.353+0000] {logging_mixin.py:151} INFO - [2023-10-06T00:55:49.353+0000] {dagbag.py:539} INFO - Filling up the DagBag from /home/airflow/.local/lib/python3.8/site-packages/airflow/example_dags/example_xcomargs.py
[2023-10-06T00:55:49.358+0000] {processor.py:839} INFO - DAG(s) dict_keys(['example_xcom_args', 'example_xcom_args_with_operators']) retrieved from /home/airflow/.local/lib/python3.8/site-packages/airflow/example_dags/example_xcomargs.py
[2023-10-06T00:55:49.372+0000] {logging_mixin.py:151} INFO - [2023-10-06T00:55:49.372+0000] {dag.py:2907} INFO - Sync 2 DAGs
[2023-10-06T00:55:49.379+0000] {logging_mixin.py:151} INFO - [2023-10-06T00:55:49.379+0000] {dag.py:3677} INFO - Setting next_dagrun for example_xcom_args to None, run_after=None
[2023-10-06T00:55:49.380+0000] {logging_mixin.py:151} INFO - [2023-10-06T00:55:49.380+0000] {dag.py:3677} INFO - Setting next_dagrun for example_xcom_args_with_operators to None, run_after=None
[2023-10-06T00:55:49.391+0000] {processor.py:179} INFO - Processing /home/airflow/.local/lib/python3.8/site-packages/airflow/example_dags/example_xcomargs.py took 0.042 seconds
[2023-10-06T00:56:20.176+0000] {processor.py:157} INFO - Started process (PID=93162) to work on /home/airflow/.local/lib/python3.8/site-packages/airflow/example_dags/example_xcomargs.py
[2023-10-06T00:56:20.177+0000] {processor.py:829} INFO - Processing file /home/airflow/.local/lib/python3.8/site-packages/airflow/example_dags/example_xcomargs.py for tasks to queue
[2023-10-06T00:56:20.178+0000] {logging_mixin.py:151} INFO - [2023-10-06T00:56:20.178+0000] {dagbag.py:539} INFO - Filling up the DagBag from /home/airflow/.local/lib/python3.8/site-packages/airflow/example_dags/example_xcomargs.py
[2023-10-06T00:56:20.183+0000] {processor.py:839} INFO - DAG(s) dict_keys(['example_xcom_args', 'example_xcom_args_with_operators']) retrieved from /home/airflow/.local/lib/python3.8/site-packages/airflow/example_dags/example_xcomargs.py
[2023-10-06T00:56:20.197+0000] {logging_mixin.py:151} INFO - [2023-10-06T00:56:20.197+0000] {dag.py:2907} INFO - Sync 2 DAGs
[2023-10-06T00:56:20.203+0000] {logging_mixin.py:151} INFO - [2023-10-06T00:56:20.203+0000] {dag.py:3677} INFO - Setting next_dagrun for example_xcom_args to None, run_after=None
[2023-10-06T00:56:20.205+0000] {logging_mixin.py:151} INFO - [2023-10-06T00:56:20.205+0000] {dag.py:3677} INFO - Setting next_dagrun for example_xcom_args_with_operators to None, run_after=None
[2023-10-06T00:56:20.216+0000] {processor.py:179} INFO - Processing /home/airflow/.local/lib/python3.8/site-packages/airflow/example_dags/example_xcomargs.py took 0.042 seconds
[2023-10-06T00:56:50.521+0000] {processor.py:157} INFO - Started process (PID=93213) to work on /home/airflow/.local/lib/python3.8/site-packages/airflow/example_dags/example_xcomargs.py
[2023-10-06T00:56:50.522+0000] {processor.py:829} INFO - Processing file /home/airflow/.local/lib/python3.8/site-packages/airflow/example_dags/example_xcomargs.py for tasks to queue
[2023-10-06T00:56:50.524+0000] {logging_mixin.py:151} INFO - [2023-10-06T00:56:50.523+0000] {dagbag.py:539} INFO - Filling up the DagBag from /home/airflow/.local/lib/python3.8/site-packages/airflow/example_dags/example_xcomargs.py
[2023-10-06T00:56:50.529+0000] {processor.py:839} INFO - DAG(s) dict_keys(['example_xcom_args_with_operators', 'example_xcom_args']) retrieved from /home/airflow/.local/lib/python3.8/site-packages/airflow/example_dags/example_xcomargs.py
[2023-10-06T00:56:50.543+0000] {logging_mixin.py:151} INFO - [2023-10-06T00:56:50.543+0000] {dag.py:2907} INFO - Sync 2 DAGs
[2023-10-06T00:56:50.548+0000] {logging_mixin.py:151} INFO - [2023-10-06T00:56:50.548+0000] {dag.py:3677} INFO - Setting next_dagrun for example_xcom_args to None, run_after=None
[2023-10-06T00:56:50.550+0000] {logging_mixin.py:151} INFO - [2023-10-06T00:56:50.550+0000] {dag.py:3677} INFO - Setting next_dagrun for example_xcom_args_with_operators to None, run_after=None
[2023-10-06T00:56:50.561+0000] {processor.py:179} INFO - Processing /home/airflow/.local/lib/python3.8/site-packages/airflow/example_dags/example_xcomargs.py took 0.042 seconds
[2023-10-06T01:04:00.082+0000] {processor.py:157} INFO - Started process (PID=93264) to work on /home/airflow/.local/lib/python3.8/site-packages/airflow/example_dags/example_xcomargs.py
[2023-10-06T01:04:00.082+0000] {processor.py:829} INFO - Processing file /home/airflow/.local/lib/python3.8/site-packages/airflow/example_dags/example_xcomargs.py for tasks to queue
[2023-10-06T01:04:00.084+0000] {logging_mixin.py:151} INFO - [2023-10-06T01:04:00.083+0000] {dagbag.py:539} INFO - Filling up the DagBag from /home/airflow/.local/lib/python3.8/site-packages/airflow/example_dags/example_xcomargs.py
[2023-10-06T01:04:00.088+0000] {processor.py:839} INFO - DAG(s) dict_keys(['example_xcom_args_with_operators', 'example_xcom_args']) retrieved from /home/airflow/.local/lib/python3.8/site-packages/airflow/example_dags/example_xcomargs.py
[2023-10-06T01:04:00.103+0000] {logging_mixin.py:151} INFO - [2023-10-06T01:04:00.103+0000] {dag.py:2907} INFO - Sync 2 DAGs
[2023-10-06T01:04:00.110+0000] {logging_mixin.py:151} INFO - [2023-10-06T01:04:00.110+0000] {dag.py:3677} INFO - Setting next_dagrun for example_xcom_args to None, run_after=None
[2023-10-06T01:04:00.111+0000] {logging_mixin.py:151} INFO - [2023-10-06T01:04:00.111+0000] {dag.py:3677} INFO - Setting next_dagrun for example_xcom_args_with_operators to None, run_after=None
[2023-10-06T01:04:00.122+0000] {processor.py:179} INFO - Processing /home/airflow/.local/lib/python3.8/site-packages/airflow/example_dags/example_xcomargs.py took 0.042 seconds
[2023-10-06T01:47:59.618+0000] {processor.py:157} INFO - Started process (PID=93315) to work on /home/airflow/.local/lib/python3.8/site-packages/airflow/example_dags/example_xcomargs.py
[2023-10-06T01:47:59.618+0000] {processor.py:829} INFO - Processing file /home/airflow/.local/lib/python3.8/site-packages/airflow/example_dags/example_xcomargs.py for tasks to queue
[2023-10-06T01:47:59.620+0000] {logging_mixin.py:151} INFO - [2023-10-06T01:47:59.619+0000] {dagbag.py:539} INFO - Filling up the DagBag from /home/airflow/.local/lib/python3.8/site-packages/airflow/example_dags/example_xcomargs.py
[2023-10-06T01:47:59.624+0000] {processor.py:839} INFO - DAG(s) dict_keys(['example_xcom_args', 'example_xcom_args_with_operators']) retrieved from /home/airflow/.local/lib/python3.8/site-packages/airflow/example_dags/example_xcomargs.py
[2023-10-06T01:47:59.642+0000] {logging_mixin.py:151} INFO - [2023-10-06T01:47:59.641+0000] {dag.py:2907} INFO - Sync 2 DAGs
[2023-10-06T01:47:59.649+0000] {logging_mixin.py:151} INFO - [2023-10-06T01:47:59.649+0000] {dag.py:3677} INFO - Setting next_dagrun for example_xcom_args to None, run_after=None
[2023-10-06T01:47:59.651+0000] {logging_mixin.py:151} INFO - [2023-10-06T01:47:59.651+0000] {dag.py:3677} INFO - Setting next_dagrun for example_xcom_args_with_operators to None, run_after=None
[2023-10-06T01:47:59.666+0000] {processor.py:179} INFO - Processing /home/airflow/.local/lib/python3.8/site-packages/airflow/example_dags/example_xcomargs.py took 0.051 seconds
[2023-10-06T03:12:11.307+0000] {processor.py:157} INFO - Started process (PID=93366) to work on /home/airflow/.local/lib/python3.8/site-packages/airflow/example_dags/example_xcomargs.py
[2023-10-06T03:12:11.308+0000] {processor.py:829} INFO - Processing file /home/airflow/.local/lib/python3.8/site-packages/airflow/example_dags/example_xcomargs.py for tasks to queue
[2023-10-06T03:12:11.309+0000] {logging_mixin.py:151} INFO - [2023-10-06T03:12:11.309+0000] {dagbag.py:539} INFO - Filling up the DagBag from /home/airflow/.local/lib/python3.8/site-packages/airflow/example_dags/example_xcomargs.py
[2023-10-06T03:12:11.314+0000] {processor.py:839} INFO - DAG(s) dict_keys(['example_xcom_args', 'example_xcom_args_with_operators']) retrieved from /home/airflow/.local/lib/python3.8/site-packages/airflow/example_dags/example_xcomargs.py
[2023-10-06T03:12:11.328+0000] {logging_mixin.py:151} INFO - [2023-10-06T03:12:11.328+0000] {dag.py:2907} INFO - Sync 2 DAGs
[2023-10-06T03:12:11.334+0000] {logging_mixin.py:151} INFO - [2023-10-06T03:12:11.334+0000] {dag.py:3677} INFO - Setting next_dagrun for example_xcom_args to None, run_after=None
[2023-10-06T03:12:11.335+0000] {logging_mixin.py:151} INFO - [2023-10-06T03:12:11.335+0000] {dag.py:3677} INFO - Setting next_dagrun for example_xcom_args_with_operators to None, run_after=None
[2023-10-06T03:12:11.345+0000] {processor.py:179} INFO - Processing /home/airflow/.local/lib/python3.8/site-packages/airflow/example_dags/example_xcomargs.py took 0.040 seconds
[2023-10-06T04:32:22.399+0000] {processor.py:157} INFO - Started process (PID=93417) to work on /home/airflow/.local/lib/python3.8/site-packages/airflow/example_dags/example_xcomargs.py
[2023-10-06T04:32:22.400+0000] {processor.py:829} INFO - Processing file /home/airflow/.local/lib/python3.8/site-packages/airflow/example_dags/example_xcomargs.py for tasks to queue
[2023-10-06T04:32:22.401+0000] {logging_mixin.py:151} INFO - [2023-10-06T04:32:22.401+0000] {dagbag.py:539} INFO - Filling up the DagBag from /home/airflow/.local/lib/python3.8/site-packages/airflow/example_dags/example_xcomargs.py
[2023-10-06T04:32:22.406+0000] {processor.py:839} INFO - DAG(s) dict_keys(['example_xcom_args_with_operators', 'example_xcom_args']) retrieved from /home/airflow/.local/lib/python3.8/site-packages/airflow/example_dags/example_xcomargs.py
[2023-10-06T04:32:22.422+0000] {logging_mixin.py:151} INFO - [2023-10-06T04:32:22.422+0000] {dag.py:2907} INFO - Sync 2 DAGs
[2023-10-06T04:32:22.428+0000] {logging_mixin.py:151} INFO - [2023-10-06T04:32:22.428+0000] {dag.py:3677} INFO - Setting next_dagrun for example_xcom_args to None, run_after=None
[2023-10-06T04:32:22.430+0000] {logging_mixin.py:151} INFO - [2023-10-06T04:32:22.430+0000] {dag.py:3677} INFO - Setting next_dagrun for example_xcom_args_with_operators to None, run_after=None
[2023-10-06T04:32:22.441+0000] {processor.py:179} INFO - Processing /home/airflow/.local/lib/python3.8/site-packages/airflow/example_dags/example_xcomargs.py took 0.044 seconds
[2023-10-06T05:56:31.793+0000] {processor.py:157} INFO - Started process (PID=93468) to work on /home/airflow/.local/lib/python3.8/site-packages/airflow/example_dags/example_xcomargs.py
[2023-10-06T05:56:31.793+0000] {processor.py:829} INFO - Processing file /home/airflow/.local/lib/python3.8/site-packages/airflow/example_dags/example_xcomargs.py for tasks to queue
[2023-10-06T05:56:31.795+0000] {logging_mixin.py:151} INFO - [2023-10-06T05:56:31.795+0000] {dagbag.py:539} INFO - Filling up the DagBag from /home/airflow/.local/lib/python3.8/site-packages/airflow/example_dags/example_xcomargs.py
[2023-10-06T05:56:31.799+0000] {processor.py:839} INFO - DAG(s) dict_keys(['example_xcom_args', 'example_xcom_args_with_operators']) retrieved from /home/airflow/.local/lib/python3.8/site-packages/airflow/example_dags/example_xcomargs.py
[2023-10-06T05:56:31.818+0000] {logging_mixin.py:151} INFO - [2023-10-06T05:56:31.818+0000] {dag.py:2907} INFO - Sync 2 DAGs
[2023-10-06T05:56:31.824+0000] {logging_mixin.py:151} INFO - [2023-10-06T05:56:31.824+0000] {dag.py:3677} INFO - Setting next_dagrun for example_xcom_args to None, run_after=None
[2023-10-06T05:56:31.826+0000] {logging_mixin.py:151} INFO - [2023-10-06T05:56:31.826+0000] {dag.py:3677} INFO - Setting next_dagrun for example_xcom_args_with_operators to None, run_after=None
[2023-10-06T05:56:31.837+0000] {processor.py:179} INFO - Processing /home/airflow/.local/lib/python3.8/site-packages/airflow/example_dags/example_xcomargs.py took 0.046 seconds
[2023-10-06T07:21:28.105+0000] {processor.py:157} INFO - Started process (PID=93519) to work on /home/airflow/.local/lib/python3.8/site-packages/airflow/example_dags/example_xcomargs.py
[2023-10-06T07:21:28.105+0000] {processor.py:829} INFO - Processing file /home/airflow/.local/lib/python3.8/site-packages/airflow/example_dags/example_xcomargs.py for tasks to queue
[2023-10-06T07:21:28.107+0000] {logging_mixin.py:151} INFO - [2023-10-06T07:21:28.107+0000] {dagbag.py:539} INFO - Filling up the DagBag from /home/airflow/.local/lib/python3.8/site-packages/airflow/example_dags/example_xcomargs.py
[2023-10-06T07:21:28.111+0000] {processor.py:839} INFO - DAG(s) dict_keys(['example_xcom_args_with_operators', 'example_xcom_args']) retrieved from /home/airflow/.local/lib/python3.8/site-packages/airflow/example_dags/example_xcomargs.py
[2023-10-06T07:21:28.126+0000] {logging_mixin.py:151} INFO - [2023-10-06T07:21:28.126+0000] {dag.py:2907} INFO - Sync 2 DAGs
[2023-10-06T07:21:28.132+0000] {logging_mixin.py:151} INFO - [2023-10-06T07:21:28.132+0000] {dag.py:3677} INFO - Setting next_dagrun for example_xcom_args to None, run_after=None
[2023-10-06T07:21:28.134+0000] {logging_mixin.py:151} INFO - [2023-10-06T07:21:28.134+0000] {dag.py:3677} INFO - Setting next_dagrun for example_xcom_args_with_operators to None, run_after=None
[2023-10-06T07:21:28.148+0000] {processor.py:179} INFO - Processing /home/airflow/.local/lib/python3.8/site-packages/airflow/example_dags/example_xcomargs.py took 0.045 seconds
[2023-10-06T08:42:33.438+0000] {processor.py:157} INFO - Started process (PID=93570) to work on /home/airflow/.local/lib/python3.8/site-packages/airflow/example_dags/example_xcomargs.py
[2023-10-06T08:42:33.439+0000] {processor.py:829} INFO - Processing file /home/airflow/.local/lib/python3.8/site-packages/airflow/example_dags/example_xcomargs.py for tasks to queue
[2023-10-06T08:42:33.440+0000] {logging_mixin.py:151} INFO - [2023-10-06T08:42:33.440+0000] {dagbag.py:539} INFO - Filling up the DagBag from /home/airflow/.local/lib/python3.8/site-packages/airflow/example_dags/example_xcomargs.py
[2023-10-06T08:42:33.445+0000] {processor.py:839} INFO - DAG(s) dict_keys(['example_xcom_args_with_operators', 'example_xcom_args']) retrieved from /home/airflow/.local/lib/python3.8/site-packages/airflow/example_dags/example_xcomargs.py
[2023-10-06T08:42:33.458+0000] {logging_mixin.py:151} INFO - [2023-10-06T08:42:33.457+0000] {dag.py:2907} INFO - Sync 2 DAGs
[2023-10-06T08:42:33.464+0000] {logging_mixin.py:151} INFO - [2023-10-06T08:42:33.463+0000] {dag.py:3677} INFO - Setting next_dagrun for example_xcom_args to None, run_after=None
[2023-10-06T08:42:33.465+0000] {logging_mixin.py:151} INFO - [2023-10-06T08:42:33.465+0000] {dag.py:3677} INFO - Setting next_dagrun for example_xcom_args_with_operators to None, run_after=None
[2023-10-06T08:42:33.476+0000] {processor.py:179} INFO - Processing /home/airflow/.local/lib/python3.8/site-packages/airflow/example_dags/example_xcomargs.py took 0.040 seconds
[2023-10-06T10:05:56.595+0000] {processor.py:157} INFO - Started process (PID=93621) to work on /home/airflow/.local/lib/python3.8/site-packages/airflow/example_dags/example_xcomargs.py
[2023-10-06T10:05:56.595+0000] {processor.py:829} INFO - Processing file /home/airflow/.local/lib/python3.8/site-packages/airflow/example_dags/example_xcomargs.py for tasks to queue
[2023-10-06T10:05:56.597+0000] {logging_mixin.py:151} INFO - [2023-10-06T10:05:56.597+0000] {dagbag.py:539} INFO - Filling up the DagBag from /home/airflow/.local/lib/python3.8/site-packages/airflow/example_dags/example_xcomargs.py
[2023-10-06T10:05:56.602+0000] {processor.py:839} INFO - DAG(s) dict_keys(['example_xcom_args_with_operators', 'example_xcom_args']) retrieved from /home/airflow/.local/lib/python3.8/site-packages/airflow/example_dags/example_xcomargs.py
[2023-10-06T10:05:56.616+0000] {logging_mixin.py:151} INFO - [2023-10-06T10:05:56.616+0000] {dag.py:2907} INFO - Sync 2 DAGs
[2023-10-06T10:05:56.623+0000] {logging_mixin.py:151} INFO - [2023-10-06T10:05:56.623+0000] {dag.py:3677} INFO - Setting next_dagrun for example_xcom_args to None, run_after=None
[2023-10-06T10:05:56.624+0000] {logging_mixin.py:151} INFO - [2023-10-06T10:05:56.624+0000] {dag.py:3677} INFO - Setting next_dagrun for example_xcom_args_with_operators to None, run_after=None
[2023-10-06T10:05:56.636+0000] {processor.py:179} INFO - Processing /home/airflow/.local/lib/python3.8/site-packages/airflow/example_dags/example_xcomargs.py took 0.043 seconds
[2023-10-06T11:25:34.771+0000] {processor.py:157} INFO - Started process (PID=93672) to work on /home/airflow/.local/lib/python3.8/site-packages/airflow/example_dags/example_xcomargs.py
[2023-10-06T11:25:34.771+0000] {processor.py:829} INFO - Processing file /home/airflow/.local/lib/python3.8/site-packages/airflow/example_dags/example_xcomargs.py for tasks to queue
[2023-10-06T11:25:34.773+0000] {logging_mixin.py:151} INFO - [2023-10-06T11:25:34.773+0000] {dagbag.py:539} INFO - Filling up the DagBag from /home/airflow/.local/lib/python3.8/site-packages/airflow/example_dags/example_xcomargs.py
[2023-10-06T11:25:34.777+0000] {processor.py:839} INFO - DAG(s) dict_keys(['example_xcom_args', 'example_xcom_args_with_operators']) retrieved from /home/airflow/.local/lib/python3.8/site-packages/airflow/example_dags/example_xcomargs.py
[2023-10-06T11:25:34.792+0000] {logging_mixin.py:151} INFO - [2023-10-06T11:25:34.791+0000] {dag.py:2907} INFO - Sync 2 DAGs
[2023-10-06T11:25:34.798+0000] {logging_mixin.py:151} INFO - [2023-10-06T11:25:34.798+0000] {dag.py:3677} INFO - Setting next_dagrun for example_xcom_args to None, run_after=None
[2023-10-06T11:25:34.799+0000] {logging_mixin.py:151} INFO - [2023-10-06T11:25:34.799+0000] {dag.py:3677} INFO - Setting next_dagrun for example_xcom_args_with_operators to None, run_after=None
[2023-10-06T11:25:34.810+0000] {processor.py:179} INFO - Processing /home/airflow/.local/lib/python3.8/site-packages/airflow/example_dags/example_xcomargs.py took 0.042 seconds
[2023-10-06T12:28:46.701+0000] {processor.py:157} INFO - Started process (PID=93723) to work on /home/airflow/.local/lib/python3.8/site-packages/airflow/example_dags/example_xcomargs.py
[2023-10-06T12:28:46.702+0000] {processor.py:829} INFO - Processing file /home/airflow/.local/lib/python3.8/site-packages/airflow/example_dags/example_xcomargs.py for tasks to queue
[2023-10-06T12:28:46.703+0000] {logging_mixin.py:151} INFO - [2023-10-06T12:28:46.703+0000] {dagbag.py:539} INFO - Filling up the DagBag from /home/airflow/.local/lib/python3.8/site-packages/airflow/example_dags/example_xcomargs.py
[2023-10-06T12:28:46.709+0000] {processor.py:839} INFO - DAG(s) dict_keys(['example_xcom_args', 'example_xcom_args_with_operators']) retrieved from /home/airflow/.local/lib/python3.8/site-packages/airflow/example_dags/example_xcomargs.py
[2023-10-06T12:28:46.727+0000] {logging_mixin.py:151} INFO - [2023-10-06T12:28:46.727+0000] {dag.py:2907} INFO - Sync 2 DAGs
[2023-10-06T12:28:46.733+0000] {logging_mixin.py:151} INFO - [2023-10-06T12:28:46.733+0000] {dag.py:3677} INFO - Setting next_dagrun for example_xcom_args to None, run_after=None
[2023-10-06T12:28:46.735+0000] {logging_mixin.py:151} INFO - [2023-10-06T12:28:46.735+0000] {dag.py:3677} INFO - Setting next_dagrun for example_xcom_args_with_operators to None, run_after=None
[2023-10-06T12:28:46.745+0000] {processor.py:179} INFO - Processing /home/airflow/.local/lib/python3.8/site-packages/airflow/example_dags/example_xcomargs.py took 0.046 seconds
[2023-10-06T12:39:00.119+0000] {processor.py:157} INFO - Started process (PID=93774) to work on /home/airflow/.local/lib/python3.8/site-packages/airflow/example_dags/example_xcomargs.py
[2023-10-06T12:39:00.120+0000] {processor.py:829} INFO - Processing file /home/airflow/.local/lib/python3.8/site-packages/airflow/example_dags/example_xcomargs.py for tasks to queue
[2023-10-06T12:39:00.121+0000] {logging_mixin.py:151} INFO - [2023-10-06T12:39:00.121+0000] {dagbag.py:539} INFO - Filling up the DagBag from /home/airflow/.local/lib/python3.8/site-packages/airflow/example_dags/example_xcomargs.py
[2023-10-06T12:39:00.126+0000] {processor.py:839} INFO - DAG(s) dict_keys(['example_xcom_args', 'example_xcom_args_with_operators']) retrieved from /home/airflow/.local/lib/python3.8/site-packages/airflow/example_dags/example_xcomargs.py
[2023-10-06T12:39:00.140+0000] {logging_mixin.py:151} INFO - [2023-10-06T12:39:00.140+0000] {dag.py:2907} INFO - Sync 2 DAGs
[2023-10-06T12:39:00.146+0000] {logging_mixin.py:151} INFO - [2023-10-06T12:39:00.146+0000] {dag.py:3677} INFO - Setting next_dagrun for example_xcom_args to None, run_after=None
[2023-10-06T12:39:00.148+0000] {logging_mixin.py:151} INFO - [2023-10-06T12:39:00.148+0000] {dag.py:3677} INFO - Setting next_dagrun for example_xcom_args_with_operators to None, run_after=None
[2023-10-06T12:39:00.159+0000] {processor.py:179} INFO - Processing /home/airflow/.local/lib/python3.8/site-packages/airflow/example_dags/example_xcomargs.py took 0.042 seconds
[2023-10-06T12:54:55.697+0000] {processor.py:157} INFO - Started process (PID=93825) to work on /home/airflow/.local/lib/python3.8/site-packages/airflow/example_dags/example_xcomargs.py
[2023-10-06T12:54:55.698+0000] {processor.py:829} INFO - Processing file /home/airflow/.local/lib/python3.8/site-packages/airflow/example_dags/example_xcomargs.py for tasks to queue
[2023-10-06T12:54:55.699+0000] {logging_mixin.py:151} INFO - [2023-10-06T12:54:55.699+0000] {dagbag.py:539} INFO - Filling up the DagBag from /home/airflow/.local/lib/python3.8/site-packages/airflow/example_dags/example_xcomargs.py
[2023-10-06T12:54:55.705+0000] {processor.py:839} INFO - DAG(s) dict_keys(['example_xcom_args', 'example_xcom_args_with_operators']) retrieved from /home/airflow/.local/lib/python3.8/site-packages/airflow/example_dags/example_xcomargs.py
[2023-10-06T12:54:55.719+0000] {logging_mixin.py:151} INFO - [2023-10-06T12:54:55.719+0000] {dag.py:2907} INFO - Sync 2 DAGs
[2023-10-06T12:54:55.726+0000] {logging_mixin.py:151} INFO - [2023-10-06T12:54:55.726+0000] {dag.py:3677} INFO - Setting next_dagrun for example_xcom_args to None, run_after=None
[2023-10-06T12:54:55.727+0000] {logging_mixin.py:151} INFO - [2023-10-06T12:54:55.727+0000] {dag.py:3677} INFO - Setting next_dagrun for example_xcom_args_with_operators to None, run_after=None
[2023-10-06T12:54:55.738+0000] {processor.py:179} INFO - Processing /home/airflow/.local/lib/python3.8/site-packages/airflow/example_dags/example_xcomargs.py took 0.043 seconds
[2023-10-06T13:46:11.801+0000] {processor.py:157} INFO - Started process (PID=93876) to work on /home/airflow/.local/lib/python3.8/site-packages/airflow/example_dags/example_xcomargs.py
[2023-10-06T13:46:11.802+0000] {processor.py:829} INFO - Processing file /home/airflow/.local/lib/python3.8/site-packages/airflow/example_dags/example_xcomargs.py for tasks to queue
[2023-10-06T13:46:11.803+0000] {logging_mixin.py:151} INFO - [2023-10-06T13:46:11.803+0000] {dagbag.py:539} INFO - Filling up the DagBag from /home/airflow/.local/lib/python3.8/site-packages/airflow/example_dags/example_xcomargs.py
[2023-10-06T13:46:11.808+0000] {processor.py:839} INFO - DAG(s) dict_keys(['example_xcom_args', 'example_xcom_args_with_operators']) retrieved from /home/airflow/.local/lib/python3.8/site-packages/airflow/example_dags/example_xcomargs.py
[2023-10-06T13:46:11.821+0000] {logging_mixin.py:151} INFO - [2023-10-06T13:46:11.821+0000] {dag.py:2907} INFO - Sync 2 DAGs
[2023-10-06T13:46:11.826+0000] {logging_mixin.py:151} INFO - [2023-10-06T13:46:11.826+0000] {dag.py:3677} INFO - Setting next_dagrun for example_xcom_args to None, run_after=None
[2023-10-06T13:46:11.828+0000] {logging_mixin.py:151} INFO - [2023-10-06T13:46:11.828+0000] {dag.py:3677} INFO - Setting next_dagrun for example_xcom_args_with_operators to None, run_after=None
[2023-10-06T13:46:11.838+0000] {processor.py:179} INFO - Processing /home/airflow/.local/lib/python3.8/site-packages/airflow/example_dags/example_xcomargs.py took 0.039 seconds
[2023-10-06T15:22:52.666+0000] {processor.py:157} INFO - Started process (PID=93927) to work on /home/airflow/.local/lib/python3.8/site-packages/airflow/example_dags/example_xcomargs.py
[2023-10-06T15:22:52.667+0000] {processor.py:829} INFO - Processing file /home/airflow/.local/lib/python3.8/site-packages/airflow/example_dags/example_xcomargs.py for tasks to queue
[2023-10-06T15:22:52.668+0000] {logging_mixin.py:151} INFO - [2023-10-06T15:22:52.668+0000] {dagbag.py:539} INFO - Filling up the DagBag from /home/airflow/.local/lib/python3.8/site-packages/airflow/example_dags/example_xcomargs.py
[2023-10-06T15:22:52.674+0000] {processor.py:839} INFO - DAG(s) dict_keys(['example_xcom_args_with_operators', 'example_xcom_args']) retrieved from /home/airflow/.local/lib/python3.8/site-packages/airflow/example_dags/example_xcomargs.py
[2023-10-06T15:22:52.690+0000] {logging_mixin.py:151} INFO - [2023-10-06T15:22:52.690+0000] {dag.py:2907} INFO - Sync 2 DAGs
[2023-10-06T15:22:52.697+0000] {logging_mixin.py:151} INFO - [2023-10-06T15:22:52.697+0000] {dag.py:3677} INFO - Setting next_dagrun for example_xcom_args to None, run_after=None
[2023-10-06T15:22:52.698+0000] {logging_mixin.py:151} INFO - [2023-10-06T15:22:52.698+0000] {dag.py:3677} INFO - Setting next_dagrun for example_xcom_args_with_operators to None, run_after=None
[2023-10-06T15:22:52.710+0000] {processor.py:179} INFO - Processing /home/airflow/.local/lib/python3.8/site-packages/airflow/example_dags/example_xcomargs.py took 0.046 seconds
[2023-10-06T16:45:55.414+0000] {processor.py:157} INFO - Started process (PID=93978) to work on /home/airflow/.local/lib/python3.8/site-packages/airflow/example_dags/example_xcomargs.py
[2023-10-06T16:45:55.415+0000] {processor.py:829} INFO - Processing file /home/airflow/.local/lib/python3.8/site-packages/airflow/example_dags/example_xcomargs.py for tasks to queue
[2023-10-06T16:45:55.416+0000] {logging_mixin.py:151} INFO - [2023-10-06T16:45:55.416+0000] {dagbag.py:539} INFO - Filling up the DagBag from /home/airflow/.local/lib/python3.8/site-packages/airflow/example_dags/example_xcomargs.py
[2023-10-06T16:45:55.421+0000] {processor.py:839} INFO - DAG(s) dict_keys(['example_xcom_args_with_operators', 'example_xcom_args']) retrieved from /home/airflow/.local/lib/python3.8/site-packages/airflow/example_dags/example_xcomargs.py
[2023-10-06T16:45:55.440+0000] {logging_mixin.py:151} INFO - [2023-10-06T16:45:55.440+0000] {dag.py:2907} INFO - Sync 2 DAGs
[2023-10-06T16:45:55.446+0000] {logging_mixin.py:151} INFO - [2023-10-06T16:45:55.446+0000] {dag.py:3677} INFO - Setting next_dagrun for example_xcom_args to None, run_after=None
[2023-10-06T16:45:55.447+0000] {logging_mixin.py:151} INFO - [2023-10-06T16:45:55.447+0000] {dag.py:3677} INFO - Setting next_dagrun for example_xcom_args_with_operators to None, run_after=None
[2023-10-06T16:45:55.458+0000] {processor.py:179} INFO - Processing /home/airflow/.local/lib/python3.8/site-packages/airflow/example_dags/example_xcomargs.py took 0.046 seconds
[2023-10-06T18:26:18.946+0000] {processor.py:157} INFO - Started process (PID=94029) to work on /home/airflow/.local/lib/python3.8/site-packages/airflow/example_dags/example_xcomargs.py
[2023-10-06T18:26:18.947+0000] {processor.py:829} INFO - Processing file /home/airflow/.local/lib/python3.8/site-packages/airflow/example_dags/example_xcomargs.py for tasks to queue
[2023-10-06T18:26:18.948+0000] {logging_mixin.py:151} INFO - [2023-10-06T18:26:18.948+0000] {dagbag.py:539} INFO - Filling up the DagBag from /home/airflow/.local/lib/python3.8/site-packages/airflow/example_dags/example_xcomargs.py
[2023-10-06T18:26:18.953+0000] {processor.py:839} INFO - DAG(s) dict_keys(['example_xcom_args', 'example_xcom_args_with_operators']) retrieved from /home/airflow/.local/lib/python3.8/site-packages/airflow/example_dags/example_xcomargs.py
[2023-10-06T18:26:18.967+0000] {logging_mixin.py:151} INFO - [2023-10-06T18:26:18.967+0000] {dag.py:2907} INFO - Sync 2 DAGs
[2023-10-06T18:26:18.981+0000] {logging_mixin.py:151} INFO - [2023-10-06T18:26:18.981+0000] {dag.py:3677} INFO - Setting next_dagrun for example_xcom_args to None, run_after=None
[2023-10-06T18:26:18.985+0000] {logging_mixin.py:151} INFO - [2023-10-06T18:26:18.985+0000] {dag.py:3677} INFO - Setting next_dagrun for example_xcom_args_with_operators to None, run_after=None
[2023-10-06T18:26:19.024+0000] {processor.py:179} INFO - Processing /home/airflow/.local/lib/python3.8/site-packages/airflow/example_dags/example_xcomargs.py took 0.080 seconds
[2023-10-06T20:02:31.334+0000] {processor.py:157} INFO - Started process (PID=94080) to work on /home/airflow/.local/lib/python3.8/site-packages/airflow/example_dags/example_xcomargs.py
[2023-10-06T20:02:31.335+0000] {processor.py:829} INFO - Processing file /home/airflow/.local/lib/python3.8/site-packages/airflow/example_dags/example_xcomargs.py for tasks to queue
[2023-10-06T20:02:31.336+0000] {logging_mixin.py:151} INFO - [2023-10-06T20:02:31.336+0000] {dagbag.py:539} INFO - Filling up the DagBag from /home/airflow/.local/lib/python3.8/site-packages/airflow/example_dags/example_xcomargs.py
[2023-10-06T20:02:31.341+0000] {processor.py:839} INFO - DAG(s) dict_keys(['example_xcom_args_with_operators', 'example_xcom_args']) retrieved from /home/airflow/.local/lib/python3.8/site-packages/airflow/example_dags/example_xcomargs.py
[2023-10-06T20:02:31.355+0000] {logging_mixin.py:151} INFO - [2023-10-06T20:02:31.355+0000] {dag.py:2907} INFO - Sync 2 DAGs
[2023-10-06T20:02:31.362+0000] {logging_mixin.py:151} INFO - [2023-10-06T20:02:31.362+0000] {dag.py:3677} INFO - Setting next_dagrun for example_xcom_args to None, run_after=None
[2023-10-06T20:02:31.363+0000] {logging_mixin.py:151} INFO - [2023-10-06T20:02:31.363+0000] {dag.py:3677} INFO - Setting next_dagrun for example_xcom_args_with_operators to None, run_after=None
[2023-10-06T20:02:31.374+0000] {processor.py:179} INFO - Processing /home/airflow/.local/lib/python3.8/site-packages/airflow/example_dags/example_xcomargs.py took 0.042 seconds
[2023-10-06T21:27:12.335+0000] {processor.py:157} INFO - Started process (PID=94131) to work on /home/airflow/.local/lib/python3.8/site-packages/airflow/example_dags/example_xcomargs.py
[2023-10-06T21:27:12.336+0000] {processor.py:829} INFO - Processing file /home/airflow/.local/lib/python3.8/site-packages/airflow/example_dags/example_xcomargs.py for tasks to queue
[2023-10-06T21:27:12.337+0000] {logging_mixin.py:151} INFO - [2023-10-06T21:27:12.337+0000] {dagbag.py:539} INFO - Filling up the DagBag from /home/airflow/.local/lib/python3.8/site-packages/airflow/example_dags/example_xcomargs.py
[2023-10-06T21:27:12.341+0000] {processor.py:839} INFO - DAG(s) dict_keys(['example_xcom_args', 'example_xcom_args_with_operators']) retrieved from /home/airflow/.local/lib/python3.8/site-packages/airflow/example_dags/example_xcomargs.py
[2023-10-06T21:27:12.355+0000] {logging_mixin.py:151} INFO - [2023-10-06T21:27:12.355+0000] {dag.py:2907} INFO - Sync 2 DAGs
[2023-10-06T21:27:12.360+0000] {logging_mixin.py:151} INFO - [2023-10-06T21:27:12.360+0000] {dag.py:3677} INFO - Setting next_dagrun for example_xcom_args to None, run_after=None
[2023-10-06T21:27:12.362+0000] {logging_mixin.py:151} INFO - [2023-10-06T21:27:12.362+0000] {dag.py:3677} INFO - Setting next_dagrun for example_xcom_args_with_operators to None, run_after=None
[2023-10-06T21:27:12.372+0000] {processor.py:179} INFO - Processing /home/airflow/.local/lib/python3.8/site-packages/airflow/example_dags/example_xcomargs.py took 0.039 seconds
[2023-10-06T23:05:03.711+0000] {processor.py:157} INFO - Started process (PID=94182) to work on /home/airflow/.local/lib/python3.8/site-packages/airflow/example_dags/example_xcomargs.py
[2023-10-06T23:05:03.712+0000] {processor.py:829} INFO - Processing file /home/airflow/.local/lib/python3.8/site-packages/airflow/example_dags/example_xcomargs.py for tasks to queue
[2023-10-06T23:05:03.713+0000] {logging_mixin.py:151} INFO - [2023-10-06T23:05:03.713+0000] {dagbag.py:539} INFO - Filling up the DagBag from /home/airflow/.local/lib/python3.8/site-packages/airflow/example_dags/example_xcomargs.py
[2023-10-06T23:05:03.718+0000] {processor.py:839} INFO - DAG(s) dict_keys(['example_xcom_args_with_operators', 'example_xcom_args']) retrieved from /home/airflow/.local/lib/python3.8/site-packages/airflow/example_dags/example_xcomargs.py
[2023-10-06T23:05:03.732+0000] {logging_mixin.py:151} INFO - [2023-10-06T23:05:03.732+0000] {dag.py:2907} INFO - Sync 2 DAGs
[2023-10-06T23:05:03.738+0000] {logging_mixin.py:151} INFO - [2023-10-06T23:05:03.738+0000] {dag.py:3677} INFO - Setting next_dagrun for example_xcom_args to None, run_after=None
[2023-10-06T23:05:03.740+0000] {logging_mixin.py:151} INFO - [2023-10-06T23:05:03.740+0000] {dag.py:3677} INFO - Setting next_dagrun for example_xcom_args_with_operators to None, run_after=None
[2023-10-06T23:05:03.751+0000] {processor.py:179} INFO - Processing /home/airflow/.local/lib/python3.8/site-packages/airflow/example_dags/example_xcomargs.py took 0.041 seconds
