[2023-10-06T00:01:34.338+0000] {processor.py:157} INFO - Started process (PID=91186) to work on /home/airflow/.local/lib/python3.8/site-packages/airflow/example_dags/example_local_kubernetes_executor.py
[2023-10-06T00:01:34.339+0000] {processor.py:829} INFO - Processing file /home/airflow/.local/lib/python3.8/site-packages/airflow/example_dags/example_local_kubernetes_executor.py for tasks to queue
[2023-10-06T00:01:34.340+0000] {logging_mixin.py:151} INFO - [2023-10-06T00:01:34.340+0000] {dagbag.py:539} INFO - Filling up the DagBag from /home/airflow/.local/lib/python3.8/site-packages/airflow/example_dags/example_local_kubernetes_executor.py
[2023-10-06T00:01:34.455+0000] {processor.py:839} INFO - DAG(s) dict_keys(['example_local_kubernetes_executor']) retrieved from /home/airflow/.local/lib/python3.8/site-packages/airflow/example_dags/example_local_kubernetes_executor.py
[2023-10-06T00:01:34.474+0000] {logging_mixin.py:151} INFO - [2023-10-06T00:01:34.473+0000] {dag.py:2907} INFO - Sync 1 DAGs
[2023-10-06T00:01:34.480+0000] {logging_mixin.py:151} INFO - [2023-10-06T00:01:34.479+0000] {dag.py:3677} INFO - Setting next_dagrun for example_local_kubernetes_executor to None, run_after=None
[2023-10-06T00:01:34.491+0000] {processor.py:179} INFO - Processing /home/airflow/.local/lib/python3.8/site-packages/airflow/example_dags/example_local_kubernetes_executor.py took 0.154 seconds
[2023-10-06T00:02:05.136+0000] {processor.py:157} INFO - Started process (PID=91237) to work on /home/airflow/.local/lib/python3.8/site-packages/airflow/example_dags/example_local_kubernetes_executor.py
[2023-10-06T00:02:05.137+0000] {processor.py:829} INFO - Processing file /home/airflow/.local/lib/python3.8/site-packages/airflow/example_dags/example_local_kubernetes_executor.py for tasks to queue
[2023-10-06T00:02:05.138+0000] {logging_mixin.py:151} INFO - [2023-10-06T00:02:05.138+0000] {dagbag.py:539} INFO - Filling up the DagBag from /home/airflow/.local/lib/python3.8/site-packages/airflow/example_dags/example_local_kubernetes_executor.py
[2023-10-06T00:02:05.253+0000] {processor.py:839} INFO - DAG(s) dict_keys(['example_local_kubernetes_executor']) retrieved from /home/airflow/.local/lib/python3.8/site-packages/airflow/example_dags/example_local_kubernetes_executor.py
[2023-10-06T00:02:05.284+0000] {logging_mixin.py:151} INFO - [2023-10-06T00:02:05.283+0000] {dag.py:2907} INFO - Sync 1 DAGs
[2023-10-06T00:02:05.289+0000] {logging_mixin.py:151} INFO - [2023-10-06T00:02:05.289+0000] {dag.py:3677} INFO - Setting next_dagrun for example_local_kubernetes_executor to None, run_after=None
[2023-10-06T00:02:05.300+0000] {processor.py:179} INFO - Processing /home/airflow/.local/lib/python3.8/site-packages/airflow/example_dags/example_local_kubernetes_executor.py took 0.166 seconds
[2023-10-06T00:02:35.647+0000] {processor.py:157} INFO - Started process (PID=91288) to work on /home/airflow/.local/lib/python3.8/site-packages/airflow/example_dags/example_local_kubernetes_executor.py
[2023-10-06T00:02:35.647+0000] {processor.py:829} INFO - Processing file /home/airflow/.local/lib/python3.8/site-packages/airflow/example_dags/example_local_kubernetes_executor.py for tasks to queue
[2023-10-06T00:02:35.648+0000] {logging_mixin.py:151} INFO - [2023-10-06T00:02:35.648+0000] {dagbag.py:539} INFO - Filling up the DagBag from /home/airflow/.local/lib/python3.8/site-packages/airflow/example_dags/example_local_kubernetes_executor.py
[2023-10-06T00:02:35.779+0000] {processor.py:839} INFO - DAG(s) dict_keys(['example_local_kubernetes_executor']) retrieved from /home/airflow/.local/lib/python3.8/site-packages/airflow/example_dags/example_local_kubernetes_executor.py
[2023-10-06T00:02:35.797+0000] {logging_mixin.py:151} INFO - [2023-10-06T00:02:35.797+0000] {dag.py:2907} INFO - Sync 1 DAGs
[2023-10-06T00:02:35.804+0000] {logging_mixin.py:151} INFO - [2023-10-06T00:02:35.804+0000] {dag.py:3677} INFO - Setting next_dagrun for example_local_kubernetes_executor to None, run_after=None
[2023-10-06T00:02:35.815+0000] {processor.py:179} INFO - Processing /home/airflow/.local/lib/python3.8/site-packages/airflow/example_dags/example_local_kubernetes_executor.py took 0.170 seconds
[2023-10-06T00:03:06.078+0000] {processor.py:157} INFO - Started process (PID=91339) to work on /home/airflow/.local/lib/python3.8/site-packages/airflow/example_dags/example_local_kubernetes_executor.py
[2023-10-06T00:03:06.078+0000] {processor.py:829} INFO - Processing file /home/airflow/.local/lib/python3.8/site-packages/airflow/example_dags/example_local_kubernetes_executor.py for tasks to queue
[2023-10-06T00:03:06.080+0000] {logging_mixin.py:151} INFO - [2023-10-06T00:03:06.080+0000] {dagbag.py:539} INFO - Filling up the DagBag from /home/airflow/.local/lib/python3.8/site-packages/airflow/example_dags/example_local_kubernetes_executor.py
[2023-10-06T00:03:06.198+0000] {processor.py:839} INFO - DAG(s) dict_keys(['example_local_kubernetes_executor']) retrieved from /home/airflow/.local/lib/python3.8/site-packages/airflow/example_dags/example_local_kubernetes_executor.py
[2023-10-06T00:03:06.215+0000] {logging_mixin.py:151} INFO - [2023-10-06T00:03:06.215+0000] {dag.py:2907} INFO - Sync 1 DAGs
[2023-10-06T00:03:06.221+0000] {logging_mixin.py:151} INFO - [2023-10-06T00:03:06.221+0000] {dag.py:3677} INFO - Setting next_dagrun for example_local_kubernetes_executor to None, run_after=None
[2023-10-06T00:03:06.231+0000] {processor.py:179} INFO - Processing /home/airflow/.local/lib/python3.8/site-packages/airflow/example_dags/example_local_kubernetes_executor.py took 0.155 seconds
[2023-10-06T00:03:36.472+0000] {processor.py:157} INFO - Started process (PID=91390) to work on /home/airflow/.local/lib/python3.8/site-packages/airflow/example_dags/example_local_kubernetes_executor.py
[2023-10-06T00:03:36.472+0000] {processor.py:829} INFO - Processing file /home/airflow/.local/lib/python3.8/site-packages/airflow/example_dags/example_local_kubernetes_executor.py for tasks to queue
[2023-10-06T00:03:36.473+0000] {logging_mixin.py:151} INFO - [2023-10-06T00:03:36.473+0000] {dagbag.py:539} INFO - Filling up the DagBag from /home/airflow/.local/lib/python3.8/site-packages/airflow/example_dags/example_local_kubernetes_executor.py
[2023-10-06T00:03:36.590+0000] {processor.py:839} INFO - DAG(s) dict_keys(['example_local_kubernetes_executor']) retrieved from /home/airflow/.local/lib/python3.8/site-packages/airflow/example_dags/example_local_kubernetes_executor.py
[2023-10-06T00:03:36.607+0000] {logging_mixin.py:151} INFO - [2023-10-06T00:03:36.607+0000] {dag.py:2907} INFO - Sync 1 DAGs
[2023-10-06T00:03:36.612+0000] {logging_mixin.py:151} INFO - [2023-10-06T00:03:36.612+0000] {dag.py:3677} INFO - Setting next_dagrun for example_local_kubernetes_executor to None, run_after=None
[2023-10-06T00:03:36.623+0000] {processor.py:179} INFO - Processing /home/airflow/.local/lib/python3.8/site-packages/airflow/example_dags/example_local_kubernetes_executor.py took 0.154 seconds
[2023-10-06T00:04:07.086+0000] {processor.py:157} INFO - Started process (PID=91441) to work on /home/airflow/.local/lib/python3.8/site-packages/airflow/example_dags/example_local_kubernetes_executor.py
[2023-10-06T00:04:07.086+0000] {processor.py:829} INFO - Processing file /home/airflow/.local/lib/python3.8/site-packages/airflow/example_dags/example_local_kubernetes_executor.py for tasks to queue
[2023-10-06T00:04:07.088+0000] {logging_mixin.py:151} INFO - [2023-10-06T00:04:07.087+0000] {dagbag.py:539} INFO - Filling up the DagBag from /home/airflow/.local/lib/python3.8/site-packages/airflow/example_dags/example_local_kubernetes_executor.py
[2023-10-06T00:04:07.189+0000] {processor.py:839} INFO - DAG(s) dict_keys(['example_local_kubernetes_executor']) retrieved from /home/airflow/.local/lib/python3.8/site-packages/airflow/example_dags/example_local_kubernetes_executor.py
[2023-10-06T00:04:07.207+0000] {logging_mixin.py:151} INFO - [2023-10-06T00:04:07.207+0000] {dag.py:2907} INFO - Sync 1 DAGs
[2023-10-06T00:04:07.213+0000] {logging_mixin.py:151} INFO - [2023-10-06T00:04:07.212+0000] {dag.py:3677} INFO - Setting next_dagrun for example_local_kubernetes_executor to None, run_after=None
[2023-10-06T00:04:07.224+0000] {processor.py:179} INFO - Processing /home/airflow/.local/lib/python3.8/site-packages/airflow/example_dags/example_local_kubernetes_executor.py took 0.140 seconds
[2023-10-06T00:04:37.308+0000] {processor.py:157} INFO - Started process (PID=91492) to work on /home/airflow/.local/lib/python3.8/site-packages/airflow/example_dags/example_local_kubernetes_executor.py
[2023-10-06T00:04:37.309+0000] {processor.py:829} INFO - Processing file /home/airflow/.local/lib/python3.8/site-packages/airflow/example_dags/example_local_kubernetes_executor.py for tasks to queue
[2023-10-06T00:04:37.310+0000] {logging_mixin.py:151} INFO - [2023-10-06T00:04:37.310+0000] {dagbag.py:539} INFO - Filling up the DagBag from /home/airflow/.local/lib/python3.8/site-packages/airflow/example_dags/example_local_kubernetes_executor.py
[2023-10-06T00:04:37.425+0000] {processor.py:839} INFO - DAG(s) dict_keys(['example_local_kubernetes_executor']) retrieved from /home/airflow/.local/lib/python3.8/site-packages/airflow/example_dags/example_local_kubernetes_executor.py
[2023-10-06T00:04:37.443+0000] {logging_mixin.py:151} INFO - [2023-10-06T00:04:37.443+0000] {dag.py:2907} INFO - Sync 1 DAGs
[2023-10-06T00:04:37.450+0000] {logging_mixin.py:151} INFO - [2023-10-06T00:04:37.450+0000] {dag.py:3677} INFO - Setting next_dagrun for example_local_kubernetes_executor to None, run_after=None
[2023-10-06T00:04:37.461+0000] {processor.py:179} INFO - Processing /home/airflow/.local/lib/python3.8/site-packages/airflow/example_dags/example_local_kubernetes_executor.py took 0.155 seconds
[2023-10-06T00:05:08.665+0000] {processor.py:157} INFO - Started process (PID=91543) to work on /home/airflow/.local/lib/python3.8/site-packages/airflow/example_dags/example_local_kubernetes_executor.py
[2023-10-06T00:05:08.666+0000] {processor.py:829} INFO - Processing file /home/airflow/.local/lib/python3.8/site-packages/airflow/example_dags/example_local_kubernetes_executor.py for tasks to queue
[2023-10-06T00:05:08.668+0000] {logging_mixin.py:151} INFO - [2023-10-06T00:05:08.668+0000] {dagbag.py:539} INFO - Filling up the DagBag from /home/airflow/.local/lib/python3.8/site-packages/airflow/example_dags/example_local_kubernetes_executor.py
[2023-10-06T00:05:08.789+0000] {processor.py:839} INFO - DAG(s) dict_keys(['example_local_kubernetes_executor']) retrieved from /home/airflow/.local/lib/python3.8/site-packages/airflow/example_dags/example_local_kubernetes_executor.py
[2023-10-06T00:05:08.806+0000] {logging_mixin.py:151} INFO - [2023-10-06T00:05:08.806+0000] {dag.py:2907} INFO - Sync 1 DAGs
[2023-10-06T00:05:08.811+0000] {logging_mixin.py:151} INFO - [2023-10-06T00:05:08.811+0000] {dag.py:3677} INFO - Setting next_dagrun for example_local_kubernetes_executor to None, run_after=None
[2023-10-06T00:05:08.822+0000] {processor.py:179} INFO - Processing /home/airflow/.local/lib/python3.8/site-packages/airflow/example_dags/example_local_kubernetes_executor.py took 0.159 seconds
[2023-10-06T00:05:39.148+0000] {processor.py:157} INFO - Started process (PID=91595) to work on /home/airflow/.local/lib/python3.8/site-packages/airflow/example_dags/example_local_kubernetes_executor.py
[2023-10-06T00:05:39.148+0000] {processor.py:829} INFO - Processing file /home/airflow/.local/lib/python3.8/site-packages/airflow/example_dags/example_local_kubernetes_executor.py for tasks to queue
[2023-10-06T00:05:39.150+0000] {logging_mixin.py:151} INFO - [2023-10-06T00:05:39.149+0000] {dagbag.py:539} INFO - Filling up the DagBag from /home/airflow/.local/lib/python3.8/site-packages/airflow/example_dags/example_local_kubernetes_executor.py
[2023-10-06T00:05:39.275+0000] {processor.py:839} INFO - DAG(s) dict_keys(['example_local_kubernetes_executor']) retrieved from /home/airflow/.local/lib/python3.8/site-packages/airflow/example_dags/example_local_kubernetes_executor.py
[2023-10-06T00:05:39.293+0000] {logging_mixin.py:151} INFO - [2023-10-06T00:05:39.293+0000] {dag.py:2907} INFO - Sync 1 DAGs
[2023-10-06T00:05:39.299+0000] {logging_mixin.py:151} INFO - [2023-10-06T00:05:39.299+0000] {dag.py:3677} INFO - Setting next_dagrun for example_local_kubernetes_executor to None, run_after=None
[2023-10-06T00:05:39.311+0000] {processor.py:179} INFO - Processing /home/airflow/.local/lib/python3.8/site-packages/airflow/example_dags/example_local_kubernetes_executor.py took 0.165 seconds
[2023-10-06T00:06:09.447+0000] {processor.py:157} INFO - Started process (PID=91645) to work on /home/airflow/.local/lib/python3.8/site-packages/airflow/example_dags/example_local_kubernetes_executor.py
[2023-10-06T00:06:09.448+0000] {processor.py:829} INFO - Processing file /home/airflow/.local/lib/python3.8/site-packages/airflow/example_dags/example_local_kubernetes_executor.py for tasks to queue
[2023-10-06T00:06:09.449+0000] {logging_mixin.py:151} INFO - [2023-10-06T00:06:09.449+0000] {dagbag.py:539} INFO - Filling up the DagBag from /home/airflow/.local/lib/python3.8/site-packages/airflow/example_dags/example_local_kubernetes_executor.py
[2023-10-06T00:06:09.563+0000] {processor.py:839} INFO - DAG(s) dict_keys(['example_local_kubernetes_executor']) retrieved from /home/airflow/.local/lib/python3.8/site-packages/airflow/example_dags/example_local_kubernetes_executor.py
[2023-10-06T00:06:09.580+0000] {logging_mixin.py:151} INFO - [2023-10-06T00:06:09.580+0000] {dag.py:2907} INFO - Sync 1 DAGs
[2023-10-06T00:06:09.585+0000] {logging_mixin.py:151} INFO - [2023-10-06T00:06:09.585+0000] {dag.py:3677} INFO - Setting next_dagrun for example_local_kubernetes_executor to None, run_after=None
[2023-10-06T00:06:09.596+0000] {processor.py:179} INFO - Processing /home/airflow/.local/lib/python3.8/site-packages/airflow/example_dags/example_local_kubernetes_executor.py took 0.150 seconds
[2023-10-06T00:06:39.872+0000] {processor.py:157} INFO - Started process (PID=91696) to work on /home/airflow/.local/lib/python3.8/site-packages/airflow/example_dags/example_local_kubernetes_executor.py
[2023-10-06T00:06:39.873+0000] {processor.py:829} INFO - Processing file /home/airflow/.local/lib/python3.8/site-packages/airflow/example_dags/example_local_kubernetes_executor.py for tasks to queue
[2023-10-06T00:06:39.874+0000] {logging_mixin.py:151} INFO - [2023-10-06T00:06:39.874+0000] {dagbag.py:539} INFO - Filling up the DagBag from /home/airflow/.local/lib/python3.8/site-packages/airflow/example_dags/example_local_kubernetes_executor.py
[2023-10-06T00:06:39.995+0000] {processor.py:839} INFO - DAG(s) dict_keys(['example_local_kubernetes_executor']) retrieved from /home/airflow/.local/lib/python3.8/site-packages/airflow/example_dags/example_local_kubernetes_executor.py
[2023-10-06T00:06:40.013+0000] {logging_mixin.py:151} INFO - [2023-10-06T00:06:40.012+0000] {dag.py:2907} INFO - Sync 1 DAGs
[2023-10-06T00:06:40.019+0000] {logging_mixin.py:151} INFO - [2023-10-06T00:06:40.019+0000] {dag.py:3677} INFO - Setting next_dagrun for example_local_kubernetes_executor to None, run_after=None
[2023-10-06T00:06:40.030+0000] {processor.py:179} INFO - Processing /home/airflow/.local/lib/python3.8/site-packages/airflow/example_dags/example_local_kubernetes_executor.py took 0.160 seconds
[2023-10-06T00:07:11.212+0000] {processor.py:157} INFO - Started process (PID=91747) to work on /home/airflow/.local/lib/python3.8/site-packages/airflow/example_dags/example_local_kubernetes_executor.py
[2023-10-06T00:07:11.213+0000] {processor.py:829} INFO - Processing file /home/airflow/.local/lib/python3.8/site-packages/airflow/example_dags/example_local_kubernetes_executor.py for tasks to queue
[2023-10-06T00:07:11.214+0000] {logging_mixin.py:151} INFO - [2023-10-06T00:07:11.213+0000] {dagbag.py:539} INFO - Filling up the DagBag from /home/airflow/.local/lib/python3.8/site-packages/airflow/example_dags/example_local_kubernetes_executor.py
[2023-10-06T00:07:11.327+0000] {processor.py:839} INFO - DAG(s) dict_keys(['example_local_kubernetes_executor']) retrieved from /home/airflow/.local/lib/python3.8/site-packages/airflow/example_dags/example_local_kubernetes_executor.py
[2023-10-06T00:07:11.366+0000] {logging_mixin.py:151} INFO - [2023-10-06T00:07:11.366+0000] {dag.py:2907} INFO - Sync 1 DAGs
[2023-10-06T00:07:11.375+0000] {logging_mixin.py:151} INFO - [2023-10-06T00:07:11.375+0000] {dag.py:3677} INFO - Setting next_dagrun for example_local_kubernetes_executor to None, run_after=None
[2023-10-06T00:07:11.393+0000] {processor.py:179} INFO - Processing /home/airflow/.local/lib/python3.8/site-packages/airflow/example_dags/example_local_kubernetes_executor.py took 0.183 seconds
[2023-10-06T00:07:42.184+0000] {processor.py:157} INFO - Started process (PID=91799) to work on /home/airflow/.local/lib/python3.8/site-packages/airflow/example_dags/example_local_kubernetes_executor.py
[2023-10-06T00:07:42.185+0000] {processor.py:829} INFO - Processing file /home/airflow/.local/lib/python3.8/site-packages/airflow/example_dags/example_local_kubernetes_executor.py for tasks to queue
[2023-10-06T00:07:42.186+0000] {logging_mixin.py:151} INFO - [2023-10-06T00:07:42.186+0000] {dagbag.py:539} INFO - Filling up the DagBag from /home/airflow/.local/lib/python3.8/site-packages/airflow/example_dags/example_local_kubernetes_executor.py
[2023-10-06T00:07:42.303+0000] {processor.py:839} INFO - DAG(s) dict_keys(['example_local_kubernetes_executor']) retrieved from /home/airflow/.local/lib/python3.8/site-packages/airflow/example_dags/example_local_kubernetes_executor.py
[2023-10-06T00:07:42.322+0000] {logging_mixin.py:151} INFO - [2023-10-06T00:07:42.322+0000] {dag.py:2907} INFO - Sync 1 DAGs
[2023-10-06T00:07:42.353+0000] {logging_mixin.py:151} INFO - [2023-10-06T00:07:42.352+0000] {dag.py:3677} INFO - Setting next_dagrun for example_local_kubernetes_executor to None, run_after=None
[2023-10-06T00:07:42.467+0000] {processor.py:179} INFO - Processing /home/airflow/.local/lib/python3.8/site-packages/airflow/example_dags/example_local_kubernetes_executor.py took 0.285 seconds
[2023-10-06T00:08:12.757+0000] {processor.py:157} INFO - Started process (PID=91852) to work on /home/airflow/.local/lib/python3.8/site-packages/airflow/example_dags/example_local_kubernetes_executor.py
[2023-10-06T00:08:12.757+0000] {processor.py:829} INFO - Processing file /home/airflow/.local/lib/python3.8/site-packages/airflow/example_dags/example_local_kubernetes_executor.py for tasks to queue
[2023-10-06T00:08:12.759+0000] {logging_mixin.py:151} INFO - [2023-10-06T00:08:12.758+0000] {dagbag.py:539} INFO - Filling up the DagBag from /home/airflow/.local/lib/python3.8/site-packages/airflow/example_dags/example_local_kubernetes_executor.py
[2023-10-06T00:08:12.868+0000] {processor.py:839} INFO - DAG(s) dict_keys(['example_local_kubernetes_executor']) retrieved from /home/airflow/.local/lib/python3.8/site-packages/airflow/example_dags/example_local_kubernetes_executor.py
[2023-10-06T00:08:12.887+0000] {logging_mixin.py:151} INFO - [2023-10-06T00:08:12.887+0000] {dag.py:2907} INFO - Sync 1 DAGs
[2023-10-06T00:08:12.892+0000] {logging_mixin.py:151} INFO - [2023-10-06T00:08:12.892+0000] {dag.py:3677} INFO - Setting next_dagrun for example_local_kubernetes_executor to None, run_after=None
[2023-10-06T00:08:12.904+0000] {processor.py:179} INFO - Processing /home/airflow/.local/lib/python3.8/site-packages/airflow/example_dags/example_local_kubernetes_executor.py took 0.149 seconds
[2023-10-06T00:08:43.378+0000] {processor.py:157} INFO - Started process (PID=91900) to work on /home/airflow/.local/lib/python3.8/site-packages/airflow/example_dags/example_local_kubernetes_executor.py
[2023-10-06T00:08:43.379+0000] {processor.py:829} INFO - Processing file /home/airflow/.local/lib/python3.8/site-packages/airflow/example_dags/example_local_kubernetes_executor.py for tasks to queue
[2023-10-06T00:08:43.380+0000] {logging_mixin.py:151} INFO - [2023-10-06T00:08:43.380+0000] {dagbag.py:539} INFO - Filling up the DagBag from /home/airflow/.local/lib/python3.8/site-packages/airflow/example_dags/example_local_kubernetes_executor.py
[2023-10-06T00:08:43.495+0000] {processor.py:839} INFO - DAG(s) dict_keys(['example_local_kubernetes_executor']) retrieved from /home/airflow/.local/lib/python3.8/site-packages/airflow/example_dags/example_local_kubernetes_executor.py
[2023-10-06T00:08:43.512+0000] {logging_mixin.py:151} INFO - [2023-10-06T00:08:43.511+0000] {dag.py:2907} INFO - Sync 1 DAGs
[2023-10-06T00:08:43.518+0000] {logging_mixin.py:151} INFO - [2023-10-06T00:08:43.518+0000] {dag.py:3677} INFO - Setting next_dagrun for example_local_kubernetes_executor to None, run_after=None
[2023-10-06T00:08:43.530+0000] {processor.py:179} INFO - Processing /home/airflow/.local/lib/python3.8/site-packages/airflow/example_dags/example_local_kubernetes_executor.py took 0.154 seconds
[2023-10-06T00:09:14.139+0000] {processor.py:157} INFO - Started process (PID=91951) to work on /home/airflow/.local/lib/python3.8/site-packages/airflow/example_dags/example_local_kubernetes_executor.py
[2023-10-06T00:09:14.139+0000] {processor.py:829} INFO - Processing file /home/airflow/.local/lib/python3.8/site-packages/airflow/example_dags/example_local_kubernetes_executor.py for tasks to queue
[2023-10-06T00:09:14.141+0000] {logging_mixin.py:151} INFO - [2023-10-06T00:09:14.140+0000] {dagbag.py:539} INFO - Filling up the DagBag from /home/airflow/.local/lib/python3.8/site-packages/airflow/example_dags/example_local_kubernetes_executor.py
[2023-10-06T00:09:14.255+0000] {processor.py:839} INFO - DAG(s) dict_keys(['example_local_kubernetes_executor']) retrieved from /home/airflow/.local/lib/python3.8/site-packages/airflow/example_dags/example_local_kubernetes_executor.py
[2023-10-06T00:09:14.273+0000] {logging_mixin.py:151} INFO - [2023-10-06T00:09:14.272+0000] {dag.py:2907} INFO - Sync 1 DAGs
[2023-10-06T00:09:14.279+0000] {logging_mixin.py:151} INFO - [2023-10-06T00:09:14.279+0000] {dag.py:3677} INFO - Setting next_dagrun for example_local_kubernetes_executor to None, run_after=None
[2023-10-06T00:09:14.291+0000] {processor.py:179} INFO - Processing /home/airflow/.local/lib/python3.8/site-packages/airflow/example_dags/example_local_kubernetes_executor.py took 0.154 seconds
[2023-10-06T00:09:44.771+0000] {processor.py:157} INFO - Started process (PID=92004) to work on /home/airflow/.local/lib/python3.8/site-packages/airflow/example_dags/example_local_kubernetes_executor.py
[2023-10-06T00:09:44.771+0000] {processor.py:829} INFO - Processing file /home/airflow/.local/lib/python3.8/site-packages/airflow/example_dags/example_local_kubernetes_executor.py for tasks to queue
[2023-10-06T00:09:44.772+0000] {logging_mixin.py:151} INFO - [2023-10-06T00:09:44.772+0000] {dagbag.py:539} INFO - Filling up the DagBag from /home/airflow/.local/lib/python3.8/site-packages/airflow/example_dags/example_local_kubernetes_executor.py
[2023-10-06T00:09:44.889+0000] {processor.py:839} INFO - DAG(s) dict_keys(['example_local_kubernetes_executor']) retrieved from /home/airflow/.local/lib/python3.8/site-packages/airflow/example_dags/example_local_kubernetes_executor.py
[2023-10-06T00:09:44.907+0000] {logging_mixin.py:151} INFO - [2023-10-06T00:09:44.906+0000] {dag.py:2907} INFO - Sync 1 DAGs
[2023-10-06T00:09:44.913+0000] {logging_mixin.py:151} INFO - [2023-10-06T00:09:44.913+0000] {dag.py:3677} INFO - Setting next_dagrun for example_local_kubernetes_executor to None, run_after=None
[2023-10-06T00:09:44.924+0000] {processor.py:179} INFO - Processing /home/airflow/.local/lib/python3.8/site-packages/airflow/example_dags/example_local_kubernetes_executor.py took 0.155 seconds
[2023-10-06T00:10:14.946+0000] {processor.py:157} INFO - Started process (PID=92055) to work on /home/airflow/.local/lib/python3.8/site-packages/airflow/example_dags/example_local_kubernetes_executor.py
[2023-10-06T00:10:14.947+0000] {processor.py:829} INFO - Processing file /home/airflow/.local/lib/python3.8/site-packages/airflow/example_dags/example_local_kubernetes_executor.py for tasks to queue
[2023-10-06T00:10:14.948+0000] {logging_mixin.py:151} INFO - [2023-10-06T00:10:14.948+0000] {dagbag.py:539} INFO - Filling up the DagBag from /home/airflow/.local/lib/python3.8/site-packages/airflow/example_dags/example_local_kubernetes_executor.py
[2023-10-06T00:10:15.061+0000] {processor.py:839} INFO - DAG(s) dict_keys(['example_local_kubernetes_executor']) retrieved from /home/airflow/.local/lib/python3.8/site-packages/airflow/example_dags/example_local_kubernetes_executor.py
[2023-10-06T00:10:15.080+0000] {logging_mixin.py:151} INFO - [2023-10-06T00:10:15.079+0000] {dag.py:2907} INFO - Sync 1 DAGs
[2023-10-06T00:10:15.086+0000] {logging_mixin.py:151} INFO - [2023-10-06T00:10:15.086+0000] {dag.py:3677} INFO - Setting next_dagrun for example_local_kubernetes_executor to None, run_after=None
[2023-10-06T00:10:15.097+0000] {processor.py:179} INFO - Processing /home/airflow/.local/lib/python3.8/site-packages/airflow/example_dags/example_local_kubernetes_executor.py took 0.153 seconds
[2023-10-06T00:10:45.535+0000] {processor.py:157} INFO - Started process (PID=92106) to work on /home/airflow/.local/lib/python3.8/site-packages/airflow/example_dags/example_local_kubernetes_executor.py
[2023-10-06T00:10:45.536+0000] {processor.py:829} INFO - Processing file /home/airflow/.local/lib/python3.8/site-packages/airflow/example_dags/example_local_kubernetes_executor.py for tasks to queue
[2023-10-06T00:10:45.537+0000] {logging_mixin.py:151} INFO - [2023-10-06T00:10:45.537+0000] {dagbag.py:539} INFO - Filling up the DagBag from /home/airflow/.local/lib/python3.8/site-packages/airflow/example_dags/example_local_kubernetes_executor.py
[2023-10-06T00:10:45.654+0000] {processor.py:839} INFO - DAG(s) dict_keys(['example_local_kubernetes_executor']) retrieved from /home/airflow/.local/lib/python3.8/site-packages/airflow/example_dags/example_local_kubernetes_executor.py
[2023-10-06T00:10:45.672+0000] {logging_mixin.py:151} INFO - [2023-10-06T00:10:45.671+0000] {dag.py:2907} INFO - Sync 1 DAGs
[2023-10-06T00:10:45.679+0000] {logging_mixin.py:151} INFO - [2023-10-06T00:10:45.679+0000] {dag.py:3677} INFO - Setting next_dagrun for example_local_kubernetes_executor to None, run_after=None
[2023-10-06T00:10:45.690+0000] {processor.py:179} INFO - Processing /home/airflow/.local/lib/python3.8/site-packages/airflow/example_dags/example_local_kubernetes_executor.py took 0.157 seconds
[2023-10-06T00:11:15.719+0000] {processor.py:157} INFO - Started process (PID=92159) to work on /home/airflow/.local/lib/python3.8/site-packages/airflow/example_dags/example_local_kubernetes_executor.py
[2023-10-06T00:11:15.720+0000] {processor.py:829} INFO - Processing file /home/airflow/.local/lib/python3.8/site-packages/airflow/example_dags/example_local_kubernetes_executor.py for tasks to queue
[2023-10-06T00:11:15.721+0000] {logging_mixin.py:151} INFO - [2023-10-06T00:11:15.721+0000] {dagbag.py:539} INFO - Filling up the DagBag from /home/airflow/.local/lib/python3.8/site-packages/airflow/example_dags/example_local_kubernetes_executor.py
[2023-10-06T00:11:15.839+0000] {processor.py:839} INFO - DAG(s) dict_keys(['example_local_kubernetes_executor']) retrieved from /home/airflow/.local/lib/python3.8/site-packages/airflow/example_dags/example_local_kubernetes_executor.py
[2023-10-06T00:11:15.859+0000] {logging_mixin.py:151} INFO - [2023-10-06T00:11:15.859+0000] {dag.py:2907} INFO - Sync 1 DAGs
[2023-10-06T00:11:15.866+0000] {logging_mixin.py:151} INFO - [2023-10-06T00:11:15.866+0000] {dag.py:3677} INFO - Setting next_dagrun for example_local_kubernetes_executor to None, run_after=None
[2023-10-06T00:11:15.876+0000] {processor.py:179} INFO - Processing /home/airflow/.local/lib/python3.8/site-packages/airflow/example_dags/example_local_kubernetes_executor.py took 0.159 seconds
[2023-10-06T00:11:46.489+0000] {processor.py:157} INFO - Started process (PID=92211) to work on /home/airflow/.local/lib/python3.8/site-packages/airflow/example_dags/example_local_kubernetes_executor.py
[2023-10-06T00:11:46.489+0000] {processor.py:829} INFO - Processing file /home/airflow/.local/lib/python3.8/site-packages/airflow/example_dags/example_local_kubernetes_executor.py for tasks to queue
[2023-10-06T00:11:46.490+0000] {logging_mixin.py:151} INFO - [2023-10-06T00:11:46.490+0000] {dagbag.py:539} INFO - Filling up the DagBag from /home/airflow/.local/lib/python3.8/site-packages/airflow/example_dags/example_local_kubernetes_executor.py
[2023-10-06T00:11:46.608+0000] {processor.py:839} INFO - DAG(s) dict_keys(['example_local_kubernetes_executor']) retrieved from /home/airflow/.local/lib/python3.8/site-packages/airflow/example_dags/example_local_kubernetes_executor.py
[2023-10-06T00:11:46.626+0000] {logging_mixin.py:151} INFO - [2023-10-06T00:11:46.626+0000] {dag.py:2907} INFO - Sync 1 DAGs
[2023-10-06T00:11:46.631+0000] {logging_mixin.py:151} INFO - [2023-10-06T00:11:46.631+0000] {dag.py:3677} INFO - Setting next_dagrun for example_local_kubernetes_executor to None, run_after=None
[2023-10-06T00:11:46.642+0000] {processor.py:179} INFO - Processing /home/airflow/.local/lib/python3.8/site-packages/airflow/example_dags/example_local_kubernetes_executor.py took 0.155 seconds
[2023-10-06T00:12:16.744+0000] {processor.py:157} INFO - Started process (PID=92258) to work on /home/airflow/.local/lib/python3.8/site-packages/airflow/example_dags/example_local_kubernetes_executor.py
[2023-10-06T00:12:16.745+0000] {processor.py:829} INFO - Processing file /home/airflow/.local/lib/python3.8/site-packages/airflow/example_dags/example_local_kubernetes_executor.py for tasks to queue
[2023-10-06T00:12:16.746+0000] {logging_mixin.py:151} INFO - [2023-10-06T00:12:16.746+0000] {dagbag.py:539} INFO - Filling up the DagBag from /home/airflow/.local/lib/python3.8/site-packages/airflow/example_dags/example_local_kubernetes_executor.py
[2023-10-06T00:12:16.859+0000] {processor.py:839} INFO - DAG(s) dict_keys(['example_local_kubernetes_executor']) retrieved from /home/airflow/.local/lib/python3.8/site-packages/airflow/example_dags/example_local_kubernetes_executor.py
[2023-10-06T00:12:16.878+0000] {logging_mixin.py:151} INFO - [2023-10-06T00:12:16.877+0000] {dag.py:2907} INFO - Sync 1 DAGs
[2023-10-06T00:12:16.883+0000] {logging_mixin.py:151} INFO - [2023-10-06T00:12:16.883+0000] {dag.py:3677} INFO - Setting next_dagrun for example_local_kubernetes_executor to None, run_after=None
[2023-10-06T00:12:16.895+0000] {processor.py:179} INFO - Processing /home/airflow/.local/lib/python3.8/site-packages/airflow/example_dags/example_local_kubernetes_executor.py took 0.153 seconds
[2023-10-06T00:12:48.161+0000] {processor.py:157} INFO - Started process (PID=92308) to work on /home/airflow/.local/lib/python3.8/site-packages/airflow/example_dags/example_local_kubernetes_executor.py
[2023-10-06T00:12:48.161+0000] {processor.py:829} INFO - Processing file /home/airflow/.local/lib/python3.8/site-packages/airflow/example_dags/example_local_kubernetes_executor.py for tasks to queue
[2023-10-06T00:12:48.163+0000] {logging_mixin.py:151} INFO - [2023-10-06T00:12:48.163+0000] {dagbag.py:539} INFO - Filling up the DagBag from /home/airflow/.local/lib/python3.8/site-packages/airflow/example_dags/example_local_kubernetes_executor.py
[2023-10-06T00:12:48.282+0000] {processor.py:839} INFO - DAG(s) dict_keys(['example_local_kubernetes_executor']) retrieved from /home/airflow/.local/lib/python3.8/site-packages/airflow/example_dags/example_local_kubernetes_executor.py
[2023-10-06T00:12:48.300+0000] {logging_mixin.py:151} INFO - [2023-10-06T00:12:48.299+0000] {dag.py:2907} INFO - Sync 1 DAGs
[2023-10-06T00:12:48.306+0000] {logging_mixin.py:151} INFO - [2023-10-06T00:12:48.306+0000] {dag.py:3677} INFO - Setting next_dagrun for example_local_kubernetes_executor to None, run_after=None
[2023-10-06T00:12:48.317+0000] {processor.py:179} INFO - Processing /home/airflow/.local/lib/python3.8/site-packages/airflow/example_dags/example_local_kubernetes_executor.py took 0.158 seconds
[2023-10-06T00:13:18.495+0000] {processor.py:157} INFO - Started process (PID=92359) to work on /home/airflow/.local/lib/python3.8/site-packages/airflow/example_dags/example_local_kubernetes_executor.py
[2023-10-06T00:13:18.495+0000] {processor.py:829} INFO - Processing file /home/airflow/.local/lib/python3.8/site-packages/airflow/example_dags/example_local_kubernetes_executor.py for tasks to queue
[2023-10-06T00:13:18.497+0000] {logging_mixin.py:151} INFO - [2023-10-06T00:13:18.496+0000] {dagbag.py:539} INFO - Filling up the DagBag from /home/airflow/.local/lib/python3.8/site-packages/airflow/example_dags/example_local_kubernetes_executor.py
[2023-10-06T00:13:18.610+0000] {processor.py:839} INFO - DAG(s) dict_keys(['example_local_kubernetes_executor']) retrieved from /home/airflow/.local/lib/python3.8/site-packages/airflow/example_dags/example_local_kubernetes_executor.py
[2023-10-06T00:13:18.627+0000] {logging_mixin.py:151} INFO - [2023-10-06T00:13:18.627+0000] {dag.py:2907} INFO - Sync 1 DAGs
[2023-10-06T00:13:18.633+0000] {logging_mixin.py:151} INFO - [2023-10-06T00:13:18.633+0000] {dag.py:3677} INFO - Setting next_dagrun for example_local_kubernetes_executor to None, run_after=None
[2023-10-06T00:13:18.644+0000] {processor.py:179} INFO - Processing /home/airflow/.local/lib/python3.8/site-packages/airflow/example_dags/example_local_kubernetes_executor.py took 0.151 seconds
[2023-10-06T00:13:48.949+0000] {processor.py:157} INFO - Started process (PID=92410) to work on /home/airflow/.local/lib/python3.8/site-packages/airflow/example_dags/example_local_kubernetes_executor.py
[2023-10-06T00:13:48.950+0000] {processor.py:829} INFO - Processing file /home/airflow/.local/lib/python3.8/site-packages/airflow/example_dags/example_local_kubernetes_executor.py for tasks to queue
[2023-10-06T00:13:48.951+0000] {logging_mixin.py:151} INFO - [2023-10-06T00:13:48.951+0000] {dagbag.py:539} INFO - Filling up the DagBag from /home/airflow/.local/lib/python3.8/site-packages/airflow/example_dags/example_local_kubernetes_executor.py
[2023-10-06T00:13:49.068+0000] {processor.py:839} INFO - DAG(s) dict_keys(['example_local_kubernetes_executor']) retrieved from /home/airflow/.local/lib/python3.8/site-packages/airflow/example_dags/example_local_kubernetes_executor.py
[2023-10-06T00:13:49.085+0000] {logging_mixin.py:151} INFO - [2023-10-06T00:13:49.084+0000] {dag.py:2907} INFO - Sync 1 DAGs
[2023-10-06T00:13:49.090+0000] {logging_mixin.py:151} INFO - [2023-10-06T00:13:49.090+0000] {dag.py:3677} INFO - Setting next_dagrun for example_local_kubernetes_executor to None, run_after=None
[2023-10-06T00:13:49.101+0000] {processor.py:179} INFO - Processing /home/airflow/.local/lib/python3.8/site-packages/airflow/example_dags/example_local_kubernetes_executor.py took 0.154 seconds
[2023-10-06T00:14:19.328+0000] {processor.py:157} INFO - Started process (PID=92461) to work on /home/airflow/.local/lib/python3.8/site-packages/airflow/example_dags/example_local_kubernetes_executor.py
[2023-10-06T00:14:19.328+0000] {processor.py:829} INFO - Processing file /home/airflow/.local/lib/python3.8/site-packages/airflow/example_dags/example_local_kubernetes_executor.py for tasks to queue
[2023-10-06T00:14:19.330+0000] {logging_mixin.py:151} INFO - [2023-10-06T00:14:19.330+0000] {dagbag.py:539} INFO - Filling up the DagBag from /home/airflow/.local/lib/python3.8/site-packages/airflow/example_dags/example_local_kubernetes_executor.py
[2023-10-06T00:14:19.451+0000] {processor.py:839} INFO - DAG(s) dict_keys(['example_local_kubernetes_executor']) retrieved from /home/airflow/.local/lib/python3.8/site-packages/airflow/example_dags/example_local_kubernetes_executor.py
[2023-10-06T00:14:19.469+0000] {logging_mixin.py:151} INFO - [2023-10-06T00:14:19.469+0000] {dag.py:2907} INFO - Sync 1 DAGs
[2023-10-06T00:14:19.474+0000] {logging_mixin.py:151} INFO - [2023-10-06T00:14:19.474+0000] {dag.py:3677} INFO - Setting next_dagrun for example_local_kubernetes_executor to None, run_after=None
[2023-10-06T00:14:19.484+0000] {processor.py:179} INFO - Processing /home/airflow/.local/lib/python3.8/site-packages/airflow/example_dags/example_local_kubernetes_executor.py took 0.158 seconds
[2023-10-06T00:14:49.949+0000] {processor.py:157} INFO - Started process (PID=92512) to work on /home/airflow/.local/lib/python3.8/site-packages/airflow/example_dags/example_local_kubernetes_executor.py
[2023-10-06T00:14:49.950+0000] {processor.py:829} INFO - Processing file /home/airflow/.local/lib/python3.8/site-packages/airflow/example_dags/example_local_kubernetes_executor.py for tasks to queue
[2023-10-06T00:14:49.952+0000] {logging_mixin.py:151} INFO - [2023-10-06T00:14:49.951+0000] {dagbag.py:539} INFO - Filling up the DagBag from /home/airflow/.local/lib/python3.8/site-packages/airflow/example_dags/example_local_kubernetes_executor.py
[2023-10-06T00:14:50.067+0000] {processor.py:839} INFO - DAG(s) dict_keys(['example_local_kubernetes_executor']) retrieved from /home/airflow/.local/lib/python3.8/site-packages/airflow/example_dags/example_local_kubernetes_executor.py
[2023-10-06T00:14:50.086+0000] {logging_mixin.py:151} INFO - [2023-10-06T00:14:50.085+0000] {dag.py:2907} INFO - Sync 1 DAGs
[2023-10-06T00:14:50.091+0000] {logging_mixin.py:151} INFO - [2023-10-06T00:14:50.091+0000] {dag.py:3677} INFO - Setting next_dagrun for example_local_kubernetes_executor to None, run_after=None
[2023-10-06T00:14:50.102+0000] {processor.py:179} INFO - Processing /home/airflow/.local/lib/python3.8/site-packages/airflow/example_dags/example_local_kubernetes_executor.py took 0.155 seconds
[2023-10-06T00:15:20.641+0000] {processor.py:157} INFO - Started process (PID=92563) to work on /home/airflow/.local/lib/python3.8/site-packages/airflow/example_dags/example_local_kubernetes_executor.py
[2023-10-06T00:15:20.642+0000] {processor.py:829} INFO - Processing file /home/airflow/.local/lib/python3.8/site-packages/airflow/example_dags/example_local_kubernetes_executor.py for tasks to queue
[2023-10-06T00:15:20.643+0000] {logging_mixin.py:151} INFO - [2023-10-06T00:15:20.643+0000] {dagbag.py:539} INFO - Filling up the DagBag from /home/airflow/.local/lib/python3.8/site-packages/airflow/example_dags/example_local_kubernetes_executor.py
[2023-10-06T00:15:20.756+0000] {processor.py:839} INFO - DAG(s) dict_keys(['example_local_kubernetes_executor']) retrieved from /home/airflow/.local/lib/python3.8/site-packages/airflow/example_dags/example_local_kubernetes_executor.py
[2023-10-06T00:15:20.774+0000] {logging_mixin.py:151} INFO - [2023-10-06T00:15:20.774+0000] {dag.py:2907} INFO - Sync 1 DAGs
[2023-10-06T00:15:20.781+0000] {logging_mixin.py:151} INFO - [2023-10-06T00:15:20.780+0000] {dag.py:3677} INFO - Setting next_dagrun for example_local_kubernetes_executor to None, run_after=None
[2023-10-06T00:15:20.792+0000] {processor.py:179} INFO - Processing /home/airflow/.local/lib/python3.8/site-packages/airflow/example_dags/example_local_kubernetes_executor.py took 0.153 seconds
[2023-10-06T00:15:51.422+0000] {processor.py:157} INFO - Started process (PID=92614) to work on /home/airflow/.local/lib/python3.8/site-packages/airflow/example_dags/example_local_kubernetes_executor.py
[2023-10-06T00:15:51.423+0000] {processor.py:829} INFO - Processing file /home/airflow/.local/lib/python3.8/site-packages/airflow/example_dags/example_local_kubernetes_executor.py for tasks to queue
[2023-10-06T00:15:51.424+0000] {logging_mixin.py:151} INFO - [2023-10-06T00:15:51.424+0000] {dagbag.py:539} INFO - Filling up the DagBag from /home/airflow/.local/lib/python3.8/site-packages/airflow/example_dags/example_local_kubernetes_executor.py
[2023-10-06T00:15:51.544+0000] {processor.py:839} INFO - DAG(s) dict_keys(['example_local_kubernetes_executor']) retrieved from /home/airflow/.local/lib/python3.8/site-packages/airflow/example_dags/example_local_kubernetes_executor.py
[2023-10-06T00:15:51.562+0000] {logging_mixin.py:151} INFO - [2023-10-06T00:15:51.561+0000] {dag.py:2907} INFO - Sync 1 DAGs
[2023-10-06T00:15:51.567+0000] {logging_mixin.py:151} INFO - [2023-10-06T00:15:51.567+0000] {dag.py:3677} INFO - Setting next_dagrun for example_local_kubernetes_executor to None, run_after=None
[2023-10-06T00:15:51.578+0000] {processor.py:179} INFO - Processing /home/airflow/.local/lib/python3.8/site-packages/airflow/example_dags/example_local_kubernetes_executor.py took 0.158 seconds
[2023-10-06T00:16:21.892+0000] {processor.py:157} INFO - Started process (PID=92666) to work on /home/airflow/.local/lib/python3.8/site-packages/airflow/example_dags/example_local_kubernetes_executor.py
[2023-10-06T00:16:21.893+0000] {processor.py:829} INFO - Processing file /home/airflow/.local/lib/python3.8/site-packages/airflow/example_dags/example_local_kubernetes_executor.py for tasks to queue
[2023-10-06T00:16:21.894+0000] {logging_mixin.py:151} INFO - [2023-10-06T00:16:21.894+0000] {dagbag.py:539} INFO - Filling up the DagBag from /home/airflow/.local/lib/python3.8/site-packages/airflow/example_dags/example_local_kubernetes_executor.py
[2023-10-06T00:16:22.013+0000] {processor.py:839} INFO - DAG(s) dict_keys(['example_local_kubernetes_executor']) retrieved from /home/airflow/.local/lib/python3.8/site-packages/airflow/example_dags/example_local_kubernetes_executor.py
[2023-10-06T00:16:22.032+0000] {logging_mixin.py:151} INFO - [2023-10-06T00:16:22.032+0000] {dag.py:2907} INFO - Sync 1 DAGs
[2023-10-06T00:16:22.038+0000] {logging_mixin.py:151} INFO - [2023-10-06T00:16:22.038+0000] {dag.py:3677} INFO - Setting next_dagrun for example_local_kubernetes_executor to None, run_after=None
[2023-10-06T00:16:22.049+0000] {processor.py:179} INFO - Processing /home/airflow/.local/lib/python3.8/site-packages/airflow/example_dags/example_local_kubernetes_executor.py took 0.159 seconds
[2023-10-06T00:31:53.210+0000] {processor.py:157} INFO - Started process (PID=92716) to work on /home/airflow/.local/lib/python3.8/site-packages/airflow/example_dags/example_local_kubernetes_executor.py
[2023-10-06T00:31:53.210+0000] {processor.py:829} INFO - Processing file /home/airflow/.local/lib/python3.8/site-packages/airflow/example_dags/example_local_kubernetes_executor.py for tasks to queue
[2023-10-06T00:31:53.211+0000] {logging_mixin.py:151} INFO - [2023-10-06T00:31:53.211+0000] {dagbag.py:539} INFO - Filling up the DagBag from /home/airflow/.local/lib/python3.8/site-packages/airflow/example_dags/example_local_kubernetes_executor.py
[2023-10-06T00:31:53.326+0000] {processor.py:839} INFO - DAG(s) dict_keys(['example_local_kubernetes_executor']) retrieved from /home/airflow/.local/lib/python3.8/site-packages/airflow/example_dags/example_local_kubernetes_executor.py
[2023-10-06T00:31:53.344+0000] {logging_mixin.py:151} INFO - [2023-10-06T00:31:53.344+0000] {dag.py:2907} INFO - Sync 1 DAGs
[2023-10-06T00:31:53.352+0000] {logging_mixin.py:151} INFO - [2023-10-06T00:31:53.352+0000] {dag.py:3677} INFO - Setting next_dagrun for example_local_kubernetes_executor to None, run_after=None
[2023-10-06T00:31:53.367+0000] {processor.py:179} INFO - Processing /home/airflow/.local/lib/python3.8/site-packages/airflow/example_dags/example_local_kubernetes_executor.py took 0.160 seconds
[2023-10-06T00:32:23.905+0000] {processor.py:157} INFO - Started process (PID=92767) to work on /home/airflow/.local/lib/python3.8/site-packages/airflow/example_dags/example_local_kubernetes_executor.py
[2023-10-06T00:32:23.906+0000] {processor.py:829} INFO - Processing file /home/airflow/.local/lib/python3.8/site-packages/airflow/example_dags/example_local_kubernetes_executor.py for tasks to queue
[2023-10-06T00:32:23.907+0000] {logging_mixin.py:151} INFO - [2023-10-06T00:32:23.907+0000] {dagbag.py:539} INFO - Filling up the DagBag from /home/airflow/.local/lib/python3.8/site-packages/airflow/example_dags/example_local_kubernetes_executor.py
[2023-10-06T00:32:24.023+0000] {processor.py:839} INFO - DAG(s) dict_keys(['example_local_kubernetes_executor']) retrieved from /home/airflow/.local/lib/python3.8/site-packages/airflow/example_dags/example_local_kubernetes_executor.py
[2023-10-06T00:32:24.039+0000] {logging_mixin.py:151} INFO - [2023-10-06T00:32:24.039+0000] {dag.py:2907} INFO - Sync 1 DAGs
[2023-10-06T00:32:24.045+0000] {logging_mixin.py:151} INFO - [2023-10-06T00:32:24.045+0000] {dag.py:3677} INFO - Setting next_dagrun for example_local_kubernetes_executor to None, run_after=None
[2023-10-06T00:32:24.057+0000] {processor.py:179} INFO - Processing /home/airflow/.local/lib/python3.8/site-packages/airflow/example_dags/example_local_kubernetes_executor.py took 0.154 seconds
[2023-10-06T00:37:51.908+0000] {processor.py:157} INFO - Started process (PID=92818) to work on /home/airflow/.local/lib/python3.8/site-packages/airflow/example_dags/example_local_kubernetes_executor.py
[2023-10-06T00:37:51.909+0000] {processor.py:829} INFO - Processing file /home/airflow/.local/lib/python3.8/site-packages/airflow/example_dags/example_local_kubernetes_executor.py for tasks to queue
[2023-10-06T00:37:51.910+0000] {logging_mixin.py:151} INFO - [2023-10-06T00:37:51.910+0000] {dagbag.py:539} INFO - Filling up the DagBag from /home/airflow/.local/lib/python3.8/site-packages/airflow/example_dags/example_local_kubernetes_executor.py
[2023-10-06T00:37:52.063+0000] {processor.py:839} INFO - DAG(s) dict_keys(['example_local_kubernetes_executor']) retrieved from /home/airflow/.local/lib/python3.8/site-packages/airflow/example_dags/example_local_kubernetes_executor.py
[2023-10-06T00:37:52.081+0000] {logging_mixin.py:151} INFO - [2023-10-06T00:37:52.081+0000] {dag.py:2907} INFO - Sync 1 DAGs
[2023-10-06T00:37:52.087+0000] {logging_mixin.py:151} INFO - [2023-10-06T00:37:52.087+0000] {dag.py:3677} INFO - Setting next_dagrun for example_local_kubernetes_executor to None, run_after=None
[2023-10-06T00:37:52.099+0000] {processor.py:179} INFO - Processing /home/airflow/.local/lib/python3.8/site-packages/airflow/example_dags/example_local_kubernetes_executor.py took 0.193 seconds
[2023-10-06T00:43:20.548+0000] {processor.py:157} INFO - Started process (PID=92869) to work on /home/airflow/.local/lib/python3.8/site-packages/airflow/example_dags/example_local_kubernetes_executor.py
[2023-10-06T00:43:20.549+0000] {processor.py:829} INFO - Processing file /home/airflow/.local/lib/python3.8/site-packages/airflow/example_dags/example_local_kubernetes_executor.py for tasks to queue
[2023-10-06T00:43:20.551+0000] {logging_mixin.py:151} INFO - [2023-10-06T00:43:20.550+0000] {dagbag.py:539} INFO - Filling up the DagBag from /home/airflow/.local/lib/python3.8/site-packages/airflow/example_dags/example_local_kubernetes_executor.py
[2023-10-06T00:43:20.669+0000] {processor.py:839} INFO - DAG(s) dict_keys(['example_local_kubernetes_executor']) retrieved from /home/airflow/.local/lib/python3.8/site-packages/airflow/example_dags/example_local_kubernetes_executor.py
[2023-10-06T00:43:20.696+0000] {logging_mixin.py:151} INFO - [2023-10-06T00:43:20.696+0000] {dag.py:2907} INFO - Sync 1 DAGs
[2023-10-06T00:43:20.701+0000] {logging_mixin.py:151} INFO - [2023-10-06T00:43:20.701+0000] {dag.py:3677} INFO - Setting next_dagrun for example_local_kubernetes_executor to None, run_after=None
[2023-10-06T00:43:20.712+0000] {processor.py:179} INFO - Processing /home/airflow/.local/lib/python3.8/site-packages/airflow/example_dags/example_local_kubernetes_executor.py took 0.166 seconds
[2023-10-06T00:43:51.080+0000] {processor.py:157} INFO - Started process (PID=92920) to work on /home/airflow/.local/lib/python3.8/site-packages/airflow/example_dags/example_local_kubernetes_executor.py
[2023-10-06T00:43:51.081+0000] {processor.py:829} INFO - Processing file /home/airflow/.local/lib/python3.8/site-packages/airflow/example_dags/example_local_kubernetes_executor.py for tasks to queue
[2023-10-06T00:43:51.082+0000] {logging_mixin.py:151} INFO - [2023-10-06T00:43:51.082+0000] {dagbag.py:539} INFO - Filling up the DagBag from /home/airflow/.local/lib/python3.8/site-packages/airflow/example_dags/example_local_kubernetes_executor.py
[2023-10-06T00:43:51.210+0000] {processor.py:839} INFO - DAG(s) dict_keys(['example_local_kubernetes_executor']) retrieved from /home/airflow/.local/lib/python3.8/site-packages/airflow/example_dags/example_local_kubernetes_executor.py
[2023-10-06T00:43:51.228+0000] {logging_mixin.py:151} INFO - [2023-10-06T00:43:51.227+0000] {dag.py:2907} INFO - Sync 1 DAGs
[2023-10-06T00:43:51.235+0000] {logging_mixin.py:151} INFO - [2023-10-06T00:43:51.234+0000] {dag.py:3677} INFO - Setting next_dagrun for example_local_kubernetes_executor to None, run_after=None
[2023-10-06T00:43:51.244+0000] {processor.py:179} INFO - Processing /home/airflow/.local/lib/python3.8/site-packages/airflow/example_dags/example_local_kubernetes_executor.py took 0.166 seconds
[2023-10-06T00:49:19.595+0000] {processor.py:157} INFO - Started process (PID=92971) to work on /home/airflow/.local/lib/python3.8/site-packages/airflow/example_dags/example_local_kubernetes_executor.py
[2023-10-06T00:49:19.596+0000] {processor.py:829} INFO - Processing file /home/airflow/.local/lib/python3.8/site-packages/airflow/example_dags/example_local_kubernetes_executor.py for tasks to queue
[2023-10-06T00:49:19.597+0000] {logging_mixin.py:151} INFO - [2023-10-06T00:49:19.597+0000] {dagbag.py:539} INFO - Filling up the DagBag from /home/airflow/.local/lib/python3.8/site-packages/airflow/example_dags/example_local_kubernetes_executor.py
[2023-10-06T00:49:19.721+0000] {processor.py:839} INFO - DAG(s) dict_keys(['example_local_kubernetes_executor']) retrieved from /home/airflow/.local/lib/python3.8/site-packages/airflow/example_dags/example_local_kubernetes_executor.py
[2023-10-06T00:49:19.740+0000] {logging_mixin.py:151} INFO - [2023-10-06T00:49:19.740+0000] {dag.py:2907} INFO - Sync 1 DAGs
[2023-10-06T00:49:19.747+0000] {logging_mixin.py:151} INFO - [2023-10-06T00:49:19.746+0000] {dag.py:3677} INFO - Setting next_dagrun for example_local_kubernetes_executor to None, run_after=None
[2023-10-06T00:49:19.758+0000] {processor.py:179} INFO - Processing /home/airflow/.local/lib/python3.8/site-packages/airflow/example_dags/example_local_kubernetes_executor.py took 0.165 seconds
[2023-10-06T00:54:48.415+0000] {processor.py:157} INFO - Started process (PID=93022) to work on /home/airflow/.local/lib/python3.8/site-packages/airflow/example_dags/example_local_kubernetes_executor.py
[2023-10-06T00:54:48.416+0000] {processor.py:829} INFO - Processing file /home/airflow/.local/lib/python3.8/site-packages/airflow/example_dags/example_local_kubernetes_executor.py for tasks to queue
[2023-10-06T00:54:48.417+0000] {logging_mixin.py:151} INFO - [2023-10-06T00:54:48.417+0000] {dagbag.py:539} INFO - Filling up the DagBag from /home/airflow/.local/lib/python3.8/site-packages/airflow/example_dags/example_local_kubernetes_executor.py
[2023-10-06T00:54:48.554+0000] {processor.py:839} INFO - DAG(s) dict_keys(['example_local_kubernetes_executor']) retrieved from /home/airflow/.local/lib/python3.8/site-packages/airflow/example_dags/example_local_kubernetes_executor.py
[2023-10-06T00:54:48.575+0000] {logging_mixin.py:151} INFO - [2023-10-06T00:54:48.575+0000] {dag.py:2907} INFO - Sync 1 DAGs
[2023-10-06T00:54:48.581+0000] {logging_mixin.py:151} INFO - [2023-10-06T00:54:48.581+0000] {dag.py:3677} INFO - Setting next_dagrun for example_local_kubernetes_executor to None, run_after=None
[2023-10-06T00:54:48.593+0000] {processor.py:179} INFO - Processing /home/airflow/.local/lib/python3.8/site-packages/airflow/example_dags/example_local_kubernetes_executor.py took 0.180 seconds
[2023-10-06T00:55:19.352+0000] {processor.py:157} INFO - Started process (PID=93073) to work on /home/airflow/.local/lib/python3.8/site-packages/airflow/example_dags/example_local_kubernetes_executor.py
[2023-10-06T00:55:19.352+0000] {processor.py:829} INFO - Processing file /home/airflow/.local/lib/python3.8/site-packages/airflow/example_dags/example_local_kubernetes_executor.py for tasks to queue
[2023-10-06T00:55:19.354+0000] {logging_mixin.py:151} INFO - [2023-10-06T00:55:19.353+0000] {dagbag.py:539} INFO - Filling up the DagBag from /home/airflow/.local/lib/python3.8/site-packages/airflow/example_dags/example_local_kubernetes_executor.py
[2023-10-06T00:55:19.471+0000] {processor.py:839} INFO - DAG(s) dict_keys(['example_local_kubernetes_executor']) retrieved from /home/airflow/.local/lib/python3.8/site-packages/airflow/example_dags/example_local_kubernetes_executor.py
[2023-10-06T00:55:19.489+0000] {logging_mixin.py:151} INFO - [2023-10-06T00:55:19.489+0000] {dag.py:2907} INFO - Sync 1 DAGs
[2023-10-06T00:55:19.494+0000] {logging_mixin.py:151} INFO - [2023-10-06T00:55:19.494+0000] {dag.py:3677} INFO - Setting next_dagrun for example_local_kubernetes_executor to None, run_after=None
[2023-10-06T00:55:19.505+0000] {processor.py:179} INFO - Processing /home/airflow/.local/lib/python3.8/site-packages/airflow/example_dags/example_local_kubernetes_executor.py took 0.156 seconds
[2023-10-06T00:55:49.700+0000] {processor.py:157} INFO - Started process (PID=93124) to work on /home/airflow/.local/lib/python3.8/site-packages/airflow/example_dags/example_local_kubernetes_executor.py
[2023-10-06T00:55:49.700+0000] {processor.py:829} INFO - Processing file /home/airflow/.local/lib/python3.8/site-packages/airflow/example_dags/example_local_kubernetes_executor.py for tasks to queue
[2023-10-06T00:55:49.702+0000] {logging_mixin.py:151} INFO - [2023-10-06T00:55:49.701+0000] {dagbag.py:539} INFO - Filling up the DagBag from /home/airflow/.local/lib/python3.8/site-packages/airflow/example_dags/example_local_kubernetes_executor.py
[2023-10-06T00:55:49.818+0000] {processor.py:839} INFO - DAG(s) dict_keys(['example_local_kubernetes_executor']) retrieved from /home/airflow/.local/lib/python3.8/site-packages/airflow/example_dags/example_local_kubernetes_executor.py
[2023-10-06T00:55:49.836+0000] {logging_mixin.py:151} INFO - [2023-10-06T00:55:49.835+0000] {dag.py:2907} INFO - Sync 1 DAGs
[2023-10-06T00:55:49.841+0000] {logging_mixin.py:151} INFO - [2023-10-06T00:55:49.841+0000] {dag.py:3677} INFO - Setting next_dagrun for example_local_kubernetes_executor to None, run_after=None
[2023-10-06T00:55:49.851+0000] {processor.py:179} INFO - Processing /home/airflow/.local/lib/python3.8/site-packages/airflow/example_dags/example_local_kubernetes_executor.py took 0.154 seconds
[2023-10-06T00:56:20.573+0000] {processor.py:157} INFO - Started process (PID=93175) to work on /home/airflow/.local/lib/python3.8/site-packages/airflow/example_dags/example_local_kubernetes_executor.py
[2023-10-06T00:56:20.574+0000] {processor.py:829} INFO - Processing file /home/airflow/.local/lib/python3.8/site-packages/airflow/example_dags/example_local_kubernetes_executor.py for tasks to queue
[2023-10-06T00:56:20.575+0000] {logging_mixin.py:151} INFO - [2023-10-06T00:56:20.575+0000] {dagbag.py:539} INFO - Filling up the DagBag from /home/airflow/.local/lib/python3.8/site-packages/airflow/example_dags/example_local_kubernetes_executor.py
[2023-10-06T00:56:20.690+0000] {processor.py:839} INFO - DAG(s) dict_keys(['example_local_kubernetes_executor']) retrieved from /home/airflow/.local/lib/python3.8/site-packages/airflow/example_dags/example_local_kubernetes_executor.py
[2023-10-06T00:56:20.708+0000] {logging_mixin.py:151} INFO - [2023-10-06T00:56:20.708+0000] {dag.py:2907} INFO - Sync 1 DAGs
[2023-10-06T00:56:20.714+0000] {logging_mixin.py:151} INFO - [2023-10-06T00:56:20.714+0000] {dag.py:3677} INFO - Setting next_dagrun for example_local_kubernetes_executor to None, run_after=None
[2023-10-06T00:56:20.728+0000] {processor.py:179} INFO - Processing /home/airflow/.local/lib/python3.8/site-packages/airflow/example_dags/example_local_kubernetes_executor.py took 0.157 seconds
[2023-10-06T00:56:50.892+0000] {processor.py:157} INFO - Started process (PID=93226) to work on /home/airflow/.local/lib/python3.8/site-packages/airflow/example_dags/example_local_kubernetes_executor.py
[2023-10-06T00:56:50.893+0000] {processor.py:829} INFO - Processing file /home/airflow/.local/lib/python3.8/site-packages/airflow/example_dags/example_local_kubernetes_executor.py for tasks to queue
[2023-10-06T00:56:50.894+0000] {logging_mixin.py:151} INFO - [2023-10-06T00:56:50.894+0000] {dagbag.py:539} INFO - Filling up the DagBag from /home/airflow/.local/lib/python3.8/site-packages/airflow/example_dags/example_local_kubernetes_executor.py
[2023-10-06T00:56:51.011+0000] {processor.py:839} INFO - DAG(s) dict_keys(['example_local_kubernetes_executor']) retrieved from /home/airflow/.local/lib/python3.8/site-packages/airflow/example_dags/example_local_kubernetes_executor.py
[2023-10-06T00:56:51.027+0000] {logging_mixin.py:151} INFO - [2023-10-06T00:56:51.027+0000] {dag.py:2907} INFO - Sync 1 DAGs
[2023-10-06T00:56:51.033+0000] {logging_mixin.py:151} INFO - [2023-10-06T00:56:51.033+0000] {dag.py:3677} INFO - Setting next_dagrun for example_local_kubernetes_executor to None, run_after=None
[2023-10-06T00:56:51.044+0000] {processor.py:179} INFO - Processing /home/airflow/.local/lib/python3.8/site-packages/airflow/example_dags/example_local_kubernetes_executor.py took 0.154 seconds
[2023-10-06T01:04:00.479+0000] {processor.py:157} INFO - Started process (PID=93277) to work on /home/airflow/.local/lib/python3.8/site-packages/airflow/example_dags/example_local_kubernetes_executor.py
[2023-10-06T01:04:00.480+0000] {processor.py:829} INFO - Processing file /home/airflow/.local/lib/python3.8/site-packages/airflow/example_dags/example_local_kubernetes_executor.py for tasks to queue
[2023-10-06T01:04:00.481+0000] {logging_mixin.py:151} INFO - [2023-10-06T01:04:00.481+0000] {dagbag.py:539} INFO - Filling up the DagBag from /home/airflow/.local/lib/python3.8/site-packages/airflow/example_dags/example_local_kubernetes_executor.py
[2023-10-06T01:04:00.613+0000] {processor.py:839} INFO - DAG(s) dict_keys(['example_local_kubernetes_executor']) retrieved from /home/airflow/.local/lib/python3.8/site-packages/airflow/example_dags/example_local_kubernetes_executor.py
[2023-10-06T01:04:00.633+0000] {logging_mixin.py:151} INFO - [2023-10-06T01:04:00.632+0000] {dag.py:2907} INFO - Sync 1 DAGs
[2023-10-06T01:04:00.638+0000] {logging_mixin.py:151} INFO - [2023-10-06T01:04:00.638+0000] {dag.py:3677} INFO - Setting next_dagrun for example_local_kubernetes_executor to None, run_after=None
[2023-10-06T01:04:00.648+0000] {processor.py:179} INFO - Processing /home/airflow/.local/lib/python3.8/site-packages/airflow/example_dags/example_local_kubernetes_executor.py took 0.172 seconds
[2023-10-06T01:48:00.013+0000] {processor.py:157} INFO - Started process (PID=93328) to work on /home/airflow/.local/lib/python3.8/site-packages/airflow/example_dags/example_local_kubernetes_executor.py
[2023-10-06T01:48:00.014+0000] {processor.py:829} INFO - Processing file /home/airflow/.local/lib/python3.8/site-packages/airflow/example_dags/example_local_kubernetes_executor.py for tasks to queue
[2023-10-06T01:48:00.015+0000] {logging_mixin.py:151} INFO - [2023-10-06T01:48:00.015+0000] {dagbag.py:539} INFO - Filling up the DagBag from /home/airflow/.local/lib/python3.8/site-packages/airflow/example_dags/example_local_kubernetes_executor.py
[2023-10-06T01:48:00.147+0000] {processor.py:839} INFO - DAG(s) dict_keys(['example_local_kubernetes_executor']) retrieved from /home/airflow/.local/lib/python3.8/site-packages/airflow/example_dags/example_local_kubernetes_executor.py
[2023-10-06T01:48:00.170+0000] {logging_mixin.py:151} INFO - [2023-10-06T01:48:00.170+0000] {dag.py:2907} INFO - Sync 1 DAGs
[2023-10-06T01:48:00.177+0000] {logging_mixin.py:151} INFO - [2023-10-06T01:48:00.177+0000] {dag.py:3677} INFO - Setting next_dagrun for example_local_kubernetes_executor to None, run_after=None
[2023-10-06T01:48:00.189+0000] {processor.py:179} INFO - Processing /home/airflow/.local/lib/python3.8/site-packages/airflow/example_dags/example_local_kubernetes_executor.py took 0.178 seconds
[2023-10-06T03:12:11.764+0000] {processor.py:157} INFO - Started process (PID=93379) to work on /home/airflow/.local/lib/python3.8/site-packages/airflow/example_dags/example_local_kubernetes_executor.py
[2023-10-06T03:12:11.765+0000] {processor.py:829} INFO - Processing file /home/airflow/.local/lib/python3.8/site-packages/airflow/example_dags/example_local_kubernetes_executor.py for tasks to queue
[2023-10-06T03:12:11.766+0000] {logging_mixin.py:151} INFO - [2023-10-06T03:12:11.766+0000] {dagbag.py:539} INFO - Filling up the DagBag from /home/airflow/.local/lib/python3.8/site-packages/airflow/example_dags/example_local_kubernetes_executor.py
[2023-10-06T03:12:11.904+0000] {processor.py:839} INFO - DAG(s) dict_keys(['example_local_kubernetes_executor']) retrieved from /home/airflow/.local/lib/python3.8/site-packages/airflow/example_dags/example_local_kubernetes_executor.py
[2023-10-06T03:12:11.927+0000] {logging_mixin.py:151} INFO - [2023-10-06T03:12:11.927+0000] {dag.py:2907} INFO - Sync 1 DAGs
[2023-10-06T03:12:11.933+0000] {logging_mixin.py:151} INFO - [2023-10-06T03:12:11.933+0000] {dag.py:3677} INFO - Setting next_dagrun for example_local_kubernetes_executor to None, run_after=None
[2023-10-06T03:12:11.953+0000] {processor.py:179} INFO - Processing /home/airflow/.local/lib/python3.8/site-packages/airflow/example_dags/example_local_kubernetes_executor.py took 0.191 seconds
[2023-10-06T04:32:22.752+0000] {processor.py:157} INFO - Started process (PID=93430) to work on /home/airflow/.local/lib/python3.8/site-packages/airflow/example_dags/example_local_kubernetes_executor.py
[2023-10-06T04:32:22.753+0000] {processor.py:829} INFO - Processing file /home/airflow/.local/lib/python3.8/site-packages/airflow/example_dags/example_local_kubernetes_executor.py for tasks to queue
[2023-10-06T04:32:22.754+0000] {logging_mixin.py:151} INFO - [2023-10-06T04:32:22.754+0000] {dagbag.py:539} INFO - Filling up the DagBag from /home/airflow/.local/lib/python3.8/site-packages/airflow/example_dags/example_local_kubernetes_executor.py
[2023-10-06T04:32:22.880+0000] {processor.py:839} INFO - DAG(s) dict_keys(['example_local_kubernetes_executor']) retrieved from /home/airflow/.local/lib/python3.8/site-packages/airflow/example_dags/example_local_kubernetes_executor.py
[2023-10-06T04:32:22.903+0000] {logging_mixin.py:151} INFO - [2023-10-06T04:32:22.903+0000] {dag.py:2907} INFO - Sync 1 DAGs
[2023-10-06T04:32:22.909+0000] {logging_mixin.py:151} INFO - [2023-10-06T04:32:22.909+0000] {dag.py:3677} INFO - Setting next_dagrun for example_local_kubernetes_executor to None, run_after=None
[2023-10-06T04:32:22.919+0000] {processor.py:179} INFO - Processing /home/airflow/.local/lib/python3.8/site-packages/airflow/example_dags/example_local_kubernetes_executor.py took 0.168 seconds
[2023-10-06T05:56:32.199+0000] {processor.py:157} INFO - Started process (PID=93481) to work on /home/airflow/.local/lib/python3.8/site-packages/airflow/example_dags/example_local_kubernetes_executor.py
[2023-10-06T05:56:32.199+0000] {processor.py:829} INFO - Processing file /home/airflow/.local/lib/python3.8/site-packages/airflow/example_dags/example_local_kubernetes_executor.py for tasks to queue
[2023-10-06T05:56:32.201+0000] {logging_mixin.py:151} INFO - [2023-10-06T05:56:32.200+0000] {dagbag.py:539} INFO - Filling up the DagBag from /home/airflow/.local/lib/python3.8/site-packages/airflow/example_dags/example_local_kubernetes_executor.py
[2023-10-06T05:56:32.325+0000] {processor.py:839} INFO - DAG(s) dict_keys(['example_local_kubernetes_executor']) retrieved from /home/airflow/.local/lib/python3.8/site-packages/airflow/example_dags/example_local_kubernetes_executor.py
[2023-10-06T05:56:32.342+0000] {logging_mixin.py:151} INFO - [2023-10-06T05:56:32.342+0000] {dag.py:2907} INFO - Sync 1 DAGs
[2023-10-06T05:56:32.347+0000] {logging_mixin.py:151} INFO - [2023-10-06T05:56:32.347+0000] {dag.py:3677} INFO - Setting next_dagrun for example_local_kubernetes_executor to None, run_after=None
[2023-10-06T05:56:32.358+0000] {processor.py:179} INFO - Processing /home/airflow/.local/lib/python3.8/site-packages/airflow/example_dags/example_local_kubernetes_executor.py took 0.161 seconds
[2023-10-06T07:21:28.506+0000] {processor.py:157} INFO - Started process (PID=93532) to work on /home/airflow/.local/lib/python3.8/site-packages/airflow/example_dags/example_local_kubernetes_executor.py
[2023-10-06T07:21:28.506+0000] {processor.py:829} INFO - Processing file /home/airflow/.local/lib/python3.8/site-packages/airflow/example_dags/example_local_kubernetes_executor.py for tasks to queue
[2023-10-06T07:21:28.508+0000] {logging_mixin.py:151} INFO - [2023-10-06T07:21:28.507+0000] {dagbag.py:539} INFO - Filling up the DagBag from /home/airflow/.local/lib/python3.8/site-packages/airflow/example_dags/example_local_kubernetes_executor.py
[2023-10-06T07:21:28.639+0000] {processor.py:839} INFO - DAG(s) dict_keys(['example_local_kubernetes_executor']) retrieved from /home/airflow/.local/lib/python3.8/site-packages/airflow/example_dags/example_local_kubernetes_executor.py
[2023-10-06T07:21:28.661+0000] {logging_mixin.py:151} INFO - [2023-10-06T07:21:28.660+0000] {dag.py:2907} INFO - Sync 1 DAGs
[2023-10-06T07:21:28.667+0000] {logging_mixin.py:151} INFO - [2023-10-06T07:21:28.667+0000] {dag.py:3677} INFO - Setting next_dagrun for example_local_kubernetes_executor to None, run_after=None
[2023-10-06T07:21:28.679+0000] {processor.py:179} INFO - Processing /home/airflow/.local/lib/python3.8/site-packages/airflow/example_dags/example_local_kubernetes_executor.py took 0.175 seconds
[2023-10-06T08:42:33.870+0000] {processor.py:157} INFO - Started process (PID=93583) to work on /home/airflow/.local/lib/python3.8/site-packages/airflow/example_dags/example_local_kubernetes_executor.py
[2023-10-06T08:42:33.871+0000] {processor.py:829} INFO - Processing file /home/airflow/.local/lib/python3.8/site-packages/airflow/example_dags/example_local_kubernetes_executor.py for tasks to queue
[2023-10-06T08:42:33.872+0000] {logging_mixin.py:151} INFO - [2023-10-06T08:42:33.872+0000] {dagbag.py:539} INFO - Filling up the DagBag from /home/airflow/.local/lib/python3.8/site-packages/airflow/example_dags/example_local_kubernetes_executor.py
[2023-10-06T08:42:33.997+0000] {processor.py:839} INFO - DAG(s) dict_keys(['example_local_kubernetes_executor']) retrieved from /home/airflow/.local/lib/python3.8/site-packages/airflow/example_dags/example_local_kubernetes_executor.py
[2023-10-06T08:42:34.015+0000] {logging_mixin.py:151} INFO - [2023-10-06T08:42:34.015+0000] {dag.py:2907} INFO - Sync 1 DAGs
[2023-10-06T08:42:34.022+0000] {logging_mixin.py:151} INFO - [2023-10-06T08:42:34.022+0000] {dag.py:3677} INFO - Setting next_dagrun for example_local_kubernetes_executor to None, run_after=None
[2023-10-06T08:42:34.118+0000] {processor.py:179} INFO - Processing /home/airflow/.local/lib/python3.8/site-packages/airflow/example_dags/example_local_kubernetes_executor.py took 0.250 seconds
[2023-10-06T10:05:56.989+0000] {processor.py:157} INFO - Started process (PID=93634) to work on /home/airflow/.local/lib/python3.8/site-packages/airflow/example_dags/example_local_kubernetes_executor.py
[2023-10-06T10:05:56.989+0000] {processor.py:829} INFO - Processing file /home/airflow/.local/lib/python3.8/site-packages/airflow/example_dags/example_local_kubernetes_executor.py for tasks to queue
[2023-10-06T10:05:56.990+0000] {logging_mixin.py:151} INFO - [2023-10-06T10:05:56.990+0000] {dagbag.py:539} INFO - Filling up the DagBag from /home/airflow/.local/lib/python3.8/site-packages/airflow/example_dags/example_local_kubernetes_executor.py
[2023-10-06T10:05:57.111+0000] {processor.py:839} INFO - DAG(s) dict_keys(['example_local_kubernetes_executor']) retrieved from /home/airflow/.local/lib/python3.8/site-packages/airflow/example_dags/example_local_kubernetes_executor.py
[2023-10-06T10:05:57.130+0000] {logging_mixin.py:151} INFO - [2023-10-06T10:05:57.129+0000] {dag.py:2907} INFO - Sync 1 DAGs
[2023-10-06T10:05:57.136+0000] {logging_mixin.py:151} INFO - [2023-10-06T10:05:57.136+0000] {dag.py:3677} INFO - Setting next_dagrun for example_local_kubernetes_executor to None, run_after=None
[2023-10-06T10:05:57.147+0000] {processor.py:179} INFO - Processing /home/airflow/.local/lib/python3.8/site-packages/airflow/example_dags/example_local_kubernetes_executor.py took 0.161 seconds
[2023-10-06T11:25:35.136+0000] {processor.py:157} INFO - Started process (PID=93685) to work on /home/airflow/.local/lib/python3.8/site-packages/airflow/example_dags/example_local_kubernetes_executor.py
[2023-10-06T11:25:35.136+0000] {processor.py:829} INFO - Processing file /home/airflow/.local/lib/python3.8/site-packages/airflow/example_dags/example_local_kubernetes_executor.py for tasks to queue
[2023-10-06T11:25:35.138+0000] {logging_mixin.py:151} INFO - [2023-10-06T11:25:35.138+0000] {dagbag.py:539} INFO - Filling up the DagBag from /home/airflow/.local/lib/python3.8/site-packages/airflow/example_dags/example_local_kubernetes_executor.py
[2023-10-06T11:25:35.256+0000] {processor.py:839} INFO - DAG(s) dict_keys(['example_local_kubernetes_executor']) retrieved from /home/airflow/.local/lib/python3.8/site-packages/airflow/example_dags/example_local_kubernetes_executor.py
[2023-10-06T11:25:35.273+0000] {logging_mixin.py:151} INFO - [2023-10-06T11:25:35.273+0000] {dag.py:2907} INFO - Sync 1 DAGs
[2023-10-06T11:25:35.278+0000] {logging_mixin.py:151} INFO - [2023-10-06T11:25:35.278+0000] {dag.py:3677} INFO - Setting next_dagrun for example_local_kubernetes_executor to None, run_after=None
[2023-10-06T11:25:35.289+0000] {processor.py:179} INFO - Processing /home/airflow/.local/lib/python3.8/site-packages/airflow/example_dags/example_local_kubernetes_executor.py took 0.155 seconds
[2023-10-06T12:28:47.072+0000] {processor.py:157} INFO - Started process (PID=93736) to work on /home/airflow/.local/lib/python3.8/site-packages/airflow/example_dags/example_local_kubernetes_executor.py
[2023-10-06T12:28:47.073+0000] {processor.py:829} INFO - Processing file /home/airflow/.local/lib/python3.8/site-packages/airflow/example_dags/example_local_kubernetes_executor.py for tasks to queue
[2023-10-06T12:28:47.074+0000] {logging_mixin.py:151} INFO - [2023-10-06T12:28:47.074+0000] {dagbag.py:539} INFO - Filling up the DagBag from /home/airflow/.local/lib/python3.8/site-packages/airflow/example_dags/example_local_kubernetes_executor.py
[2023-10-06T12:28:47.192+0000] {processor.py:839} INFO - DAG(s) dict_keys(['example_local_kubernetes_executor']) retrieved from /home/airflow/.local/lib/python3.8/site-packages/airflow/example_dags/example_local_kubernetes_executor.py
[2023-10-06T12:28:47.210+0000] {logging_mixin.py:151} INFO - [2023-10-06T12:28:47.210+0000] {dag.py:2907} INFO - Sync 1 DAGs
[2023-10-06T12:28:47.216+0000] {logging_mixin.py:151} INFO - [2023-10-06T12:28:47.216+0000] {dag.py:3677} INFO - Setting next_dagrun for example_local_kubernetes_executor to None, run_after=None
[2023-10-06T12:28:47.227+0000] {processor.py:179} INFO - Processing /home/airflow/.local/lib/python3.8/site-packages/airflow/example_dags/example_local_kubernetes_executor.py took 0.157 seconds
[2023-10-06T12:39:00.521+0000] {processor.py:157} INFO - Started process (PID=93787) to work on /home/airflow/.local/lib/python3.8/site-packages/airflow/example_dags/example_local_kubernetes_executor.py
[2023-10-06T12:39:00.522+0000] {processor.py:829} INFO - Processing file /home/airflow/.local/lib/python3.8/site-packages/airflow/example_dags/example_local_kubernetes_executor.py for tasks to queue
[2023-10-06T12:39:00.523+0000] {logging_mixin.py:151} INFO - [2023-10-06T12:39:00.523+0000] {dagbag.py:539} INFO - Filling up the DagBag from /home/airflow/.local/lib/python3.8/site-packages/airflow/example_dags/example_local_kubernetes_executor.py
[2023-10-06T12:39:00.625+0000] {processor.py:839} INFO - DAG(s) dict_keys(['example_local_kubernetes_executor']) retrieved from /home/airflow/.local/lib/python3.8/site-packages/airflow/example_dags/example_local_kubernetes_executor.py
[2023-10-06T12:39:00.712+0000] {logging_mixin.py:151} INFO - [2023-10-06T12:39:00.642+0000] {dag.py:2907} INFO - Sync 1 DAGs
[2023-10-06T12:39:00.717+0000] {logging_mixin.py:151} INFO - [2023-10-06T12:39:00.717+0000] {dag.py:3677} INFO - Setting next_dagrun for example_local_kubernetes_executor to None, run_after=None
[2023-10-06T12:39:00.728+0000] {processor.py:179} INFO - Processing /home/airflow/.local/lib/python3.8/site-packages/airflow/example_dags/example_local_kubernetes_executor.py took 0.209 seconds
[2023-10-06T12:54:56.059+0000] {processor.py:157} INFO - Started process (PID=93838) to work on /home/airflow/.local/lib/python3.8/site-packages/airflow/example_dags/example_local_kubernetes_executor.py
[2023-10-06T12:54:56.060+0000] {processor.py:829} INFO - Processing file /home/airflow/.local/lib/python3.8/site-packages/airflow/example_dags/example_local_kubernetes_executor.py for tasks to queue
[2023-10-06T12:54:56.061+0000] {logging_mixin.py:151} INFO - [2023-10-06T12:54:56.061+0000] {dagbag.py:539} INFO - Filling up the DagBag from /home/airflow/.local/lib/python3.8/site-packages/airflow/example_dags/example_local_kubernetes_executor.py
[2023-10-06T12:54:56.180+0000] {processor.py:839} INFO - DAG(s) dict_keys(['example_local_kubernetes_executor']) retrieved from /home/airflow/.local/lib/python3.8/site-packages/airflow/example_dags/example_local_kubernetes_executor.py
[2023-10-06T12:54:56.197+0000] {logging_mixin.py:151} INFO - [2023-10-06T12:54:56.196+0000] {dag.py:2907} INFO - Sync 1 DAGs
[2023-10-06T12:54:56.301+0000] {logging_mixin.py:151} INFO - [2023-10-06T12:54:56.301+0000] {dag.py:3677} INFO - Setting next_dagrun for example_local_kubernetes_executor to None, run_after=None
[2023-10-06T12:54:56.319+0000] {processor.py:179} INFO - Processing /home/airflow/.local/lib/python3.8/site-packages/airflow/example_dags/example_local_kubernetes_executor.py took 0.262 seconds
[2023-10-06T13:46:12.330+0000] {processor.py:157} INFO - Started process (PID=93889) to work on /home/airflow/.local/lib/python3.8/site-packages/airflow/example_dags/example_local_kubernetes_executor.py
[2023-10-06T13:46:12.331+0000] {processor.py:829} INFO - Processing file /home/airflow/.local/lib/python3.8/site-packages/airflow/example_dags/example_local_kubernetes_executor.py for tasks to queue
[2023-10-06T13:46:12.332+0000] {logging_mixin.py:151} INFO - [2023-10-06T13:46:12.332+0000] {dagbag.py:539} INFO - Filling up the DagBag from /home/airflow/.local/lib/python3.8/site-packages/airflow/example_dags/example_local_kubernetes_executor.py
[2023-10-06T13:46:12.435+0000] {processor.py:839} INFO - DAG(s) dict_keys(['example_local_kubernetes_executor']) retrieved from /home/airflow/.local/lib/python3.8/site-packages/airflow/example_dags/example_local_kubernetes_executor.py
[2023-10-06T13:46:12.453+0000] {logging_mixin.py:151} INFO - [2023-10-06T13:46:12.453+0000] {dag.py:2907} INFO - Sync 1 DAGs
[2023-10-06T13:46:12.458+0000] {logging_mixin.py:151} INFO - [2023-10-06T13:46:12.458+0000] {dag.py:3677} INFO - Setting next_dagrun for example_local_kubernetes_executor to None, run_after=None
[2023-10-06T13:46:12.542+0000] {processor.py:179} INFO - Processing /home/airflow/.local/lib/python3.8/site-packages/airflow/example_dags/example_local_kubernetes_executor.py took 0.214 seconds
[2023-10-06T15:22:53.071+0000] {processor.py:157} INFO - Started process (PID=93940) to work on /home/airflow/.local/lib/python3.8/site-packages/airflow/example_dags/example_local_kubernetes_executor.py
[2023-10-06T15:22:53.072+0000] {processor.py:829} INFO - Processing file /home/airflow/.local/lib/python3.8/site-packages/airflow/example_dags/example_local_kubernetes_executor.py for tasks to queue
[2023-10-06T15:22:53.073+0000] {logging_mixin.py:151} INFO - [2023-10-06T15:22:53.073+0000] {dagbag.py:539} INFO - Filling up the DagBag from /home/airflow/.local/lib/python3.8/site-packages/airflow/example_dags/example_local_kubernetes_executor.py
[2023-10-06T15:22:53.195+0000] {processor.py:839} INFO - DAG(s) dict_keys(['example_local_kubernetes_executor']) retrieved from /home/airflow/.local/lib/python3.8/site-packages/airflow/example_dags/example_local_kubernetes_executor.py
[2023-10-06T15:22:53.212+0000] {logging_mixin.py:151} INFO - [2023-10-06T15:22:53.212+0000] {dag.py:2907} INFO - Sync 1 DAGs
[2023-10-06T15:22:53.218+0000] {logging_mixin.py:151} INFO - [2023-10-06T15:22:53.218+0000] {dag.py:3677} INFO - Setting next_dagrun for example_local_kubernetes_executor to None, run_after=None
[2023-10-06T15:22:53.229+0000] {processor.py:179} INFO - Processing /home/airflow/.local/lib/python3.8/site-packages/airflow/example_dags/example_local_kubernetes_executor.py took 0.160 seconds
[2023-10-06T16:45:55.809+0000] {processor.py:157} INFO - Started process (PID=93991) to work on /home/airflow/.local/lib/python3.8/site-packages/airflow/example_dags/example_local_kubernetes_executor.py
[2023-10-06T16:45:55.810+0000] {processor.py:829} INFO - Processing file /home/airflow/.local/lib/python3.8/site-packages/airflow/example_dags/example_local_kubernetes_executor.py for tasks to queue
[2023-10-06T16:45:55.811+0000] {logging_mixin.py:151} INFO - [2023-10-06T16:45:55.811+0000] {dagbag.py:539} INFO - Filling up the DagBag from /home/airflow/.local/lib/python3.8/site-packages/airflow/example_dags/example_local_kubernetes_executor.py
[2023-10-06T16:45:55.931+0000] {processor.py:839} INFO - DAG(s) dict_keys(['example_local_kubernetes_executor']) retrieved from /home/airflow/.local/lib/python3.8/site-packages/airflow/example_dags/example_local_kubernetes_executor.py
[2023-10-06T16:45:56.035+0000] {logging_mixin.py:151} INFO - [2023-10-06T16:45:56.035+0000] {dag.py:2907} INFO - Sync 1 DAGs
[2023-10-06T16:45:56.041+0000] {logging_mixin.py:151} INFO - [2023-10-06T16:45:56.041+0000] {dag.py:3677} INFO - Setting next_dagrun for example_local_kubernetes_executor to None, run_after=None
[2023-10-06T16:45:56.052+0000] {processor.py:179} INFO - Processing /home/airflow/.local/lib/python3.8/site-packages/airflow/example_dags/example_local_kubernetes_executor.py took 0.244 seconds
[2023-10-06T18:26:19.729+0000] {processor.py:157} INFO - Started process (PID=94042) to work on /home/airflow/.local/lib/python3.8/site-packages/airflow/example_dags/example_local_kubernetes_executor.py
[2023-10-06T18:26:19.730+0000] {processor.py:829} INFO - Processing file /home/airflow/.local/lib/python3.8/site-packages/airflow/example_dags/example_local_kubernetes_executor.py for tasks to queue
[2023-10-06T18:26:19.731+0000] {logging_mixin.py:151} INFO - [2023-10-06T18:26:19.731+0000] {dagbag.py:539} INFO - Filling up the DagBag from /home/airflow/.local/lib/python3.8/site-packages/airflow/example_dags/example_local_kubernetes_executor.py
[2023-10-06T18:26:19.873+0000] {processor.py:839} INFO - DAG(s) dict_keys(['example_local_kubernetes_executor']) retrieved from /home/airflow/.local/lib/python3.8/site-packages/airflow/example_dags/example_local_kubernetes_executor.py
[2023-10-06T18:26:19.987+0000] {logging_mixin.py:151} INFO - [2023-10-06T18:26:19.987+0000] {dag.py:2907} INFO - Sync 1 DAGs
[2023-10-06T18:26:19.992+0000] {logging_mixin.py:151} INFO - [2023-10-06T18:26:19.992+0000] {dag.py:3677} INFO - Setting next_dagrun for example_local_kubernetes_executor to None, run_after=None
[2023-10-06T18:26:20.004+0000] {processor.py:179} INFO - Processing /home/airflow/.local/lib/python3.8/site-packages/airflow/example_dags/example_local_kubernetes_executor.py took 0.276 seconds
[2023-10-06T20:02:31.709+0000] {processor.py:157} INFO - Started process (PID=94093) to work on /home/airflow/.local/lib/python3.8/site-packages/airflow/example_dags/example_local_kubernetes_executor.py
[2023-10-06T20:02:31.710+0000] {processor.py:829} INFO - Processing file /home/airflow/.local/lib/python3.8/site-packages/airflow/example_dags/example_local_kubernetes_executor.py for tasks to queue
[2023-10-06T20:02:31.711+0000] {logging_mixin.py:151} INFO - [2023-10-06T20:02:31.711+0000] {dagbag.py:539} INFO - Filling up the DagBag from /home/airflow/.local/lib/python3.8/site-packages/airflow/example_dags/example_local_kubernetes_executor.py
[2023-10-06T20:02:31.828+0000] {processor.py:839} INFO - DAG(s) dict_keys(['example_local_kubernetes_executor']) retrieved from /home/airflow/.local/lib/python3.8/site-packages/airflow/example_dags/example_local_kubernetes_executor.py
[2023-10-06T20:02:31.845+0000] {logging_mixin.py:151} INFO - [2023-10-06T20:02:31.844+0000] {dag.py:2907} INFO - Sync 1 DAGs
[2023-10-06T20:02:31.936+0000] {logging_mixin.py:151} INFO - [2023-10-06T20:02:31.936+0000] {dag.py:3677} INFO - Setting next_dagrun for example_local_kubernetes_executor to None, run_after=None
[2023-10-06T20:02:31.945+0000] {processor.py:179} INFO - Processing /home/airflow/.local/lib/python3.8/site-packages/airflow/example_dags/example_local_kubernetes_executor.py took 0.238 seconds
[2023-10-06T21:27:12.790+0000] {processor.py:157} INFO - Started process (PID=94144) to work on /home/airflow/.local/lib/python3.8/site-packages/airflow/example_dags/example_local_kubernetes_executor.py
[2023-10-06T21:27:12.791+0000] {processor.py:829} INFO - Processing file /home/airflow/.local/lib/python3.8/site-packages/airflow/example_dags/example_local_kubernetes_executor.py for tasks to queue
[2023-10-06T21:27:12.792+0000] {logging_mixin.py:151} INFO - [2023-10-06T21:27:12.792+0000] {dagbag.py:539} INFO - Filling up the DagBag from /home/airflow/.local/lib/python3.8/site-packages/airflow/example_dags/example_local_kubernetes_executor.py
[2023-10-06T21:27:13.014+0000] {processor.py:839} INFO - DAG(s) dict_keys(['example_local_kubernetes_executor']) retrieved from /home/airflow/.local/lib/python3.8/site-packages/airflow/example_dags/example_local_kubernetes_executor.py
[2023-10-06T21:27:13.033+0000] {logging_mixin.py:151} INFO - [2023-10-06T21:27:13.033+0000] {dag.py:2907} INFO - Sync 1 DAGs
[2023-10-06T21:27:13.038+0000] {logging_mixin.py:151} INFO - [2023-10-06T21:27:13.038+0000] {dag.py:3677} INFO - Setting next_dagrun for example_local_kubernetes_executor to None, run_after=None
[2023-10-06T21:27:13.049+0000] {processor.py:179} INFO - Processing /home/airflow/.local/lib/python3.8/site-packages/airflow/example_dags/example_local_kubernetes_executor.py took 0.261 seconds
[2023-10-06T23:05:04.128+0000] {processor.py:157} INFO - Started process (PID=94195) to work on /home/airflow/.local/lib/python3.8/site-packages/airflow/example_dags/example_local_kubernetes_executor.py
[2023-10-06T23:05:04.129+0000] {processor.py:829} INFO - Processing file /home/airflow/.local/lib/python3.8/site-packages/airflow/example_dags/example_local_kubernetes_executor.py for tasks to queue
[2023-10-06T23:05:04.130+0000] {logging_mixin.py:151} INFO - [2023-10-06T23:05:04.130+0000] {dagbag.py:539} INFO - Filling up the DagBag from /home/airflow/.local/lib/python3.8/site-packages/airflow/example_dags/example_local_kubernetes_executor.py
[2023-10-06T23:05:04.257+0000] {processor.py:839} INFO - DAG(s) dict_keys(['example_local_kubernetes_executor']) retrieved from /home/airflow/.local/lib/python3.8/site-packages/airflow/example_dags/example_local_kubernetes_executor.py
[2023-10-06T23:05:04.358+0000] {logging_mixin.py:151} INFO - [2023-10-06T23:05:04.358+0000] {dag.py:2907} INFO - Sync 1 DAGs
[2023-10-06T23:05:04.363+0000] {logging_mixin.py:151} INFO - [2023-10-06T23:05:04.363+0000] {dag.py:3677} INFO - Setting next_dagrun for example_local_kubernetes_executor to None, run_after=None
[2023-10-06T23:05:04.374+0000] {processor.py:179} INFO - Processing /home/airflow/.local/lib/python3.8/site-packages/airflow/example_dags/example_local_kubernetes_executor.py took 0.247 seconds
