[2023-10-06T00:01:33.734+0000] {processor.py:157} INFO - Started process (PID=91168) to work on /home/airflow/.local/lib/python3.8/site-packages/airflow/example_dags/example_branch_operator_decorator.py
[2023-10-06T00:01:33.735+0000] {processor.py:829} INFO - Processing file /home/airflow/.local/lib/python3.8/site-packages/airflow/example_dags/example_branch_operator_decorator.py for tasks to queue
[2023-10-06T00:01:33.736+0000] {logging_mixin.py:151} INFO - [2023-10-06T00:01:33.736+0000] {dagbag.py:539} INFO - Filling up the DagBag from /home/airflow/.local/lib/python3.8/site-packages/airflow/example_dags/example_branch_operator_decorator.py
[2023-10-06T00:01:33.742+0000] {processor.py:839} INFO - DAG(s) dict_keys(['example_branch_python_operator_decorator']) retrieved from /home/airflow/.local/lib/python3.8/site-packages/airflow/example_dags/example_branch_operator_decorator.py
[2023-10-06T00:01:33.755+0000] {logging_mixin.py:151} INFO - [2023-10-06T00:01:33.755+0000] {dag.py:2907} INFO - Sync 1 DAGs
[2023-10-06T00:01:33.766+0000] {logging_mixin.py:151} INFO - [2023-10-06T00:01:33.766+0000] {dag.py:3677} INFO - Setting next_dagrun for example_branch_python_operator_decorator to 2023-10-05T00:00:00+00:00, run_after=2023-10-06T00:00:00+00:00
[2023-10-06T00:01:33.776+0000] {processor.py:179} INFO - Processing /home/airflow/.local/lib/python3.8/site-packages/airflow/example_dags/example_branch_operator_decorator.py took 0.045 seconds
[2023-10-06T00:02:04.450+0000] {processor.py:157} INFO - Started process (PID=91219) to work on /home/airflow/.local/lib/python3.8/site-packages/airflow/example_dags/example_branch_operator_decorator.py
[2023-10-06T00:02:04.451+0000] {processor.py:829} INFO - Processing file /home/airflow/.local/lib/python3.8/site-packages/airflow/example_dags/example_branch_operator_decorator.py for tasks to queue
[2023-10-06T00:02:04.452+0000] {logging_mixin.py:151} INFO - [2023-10-06T00:02:04.452+0000] {dagbag.py:539} INFO - Filling up the DagBag from /home/airflow/.local/lib/python3.8/site-packages/airflow/example_dags/example_branch_operator_decorator.py
[2023-10-06T00:02:04.458+0000] {processor.py:839} INFO - DAG(s) dict_keys(['example_branch_python_operator_decorator']) retrieved from /home/airflow/.local/lib/python3.8/site-packages/airflow/example_dags/example_branch_operator_decorator.py
[2023-10-06T00:02:04.470+0000] {logging_mixin.py:151} INFO - [2023-10-06T00:02:04.470+0000] {dag.py:2907} INFO - Sync 1 DAGs
[2023-10-06T00:02:04.481+0000] {logging_mixin.py:151} INFO - [2023-10-06T00:02:04.481+0000] {dag.py:3677} INFO - Setting next_dagrun for example_branch_python_operator_decorator to 2023-10-05T00:00:00+00:00, run_after=2023-10-06T00:00:00+00:00
[2023-10-06T00:02:04.492+0000] {processor.py:179} INFO - Processing /home/airflow/.local/lib/python3.8/site-packages/airflow/example_dags/example_branch_operator_decorator.py took 0.044 seconds
[2023-10-06T00:02:35.096+0000] {processor.py:157} INFO - Started process (PID=91270) to work on /home/airflow/.local/lib/python3.8/site-packages/airflow/example_dags/example_branch_operator_decorator.py
[2023-10-06T00:02:35.096+0000] {processor.py:829} INFO - Processing file /home/airflow/.local/lib/python3.8/site-packages/airflow/example_dags/example_branch_operator_decorator.py for tasks to queue
[2023-10-06T00:02:35.098+0000] {logging_mixin.py:151} INFO - [2023-10-06T00:02:35.097+0000] {dagbag.py:539} INFO - Filling up the DagBag from /home/airflow/.local/lib/python3.8/site-packages/airflow/example_dags/example_branch_operator_decorator.py
[2023-10-06T00:02:35.104+0000] {processor.py:839} INFO - DAG(s) dict_keys(['example_branch_python_operator_decorator']) retrieved from /home/airflow/.local/lib/python3.8/site-packages/airflow/example_dags/example_branch_operator_decorator.py
[2023-10-06T00:02:35.116+0000] {logging_mixin.py:151} INFO - [2023-10-06T00:02:35.116+0000] {dag.py:2907} INFO - Sync 1 DAGs
[2023-10-06T00:02:35.126+0000] {logging_mixin.py:151} INFO - [2023-10-06T00:02:35.126+0000] {dag.py:3677} INFO - Setting next_dagrun for example_branch_python_operator_decorator to 2023-10-05T00:00:00+00:00, run_after=2023-10-06T00:00:00+00:00
[2023-10-06T00:02:35.137+0000] {processor.py:179} INFO - Processing /home/airflow/.local/lib/python3.8/site-packages/airflow/example_dags/example_branch_operator_decorator.py took 0.044 seconds
[2023-10-06T00:03:05.429+0000] {processor.py:157} INFO - Started process (PID=91321) to work on /home/airflow/.local/lib/python3.8/site-packages/airflow/example_dags/example_branch_operator_decorator.py
[2023-10-06T00:03:05.430+0000] {processor.py:829} INFO - Processing file /home/airflow/.local/lib/python3.8/site-packages/airflow/example_dags/example_branch_operator_decorator.py for tasks to queue
[2023-10-06T00:03:05.432+0000] {logging_mixin.py:151} INFO - [2023-10-06T00:03:05.431+0000] {dagbag.py:539} INFO - Filling up the DagBag from /home/airflow/.local/lib/python3.8/site-packages/airflow/example_dags/example_branch_operator_decorator.py
[2023-10-06T00:03:05.438+0000] {processor.py:839} INFO - DAG(s) dict_keys(['example_branch_python_operator_decorator']) retrieved from /home/airflow/.local/lib/python3.8/site-packages/airflow/example_dags/example_branch_operator_decorator.py
[2023-10-06T00:03:05.452+0000] {logging_mixin.py:151} INFO - [2023-10-06T00:03:05.452+0000] {dag.py:2907} INFO - Sync 1 DAGs
[2023-10-06T00:03:05.465+0000] {logging_mixin.py:151} INFO - [2023-10-06T00:03:05.464+0000] {dag.py:3677} INFO - Setting next_dagrun for example_branch_python_operator_decorator to 2023-10-05T00:00:00+00:00, run_after=2023-10-06T00:00:00+00:00
[2023-10-06T00:03:05.476+0000] {processor.py:179} INFO - Processing /home/airflow/.local/lib/python3.8/site-packages/airflow/example_dags/example_branch_operator_decorator.py took 0.049 seconds
[2023-10-06T00:03:35.755+0000] {processor.py:157} INFO - Started process (PID=91371) to work on /home/airflow/.local/lib/python3.8/site-packages/airflow/example_dags/example_branch_operator_decorator.py
[2023-10-06T00:03:35.755+0000] {processor.py:829} INFO - Processing file /home/airflow/.local/lib/python3.8/site-packages/airflow/example_dags/example_branch_operator_decorator.py for tasks to queue
[2023-10-06T00:03:35.756+0000] {logging_mixin.py:151} INFO - [2023-10-06T00:03:35.756+0000] {dagbag.py:539} INFO - Filling up the DagBag from /home/airflow/.local/lib/python3.8/site-packages/airflow/example_dags/example_branch_operator_decorator.py
[2023-10-06T00:03:35.762+0000] {processor.py:839} INFO - DAG(s) dict_keys(['example_branch_python_operator_decorator']) retrieved from /home/airflow/.local/lib/python3.8/site-packages/airflow/example_dags/example_branch_operator_decorator.py
[2023-10-06T00:03:35.775+0000] {logging_mixin.py:151} INFO - [2023-10-06T00:03:35.775+0000] {dag.py:2907} INFO - Sync 1 DAGs
[2023-10-06T00:03:35.786+0000] {logging_mixin.py:151} INFO - [2023-10-06T00:03:35.786+0000] {dag.py:3677} INFO - Setting next_dagrun for example_branch_python_operator_decorator to 2023-10-05T00:00:00+00:00, run_after=2023-10-06T00:00:00+00:00
[2023-10-06T00:03:35.797+0000] {processor.py:179} INFO - Processing /home/airflow/.local/lib/python3.8/site-packages/airflow/example_dags/example_branch_operator_decorator.py took 0.045 seconds
[2023-10-06T00:04:06.450+0000] {processor.py:157} INFO - Started process (PID=91423) to work on /home/airflow/.local/lib/python3.8/site-packages/airflow/example_dags/example_branch_operator_decorator.py
[2023-10-06T00:04:06.451+0000] {processor.py:829} INFO - Processing file /home/airflow/.local/lib/python3.8/site-packages/airflow/example_dags/example_branch_operator_decorator.py for tasks to queue
[2023-10-06T00:04:06.452+0000] {logging_mixin.py:151} INFO - [2023-10-06T00:04:06.452+0000] {dagbag.py:539} INFO - Filling up the DagBag from /home/airflow/.local/lib/python3.8/site-packages/airflow/example_dags/example_branch_operator_decorator.py
[2023-10-06T00:04:06.457+0000] {processor.py:839} INFO - DAG(s) dict_keys(['example_branch_python_operator_decorator']) retrieved from /home/airflow/.local/lib/python3.8/site-packages/airflow/example_dags/example_branch_operator_decorator.py
[2023-10-06T00:04:06.471+0000] {logging_mixin.py:151} INFO - [2023-10-06T00:04:06.471+0000] {dag.py:2907} INFO - Sync 1 DAGs
[2023-10-06T00:04:06.483+0000] {logging_mixin.py:151} INFO - [2023-10-06T00:04:06.483+0000] {dag.py:3677} INFO - Setting next_dagrun for example_branch_python_operator_decorator to 2023-10-05T00:00:00+00:00, run_after=2023-10-06T00:00:00+00:00
[2023-10-06T00:04:06.493+0000] {processor.py:179} INFO - Processing /home/airflow/.local/lib/python3.8/site-packages/airflow/example_dags/example_branch_operator_decorator.py took 0.045 seconds
[2023-10-06T00:04:36.731+0000] {processor.py:157} INFO - Started process (PID=91474) to work on /home/airflow/.local/lib/python3.8/site-packages/airflow/example_dags/example_branch_operator_decorator.py
[2023-10-06T00:04:36.732+0000] {processor.py:829} INFO - Processing file /home/airflow/.local/lib/python3.8/site-packages/airflow/example_dags/example_branch_operator_decorator.py for tasks to queue
[2023-10-06T00:04:36.733+0000] {logging_mixin.py:151} INFO - [2023-10-06T00:04:36.733+0000] {dagbag.py:539} INFO - Filling up the DagBag from /home/airflow/.local/lib/python3.8/site-packages/airflow/example_dags/example_branch_operator_decorator.py
[2023-10-06T00:04:36.739+0000] {processor.py:839} INFO - DAG(s) dict_keys(['example_branch_python_operator_decorator']) retrieved from /home/airflow/.local/lib/python3.8/site-packages/airflow/example_dags/example_branch_operator_decorator.py
[2023-10-06T00:04:36.752+0000] {logging_mixin.py:151} INFO - [2023-10-06T00:04:36.752+0000] {dag.py:2907} INFO - Sync 1 DAGs
[2023-10-06T00:04:36.762+0000] {logging_mixin.py:151} INFO - [2023-10-06T00:04:36.762+0000] {dag.py:3677} INFO - Setting next_dagrun for example_branch_python_operator_decorator to 2023-10-05T00:00:00+00:00, run_after=2023-10-06T00:00:00+00:00
[2023-10-06T00:04:36.773+0000] {processor.py:179} INFO - Processing /home/airflow/.local/lib/python3.8/site-packages/airflow/example_dags/example_branch_operator_decorator.py took 0.043 seconds
[2023-10-06T00:05:08.095+0000] {processor.py:157} INFO - Started process (PID=91525) to work on /home/airflow/.local/lib/python3.8/site-packages/airflow/example_dags/example_branch_operator_decorator.py
[2023-10-06T00:05:08.096+0000] {processor.py:829} INFO - Processing file /home/airflow/.local/lib/python3.8/site-packages/airflow/example_dags/example_branch_operator_decorator.py for tasks to queue
[2023-10-06T00:05:08.097+0000] {logging_mixin.py:151} INFO - [2023-10-06T00:05:08.097+0000] {dagbag.py:539} INFO - Filling up the DagBag from /home/airflow/.local/lib/python3.8/site-packages/airflow/example_dags/example_branch_operator_decorator.py
[2023-10-06T00:05:08.106+0000] {processor.py:839} INFO - DAG(s) dict_keys(['example_branch_python_operator_decorator']) retrieved from /home/airflow/.local/lib/python3.8/site-packages/airflow/example_dags/example_branch_operator_decorator.py
[2023-10-06T00:05:08.121+0000] {logging_mixin.py:151} INFO - [2023-10-06T00:05:08.121+0000] {dag.py:2907} INFO - Sync 1 DAGs
[2023-10-06T00:05:08.133+0000] {logging_mixin.py:151} INFO - [2023-10-06T00:05:08.133+0000] {dag.py:3677} INFO - Setting next_dagrun for example_branch_python_operator_decorator to 2023-10-05T00:00:00+00:00, run_after=2023-10-06T00:00:00+00:00
[2023-10-06T00:05:08.145+0000] {processor.py:179} INFO - Processing /home/airflow/.local/lib/python3.8/site-packages/airflow/example_dags/example_branch_operator_decorator.py took 0.051 seconds
[2023-10-06T00:05:38.477+0000] {processor.py:157} INFO - Started process (PID=91576) to work on /home/airflow/.local/lib/python3.8/site-packages/airflow/example_dags/example_branch_operator_decorator.py
[2023-10-06T00:05:38.478+0000] {processor.py:829} INFO - Processing file /home/airflow/.local/lib/python3.8/site-packages/airflow/example_dags/example_branch_operator_decorator.py for tasks to queue
[2023-10-06T00:05:38.479+0000] {logging_mixin.py:151} INFO - [2023-10-06T00:05:38.479+0000] {dagbag.py:539} INFO - Filling up the DagBag from /home/airflow/.local/lib/python3.8/site-packages/airflow/example_dags/example_branch_operator_decorator.py
[2023-10-06T00:05:38.485+0000] {processor.py:839} INFO - DAG(s) dict_keys(['example_branch_python_operator_decorator']) retrieved from /home/airflow/.local/lib/python3.8/site-packages/airflow/example_dags/example_branch_operator_decorator.py
[2023-10-06T00:05:38.499+0000] {logging_mixin.py:151} INFO - [2023-10-06T00:05:38.499+0000] {dag.py:2907} INFO - Sync 1 DAGs
[2023-10-06T00:05:38.510+0000] {logging_mixin.py:151} INFO - [2023-10-06T00:05:38.510+0000] {dag.py:3677} INFO - Setting next_dagrun for example_branch_python_operator_decorator to 2023-10-05T00:00:00+00:00, run_after=2023-10-06T00:00:00+00:00
[2023-10-06T00:05:38.535+0000] {processor.py:179} INFO - Processing /home/airflow/.local/lib/python3.8/site-packages/airflow/example_dags/example_branch_operator_decorator.py took 0.060 seconds
[2023-10-06T00:06:08.944+0000] {processor.py:157} INFO - Started process (PID=91627) to work on /home/airflow/.local/lib/python3.8/site-packages/airflow/example_dags/example_branch_operator_decorator.py
[2023-10-06T00:06:08.945+0000] {processor.py:829} INFO - Processing file /home/airflow/.local/lib/python3.8/site-packages/airflow/example_dags/example_branch_operator_decorator.py for tasks to queue
[2023-10-06T00:06:08.946+0000] {logging_mixin.py:151} INFO - [2023-10-06T00:06:08.946+0000] {dagbag.py:539} INFO - Filling up the DagBag from /home/airflow/.local/lib/python3.8/site-packages/airflow/example_dags/example_branch_operator_decorator.py
[2023-10-06T00:06:08.952+0000] {processor.py:839} INFO - DAG(s) dict_keys(['example_branch_python_operator_decorator']) retrieved from /home/airflow/.local/lib/python3.8/site-packages/airflow/example_dags/example_branch_operator_decorator.py
[2023-10-06T00:06:08.965+0000] {logging_mixin.py:151} INFO - [2023-10-06T00:06:08.965+0000] {dag.py:2907} INFO - Sync 1 DAGs
[2023-10-06T00:06:08.981+0000] {logging_mixin.py:151} INFO - [2023-10-06T00:06:08.981+0000] {dag.py:3677} INFO - Setting next_dagrun for example_branch_python_operator_decorator to 2023-10-05T00:00:00+00:00, run_after=2023-10-06T00:00:00+00:00
[2023-10-06T00:06:08.992+0000] {processor.py:179} INFO - Processing /home/airflow/.local/lib/python3.8/site-packages/airflow/example_dags/example_branch_operator_decorator.py took 0.050 seconds
[2023-10-06T00:06:39.268+0000] {processor.py:157} INFO - Started process (PID=91678) to work on /home/airflow/.local/lib/python3.8/site-packages/airflow/example_dags/example_branch_operator_decorator.py
[2023-10-06T00:06:39.269+0000] {processor.py:829} INFO - Processing file /home/airflow/.local/lib/python3.8/site-packages/airflow/example_dags/example_branch_operator_decorator.py for tasks to queue
[2023-10-06T00:06:39.270+0000] {logging_mixin.py:151} INFO - [2023-10-06T00:06:39.270+0000] {dagbag.py:539} INFO - Filling up the DagBag from /home/airflow/.local/lib/python3.8/site-packages/airflow/example_dags/example_branch_operator_decorator.py
[2023-10-06T00:06:39.276+0000] {processor.py:839} INFO - DAG(s) dict_keys(['example_branch_python_operator_decorator']) retrieved from /home/airflow/.local/lib/python3.8/site-packages/airflow/example_dags/example_branch_operator_decorator.py
[2023-10-06T00:06:39.289+0000] {logging_mixin.py:151} INFO - [2023-10-06T00:06:39.289+0000] {dag.py:2907} INFO - Sync 1 DAGs
[2023-10-06T00:06:39.300+0000] {logging_mixin.py:151} INFO - [2023-10-06T00:06:39.300+0000] {dag.py:3677} INFO - Setting next_dagrun for example_branch_python_operator_decorator to 2023-10-05T00:00:00+00:00, run_after=2023-10-06T00:00:00+00:00
[2023-10-06T00:06:39.311+0000] {processor.py:179} INFO - Processing /home/airflow/.local/lib/python3.8/site-packages/airflow/example_dags/example_branch_operator_decorator.py took 0.045 seconds
[2023-10-06T00:07:10.631+0000] {processor.py:157} INFO - Started process (PID=91729) to work on /home/airflow/.local/lib/python3.8/site-packages/airflow/example_dags/example_branch_operator_decorator.py
[2023-10-06T00:07:10.632+0000] {processor.py:829} INFO - Processing file /home/airflow/.local/lib/python3.8/site-packages/airflow/example_dags/example_branch_operator_decorator.py for tasks to queue
[2023-10-06T00:07:10.634+0000] {logging_mixin.py:151} INFO - [2023-10-06T00:07:10.633+0000] {dagbag.py:539} INFO - Filling up the DagBag from /home/airflow/.local/lib/python3.8/site-packages/airflow/example_dags/example_branch_operator_decorator.py
[2023-10-06T00:07:10.639+0000] {processor.py:839} INFO - DAG(s) dict_keys(['example_branch_python_operator_decorator']) retrieved from /home/airflow/.local/lib/python3.8/site-packages/airflow/example_dags/example_branch_operator_decorator.py
[2023-10-06T00:07:10.651+0000] {logging_mixin.py:151} INFO - [2023-10-06T00:07:10.651+0000] {dag.py:2907} INFO - Sync 1 DAGs
[2023-10-06T00:07:10.663+0000] {logging_mixin.py:151} INFO - [2023-10-06T00:07:10.662+0000] {dag.py:3677} INFO - Setting next_dagrun for example_branch_python_operator_decorator to 2023-10-05T00:00:00+00:00, run_after=2023-10-06T00:00:00+00:00
[2023-10-06T00:07:10.673+0000] {processor.py:179} INFO - Processing /home/airflow/.local/lib/python3.8/site-packages/airflow/example_dags/example_branch_operator_decorator.py took 0.043 seconds
[2023-10-06T00:07:41.471+0000] {processor.py:157} INFO - Started process (PID=91780) to work on /home/airflow/.local/lib/python3.8/site-packages/airflow/example_dags/example_branch_operator_decorator.py
[2023-10-06T00:07:41.472+0000] {processor.py:829} INFO - Processing file /home/airflow/.local/lib/python3.8/site-packages/airflow/example_dags/example_branch_operator_decorator.py for tasks to queue
[2023-10-06T00:07:41.473+0000] {logging_mixin.py:151} INFO - [2023-10-06T00:07:41.473+0000] {dagbag.py:539} INFO - Filling up the DagBag from /home/airflow/.local/lib/python3.8/site-packages/airflow/example_dags/example_branch_operator_decorator.py
[2023-10-06T00:07:41.479+0000] {processor.py:839} INFO - DAG(s) dict_keys(['example_branch_python_operator_decorator']) retrieved from /home/airflow/.local/lib/python3.8/site-packages/airflow/example_dags/example_branch_operator_decorator.py
[2023-10-06T00:07:41.501+0000] {logging_mixin.py:151} INFO - [2023-10-06T00:07:41.501+0000] {dag.py:2907} INFO - Sync 1 DAGs
[2023-10-06T00:07:41.512+0000] {logging_mixin.py:151} INFO - [2023-10-06T00:07:41.512+0000] {dag.py:3677} INFO - Setting next_dagrun for example_branch_python_operator_decorator to 2023-10-05T00:00:00+00:00, run_after=2023-10-06T00:00:00+00:00
[2023-10-06T00:07:41.523+0000] {processor.py:179} INFO - Processing /home/airflow/.local/lib/python3.8/site-packages/airflow/example_dags/example_branch_operator_decorator.py took 0.054 seconds
[2023-10-06T00:08:12.130+0000] {processor.py:157} INFO - Started process (PID=91831) to work on /home/airflow/.local/lib/python3.8/site-packages/airflow/example_dags/example_branch_operator_decorator.py
[2023-10-06T00:08:12.131+0000] {processor.py:829} INFO - Processing file /home/airflow/.local/lib/python3.8/site-packages/airflow/example_dags/example_branch_operator_decorator.py for tasks to queue
[2023-10-06T00:08:12.132+0000] {logging_mixin.py:151} INFO - [2023-10-06T00:08:12.132+0000] {dagbag.py:539} INFO - Filling up the DagBag from /home/airflow/.local/lib/python3.8/site-packages/airflow/example_dags/example_branch_operator_decorator.py
[2023-10-06T00:08:12.138+0000] {processor.py:839} INFO - DAG(s) dict_keys(['example_branch_python_operator_decorator']) retrieved from /home/airflow/.local/lib/python3.8/site-packages/airflow/example_dags/example_branch_operator_decorator.py
[2023-10-06T00:08:12.151+0000] {logging_mixin.py:151} INFO - [2023-10-06T00:08:12.151+0000] {dag.py:2907} INFO - Sync 1 DAGs
[2023-10-06T00:08:12.161+0000] {logging_mixin.py:151} INFO - [2023-10-06T00:08:12.161+0000] {dag.py:3677} INFO - Setting next_dagrun for example_branch_python_operator_decorator to 2023-10-05T00:00:00+00:00, run_after=2023-10-06T00:00:00+00:00
[2023-10-06T00:08:12.171+0000] {processor.py:179} INFO - Processing /home/airflow/.local/lib/python3.8/site-packages/airflow/example_dags/example_branch_operator_decorator.py took 0.043 seconds
[2023-10-06T00:08:42.772+0000] {processor.py:157} INFO - Started process (PID=91882) to work on /home/airflow/.local/lib/python3.8/site-packages/airflow/example_dags/example_branch_operator_decorator.py
[2023-10-06T00:08:42.773+0000] {processor.py:829} INFO - Processing file /home/airflow/.local/lib/python3.8/site-packages/airflow/example_dags/example_branch_operator_decorator.py for tasks to queue
[2023-10-06T00:08:42.774+0000] {logging_mixin.py:151} INFO - [2023-10-06T00:08:42.774+0000] {dagbag.py:539} INFO - Filling up the DagBag from /home/airflow/.local/lib/python3.8/site-packages/airflow/example_dags/example_branch_operator_decorator.py
[2023-10-06T00:08:42.780+0000] {processor.py:839} INFO - DAG(s) dict_keys(['example_branch_python_operator_decorator']) retrieved from /home/airflow/.local/lib/python3.8/site-packages/airflow/example_dags/example_branch_operator_decorator.py
[2023-10-06T00:08:42.792+0000] {logging_mixin.py:151} INFO - [2023-10-06T00:08:42.792+0000] {dag.py:2907} INFO - Sync 1 DAGs
[2023-10-06T00:08:42.803+0000] {logging_mixin.py:151} INFO - [2023-10-06T00:08:42.803+0000] {dag.py:3677} INFO - Setting next_dagrun for example_branch_python_operator_decorator to 2023-10-05T00:00:00+00:00, run_after=2023-10-06T00:00:00+00:00
[2023-10-06T00:08:42.814+0000] {processor.py:179} INFO - Processing /home/airflow/.local/lib/python3.8/site-packages/airflow/example_dags/example_branch_operator_decorator.py took 0.043 seconds
[2023-10-06T00:09:13.556+0000] {processor.py:157} INFO - Started process (PID=91933) to work on /home/airflow/.local/lib/python3.8/site-packages/airflow/example_dags/example_branch_operator_decorator.py
[2023-10-06T00:09:13.557+0000] {processor.py:829} INFO - Processing file /home/airflow/.local/lib/python3.8/site-packages/airflow/example_dags/example_branch_operator_decorator.py for tasks to queue
[2023-10-06T00:09:13.560+0000] {logging_mixin.py:151} INFO - [2023-10-06T00:09:13.560+0000] {dagbag.py:539} INFO - Filling up the DagBag from /home/airflow/.local/lib/python3.8/site-packages/airflow/example_dags/example_branch_operator_decorator.py
[2023-10-06T00:09:13.566+0000] {processor.py:839} INFO - DAG(s) dict_keys(['example_branch_python_operator_decorator']) retrieved from /home/airflow/.local/lib/python3.8/site-packages/airflow/example_dags/example_branch_operator_decorator.py
[2023-10-06T00:09:13.581+0000] {logging_mixin.py:151} INFO - [2023-10-06T00:09:13.581+0000] {dag.py:2907} INFO - Sync 1 DAGs
[2023-10-06T00:09:13.592+0000] {logging_mixin.py:151} INFO - [2023-10-06T00:09:13.592+0000] {dag.py:3677} INFO - Setting next_dagrun for example_branch_python_operator_decorator to 2023-10-05T00:00:00+00:00, run_after=2023-10-06T00:00:00+00:00
[2023-10-06T00:09:13.603+0000] {processor.py:179} INFO - Processing /home/airflow/.local/lib/python3.8/site-packages/airflow/example_dags/example_branch_operator_decorator.py took 0.049 seconds
[2023-10-06T00:09:44.133+0000] {processor.py:157} INFO - Started process (PID=91984) to work on /home/airflow/.local/lib/python3.8/site-packages/airflow/example_dags/example_branch_operator_decorator.py
[2023-10-06T00:09:44.134+0000] {processor.py:829} INFO - Processing file /home/airflow/.local/lib/python3.8/site-packages/airflow/example_dags/example_branch_operator_decorator.py for tasks to queue
[2023-10-06T00:09:44.135+0000] {logging_mixin.py:151} INFO - [2023-10-06T00:09:44.135+0000] {dagbag.py:539} INFO - Filling up the DagBag from /home/airflow/.local/lib/python3.8/site-packages/airflow/example_dags/example_branch_operator_decorator.py
[2023-10-06T00:09:44.141+0000] {processor.py:839} INFO - DAG(s) dict_keys(['example_branch_python_operator_decorator']) retrieved from /home/airflow/.local/lib/python3.8/site-packages/airflow/example_dags/example_branch_operator_decorator.py
[2023-10-06T00:09:44.155+0000] {logging_mixin.py:151} INFO - [2023-10-06T00:09:44.155+0000] {dag.py:2907} INFO - Sync 1 DAGs
[2023-10-06T00:09:44.166+0000] {logging_mixin.py:151} INFO - [2023-10-06T00:09:44.166+0000] {dag.py:3677} INFO - Setting next_dagrun for example_branch_python_operator_decorator to 2023-10-05T00:00:00+00:00, run_after=2023-10-06T00:00:00+00:00
[2023-10-06T00:09:44.177+0000] {processor.py:179} INFO - Processing /home/airflow/.local/lib/python3.8/site-packages/airflow/example_dags/example_branch_operator_decorator.py took 0.046 seconds
[2023-10-06T00:10:14.299+0000] {processor.py:157} INFO - Started process (PID=92035) to work on /home/airflow/.local/lib/python3.8/site-packages/airflow/example_dags/example_branch_operator_decorator.py
[2023-10-06T00:10:14.299+0000] {processor.py:829} INFO - Processing file /home/airflow/.local/lib/python3.8/site-packages/airflow/example_dags/example_branch_operator_decorator.py for tasks to queue
[2023-10-06T00:10:14.300+0000] {logging_mixin.py:151} INFO - [2023-10-06T00:10:14.300+0000] {dagbag.py:539} INFO - Filling up the DagBag from /home/airflow/.local/lib/python3.8/site-packages/airflow/example_dags/example_branch_operator_decorator.py
[2023-10-06T00:10:14.306+0000] {processor.py:839} INFO - DAG(s) dict_keys(['example_branch_python_operator_decorator']) retrieved from /home/airflow/.local/lib/python3.8/site-packages/airflow/example_dags/example_branch_operator_decorator.py
[2023-10-06T00:10:14.319+0000] {logging_mixin.py:151} INFO - [2023-10-06T00:10:14.319+0000] {dag.py:2907} INFO - Sync 1 DAGs
[2023-10-06T00:10:14.330+0000] {logging_mixin.py:151} INFO - [2023-10-06T00:10:14.330+0000] {dag.py:3677} INFO - Setting next_dagrun for example_branch_python_operator_decorator to 2023-10-05T00:00:00+00:00, run_after=2023-10-06T00:00:00+00:00
[2023-10-06T00:10:14.340+0000] {processor.py:179} INFO - Processing /home/airflow/.local/lib/python3.8/site-packages/airflow/example_dags/example_branch_operator_decorator.py took 0.044 seconds
[2023-10-06T00:10:44.791+0000] {processor.py:157} INFO - Started process (PID=92086) to work on /home/airflow/.local/lib/python3.8/site-packages/airflow/example_dags/example_branch_operator_decorator.py
[2023-10-06T00:10:44.791+0000] {processor.py:829} INFO - Processing file /home/airflow/.local/lib/python3.8/site-packages/airflow/example_dags/example_branch_operator_decorator.py for tasks to queue
[2023-10-06T00:10:44.793+0000] {logging_mixin.py:151} INFO - [2023-10-06T00:10:44.792+0000] {dagbag.py:539} INFO - Filling up the DagBag from /home/airflow/.local/lib/python3.8/site-packages/airflow/example_dags/example_branch_operator_decorator.py
[2023-10-06T00:10:44.798+0000] {processor.py:839} INFO - DAG(s) dict_keys(['example_branch_python_operator_decorator']) retrieved from /home/airflow/.local/lib/python3.8/site-packages/airflow/example_dags/example_branch_operator_decorator.py
[2023-10-06T00:10:44.813+0000] {logging_mixin.py:151} INFO - [2023-10-06T00:10:44.813+0000] {dag.py:2907} INFO - Sync 1 DAGs
[2023-10-06T00:10:44.824+0000] {logging_mixin.py:151} INFO - [2023-10-06T00:10:44.824+0000] {dag.py:3677} INFO - Setting next_dagrun for example_branch_python_operator_decorator to 2023-10-05T00:00:00+00:00, run_after=2023-10-06T00:00:00+00:00
[2023-10-06T00:10:44.835+0000] {processor.py:179} INFO - Processing /home/airflow/.local/lib/python3.8/site-packages/airflow/example_dags/example_branch_operator_decorator.py took 0.046 seconds
[2023-10-06T00:11:15.046+0000] {processor.py:157} INFO - Started process (PID=92137) to work on /home/airflow/.local/lib/python3.8/site-packages/airflow/example_dags/example_branch_operator_decorator.py
[2023-10-06T00:11:15.046+0000] {processor.py:829} INFO - Processing file /home/airflow/.local/lib/python3.8/site-packages/airflow/example_dags/example_branch_operator_decorator.py for tasks to queue
[2023-10-06T00:11:15.048+0000] {logging_mixin.py:151} INFO - [2023-10-06T00:11:15.048+0000] {dagbag.py:539} INFO - Filling up the DagBag from /home/airflow/.local/lib/python3.8/site-packages/airflow/example_dags/example_branch_operator_decorator.py
[2023-10-06T00:11:15.054+0000] {processor.py:839} INFO - DAG(s) dict_keys(['example_branch_python_operator_decorator']) retrieved from /home/airflow/.local/lib/python3.8/site-packages/airflow/example_dags/example_branch_operator_decorator.py
[2023-10-06T00:11:15.066+0000] {logging_mixin.py:151} INFO - [2023-10-06T00:11:15.066+0000] {dag.py:2907} INFO - Sync 1 DAGs
[2023-10-06T00:11:15.077+0000] {logging_mixin.py:151} INFO - [2023-10-06T00:11:15.077+0000] {dag.py:3677} INFO - Setting next_dagrun for example_branch_python_operator_decorator to 2023-10-05T00:00:00+00:00, run_after=2023-10-06T00:00:00+00:00
[2023-10-06T00:11:15.089+0000] {processor.py:179} INFO - Processing /home/airflow/.local/lib/python3.8/site-packages/airflow/example_dags/example_branch_operator_decorator.py took 0.045 seconds
[2023-10-06T00:11:45.658+0000] {processor.py:157} INFO - Started process (PID=92188) to work on /home/airflow/.local/lib/python3.8/site-packages/airflow/example_dags/example_branch_operator_decorator.py
[2023-10-06T00:11:45.659+0000] {processor.py:829} INFO - Processing file /home/airflow/.local/lib/python3.8/site-packages/airflow/example_dags/example_branch_operator_decorator.py for tasks to queue
[2023-10-06T00:11:45.660+0000] {logging_mixin.py:151} INFO - [2023-10-06T00:11:45.660+0000] {dagbag.py:539} INFO - Filling up the DagBag from /home/airflow/.local/lib/python3.8/site-packages/airflow/example_dags/example_branch_operator_decorator.py
[2023-10-06T00:11:45.666+0000] {processor.py:839} INFO - DAG(s) dict_keys(['example_branch_python_operator_decorator']) retrieved from /home/airflow/.local/lib/python3.8/site-packages/airflow/example_dags/example_branch_operator_decorator.py
[2023-10-06T00:11:45.680+0000] {logging_mixin.py:151} INFO - [2023-10-06T00:11:45.680+0000] {dag.py:2907} INFO - Sync 1 DAGs
[2023-10-06T00:11:45.691+0000] {logging_mixin.py:151} INFO - [2023-10-06T00:11:45.691+0000] {dag.py:3677} INFO - Setting next_dagrun for example_branch_python_operator_decorator to 2023-10-05T00:00:00+00:00, run_after=2023-10-06T00:00:00+00:00
[2023-10-06T00:11:45.703+0000] {processor.py:179} INFO - Processing /home/airflow/.local/lib/python3.8/site-packages/airflow/example_dags/example_branch_operator_decorator.py took 0.046 seconds
[2023-10-06T00:12:16.168+0000] {processor.py:157} INFO - Started process (PID=92239) to work on /home/airflow/.local/lib/python3.8/site-packages/airflow/example_dags/example_branch_operator_decorator.py
[2023-10-06T00:12:16.168+0000] {processor.py:829} INFO - Processing file /home/airflow/.local/lib/python3.8/site-packages/airflow/example_dags/example_branch_operator_decorator.py for tasks to queue
[2023-10-06T00:12:16.170+0000] {logging_mixin.py:151} INFO - [2023-10-06T00:12:16.169+0000] {dagbag.py:539} INFO - Filling up the DagBag from /home/airflow/.local/lib/python3.8/site-packages/airflow/example_dags/example_branch_operator_decorator.py
[2023-10-06T00:12:16.175+0000] {processor.py:839} INFO - DAG(s) dict_keys(['example_branch_python_operator_decorator']) retrieved from /home/airflow/.local/lib/python3.8/site-packages/airflow/example_dags/example_branch_operator_decorator.py
[2023-10-06T00:12:16.188+0000] {logging_mixin.py:151} INFO - [2023-10-06T00:12:16.187+0000] {dag.py:2907} INFO - Sync 1 DAGs
[2023-10-06T00:12:16.198+0000] {logging_mixin.py:151} INFO - [2023-10-06T00:12:16.198+0000] {dag.py:3677} INFO - Setting next_dagrun for example_branch_python_operator_decorator to 2023-10-05T00:00:00+00:00, run_after=2023-10-06T00:00:00+00:00
[2023-10-06T00:12:16.208+0000] {processor.py:179} INFO - Processing /home/airflow/.local/lib/python3.8/site-packages/airflow/example_dags/example_branch_operator_decorator.py took 0.042 seconds
[2023-10-06T00:12:47.553+0000] {processor.py:157} INFO - Started process (PID=92290) to work on /home/airflow/.local/lib/python3.8/site-packages/airflow/example_dags/example_branch_operator_decorator.py
[2023-10-06T00:12:47.553+0000] {processor.py:829} INFO - Processing file /home/airflow/.local/lib/python3.8/site-packages/airflow/example_dags/example_branch_operator_decorator.py for tasks to queue
[2023-10-06T00:12:47.555+0000] {logging_mixin.py:151} INFO - [2023-10-06T00:12:47.555+0000] {dagbag.py:539} INFO - Filling up the DagBag from /home/airflow/.local/lib/python3.8/site-packages/airflow/example_dags/example_branch_operator_decorator.py
[2023-10-06T00:12:47.560+0000] {processor.py:839} INFO - DAG(s) dict_keys(['example_branch_python_operator_decorator']) retrieved from /home/airflow/.local/lib/python3.8/site-packages/airflow/example_dags/example_branch_operator_decorator.py
[2023-10-06T00:12:47.573+0000] {logging_mixin.py:151} INFO - [2023-10-06T00:12:47.573+0000] {dag.py:2907} INFO - Sync 1 DAGs
[2023-10-06T00:12:47.584+0000] {logging_mixin.py:151} INFO - [2023-10-06T00:12:47.584+0000] {dag.py:3677} INFO - Setting next_dagrun for example_branch_python_operator_decorator to 2023-10-05T00:00:00+00:00, run_after=2023-10-06T00:00:00+00:00
[2023-10-06T00:12:47.595+0000] {processor.py:179} INFO - Processing /home/airflow/.local/lib/python3.8/site-packages/airflow/example_dags/example_branch_operator_decorator.py took 0.044 seconds
[2023-10-06T00:13:17.925+0000] {processor.py:157} INFO - Started process (PID=92341) to work on /home/airflow/.local/lib/python3.8/site-packages/airflow/example_dags/example_branch_operator_decorator.py
[2023-10-06T00:13:17.925+0000] {processor.py:829} INFO - Processing file /home/airflow/.local/lib/python3.8/site-packages/airflow/example_dags/example_branch_operator_decorator.py for tasks to queue
[2023-10-06T00:13:17.926+0000] {logging_mixin.py:151} INFO - [2023-10-06T00:13:17.926+0000] {dagbag.py:539} INFO - Filling up the DagBag from /home/airflow/.local/lib/python3.8/site-packages/airflow/example_dags/example_branch_operator_decorator.py
[2023-10-06T00:13:17.932+0000] {processor.py:839} INFO - DAG(s) dict_keys(['example_branch_python_operator_decorator']) retrieved from /home/airflow/.local/lib/python3.8/site-packages/airflow/example_dags/example_branch_operator_decorator.py
[2023-10-06T00:13:17.944+0000] {logging_mixin.py:151} INFO - [2023-10-06T00:13:17.944+0000] {dag.py:2907} INFO - Sync 1 DAGs
[2023-10-06T00:13:17.955+0000] {logging_mixin.py:151} INFO - [2023-10-06T00:13:17.955+0000] {dag.py:3677} INFO - Setting next_dagrun for example_branch_python_operator_decorator to 2023-10-05T00:00:00+00:00, run_after=2023-10-06T00:00:00+00:00
[2023-10-06T00:13:17.965+0000] {processor.py:179} INFO - Processing /home/airflow/.local/lib/python3.8/site-packages/airflow/example_dags/example_branch_operator_decorator.py took 0.042 seconds
[2023-10-06T00:13:48.412+0000] {processor.py:157} INFO - Started process (PID=92392) to work on /home/airflow/.local/lib/python3.8/site-packages/airflow/example_dags/example_branch_operator_decorator.py
[2023-10-06T00:13:48.413+0000] {processor.py:829} INFO - Processing file /home/airflow/.local/lib/python3.8/site-packages/airflow/example_dags/example_branch_operator_decorator.py for tasks to queue
[2023-10-06T00:13:48.414+0000] {logging_mixin.py:151} INFO - [2023-10-06T00:13:48.414+0000] {dagbag.py:539} INFO - Filling up the DagBag from /home/airflow/.local/lib/python3.8/site-packages/airflow/example_dags/example_branch_operator_decorator.py
[2023-10-06T00:13:48.420+0000] {processor.py:839} INFO - DAG(s) dict_keys(['example_branch_python_operator_decorator']) retrieved from /home/airflow/.local/lib/python3.8/site-packages/airflow/example_dags/example_branch_operator_decorator.py
[2023-10-06T00:13:48.433+0000] {logging_mixin.py:151} INFO - [2023-10-06T00:13:48.433+0000] {dag.py:2907} INFO - Sync 1 DAGs
[2023-10-06T00:13:48.444+0000] {logging_mixin.py:151} INFO - [2023-10-06T00:13:48.444+0000] {dag.py:3677} INFO - Setting next_dagrun for example_branch_python_operator_decorator to 2023-10-05T00:00:00+00:00, run_after=2023-10-06T00:00:00+00:00
[2023-10-06T00:13:48.455+0000] {processor.py:179} INFO - Processing /home/airflow/.local/lib/python3.8/site-packages/airflow/example_dags/example_branch_operator_decorator.py took 0.045 seconds
[2023-10-06T00:14:18.679+0000] {processor.py:157} INFO - Started process (PID=92443) to work on /home/airflow/.local/lib/python3.8/site-packages/airflow/example_dags/example_branch_operator_decorator.py
[2023-10-06T00:14:18.680+0000] {processor.py:829} INFO - Processing file /home/airflow/.local/lib/python3.8/site-packages/airflow/example_dags/example_branch_operator_decorator.py for tasks to queue
[2023-10-06T00:14:18.681+0000] {logging_mixin.py:151} INFO - [2023-10-06T00:14:18.681+0000] {dagbag.py:539} INFO - Filling up the DagBag from /home/airflow/.local/lib/python3.8/site-packages/airflow/example_dags/example_branch_operator_decorator.py
[2023-10-06T00:14:18.687+0000] {processor.py:839} INFO - DAG(s) dict_keys(['example_branch_python_operator_decorator']) retrieved from /home/airflow/.local/lib/python3.8/site-packages/airflow/example_dags/example_branch_operator_decorator.py
[2023-10-06T00:14:18.700+0000] {logging_mixin.py:151} INFO - [2023-10-06T00:14:18.700+0000] {dag.py:2907} INFO - Sync 1 DAGs
[2023-10-06T00:14:18.711+0000] {logging_mixin.py:151} INFO - [2023-10-06T00:14:18.711+0000] {dag.py:3677} INFO - Setting next_dagrun for example_branch_python_operator_decorator to 2023-10-05T00:00:00+00:00, run_after=2023-10-06T00:00:00+00:00
[2023-10-06T00:14:18.722+0000] {processor.py:179} INFO - Processing /home/airflow/.local/lib/python3.8/site-packages/airflow/example_dags/example_branch_operator_decorator.py took 0.044 seconds
[2023-10-06T00:14:49.408+0000] {processor.py:157} INFO - Started process (PID=92494) to work on /home/airflow/.local/lib/python3.8/site-packages/airflow/example_dags/example_branch_operator_decorator.py
[2023-10-06T00:14:49.408+0000] {processor.py:829} INFO - Processing file /home/airflow/.local/lib/python3.8/site-packages/airflow/example_dags/example_branch_operator_decorator.py for tasks to queue
[2023-10-06T00:14:49.409+0000] {logging_mixin.py:151} INFO - [2023-10-06T00:14:49.409+0000] {dagbag.py:539} INFO - Filling up the DagBag from /home/airflow/.local/lib/python3.8/site-packages/airflow/example_dags/example_branch_operator_decorator.py
[2023-10-06T00:14:49.415+0000] {processor.py:839} INFO - DAG(s) dict_keys(['example_branch_python_operator_decorator']) retrieved from /home/airflow/.local/lib/python3.8/site-packages/airflow/example_dags/example_branch_operator_decorator.py
[2023-10-06T00:14:49.430+0000] {logging_mixin.py:151} INFO - [2023-10-06T00:14:49.430+0000] {dag.py:2907} INFO - Sync 1 DAGs
[2023-10-06T00:14:49.442+0000] {logging_mixin.py:151} INFO - [2023-10-06T00:14:49.442+0000] {dag.py:3677} INFO - Setting next_dagrun for example_branch_python_operator_decorator to 2023-10-05T00:00:00+00:00, run_after=2023-10-06T00:00:00+00:00
[2023-10-06T00:14:49.454+0000] {processor.py:179} INFO - Processing /home/airflow/.local/lib/python3.8/site-packages/airflow/example_dags/example_branch_operator_decorator.py took 0.048 seconds
[2023-10-06T00:15:20.087+0000] {processor.py:157} INFO - Started process (PID=92545) to work on /home/airflow/.local/lib/python3.8/site-packages/airflow/example_dags/example_branch_operator_decorator.py
[2023-10-06T00:15:20.088+0000] {processor.py:829} INFO - Processing file /home/airflow/.local/lib/python3.8/site-packages/airflow/example_dags/example_branch_operator_decorator.py for tasks to queue
[2023-10-06T00:15:20.090+0000] {logging_mixin.py:151} INFO - [2023-10-06T00:15:20.089+0000] {dagbag.py:539} INFO - Filling up the DagBag from /home/airflow/.local/lib/python3.8/site-packages/airflow/example_dags/example_branch_operator_decorator.py
[2023-10-06T00:15:20.096+0000] {processor.py:839} INFO - DAG(s) dict_keys(['example_branch_python_operator_decorator']) retrieved from /home/airflow/.local/lib/python3.8/site-packages/airflow/example_dags/example_branch_operator_decorator.py
[2023-10-06T00:15:20.110+0000] {logging_mixin.py:151} INFO - [2023-10-06T00:15:20.110+0000] {dag.py:2907} INFO - Sync 1 DAGs
[2023-10-06T00:15:20.125+0000] {logging_mixin.py:151} INFO - [2023-10-06T00:15:20.125+0000] {dag.py:3677} INFO - Setting next_dagrun for example_branch_python_operator_decorator to 2023-10-05T00:00:00+00:00, run_after=2023-10-06T00:00:00+00:00
[2023-10-06T00:15:20.141+0000] {processor.py:179} INFO - Processing /home/airflow/.local/lib/python3.8/site-packages/airflow/example_dags/example_branch_operator_decorator.py took 0.056 seconds
[2023-10-06T00:15:50.813+0000] {processor.py:157} INFO - Started process (PID=92596) to work on /home/airflow/.local/lib/python3.8/site-packages/airflow/example_dags/example_branch_operator_decorator.py
[2023-10-06T00:15:50.814+0000] {processor.py:829} INFO - Processing file /home/airflow/.local/lib/python3.8/site-packages/airflow/example_dags/example_branch_operator_decorator.py for tasks to queue
[2023-10-06T00:15:50.815+0000] {logging_mixin.py:151} INFO - [2023-10-06T00:15:50.815+0000] {dagbag.py:539} INFO - Filling up the DagBag from /home/airflow/.local/lib/python3.8/site-packages/airflow/example_dags/example_branch_operator_decorator.py
[2023-10-06T00:15:50.821+0000] {processor.py:839} INFO - DAG(s) dict_keys(['example_branch_python_operator_decorator']) retrieved from /home/airflow/.local/lib/python3.8/site-packages/airflow/example_dags/example_branch_operator_decorator.py
[2023-10-06T00:15:50.851+0000] {logging_mixin.py:151} INFO - [2023-10-06T00:15:50.851+0000] {dag.py:2907} INFO - Sync 1 DAGs
[2023-10-06T00:15:50.861+0000] {logging_mixin.py:151} INFO - [2023-10-06T00:15:50.861+0000] {dag.py:3677} INFO - Setting next_dagrun for example_branch_python_operator_decorator to 2023-10-05T00:00:00+00:00, run_after=2023-10-06T00:00:00+00:00
[2023-10-06T00:15:50.873+0000] {processor.py:179} INFO - Processing /home/airflow/.local/lib/python3.8/site-packages/airflow/example_dags/example_branch_operator_decorator.py took 0.061 seconds
[2023-10-06T00:16:21.198+0000] {processor.py:157} INFO - Started process (PID=92647) to work on /home/airflow/.local/lib/python3.8/site-packages/airflow/example_dags/example_branch_operator_decorator.py
[2023-10-06T00:16:21.199+0000] {processor.py:829} INFO - Processing file /home/airflow/.local/lib/python3.8/site-packages/airflow/example_dags/example_branch_operator_decorator.py for tasks to queue
[2023-10-06T00:16:21.200+0000] {logging_mixin.py:151} INFO - [2023-10-06T00:16:21.200+0000] {dagbag.py:539} INFO - Filling up the DagBag from /home/airflow/.local/lib/python3.8/site-packages/airflow/example_dags/example_branch_operator_decorator.py
[2023-10-06T00:16:21.205+0000] {processor.py:839} INFO - DAG(s) dict_keys(['example_branch_python_operator_decorator']) retrieved from /home/airflow/.local/lib/python3.8/site-packages/airflow/example_dags/example_branch_operator_decorator.py
[2023-10-06T00:16:21.219+0000] {logging_mixin.py:151} INFO - [2023-10-06T00:16:21.219+0000] {dag.py:2907} INFO - Sync 1 DAGs
[2023-10-06T00:16:21.229+0000] {logging_mixin.py:151} INFO - [2023-10-06T00:16:21.229+0000] {dag.py:3677} INFO - Setting next_dagrun for example_branch_python_operator_decorator to 2023-10-05T00:00:00+00:00, run_after=2023-10-06T00:00:00+00:00
[2023-10-06T00:16:21.240+0000] {processor.py:179} INFO - Processing /home/airflow/.local/lib/python3.8/site-packages/airflow/example_dags/example_branch_operator_decorator.py took 0.044 seconds
[2023-10-06T00:31:52.575+0000] {processor.py:157} INFO - Started process (PID=92698) to work on /home/airflow/.local/lib/python3.8/site-packages/airflow/example_dags/example_branch_operator_decorator.py
[2023-10-06T00:31:52.575+0000] {processor.py:829} INFO - Processing file /home/airflow/.local/lib/python3.8/site-packages/airflow/example_dags/example_branch_operator_decorator.py for tasks to queue
[2023-10-06T00:31:52.576+0000] {logging_mixin.py:151} INFO - [2023-10-06T00:31:52.576+0000] {dagbag.py:539} INFO - Filling up the DagBag from /home/airflow/.local/lib/python3.8/site-packages/airflow/example_dags/example_branch_operator_decorator.py
[2023-10-06T00:31:52.582+0000] {processor.py:839} INFO - DAG(s) dict_keys(['example_branch_python_operator_decorator']) retrieved from /home/airflow/.local/lib/python3.8/site-packages/airflow/example_dags/example_branch_operator_decorator.py
[2023-10-06T00:31:52.595+0000] {logging_mixin.py:151} INFO - [2023-10-06T00:31:52.595+0000] {dag.py:2907} INFO - Sync 1 DAGs
[2023-10-06T00:31:52.606+0000] {logging_mixin.py:151} INFO - [2023-10-06T00:31:52.606+0000] {dag.py:3677} INFO - Setting next_dagrun for example_branch_python_operator_decorator to 2023-10-05T00:00:00+00:00, run_after=2023-10-06T00:00:00+00:00
[2023-10-06T00:31:52.617+0000] {processor.py:179} INFO - Processing /home/airflow/.local/lib/python3.8/site-packages/airflow/example_dags/example_branch_operator_decorator.py took 0.045 seconds
[2023-10-06T00:32:23.383+0000] {processor.py:157} INFO - Started process (PID=92749) to work on /home/airflow/.local/lib/python3.8/site-packages/airflow/example_dags/example_branch_operator_decorator.py
[2023-10-06T00:32:23.384+0000] {processor.py:829} INFO - Processing file /home/airflow/.local/lib/python3.8/site-packages/airflow/example_dags/example_branch_operator_decorator.py for tasks to queue
[2023-10-06T00:32:23.385+0000] {logging_mixin.py:151} INFO - [2023-10-06T00:32:23.385+0000] {dagbag.py:539} INFO - Filling up the DagBag from /home/airflow/.local/lib/python3.8/site-packages/airflow/example_dags/example_branch_operator_decorator.py
[2023-10-06T00:32:23.391+0000] {processor.py:839} INFO - DAG(s) dict_keys(['example_branch_python_operator_decorator']) retrieved from /home/airflow/.local/lib/python3.8/site-packages/airflow/example_dags/example_branch_operator_decorator.py
[2023-10-06T00:32:23.406+0000] {logging_mixin.py:151} INFO - [2023-10-06T00:32:23.406+0000] {dag.py:2907} INFO - Sync 1 DAGs
[2023-10-06T00:32:23.418+0000] {logging_mixin.py:151} INFO - [2023-10-06T00:32:23.418+0000] {dag.py:3677} INFO - Setting next_dagrun for example_branch_python_operator_decorator to 2023-10-05T00:00:00+00:00, run_after=2023-10-06T00:00:00+00:00
[2023-10-06T00:32:23.429+0000] {processor.py:179} INFO - Processing /home/airflow/.local/lib/python3.8/site-packages/airflow/example_dags/example_branch_operator_decorator.py took 0.048 seconds
[2023-10-06T00:37:51.294+0000] {processor.py:157} INFO - Started process (PID=92800) to work on /home/airflow/.local/lib/python3.8/site-packages/airflow/example_dags/example_branch_operator_decorator.py
[2023-10-06T00:37:51.299+0000] {processor.py:829} INFO - Processing file /home/airflow/.local/lib/python3.8/site-packages/airflow/example_dags/example_branch_operator_decorator.py for tasks to queue
[2023-10-06T00:37:51.306+0000] {logging_mixin.py:151} INFO - [2023-10-06T00:37:51.306+0000] {dagbag.py:539} INFO - Filling up the DagBag from /home/airflow/.local/lib/python3.8/site-packages/airflow/example_dags/example_branch_operator_decorator.py
[2023-10-06T00:37:51.321+0000] {processor.py:839} INFO - DAG(s) dict_keys(['example_branch_python_operator_decorator']) retrieved from /home/airflow/.local/lib/python3.8/site-packages/airflow/example_dags/example_branch_operator_decorator.py
[2023-10-06T00:37:51.339+0000] {logging_mixin.py:151} INFO - [2023-10-06T00:37:51.339+0000] {dag.py:2907} INFO - Sync 1 DAGs
[2023-10-06T00:37:51.354+0000] {logging_mixin.py:151} INFO - [2023-10-06T00:37:51.354+0000] {dag.py:3677} INFO - Setting next_dagrun for example_branch_python_operator_decorator to 2023-10-05T00:00:00+00:00, run_after=2023-10-06T00:00:00+00:00
[2023-10-06T00:37:51.366+0000] {processor.py:179} INFO - Processing /home/airflow/.local/lib/python3.8/site-packages/airflow/example_dags/example_branch_operator_decorator.py took 0.081 seconds
[2023-10-06T00:43:19.980+0000] {processor.py:157} INFO - Started process (PID=92851) to work on /home/airflow/.local/lib/python3.8/site-packages/airflow/example_dags/example_branch_operator_decorator.py
[2023-10-06T00:43:19.981+0000] {processor.py:829} INFO - Processing file /home/airflow/.local/lib/python3.8/site-packages/airflow/example_dags/example_branch_operator_decorator.py for tasks to queue
[2023-10-06T00:43:19.982+0000] {logging_mixin.py:151} INFO - [2023-10-06T00:43:19.982+0000] {dagbag.py:539} INFO - Filling up the DagBag from /home/airflow/.local/lib/python3.8/site-packages/airflow/example_dags/example_branch_operator_decorator.py
[2023-10-06T00:43:19.988+0000] {processor.py:839} INFO - DAG(s) dict_keys(['example_branch_python_operator_decorator']) retrieved from /home/airflow/.local/lib/python3.8/site-packages/airflow/example_dags/example_branch_operator_decorator.py
[2023-10-06T00:43:20.001+0000] {logging_mixin.py:151} INFO - [2023-10-06T00:43:20.001+0000] {dag.py:2907} INFO - Sync 1 DAGs
[2023-10-06T00:43:20.013+0000] {logging_mixin.py:151} INFO - [2023-10-06T00:43:20.012+0000] {dag.py:3677} INFO - Setting next_dagrun for example_branch_python_operator_decorator to 2023-10-05T00:00:00+00:00, run_after=2023-10-06T00:00:00+00:00
[2023-10-06T00:43:20.023+0000] {processor.py:179} INFO - Processing /home/airflow/.local/lib/python3.8/site-packages/airflow/example_dags/example_branch_operator_decorator.py took 0.046 seconds
[2023-10-06T00:43:50.504+0000] {processor.py:157} INFO - Started process (PID=92902) to work on /home/airflow/.local/lib/python3.8/site-packages/airflow/example_dags/example_branch_operator_decorator.py
[2023-10-06T00:43:50.504+0000] {processor.py:829} INFO - Processing file /home/airflow/.local/lib/python3.8/site-packages/airflow/example_dags/example_branch_operator_decorator.py for tasks to queue
[2023-10-06T00:43:50.506+0000] {logging_mixin.py:151} INFO - [2023-10-06T00:43:50.506+0000] {dagbag.py:539} INFO - Filling up the DagBag from /home/airflow/.local/lib/python3.8/site-packages/airflow/example_dags/example_branch_operator_decorator.py
[2023-10-06T00:43:50.512+0000] {processor.py:839} INFO - DAG(s) dict_keys(['example_branch_python_operator_decorator']) retrieved from /home/airflow/.local/lib/python3.8/site-packages/airflow/example_dags/example_branch_operator_decorator.py
[2023-10-06T00:43:50.525+0000] {logging_mixin.py:151} INFO - [2023-10-06T00:43:50.525+0000] {dag.py:2907} INFO - Sync 1 DAGs
[2023-10-06T00:43:50.536+0000] {logging_mixin.py:151} INFO - [2023-10-06T00:43:50.536+0000] {dag.py:3677} INFO - Setting next_dagrun for example_branch_python_operator_decorator to 2023-10-05T00:00:00+00:00, run_after=2023-10-06T00:00:00+00:00
[2023-10-06T00:43:50.547+0000] {processor.py:179} INFO - Processing /home/airflow/.local/lib/python3.8/site-packages/airflow/example_dags/example_branch_operator_decorator.py took 0.045 seconds
[2023-10-06T00:49:18.958+0000] {processor.py:157} INFO - Started process (PID=92953) to work on /home/airflow/.local/lib/python3.8/site-packages/airflow/example_dags/example_branch_operator_decorator.py
[2023-10-06T00:49:18.959+0000] {processor.py:829} INFO - Processing file /home/airflow/.local/lib/python3.8/site-packages/airflow/example_dags/example_branch_operator_decorator.py for tasks to queue
[2023-10-06T00:49:18.960+0000] {logging_mixin.py:151} INFO - [2023-10-06T00:49:18.960+0000] {dagbag.py:539} INFO - Filling up the DagBag from /home/airflow/.local/lib/python3.8/site-packages/airflow/example_dags/example_branch_operator_decorator.py
[2023-10-06T00:49:18.966+0000] {processor.py:839} INFO - DAG(s) dict_keys(['example_branch_python_operator_decorator']) retrieved from /home/airflow/.local/lib/python3.8/site-packages/airflow/example_dags/example_branch_operator_decorator.py
[2023-10-06T00:49:18.986+0000] {logging_mixin.py:151} INFO - [2023-10-06T00:49:18.986+0000] {dag.py:2907} INFO - Sync 1 DAGs
[2023-10-06T00:49:18.996+0000] {logging_mixin.py:151} INFO - [2023-10-06T00:49:18.996+0000] {dag.py:3677} INFO - Setting next_dagrun for example_branch_python_operator_decorator to 2023-10-05T00:00:00+00:00, run_after=2023-10-06T00:00:00+00:00
[2023-10-06T00:49:19.007+0000] {processor.py:179} INFO - Processing /home/airflow/.local/lib/python3.8/site-packages/airflow/example_dags/example_branch_operator_decorator.py took 0.051 seconds
[2023-10-06T00:54:47.780+0000] {processor.py:157} INFO - Started process (PID=93004) to work on /home/airflow/.local/lib/python3.8/site-packages/airflow/example_dags/example_branch_operator_decorator.py
[2023-10-06T00:54:47.780+0000] {processor.py:829} INFO - Processing file /home/airflow/.local/lib/python3.8/site-packages/airflow/example_dags/example_branch_operator_decorator.py for tasks to queue
[2023-10-06T00:54:47.782+0000] {logging_mixin.py:151} INFO - [2023-10-06T00:54:47.782+0000] {dagbag.py:539} INFO - Filling up the DagBag from /home/airflow/.local/lib/python3.8/site-packages/airflow/example_dags/example_branch_operator_decorator.py
[2023-10-06T00:54:47.788+0000] {processor.py:839} INFO - DAG(s) dict_keys(['example_branch_python_operator_decorator']) retrieved from /home/airflow/.local/lib/python3.8/site-packages/airflow/example_dags/example_branch_operator_decorator.py
[2023-10-06T00:54:47.802+0000] {logging_mixin.py:151} INFO - [2023-10-06T00:54:47.802+0000] {dag.py:2907} INFO - Sync 1 DAGs
[2023-10-06T00:54:47.815+0000] {logging_mixin.py:151} INFO - [2023-10-06T00:54:47.815+0000] {dag.py:3677} INFO - Setting next_dagrun for example_branch_python_operator_decorator to 2023-10-05T00:00:00+00:00, run_after=2023-10-06T00:00:00+00:00
[2023-10-06T00:54:47.826+0000] {processor.py:179} INFO - Processing /home/airflow/.local/lib/python3.8/site-packages/airflow/example_dags/example_branch_operator_decorator.py took 0.049 seconds
[2023-10-06T00:55:18.777+0000] {processor.py:157} INFO - Started process (PID=93055) to work on /home/airflow/.local/lib/python3.8/site-packages/airflow/example_dags/example_branch_operator_decorator.py
[2023-10-06T00:55:18.778+0000] {processor.py:829} INFO - Processing file /home/airflow/.local/lib/python3.8/site-packages/airflow/example_dags/example_branch_operator_decorator.py for tasks to queue
[2023-10-06T00:55:18.779+0000] {logging_mixin.py:151} INFO - [2023-10-06T00:55:18.779+0000] {dagbag.py:539} INFO - Filling up the DagBag from /home/airflow/.local/lib/python3.8/site-packages/airflow/example_dags/example_branch_operator_decorator.py
[2023-10-06T00:55:18.785+0000] {processor.py:839} INFO - DAG(s) dict_keys(['example_branch_python_operator_decorator']) retrieved from /home/airflow/.local/lib/python3.8/site-packages/airflow/example_dags/example_branch_operator_decorator.py
[2023-10-06T00:55:18.799+0000] {logging_mixin.py:151} INFO - [2023-10-06T00:55:18.799+0000] {dag.py:2907} INFO - Sync 1 DAGs
[2023-10-06T00:55:18.810+0000] {logging_mixin.py:151} INFO - [2023-10-06T00:55:18.810+0000] {dag.py:3677} INFO - Setting next_dagrun for example_branch_python_operator_decorator to 2023-10-05T00:00:00+00:00, run_after=2023-10-06T00:00:00+00:00
[2023-10-06T00:55:18.821+0000] {processor.py:179} INFO - Processing /home/airflow/.local/lib/python3.8/site-packages/airflow/example_dags/example_branch_operator_decorator.py took 0.046 seconds
[2023-10-06T00:55:49.135+0000] {processor.py:157} INFO - Started process (PID=93106) to work on /home/airflow/.local/lib/python3.8/site-packages/airflow/example_dags/example_branch_operator_decorator.py
[2023-10-06T00:55:49.136+0000] {processor.py:829} INFO - Processing file /home/airflow/.local/lib/python3.8/site-packages/airflow/example_dags/example_branch_operator_decorator.py for tasks to queue
[2023-10-06T00:55:49.137+0000] {logging_mixin.py:151} INFO - [2023-10-06T00:55:49.137+0000] {dagbag.py:539} INFO - Filling up the DagBag from /home/airflow/.local/lib/python3.8/site-packages/airflow/example_dags/example_branch_operator_decorator.py
[2023-10-06T00:55:49.144+0000] {processor.py:839} INFO - DAG(s) dict_keys(['example_branch_python_operator_decorator']) retrieved from /home/airflow/.local/lib/python3.8/site-packages/airflow/example_dags/example_branch_operator_decorator.py
[2023-10-06T00:55:49.156+0000] {logging_mixin.py:151} INFO - [2023-10-06T00:55:49.156+0000] {dag.py:2907} INFO - Sync 1 DAGs
[2023-10-06T00:55:49.166+0000] {logging_mixin.py:151} INFO - [2023-10-06T00:55:49.166+0000] {dag.py:3677} INFO - Setting next_dagrun for example_branch_python_operator_decorator to 2023-10-05T00:00:00+00:00, run_after=2023-10-06T00:00:00+00:00
[2023-10-06T00:55:49.177+0000] {processor.py:179} INFO - Processing /home/airflow/.local/lib/python3.8/site-packages/airflow/example_dags/example_branch_operator_decorator.py took 0.043 seconds
[2023-10-06T00:56:20.006+0000] {processor.py:157} INFO - Started process (PID=93157) to work on /home/airflow/.local/lib/python3.8/site-packages/airflow/example_dags/example_branch_operator_decorator.py
[2023-10-06T00:56:20.006+0000] {processor.py:829} INFO - Processing file /home/airflow/.local/lib/python3.8/site-packages/airflow/example_dags/example_branch_operator_decorator.py for tasks to queue
[2023-10-06T00:56:20.007+0000] {logging_mixin.py:151} INFO - [2023-10-06T00:56:20.007+0000] {dagbag.py:539} INFO - Filling up the DagBag from /home/airflow/.local/lib/python3.8/site-packages/airflow/example_dags/example_branch_operator_decorator.py
[2023-10-06T00:56:20.013+0000] {processor.py:839} INFO - DAG(s) dict_keys(['example_branch_python_operator_decorator']) retrieved from /home/airflow/.local/lib/python3.8/site-packages/airflow/example_dags/example_branch_operator_decorator.py
[2023-10-06T00:56:20.027+0000] {logging_mixin.py:151} INFO - [2023-10-06T00:56:20.027+0000] {dag.py:2907} INFO - Sync 1 DAGs
[2023-10-06T00:56:20.038+0000] {logging_mixin.py:151} INFO - [2023-10-06T00:56:20.038+0000] {dag.py:3677} INFO - Setting next_dagrun for example_branch_python_operator_decorator to 2023-10-05T00:00:00+00:00, run_after=2023-10-06T00:00:00+00:00
[2023-10-06T00:56:20.049+0000] {processor.py:179} INFO - Processing /home/airflow/.local/lib/python3.8/site-packages/airflow/example_dags/example_branch_operator_decorator.py took 0.045 seconds
[2023-10-06T00:56:50.394+0000] {processor.py:157} INFO - Started process (PID=93208) to work on /home/airflow/.local/lib/python3.8/site-packages/airflow/example_dags/example_branch_operator_decorator.py
[2023-10-06T00:56:50.394+0000] {processor.py:829} INFO - Processing file /home/airflow/.local/lib/python3.8/site-packages/airflow/example_dags/example_branch_operator_decorator.py for tasks to queue
[2023-10-06T00:56:50.395+0000] {logging_mixin.py:151} INFO - [2023-10-06T00:56:50.395+0000] {dagbag.py:539} INFO - Filling up the DagBag from /home/airflow/.local/lib/python3.8/site-packages/airflow/example_dags/example_branch_operator_decorator.py
[2023-10-06T00:56:50.401+0000] {processor.py:839} INFO - DAG(s) dict_keys(['example_branch_python_operator_decorator']) retrieved from /home/airflow/.local/lib/python3.8/site-packages/airflow/example_dags/example_branch_operator_decorator.py
[2023-10-06T00:56:50.416+0000] {logging_mixin.py:151} INFO - [2023-10-06T00:56:50.416+0000] {dag.py:2907} INFO - Sync 1 DAGs
[2023-10-06T00:56:50.427+0000] {logging_mixin.py:151} INFO - [2023-10-06T00:56:50.427+0000] {dag.py:3677} INFO - Setting next_dagrun for example_branch_python_operator_decorator to 2023-10-05T00:00:00+00:00, run_after=2023-10-06T00:00:00+00:00
[2023-10-06T00:56:50.439+0000] {processor.py:179} INFO - Processing /home/airflow/.local/lib/python3.8/site-packages/airflow/example_dags/example_branch_operator_decorator.py took 0.047 seconds
[2023-10-06T01:03:59.899+0000] {processor.py:157} INFO - Started process (PID=93259) to work on /home/airflow/.local/lib/python3.8/site-packages/airflow/example_dags/example_branch_operator_decorator.py
[2023-10-06T01:03:59.900+0000] {processor.py:829} INFO - Processing file /home/airflow/.local/lib/python3.8/site-packages/airflow/example_dags/example_branch_operator_decorator.py for tasks to queue
[2023-10-06T01:03:59.901+0000] {logging_mixin.py:151} INFO - [2023-10-06T01:03:59.901+0000] {dagbag.py:539} INFO - Filling up the DagBag from /home/airflow/.local/lib/python3.8/site-packages/airflow/example_dags/example_branch_operator_decorator.py
[2023-10-06T01:03:59.907+0000] {processor.py:839} INFO - DAG(s) dict_keys(['example_branch_python_operator_decorator']) retrieved from /home/airflow/.local/lib/python3.8/site-packages/airflow/example_dags/example_branch_operator_decorator.py
[2023-10-06T01:03:59.920+0000] {logging_mixin.py:151} INFO - [2023-10-06T01:03:59.920+0000] {dag.py:2907} INFO - Sync 1 DAGs
[2023-10-06T01:03:59.931+0000] {logging_mixin.py:151} INFO - [2023-10-06T01:03:59.931+0000] {dag.py:3677} INFO - Setting next_dagrun for example_branch_python_operator_decorator to 2023-10-05T00:00:00+00:00, run_after=2023-10-06T00:00:00+00:00
[2023-10-06T01:03:59.942+0000] {processor.py:179} INFO - Processing /home/airflow/.local/lib/python3.8/site-packages/airflow/example_dags/example_branch_operator_decorator.py took 0.044 seconds
[2023-10-06T01:47:59.399+0000] {processor.py:157} INFO - Started process (PID=93310) to work on /home/airflow/.local/lib/python3.8/site-packages/airflow/example_dags/example_branch_operator_decorator.py
[2023-10-06T01:47:59.400+0000] {processor.py:829} INFO - Processing file /home/airflow/.local/lib/python3.8/site-packages/airflow/example_dags/example_branch_operator_decorator.py for tasks to queue
[2023-10-06T01:47:59.401+0000] {logging_mixin.py:151} INFO - [2023-10-06T01:47:59.401+0000] {dagbag.py:539} INFO - Filling up the DagBag from /home/airflow/.local/lib/python3.8/site-packages/airflow/example_dags/example_branch_operator_decorator.py
[2023-10-06T01:47:59.407+0000] {processor.py:839} INFO - DAG(s) dict_keys(['example_branch_python_operator_decorator']) retrieved from /home/airflow/.local/lib/python3.8/site-packages/airflow/example_dags/example_branch_operator_decorator.py
[2023-10-06T01:47:59.426+0000] {logging_mixin.py:151} INFO - [2023-10-06T01:47:59.426+0000] {dag.py:2907} INFO - Sync 1 DAGs
[2023-10-06T01:47:59.440+0000] {logging_mixin.py:151} INFO - [2023-10-06T01:47:59.440+0000] {dag.py:3677} INFO - Setting next_dagrun for example_branch_python_operator_decorator to 2023-10-05T00:00:00+00:00, run_after=2023-10-06T00:00:00+00:00
[2023-10-06T01:47:59.458+0000] {processor.py:179} INFO - Processing /home/airflow/.local/lib/python3.8/site-packages/airflow/example_dags/example_branch_operator_decorator.py took 0.060 seconds
[2023-10-06T03:12:11.157+0000] {processor.py:157} INFO - Started process (PID=93361) to work on /home/airflow/.local/lib/python3.8/site-packages/airflow/example_dags/example_branch_operator_decorator.py
[2023-10-06T03:12:11.160+0000] {processor.py:829} INFO - Processing file /home/airflow/.local/lib/python3.8/site-packages/airflow/example_dags/example_branch_operator_decorator.py for tasks to queue
[2023-10-06T03:12:11.161+0000] {logging_mixin.py:151} INFO - [2023-10-06T03:12:11.161+0000] {dagbag.py:539} INFO - Filling up the DagBag from /home/airflow/.local/lib/python3.8/site-packages/airflow/example_dags/example_branch_operator_decorator.py
[2023-10-06T03:12:11.167+0000] {processor.py:839} INFO - DAG(s) dict_keys(['example_branch_python_operator_decorator']) retrieved from /home/airflow/.local/lib/python3.8/site-packages/airflow/example_dags/example_branch_operator_decorator.py
[2023-10-06T03:12:11.183+0000] {logging_mixin.py:151} INFO - [2023-10-06T03:12:11.182+0000] {dag.py:2907} INFO - Sync 1 DAGs
[2023-10-06T03:12:11.194+0000] {logging_mixin.py:151} INFO - [2023-10-06T03:12:11.194+0000] {dag.py:3677} INFO - Setting next_dagrun for example_branch_python_operator_decorator to 2023-10-05T00:00:00+00:00, run_after=2023-10-06T00:00:00+00:00
[2023-10-06T03:12:11.206+0000] {processor.py:179} INFO - Processing /home/airflow/.local/lib/python3.8/site-packages/airflow/example_dags/example_branch_operator_decorator.py took 0.052 seconds
[2023-10-06T04:32:22.234+0000] {processor.py:157} INFO - Started process (PID=93412) to work on /home/airflow/.local/lib/python3.8/site-packages/airflow/example_dags/example_branch_operator_decorator.py
[2023-10-06T04:32:22.235+0000] {processor.py:829} INFO - Processing file /home/airflow/.local/lib/python3.8/site-packages/airflow/example_dags/example_branch_operator_decorator.py for tasks to queue
[2023-10-06T04:32:22.236+0000] {logging_mixin.py:151} INFO - [2023-10-06T04:32:22.236+0000] {dagbag.py:539} INFO - Filling up the DagBag from /home/airflow/.local/lib/python3.8/site-packages/airflow/example_dags/example_branch_operator_decorator.py
[2023-10-06T04:32:22.242+0000] {processor.py:839} INFO - DAG(s) dict_keys(['example_branch_python_operator_decorator']) retrieved from /home/airflow/.local/lib/python3.8/site-packages/airflow/example_dags/example_branch_operator_decorator.py
[2023-10-06T04:32:22.256+0000] {logging_mixin.py:151} INFO - [2023-10-06T04:32:22.256+0000] {dag.py:2907} INFO - Sync 1 DAGs
[2023-10-06T04:32:22.267+0000] {logging_mixin.py:151} INFO - [2023-10-06T04:32:22.267+0000] {dag.py:3677} INFO - Setting next_dagrun for example_branch_python_operator_decorator to 2023-10-05T00:00:00+00:00, run_after=2023-10-06T00:00:00+00:00
[2023-10-06T04:32:22.278+0000] {processor.py:179} INFO - Processing /home/airflow/.local/lib/python3.8/site-packages/airflow/example_dags/example_branch_operator_decorator.py took 0.046 seconds
[2023-10-06T05:56:31.598+0000] {processor.py:157} INFO - Started process (PID=93463) to work on /home/airflow/.local/lib/python3.8/site-packages/airflow/example_dags/example_branch_operator_decorator.py
[2023-10-06T05:56:31.599+0000] {processor.py:829} INFO - Processing file /home/airflow/.local/lib/python3.8/site-packages/airflow/example_dags/example_branch_operator_decorator.py for tasks to queue
[2023-10-06T05:56:31.600+0000] {logging_mixin.py:151} INFO - [2023-10-06T05:56:31.600+0000] {dagbag.py:539} INFO - Filling up the DagBag from /home/airflow/.local/lib/python3.8/site-packages/airflow/example_dags/example_branch_operator_decorator.py
[2023-10-06T05:56:31.606+0000] {processor.py:839} INFO - DAG(s) dict_keys(['example_branch_python_operator_decorator']) retrieved from /home/airflow/.local/lib/python3.8/site-packages/airflow/example_dags/example_branch_operator_decorator.py
[2023-10-06T05:56:31.620+0000] {logging_mixin.py:151} INFO - [2023-10-06T05:56:31.620+0000] {dag.py:2907} INFO - Sync 1 DAGs
[2023-10-06T05:56:31.632+0000] {logging_mixin.py:151} INFO - [2023-10-06T05:56:31.632+0000] {dag.py:3677} INFO - Setting next_dagrun for example_branch_python_operator_decorator to 2023-10-05T00:00:00+00:00, run_after=2023-10-06T00:00:00+00:00
[2023-10-06T05:56:31.643+0000] {processor.py:179} INFO - Processing /home/airflow/.local/lib/python3.8/site-packages/airflow/example_dags/example_branch_operator_decorator.py took 0.047 seconds
[2023-10-06T07:21:27.936+0000] {processor.py:157} INFO - Started process (PID=93514) to work on /home/airflow/.local/lib/python3.8/site-packages/airflow/example_dags/example_branch_operator_decorator.py
[2023-10-06T07:21:27.936+0000] {processor.py:829} INFO - Processing file /home/airflow/.local/lib/python3.8/site-packages/airflow/example_dags/example_branch_operator_decorator.py for tasks to queue
[2023-10-06T07:21:27.937+0000] {logging_mixin.py:151} INFO - [2023-10-06T07:21:27.937+0000] {dagbag.py:539} INFO - Filling up the DagBag from /home/airflow/.local/lib/python3.8/site-packages/airflow/example_dags/example_branch_operator_decorator.py
[2023-10-06T07:21:27.943+0000] {processor.py:839} INFO - DAG(s) dict_keys(['example_branch_python_operator_decorator']) retrieved from /home/airflow/.local/lib/python3.8/site-packages/airflow/example_dags/example_branch_operator_decorator.py
[2023-10-06T07:21:27.956+0000] {logging_mixin.py:151} INFO - [2023-10-06T07:21:27.956+0000] {dag.py:2907} INFO - Sync 1 DAGs
[2023-10-06T07:21:27.967+0000] {logging_mixin.py:151} INFO - [2023-10-06T07:21:27.967+0000] {dag.py:3677} INFO - Setting next_dagrun for example_branch_python_operator_decorator to 2023-10-05T00:00:00+00:00, run_after=2023-10-06T00:00:00+00:00
[2023-10-06T07:21:27.979+0000] {processor.py:179} INFO - Processing /home/airflow/.local/lib/python3.8/site-packages/airflow/example_dags/example_branch_operator_decorator.py took 0.045 seconds
[2023-10-06T08:42:33.273+0000] {processor.py:157} INFO - Started process (PID=93565) to work on /home/airflow/.local/lib/python3.8/site-packages/airflow/example_dags/example_branch_operator_decorator.py
[2023-10-06T08:42:33.274+0000] {processor.py:829} INFO - Processing file /home/airflow/.local/lib/python3.8/site-packages/airflow/example_dags/example_branch_operator_decorator.py for tasks to queue
[2023-10-06T08:42:33.275+0000] {logging_mixin.py:151} INFO - [2023-10-06T08:42:33.275+0000] {dagbag.py:539} INFO - Filling up the DagBag from /home/airflow/.local/lib/python3.8/site-packages/airflow/example_dags/example_branch_operator_decorator.py
[2023-10-06T08:42:33.281+0000] {processor.py:839} INFO - DAG(s) dict_keys(['example_branch_python_operator_decorator']) retrieved from /home/airflow/.local/lib/python3.8/site-packages/airflow/example_dags/example_branch_operator_decorator.py
[2023-10-06T08:42:33.296+0000] {logging_mixin.py:151} INFO - [2023-10-06T08:42:33.295+0000] {dag.py:2907} INFO - Sync 1 DAGs
[2023-10-06T08:42:33.306+0000] {logging_mixin.py:151} INFO - [2023-10-06T08:42:33.306+0000] {dag.py:3677} INFO - Setting next_dagrun for example_branch_python_operator_decorator to 2023-10-05T00:00:00+00:00, run_after=2023-10-06T00:00:00+00:00
[2023-10-06T08:42:33.318+0000] {processor.py:179} INFO - Processing /home/airflow/.local/lib/python3.8/site-packages/airflow/example_dags/example_branch_operator_decorator.py took 0.046 seconds
[2023-10-06T10:05:56.433+0000] {processor.py:157} INFO - Started process (PID=93616) to work on /home/airflow/.local/lib/python3.8/site-packages/airflow/example_dags/example_branch_operator_decorator.py
[2023-10-06T10:05:56.433+0000] {processor.py:829} INFO - Processing file /home/airflow/.local/lib/python3.8/site-packages/airflow/example_dags/example_branch_operator_decorator.py for tasks to queue
[2023-10-06T10:05:56.434+0000] {logging_mixin.py:151} INFO - [2023-10-06T10:05:56.434+0000] {dagbag.py:539} INFO - Filling up the DagBag from /home/airflow/.local/lib/python3.8/site-packages/airflow/example_dags/example_branch_operator_decorator.py
[2023-10-06T10:05:56.440+0000] {processor.py:839} INFO - DAG(s) dict_keys(['example_branch_python_operator_decorator']) retrieved from /home/airflow/.local/lib/python3.8/site-packages/airflow/example_dags/example_branch_operator_decorator.py
[2023-10-06T10:05:56.454+0000] {logging_mixin.py:151} INFO - [2023-10-06T10:05:56.454+0000] {dag.py:2907} INFO - Sync 1 DAGs
[2023-10-06T10:05:56.464+0000] {logging_mixin.py:151} INFO - [2023-10-06T10:05:56.464+0000] {dag.py:3677} INFO - Setting next_dagrun for example_branch_python_operator_decorator to 2023-10-05T00:00:00+00:00, run_after=2023-10-06T00:00:00+00:00
[2023-10-06T10:05:56.475+0000] {processor.py:179} INFO - Processing /home/airflow/.local/lib/python3.8/site-packages/airflow/example_dags/example_branch_operator_decorator.py took 0.045 seconds
[2023-10-06T11:25:34.599+0000] {processor.py:157} INFO - Started process (PID=93667) to work on /home/airflow/.local/lib/python3.8/site-packages/airflow/example_dags/example_branch_operator_decorator.py
[2023-10-06T11:25:34.600+0000] {processor.py:829} INFO - Processing file /home/airflow/.local/lib/python3.8/site-packages/airflow/example_dags/example_branch_operator_decorator.py for tasks to queue
[2023-10-06T11:25:34.601+0000] {logging_mixin.py:151} INFO - [2023-10-06T11:25:34.601+0000] {dagbag.py:539} INFO - Filling up the DagBag from /home/airflow/.local/lib/python3.8/site-packages/airflow/example_dags/example_branch_operator_decorator.py
[2023-10-06T11:25:34.608+0000] {processor.py:839} INFO - DAG(s) dict_keys(['example_branch_python_operator_decorator']) retrieved from /home/airflow/.local/lib/python3.8/site-packages/airflow/example_dags/example_branch_operator_decorator.py
[2023-10-06T11:25:34.623+0000] {logging_mixin.py:151} INFO - [2023-10-06T11:25:34.622+0000] {dag.py:2907} INFO - Sync 1 DAGs
[2023-10-06T11:25:34.634+0000] {logging_mixin.py:151} INFO - [2023-10-06T11:25:34.634+0000] {dag.py:3677} INFO - Setting next_dagrun for example_branch_python_operator_decorator to 2023-10-05T00:00:00+00:00, run_after=2023-10-06T00:00:00+00:00
[2023-10-06T11:25:34.645+0000] {processor.py:179} INFO - Processing /home/airflow/.local/lib/python3.8/site-packages/airflow/example_dags/example_branch_operator_decorator.py took 0.048 seconds
[2023-10-06T12:28:46.508+0000] {processor.py:157} INFO - Started process (PID=93718) to work on /home/airflow/.local/lib/python3.8/site-packages/airflow/example_dags/example_branch_operator_decorator.py
[2023-10-06T12:28:46.508+0000] {processor.py:829} INFO - Processing file /home/airflow/.local/lib/python3.8/site-packages/airflow/example_dags/example_branch_operator_decorator.py for tasks to queue
[2023-10-06T12:28:46.510+0000] {logging_mixin.py:151} INFO - [2023-10-06T12:28:46.509+0000] {dagbag.py:539} INFO - Filling up the DagBag from /home/airflow/.local/lib/python3.8/site-packages/airflow/example_dags/example_branch_operator_decorator.py
[2023-10-06T12:28:46.515+0000] {processor.py:839} INFO - DAG(s) dict_keys(['example_branch_python_operator_decorator']) retrieved from /home/airflow/.local/lib/python3.8/site-packages/airflow/example_dags/example_branch_operator_decorator.py
[2023-10-06T12:28:46.528+0000] {logging_mixin.py:151} INFO - [2023-10-06T12:28:46.528+0000] {dag.py:2907} INFO - Sync 1 DAGs
[2023-10-06T12:28:46.539+0000] {logging_mixin.py:151} INFO - [2023-10-06T12:28:46.539+0000] {dag.py:3677} INFO - Setting next_dagrun for example_branch_python_operator_decorator to 2023-10-05T00:00:00+00:00, run_after=2023-10-06T00:00:00+00:00
[2023-10-06T12:28:46.550+0000] {processor.py:179} INFO - Processing /home/airflow/.local/lib/python3.8/site-packages/airflow/example_dags/example_branch_operator_decorator.py took 0.044 seconds
[2023-10-06T12:38:59.951+0000] {processor.py:157} INFO - Started process (PID=93769) to work on /home/airflow/.local/lib/python3.8/site-packages/airflow/example_dags/example_branch_operator_decorator.py
[2023-10-06T12:38:59.952+0000] {processor.py:829} INFO - Processing file /home/airflow/.local/lib/python3.8/site-packages/airflow/example_dags/example_branch_operator_decorator.py for tasks to queue
[2023-10-06T12:38:59.953+0000] {logging_mixin.py:151} INFO - [2023-10-06T12:38:59.953+0000] {dagbag.py:539} INFO - Filling up the DagBag from /home/airflow/.local/lib/python3.8/site-packages/airflow/example_dags/example_branch_operator_decorator.py
[2023-10-06T12:38:59.959+0000] {processor.py:839} INFO - DAG(s) dict_keys(['example_branch_python_operator_decorator']) retrieved from /home/airflow/.local/lib/python3.8/site-packages/airflow/example_dags/example_branch_operator_decorator.py
[2023-10-06T12:38:59.972+0000] {logging_mixin.py:151} INFO - [2023-10-06T12:38:59.972+0000] {dag.py:2907} INFO - Sync 1 DAGs
[2023-10-06T12:38:59.983+0000] {logging_mixin.py:151} INFO - [2023-10-06T12:38:59.983+0000] {dag.py:3677} INFO - Setting next_dagrun for example_branch_python_operator_decorator to 2023-10-05T00:00:00+00:00, run_after=2023-10-06T00:00:00+00:00
[2023-10-06T12:38:59.995+0000] {processor.py:179} INFO - Processing /home/airflow/.local/lib/python3.8/site-packages/airflow/example_dags/example_branch_operator_decorator.py took 0.045 seconds
[2023-10-06T12:54:55.533+0000] {processor.py:157} INFO - Started process (PID=93820) to work on /home/airflow/.local/lib/python3.8/site-packages/airflow/example_dags/example_branch_operator_decorator.py
[2023-10-06T12:54:55.534+0000] {processor.py:829} INFO - Processing file /home/airflow/.local/lib/python3.8/site-packages/airflow/example_dags/example_branch_operator_decorator.py for tasks to queue
[2023-10-06T12:54:55.535+0000] {logging_mixin.py:151} INFO - [2023-10-06T12:54:55.535+0000] {dagbag.py:539} INFO - Filling up the DagBag from /home/airflow/.local/lib/python3.8/site-packages/airflow/example_dags/example_branch_operator_decorator.py
[2023-10-06T12:54:55.541+0000] {processor.py:839} INFO - DAG(s) dict_keys(['example_branch_python_operator_decorator']) retrieved from /home/airflow/.local/lib/python3.8/site-packages/airflow/example_dags/example_branch_operator_decorator.py
[2023-10-06T12:54:55.554+0000] {logging_mixin.py:151} INFO - [2023-10-06T12:54:55.554+0000] {dag.py:2907} INFO - Sync 1 DAGs
[2023-10-06T12:54:55.565+0000] {logging_mixin.py:151} INFO - [2023-10-06T12:54:55.565+0000] {dag.py:3677} INFO - Setting next_dagrun for example_branch_python_operator_decorator to 2023-10-05T00:00:00+00:00, run_after=2023-10-06T00:00:00+00:00
[2023-10-06T12:54:55.576+0000] {processor.py:179} INFO - Processing /home/airflow/.local/lib/python3.8/site-packages/airflow/example_dags/example_branch_operator_decorator.py took 0.045 seconds
[2023-10-06T13:46:11.657+0000] {processor.py:157} INFO - Started process (PID=93871) to work on /home/airflow/.local/lib/python3.8/site-packages/airflow/example_dags/example_branch_operator_decorator.py
[2023-10-06T13:46:11.658+0000] {processor.py:829} INFO - Processing file /home/airflow/.local/lib/python3.8/site-packages/airflow/example_dags/example_branch_operator_decorator.py for tasks to queue
[2023-10-06T13:46:11.659+0000] {logging_mixin.py:151} INFO - [2023-10-06T13:46:11.659+0000] {dagbag.py:539} INFO - Filling up the DagBag from /home/airflow/.local/lib/python3.8/site-packages/airflow/example_dags/example_branch_operator_decorator.py
[2023-10-06T13:46:11.665+0000] {processor.py:839} INFO - DAG(s) dict_keys(['example_branch_python_operator_decorator']) retrieved from /home/airflow/.local/lib/python3.8/site-packages/airflow/example_dags/example_branch_operator_decorator.py
[2023-10-06T13:46:11.678+0000] {logging_mixin.py:151} INFO - [2023-10-06T13:46:11.678+0000] {dag.py:2907} INFO - Sync 1 DAGs
[2023-10-06T13:46:11.689+0000] {logging_mixin.py:151} INFO - [2023-10-06T13:46:11.689+0000] {dag.py:3677} INFO - Setting next_dagrun for example_branch_python_operator_decorator to 2023-10-05T00:00:00+00:00, run_after=2023-10-06T00:00:00+00:00
[2023-10-06T13:46:11.704+0000] {processor.py:179} INFO - Processing /home/airflow/.local/lib/python3.8/site-packages/airflow/example_dags/example_branch_operator_decorator.py took 0.050 seconds
[2023-10-06T15:22:52.381+0000] {processor.py:157} INFO - Started process (PID=93922) to work on /home/airflow/.local/lib/python3.8/site-packages/airflow/example_dags/example_branch_operator_decorator.py
[2023-10-06T15:22:52.387+0000] {processor.py:829} INFO - Processing file /home/airflow/.local/lib/python3.8/site-packages/airflow/example_dags/example_branch_operator_decorator.py for tasks to queue
[2023-10-06T15:22:52.393+0000] {logging_mixin.py:151} INFO - [2023-10-06T15:22:52.392+0000] {dagbag.py:539} INFO - Filling up the DagBag from /home/airflow/.local/lib/python3.8/site-packages/airflow/example_dags/example_branch_operator_decorator.py
[2023-10-06T15:22:52.409+0000] {processor.py:839} INFO - DAG(s) dict_keys(['example_branch_python_operator_decorator']) retrieved from /home/airflow/.local/lib/python3.8/site-packages/airflow/example_dags/example_branch_operator_decorator.py
[2023-10-06T15:22:52.437+0000] {logging_mixin.py:151} INFO - [2023-10-06T15:22:52.436+0000] {dag.py:2907} INFO - Sync 1 DAGs
[2023-10-06T15:22:52.460+0000] {logging_mixin.py:151} INFO - [2023-10-06T15:22:52.460+0000] {dag.py:3677} INFO - Setting next_dagrun for example_branch_python_operator_decorator to 2023-10-05T00:00:00+00:00, run_after=2023-10-06T00:00:00+00:00
[2023-10-06T15:22:52.479+0000] {processor.py:179} INFO - Processing /home/airflow/.local/lib/python3.8/site-packages/airflow/example_dags/example_branch_operator_decorator.py took 0.101 seconds
[2023-10-06T16:45:55.146+0000] {processor.py:157} INFO - Started process (PID=93973) to work on /home/airflow/.local/lib/python3.8/site-packages/airflow/example_dags/example_branch_operator_decorator.py
[2023-10-06T16:45:55.147+0000] {processor.py:829} INFO - Processing file /home/airflow/.local/lib/python3.8/site-packages/airflow/example_dags/example_branch_operator_decorator.py for tasks to queue
[2023-10-06T16:45:55.148+0000] {logging_mixin.py:151} INFO - [2023-10-06T16:45:55.148+0000] {dagbag.py:539} INFO - Filling up the DagBag from /home/airflow/.local/lib/python3.8/site-packages/airflow/example_dags/example_branch_operator_decorator.py
[2023-10-06T16:45:55.154+0000] {processor.py:839} INFO - DAG(s) dict_keys(['example_branch_python_operator_decorator']) retrieved from /home/airflow/.local/lib/python3.8/site-packages/airflow/example_dags/example_branch_operator_decorator.py
[2023-10-06T16:45:55.167+0000] {logging_mixin.py:151} INFO - [2023-10-06T16:45:55.167+0000] {dag.py:2907} INFO - Sync 1 DAGs
[2023-10-06T16:45:55.177+0000] {logging_mixin.py:151} INFO - [2023-10-06T16:45:55.177+0000] {dag.py:3677} INFO - Setting next_dagrun for example_branch_python_operator_decorator to 2023-10-05T00:00:00+00:00, run_after=2023-10-06T00:00:00+00:00
[2023-10-06T16:45:55.187+0000] {processor.py:179} INFO - Processing /home/airflow/.local/lib/python3.8/site-packages/airflow/example_dags/example_branch_operator_decorator.py took 0.043 seconds
[2023-10-06T18:26:18.789+0000] {processor.py:157} INFO - Started process (PID=94024) to work on /home/airflow/.local/lib/python3.8/site-packages/airflow/example_dags/example_branch_operator_decorator.py
[2023-10-06T18:26:18.790+0000] {processor.py:829} INFO - Processing file /home/airflow/.local/lib/python3.8/site-packages/airflow/example_dags/example_branch_operator_decorator.py for tasks to queue
[2023-10-06T18:26:18.791+0000] {logging_mixin.py:151} INFO - [2023-10-06T18:26:18.791+0000] {dagbag.py:539} INFO - Filling up the DagBag from /home/airflow/.local/lib/python3.8/site-packages/airflow/example_dags/example_branch_operator_decorator.py
[2023-10-06T18:26:18.797+0000] {processor.py:839} INFO - DAG(s) dict_keys(['example_branch_python_operator_decorator']) retrieved from /home/airflow/.local/lib/python3.8/site-packages/airflow/example_dags/example_branch_operator_decorator.py
[2023-10-06T18:26:18.810+0000] {logging_mixin.py:151} INFO - [2023-10-06T18:26:18.810+0000] {dag.py:2907} INFO - Sync 1 DAGs
[2023-10-06T18:26:18.821+0000] {logging_mixin.py:151} INFO - [2023-10-06T18:26:18.820+0000] {dag.py:3677} INFO - Setting next_dagrun for example_branch_python_operator_decorator to 2023-10-05T00:00:00+00:00, run_after=2023-10-06T00:00:00+00:00
[2023-10-06T18:26:18.831+0000] {processor.py:179} INFO - Processing /home/airflow/.local/lib/python3.8/site-packages/airflow/example_dags/example_branch_operator_decorator.py took 0.044 seconds
[2023-10-06T20:02:31.075+0000] {processor.py:157} INFO - Started process (PID=94075) to work on /home/airflow/.local/lib/python3.8/site-packages/airflow/example_dags/example_branch_operator_decorator.py
[2023-10-06T20:02:31.076+0000] {processor.py:829} INFO - Processing file /home/airflow/.local/lib/python3.8/site-packages/airflow/example_dags/example_branch_operator_decorator.py for tasks to queue
[2023-10-06T20:02:31.077+0000] {logging_mixin.py:151} INFO - [2023-10-06T20:02:31.077+0000] {dagbag.py:539} INFO - Filling up the DagBag from /home/airflow/.local/lib/python3.8/site-packages/airflow/example_dags/example_branch_operator_decorator.py
[2023-10-06T20:02:31.083+0000] {processor.py:839} INFO - DAG(s) dict_keys(['example_branch_python_operator_decorator']) retrieved from /home/airflow/.local/lib/python3.8/site-packages/airflow/example_dags/example_branch_operator_decorator.py
[2023-10-06T20:02:31.096+0000] {logging_mixin.py:151} INFO - [2023-10-06T20:02:31.096+0000] {dag.py:2907} INFO - Sync 1 DAGs
[2023-10-06T20:02:31.106+0000] {logging_mixin.py:151} INFO - [2023-10-06T20:02:31.106+0000] {dag.py:3677} INFO - Setting next_dagrun for example_branch_python_operator_decorator to 2023-10-05T00:00:00+00:00, run_after=2023-10-06T00:00:00+00:00
[2023-10-06T20:02:31.117+0000] {processor.py:179} INFO - Processing /home/airflow/.local/lib/python3.8/site-packages/airflow/example_dags/example_branch_operator_decorator.py took 0.043 seconds
[2023-10-06T21:27:12.166+0000] {processor.py:157} INFO - Started process (PID=94126) to work on /home/airflow/.local/lib/python3.8/site-packages/airflow/example_dags/example_branch_operator_decorator.py
[2023-10-06T21:27:12.167+0000] {processor.py:829} INFO - Processing file /home/airflow/.local/lib/python3.8/site-packages/airflow/example_dags/example_branch_operator_decorator.py for tasks to queue
[2023-10-06T21:27:12.168+0000] {logging_mixin.py:151} INFO - [2023-10-06T21:27:12.168+0000] {dagbag.py:539} INFO - Filling up the DagBag from /home/airflow/.local/lib/python3.8/site-packages/airflow/example_dags/example_branch_operator_decorator.py
[2023-10-06T21:27:12.173+0000] {processor.py:839} INFO - DAG(s) dict_keys(['example_branch_python_operator_decorator']) retrieved from /home/airflow/.local/lib/python3.8/site-packages/airflow/example_dags/example_branch_operator_decorator.py
[2023-10-06T21:27:12.187+0000] {logging_mixin.py:151} INFO - [2023-10-06T21:27:12.187+0000] {dag.py:2907} INFO - Sync 1 DAGs
[2023-10-06T21:27:12.198+0000] {logging_mixin.py:151} INFO - [2023-10-06T21:27:12.198+0000] {dag.py:3677} INFO - Setting next_dagrun for example_branch_python_operator_decorator to 2023-10-05T00:00:00+00:00, run_after=2023-10-06T00:00:00+00:00
[2023-10-06T21:27:12.211+0000] {processor.py:179} INFO - Processing /home/airflow/.local/lib/python3.8/site-packages/airflow/example_dags/example_branch_operator_decorator.py took 0.047 seconds
[2023-10-06T23:05:03.473+0000] {processor.py:157} INFO - Started process (PID=94177) to work on /home/airflow/.local/lib/python3.8/site-packages/airflow/example_dags/example_branch_operator_decorator.py
[2023-10-06T23:05:03.474+0000] {processor.py:829} INFO - Processing file /home/airflow/.local/lib/python3.8/site-packages/airflow/example_dags/example_branch_operator_decorator.py for tasks to queue
[2023-10-06T23:05:03.475+0000] {logging_mixin.py:151} INFO - [2023-10-06T23:05:03.475+0000] {dagbag.py:539} INFO - Filling up the DagBag from /home/airflow/.local/lib/python3.8/site-packages/airflow/example_dags/example_branch_operator_decorator.py
[2023-10-06T23:05:03.481+0000] {processor.py:839} INFO - DAG(s) dict_keys(['example_branch_python_operator_decorator']) retrieved from /home/airflow/.local/lib/python3.8/site-packages/airflow/example_dags/example_branch_operator_decorator.py
[2023-10-06T23:05:03.494+0000] {logging_mixin.py:151} INFO - [2023-10-06T23:05:03.494+0000] {dag.py:2907} INFO - Sync 1 DAGs
[2023-10-06T23:05:03.503+0000] {logging_mixin.py:151} INFO - [2023-10-06T23:05:03.503+0000] {dag.py:3677} INFO - Setting next_dagrun for example_branch_python_operator_decorator to 2023-10-05T00:00:00+00:00, run_after=2023-10-06T00:00:00+00:00
[2023-10-06T23:05:03.514+0000] {processor.py:179} INFO - Processing /home/airflow/.local/lib/python3.8/site-packages/airflow/example_dags/example_branch_operator_decorator.py took 0.043 seconds
