[2023-10-06T00:01:33.790+0000] {processor.py:157} INFO - Started process (PID=91170) to work on /home/airflow/.local/lib/python3.8/site-packages/airflow/example_dags/example_task_group_decorator.py
[2023-10-06T00:01:33.790+0000] {processor.py:829} INFO - Processing file /home/airflow/.local/lib/python3.8/site-packages/airflow/example_dags/example_task_group_decorator.py for tasks to queue
[2023-10-06T00:01:33.792+0000] {logging_mixin.py:151} INFO - [2023-10-06T00:01:33.792+0000] {dagbag.py:539} INFO - Filling up the DagBag from /home/airflow/.local/lib/python3.8/site-packages/airflow/example_dags/example_task_group_decorator.py
[2023-10-06T00:01:33.799+0000] {processor.py:839} INFO - DAG(s) dict_keys(['example_task_group_decorator']) retrieved from /home/airflow/.local/lib/python3.8/site-packages/airflow/example_dags/example_task_group_decorator.py
[2023-10-06T00:01:33.821+0000] {logging_mixin.py:151} INFO - [2023-10-06T00:01:33.821+0000] {dag.py:2907} INFO - Sync 1 DAGs
[2023-10-06T00:01:33.833+0000] {logging_mixin.py:151} INFO - [2023-10-06T00:01:33.833+0000] {dag.py:3677} INFO - Setting next_dagrun for example_task_group_decorator to 2023-10-05T00:01:33.833002+00:00, run_after=2023-10-06T00:01:33.833002+00:00
[2023-10-06T00:01:33.843+0000] {processor.py:179} INFO - Processing /home/airflow/.local/lib/python3.8/site-packages/airflow/example_dags/example_task_group_decorator.py took 0.055 seconds
[2023-10-06T00:02:04.553+0000] {processor.py:157} INFO - Started process (PID=91221) to work on /home/airflow/.local/lib/python3.8/site-packages/airflow/example_dags/example_task_group_decorator.py
[2023-10-06T00:02:04.554+0000] {processor.py:829} INFO - Processing file /home/airflow/.local/lib/python3.8/site-packages/airflow/example_dags/example_task_group_decorator.py for tasks to queue
[2023-10-06T00:02:04.556+0000] {logging_mixin.py:151} INFO - [2023-10-06T00:02:04.556+0000] {dagbag.py:539} INFO - Filling up the DagBag from /home/airflow/.local/lib/python3.8/site-packages/airflow/example_dags/example_task_group_decorator.py
[2023-10-06T00:02:04.565+0000] {processor.py:839} INFO - DAG(s) dict_keys(['example_task_group_decorator']) retrieved from /home/airflow/.local/lib/python3.8/site-packages/airflow/example_dags/example_task_group_decorator.py
[2023-10-06T00:02:04.579+0000] {logging_mixin.py:151} INFO - [2023-10-06T00:02:04.579+0000] {dag.py:2907} INFO - Sync 1 DAGs
[2023-10-06T00:02:04.597+0000] {logging_mixin.py:151} INFO - [2023-10-06T00:02:04.597+0000] {dag.py:3677} INFO - Setting next_dagrun for example_task_group_decorator to 2023-10-05T00:02:04.596957+00:00, run_after=2023-10-06T00:02:04.596957+00:00
[2023-10-06T00:02:04.609+0000] {processor.py:179} INFO - Processing /home/airflow/.local/lib/python3.8/site-packages/airflow/example_dags/example_task_group_decorator.py took 0.058 seconds
[2023-10-06T00:02:35.150+0000] {processor.py:157} INFO - Started process (PID=91272) to work on /home/airflow/.local/lib/python3.8/site-packages/airflow/example_dags/example_task_group_decorator.py
[2023-10-06T00:02:35.151+0000] {processor.py:829} INFO - Processing file /home/airflow/.local/lib/python3.8/site-packages/airflow/example_dags/example_task_group_decorator.py for tasks to queue
[2023-10-06T00:02:35.152+0000] {logging_mixin.py:151} INFO - [2023-10-06T00:02:35.152+0000] {dagbag.py:539} INFO - Filling up the DagBag from /home/airflow/.local/lib/python3.8/site-packages/airflow/example_dags/example_task_group_decorator.py
[2023-10-06T00:02:35.159+0000] {processor.py:839} INFO - DAG(s) dict_keys(['example_task_group_decorator']) retrieved from /home/airflow/.local/lib/python3.8/site-packages/airflow/example_dags/example_task_group_decorator.py
[2023-10-06T00:02:35.173+0000] {logging_mixin.py:151} INFO - [2023-10-06T00:02:35.173+0000] {dag.py:2907} INFO - Sync 1 DAGs
[2023-10-06T00:02:35.182+0000] {logging_mixin.py:151} INFO - [2023-10-06T00:02:35.182+0000] {dag.py:3677} INFO - Setting next_dagrun for example_task_group_decorator to 2023-10-05T00:02:35.182549+00:00, run_after=2023-10-06T00:02:35.182549+00:00
[2023-10-06T00:02:35.193+0000] {processor.py:179} INFO - Processing /home/airflow/.local/lib/python3.8/site-packages/airflow/example_dags/example_task_group_decorator.py took 0.045 seconds
[2023-10-06T00:03:05.556+0000] {processor.py:157} INFO - Started process (PID=91323) to work on /home/airflow/.local/lib/python3.8/site-packages/airflow/example_dags/example_task_group_decorator.py
[2023-10-06T00:03:05.557+0000] {processor.py:829} INFO - Processing file /home/airflow/.local/lib/python3.8/site-packages/airflow/example_dags/example_task_group_decorator.py for tasks to queue
[2023-10-06T00:03:05.558+0000] {logging_mixin.py:151} INFO - [2023-10-06T00:03:05.558+0000] {dagbag.py:539} INFO - Filling up the DagBag from /home/airflow/.local/lib/python3.8/site-packages/airflow/example_dags/example_task_group_decorator.py
[2023-10-06T00:03:05.565+0000] {processor.py:839} INFO - DAG(s) dict_keys(['example_task_group_decorator']) retrieved from /home/airflow/.local/lib/python3.8/site-packages/airflow/example_dags/example_task_group_decorator.py
[2023-10-06T00:03:05.580+0000] {logging_mixin.py:151} INFO - [2023-10-06T00:03:05.580+0000] {dag.py:2907} INFO - Sync 1 DAGs
[2023-10-06T00:03:05.590+0000] {logging_mixin.py:151} INFO - [2023-10-06T00:03:05.590+0000] {dag.py:3677} INFO - Setting next_dagrun for example_task_group_decorator to 2023-10-05T00:03:05.590733+00:00, run_after=2023-10-06T00:03:05.590733+00:00
[2023-10-06T00:03:05.601+0000] {processor.py:179} INFO - Processing /home/airflow/.local/lib/python3.8/site-packages/airflow/example_dags/example_task_group_decorator.py took 0.047 seconds
[2023-10-06T00:03:35.865+0000] {processor.py:157} INFO - Started process (PID=91374) to work on /home/airflow/.local/lib/python3.8/site-packages/airflow/example_dags/example_task_group_decorator.py
[2023-10-06T00:03:35.866+0000] {processor.py:829} INFO - Processing file /home/airflow/.local/lib/python3.8/site-packages/airflow/example_dags/example_task_group_decorator.py for tasks to queue
[2023-10-06T00:03:35.867+0000] {logging_mixin.py:151} INFO - [2023-10-06T00:03:35.867+0000] {dagbag.py:539} INFO - Filling up the DagBag from /home/airflow/.local/lib/python3.8/site-packages/airflow/example_dags/example_task_group_decorator.py
[2023-10-06T00:03:35.874+0000] {processor.py:839} INFO - DAG(s) dict_keys(['example_task_group_decorator']) retrieved from /home/airflow/.local/lib/python3.8/site-packages/airflow/example_dags/example_task_group_decorator.py
[2023-10-06T00:03:35.889+0000] {logging_mixin.py:151} INFO - [2023-10-06T00:03:35.889+0000] {dag.py:2907} INFO - Sync 1 DAGs
[2023-10-06T00:03:35.900+0000] {logging_mixin.py:151} INFO - [2023-10-06T00:03:35.900+0000] {dag.py:3677} INFO - Setting next_dagrun for example_task_group_decorator to 2023-10-05T00:03:35.900376+00:00, run_after=2023-10-06T00:03:35.900376+00:00
[2023-10-06T00:03:35.911+0000] {processor.py:179} INFO - Processing /home/airflow/.local/lib/python3.8/site-packages/airflow/example_dags/example_task_group_decorator.py took 0.048 seconds
[2023-10-06T00:04:06.507+0000] {processor.py:157} INFO - Started process (PID=91425) to work on /home/airflow/.local/lib/python3.8/site-packages/airflow/example_dags/example_task_group_decorator.py
[2023-10-06T00:04:06.508+0000] {processor.py:829} INFO - Processing file /home/airflow/.local/lib/python3.8/site-packages/airflow/example_dags/example_task_group_decorator.py for tasks to queue
[2023-10-06T00:04:06.509+0000] {logging_mixin.py:151} INFO - [2023-10-06T00:04:06.509+0000] {dagbag.py:539} INFO - Filling up the DagBag from /home/airflow/.local/lib/python3.8/site-packages/airflow/example_dags/example_task_group_decorator.py
[2023-10-06T00:04:06.516+0000] {processor.py:839} INFO - DAG(s) dict_keys(['example_task_group_decorator']) retrieved from /home/airflow/.local/lib/python3.8/site-packages/airflow/example_dags/example_task_group_decorator.py
[2023-10-06T00:04:06.530+0000] {logging_mixin.py:151} INFO - [2023-10-06T00:04:06.530+0000] {dag.py:2907} INFO - Sync 1 DAGs
[2023-10-06T00:04:06.541+0000] {logging_mixin.py:151} INFO - [2023-10-06T00:04:06.541+0000] {dag.py:3677} INFO - Setting next_dagrun for example_task_group_decorator to 2023-10-05T00:04:06.541156+00:00, run_after=2023-10-06T00:04:06.541156+00:00
[2023-10-06T00:04:06.552+0000] {processor.py:179} INFO - Processing /home/airflow/.local/lib/python3.8/site-packages/airflow/example_dags/example_task_group_decorator.py took 0.047 seconds
[2023-10-06T00:04:36.788+0000] {processor.py:157} INFO - Started process (PID=91476) to work on /home/airflow/.local/lib/python3.8/site-packages/airflow/example_dags/example_task_group_decorator.py
[2023-10-06T00:04:36.788+0000] {processor.py:829} INFO - Processing file /home/airflow/.local/lib/python3.8/site-packages/airflow/example_dags/example_task_group_decorator.py for tasks to queue
[2023-10-06T00:04:36.790+0000] {logging_mixin.py:151} INFO - [2023-10-06T00:04:36.789+0000] {dagbag.py:539} INFO - Filling up the DagBag from /home/airflow/.local/lib/python3.8/site-packages/airflow/example_dags/example_task_group_decorator.py
[2023-10-06T00:04:36.797+0000] {processor.py:839} INFO - DAG(s) dict_keys(['example_task_group_decorator']) retrieved from /home/airflow/.local/lib/python3.8/site-packages/airflow/example_dags/example_task_group_decorator.py
[2023-10-06T00:04:36.810+0000] {logging_mixin.py:151} INFO - [2023-10-06T00:04:36.810+0000] {dag.py:2907} INFO - Sync 1 DAGs
[2023-10-06T00:04:36.820+0000] {logging_mixin.py:151} INFO - [2023-10-06T00:04:36.820+0000] {dag.py:3677} INFO - Setting next_dagrun for example_task_group_decorator to 2023-10-05T00:04:36.819961+00:00, run_after=2023-10-06T00:04:36.819961+00:00
[2023-10-06T00:04:36.831+0000] {processor.py:179} INFO - Processing /home/airflow/.local/lib/python3.8/site-packages/airflow/example_dags/example_task_group_decorator.py took 0.045 seconds
[2023-10-06T00:05:08.162+0000] {processor.py:157} INFO - Started process (PID=91527) to work on /home/airflow/.local/lib/python3.8/site-packages/airflow/example_dags/example_task_group_decorator.py
[2023-10-06T00:05:08.162+0000] {processor.py:829} INFO - Processing file /home/airflow/.local/lib/python3.8/site-packages/airflow/example_dags/example_task_group_decorator.py for tasks to queue
[2023-10-06T00:05:08.164+0000] {logging_mixin.py:151} INFO - [2023-10-06T00:05:08.163+0000] {dagbag.py:539} INFO - Filling up the DagBag from /home/airflow/.local/lib/python3.8/site-packages/airflow/example_dags/example_task_group_decorator.py
[2023-10-06T00:05:08.171+0000] {processor.py:839} INFO - DAG(s) dict_keys(['example_task_group_decorator']) retrieved from /home/airflow/.local/lib/python3.8/site-packages/airflow/example_dags/example_task_group_decorator.py
[2023-10-06T00:05:08.184+0000] {logging_mixin.py:151} INFO - [2023-10-06T00:05:08.184+0000] {dag.py:2907} INFO - Sync 1 DAGs
[2023-10-06T00:05:08.194+0000] {logging_mixin.py:151} INFO - [2023-10-06T00:05:08.194+0000] {dag.py:3677} INFO - Setting next_dagrun for example_task_group_decorator to 2023-10-05T00:05:08.194127+00:00, run_after=2023-10-06T00:05:08.194127+00:00
[2023-10-06T00:05:08.205+0000] {processor.py:179} INFO - Processing /home/airflow/.local/lib/python3.8/site-packages/airflow/example_dags/example_task_group_decorator.py took 0.046 seconds
[2023-10-06T00:05:38.548+0000] {processor.py:157} INFO - Started process (PID=91578) to work on /home/airflow/.local/lib/python3.8/site-packages/airflow/example_dags/example_task_group_decorator.py
[2023-10-06T00:05:38.549+0000] {processor.py:829} INFO - Processing file /home/airflow/.local/lib/python3.8/site-packages/airflow/example_dags/example_task_group_decorator.py for tasks to queue
[2023-10-06T00:05:38.550+0000] {logging_mixin.py:151} INFO - [2023-10-06T00:05:38.550+0000] {dagbag.py:539} INFO - Filling up the DagBag from /home/airflow/.local/lib/python3.8/site-packages/airflow/example_dags/example_task_group_decorator.py
[2023-10-06T00:05:38.557+0000] {processor.py:839} INFO - DAG(s) dict_keys(['example_task_group_decorator']) retrieved from /home/airflow/.local/lib/python3.8/site-packages/airflow/example_dags/example_task_group_decorator.py
[2023-10-06T00:05:38.570+0000] {logging_mixin.py:151} INFO - [2023-10-06T00:05:38.570+0000] {dag.py:2907} INFO - Sync 1 DAGs
[2023-10-06T00:05:38.580+0000] {logging_mixin.py:151} INFO - [2023-10-06T00:05:38.580+0000] {dag.py:3677} INFO - Setting next_dagrun for example_task_group_decorator to 2023-10-05T00:05:38.580262+00:00, run_after=2023-10-06T00:05:38.580262+00:00
[2023-10-06T00:05:38.591+0000] {processor.py:179} INFO - Processing /home/airflow/.local/lib/python3.8/site-packages/airflow/example_dags/example_task_group_decorator.py took 0.045 seconds
[2023-10-06T00:06:09.006+0000] {processor.py:157} INFO - Started process (PID=91629) to work on /home/airflow/.local/lib/python3.8/site-packages/airflow/example_dags/example_task_group_decorator.py
[2023-10-06T00:06:09.006+0000] {processor.py:829} INFO - Processing file /home/airflow/.local/lib/python3.8/site-packages/airflow/example_dags/example_task_group_decorator.py for tasks to queue
[2023-10-06T00:06:09.008+0000] {logging_mixin.py:151} INFO - [2023-10-06T00:06:09.007+0000] {dagbag.py:539} INFO - Filling up the DagBag from /home/airflow/.local/lib/python3.8/site-packages/airflow/example_dags/example_task_group_decorator.py
[2023-10-06T00:06:09.015+0000] {processor.py:839} INFO - DAG(s) dict_keys(['example_task_group_decorator']) retrieved from /home/airflow/.local/lib/python3.8/site-packages/airflow/example_dags/example_task_group_decorator.py
[2023-10-06T00:06:09.028+0000] {logging_mixin.py:151} INFO - [2023-10-06T00:06:09.028+0000] {dag.py:2907} INFO - Sync 1 DAGs
[2023-10-06T00:06:09.039+0000] {logging_mixin.py:151} INFO - [2023-10-06T00:06:09.039+0000] {dag.py:3677} INFO - Setting next_dagrun for example_task_group_decorator to 2023-10-05T00:06:09.039315+00:00, run_after=2023-10-06T00:06:09.039315+00:00
[2023-10-06T00:06:09.050+0000] {processor.py:179} INFO - Processing /home/airflow/.local/lib/python3.8/site-packages/airflow/example_dags/example_task_group_decorator.py took 0.046 seconds
[2023-10-06T00:06:39.324+0000] {processor.py:157} INFO - Started process (PID=91680) to work on /home/airflow/.local/lib/python3.8/site-packages/airflow/example_dags/example_task_group_decorator.py
[2023-10-06T00:06:39.324+0000] {processor.py:829} INFO - Processing file /home/airflow/.local/lib/python3.8/site-packages/airflow/example_dags/example_task_group_decorator.py for tasks to queue
[2023-10-06T00:06:39.326+0000] {logging_mixin.py:151} INFO - [2023-10-06T00:06:39.325+0000] {dagbag.py:539} INFO - Filling up the DagBag from /home/airflow/.local/lib/python3.8/site-packages/airflow/example_dags/example_task_group_decorator.py
[2023-10-06T00:06:39.332+0000] {processor.py:839} INFO - DAG(s) dict_keys(['example_task_group_decorator']) retrieved from /home/airflow/.local/lib/python3.8/site-packages/airflow/example_dags/example_task_group_decorator.py
[2023-10-06T00:06:39.346+0000] {logging_mixin.py:151} INFO - [2023-10-06T00:06:39.346+0000] {dag.py:2907} INFO - Sync 1 DAGs
[2023-10-06T00:06:39.356+0000] {logging_mixin.py:151} INFO - [2023-10-06T00:06:39.356+0000] {dag.py:3677} INFO - Setting next_dagrun for example_task_group_decorator to 2023-10-05T00:06:39.356244+00:00, run_after=2023-10-06T00:06:39.356244+00:00
[2023-10-06T00:06:39.369+0000] {processor.py:179} INFO - Processing /home/airflow/.local/lib/python3.8/site-packages/airflow/example_dags/example_task_group_decorator.py took 0.047 seconds
[2023-10-06T00:07:10.686+0000] {processor.py:157} INFO - Started process (PID=91731) to work on /home/airflow/.local/lib/python3.8/site-packages/airflow/example_dags/example_task_group_decorator.py
[2023-10-06T00:07:10.687+0000] {processor.py:829} INFO - Processing file /home/airflow/.local/lib/python3.8/site-packages/airflow/example_dags/example_task_group_decorator.py for tasks to queue
[2023-10-06T00:07:10.688+0000] {logging_mixin.py:151} INFO - [2023-10-06T00:07:10.688+0000] {dagbag.py:539} INFO - Filling up the DagBag from /home/airflow/.local/lib/python3.8/site-packages/airflow/example_dags/example_task_group_decorator.py
[2023-10-06T00:07:10.696+0000] {processor.py:839} INFO - DAG(s) dict_keys(['example_task_group_decorator']) retrieved from /home/airflow/.local/lib/python3.8/site-packages/airflow/example_dags/example_task_group_decorator.py
[2023-10-06T00:07:10.709+0000] {logging_mixin.py:151} INFO - [2023-10-06T00:07:10.709+0000] {dag.py:2907} INFO - Sync 1 DAGs
[2023-10-06T00:07:10.718+0000] {logging_mixin.py:151} INFO - [2023-10-06T00:07:10.718+0000] {dag.py:3677} INFO - Setting next_dagrun for example_task_group_decorator to 2023-10-05T00:07:10.718582+00:00, run_after=2023-10-06T00:07:10.718582+00:00
[2023-10-06T00:07:10.729+0000] {processor.py:179} INFO - Processing /home/airflow/.local/lib/python3.8/site-packages/airflow/example_dags/example_task_group_decorator.py took 0.044 seconds
[2023-10-06T00:07:41.539+0000] {processor.py:157} INFO - Started process (PID=91782) to work on /home/airflow/.local/lib/python3.8/site-packages/airflow/example_dags/example_task_group_decorator.py
[2023-10-06T00:07:41.539+0000] {processor.py:829} INFO - Processing file /home/airflow/.local/lib/python3.8/site-packages/airflow/example_dags/example_task_group_decorator.py for tasks to queue
[2023-10-06T00:07:41.541+0000] {logging_mixin.py:151} INFO - [2023-10-06T00:07:41.540+0000] {dagbag.py:539} INFO - Filling up the DagBag from /home/airflow/.local/lib/python3.8/site-packages/airflow/example_dags/example_task_group_decorator.py
[2023-10-06T00:07:41.548+0000] {processor.py:839} INFO - DAG(s) dict_keys(['example_task_group_decorator']) retrieved from /home/airflow/.local/lib/python3.8/site-packages/airflow/example_dags/example_task_group_decorator.py
[2023-10-06T00:07:41.561+0000] {logging_mixin.py:151} INFO - [2023-10-06T00:07:41.561+0000] {dag.py:2907} INFO - Sync 1 DAGs
[2023-10-06T00:07:41.571+0000] {logging_mixin.py:151} INFO - [2023-10-06T00:07:41.571+0000] {dag.py:3677} INFO - Setting next_dagrun for example_task_group_decorator to 2023-10-05T00:07:41.571234+00:00, run_after=2023-10-06T00:07:41.571234+00:00
[2023-10-06T00:07:41.582+0000] {processor.py:179} INFO - Processing /home/airflow/.local/lib/python3.8/site-packages/airflow/example_dags/example_task_group_decorator.py took 0.045 seconds
[2023-10-06T00:08:12.184+0000] {processor.py:157} INFO - Started process (PID=91833) to work on /home/airflow/.local/lib/python3.8/site-packages/airflow/example_dags/example_task_group_decorator.py
[2023-10-06T00:08:12.184+0000] {processor.py:829} INFO - Processing file /home/airflow/.local/lib/python3.8/site-packages/airflow/example_dags/example_task_group_decorator.py for tasks to queue
[2023-10-06T00:08:12.185+0000] {logging_mixin.py:151} INFO - [2023-10-06T00:08:12.185+0000] {dagbag.py:539} INFO - Filling up the DagBag from /home/airflow/.local/lib/python3.8/site-packages/airflow/example_dags/example_task_group_decorator.py
[2023-10-06T00:08:12.192+0000] {processor.py:839} INFO - DAG(s) dict_keys(['example_task_group_decorator']) retrieved from /home/airflow/.local/lib/python3.8/site-packages/airflow/example_dags/example_task_group_decorator.py
[2023-10-06T00:08:12.205+0000] {logging_mixin.py:151} INFO - [2023-10-06T00:08:12.205+0000] {dag.py:2907} INFO - Sync 1 DAGs
[2023-10-06T00:08:12.215+0000] {logging_mixin.py:151} INFO - [2023-10-06T00:08:12.215+0000] {dag.py:3677} INFO - Setting next_dagrun for example_task_group_decorator to 2023-10-05T00:08:12.215731+00:00, run_after=2023-10-06T00:08:12.215731+00:00
[2023-10-06T00:08:12.226+0000] {processor.py:179} INFO - Processing /home/airflow/.local/lib/python3.8/site-packages/airflow/example_dags/example_task_group_decorator.py took 0.044 seconds
[2023-10-06T00:08:42.877+0000] {processor.py:157} INFO - Started process (PID=91884) to work on /home/airflow/.local/lib/python3.8/site-packages/airflow/example_dags/example_task_group_decorator.py
[2023-10-06T00:08:42.877+0000] {processor.py:829} INFO - Processing file /home/airflow/.local/lib/python3.8/site-packages/airflow/example_dags/example_task_group_decorator.py for tasks to queue
[2023-10-06T00:08:42.879+0000] {logging_mixin.py:151} INFO - [2023-10-06T00:08:42.878+0000] {dagbag.py:539} INFO - Filling up the DagBag from /home/airflow/.local/lib/python3.8/site-packages/airflow/example_dags/example_task_group_decorator.py
[2023-10-06T00:08:42.887+0000] {processor.py:839} INFO - DAG(s) dict_keys(['example_task_group_decorator']) retrieved from /home/airflow/.local/lib/python3.8/site-packages/airflow/example_dags/example_task_group_decorator.py
[2023-10-06T00:08:42.900+0000] {logging_mixin.py:151} INFO - [2023-10-06T00:08:42.900+0000] {dag.py:2907} INFO - Sync 1 DAGs
[2023-10-06T00:08:42.910+0000] {logging_mixin.py:151} INFO - [2023-10-06T00:08:42.910+0000] {dag.py:3677} INFO - Setting next_dagrun for example_task_group_decorator to 2023-10-05T00:08:42.910690+00:00, run_after=2023-10-06T00:08:42.910690+00:00
[2023-10-06T00:08:42.922+0000] {processor.py:179} INFO - Processing /home/airflow/.local/lib/python3.8/site-packages/airflow/example_dags/example_task_group_decorator.py took 0.047 seconds
[2023-10-06T00:09:13.617+0000] {processor.py:157} INFO - Started process (PID=91935) to work on /home/airflow/.local/lib/python3.8/site-packages/airflow/example_dags/example_task_group_decorator.py
[2023-10-06T00:09:13.618+0000] {processor.py:829} INFO - Processing file /home/airflow/.local/lib/python3.8/site-packages/airflow/example_dags/example_task_group_decorator.py for tasks to queue
[2023-10-06T00:09:13.619+0000] {logging_mixin.py:151} INFO - [2023-10-06T00:09:13.619+0000] {dagbag.py:539} INFO - Filling up the DagBag from /home/airflow/.local/lib/python3.8/site-packages/airflow/example_dags/example_task_group_decorator.py
[2023-10-06T00:09:13.626+0000] {processor.py:839} INFO - DAG(s) dict_keys(['example_task_group_decorator']) retrieved from /home/airflow/.local/lib/python3.8/site-packages/airflow/example_dags/example_task_group_decorator.py
[2023-10-06T00:09:13.642+0000] {logging_mixin.py:151} INFO - [2023-10-06T00:09:13.642+0000] {dag.py:2907} INFO - Sync 1 DAGs
[2023-10-06T00:09:13.652+0000] {logging_mixin.py:151} INFO - [2023-10-06T00:09:13.652+0000] {dag.py:3677} INFO - Setting next_dagrun for example_task_group_decorator to 2023-10-05T00:09:13.652299+00:00, run_after=2023-10-06T00:09:13.652299+00:00
[2023-10-06T00:09:13.664+0000] {processor.py:179} INFO - Processing /home/airflow/.local/lib/python3.8/site-packages/airflow/example_dags/example_task_group_decorator.py took 0.048 seconds
[2023-10-06T00:09:44.191+0000] {processor.py:157} INFO - Started process (PID=91986) to work on /home/airflow/.local/lib/python3.8/site-packages/airflow/example_dags/example_task_group_decorator.py
[2023-10-06T00:09:44.191+0000] {processor.py:829} INFO - Processing file /home/airflow/.local/lib/python3.8/site-packages/airflow/example_dags/example_task_group_decorator.py for tasks to queue
[2023-10-06T00:09:44.193+0000] {logging_mixin.py:151} INFO - [2023-10-06T00:09:44.193+0000] {dagbag.py:539} INFO - Filling up the DagBag from /home/airflow/.local/lib/python3.8/site-packages/airflow/example_dags/example_task_group_decorator.py
[2023-10-06T00:09:44.200+0000] {processor.py:839} INFO - DAG(s) dict_keys(['example_task_group_decorator']) retrieved from /home/airflow/.local/lib/python3.8/site-packages/airflow/example_dags/example_task_group_decorator.py
[2023-10-06T00:09:44.214+0000] {logging_mixin.py:151} INFO - [2023-10-06T00:09:44.214+0000] {dag.py:2907} INFO - Sync 1 DAGs
[2023-10-06T00:09:44.225+0000] {logging_mixin.py:151} INFO - [2023-10-06T00:09:44.225+0000] {dag.py:3677} INFO - Setting next_dagrun for example_task_group_decorator to 2023-10-05T00:09:44.225164+00:00, run_after=2023-10-06T00:09:44.225164+00:00
[2023-10-06T00:09:44.236+0000] {processor.py:179} INFO - Processing /home/airflow/.local/lib/python3.8/site-packages/airflow/example_dags/example_task_group_decorator.py took 0.047 seconds
[2023-10-06T00:10:14.359+0000] {processor.py:157} INFO - Started process (PID=92037) to work on /home/airflow/.local/lib/python3.8/site-packages/airflow/example_dags/example_task_group_decorator.py
[2023-10-06T00:10:14.360+0000] {processor.py:829} INFO - Processing file /home/airflow/.local/lib/python3.8/site-packages/airflow/example_dags/example_task_group_decorator.py for tasks to queue
[2023-10-06T00:10:14.361+0000] {logging_mixin.py:151} INFO - [2023-10-06T00:10:14.361+0000] {dagbag.py:539} INFO - Filling up the DagBag from /home/airflow/.local/lib/python3.8/site-packages/airflow/example_dags/example_task_group_decorator.py
[2023-10-06T00:10:14.369+0000] {processor.py:839} INFO - DAG(s) dict_keys(['example_task_group_decorator']) retrieved from /home/airflow/.local/lib/python3.8/site-packages/airflow/example_dags/example_task_group_decorator.py
[2023-10-06T00:10:14.382+0000] {logging_mixin.py:151} INFO - [2023-10-06T00:10:14.382+0000] {dag.py:2907} INFO - Sync 1 DAGs
[2023-10-06T00:10:14.393+0000] {logging_mixin.py:151} INFO - [2023-10-06T00:10:14.392+0000] {dag.py:3677} INFO - Setting next_dagrun for example_task_group_decorator to 2023-10-05T00:10:14.392871+00:00, run_after=2023-10-06T00:10:14.392871+00:00
[2023-10-06T00:10:14.403+0000] {processor.py:179} INFO - Processing /home/airflow/.local/lib/python3.8/site-packages/airflow/example_dags/example_task_group_decorator.py took 0.048 seconds
[2023-10-06T00:10:44.848+0000] {processor.py:157} INFO - Started process (PID=92088) to work on /home/airflow/.local/lib/python3.8/site-packages/airflow/example_dags/example_task_group_decorator.py
[2023-10-06T00:10:44.849+0000] {processor.py:829} INFO - Processing file /home/airflow/.local/lib/python3.8/site-packages/airflow/example_dags/example_task_group_decorator.py for tasks to queue
[2023-10-06T00:10:44.850+0000] {logging_mixin.py:151} INFO - [2023-10-06T00:10:44.850+0000] {dagbag.py:539} INFO - Filling up the DagBag from /home/airflow/.local/lib/python3.8/site-packages/airflow/example_dags/example_task_group_decorator.py
[2023-10-06T00:10:44.857+0000] {processor.py:839} INFO - DAG(s) dict_keys(['example_task_group_decorator']) retrieved from /home/airflow/.local/lib/python3.8/site-packages/airflow/example_dags/example_task_group_decorator.py
[2023-10-06T00:10:44.875+0000] {logging_mixin.py:151} INFO - [2023-10-06T00:10:44.875+0000] {dag.py:2907} INFO - Sync 1 DAGs
[2023-10-06T00:10:44.885+0000] {logging_mixin.py:151} INFO - [2023-10-06T00:10:44.885+0000] {dag.py:3677} INFO - Setting next_dagrun for example_task_group_decorator to 2023-10-05T00:10:44.885018+00:00, run_after=2023-10-06T00:10:44.885018+00:00
[2023-10-06T00:10:44.896+0000] {processor.py:179} INFO - Processing /home/airflow/.local/lib/python3.8/site-packages/airflow/example_dags/example_task_group_decorator.py took 0.050 seconds
[2023-10-06T00:11:15.102+0000] {processor.py:157} INFO - Started process (PID=92139) to work on /home/airflow/.local/lib/python3.8/site-packages/airflow/example_dags/example_task_group_decorator.py
[2023-10-06T00:11:15.103+0000] {processor.py:829} INFO - Processing file /home/airflow/.local/lib/python3.8/site-packages/airflow/example_dags/example_task_group_decorator.py for tasks to queue
[2023-10-06T00:11:15.104+0000] {logging_mixin.py:151} INFO - [2023-10-06T00:11:15.104+0000] {dagbag.py:539} INFO - Filling up the DagBag from /home/airflow/.local/lib/python3.8/site-packages/airflow/example_dags/example_task_group_decorator.py
[2023-10-06T00:11:15.112+0000] {processor.py:839} INFO - DAG(s) dict_keys(['example_task_group_decorator']) retrieved from /home/airflow/.local/lib/python3.8/site-packages/airflow/example_dags/example_task_group_decorator.py
[2023-10-06T00:11:15.125+0000] {logging_mixin.py:151} INFO - [2023-10-06T00:11:15.125+0000] {dag.py:2907} INFO - Sync 1 DAGs
[2023-10-06T00:11:15.136+0000] {logging_mixin.py:151} INFO - [2023-10-06T00:11:15.136+0000] {dag.py:3677} INFO - Setting next_dagrun for example_task_group_decorator to 2023-10-05T00:11:15.136029+00:00, run_after=2023-10-06T00:11:15.136029+00:00
[2023-10-06T00:11:15.147+0000] {processor.py:179} INFO - Processing /home/airflow/.local/lib/python3.8/site-packages/airflow/example_dags/example_task_group_decorator.py took 0.047 seconds
[2023-10-06T00:11:45.718+0000] {processor.py:157} INFO - Started process (PID=92190) to work on /home/airflow/.local/lib/python3.8/site-packages/airflow/example_dags/example_task_group_decorator.py
[2023-10-06T00:11:45.719+0000] {processor.py:829} INFO - Processing file /home/airflow/.local/lib/python3.8/site-packages/airflow/example_dags/example_task_group_decorator.py for tasks to queue
[2023-10-06T00:11:45.721+0000] {logging_mixin.py:151} INFO - [2023-10-06T00:11:45.721+0000] {dagbag.py:539} INFO - Filling up the DagBag from /home/airflow/.local/lib/python3.8/site-packages/airflow/example_dags/example_task_group_decorator.py
[2023-10-06T00:11:45.730+0000] {processor.py:839} INFO - DAG(s) dict_keys(['example_task_group_decorator']) retrieved from /home/airflow/.local/lib/python3.8/site-packages/airflow/example_dags/example_task_group_decorator.py
[2023-10-06T00:11:45.744+0000] {logging_mixin.py:151} INFO - [2023-10-06T00:11:45.744+0000] {dag.py:2907} INFO - Sync 1 DAGs
[2023-10-06T00:11:45.754+0000] {logging_mixin.py:151} INFO - [2023-10-06T00:11:45.754+0000] {dag.py:3677} INFO - Setting next_dagrun for example_task_group_decorator to 2023-10-05T00:11:45.754454+00:00, run_after=2023-10-06T00:11:45.754454+00:00
[2023-10-06T00:11:45.764+0000] {processor.py:179} INFO - Processing /home/airflow/.local/lib/python3.8/site-packages/airflow/example_dags/example_task_group_decorator.py took 0.048 seconds
[2023-10-06T00:12:16.221+0000] {processor.py:157} INFO - Started process (PID=92241) to work on /home/airflow/.local/lib/python3.8/site-packages/airflow/example_dags/example_task_group_decorator.py
[2023-10-06T00:12:16.222+0000] {processor.py:829} INFO - Processing file /home/airflow/.local/lib/python3.8/site-packages/airflow/example_dags/example_task_group_decorator.py for tasks to queue
[2023-10-06T00:12:16.223+0000] {logging_mixin.py:151} INFO - [2023-10-06T00:12:16.223+0000] {dagbag.py:539} INFO - Filling up the DagBag from /home/airflow/.local/lib/python3.8/site-packages/airflow/example_dags/example_task_group_decorator.py
[2023-10-06T00:12:16.230+0000] {processor.py:839} INFO - DAG(s) dict_keys(['example_task_group_decorator']) retrieved from /home/airflow/.local/lib/python3.8/site-packages/airflow/example_dags/example_task_group_decorator.py
[2023-10-06T00:12:16.243+0000] {logging_mixin.py:151} INFO - [2023-10-06T00:12:16.243+0000] {dag.py:2907} INFO - Sync 1 DAGs
[2023-10-06T00:12:16.253+0000] {logging_mixin.py:151} INFO - [2023-10-06T00:12:16.253+0000] {dag.py:3677} INFO - Setting next_dagrun for example_task_group_decorator to 2023-10-05T00:12:16.253521+00:00, run_after=2023-10-06T00:12:16.253521+00:00
[2023-10-06T00:12:16.264+0000] {processor.py:179} INFO - Processing /home/airflow/.local/lib/python3.8/site-packages/airflow/example_dags/example_task_group_decorator.py took 0.045 seconds
[2023-10-06T00:12:47.657+0000] {processor.py:157} INFO - Started process (PID=92292) to work on /home/airflow/.local/lib/python3.8/site-packages/airflow/example_dags/example_task_group_decorator.py
[2023-10-06T00:12:47.657+0000] {processor.py:829} INFO - Processing file /home/airflow/.local/lib/python3.8/site-packages/airflow/example_dags/example_task_group_decorator.py for tasks to queue
[2023-10-06T00:12:47.658+0000] {logging_mixin.py:151} INFO - [2023-10-06T00:12:47.658+0000] {dagbag.py:539} INFO - Filling up the DagBag from /home/airflow/.local/lib/python3.8/site-packages/airflow/example_dags/example_task_group_decorator.py
[2023-10-06T00:12:47.666+0000] {processor.py:839} INFO - DAG(s) dict_keys(['example_task_group_decorator']) retrieved from /home/airflow/.local/lib/python3.8/site-packages/airflow/example_dags/example_task_group_decorator.py
[2023-10-06T00:12:47.679+0000] {logging_mixin.py:151} INFO - [2023-10-06T00:12:47.679+0000] {dag.py:2907} INFO - Sync 1 DAGs
[2023-10-06T00:12:47.690+0000] {logging_mixin.py:151} INFO - [2023-10-06T00:12:47.689+0000] {dag.py:3677} INFO - Setting next_dagrun for example_task_group_decorator to 2023-10-05T00:12:47.689837+00:00, run_after=2023-10-06T00:12:47.689837+00:00
[2023-10-06T00:12:47.700+0000] {processor.py:179} INFO - Processing /home/airflow/.local/lib/python3.8/site-packages/airflow/example_dags/example_task_group_decorator.py took 0.045 seconds
[2023-10-06T00:13:17.981+0000] {processor.py:157} INFO - Started process (PID=92343) to work on /home/airflow/.local/lib/python3.8/site-packages/airflow/example_dags/example_task_group_decorator.py
[2023-10-06T00:13:17.981+0000] {processor.py:829} INFO - Processing file /home/airflow/.local/lib/python3.8/site-packages/airflow/example_dags/example_task_group_decorator.py for tasks to queue
[2023-10-06T00:13:17.982+0000] {logging_mixin.py:151} INFO - [2023-10-06T00:13:17.982+0000] {dagbag.py:539} INFO - Filling up the DagBag from /home/airflow/.local/lib/python3.8/site-packages/airflow/example_dags/example_task_group_decorator.py
[2023-10-06T00:13:17.991+0000] {processor.py:839} INFO - DAG(s) dict_keys(['example_task_group_decorator']) retrieved from /home/airflow/.local/lib/python3.8/site-packages/airflow/example_dags/example_task_group_decorator.py
[2023-10-06T00:13:18.004+0000] {logging_mixin.py:151} INFO - [2023-10-06T00:13:18.004+0000] {dag.py:2907} INFO - Sync 1 DAGs
[2023-10-06T00:13:18.013+0000] {logging_mixin.py:151} INFO - [2023-10-06T00:13:18.013+0000] {dag.py:3677} INFO - Setting next_dagrun for example_task_group_decorator to 2023-10-05T00:13:18.013757+00:00, run_after=2023-10-06T00:13:18.013757+00:00
[2023-10-06T00:13:18.024+0000] {processor.py:179} INFO - Processing /home/airflow/.local/lib/python3.8/site-packages/airflow/example_dags/example_task_group_decorator.py took 0.045 seconds
[2023-10-06T00:13:48.469+0000] {processor.py:157} INFO - Started process (PID=92394) to work on /home/airflow/.local/lib/python3.8/site-packages/airflow/example_dags/example_task_group_decorator.py
[2023-10-06T00:13:48.469+0000] {processor.py:829} INFO - Processing file /home/airflow/.local/lib/python3.8/site-packages/airflow/example_dags/example_task_group_decorator.py for tasks to queue
[2023-10-06T00:13:48.471+0000] {logging_mixin.py:151} INFO - [2023-10-06T00:13:48.471+0000] {dagbag.py:539} INFO - Filling up the DagBag from /home/airflow/.local/lib/python3.8/site-packages/airflow/example_dags/example_task_group_decorator.py
[2023-10-06T00:13:48.478+0000] {processor.py:839} INFO - DAG(s) dict_keys(['example_task_group_decorator']) retrieved from /home/airflow/.local/lib/python3.8/site-packages/airflow/example_dags/example_task_group_decorator.py
[2023-10-06T00:13:48.491+0000] {logging_mixin.py:151} INFO - [2023-10-06T00:13:48.491+0000] {dag.py:2907} INFO - Sync 1 DAGs
[2023-10-06T00:13:48.501+0000] {logging_mixin.py:151} INFO - [2023-10-06T00:13:48.501+0000] {dag.py:3677} INFO - Setting next_dagrun for example_task_group_decorator to 2023-10-05T00:13:48.501167+00:00, run_after=2023-10-06T00:13:48.501167+00:00
[2023-10-06T00:13:48.511+0000] {processor.py:179} INFO - Processing /home/airflow/.local/lib/python3.8/site-packages/airflow/example_dags/example_task_group_decorator.py took 0.044 seconds
[2023-10-06T00:14:18.735+0000] {processor.py:157} INFO - Started process (PID=92445) to work on /home/airflow/.local/lib/python3.8/site-packages/airflow/example_dags/example_task_group_decorator.py
[2023-10-06T00:14:18.736+0000] {processor.py:829} INFO - Processing file /home/airflow/.local/lib/python3.8/site-packages/airflow/example_dags/example_task_group_decorator.py for tasks to queue
[2023-10-06T00:14:18.737+0000] {logging_mixin.py:151} INFO - [2023-10-06T00:14:18.737+0000] {dagbag.py:539} INFO - Filling up the DagBag from /home/airflow/.local/lib/python3.8/site-packages/airflow/example_dags/example_task_group_decorator.py
[2023-10-06T00:14:18.744+0000] {processor.py:839} INFO - DAG(s) dict_keys(['example_task_group_decorator']) retrieved from /home/airflow/.local/lib/python3.8/site-packages/airflow/example_dags/example_task_group_decorator.py
[2023-10-06T00:14:18.757+0000] {logging_mixin.py:151} INFO - [2023-10-06T00:14:18.757+0000] {dag.py:2907} INFO - Sync 1 DAGs
[2023-10-06T00:14:18.768+0000] {logging_mixin.py:151} INFO - [2023-10-06T00:14:18.768+0000] {dag.py:3677} INFO - Setting next_dagrun for example_task_group_decorator to 2023-10-05T00:14:18.768026+00:00, run_after=2023-10-06T00:14:18.768026+00:00
[2023-10-06T00:14:18.780+0000] {processor.py:179} INFO - Processing /home/airflow/.local/lib/python3.8/site-packages/airflow/example_dags/example_task_group_decorator.py took 0.046 seconds
[2023-10-06T00:14:49.471+0000] {processor.py:157} INFO - Started process (PID=92496) to work on /home/airflow/.local/lib/python3.8/site-packages/airflow/example_dags/example_task_group_decorator.py
[2023-10-06T00:14:49.471+0000] {processor.py:829} INFO - Processing file /home/airflow/.local/lib/python3.8/site-packages/airflow/example_dags/example_task_group_decorator.py for tasks to queue
[2023-10-06T00:14:49.472+0000] {logging_mixin.py:151} INFO - [2023-10-06T00:14:49.472+0000] {dagbag.py:539} INFO - Filling up the DagBag from /home/airflow/.local/lib/python3.8/site-packages/airflow/example_dags/example_task_group_decorator.py
[2023-10-06T00:14:49.479+0000] {processor.py:839} INFO - DAG(s) dict_keys(['example_task_group_decorator']) retrieved from /home/airflow/.local/lib/python3.8/site-packages/airflow/example_dags/example_task_group_decorator.py
[2023-10-06T00:14:49.492+0000] {logging_mixin.py:151} INFO - [2023-10-06T00:14:49.492+0000] {dag.py:2907} INFO - Sync 1 DAGs
[2023-10-06T00:14:49.502+0000] {logging_mixin.py:151} INFO - [2023-10-06T00:14:49.502+0000] {dag.py:3677} INFO - Setting next_dagrun for example_task_group_decorator to 2023-10-05T00:14:49.502747+00:00, run_after=2023-10-06T00:14:49.502747+00:00
[2023-10-06T00:14:49.513+0000] {processor.py:179} INFO - Processing /home/airflow/.local/lib/python3.8/site-packages/airflow/example_dags/example_task_group_decorator.py took 0.044 seconds
[2023-10-06T00:15:20.155+0000] {processor.py:157} INFO - Started process (PID=92547) to work on /home/airflow/.local/lib/python3.8/site-packages/airflow/example_dags/example_task_group_decorator.py
[2023-10-06T00:15:20.156+0000] {processor.py:829} INFO - Processing file /home/airflow/.local/lib/python3.8/site-packages/airflow/example_dags/example_task_group_decorator.py for tasks to queue
[2023-10-06T00:15:20.157+0000] {logging_mixin.py:151} INFO - [2023-10-06T00:15:20.157+0000] {dagbag.py:539} INFO - Filling up the DagBag from /home/airflow/.local/lib/python3.8/site-packages/airflow/example_dags/example_task_group_decorator.py
[2023-10-06T00:15:20.165+0000] {processor.py:839} INFO - DAG(s) dict_keys(['example_task_group_decorator']) retrieved from /home/airflow/.local/lib/python3.8/site-packages/airflow/example_dags/example_task_group_decorator.py
[2023-10-06T00:15:20.178+0000] {logging_mixin.py:151} INFO - [2023-10-06T00:15:20.178+0000] {dag.py:2907} INFO - Sync 1 DAGs
[2023-10-06T00:15:20.189+0000] {logging_mixin.py:151} INFO - [2023-10-06T00:15:20.189+0000] {dag.py:3677} INFO - Setting next_dagrun for example_task_group_decorator to 2023-10-05T00:15:20.189227+00:00, run_after=2023-10-06T00:15:20.189227+00:00
[2023-10-06T00:15:20.200+0000] {processor.py:179} INFO - Processing /home/airflow/.local/lib/python3.8/site-packages/airflow/example_dags/example_task_group_decorator.py took 0.047 seconds
[2023-10-06T00:15:50.890+0000] {processor.py:157} INFO - Started process (PID=92598) to work on /home/airflow/.local/lib/python3.8/site-packages/airflow/example_dags/example_task_group_decorator.py
[2023-10-06T00:15:50.891+0000] {processor.py:829} INFO - Processing file /home/airflow/.local/lib/python3.8/site-packages/airflow/example_dags/example_task_group_decorator.py for tasks to queue
[2023-10-06T00:15:50.892+0000] {logging_mixin.py:151} INFO - [2023-10-06T00:15:50.892+0000] {dagbag.py:539} INFO - Filling up the DagBag from /home/airflow/.local/lib/python3.8/site-packages/airflow/example_dags/example_task_group_decorator.py
[2023-10-06T00:15:50.899+0000] {processor.py:839} INFO - DAG(s) dict_keys(['example_task_group_decorator']) retrieved from /home/airflow/.local/lib/python3.8/site-packages/airflow/example_dags/example_task_group_decorator.py
[2023-10-06T00:15:50.918+0000] {logging_mixin.py:151} INFO - [2023-10-06T00:15:50.918+0000] {dag.py:2907} INFO - Sync 1 DAGs
[2023-10-06T00:15:50.928+0000] {logging_mixin.py:151} INFO - [2023-10-06T00:15:50.928+0000] {dag.py:3677} INFO - Setting next_dagrun for example_task_group_decorator to 2023-10-05T00:15:50.928403+00:00, run_after=2023-10-06T00:15:50.928403+00:00
[2023-10-06T00:15:50.939+0000] {processor.py:179} INFO - Processing /home/airflow/.local/lib/python3.8/site-packages/airflow/example_dags/example_task_group_decorator.py took 0.052 seconds
[2023-10-06T00:16:21.255+0000] {processor.py:157} INFO - Started process (PID=92649) to work on /home/airflow/.local/lib/python3.8/site-packages/airflow/example_dags/example_task_group_decorator.py
[2023-10-06T00:16:21.256+0000] {processor.py:829} INFO - Processing file /home/airflow/.local/lib/python3.8/site-packages/airflow/example_dags/example_task_group_decorator.py for tasks to queue
[2023-10-06T00:16:21.257+0000] {logging_mixin.py:151} INFO - [2023-10-06T00:16:21.257+0000] {dagbag.py:539} INFO - Filling up the DagBag from /home/airflow/.local/lib/python3.8/site-packages/airflow/example_dags/example_task_group_decorator.py
[2023-10-06T00:16:21.264+0000] {processor.py:839} INFO - DAG(s) dict_keys(['example_task_group_decorator']) retrieved from /home/airflow/.local/lib/python3.8/site-packages/airflow/example_dags/example_task_group_decorator.py
[2023-10-06T00:16:21.277+0000] {logging_mixin.py:151} INFO - [2023-10-06T00:16:21.277+0000] {dag.py:2907} INFO - Sync 1 DAGs
[2023-10-06T00:16:21.288+0000] {logging_mixin.py:151} INFO - [2023-10-06T00:16:21.288+0000] {dag.py:3677} INFO - Setting next_dagrun for example_task_group_decorator to 2023-10-05T00:16:21.288146+00:00, run_after=2023-10-06T00:16:21.288146+00:00
[2023-10-06T00:16:21.298+0000] {processor.py:179} INFO - Processing /home/airflow/.local/lib/python3.8/site-packages/airflow/example_dags/example_task_group_decorator.py took 0.045 seconds
[2023-10-06T00:31:52.632+0000] {processor.py:157} INFO - Started process (PID=92700) to work on /home/airflow/.local/lib/python3.8/site-packages/airflow/example_dags/example_task_group_decorator.py
[2023-10-06T00:31:52.632+0000] {processor.py:829} INFO - Processing file /home/airflow/.local/lib/python3.8/site-packages/airflow/example_dags/example_task_group_decorator.py for tasks to queue
[2023-10-06T00:31:52.634+0000] {logging_mixin.py:151} INFO - [2023-10-06T00:31:52.633+0000] {dagbag.py:539} INFO - Filling up the DagBag from /home/airflow/.local/lib/python3.8/site-packages/airflow/example_dags/example_task_group_decorator.py
[2023-10-06T00:31:52.641+0000] {processor.py:839} INFO - DAG(s) dict_keys(['example_task_group_decorator']) retrieved from /home/airflow/.local/lib/python3.8/site-packages/airflow/example_dags/example_task_group_decorator.py
[2023-10-06T00:31:52.656+0000] {logging_mixin.py:151} INFO - [2023-10-06T00:31:52.655+0000] {dag.py:2907} INFO - Sync 1 DAGs
[2023-10-06T00:31:52.666+0000] {logging_mixin.py:151} INFO - [2023-10-06T00:31:52.666+0000] {dag.py:3677} INFO - Setting next_dagrun for example_task_group_decorator to 2023-10-05T00:31:52.666401+00:00, run_after=2023-10-06T00:31:52.666401+00:00
[2023-10-06T00:31:52.678+0000] {processor.py:179} INFO - Processing /home/airflow/.local/lib/python3.8/site-packages/airflow/example_dags/example_task_group_decorator.py took 0.048 seconds
[2023-10-06T00:32:23.443+0000] {processor.py:157} INFO - Started process (PID=92751) to work on /home/airflow/.local/lib/python3.8/site-packages/airflow/example_dags/example_task_group_decorator.py
[2023-10-06T00:32:23.443+0000] {processor.py:829} INFO - Processing file /home/airflow/.local/lib/python3.8/site-packages/airflow/example_dags/example_task_group_decorator.py for tasks to queue
[2023-10-06T00:32:23.444+0000] {logging_mixin.py:151} INFO - [2023-10-06T00:32:23.444+0000] {dagbag.py:539} INFO - Filling up the DagBag from /home/airflow/.local/lib/python3.8/site-packages/airflow/example_dags/example_task_group_decorator.py
[2023-10-06T00:32:23.452+0000] {processor.py:839} INFO - DAG(s) dict_keys(['example_task_group_decorator']) retrieved from /home/airflow/.local/lib/python3.8/site-packages/airflow/example_dags/example_task_group_decorator.py
[2023-10-06T00:32:23.465+0000] {logging_mixin.py:151} INFO - [2023-10-06T00:32:23.465+0000] {dag.py:2907} INFO - Sync 1 DAGs
[2023-10-06T00:32:23.477+0000] {logging_mixin.py:151} INFO - [2023-10-06T00:32:23.476+0000] {dag.py:3677} INFO - Setting next_dagrun for example_task_group_decorator to 2023-10-05T00:32:23.476781+00:00, run_after=2023-10-06T00:32:23.476781+00:00
[2023-10-06T00:32:23.487+0000] {processor.py:179} INFO - Processing /home/airflow/.local/lib/python3.8/site-packages/airflow/example_dags/example_task_group_decorator.py took 0.047 seconds
[2023-10-06T00:37:51.380+0000] {processor.py:157} INFO - Started process (PID=92802) to work on /home/airflow/.local/lib/python3.8/site-packages/airflow/example_dags/example_task_group_decorator.py
[2023-10-06T00:37:51.380+0000] {processor.py:829} INFO - Processing file /home/airflow/.local/lib/python3.8/site-packages/airflow/example_dags/example_task_group_decorator.py for tasks to queue
[2023-10-06T00:37:51.382+0000] {logging_mixin.py:151} INFO - [2023-10-06T00:37:51.382+0000] {dagbag.py:539} INFO - Filling up the DagBag from /home/airflow/.local/lib/python3.8/site-packages/airflow/example_dags/example_task_group_decorator.py
[2023-10-06T00:37:51.390+0000] {processor.py:839} INFO - DAG(s) dict_keys(['example_task_group_decorator']) retrieved from /home/airflow/.local/lib/python3.8/site-packages/airflow/example_dags/example_task_group_decorator.py
[2023-10-06T00:37:51.405+0000] {logging_mixin.py:151} INFO - [2023-10-06T00:37:51.405+0000] {dag.py:2907} INFO - Sync 1 DAGs
[2023-10-06T00:37:51.416+0000] {logging_mixin.py:151} INFO - [2023-10-06T00:37:51.416+0000] {dag.py:3677} INFO - Setting next_dagrun for example_task_group_decorator to 2023-10-05T00:37:51.416148+00:00, run_after=2023-10-06T00:37:51.416148+00:00
[2023-10-06T00:37:51.428+0000] {processor.py:179} INFO - Processing /home/airflow/.local/lib/python3.8/site-packages/airflow/example_dags/example_task_group_decorator.py took 0.050 seconds
[2023-10-06T00:43:20.036+0000] {processor.py:157} INFO - Started process (PID=92853) to work on /home/airflow/.local/lib/python3.8/site-packages/airflow/example_dags/example_task_group_decorator.py
[2023-10-06T00:43:20.037+0000] {processor.py:829} INFO - Processing file /home/airflow/.local/lib/python3.8/site-packages/airflow/example_dags/example_task_group_decorator.py for tasks to queue
[2023-10-06T00:43:20.038+0000] {logging_mixin.py:151} INFO - [2023-10-06T00:43:20.038+0000] {dagbag.py:539} INFO - Filling up the DagBag from /home/airflow/.local/lib/python3.8/site-packages/airflow/example_dags/example_task_group_decorator.py
[2023-10-06T00:43:20.045+0000] {processor.py:839} INFO - DAG(s) dict_keys(['example_task_group_decorator']) retrieved from /home/airflow/.local/lib/python3.8/site-packages/airflow/example_dags/example_task_group_decorator.py
[2023-10-06T00:43:20.059+0000] {logging_mixin.py:151} INFO - [2023-10-06T00:43:20.058+0000] {dag.py:2907} INFO - Sync 1 DAGs
[2023-10-06T00:43:20.069+0000] {logging_mixin.py:151} INFO - [2023-10-06T00:43:20.069+0000] {dag.py:3677} INFO - Setting next_dagrun for example_task_group_decorator to 2023-10-05T00:43:20.068962+00:00, run_after=2023-10-06T00:43:20.068962+00:00
[2023-10-06T00:43:20.079+0000] {processor.py:179} INFO - Processing /home/airflow/.local/lib/python3.8/site-packages/airflow/example_dags/example_task_group_decorator.py took 0.045 seconds
[2023-10-06T00:43:50.560+0000] {processor.py:157} INFO - Started process (PID=92904) to work on /home/airflow/.local/lib/python3.8/site-packages/airflow/example_dags/example_task_group_decorator.py
[2023-10-06T00:43:50.561+0000] {processor.py:829} INFO - Processing file /home/airflow/.local/lib/python3.8/site-packages/airflow/example_dags/example_task_group_decorator.py for tasks to queue
[2023-10-06T00:43:50.562+0000] {logging_mixin.py:151} INFO - [2023-10-06T00:43:50.562+0000] {dagbag.py:539} INFO - Filling up the DagBag from /home/airflow/.local/lib/python3.8/site-packages/airflow/example_dags/example_task_group_decorator.py
[2023-10-06T00:43:50.569+0000] {processor.py:839} INFO - DAG(s) dict_keys(['example_task_group_decorator']) retrieved from /home/airflow/.local/lib/python3.8/site-packages/airflow/example_dags/example_task_group_decorator.py
[2023-10-06T00:43:50.583+0000] {logging_mixin.py:151} INFO - [2023-10-06T00:43:50.583+0000] {dag.py:2907} INFO - Sync 1 DAGs
[2023-10-06T00:43:50.594+0000] {logging_mixin.py:151} INFO - [2023-10-06T00:43:50.594+0000] {dag.py:3677} INFO - Setting next_dagrun for example_task_group_decorator to 2023-10-05T00:43:50.593985+00:00, run_after=2023-10-06T00:43:50.593985+00:00
[2023-10-06T00:43:50.604+0000] {processor.py:179} INFO - Processing /home/airflow/.local/lib/python3.8/site-packages/airflow/example_dags/example_task_group_decorator.py took 0.046 seconds
[2023-10-06T00:49:19.023+0000] {processor.py:157} INFO - Started process (PID=92955) to work on /home/airflow/.local/lib/python3.8/site-packages/airflow/example_dags/example_task_group_decorator.py
[2023-10-06T00:49:19.024+0000] {processor.py:829} INFO - Processing file /home/airflow/.local/lib/python3.8/site-packages/airflow/example_dags/example_task_group_decorator.py for tasks to queue
[2023-10-06T00:49:19.025+0000] {logging_mixin.py:151} INFO - [2023-10-06T00:49:19.025+0000] {dagbag.py:539} INFO - Filling up the DagBag from /home/airflow/.local/lib/python3.8/site-packages/airflow/example_dags/example_task_group_decorator.py
[2023-10-06T00:49:19.032+0000] {processor.py:839} INFO - DAG(s) dict_keys(['example_task_group_decorator']) retrieved from /home/airflow/.local/lib/python3.8/site-packages/airflow/example_dags/example_task_group_decorator.py
[2023-10-06T00:49:19.058+0000] {logging_mixin.py:151} INFO - [2023-10-06T00:49:19.058+0000] {dag.py:2907} INFO - Sync 1 DAGs
[2023-10-06T00:49:19.069+0000] {logging_mixin.py:151} INFO - [2023-10-06T00:49:19.069+0000] {dag.py:3677} INFO - Setting next_dagrun for example_task_group_decorator to 2023-10-05T00:49:19.069351+00:00, run_after=2023-10-06T00:49:19.069351+00:00
[2023-10-06T00:49:19.083+0000] {processor.py:179} INFO - Processing /home/airflow/.local/lib/python3.8/site-packages/airflow/example_dags/example_task_group_decorator.py took 0.062 seconds
[2023-10-06T00:54:47.842+0000] {processor.py:157} INFO - Started process (PID=93006) to work on /home/airflow/.local/lib/python3.8/site-packages/airflow/example_dags/example_task_group_decorator.py
[2023-10-06T00:54:47.843+0000] {processor.py:829} INFO - Processing file /home/airflow/.local/lib/python3.8/site-packages/airflow/example_dags/example_task_group_decorator.py for tasks to queue
[2023-10-06T00:54:47.845+0000] {logging_mixin.py:151} INFO - [2023-10-06T00:54:47.845+0000] {dagbag.py:539} INFO - Filling up the DagBag from /home/airflow/.local/lib/python3.8/site-packages/airflow/example_dags/example_task_group_decorator.py
[2023-10-06T00:54:47.857+0000] {processor.py:839} INFO - DAG(s) dict_keys(['example_task_group_decorator']) retrieved from /home/airflow/.local/lib/python3.8/site-packages/airflow/example_dags/example_task_group_decorator.py
[2023-10-06T00:54:47.880+0000] {logging_mixin.py:151} INFO - [2023-10-06T00:54:47.880+0000] {dag.py:2907} INFO - Sync 1 DAGs
[2023-10-06T00:54:47.893+0000] {logging_mixin.py:151} INFO - [2023-10-06T00:54:47.893+0000] {dag.py:3677} INFO - Setting next_dagrun for example_task_group_decorator to 2023-10-05T00:54:47.892836+00:00, run_after=2023-10-06T00:54:47.892836+00:00
[2023-10-06T00:54:47.904+0000] {processor.py:179} INFO - Processing /home/airflow/.local/lib/python3.8/site-packages/airflow/example_dags/example_task_group_decorator.py took 0.065 seconds
[2023-10-06T00:55:18.832+0000] {processor.py:157} INFO - Started process (PID=93057) to work on /home/airflow/.local/lib/python3.8/site-packages/airflow/example_dags/example_task_group_decorator.py
[2023-10-06T00:55:18.833+0000] {processor.py:829} INFO - Processing file /home/airflow/.local/lib/python3.8/site-packages/airflow/example_dags/example_task_group_decorator.py for tasks to queue
[2023-10-06T00:55:18.834+0000] {logging_mixin.py:151} INFO - [2023-10-06T00:55:18.834+0000] {dagbag.py:539} INFO - Filling up the DagBag from /home/airflow/.local/lib/python3.8/site-packages/airflow/example_dags/example_task_group_decorator.py
[2023-10-06T00:55:18.841+0000] {processor.py:839} INFO - DAG(s) dict_keys(['example_task_group_decorator']) retrieved from /home/airflow/.local/lib/python3.8/site-packages/airflow/example_dags/example_task_group_decorator.py
[2023-10-06T00:55:18.855+0000] {logging_mixin.py:151} INFO - [2023-10-06T00:55:18.855+0000] {dag.py:2907} INFO - Sync 1 DAGs
[2023-10-06T00:55:18.865+0000] {logging_mixin.py:151} INFO - [2023-10-06T00:55:18.865+0000] {dag.py:3677} INFO - Setting next_dagrun for example_task_group_decorator to 2023-10-05T00:55:18.864960+00:00, run_after=2023-10-06T00:55:18.864960+00:00
[2023-10-06T00:55:18.876+0000] {processor.py:179} INFO - Processing /home/airflow/.local/lib/python3.8/site-packages/airflow/example_dags/example_task_group_decorator.py took 0.045 seconds
[2023-10-06T00:55:49.236+0000] {processor.py:157} INFO - Started process (PID=93108) to work on /home/airflow/.local/lib/python3.8/site-packages/airflow/example_dags/example_task_group_decorator.py
[2023-10-06T00:55:49.237+0000] {processor.py:829} INFO - Processing file /home/airflow/.local/lib/python3.8/site-packages/airflow/example_dags/example_task_group_decorator.py for tasks to queue
[2023-10-06T00:55:49.238+0000] {logging_mixin.py:151} INFO - [2023-10-06T00:55:49.238+0000] {dagbag.py:539} INFO - Filling up the DagBag from /home/airflow/.local/lib/python3.8/site-packages/airflow/example_dags/example_task_group_decorator.py
[2023-10-06T00:55:49.245+0000] {processor.py:839} INFO - DAG(s) dict_keys(['example_task_group_decorator']) retrieved from /home/airflow/.local/lib/python3.8/site-packages/airflow/example_dags/example_task_group_decorator.py
[2023-10-06T00:55:49.261+0000] {logging_mixin.py:151} INFO - [2023-10-06T00:55:49.261+0000] {dag.py:2907} INFO - Sync 1 DAGs
[2023-10-06T00:55:49.272+0000] {logging_mixin.py:151} INFO - [2023-10-06T00:55:49.271+0000] {dag.py:3677} INFO - Setting next_dagrun for example_task_group_decorator to 2023-10-05T00:55:49.271802+00:00, run_after=2023-10-06T00:55:49.271802+00:00
[2023-10-06T00:55:49.285+0000] {processor.py:179} INFO - Processing /home/airflow/.local/lib/python3.8/site-packages/airflow/example_dags/example_task_group_decorator.py took 0.051 seconds
[2023-10-06T00:56:20.062+0000] {processor.py:157} INFO - Started process (PID=93159) to work on /home/airflow/.local/lib/python3.8/site-packages/airflow/example_dags/example_task_group_decorator.py
[2023-10-06T00:56:20.063+0000] {processor.py:829} INFO - Processing file /home/airflow/.local/lib/python3.8/site-packages/airflow/example_dags/example_task_group_decorator.py for tasks to queue
[2023-10-06T00:56:20.064+0000] {logging_mixin.py:151} INFO - [2023-10-06T00:56:20.064+0000] {dagbag.py:539} INFO - Filling up the DagBag from /home/airflow/.local/lib/python3.8/site-packages/airflow/example_dags/example_task_group_decorator.py
[2023-10-06T00:56:20.071+0000] {processor.py:839} INFO - DAG(s) dict_keys(['example_task_group_decorator']) retrieved from /home/airflow/.local/lib/python3.8/site-packages/airflow/example_dags/example_task_group_decorator.py
[2023-10-06T00:56:20.091+0000] {logging_mixin.py:151} INFO - [2023-10-06T00:56:20.091+0000] {dag.py:2907} INFO - Sync 1 DAGs
[2023-10-06T00:56:20.101+0000] {logging_mixin.py:151} INFO - [2023-10-06T00:56:20.101+0000] {dag.py:3677} INFO - Setting next_dagrun for example_task_group_decorator to 2023-10-05T00:56:20.101264+00:00, run_after=2023-10-06T00:56:20.101264+00:00
[2023-10-06T00:56:20.112+0000] {processor.py:179} INFO - Processing /home/airflow/.local/lib/python3.8/site-packages/airflow/example_dags/example_task_group_decorator.py took 0.052 seconds
[2023-10-06T00:56:50.453+0000] {processor.py:157} INFO - Started process (PID=93210) to work on /home/airflow/.local/lib/python3.8/site-packages/airflow/example_dags/example_task_group_decorator.py
[2023-10-06T00:56:50.453+0000] {processor.py:829} INFO - Processing file /home/airflow/.local/lib/python3.8/site-packages/airflow/example_dags/example_task_group_decorator.py for tasks to queue
[2023-10-06T00:56:50.455+0000] {logging_mixin.py:151} INFO - [2023-10-06T00:56:50.454+0000] {dagbag.py:539} INFO - Filling up the DagBag from /home/airflow/.local/lib/python3.8/site-packages/airflow/example_dags/example_task_group_decorator.py
[2023-10-06T00:56:50.462+0000] {processor.py:839} INFO - DAG(s) dict_keys(['example_task_group_decorator']) retrieved from /home/airflow/.local/lib/python3.8/site-packages/airflow/example_dags/example_task_group_decorator.py
[2023-10-06T00:56:50.476+0000] {logging_mixin.py:151} INFO - [2023-10-06T00:56:50.475+0000] {dag.py:2907} INFO - Sync 1 DAGs
[2023-10-06T00:56:50.486+0000] {logging_mixin.py:151} INFO - [2023-10-06T00:56:50.486+0000] {dag.py:3677} INFO - Setting next_dagrun for example_task_group_decorator to 2023-10-05T00:56:50.486676+00:00, run_after=2023-10-06T00:56:50.486676+00:00
[2023-10-06T00:56:50.497+0000] {processor.py:179} INFO - Processing /home/airflow/.local/lib/python3.8/site-packages/airflow/example_dags/example_task_group_decorator.py took 0.046 seconds
[2023-10-06T01:03:59.958+0000] {processor.py:157} INFO - Started process (PID=93261) to work on /home/airflow/.local/lib/python3.8/site-packages/airflow/example_dags/example_task_group_decorator.py
[2023-10-06T01:03:59.958+0000] {processor.py:829} INFO - Processing file /home/airflow/.local/lib/python3.8/site-packages/airflow/example_dags/example_task_group_decorator.py for tasks to queue
[2023-10-06T01:03:59.960+0000] {logging_mixin.py:151} INFO - [2023-10-06T01:03:59.959+0000] {dagbag.py:539} INFO - Filling up the DagBag from /home/airflow/.local/lib/python3.8/site-packages/airflow/example_dags/example_task_group_decorator.py
[2023-10-06T01:03:59.967+0000] {processor.py:839} INFO - DAG(s) dict_keys(['example_task_group_decorator']) retrieved from /home/airflow/.local/lib/python3.8/site-packages/airflow/example_dags/example_task_group_decorator.py
[2023-10-06T01:03:59.980+0000] {logging_mixin.py:151} INFO - [2023-10-06T01:03:59.980+0000] {dag.py:2907} INFO - Sync 1 DAGs
[2023-10-06T01:03:59.991+0000] {logging_mixin.py:151} INFO - [2023-10-06T01:03:59.991+0000] {dag.py:3677} INFO - Setting next_dagrun for example_task_group_decorator to 2023-10-05T01:03:59.990990+00:00, run_after=2023-10-06T01:03:59.990990+00:00
[2023-10-06T01:04:00.001+0000] {processor.py:179} INFO - Processing /home/airflow/.local/lib/python3.8/site-packages/airflow/example_dags/example_task_group_decorator.py took 0.046 seconds
[2023-10-06T01:47:59.471+0000] {processor.py:157} INFO - Started process (PID=93312) to work on /home/airflow/.local/lib/python3.8/site-packages/airflow/example_dags/example_task_group_decorator.py
[2023-10-06T01:47:59.472+0000] {processor.py:829} INFO - Processing file /home/airflow/.local/lib/python3.8/site-packages/airflow/example_dags/example_task_group_decorator.py for tasks to queue
[2023-10-06T01:47:59.474+0000] {logging_mixin.py:151} INFO - [2023-10-06T01:47:59.473+0000] {dagbag.py:539} INFO - Filling up the DagBag from /home/airflow/.local/lib/python3.8/site-packages/airflow/example_dags/example_task_group_decorator.py
[2023-10-06T01:47:59.481+0000] {processor.py:839} INFO - DAG(s) dict_keys(['example_task_group_decorator']) retrieved from /home/airflow/.local/lib/python3.8/site-packages/airflow/example_dags/example_task_group_decorator.py
[2023-10-06T01:47:59.504+0000] {logging_mixin.py:151} INFO - [2023-10-06T01:47:59.504+0000] {dag.py:2907} INFO - Sync 1 DAGs
[2023-10-06T01:47:59.515+0000] {logging_mixin.py:151} INFO - [2023-10-06T01:47:59.515+0000] {dag.py:3677} INFO - Setting next_dagrun for example_task_group_decorator to 2023-10-05T01:47:59.515331+00:00, run_after=2023-10-06T01:47:59.515331+00:00
[2023-10-06T01:47:59.526+0000] {processor.py:179} INFO - Processing /home/airflow/.local/lib/python3.8/site-packages/airflow/example_dags/example_task_group_decorator.py took 0.057 seconds
[2023-10-06T03:12:11.221+0000] {processor.py:157} INFO - Started process (PID=93363) to work on /home/airflow/.local/lib/python3.8/site-packages/airflow/example_dags/example_task_group_decorator.py
[2023-10-06T03:12:11.222+0000] {processor.py:829} INFO - Processing file /home/airflow/.local/lib/python3.8/site-packages/airflow/example_dags/example_task_group_decorator.py for tasks to queue
[2023-10-06T03:12:11.224+0000] {logging_mixin.py:151} INFO - [2023-10-06T03:12:11.224+0000] {dagbag.py:539} INFO - Filling up the DagBag from /home/airflow/.local/lib/python3.8/site-packages/airflow/example_dags/example_task_group_decorator.py
[2023-10-06T03:12:11.232+0000] {processor.py:839} INFO - DAG(s) dict_keys(['example_task_group_decorator']) retrieved from /home/airflow/.local/lib/python3.8/site-packages/airflow/example_dags/example_task_group_decorator.py
[2023-10-06T03:12:11.249+0000] {logging_mixin.py:151} INFO - [2023-10-06T03:12:11.249+0000] {dag.py:2907} INFO - Sync 1 DAGs
[2023-10-06T03:12:11.261+0000] {logging_mixin.py:151} INFO - [2023-10-06T03:12:11.260+0000] {dag.py:3677} INFO - Setting next_dagrun for example_task_group_decorator to 2023-10-05T03:12:11.260753+00:00, run_after=2023-10-06T03:12:11.260753+00:00
[2023-10-06T03:12:11.272+0000] {processor.py:179} INFO - Processing /home/airflow/.local/lib/python3.8/site-packages/airflow/example_dags/example_task_group_decorator.py took 0.054 seconds
[2023-10-06T04:32:22.295+0000] {processor.py:157} INFO - Started process (PID=93414) to work on /home/airflow/.local/lib/python3.8/site-packages/airflow/example_dags/example_task_group_decorator.py
[2023-10-06T04:32:22.295+0000] {processor.py:829} INFO - Processing file /home/airflow/.local/lib/python3.8/site-packages/airflow/example_dags/example_task_group_decorator.py for tasks to queue
[2023-10-06T04:32:22.297+0000] {logging_mixin.py:151} INFO - [2023-10-06T04:32:22.296+0000] {dagbag.py:539} INFO - Filling up the DagBag from /home/airflow/.local/lib/python3.8/site-packages/airflow/example_dags/example_task_group_decorator.py
[2023-10-06T04:32:22.304+0000] {processor.py:839} INFO - DAG(s) dict_keys(['example_task_group_decorator']) retrieved from /home/airflow/.local/lib/python3.8/site-packages/airflow/example_dags/example_task_group_decorator.py
[2023-10-06T04:32:22.317+0000] {logging_mixin.py:151} INFO - [2023-10-06T04:32:22.316+0000] {dag.py:2907} INFO - Sync 1 DAGs
[2023-10-06T04:32:22.327+0000] {logging_mixin.py:151} INFO - [2023-10-06T04:32:22.327+0000] {dag.py:3677} INFO - Setting next_dagrun for example_task_group_decorator to 2023-10-05T04:32:22.327072+00:00, run_after=2023-10-06T04:32:22.327072+00:00
[2023-10-06T04:32:22.341+0000] {processor.py:179} INFO - Processing /home/airflow/.local/lib/python3.8/site-packages/airflow/example_dags/example_task_group_decorator.py took 0.048 seconds
[2023-10-06T05:56:31.659+0000] {processor.py:157} INFO - Started process (PID=93465) to work on /home/airflow/.local/lib/python3.8/site-packages/airflow/example_dags/example_task_group_decorator.py
[2023-10-06T05:56:31.659+0000] {processor.py:829} INFO - Processing file /home/airflow/.local/lib/python3.8/site-packages/airflow/example_dags/example_task_group_decorator.py for tasks to queue
[2023-10-06T05:56:31.660+0000] {logging_mixin.py:151} INFO - [2023-10-06T05:56:31.660+0000] {dagbag.py:539} INFO - Filling up the DagBag from /home/airflow/.local/lib/python3.8/site-packages/airflow/example_dags/example_task_group_decorator.py
[2023-10-06T05:56:31.668+0000] {processor.py:839} INFO - DAG(s) dict_keys(['example_task_group_decorator']) retrieved from /home/airflow/.local/lib/python3.8/site-packages/airflow/example_dags/example_task_group_decorator.py
[2023-10-06T05:56:31.682+0000] {logging_mixin.py:151} INFO - [2023-10-06T05:56:31.682+0000] {dag.py:2907} INFO - Sync 1 DAGs
[2023-10-06T05:56:31.692+0000] {logging_mixin.py:151} INFO - [2023-10-06T05:56:31.692+0000] {dag.py:3677} INFO - Setting next_dagrun for example_task_group_decorator to 2023-10-05T05:56:31.692151+00:00, run_after=2023-10-06T05:56:31.692151+00:00
[2023-10-06T05:56:31.703+0000] {processor.py:179} INFO - Processing /home/airflow/.local/lib/python3.8/site-packages/airflow/example_dags/example_task_group_decorator.py took 0.046 seconds
[2023-10-06T07:21:27.994+0000] {processor.py:157} INFO - Started process (PID=93516) to work on /home/airflow/.local/lib/python3.8/site-packages/airflow/example_dags/example_task_group_decorator.py
[2023-10-06T07:21:27.995+0000] {processor.py:829} INFO - Processing file /home/airflow/.local/lib/python3.8/site-packages/airflow/example_dags/example_task_group_decorator.py for tasks to queue
[2023-10-06T07:21:27.996+0000] {logging_mixin.py:151} INFO - [2023-10-06T07:21:27.996+0000] {dagbag.py:539} INFO - Filling up the DagBag from /home/airflow/.local/lib/python3.8/site-packages/airflow/example_dags/example_task_group_decorator.py
[2023-10-06T07:21:28.003+0000] {processor.py:839} INFO - DAG(s) dict_keys(['example_task_group_decorator']) retrieved from /home/airflow/.local/lib/python3.8/site-packages/airflow/example_dags/example_task_group_decorator.py
[2023-10-06T07:21:28.019+0000] {logging_mixin.py:151} INFO - [2023-10-06T07:21:28.019+0000] {dag.py:2907} INFO - Sync 1 DAGs
[2023-10-06T07:21:28.030+0000] {logging_mixin.py:151} INFO - [2023-10-06T07:21:28.030+0000] {dag.py:3677} INFO - Setting next_dagrun for example_task_group_decorator to 2023-10-05T07:21:28.030619+00:00, run_after=2023-10-06T07:21:28.030619+00:00
[2023-10-06T07:21:28.041+0000] {processor.py:179} INFO - Processing /home/airflow/.local/lib/python3.8/site-packages/airflow/example_dags/example_task_group_decorator.py took 0.049 seconds
[2023-10-06T08:42:33.334+0000] {processor.py:157} INFO - Started process (PID=93567) to work on /home/airflow/.local/lib/python3.8/site-packages/airflow/example_dags/example_task_group_decorator.py
[2023-10-06T08:42:33.335+0000] {processor.py:829} INFO - Processing file /home/airflow/.local/lib/python3.8/site-packages/airflow/example_dags/example_task_group_decorator.py for tasks to queue
[2023-10-06T08:42:33.336+0000] {logging_mixin.py:151} INFO - [2023-10-06T08:42:33.336+0000] {dagbag.py:539} INFO - Filling up the DagBag from /home/airflow/.local/lib/python3.8/site-packages/airflow/example_dags/example_task_group_decorator.py
[2023-10-06T08:42:33.343+0000] {processor.py:839} INFO - DAG(s) dict_keys(['example_task_group_decorator']) retrieved from /home/airflow/.local/lib/python3.8/site-packages/airflow/example_dags/example_task_group_decorator.py
[2023-10-06T08:42:33.357+0000] {logging_mixin.py:151} INFO - [2023-10-06T08:42:33.357+0000] {dag.py:2907} INFO - Sync 1 DAGs
[2023-10-06T08:42:33.368+0000] {logging_mixin.py:151} INFO - [2023-10-06T08:42:33.367+0000] {dag.py:3677} INFO - Setting next_dagrun for example_task_group_decorator to 2023-10-05T08:42:33.367839+00:00, run_after=2023-10-06T08:42:33.367839+00:00
[2023-10-06T08:42:33.377+0000] {processor.py:179} INFO - Processing /home/airflow/.local/lib/python3.8/site-packages/airflow/example_dags/example_task_group_decorator.py took 0.046 seconds
[2023-10-06T10:05:56.488+0000] {processor.py:157} INFO - Started process (PID=93618) to work on /home/airflow/.local/lib/python3.8/site-packages/airflow/example_dags/example_task_group_decorator.py
[2023-10-06T10:05:56.489+0000] {processor.py:829} INFO - Processing file /home/airflow/.local/lib/python3.8/site-packages/airflow/example_dags/example_task_group_decorator.py for tasks to queue
[2023-10-06T10:05:56.490+0000] {logging_mixin.py:151} INFO - [2023-10-06T10:05:56.490+0000] {dagbag.py:539} INFO - Filling up the DagBag from /home/airflow/.local/lib/python3.8/site-packages/airflow/example_dags/example_task_group_decorator.py
[2023-10-06T10:05:56.497+0000] {processor.py:839} INFO - DAG(s) dict_keys(['example_task_group_decorator']) retrieved from /home/airflow/.local/lib/python3.8/site-packages/airflow/example_dags/example_task_group_decorator.py
[2023-10-06T10:05:56.511+0000] {logging_mixin.py:151} INFO - [2023-10-06T10:05:56.511+0000] {dag.py:2907} INFO - Sync 1 DAGs
[2023-10-06T10:05:56.520+0000] {logging_mixin.py:151} INFO - [2023-10-06T10:05:56.520+0000] {dag.py:3677} INFO - Setting next_dagrun for example_task_group_decorator to 2023-10-05T10:05:56.520553+00:00, run_after=2023-10-06T10:05:56.520553+00:00
[2023-10-06T10:05:56.531+0000] {processor.py:179} INFO - Processing /home/airflow/.local/lib/python3.8/site-packages/airflow/example_dags/example_task_group_decorator.py took 0.045 seconds
[2023-10-06T11:25:34.658+0000] {processor.py:157} INFO - Started process (PID=93669) to work on /home/airflow/.local/lib/python3.8/site-packages/airflow/example_dags/example_task_group_decorator.py
[2023-10-06T11:25:34.658+0000] {processor.py:829} INFO - Processing file /home/airflow/.local/lib/python3.8/site-packages/airflow/example_dags/example_task_group_decorator.py for tasks to queue
[2023-10-06T11:25:34.660+0000] {logging_mixin.py:151} INFO - [2023-10-06T11:25:34.659+0000] {dagbag.py:539} INFO - Filling up the DagBag from /home/airflow/.local/lib/python3.8/site-packages/airflow/example_dags/example_task_group_decorator.py
[2023-10-06T11:25:34.667+0000] {processor.py:839} INFO - DAG(s) dict_keys(['example_task_group_decorator']) retrieved from /home/airflow/.local/lib/python3.8/site-packages/airflow/example_dags/example_task_group_decorator.py
[2023-10-06T11:25:34.680+0000] {logging_mixin.py:151} INFO - [2023-10-06T11:25:34.680+0000] {dag.py:2907} INFO - Sync 1 DAGs
[2023-10-06T11:25:34.690+0000] {logging_mixin.py:151} INFO - [2023-10-06T11:25:34.690+0000] {dag.py:3677} INFO - Setting next_dagrun for example_task_group_decorator to 2023-10-05T11:25:34.690383+00:00, run_after=2023-10-06T11:25:34.690383+00:00
[2023-10-06T11:25:34.701+0000] {processor.py:179} INFO - Processing /home/airflow/.local/lib/python3.8/site-packages/airflow/example_dags/example_task_group_decorator.py took 0.045 seconds
[2023-10-06T12:28:46.564+0000] {processor.py:157} INFO - Started process (PID=93720) to work on /home/airflow/.local/lib/python3.8/site-packages/airflow/example_dags/example_task_group_decorator.py
[2023-10-06T12:28:46.565+0000] {processor.py:829} INFO - Processing file /home/airflow/.local/lib/python3.8/site-packages/airflow/example_dags/example_task_group_decorator.py for tasks to queue
[2023-10-06T12:28:46.566+0000] {logging_mixin.py:151} INFO - [2023-10-06T12:28:46.566+0000] {dagbag.py:539} INFO - Filling up the DagBag from /home/airflow/.local/lib/python3.8/site-packages/airflow/example_dags/example_task_group_decorator.py
[2023-10-06T12:28:46.573+0000] {processor.py:839} INFO - DAG(s) dict_keys(['example_task_group_decorator']) retrieved from /home/airflow/.local/lib/python3.8/site-packages/airflow/example_dags/example_task_group_decorator.py
[2023-10-06T12:28:46.587+0000] {logging_mixin.py:151} INFO - [2023-10-06T12:28:46.587+0000] {dag.py:2907} INFO - Sync 1 DAGs
[2023-10-06T12:28:46.597+0000] {logging_mixin.py:151} INFO - [2023-10-06T12:28:46.597+0000] {dag.py:3677} INFO - Setting next_dagrun for example_task_group_decorator to 2023-10-05T12:28:46.597422+00:00, run_after=2023-10-06T12:28:46.597422+00:00
[2023-10-06T12:28:46.608+0000] {processor.py:179} INFO - Processing /home/airflow/.local/lib/python3.8/site-packages/airflow/example_dags/example_task_group_decorator.py took 0.046 seconds
[2023-10-06T12:39:00.008+0000] {processor.py:157} INFO - Started process (PID=93771) to work on /home/airflow/.local/lib/python3.8/site-packages/airflow/example_dags/example_task_group_decorator.py
[2023-10-06T12:39:00.009+0000] {processor.py:829} INFO - Processing file /home/airflow/.local/lib/python3.8/site-packages/airflow/example_dags/example_task_group_decorator.py for tasks to queue
[2023-10-06T12:39:00.010+0000] {logging_mixin.py:151} INFO - [2023-10-06T12:39:00.010+0000] {dagbag.py:539} INFO - Filling up the DagBag from /home/airflow/.local/lib/python3.8/site-packages/airflow/example_dags/example_task_group_decorator.py
[2023-10-06T12:39:00.017+0000] {processor.py:839} INFO - DAG(s) dict_keys(['example_task_group_decorator']) retrieved from /home/airflow/.local/lib/python3.8/site-packages/airflow/example_dags/example_task_group_decorator.py
[2023-10-06T12:39:00.030+0000] {logging_mixin.py:151} INFO - [2023-10-06T12:39:00.030+0000] {dag.py:2907} INFO - Sync 1 DAGs
[2023-10-06T12:39:00.041+0000] {logging_mixin.py:151} INFO - [2023-10-06T12:39:00.041+0000] {dag.py:3677} INFO - Setting next_dagrun for example_task_group_decorator to 2023-10-05T12:39:00.040935+00:00, run_after=2023-10-06T12:39:00.040935+00:00
[2023-10-06T12:39:00.052+0000] {processor.py:179} INFO - Processing /home/airflow/.local/lib/python3.8/site-packages/airflow/example_dags/example_task_group_decorator.py took 0.046 seconds
[2023-10-06T12:54:55.589+0000] {processor.py:157} INFO - Started process (PID=93822) to work on /home/airflow/.local/lib/python3.8/site-packages/airflow/example_dags/example_task_group_decorator.py
[2023-10-06T12:54:55.589+0000] {processor.py:829} INFO - Processing file /home/airflow/.local/lib/python3.8/site-packages/airflow/example_dags/example_task_group_decorator.py for tasks to queue
[2023-10-06T12:54:55.591+0000] {logging_mixin.py:151} INFO - [2023-10-06T12:54:55.591+0000] {dagbag.py:539} INFO - Filling up the DagBag from /home/airflow/.local/lib/python3.8/site-packages/airflow/example_dags/example_task_group_decorator.py
[2023-10-06T12:54:55.598+0000] {processor.py:839} INFO - DAG(s) dict_keys(['example_task_group_decorator']) retrieved from /home/airflow/.local/lib/python3.8/site-packages/airflow/example_dags/example_task_group_decorator.py
[2023-10-06T12:54:55.612+0000] {logging_mixin.py:151} INFO - [2023-10-06T12:54:55.612+0000] {dag.py:2907} INFO - Sync 1 DAGs
[2023-10-06T12:54:55.621+0000] {logging_mixin.py:151} INFO - [2023-10-06T12:54:55.621+0000] {dag.py:3677} INFO - Setting next_dagrun for example_task_group_decorator to 2023-10-05T12:54:55.621735+00:00, run_after=2023-10-06T12:54:55.621735+00:00
[2023-10-06T12:54:55.633+0000] {processor.py:179} INFO - Processing /home/airflow/.local/lib/python3.8/site-packages/airflow/example_dags/example_task_group_decorator.py took 0.046 seconds
[2023-10-06T13:46:11.719+0000] {processor.py:157} INFO - Started process (PID=93873) to work on /home/airflow/.local/lib/python3.8/site-packages/airflow/example_dags/example_task_group_decorator.py
[2023-10-06T13:46:11.719+0000] {processor.py:829} INFO - Processing file /home/airflow/.local/lib/python3.8/site-packages/airflow/example_dags/example_task_group_decorator.py for tasks to queue
[2023-10-06T13:46:11.721+0000] {logging_mixin.py:151} INFO - [2023-10-06T13:46:11.721+0000] {dagbag.py:539} INFO - Filling up the DagBag from /home/airflow/.local/lib/python3.8/site-packages/airflow/example_dags/example_task_group_decorator.py
[2023-10-06T13:46:11.728+0000] {processor.py:839} INFO - DAG(s) dict_keys(['example_task_group_decorator']) retrieved from /home/airflow/.local/lib/python3.8/site-packages/airflow/example_dags/example_task_group_decorator.py
[2023-10-06T13:46:11.742+0000] {logging_mixin.py:151} INFO - [2023-10-06T13:46:11.742+0000] {dag.py:2907} INFO - Sync 1 DAGs
[2023-10-06T13:46:11.753+0000] {logging_mixin.py:151} INFO - [2023-10-06T13:46:11.753+0000] {dag.py:3677} INFO - Setting next_dagrun for example_task_group_decorator to 2023-10-05T13:46:11.753520+00:00, run_after=2023-10-06T13:46:11.753520+00:00
[2023-10-06T13:46:11.765+0000] {processor.py:179} INFO - Processing /home/airflow/.local/lib/python3.8/site-packages/airflow/example_dags/example_task_group_decorator.py took 0.048 seconds
[2023-10-06T15:22:52.513+0000] {processor.py:157} INFO - Started process (PID=93924) to work on /home/airflow/.local/lib/python3.8/site-packages/airflow/example_dags/example_task_group_decorator.py
[2023-10-06T15:22:52.520+0000] {processor.py:829} INFO - Processing file /home/airflow/.local/lib/python3.8/site-packages/airflow/example_dags/example_task_group_decorator.py for tasks to queue
[2023-10-06T15:22:52.528+0000] {logging_mixin.py:151} INFO - [2023-10-06T15:22:52.527+0000] {dagbag.py:539} INFO - Filling up the DagBag from /home/airflow/.local/lib/python3.8/site-packages/airflow/example_dags/example_task_group_decorator.py
[2023-10-06T15:22:52.544+0000] {processor.py:839} INFO - DAG(s) dict_keys(['example_task_group_decorator']) retrieved from /home/airflow/.local/lib/python3.8/site-packages/airflow/example_dags/example_task_group_decorator.py
[2023-10-06T15:22:52.578+0000] {logging_mixin.py:151} INFO - [2023-10-06T15:22:52.578+0000] {dag.py:2907} INFO - Sync 1 DAGs
[2023-10-06T15:22:52.600+0000] {logging_mixin.py:151} INFO - [2023-10-06T15:22:52.600+0000] {dag.py:3677} INFO - Setting next_dagrun for example_task_group_decorator to 2023-10-05T15:22:52.599836+00:00, run_after=2023-10-06T15:22:52.599836+00:00
[2023-10-06T15:22:52.615+0000] {processor.py:179} INFO - Processing /home/airflow/.local/lib/python3.8/site-packages/airflow/example_dags/example_task_group_decorator.py took 0.105 seconds
[2023-10-06T16:45:55.255+0000] {processor.py:157} INFO - Started process (PID=93975) to work on /home/airflow/.local/lib/python3.8/site-packages/airflow/example_dags/example_task_group_decorator.py
[2023-10-06T16:45:55.256+0000] {processor.py:829} INFO - Processing file /home/airflow/.local/lib/python3.8/site-packages/airflow/example_dags/example_task_group_decorator.py for tasks to queue
[2023-10-06T16:45:55.257+0000] {logging_mixin.py:151} INFO - [2023-10-06T16:45:55.257+0000] {dagbag.py:539} INFO - Filling up the DagBag from /home/airflow/.local/lib/python3.8/site-packages/airflow/example_dags/example_task_group_decorator.py
[2023-10-06T16:45:55.265+0000] {processor.py:839} INFO - DAG(s) dict_keys(['example_task_group_decorator']) retrieved from /home/airflow/.local/lib/python3.8/site-packages/airflow/example_dags/example_task_group_decorator.py
[2023-10-06T16:45:55.289+0000] {logging_mixin.py:151} INFO - [2023-10-06T16:45:55.288+0000] {dag.py:2907} INFO - Sync 1 DAGs
[2023-10-06T16:45:55.298+0000] {logging_mixin.py:151} INFO - [2023-10-06T16:45:55.298+0000] {dag.py:3677} INFO - Setting next_dagrun for example_task_group_decorator to 2023-10-05T16:45:55.298722+00:00, run_after=2023-10-06T16:45:55.298722+00:00
[2023-10-06T16:45:55.309+0000] {processor.py:179} INFO - Processing /home/airflow/.local/lib/python3.8/site-packages/airflow/example_dags/example_task_group_decorator.py took 0.056 seconds
[2023-10-06T18:26:18.846+0000] {processor.py:157} INFO - Started process (PID=94026) to work on /home/airflow/.local/lib/python3.8/site-packages/airflow/example_dags/example_task_group_decorator.py
[2023-10-06T18:26:18.846+0000] {processor.py:829} INFO - Processing file /home/airflow/.local/lib/python3.8/site-packages/airflow/example_dags/example_task_group_decorator.py for tasks to queue
[2023-10-06T18:26:18.848+0000] {logging_mixin.py:151} INFO - [2023-10-06T18:26:18.848+0000] {dagbag.py:539} INFO - Filling up the DagBag from /home/airflow/.local/lib/python3.8/site-packages/airflow/example_dags/example_task_group_decorator.py
[2023-10-06T18:26:18.855+0000] {processor.py:839} INFO - DAG(s) dict_keys(['example_task_group_decorator']) retrieved from /home/airflow/.local/lib/python3.8/site-packages/airflow/example_dags/example_task_group_decorator.py
[2023-10-06T18:26:18.872+0000] {logging_mixin.py:151} INFO - [2023-10-06T18:26:18.872+0000] {dag.py:2907} INFO - Sync 1 DAGs
[2023-10-06T18:26:18.883+0000] {logging_mixin.py:151} INFO - [2023-10-06T18:26:18.883+0000] {dag.py:3677} INFO - Setting next_dagrun for example_task_group_decorator to 2023-10-05T18:26:18.883710+00:00, run_after=2023-10-06T18:26:18.883710+00:00
[2023-10-06T18:26:18.894+0000] {processor.py:179} INFO - Processing /home/airflow/.local/lib/python3.8/site-packages/airflow/example_dags/example_task_group_decorator.py took 0.050 seconds
[2023-10-06T20:02:31.195+0000] {processor.py:157} INFO - Started process (PID=94077) to work on /home/airflow/.local/lib/python3.8/site-packages/airflow/example_dags/example_task_group_decorator.py
[2023-10-06T20:02:31.196+0000] {processor.py:829} INFO - Processing file /home/airflow/.local/lib/python3.8/site-packages/airflow/example_dags/example_task_group_decorator.py for tasks to queue
[2023-10-06T20:02:31.198+0000] {logging_mixin.py:151} INFO - [2023-10-06T20:02:31.197+0000] {dagbag.py:539} INFO - Filling up the DagBag from /home/airflow/.local/lib/python3.8/site-packages/airflow/example_dags/example_task_group_decorator.py
[2023-10-06T20:02:31.205+0000] {processor.py:839} INFO - DAG(s) dict_keys(['example_task_group_decorator']) retrieved from /home/airflow/.local/lib/python3.8/site-packages/airflow/example_dags/example_task_group_decorator.py
[2023-10-06T20:02:31.219+0000] {logging_mixin.py:151} INFO - [2023-10-06T20:02:31.219+0000] {dag.py:2907} INFO - Sync 1 DAGs
[2023-10-06T20:02:31.229+0000] {logging_mixin.py:151} INFO - [2023-10-06T20:02:31.229+0000] {dag.py:3677} INFO - Setting next_dagrun for example_task_group_decorator to 2023-10-05T20:02:31.228946+00:00, run_after=2023-10-06T20:02:31.228946+00:00
[2023-10-06T20:02:31.239+0000] {processor.py:179} INFO - Processing /home/airflow/.local/lib/python3.8/site-packages/airflow/example_dags/example_task_group_decorator.py took 0.048 seconds
[2023-10-06T21:27:12.228+0000] {processor.py:157} INFO - Started process (PID=94128) to work on /home/airflow/.local/lib/python3.8/site-packages/airflow/example_dags/example_task_group_decorator.py
[2023-10-06T21:27:12.228+0000] {processor.py:829} INFO - Processing file /home/airflow/.local/lib/python3.8/site-packages/airflow/example_dags/example_task_group_decorator.py for tasks to queue
[2023-10-06T21:27:12.229+0000] {logging_mixin.py:151} INFO - [2023-10-06T21:27:12.229+0000] {dagbag.py:539} INFO - Filling up the DagBag from /home/airflow/.local/lib/python3.8/site-packages/airflow/example_dags/example_task_group_decorator.py
[2023-10-06T21:27:12.236+0000] {processor.py:839} INFO - DAG(s) dict_keys(['example_task_group_decorator']) retrieved from /home/airflow/.local/lib/python3.8/site-packages/airflow/example_dags/example_task_group_decorator.py
[2023-10-06T21:27:12.249+0000] {logging_mixin.py:151} INFO - [2023-10-06T21:27:12.249+0000] {dag.py:2907} INFO - Sync 1 DAGs
[2023-10-06T21:27:12.259+0000] {logging_mixin.py:151} INFO - [2023-10-06T21:27:12.259+0000] {dag.py:3677} INFO - Setting next_dagrun for example_task_group_decorator to 2023-10-05T21:27:12.259530+00:00, run_after=2023-10-06T21:27:12.259530+00:00
[2023-10-06T21:27:12.274+0000] {processor.py:179} INFO - Processing /home/airflow/.local/lib/python3.8/site-packages/airflow/example_dags/example_task_group_decorator.py took 0.048 seconds
[2023-10-06T23:05:03.576+0000] {processor.py:157} INFO - Started process (PID=94179) to work on /home/airflow/.local/lib/python3.8/site-packages/airflow/example_dags/example_task_group_decorator.py
[2023-10-06T23:05:03.577+0000] {processor.py:829} INFO - Processing file /home/airflow/.local/lib/python3.8/site-packages/airflow/example_dags/example_task_group_decorator.py for tasks to queue
[2023-10-06T23:05:03.578+0000] {logging_mixin.py:151} INFO - [2023-10-06T23:05:03.578+0000] {dagbag.py:539} INFO - Filling up the DagBag from /home/airflow/.local/lib/python3.8/site-packages/airflow/example_dags/example_task_group_decorator.py
[2023-10-06T23:05:03.591+0000] {processor.py:839} INFO - DAG(s) dict_keys(['example_task_group_decorator']) retrieved from /home/airflow/.local/lib/python3.8/site-packages/airflow/example_dags/example_task_group_decorator.py
[2023-10-06T23:05:03.604+0000] {logging_mixin.py:151} INFO - [2023-10-06T23:05:03.604+0000] {dag.py:2907} INFO - Sync 1 DAGs
[2023-10-06T23:05:03.614+0000] {logging_mixin.py:151} INFO - [2023-10-06T23:05:03.614+0000] {dag.py:3677} INFO - Setting next_dagrun for example_task_group_decorator to 2023-10-05T23:05:03.614018+00:00, run_after=2023-10-06T23:05:03.614018+00:00
[2023-10-06T23:05:03.624+0000] {processor.py:179} INFO - Processing /home/airflow/.local/lib/python3.8/site-packages/airflow/example_dags/example_task_group_decorator.py took 0.050 seconds
