[2023-10-06T00:01:33.613+0000] {processor.py:157} INFO - Started process (PID=91164) to work on /home/airflow/.local/lib/python3.8/site-packages/airflow/example_dags/tutorial_dag.py
[2023-10-06T00:01:33.614+0000] {processor.py:829} INFO - Processing file /home/airflow/.local/lib/python3.8/site-packages/airflow/example_dags/tutorial_dag.py for tasks to queue
[2023-10-06T00:01:33.615+0000] {logging_mixin.py:151} INFO - [2023-10-06T00:01:33.615+0000] {dagbag.py:539} INFO - Filling up the DagBag from /home/airflow/.local/lib/python3.8/site-packages/airflow/example_dags/tutorial_dag.py
[2023-10-06T00:01:33.619+0000] {processor.py:839} INFO - DAG(s) dict_keys(['tutorial_dag']) retrieved from /home/airflow/.local/lib/python3.8/site-packages/airflow/example_dags/tutorial_dag.py
[2023-10-06T00:01:33.634+0000] {logging_mixin.py:151} INFO - [2023-10-06T00:01:33.634+0000] {dag.py:2907} INFO - Sync 1 DAGs
[2023-10-06T00:01:33.641+0000] {logging_mixin.py:151} INFO - [2023-10-06T00:01:33.640+0000] {dag.py:3677} INFO - Setting next_dagrun for tutorial_dag to None, run_after=None
[2023-10-06T00:01:33.652+0000] {processor.py:179} INFO - Processing /home/airflow/.local/lib/python3.8/site-packages/airflow/example_dags/tutorial_dag.py took 0.041 seconds
[2023-10-06T00:02:04.278+0000] {processor.py:157} INFO - Started process (PID=91215) to work on /home/airflow/.local/lib/python3.8/site-packages/airflow/example_dags/tutorial_dag.py
[2023-10-06T00:02:04.279+0000] {processor.py:829} INFO - Processing file /home/airflow/.local/lib/python3.8/site-packages/airflow/example_dags/tutorial_dag.py for tasks to queue
[2023-10-06T00:02:04.280+0000] {logging_mixin.py:151} INFO - [2023-10-06T00:02:04.280+0000] {dagbag.py:539} INFO - Filling up the DagBag from /home/airflow/.local/lib/python3.8/site-packages/airflow/example_dags/tutorial_dag.py
[2023-10-06T00:02:04.284+0000] {processor.py:839} INFO - DAG(s) dict_keys(['tutorial_dag']) retrieved from /home/airflow/.local/lib/python3.8/site-packages/airflow/example_dags/tutorial_dag.py
[2023-10-06T00:02:04.300+0000] {logging_mixin.py:151} INFO - [2023-10-06T00:02:04.300+0000] {dag.py:2907} INFO - Sync 1 DAGs
[2023-10-06T00:02:04.306+0000] {logging_mixin.py:151} INFO - [2023-10-06T00:02:04.306+0000] {dag.py:3677} INFO - Setting next_dagrun for tutorial_dag to None, run_after=None
[2023-10-06T00:02:04.317+0000] {processor.py:179} INFO - Processing /home/airflow/.local/lib/python3.8/site-packages/airflow/example_dags/tutorial_dag.py took 0.041 seconds
[2023-10-06T00:02:34.883+0000] {processor.py:157} INFO - Started process (PID=91265) to work on /home/airflow/.local/lib/python3.8/site-packages/airflow/example_dags/tutorial_dag.py
[2023-10-06T00:02:34.884+0000] {processor.py:829} INFO - Processing file /home/airflow/.local/lib/python3.8/site-packages/airflow/example_dags/tutorial_dag.py for tasks to queue
[2023-10-06T00:02:34.885+0000] {logging_mixin.py:151} INFO - [2023-10-06T00:02:34.885+0000] {dagbag.py:539} INFO - Filling up the DagBag from /home/airflow/.local/lib/python3.8/site-packages/airflow/example_dags/tutorial_dag.py
[2023-10-06T00:02:34.888+0000] {processor.py:839} INFO - DAG(s) dict_keys(['tutorial_dag']) retrieved from /home/airflow/.local/lib/python3.8/site-packages/airflow/example_dags/tutorial_dag.py
[2023-10-06T00:02:34.900+0000] {logging_mixin.py:151} INFO - [2023-10-06T00:02:34.900+0000] {dag.py:2907} INFO - Sync 1 DAGs
[2023-10-06T00:02:34.905+0000] {logging_mixin.py:151} INFO - [2023-10-06T00:02:34.905+0000] {dag.py:3677} INFO - Setting next_dagrun for tutorial_dag to None, run_after=None
[2023-10-06T00:02:34.917+0000] {processor.py:179} INFO - Processing /home/airflow/.local/lib/python3.8/site-packages/airflow/example_dags/tutorial_dag.py took 0.035 seconds
[2023-10-06T00:03:05.261+0000] {processor.py:157} INFO - Started process (PID=91316) to work on /home/airflow/.local/lib/python3.8/site-packages/airflow/example_dags/tutorial_dag.py
[2023-10-06T00:03:05.261+0000] {processor.py:829} INFO - Processing file /home/airflow/.local/lib/python3.8/site-packages/airflow/example_dags/tutorial_dag.py for tasks to queue
[2023-10-06T00:03:05.263+0000] {logging_mixin.py:151} INFO - [2023-10-06T00:03:05.262+0000] {dagbag.py:539} INFO - Filling up the DagBag from /home/airflow/.local/lib/python3.8/site-packages/airflow/example_dags/tutorial_dag.py
[2023-10-06T00:03:05.266+0000] {processor.py:839} INFO - DAG(s) dict_keys(['tutorial_dag']) retrieved from /home/airflow/.local/lib/python3.8/site-packages/airflow/example_dags/tutorial_dag.py
[2023-10-06T00:03:05.278+0000] {logging_mixin.py:151} INFO - [2023-10-06T00:03:05.278+0000] {dag.py:2907} INFO - Sync 1 DAGs
[2023-10-06T00:03:05.284+0000] {logging_mixin.py:151} INFO - [2023-10-06T00:03:05.284+0000] {dag.py:3677} INFO - Setting next_dagrun for tutorial_dag to None, run_after=None
[2023-10-06T00:03:05.296+0000] {processor.py:179} INFO - Processing /home/airflow/.local/lib/python3.8/site-packages/airflow/example_dags/tutorial_dag.py took 0.038 seconds
[2023-10-06T00:03:35.651+0000] {processor.py:157} INFO - Started process (PID=91367) to work on /home/airflow/.local/lib/python3.8/site-packages/airflow/example_dags/tutorial_dag.py
[2023-10-06T00:03:35.652+0000] {processor.py:829} INFO - Processing file /home/airflow/.local/lib/python3.8/site-packages/airflow/example_dags/tutorial_dag.py for tasks to queue
[2023-10-06T00:03:35.653+0000] {logging_mixin.py:151} INFO - [2023-10-06T00:03:35.653+0000] {dagbag.py:539} INFO - Filling up the DagBag from /home/airflow/.local/lib/python3.8/site-packages/airflow/example_dags/tutorial_dag.py
[2023-10-06T00:03:35.656+0000] {processor.py:839} INFO - DAG(s) dict_keys(['tutorial_dag']) retrieved from /home/airflow/.local/lib/python3.8/site-packages/airflow/example_dags/tutorial_dag.py
[2023-10-06T00:03:35.668+0000] {logging_mixin.py:151} INFO - [2023-10-06T00:03:35.668+0000] {dag.py:2907} INFO - Sync 1 DAGs
[2023-10-06T00:03:35.675+0000] {logging_mixin.py:151} INFO - [2023-10-06T00:03:35.674+0000] {dag.py:3677} INFO - Setting next_dagrun for tutorial_dag to None, run_after=None
[2023-10-06T00:03:35.686+0000] {processor.py:179} INFO - Processing /home/airflow/.local/lib/python3.8/site-packages/airflow/example_dags/tutorial_dag.py took 0.037 seconds
[2023-10-06T00:04:06.343+0000] {processor.py:157} INFO - Started process (PID=91419) to work on /home/airflow/.local/lib/python3.8/site-packages/airflow/example_dags/tutorial_dag.py
[2023-10-06T00:04:06.344+0000] {processor.py:829} INFO - Processing file /home/airflow/.local/lib/python3.8/site-packages/airflow/example_dags/tutorial_dag.py for tasks to queue
[2023-10-06T00:04:06.345+0000] {logging_mixin.py:151} INFO - [2023-10-06T00:04:06.345+0000] {dagbag.py:539} INFO - Filling up the DagBag from /home/airflow/.local/lib/python3.8/site-packages/airflow/example_dags/tutorial_dag.py
[2023-10-06T00:04:06.349+0000] {processor.py:839} INFO - DAG(s) dict_keys(['tutorial_dag']) retrieved from /home/airflow/.local/lib/python3.8/site-packages/airflow/example_dags/tutorial_dag.py
[2023-10-06T00:04:06.361+0000] {logging_mixin.py:151} INFO - [2023-10-06T00:04:06.361+0000] {dag.py:2907} INFO - Sync 1 DAGs
[2023-10-06T00:04:06.367+0000] {logging_mixin.py:151} INFO - [2023-10-06T00:04:06.367+0000] {dag.py:3677} INFO - Setting next_dagrun for tutorial_dag to None, run_after=None
[2023-10-06T00:04:06.379+0000] {processor.py:179} INFO - Processing /home/airflow/.local/lib/python3.8/site-packages/airflow/example_dags/tutorial_dag.py took 0.037 seconds
[2023-10-06T00:04:36.580+0000] {processor.py:157} INFO - Started process (PID=91470) to work on /home/airflow/.local/lib/python3.8/site-packages/airflow/example_dags/tutorial_dag.py
[2023-10-06T00:04:36.581+0000] {processor.py:829} INFO - Processing file /home/airflow/.local/lib/python3.8/site-packages/airflow/example_dags/tutorial_dag.py for tasks to queue
[2023-10-06T00:04:36.582+0000] {logging_mixin.py:151} INFO - [2023-10-06T00:04:36.582+0000] {dagbag.py:539} INFO - Filling up the DagBag from /home/airflow/.local/lib/python3.8/site-packages/airflow/example_dags/tutorial_dag.py
[2023-10-06T00:04:36.585+0000] {processor.py:839} INFO - DAG(s) dict_keys(['tutorial_dag']) retrieved from /home/airflow/.local/lib/python3.8/site-packages/airflow/example_dags/tutorial_dag.py
[2023-10-06T00:04:36.598+0000] {logging_mixin.py:151} INFO - [2023-10-06T00:04:36.598+0000] {dag.py:2907} INFO - Sync 1 DAGs
[2023-10-06T00:04:36.604+0000] {logging_mixin.py:151} INFO - [2023-10-06T00:04:36.604+0000] {dag.py:3677} INFO - Setting next_dagrun for tutorial_dag to None, run_after=None
[2023-10-06T00:04:36.614+0000] {processor.py:179} INFO - Processing /home/airflow/.local/lib/python3.8/site-packages/airflow/example_dags/tutorial_dag.py took 0.036 seconds
[2023-10-06T00:05:07.946+0000] {processor.py:157} INFO - Started process (PID=91521) to work on /home/airflow/.local/lib/python3.8/site-packages/airflow/example_dags/tutorial_dag.py
[2023-10-06T00:05:07.947+0000] {processor.py:829} INFO - Processing file /home/airflow/.local/lib/python3.8/site-packages/airflow/example_dags/tutorial_dag.py for tasks to queue
[2023-10-06T00:05:07.948+0000] {logging_mixin.py:151} INFO - [2023-10-06T00:05:07.948+0000] {dagbag.py:539} INFO - Filling up the DagBag from /home/airflow/.local/lib/python3.8/site-packages/airflow/example_dags/tutorial_dag.py
[2023-10-06T00:05:07.951+0000] {processor.py:839} INFO - DAG(s) dict_keys(['tutorial_dag']) retrieved from /home/airflow/.local/lib/python3.8/site-packages/airflow/example_dags/tutorial_dag.py
[2023-10-06T00:05:07.967+0000] {logging_mixin.py:151} INFO - [2023-10-06T00:05:07.967+0000] {dag.py:2907} INFO - Sync 1 DAGs
[2023-10-06T00:05:07.973+0000] {logging_mixin.py:151} INFO - [2023-10-06T00:05:07.973+0000] {dag.py:3677} INFO - Setting next_dagrun for tutorial_dag to None, run_after=None
[2023-10-06T00:05:07.984+0000] {processor.py:179} INFO - Processing /home/airflow/.local/lib/python3.8/site-packages/airflow/example_dags/tutorial_dag.py took 0.040 seconds
[2023-10-06T00:05:38.371+0000] {processor.py:157} INFO - Started process (PID=91572) to work on /home/airflow/.local/lib/python3.8/site-packages/airflow/example_dags/tutorial_dag.py
[2023-10-06T00:05:38.372+0000] {processor.py:829} INFO - Processing file /home/airflow/.local/lib/python3.8/site-packages/airflow/example_dags/tutorial_dag.py for tasks to queue
[2023-10-06T00:05:38.373+0000] {logging_mixin.py:151} INFO - [2023-10-06T00:05:38.373+0000] {dagbag.py:539} INFO - Filling up the DagBag from /home/airflow/.local/lib/python3.8/site-packages/airflow/example_dags/tutorial_dag.py
[2023-10-06T00:05:38.376+0000] {processor.py:839} INFO - DAG(s) dict_keys(['tutorial_dag']) retrieved from /home/airflow/.local/lib/python3.8/site-packages/airflow/example_dags/tutorial_dag.py
[2023-10-06T00:05:38.389+0000] {logging_mixin.py:151} INFO - [2023-10-06T00:05:38.389+0000] {dag.py:2907} INFO - Sync 1 DAGs
[2023-10-06T00:05:38.395+0000] {logging_mixin.py:151} INFO - [2023-10-06T00:05:38.395+0000] {dag.py:3677} INFO - Setting next_dagrun for tutorial_dag to None, run_after=None
[2023-10-06T00:05:38.406+0000] {processor.py:179} INFO - Processing /home/airflow/.local/lib/python3.8/site-packages/airflow/example_dags/tutorial_dag.py took 0.037 seconds
[2023-10-06T00:06:08.798+0000] {processor.py:157} INFO - Started process (PID=91623) to work on /home/airflow/.local/lib/python3.8/site-packages/airflow/example_dags/tutorial_dag.py
[2023-10-06T00:06:08.798+0000] {processor.py:829} INFO - Processing file /home/airflow/.local/lib/python3.8/site-packages/airflow/example_dags/tutorial_dag.py for tasks to queue
[2023-10-06T00:06:08.801+0000] {logging_mixin.py:151} INFO - [2023-10-06T00:06:08.801+0000] {dagbag.py:539} INFO - Filling up the DagBag from /home/airflow/.local/lib/python3.8/site-packages/airflow/example_dags/tutorial_dag.py
[2023-10-06T00:06:08.805+0000] {processor.py:839} INFO - DAG(s) dict_keys(['tutorial_dag']) retrieved from /home/airflow/.local/lib/python3.8/site-packages/airflow/example_dags/tutorial_dag.py
[2023-10-06T00:06:08.817+0000] {logging_mixin.py:151} INFO - [2023-10-06T00:06:08.817+0000] {dag.py:2907} INFO - Sync 1 DAGs
[2023-10-06T00:06:08.823+0000] {logging_mixin.py:151} INFO - [2023-10-06T00:06:08.823+0000] {dag.py:3677} INFO - Setting next_dagrun for tutorial_dag to None, run_after=None
[2023-10-06T00:06:08.835+0000] {processor.py:179} INFO - Processing /home/airflow/.local/lib/python3.8/site-packages/airflow/example_dags/tutorial_dag.py took 0.039 seconds
[2023-10-06T00:06:39.062+0000] {processor.py:157} INFO - Started process (PID=91673) to work on /home/airflow/.local/lib/python3.8/site-packages/airflow/example_dags/tutorial_dag.py
[2023-10-06T00:06:39.063+0000] {processor.py:829} INFO - Processing file /home/airflow/.local/lib/python3.8/site-packages/airflow/example_dags/tutorial_dag.py for tasks to queue
[2023-10-06T00:06:39.064+0000] {logging_mixin.py:151} INFO - [2023-10-06T00:06:39.064+0000] {dagbag.py:539} INFO - Filling up the DagBag from /home/airflow/.local/lib/python3.8/site-packages/airflow/example_dags/tutorial_dag.py
[2023-10-06T00:06:39.067+0000] {processor.py:839} INFO - DAG(s) dict_keys(['tutorial_dag']) retrieved from /home/airflow/.local/lib/python3.8/site-packages/airflow/example_dags/tutorial_dag.py
[2023-10-06T00:06:39.079+0000] {logging_mixin.py:151} INFO - [2023-10-06T00:06:39.079+0000] {dag.py:2907} INFO - Sync 1 DAGs
[2023-10-06T00:06:39.085+0000] {logging_mixin.py:151} INFO - [2023-10-06T00:06:39.085+0000] {dag.py:3677} INFO - Setting next_dagrun for tutorial_dag to None, run_after=None
[2023-10-06T00:06:39.096+0000] {processor.py:179} INFO - Processing /home/airflow/.local/lib/python3.8/site-packages/airflow/example_dags/tutorial_dag.py took 0.035 seconds
[2023-10-06T00:07:10.527+0000] {processor.py:157} INFO - Started process (PID=91725) to work on /home/airflow/.local/lib/python3.8/site-packages/airflow/example_dags/tutorial_dag.py
[2023-10-06T00:07:10.528+0000] {processor.py:829} INFO - Processing file /home/airflow/.local/lib/python3.8/site-packages/airflow/example_dags/tutorial_dag.py for tasks to queue
[2023-10-06T00:07:10.529+0000] {logging_mixin.py:151} INFO - [2023-10-06T00:07:10.529+0000] {dagbag.py:539} INFO - Filling up the DagBag from /home/airflow/.local/lib/python3.8/site-packages/airflow/example_dags/tutorial_dag.py
[2023-10-06T00:07:10.532+0000] {processor.py:839} INFO - DAG(s) dict_keys(['tutorial_dag']) retrieved from /home/airflow/.local/lib/python3.8/site-packages/airflow/example_dags/tutorial_dag.py
[2023-10-06T00:07:10.544+0000] {logging_mixin.py:151} INFO - [2023-10-06T00:07:10.544+0000] {dag.py:2907} INFO - Sync 1 DAGs
[2023-10-06T00:07:10.550+0000] {logging_mixin.py:151} INFO - [2023-10-06T00:07:10.550+0000] {dag.py:3677} INFO - Setting next_dagrun for tutorial_dag to None, run_after=None
[2023-10-06T00:07:10.562+0000] {processor.py:179} INFO - Processing /home/airflow/.local/lib/python3.8/site-packages/airflow/example_dags/tutorial_dag.py took 0.037 seconds
[2023-10-06T00:07:41.313+0000] {processor.py:157} INFO - Started process (PID=91776) to work on /home/airflow/.local/lib/python3.8/site-packages/airflow/example_dags/tutorial_dag.py
[2023-10-06T00:07:41.314+0000] {processor.py:829} INFO - Processing file /home/airflow/.local/lib/python3.8/site-packages/airflow/example_dags/tutorial_dag.py for tasks to queue
[2023-10-06T00:07:41.316+0000] {logging_mixin.py:151} INFO - [2023-10-06T00:07:41.315+0000] {dagbag.py:539} INFO - Filling up the DagBag from /home/airflow/.local/lib/python3.8/site-packages/airflow/example_dags/tutorial_dag.py
[2023-10-06T00:07:41.319+0000] {processor.py:839} INFO - DAG(s) dict_keys(['tutorial_dag']) retrieved from /home/airflow/.local/lib/python3.8/site-packages/airflow/example_dags/tutorial_dag.py
[2023-10-06T00:07:41.331+0000] {logging_mixin.py:151} INFO - [2023-10-06T00:07:41.331+0000] {dag.py:2907} INFO - Sync 1 DAGs
[2023-10-06T00:07:41.337+0000] {logging_mixin.py:151} INFO - [2023-10-06T00:07:41.337+0000] {dag.py:3677} INFO - Setting next_dagrun for tutorial_dag to None, run_after=None
[2023-10-06T00:07:41.354+0000] {processor.py:179} INFO - Processing /home/airflow/.local/lib/python3.8/site-packages/airflow/example_dags/tutorial_dag.py took 0.043 seconds
[2023-10-06T00:08:12.016+0000] {processor.py:157} INFO - Started process (PID=91827) to work on /home/airflow/.local/lib/python3.8/site-packages/airflow/example_dags/tutorial_dag.py
[2023-10-06T00:08:12.017+0000] {processor.py:829} INFO - Processing file /home/airflow/.local/lib/python3.8/site-packages/airflow/example_dags/tutorial_dag.py for tasks to queue
[2023-10-06T00:08:12.018+0000] {logging_mixin.py:151} INFO - [2023-10-06T00:08:12.018+0000] {dagbag.py:539} INFO - Filling up the DagBag from /home/airflow/.local/lib/python3.8/site-packages/airflow/example_dags/tutorial_dag.py
[2023-10-06T00:08:12.022+0000] {processor.py:839} INFO - DAG(s) dict_keys(['tutorial_dag']) retrieved from /home/airflow/.local/lib/python3.8/site-packages/airflow/example_dags/tutorial_dag.py
[2023-10-06T00:08:12.035+0000] {logging_mixin.py:151} INFO - [2023-10-06T00:08:12.035+0000] {dag.py:2907} INFO - Sync 1 DAGs
[2023-10-06T00:08:12.041+0000] {logging_mixin.py:151} INFO - [2023-10-06T00:08:12.041+0000] {dag.py:3677} INFO - Setting next_dagrun for tutorial_dag to None, run_after=None
[2023-10-06T00:08:12.051+0000] {processor.py:179} INFO - Processing /home/airflow/.local/lib/python3.8/site-packages/airflow/example_dags/tutorial_dag.py took 0.037 seconds
[2023-10-06T00:08:42.612+0000] {processor.py:157} INFO - Started process (PID=91878) to work on /home/airflow/.local/lib/python3.8/site-packages/airflow/example_dags/tutorial_dag.py
[2023-10-06T00:08:42.613+0000] {processor.py:829} INFO - Processing file /home/airflow/.local/lib/python3.8/site-packages/airflow/example_dags/tutorial_dag.py for tasks to queue
[2023-10-06T00:08:42.615+0000] {logging_mixin.py:151} INFO - [2023-10-06T00:08:42.615+0000] {dagbag.py:539} INFO - Filling up the DagBag from /home/airflow/.local/lib/python3.8/site-packages/airflow/example_dags/tutorial_dag.py
[2023-10-06T00:08:42.618+0000] {processor.py:839} INFO - DAG(s) dict_keys(['tutorial_dag']) retrieved from /home/airflow/.local/lib/python3.8/site-packages/airflow/example_dags/tutorial_dag.py
[2023-10-06T00:08:42.633+0000] {logging_mixin.py:151} INFO - [2023-10-06T00:08:42.632+0000] {dag.py:2907} INFO - Sync 1 DAGs
[2023-10-06T00:08:42.639+0000] {logging_mixin.py:151} INFO - [2023-10-06T00:08:42.638+0000] {dag.py:3677} INFO - Setting next_dagrun for tutorial_dag to None, run_after=None
[2023-10-06T00:08:42.650+0000] {processor.py:179} INFO - Processing /home/airflow/.local/lib/python3.8/site-packages/airflow/example_dags/tutorial_dag.py took 0.039 seconds
[2023-10-06T00:09:13.325+0000] {processor.py:157} INFO - Started process (PID=91929) to work on /home/airflow/.local/lib/python3.8/site-packages/airflow/example_dags/tutorial_dag.py
[2023-10-06T00:09:13.326+0000] {processor.py:829} INFO - Processing file /home/airflow/.local/lib/python3.8/site-packages/airflow/example_dags/tutorial_dag.py for tasks to queue
[2023-10-06T00:09:13.327+0000] {logging_mixin.py:151} INFO - [2023-10-06T00:09:13.327+0000] {dagbag.py:539} INFO - Filling up the DagBag from /home/airflow/.local/lib/python3.8/site-packages/airflow/example_dags/tutorial_dag.py
[2023-10-06T00:09:13.330+0000] {processor.py:839} INFO - DAG(s) dict_keys(['tutorial_dag']) retrieved from /home/airflow/.local/lib/python3.8/site-packages/airflow/example_dags/tutorial_dag.py
[2023-10-06T00:09:13.343+0000] {logging_mixin.py:151} INFO - [2023-10-06T00:09:13.343+0000] {dag.py:2907} INFO - Sync 1 DAGs
[2023-10-06T00:09:13.349+0000] {logging_mixin.py:151} INFO - [2023-10-06T00:09:13.349+0000] {dag.py:3677} INFO - Setting next_dagrun for tutorial_dag to None, run_after=None
[2023-10-06T00:09:13.365+0000] {processor.py:179} INFO - Processing /home/airflow/.local/lib/python3.8/site-packages/airflow/example_dags/tutorial_dag.py took 0.042 seconds
[2023-10-06T00:09:43.989+0000] {processor.py:157} INFO - Started process (PID=91980) to work on /home/airflow/.local/lib/python3.8/site-packages/airflow/example_dags/tutorial_dag.py
[2023-10-06T00:09:43.990+0000] {processor.py:829} INFO - Processing file /home/airflow/.local/lib/python3.8/site-packages/airflow/example_dags/tutorial_dag.py for tasks to queue
[2023-10-06T00:09:43.991+0000] {logging_mixin.py:151} INFO - [2023-10-06T00:09:43.991+0000] {dagbag.py:539} INFO - Filling up the DagBag from /home/airflow/.local/lib/python3.8/site-packages/airflow/example_dags/tutorial_dag.py
[2023-10-06T00:09:43.994+0000] {processor.py:839} INFO - DAG(s) dict_keys(['tutorial_dag']) retrieved from /home/airflow/.local/lib/python3.8/site-packages/airflow/example_dags/tutorial_dag.py
[2023-10-06T00:09:44.014+0000] {logging_mixin.py:151} INFO - [2023-10-06T00:09:44.014+0000] {dag.py:2907} INFO - Sync 1 DAGs
[2023-10-06T00:09:44.020+0000] {logging_mixin.py:151} INFO - [2023-10-06T00:09:44.020+0000] {dag.py:3677} INFO - Setting next_dagrun for tutorial_dag to None, run_after=None
[2023-10-06T00:09:44.031+0000] {processor.py:179} INFO - Processing /home/airflow/.local/lib/python3.8/site-packages/airflow/example_dags/tutorial_dag.py took 0.044 seconds
[2023-10-06T00:10:14.096+0000] {processor.py:157} INFO - Started process (PID=92030) to work on /home/airflow/.local/lib/python3.8/site-packages/airflow/example_dags/tutorial_dag.py
[2023-10-06T00:10:14.096+0000] {processor.py:829} INFO - Processing file /home/airflow/.local/lib/python3.8/site-packages/airflow/example_dags/tutorial_dag.py for tasks to queue
[2023-10-06T00:10:14.097+0000] {logging_mixin.py:151} INFO - [2023-10-06T00:10:14.097+0000] {dagbag.py:539} INFO - Filling up the DagBag from /home/airflow/.local/lib/python3.8/site-packages/airflow/example_dags/tutorial_dag.py
[2023-10-06T00:10:14.101+0000] {processor.py:839} INFO - DAG(s) dict_keys(['tutorial_dag']) retrieved from /home/airflow/.local/lib/python3.8/site-packages/airflow/example_dags/tutorial_dag.py
[2023-10-06T00:10:14.113+0000] {logging_mixin.py:151} INFO - [2023-10-06T00:10:14.113+0000] {dag.py:2907} INFO - Sync 1 DAGs
[2023-10-06T00:10:14.119+0000] {logging_mixin.py:151} INFO - [2023-10-06T00:10:14.119+0000] {dag.py:3677} INFO - Setting next_dagrun for tutorial_dag to None, run_after=None
[2023-10-06T00:10:14.129+0000] {processor.py:179} INFO - Processing /home/airflow/.local/lib/python3.8/site-packages/airflow/example_dags/tutorial_dag.py took 0.035 seconds
[2023-10-06T00:10:44.638+0000] {processor.py:157} INFO - Started process (PID=92082) to work on /home/airflow/.local/lib/python3.8/site-packages/airflow/example_dags/tutorial_dag.py
[2023-10-06T00:10:44.639+0000] {processor.py:829} INFO - Processing file /home/airflow/.local/lib/python3.8/site-packages/airflow/example_dags/tutorial_dag.py for tasks to queue
[2023-10-06T00:10:44.640+0000] {logging_mixin.py:151} INFO - [2023-10-06T00:10:44.640+0000] {dagbag.py:539} INFO - Filling up the DagBag from /home/airflow/.local/lib/python3.8/site-packages/airflow/example_dags/tutorial_dag.py
[2023-10-06T00:10:44.643+0000] {processor.py:839} INFO - DAG(s) dict_keys(['tutorial_dag']) retrieved from /home/airflow/.local/lib/python3.8/site-packages/airflow/example_dags/tutorial_dag.py
[2023-10-06T00:10:44.656+0000] {logging_mixin.py:151} INFO - [2023-10-06T00:10:44.656+0000] {dag.py:2907} INFO - Sync 1 DAGs
[2023-10-06T00:10:44.662+0000] {logging_mixin.py:151} INFO - [2023-10-06T00:10:44.662+0000] {dag.py:3677} INFO - Setting next_dagrun for tutorial_dag to None, run_after=None
[2023-10-06T00:10:44.673+0000] {processor.py:179} INFO - Processing /home/airflow/.local/lib/python3.8/site-packages/airflow/example_dags/tutorial_dag.py took 0.037 seconds
[2023-10-06T00:11:14.858+0000] {processor.py:157} INFO - Started process (PID=92132) to work on /home/airflow/.local/lib/python3.8/site-packages/airflow/example_dags/tutorial_dag.py
[2023-10-06T00:11:14.858+0000] {processor.py:829} INFO - Processing file /home/airflow/.local/lib/python3.8/site-packages/airflow/example_dags/tutorial_dag.py for tasks to queue
[2023-10-06T00:11:14.860+0000] {logging_mixin.py:151} INFO - [2023-10-06T00:11:14.860+0000] {dagbag.py:539} INFO - Filling up the DagBag from /home/airflow/.local/lib/python3.8/site-packages/airflow/example_dags/tutorial_dag.py
[2023-10-06T00:11:14.863+0000] {processor.py:839} INFO - DAG(s) dict_keys(['tutorial_dag']) retrieved from /home/airflow/.local/lib/python3.8/site-packages/airflow/example_dags/tutorial_dag.py
[2023-10-06T00:11:14.875+0000] {logging_mixin.py:151} INFO - [2023-10-06T00:11:14.875+0000] {dag.py:2907} INFO - Sync 1 DAGs
[2023-10-06T00:11:14.881+0000] {logging_mixin.py:151} INFO - [2023-10-06T00:11:14.881+0000] {dag.py:3677} INFO - Setting next_dagrun for tutorial_dag to None, run_after=None
[2023-10-06T00:11:14.892+0000] {processor.py:179} INFO - Processing /home/airflow/.local/lib/python3.8/site-packages/airflow/example_dags/tutorial_dag.py took 0.036 seconds
[2023-10-06T00:11:45.492+0000] {processor.py:157} INFO - Started process (PID=92184) to work on /home/airflow/.local/lib/python3.8/site-packages/airflow/example_dags/tutorial_dag.py
[2023-10-06T00:11:45.493+0000] {processor.py:829} INFO - Processing file /home/airflow/.local/lib/python3.8/site-packages/airflow/example_dags/tutorial_dag.py for tasks to queue
[2023-10-06T00:11:45.494+0000] {logging_mixin.py:151} INFO - [2023-10-06T00:11:45.494+0000] {dagbag.py:539} INFO - Filling up the DagBag from /home/airflow/.local/lib/python3.8/site-packages/airflow/example_dags/tutorial_dag.py
[2023-10-06T00:11:45.498+0000] {processor.py:839} INFO - DAG(s) dict_keys(['tutorial_dag']) retrieved from /home/airflow/.local/lib/python3.8/site-packages/airflow/example_dags/tutorial_dag.py
[2023-10-06T00:11:45.510+0000] {logging_mixin.py:151} INFO - [2023-10-06T00:11:45.510+0000] {dag.py:2907} INFO - Sync 1 DAGs
[2023-10-06T00:11:45.516+0000] {logging_mixin.py:151} INFO - [2023-10-06T00:11:45.516+0000] {dag.py:3677} INFO - Setting next_dagrun for tutorial_dag to None, run_after=None
[2023-10-06T00:11:45.527+0000] {processor.py:179} INFO - Processing /home/airflow/.local/lib/python3.8/site-packages/airflow/example_dags/tutorial_dag.py took 0.038 seconds
[2023-10-06T00:12:16.054+0000] {processor.py:157} INFO - Started process (PID=92235) to work on /home/airflow/.local/lib/python3.8/site-packages/airflow/example_dags/tutorial_dag.py
[2023-10-06T00:12:16.055+0000] {processor.py:829} INFO - Processing file /home/airflow/.local/lib/python3.8/site-packages/airflow/example_dags/tutorial_dag.py for tasks to queue
[2023-10-06T00:12:16.056+0000] {logging_mixin.py:151} INFO - [2023-10-06T00:12:16.056+0000] {dagbag.py:539} INFO - Filling up the DagBag from /home/airflow/.local/lib/python3.8/site-packages/airflow/example_dags/tutorial_dag.py
[2023-10-06T00:12:16.059+0000] {processor.py:839} INFO - DAG(s) dict_keys(['tutorial_dag']) retrieved from /home/airflow/.local/lib/python3.8/site-packages/airflow/example_dags/tutorial_dag.py
[2023-10-06T00:12:16.072+0000] {logging_mixin.py:151} INFO - [2023-10-06T00:12:16.072+0000] {dag.py:2907} INFO - Sync 1 DAGs
[2023-10-06T00:12:16.078+0000] {logging_mixin.py:151} INFO - [2023-10-06T00:12:16.078+0000] {dag.py:3677} INFO - Setting next_dagrun for tutorial_dag to None, run_after=None
[2023-10-06T00:12:16.090+0000] {processor.py:179} INFO - Processing /home/airflow/.local/lib/python3.8/site-packages/airflow/example_dags/tutorial_dag.py took 0.037 seconds
[2023-10-06T00:12:47.388+0000] {processor.py:157} INFO - Started process (PID=92286) to work on /home/airflow/.local/lib/python3.8/site-packages/airflow/example_dags/tutorial_dag.py
[2023-10-06T00:12:47.388+0000] {processor.py:829} INFO - Processing file /home/airflow/.local/lib/python3.8/site-packages/airflow/example_dags/tutorial_dag.py for tasks to queue
[2023-10-06T00:12:47.390+0000] {logging_mixin.py:151} INFO - [2023-10-06T00:12:47.390+0000] {dagbag.py:539} INFO - Filling up the DagBag from /home/airflow/.local/lib/python3.8/site-packages/airflow/example_dags/tutorial_dag.py
[2023-10-06T00:12:47.393+0000] {processor.py:839} INFO - DAG(s) dict_keys(['tutorial_dag']) retrieved from /home/airflow/.local/lib/python3.8/site-packages/airflow/example_dags/tutorial_dag.py
[2023-10-06T00:12:47.406+0000] {logging_mixin.py:151} INFO - [2023-10-06T00:12:47.406+0000] {dag.py:2907} INFO - Sync 1 DAGs
[2023-10-06T00:12:47.416+0000] {logging_mixin.py:151} INFO - [2023-10-06T00:12:47.416+0000] {dag.py:3677} INFO - Setting next_dagrun for tutorial_dag to None, run_after=None
[2023-10-06T00:12:47.427+0000] {processor.py:179} INFO - Processing /home/airflow/.local/lib/python3.8/site-packages/airflow/example_dags/tutorial_dag.py took 0.042 seconds
[2023-10-06T00:13:17.825+0000] {processor.py:157} INFO - Started process (PID=92337) to work on /home/airflow/.local/lib/python3.8/site-packages/airflow/example_dags/tutorial_dag.py
[2023-10-06T00:13:17.825+0000] {processor.py:829} INFO - Processing file /home/airflow/.local/lib/python3.8/site-packages/airflow/example_dags/tutorial_dag.py for tasks to queue
[2023-10-06T00:13:17.827+0000] {logging_mixin.py:151} INFO - [2023-10-06T00:13:17.826+0000] {dagbag.py:539} INFO - Filling up the DagBag from /home/airflow/.local/lib/python3.8/site-packages/airflow/example_dags/tutorial_dag.py
[2023-10-06T00:13:17.830+0000] {processor.py:839} INFO - DAG(s) dict_keys(['tutorial_dag']) retrieved from /home/airflow/.local/lib/python3.8/site-packages/airflow/example_dags/tutorial_dag.py
[2023-10-06T00:13:17.841+0000] {logging_mixin.py:151} INFO - [2023-10-06T00:13:17.841+0000] {dag.py:2907} INFO - Sync 1 DAGs
[2023-10-06T00:13:17.847+0000] {logging_mixin.py:151} INFO - [2023-10-06T00:13:17.847+0000] {dag.py:3677} INFO - Setting next_dagrun for tutorial_dag to None, run_after=None
[2023-10-06T00:13:17.858+0000] {processor.py:179} INFO - Processing /home/airflow/.local/lib/python3.8/site-packages/airflow/example_dags/tutorial_dag.py took 0.035 seconds
[2023-10-06T00:13:48.285+0000] {processor.py:157} INFO - Started process (PID=92388) to work on /home/airflow/.local/lib/python3.8/site-packages/airflow/example_dags/tutorial_dag.py
[2023-10-06T00:13:48.286+0000] {processor.py:829} INFO - Processing file /home/airflow/.local/lib/python3.8/site-packages/airflow/example_dags/tutorial_dag.py for tasks to queue
[2023-10-06T00:13:48.288+0000] {logging_mixin.py:151} INFO - [2023-10-06T00:13:48.287+0000] {dagbag.py:539} INFO - Filling up the DagBag from /home/airflow/.local/lib/python3.8/site-packages/airflow/example_dags/tutorial_dag.py
[2023-10-06T00:13:48.291+0000] {processor.py:839} INFO - DAG(s) dict_keys(['tutorial_dag']) retrieved from /home/airflow/.local/lib/python3.8/site-packages/airflow/example_dags/tutorial_dag.py
[2023-10-06T00:13:48.304+0000] {logging_mixin.py:151} INFO - [2023-10-06T00:13:48.304+0000] {dag.py:2907} INFO - Sync 1 DAGs
[2023-10-06T00:13:48.311+0000] {logging_mixin.py:151} INFO - [2023-10-06T00:13:48.311+0000] {dag.py:3677} INFO - Setting next_dagrun for tutorial_dag to None, run_after=None
[2023-10-06T00:13:48.322+0000] {processor.py:179} INFO - Processing /home/airflow/.local/lib/python3.8/site-packages/airflow/example_dags/tutorial_dag.py took 0.039 seconds
[2023-10-06T00:14:18.525+0000] {processor.py:157} INFO - Started process (PID=92439) to work on /home/airflow/.local/lib/python3.8/site-packages/airflow/example_dags/tutorial_dag.py
[2023-10-06T00:14:18.526+0000] {processor.py:829} INFO - Processing file /home/airflow/.local/lib/python3.8/site-packages/airflow/example_dags/tutorial_dag.py for tasks to queue
[2023-10-06T00:14:18.527+0000] {logging_mixin.py:151} INFO - [2023-10-06T00:14:18.527+0000] {dagbag.py:539} INFO - Filling up the DagBag from /home/airflow/.local/lib/python3.8/site-packages/airflow/example_dags/tutorial_dag.py
[2023-10-06T00:14:18.530+0000] {processor.py:839} INFO - DAG(s) dict_keys(['tutorial_dag']) retrieved from /home/airflow/.local/lib/python3.8/site-packages/airflow/example_dags/tutorial_dag.py
[2023-10-06T00:14:18.543+0000] {logging_mixin.py:151} INFO - [2023-10-06T00:14:18.543+0000] {dag.py:2907} INFO - Sync 1 DAGs
[2023-10-06T00:14:18.549+0000] {logging_mixin.py:151} INFO - [2023-10-06T00:14:18.548+0000] {dag.py:3677} INFO - Setting next_dagrun for tutorial_dag to None, run_after=None
[2023-10-06T00:14:18.560+0000] {processor.py:179} INFO - Processing /home/airflow/.local/lib/python3.8/site-packages/airflow/example_dags/tutorial_dag.py took 0.037 seconds
[2023-10-06T00:14:49.180+0000] {processor.py:157} INFO - Started process (PID=92490) to work on /home/airflow/.local/lib/python3.8/site-packages/airflow/example_dags/tutorial_dag.py
[2023-10-06T00:14:49.181+0000] {processor.py:829} INFO - Processing file /home/airflow/.local/lib/python3.8/site-packages/airflow/example_dags/tutorial_dag.py for tasks to queue
[2023-10-06T00:14:49.183+0000] {logging_mixin.py:151} INFO - [2023-10-06T00:14:49.182+0000] {dagbag.py:539} INFO - Filling up the DagBag from /home/airflow/.local/lib/python3.8/site-packages/airflow/example_dags/tutorial_dag.py
[2023-10-06T00:14:49.187+0000] {processor.py:839} INFO - DAG(s) dict_keys(['tutorial_dag']) retrieved from /home/airflow/.local/lib/python3.8/site-packages/airflow/example_dags/tutorial_dag.py
[2023-10-06T00:14:49.201+0000] {logging_mixin.py:151} INFO - [2023-10-06T00:14:49.201+0000] {dag.py:2907} INFO - Sync 1 DAGs
[2023-10-06T00:14:49.207+0000] {logging_mixin.py:151} INFO - [2023-10-06T00:14:49.207+0000] {dag.py:3677} INFO - Setting next_dagrun for tutorial_dag to None, run_after=None
[2023-10-06T00:14:49.218+0000] {processor.py:179} INFO - Processing /home/airflow/.local/lib/python3.8/site-packages/airflow/example_dags/tutorial_dag.py took 0.043 seconds
[2023-10-06T00:15:19.871+0000] {processor.py:157} INFO - Started process (PID=92541) to work on /home/airflow/.local/lib/python3.8/site-packages/airflow/example_dags/tutorial_dag.py
[2023-10-06T00:15:19.871+0000] {processor.py:829} INFO - Processing file /home/airflow/.local/lib/python3.8/site-packages/airflow/example_dags/tutorial_dag.py for tasks to queue
[2023-10-06T00:15:19.873+0000] {logging_mixin.py:151} INFO - [2023-10-06T00:15:19.873+0000] {dagbag.py:539} INFO - Filling up the DagBag from /home/airflow/.local/lib/python3.8/site-packages/airflow/example_dags/tutorial_dag.py
[2023-10-06T00:15:19.876+0000] {processor.py:839} INFO - DAG(s) dict_keys(['tutorial_dag']) retrieved from /home/airflow/.local/lib/python3.8/site-packages/airflow/example_dags/tutorial_dag.py
[2023-10-06T00:15:19.895+0000] {logging_mixin.py:151} INFO - [2023-10-06T00:15:19.895+0000] {dag.py:2907} INFO - Sync 1 DAGs
[2023-10-06T00:15:19.902+0000] {logging_mixin.py:151} INFO - [2023-10-06T00:15:19.902+0000] {dag.py:3677} INFO - Setting next_dagrun for tutorial_dag to None, run_after=None
[2023-10-06T00:15:19.914+0000] {processor.py:179} INFO - Processing /home/airflow/.local/lib/python3.8/site-packages/airflow/example_dags/tutorial_dag.py took 0.045 seconds
[2023-10-06T00:15:50.658+0000] {processor.py:157} INFO - Started process (PID=92592) to work on /home/airflow/.local/lib/python3.8/site-packages/airflow/example_dags/tutorial_dag.py
[2023-10-06T00:15:50.659+0000] {processor.py:829} INFO - Processing file /home/airflow/.local/lib/python3.8/site-packages/airflow/example_dags/tutorial_dag.py for tasks to queue
[2023-10-06T00:15:50.661+0000] {logging_mixin.py:151} INFO - [2023-10-06T00:15:50.660+0000] {dagbag.py:539} INFO - Filling up the DagBag from /home/airflow/.local/lib/python3.8/site-packages/airflow/example_dags/tutorial_dag.py
[2023-10-06T00:15:50.664+0000] {processor.py:839} INFO - DAG(s) dict_keys(['tutorial_dag']) retrieved from /home/airflow/.local/lib/python3.8/site-packages/airflow/example_dags/tutorial_dag.py
[2023-10-06T00:15:50.676+0000] {logging_mixin.py:151} INFO - [2023-10-06T00:15:50.676+0000] {dag.py:2907} INFO - Sync 1 DAGs
[2023-10-06T00:15:50.682+0000] {logging_mixin.py:151} INFO - [2023-10-06T00:15:50.682+0000] {dag.py:3677} INFO - Setting next_dagrun for tutorial_dag to None, run_after=None
[2023-10-06T00:15:50.694+0000] {processor.py:179} INFO - Processing /home/airflow/.local/lib/python3.8/site-packages/airflow/example_dags/tutorial_dag.py took 0.037 seconds
[2023-10-06T00:16:21.048+0000] {processor.py:157} INFO - Started process (PID=92643) to work on /home/airflow/.local/lib/python3.8/site-packages/airflow/example_dags/tutorial_dag.py
[2023-10-06T00:16:21.048+0000] {processor.py:829} INFO - Processing file /home/airflow/.local/lib/python3.8/site-packages/airflow/example_dags/tutorial_dag.py for tasks to queue
[2023-10-06T00:16:21.049+0000] {logging_mixin.py:151} INFO - [2023-10-06T00:16:21.049+0000] {dagbag.py:539} INFO - Filling up the DagBag from /home/airflow/.local/lib/python3.8/site-packages/airflow/example_dags/tutorial_dag.py
[2023-10-06T00:16:21.052+0000] {processor.py:839} INFO - DAG(s) dict_keys(['tutorial_dag']) retrieved from /home/airflow/.local/lib/python3.8/site-packages/airflow/example_dags/tutorial_dag.py
[2023-10-06T00:16:21.064+0000] {logging_mixin.py:151} INFO - [2023-10-06T00:16:21.064+0000] {dag.py:2907} INFO - Sync 1 DAGs
[2023-10-06T00:16:21.070+0000] {logging_mixin.py:151} INFO - [2023-10-06T00:16:21.070+0000] {dag.py:3677} INFO - Setting next_dagrun for tutorial_dag to None, run_after=None
[2023-10-06T00:16:21.081+0000] {processor.py:179} INFO - Processing /home/airflow/.local/lib/python3.8/site-packages/airflow/example_dags/tutorial_dag.py took 0.035 seconds
[2023-10-06T00:31:52.445+0000] {processor.py:157} INFO - Started process (PID=92694) to work on /home/airflow/.local/lib/python3.8/site-packages/airflow/example_dags/tutorial_dag.py
[2023-10-06T00:31:52.446+0000] {processor.py:829} INFO - Processing file /home/airflow/.local/lib/python3.8/site-packages/airflow/example_dags/tutorial_dag.py for tasks to queue
[2023-10-06T00:31:52.447+0000] {logging_mixin.py:151} INFO - [2023-10-06T00:31:52.447+0000] {dagbag.py:539} INFO - Filling up the DagBag from /home/airflow/.local/lib/python3.8/site-packages/airflow/example_dags/tutorial_dag.py
[2023-10-06T00:31:52.450+0000] {processor.py:839} INFO - DAG(s) dict_keys(['tutorial_dag']) retrieved from /home/airflow/.local/lib/python3.8/site-packages/airflow/example_dags/tutorial_dag.py
[2023-10-06T00:31:52.466+0000] {logging_mixin.py:151} INFO - [2023-10-06T00:31:52.466+0000] {dag.py:2907} INFO - Sync 1 DAGs
[2023-10-06T00:31:52.473+0000] {logging_mixin.py:151} INFO - [2023-10-06T00:31:52.473+0000] {dag.py:3677} INFO - Setting next_dagrun for tutorial_dag to None, run_after=None
[2023-10-06T00:31:52.485+0000] {processor.py:179} INFO - Processing /home/airflow/.local/lib/python3.8/site-packages/airflow/example_dags/tutorial_dag.py took 0.042 seconds
[2023-10-06T00:32:23.217+0000] {processor.py:157} INFO - Started process (PID=92745) to work on /home/airflow/.local/lib/python3.8/site-packages/airflow/example_dags/tutorial_dag.py
[2023-10-06T00:32:23.218+0000] {processor.py:829} INFO - Processing file /home/airflow/.local/lib/python3.8/site-packages/airflow/example_dags/tutorial_dag.py for tasks to queue
[2023-10-06T00:32:23.219+0000] {logging_mixin.py:151} INFO - [2023-10-06T00:32:23.219+0000] {dagbag.py:539} INFO - Filling up the DagBag from /home/airflow/.local/lib/python3.8/site-packages/airflow/example_dags/tutorial_dag.py
[2023-10-06T00:32:23.222+0000] {processor.py:839} INFO - DAG(s) dict_keys(['tutorial_dag']) retrieved from /home/airflow/.local/lib/python3.8/site-packages/airflow/example_dags/tutorial_dag.py
[2023-10-06T00:32:23.235+0000] {logging_mixin.py:151} INFO - [2023-10-06T00:32:23.235+0000] {dag.py:2907} INFO - Sync 1 DAGs
[2023-10-06T00:32:23.241+0000] {logging_mixin.py:151} INFO - [2023-10-06T00:32:23.241+0000] {dag.py:3677} INFO - Setting next_dagrun for tutorial_dag to None, run_after=None
[2023-10-06T00:32:23.252+0000] {processor.py:179} INFO - Processing /home/airflow/.local/lib/python3.8/site-packages/airflow/example_dags/tutorial_dag.py took 0.037 seconds
[2023-10-06T00:37:50.980+0000] {processor.py:157} INFO - Started process (PID=92796) to work on /home/airflow/.local/lib/python3.8/site-packages/airflow/example_dags/tutorial_dag.py
[2023-10-06T00:37:50.984+0000] {processor.py:829} INFO - Processing file /home/airflow/.local/lib/python3.8/site-packages/airflow/example_dags/tutorial_dag.py for tasks to queue
[2023-10-06T00:37:50.989+0000] {logging_mixin.py:151} INFO - [2023-10-06T00:37:50.989+0000] {dagbag.py:539} INFO - Filling up the DagBag from /home/airflow/.local/lib/python3.8/site-packages/airflow/example_dags/tutorial_dag.py
[2023-10-06T00:37:50.995+0000] {processor.py:839} INFO - DAG(s) dict_keys(['tutorial_dag']) retrieved from /home/airflow/.local/lib/python3.8/site-packages/airflow/example_dags/tutorial_dag.py
[2023-10-06T00:37:51.022+0000] {logging_mixin.py:151} INFO - [2023-10-06T00:37:51.022+0000] {dag.py:2907} INFO - Sync 1 DAGs
[2023-10-06T00:37:51.034+0000] {logging_mixin.py:151} INFO - [2023-10-06T00:37:51.034+0000] {dag.py:3677} INFO - Setting next_dagrun for tutorial_dag to None, run_after=None
[2023-10-06T00:37:51.061+0000] {processor.py:179} INFO - Processing /home/airflow/.local/lib/python3.8/site-packages/airflow/example_dags/tutorial_dag.py took 0.084 seconds
[2023-10-06T00:43:19.871+0000] {processor.py:157} INFO - Started process (PID=92847) to work on /home/airflow/.local/lib/python3.8/site-packages/airflow/example_dags/tutorial_dag.py
[2023-10-06T00:43:19.871+0000] {processor.py:829} INFO - Processing file /home/airflow/.local/lib/python3.8/site-packages/airflow/example_dags/tutorial_dag.py for tasks to queue
[2023-10-06T00:43:19.873+0000] {logging_mixin.py:151} INFO - [2023-10-06T00:43:19.872+0000] {dagbag.py:539} INFO - Filling up the DagBag from /home/airflow/.local/lib/python3.8/site-packages/airflow/example_dags/tutorial_dag.py
[2023-10-06T00:43:19.876+0000] {processor.py:839} INFO - DAG(s) dict_keys(['tutorial_dag']) retrieved from /home/airflow/.local/lib/python3.8/site-packages/airflow/example_dags/tutorial_dag.py
[2023-10-06T00:43:19.893+0000] {logging_mixin.py:151} INFO - [2023-10-06T00:43:19.893+0000] {dag.py:2907} INFO - Sync 1 DAGs
[2023-10-06T00:43:19.899+0000] {logging_mixin.py:151} INFO - [2023-10-06T00:43:19.899+0000] {dag.py:3677} INFO - Setting next_dagrun for tutorial_dag to None, run_after=None
[2023-10-06T00:43:19.910+0000] {processor.py:179} INFO - Processing /home/airflow/.local/lib/python3.8/site-packages/airflow/example_dags/tutorial_dag.py took 0.041 seconds
[2023-10-06T00:43:50.366+0000] {processor.py:157} INFO - Started process (PID=92898) to work on /home/airflow/.local/lib/python3.8/site-packages/airflow/example_dags/tutorial_dag.py
[2023-10-06T00:43:50.367+0000] {processor.py:829} INFO - Processing file /home/airflow/.local/lib/python3.8/site-packages/airflow/example_dags/tutorial_dag.py for tasks to queue
[2023-10-06T00:43:50.368+0000] {logging_mixin.py:151} INFO - [2023-10-06T00:43:50.368+0000] {dagbag.py:539} INFO - Filling up the DagBag from /home/airflow/.local/lib/python3.8/site-packages/airflow/example_dags/tutorial_dag.py
[2023-10-06T00:43:50.371+0000] {processor.py:839} INFO - DAG(s) dict_keys(['tutorial_dag']) retrieved from /home/airflow/.local/lib/python3.8/site-packages/airflow/example_dags/tutorial_dag.py
[2023-10-06T00:43:50.383+0000] {logging_mixin.py:151} INFO - [2023-10-06T00:43:50.383+0000] {dag.py:2907} INFO - Sync 1 DAGs
[2023-10-06T00:43:50.389+0000] {logging_mixin.py:151} INFO - [2023-10-06T00:43:50.389+0000] {dag.py:3677} INFO - Setting next_dagrun for tutorial_dag to None, run_after=None
[2023-10-06T00:43:50.400+0000] {processor.py:179} INFO - Processing /home/airflow/.local/lib/python3.8/site-packages/airflow/example_dags/tutorial_dag.py took 0.036 seconds
[2023-10-06T00:49:18.792+0000] {processor.py:157} INFO - Started process (PID=92949) to work on /home/airflow/.local/lib/python3.8/site-packages/airflow/example_dags/tutorial_dag.py
[2023-10-06T00:49:18.793+0000] {processor.py:829} INFO - Processing file /home/airflow/.local/lib/python3.8/site-packages/airflow/example_dags/tutorial_dag.py for tasks to queue
[2023-10-06T00:49:18.794+0000] {logging_mixin.py:151} INFO - [2023-10-06T00:49:18.794+0000] {dagbag.py:539} INFO - Filling up the DagBag from /home/airflow/.local/lib/python3.8/site-packages/airflow/example_dags/tutorial_dag.py
[2023-10-06T00:49:18.798+0000] {processor.py:839} INFO - DAG(s) dict_keys(['tutorial_dag']) retrieved from /home/airflow/.local/lib/python3.8/site-packages/airflow/example_dags/tutorial_dag.py
[2023-10-06T00:49:18.809+0000] {logging_mixin.py:151} INFO - [2023-10-06T00:49:18.809+0000] {dag.py:2907} INFO - Sync 1 DAGs
[2023-10-06T00:49:18.815+0000] {logging_mixin.py:151} INFO - [2023-10-06T00:49:18.815+0000] {dag.py:3677} INFO - Setting next_dagrun for tutorial_dag to None, run_after=None
[2023-10-06T00:49:18.826+0000] {processor.py:179} INFO - Processing /home/airflow/.local/lib/python3.8/site-packages/airflow/example_dags/tutorial_dag.py took 0.036 seconds
[2023-10-06T00:54:47.656+0000] {processor.py:157} INFO - Started process (PID=93000) to work on /home/airflow/.local/lib/python3.8/site-packages/airflow/example_dags/tutorial_dag.py
[2023-10-06T00:54:47.657+0000] {processor.py:829} INFO - Processing file /home/airflow/.local/lib/python3.8/site-packages/airflow/example_dags/tutorial_dag.py for tasks to queue
[2023-10-06T00:54:47.658+0000] {logging_mixin.py:151} INFO - [2023-10-06T00:54:47.658+0000] {dagbag.py:539} INFO - Filling up the DagBag from /home/airflow/.local/lib/python3.8/site-packages/airflow/example_dags/tutorial_dag.py
[2023-10-06T00:54:47.662+0000] {processor.py:839} INFO - DAG(s) dict_keys(['tutorial_dag']) retrieved from /home/airflow/.local/lib/python3.8/site-packages/airflow/example_dags/tutorial_dag.py
[2023-10-06T00:54:47.678+0000] {logging_mixin.py:151} INFO - [2023-10-06T00:54:47.678+0000] {dag.py:2907} INFO - Sync 1 DAGs
[2023-10-06T00:54:47.689+0000] {logging_mixin.py:151} INFO - [2023-10-06T00:54:47.689+0000] {dag.py:3677} INFO - Setting next_dagrun for tutorial_dag to None, run_after=None
[2023-10-06T00:54:47.702+0000] {processor.py:179} INFO - Processing /home/airflow/.local/lib/python3.8/site-packages/airflow/example_dags/tutorial_dag.py took 0.048 seconds
[2023-10-06T00:55:18.591+0000] {processor.py:157} INFO - Started process (PID=93051) to work on /home/airflow/.local/lib/python3.8/site-packages/airflow/example_dags/tutorial_dag.py
[2023-10-06T00:55:18.592+0000] {processor.py:829} INFO - Processing file /home/airflow/.local/lib/python3.8/site-packages/airflow/example_dags/tutorial_dag.py for tasks to queue
[2023-10-06T00:55:18.593+0000] {logging_mixin.py:151} INFO - [2023-10-06T00:55:18.593+0000] {dagbag.py:539} INFO - Filling up the DagBag from /home/airflow/.local/lib/python3.8/site-packages/airflow/example_dags/tutorial_dag.py
[2023-10-06T00:55:18.596+0000] {processor.py:839} INFO - DAG(s) dict_keys(['tutorial_dag']) retrieved from /home/airflow/.local/lib/python3.8/site-packages/airflow/example_dags/tutorial_dag.py
[2023-10-06T00:55:18.613+0000] {logging_mixin.py:151} INFO - [2023-10-06T00:55:18.613+0000] {dag.py:2907} INFO - Sync 1 DAGs
[2023-10-06T00:55:18.620+0000] {logging_mixin.py:151} INFO - [2023-10-06T00:55:18.620+0000] {dag.py:3677} INFO - Setting next_dagrun for tutorial_dag to None, run_after=None
[2023-10-06T00:55:18.632+0000] {processor.py:179} INFO - Processing /home/airflow/.local/lib/python3.8/site-packages/airflow/example_dags/tutorial_dag.py took 0.042 seconds
[2023-10-06T00:55:48.976+0000] {processor.py:157} INFO - Started process (PID=93102) to work on /home/airflow/.local/lib/python3.8/site-packages/airflow/example_dags/tutorial_dag.py
[2023-10-06T00:55:48.976+0000] {processor.py:829} INFO - Processing file /home/airflow/.local/lib/python3.8/site-packages/airflow/example_dags/tutorial_dag.py for tasks to queue
[2023-10-06T00:55:48.978+0000] {logging_mixin.py:151} INFO - [2023-10-06T00:55:48.978+0000] {dagbag.py:539} INFO - Filling up the DagBag from /home/airflow/.local/lib/python3.8/site-packages/airflow/example_dags/tutorial_dag.py
[2023-10-06T00:55:48.981+0000] {processor.py:839} INFO - DAG(s) dict_keys(['tutorial_dag']) retrieved from /home/airflow/.local/lib/python3.8/site-packages/airflow/example_dags/tutorial_dag.py
[2023-10-06T00:55:48.993+0000] {logging_mixin.py:151} INFO - [2023-10-06T00:55:48.993+0000] {dag.py:2907} INFO - Sync 1 DAGs
[2023-10-06T00:55:48.999+0000] {logging_mixin.py:151} INFO - [2023-10-06T00:55:48.999+0000] {dag.py:3677} INFO - Setting next_dagrun for tutorial_dag to None, run_after=None
[2023-10-06T00:55:49.011+0000] {processor.py:179} INFO - Processing /home/airflow/.local/lib/python3.8/site-packages/airflow/example_dags/tutorial_dag.py took 0.037 seconds
[2023-10-06T00:56:19.848+0000] {processor.py:157} INFO - Started process (PID=93153) to work on /home/airflow/.local/lib/python3.8/site-packages/airflow/example_dags/tutorial_dag.py
[2023-10-06T00:56:19.848+0000] {processor.py:829} INFO - Processing file /home/airflow/.local/lib/python3.8/site-packages/airflow/example_dags/tutorial_dag.py for tasks to queue
[2023-10-06T00:56:19.850+0000] {logging_mixin.py:151} INFO - [2023-10-06T00:56:19.849+0000] {dagbag.py:539} INFO - Filling up the DagBag from /home/airflow/.local/lib/python3.8/site-packages/airflow/example_dags/tutorial_dag.py
[2023-10-06T00:56:19.853+0000] {processor.py:839} INFO - DAG(s) dict_keys(['tutorial_dag']) retrieved from /home/airflow/.local/lib/python3.8/site-packages/airflow/example_dags/tutorial_dag.py
[2023-10-06T00:56:19.866+0000] {logging_mixin.py:151} INFO - [2023-10-06T00:56:19.866+0000] {dag.py:2907} INFO - Sync 1 DAGs
[2023-10-06T00:56:19.872+0000] {logging_mixin.py:151} INFO - [2023-10-06T00:56:19.872+0000] {dag.py:3677} INFO - Setting next_dagrun for tutorial_dag to None, run_after=None
[2023-10-06T00:56:19.883+0000] {processor.py:179} INFO - Processing /home/airflow/.local/lib/python3.8/site-packages/airflow/example_dags/tutorial_dag.py took 0.039 seconds
[2023-10-06T00:56:50.290+0000] {processor.py:157} INFO - Started process (PID=93204) to work on /home/airflow/.local/lib/python3.8/site-packages/airflow/example_dags/tutorial_dag.py
[2023-10-06T00:56:50.291+0000] {processor.py:829} INFO - Processing file /home/airflow/.local/lib/python3.8/site-packages/airflow/example_dags/tutorial_dag.py for tasks to queue
[2023-10-06T00:56:50.292+0000] {logging_mixin.py:151} INFO - [2023-10-06T00:56:50.292+0000] {dagbag.py:539} INFO - Filling up the DagBag from /home/airflow/.local/lib/python3.8/site-packages/airflow/example_dags/tutorial_dag.py
[2023-10-06T00:56:50.296+0000] {processor.py:839} INFO - DAG(s) dict_keys(['tutorial_dag']) retrieved from /home/airflow/.local/lib/python3.8/site-packages/airflow/example_dags/tutorial_dag.py
[2023-10-06T00:56:50.307+0000] {logging_mixin.py:151} INFO - [2023-10-06T00:56:50.307+0000] {dag.py:2907} INFO - Sync 1 DAGs
[2023-10-06T00:56:50.313+0000] {logging_mixin.py:151} INFO - [2023-10-06T00:56:50.313+0000] {dag.py:3677} INFO - Setting next_dagrun for tutorial_dag to None, run_after=None
[2023-10-06T00:56:50.325+0000] {processor.py:179} INFO - Processing /home/airflow/.local/lib/python3.8/site-packages/airflow/example_dags/tutorial_dag.py took 0.037 seconds
[2023-10-06T01:03:59.726+0000] {processor.py:157} INFO - Started process (PID=93255) to work on /home/airflow/.local/lib/python3.8/site-packages/airflow/example_dags/tutorial_dag.py
[2023-10-06T01:03:59.727+0000] {processor.py:829} INFO - Processing file /home/airflow/.local/lib/python3.8/site-packages/airflow/example_dags/tutorial_dag.py for tasks to queue
[2023-10-06T01:03:59.730+0000] {logging_mixin.py:151} INFO - [2023-10-06T01:03:59.730+0000] {dagbag.py:539} INFO - Filling up the DagBag from /home/airflow/.local/lib/python3.8/site-packages/airflow/example_dags/tutorial_dag.py
[2023-10-06T01:03:59.734+0000] {processor.py:839} INFO - DAG(s) dict_keys(['tutorial_dag']) retrieved from /home/airflow/.local/lib/python3.8/site-packages/airflow/example_dags/tutorial_dag.py
[2023-10-06T01:03:59.748+0000] {logging_mixin.py:151} INFO - [2023-10-06T01:03:59.748+0000] {dag.py:2907} INFO - Sync 1 DAGs
[2023-10-06T01:03:59.754+0000] {logging_mixin.py:151} INFO - [2023-10-06T01:03:59.754+0000] {dag.py:3677} INFO - Setting next_dagrun for tutorial_dag to None, run_after=None
[2023-10-06T01:03:59.765+0000] {processor.py:179} INFO - Processing /home/airflow/.local/lib/python3.8/site-packages/airflow/example_dags/tutorial_dag.py took 0.041 seconds
[2023-10-06T01:47:59.283+0000] {processor.py:157} INFO - Started process (PID=93306) to work on /home/airflow/.local/lib/python3.8/site-packages/airflow/example_dags/tutorial_dag.py
[2023-10-06T01:47:59.284+0000] {processor.py:829} INFO - Processing file /home/airflow/.local/lib/python3.8/site-packages/airflow/example_dags/tutorial_dag.py for tasks to queue
[2023-10-06T01:47:59.285+0000] {logging_mixin.py:151} INFO - [2023-10-06T01:47:59.285+0000] {dagbag.py:539} INFO - Filling up the DagBag from /home/airflow/.local/lib/python3.8/site-packages/airflow/example_dags/tutorial_dag.py
[2023-10-06T01:47:59.289+0000] {processor.py:839} INFO - DAG(s) dict_keys(['tutorial_dag']) retrieved from /home/airflow/.local/lib/python3.8/site-packages/airflow/example_dags/tutorial_dag.py
[2023-10-06T01:47:59.310+0000] {logging_mixin.py:151} INFO - [2023-10-06T01:47:59.310+0000] {dag.py:2907} INFO - Sync 1 DAGs
[2023-10-06T01:47:59.318+0000] {logging_mixin.py:151} INFO - [2023-10-06T01:47:59.317+0000] {dag.py:3677} INFO - Setting next_dagrun for tutorial_dag to None, run_after=None
[2023-10-06T01:47:59.330+0000] {processor.py:179} INFO - Processing /home/airflow/.local/lib/python3.8/site-packages/airflow/example_dags/tutorial_dag.py took 0.050 seconds
[2023-10-06T03:12:10.715+0000] {processor.py:157} INFO - Started process (PID=93357) to work on /home/airflow/.local/lib/python3.8/site-packages/airflow/example_dags/tutorial_dag.py
[2023-10-06T03:12:10.716+0000] {processor.py:829} INFO - Processing file /home/airflow/.local/lib/python3.8/site-packages/airflow/example_dags/tutorial_dag.py for tasks to queue
[2023-10-06T03:12:10.718+0000] {logging_mixin.py:151} INFO - [2023-10-06T03:12:10.718+0000] {dagbag.py:539} INFO - Filling up the DagBag from /home/airflow/.local/lib/python3.8/site-packages/airflow/example_dags/tutorial_dag.py
[2023-10-06T03:12:10.722+0000] {processor.py:839} INFO - DAG(s) dict_keys(['tutorial_dag']) retrieved from /home/airflow/.local/lib/python3.8/site-packages/airflow/example_dags/tutorial_dag.py
[2023-10-06T03:12:10.734+0000] {logging_mixin.py:151} INFO - [2023-10-06T03:12:10.734+0000] {dag.py:2907} INFO - Sync 1 DAGs
[2023-10-06T03:12:10.740+0000] {logging_mixin.py:151} INFO - [2023-10-06T03:12:10.740+0000] {dag.py:3677} INFO - Setting next_dagrun for tutorial_dag to None, run_after=None
[2023-10-06T03:12:10.983+0000] {processor.py:179} INFO - Processing /home/airflow/.local/lib/python3.8/site-packages/airflow/example_dags/tutorial_dag.py took 0.270 seconds
[2023-10-06T04:32:22.075+0000] {processor.py:157} INFO - Started process (PID=93408) to work on /home/airflow/.local/lib/python3.8/site-packages/airflow/example_dags/tutorial_dag.py
[2023-10-06T04:32:22.076+0000] {processor.py:829} INFO - Processing file /home/airflow/.local/lib/python3.8/site-packages/airflow/example_dags/tutorial_dag.py for tasks to queue
[2023-10-06T04:32:22.078+0000] {logging_mixin.py:151} INFO - [2023-10-06T04:32:22.077+0000] {dagbag.py:539} INFO - Filling up the DagBag from /home/airflow/.local/lib/python3.8/site-packages/airflow/example_dags/tutorial_dag.py
[2023-10-06T04:32:22.081+0000] {processor.py:839} INFO - DAG(s) dict_keys(['tutorial_dag']) retrieved from /home/airflow/.local/lib/python3.8/site-packages/airflow/example_dags/tutorial_dag.py
[2023-10-06T04:32:22.096+0000] {logging_mixin.py:151} INFO - [2023-10-06T04:32:22.096+0000] {dag.py:2907} INFO - Sync 1 DAGs
[2023-10-06T04:32:22.102+0000] {logging_mixin.py:151} INFO - [2023-10-06T04:32:22.102+0000] {dag.py:3677} INFO - Setting next_dagrun for tutorial_dag to None, run_after=None
[2023-10-06T04:32:22.114+0000] {processor.py:179} INFO - Processing /home/airflow/.local/lib/python3.8/site-packages/airflow/example_dags/tutorial_dag.py took 0.041 seconds
[2023-10-06T05:56:31.421+0000] {processor.py:157} INFO - Started process (PID=93459) to work on /home/airflow/.local/lib/python3.8/site-packages/airflow/example_dags/tutorial_dag.py
[2023-10-06T05:56:31.422+0000] {processor.py:829} INFO - Processing file /home/airflow/.local/lib/python3.8/site-packages/airflow/example_dags/tutorial_dag.py for tasks to queue
[2023-10-06T05:56:31.424+0000] {logging_mixin.py:151} INFO - [2023-10-06T05:56:31.423+0000] {dagbag.py:539} INFO - Filling up the DagBag from /home/airflow/.local/lib/python3.8/site-packages/airflow/example_dags/tutorial_dag.py
[2023-10-06T05:56:31.427+0000] {processor.py:839} INFO - DAG(s) dict_keys(['tutorial_dag']) retrieved from /home/airflow/.local/lib/python3.8/site-packages/airflow/example_dags/tutorial_dag.py
[2023-10-06T05:56:31.440+0000] {logging_mixin.py:151} INFO - [2023-10-06T05:56:31.440+0000] {dag.py:2907} INFO - Sync 1 DAGs
[2023-10-06T05:56:31.446+0000] {logging_mixin.py:151} INFO - [2023-10-06T05:56:31.446+0000] {dag.py:3677} INFO - Setting next_dagrun for tutorial_dag to None, run_after=None
[2023-10-06T05:56:31.458+0000] {processor.py:179} INFO - Processing /home/airflow/.local/lib/python3.8/site-packages/airflow/example_dags/tutorial_dag.py took 0.039 seconds
[2023-10-06T07:21:27.768+0000] {processor.py:157} INFO - Started process (PID=93510) to work on /home/airflow/.local/lib/python3.8/site-packages/airflow/example_dags/tutorial_dag.py
[2023-10-06T07:21:27.769+0000] {processor.py:829} INFO - Processing file /home/airflow/.local/lib/python3.8/site-packages/airflow/example_dags/tutorial_dag.py for tasks to queue
[2023-10-06T07:21:27.771+0000] {logging_mixin.py:151} INFO - [2023-10-06T07:21:27.771+0000] {dagbag.py:539} INFO - Filling up the DagBag from /home/airflow/.local/lib/python3.8/site-packages/airflow/example_dags/tutorial_dag.py
[2023-10-06T07:21:27.775+0000] {processor.py:839} INFO - DAG(s) dict_keys(['tutorial_dag']) retrieved from /home/airflow/.local/lib/python3.8/site-packages/airflow/example_dags/tutorial_dag.py
[2023-10-06T07:21:27.788+0000] {logging_mixin.py:151} INFO - [2023-10-06T07:21:27.788+0000] {dag.py:2907} INFO - Sync 1 DAGs
[2023-10-06T07:21:27.795+0000] {logging_mixin.py:151} INFO - [2023-10-06T07:21:27.794+0000] {dag.py:3677} INFO - Setting next_dagrun for tutorial_dag to None, run_after=None
[2023-10-06T07:21:27.806+0000] {processor.py:179} INFO - Processing /home/airflow/.local/lib/python3.8/site-packages/airflow/example_dags/tutorial_dag.py took 0.040 seconds
[2023-10-06T08:42:33.121+0000] {processor.py:157} INFO - Started process (PID=93561) to work on /home/airflow/.local/lib/python3.8/site-packages/airflow/example_dags/tutorial_dag.py
[2023-10-06T08:42:33.121+0000] {processor.py:829} INFO - Processing file /home/airflow/.local/lib/python3.8/site-packages/airflow/example_dags/tutorial_dag.py for tasks to queue
[2023-10-06T08:42:33.123+0000] {logging_mixin.py:151} INFO - [2023-10-06T08:42:33.123+0000] {dagbag.py:539} INFO - Filling up the DagBag from /home/airflow/.local/lib/python3.8/site-packages/airflow/example_dags/tutorial_dag.py
[2023-10-06T08:42:33.126+0000] {processor.py:839} INFO - DAG(s) dict_keys(['tutorial_dag']) retrieved from /home/airflow/.local/lib/python3.8/site-packages/airflow/example_dags/tutorial_dag.py
[2023-10-06T08:42:33.137+0000] {logging_mixin.py:151} INFO - [2023-10-06T08:42:33.137+0000] {dag.py:2907} INFO - Sync 1 DAGs
[2023-10-06T08:42:33.143+0000] {logging_mixin.py:151} INFO - [2023-10-06T08:42:33.143+0000] {dag.py:3677} INFO - Setting next_dagrun for tutorial_dag to None, run_after=None
[2023-10-06T08:42:33.153+0000] {processor.py:179} INFO - Processing /home/airflow/.local/lib/python3.8/site-packages/airflow/example_dags/tutorial_dag.py took 0.035 seconds
[2023-10-06T10:05:56.262+0000] {processor.py:157} INFO - Started process (PID=93612) to work on /home/airflow/.local/lib/python3.8/site-packages/airflow/example_dags/tutorial_dag.py
[2023-10-06T10:05:56.262+0000] {processor.py:829} INFO - Processing file /home/airflow/.local/lib/python3.8/site-packages/airflow/example_dags/tutorial_dag.py for tasks to queue
[2023-10-06T10:05:56.264+0000] {logging_mixin.py:151} INFO - [2023-10-06T10:05:56.264+0000] {dagbag.py:539} INFO - Filling up the DagBag from /home/airflow/.local/lib/python3.8/site-packages/airflow/example_dags/tutorial_dag.py
[2023-10-06T10:05:56.267+0000] {processor.py:839} INFO - DAG(s) dict_keys(['tutorial_dag']) retrieved from /home/airflow/.local/lib/python3.8/site-packages/airflow/example_dags/tutorial_dag.py
[2023-10-06T10:05:56.280+0000] {logging_mixin.py:151} INFO - [2023-10-06T10:05:56.280+0000] {dag.py:2907} INFO - Sync 1 DAGs
[2023-10-06T10:05:56.286+0000] {logging_mixin.py:151} INFO - [2023-10-06T10:05:56.286+0000] {dag.py:3677} INFO - Setting next_dagrun for tutorial_dag to None, run_after=None
[2023-10-06T10:05:56.298+0000] {processor.py:179} INFO - Processing /home/airflow/.local/lib/python3.8/site-packages/airflow/example_dags/tutorial_dag.py took 0.039 seconds
[2023-10-06T11:25:34.314+0000] {processor.py:157} INFO - Started process (PID=93663) to work on /home/airflow/.local/lib/python3.8/site-packages/airflow/example_dags/tutorial_dag.py
[2023-10-06T11:25:34.318+0000] {processor.py:829} INFO - Processing file /home/airflow/.local/lib/python3.8/site-packages/airflow/example_dags/tutorial_dag.py for tasks to queue
[2023-10-06T11:25:34.326+0000] {logging_mixin.py:151} INFO - [2023-10-06T11:25:34.325+0000] {dagbag.py:539} INFO - Filling up the DagBag from /home/airflow/.local/lib/python3.8/site-packages/airflow/example_dags/tutorial_dag.py
[2023-10-06T11:25:34.337+0000] {processor.py:839} INFO - DAG(s) dict_keys(['tutorial_dag']) retrieved from /home/airflow/.local/lib/python3.8/site-packages/airflow/example_dags/tutorial_dag.py
[2023-10-06T11:25:34.386+0000] {logging_mixin.py:151} INFO - [2023-10-06T11:25:34.386+0000] {dag.py:2907} INFO - Sync 1 DAGs
[2023-10-06T11:25:34.404+0000] {logging_mixin.py:151} INFO - [2023-10-06T11:25:34.404+0000] {dag.py:3677} INFO - Setting next_dagrun for tutorial_dag to None, run_after=None
[2023-10-06T11:25:34.424+0000] {processor.py:179} INFO - Processing /home/airflow/.local/lib/python3.8/site-packages/airflow/example_dags/tutorial_dag.py took 0.112 seconds
[2023-10-06T12:28:46.398+0000] {processor.py:157} INFO - Started process (PID=93714) to work on /home/airflow/.local/lib/python3.8/site-packages/airflow/example_dags/tutorial_dag.py
[2023-10-06T12:28:46.399+0000] {processor.py:829} INFO - Processing file /home/airflow/.local/lib/python3.8/site-packages/airflow/example_dags/tutorial_dag.py for tasks to queue
[2023-10-06T12:28:46.401+0000] {logging_mixin.py:151} INFO - [2023-10-06T12:28:46.401+0000] {dagbag.py:539} INFO - Filling up the DagBag from /home/airflow/.local/lib/python3.8/site-packages/airflow/example_dags/tutorial_dag.py
[2023-10-06T12:28:46.404+0000] {processor.py:839} INFO - DAG(s) dict_keys(['tutorial_dag']) retrieved from /home/airflow/.local/lib/python3.8/site-packages/airflow/example_dags/tutorial_dag.py
[2023-10-06T12:28:46.417+0000] {logging_mixin.py:151} INFO - [2023-10-06T12:28:46.416+0000] {dag.py:2907} INFO - Sync 1 DAGs
[2023-10-06T12:28:46.423+0000] {logging_mixin.py:151} INFO - [2023-10-06T12:28:46.422+0000] {dag.py:3677} INFO - Setting next_dagrun for tutorial_dag to None, run_after=None
[2023-10-06T12:28:46.434+0000] {processor.py:179} INFO - Processing /home/airflow/.local/lib/python3.8/site-packages/airflow/example_dags/tutorial_dag.py took 0.038 seconds
[2023-10-06T12:38:59.778+0000] {processor.py:157} INFO - Started process (PID=93765) to work on /home/airflow/.local/lib/python3.8/site-packages/airflow/example_dags/tutorial_dag.py
[2023-10-06T12:38:59.779+0000] {processor.py:829} INFO - Processing file /home/airflow/.local/lib/python3.8/site-packages/airflow/example_dags/tutorial_dag.py for tasks to queue
[2023-10-06T12:38:59.780+0000] {logging_mixin.py:151} INFO - [2023-10-06T12:38:59.780+0000] {dagbag.py:539} INFO - Filling up the DagBag from /home/airflow/.local/lib/python3.8/site-packages/airflow/example_dags/tutorial_dag.py
[2023-10-06T12:38:59.784+0000] {processor.py:839} INFO - DAG(s) dict_keys(['tutorial_dag']) retrieved from /home/airflow/.local/lib/python3.8/site-packages/airflow/example_dags/tutorial_dag.py
[2023-10-06T12:38:59.796+0000] {logging_mixin.py:151} INFO - [2023-10-06T12:38:59.796+0000] {dag.py:2907} INFO - Sync 1 DAGs
[2023-10-06T12:38:59.802+0000] {logging_mixin.py:151} INFO - [2023-10-06T12:38:59.802+0000] {dag.py:3677} INFO - Setting next_dagrun for tutorial_dag to None, run_after=None
[2023-10-06T12:38:59.813+0000] {processor.py:179} INFO - Processing /home/airflow/.local/lib/python3.8/site-packages/airflow/example_dags/tutorial_dag.py took 0.037 seconds
[2023-10-06T12:54:55.418+0000] {processor.py:157} INFO - Started process (PID=93816) to work on /home/airflow/.local/lib/python3.8/site-packages/airflow/example_dags/tutorial_dag.py
[2023-10-06T12:54:55.418+0000] {processor.py:829} INFO - Processing file /home/airflow/.local/lib/python3.8/site-packages/airflow/example_dags/tutorial_dag.py for tasks to queue
[2023-10-06T12:54:55.419+0000] {logging_mixin.py:151} INFO - [2023-10-06T12:54:55.419+0000] {dagbag.py:539} INFO - Filling up the DagBag from /home/airflow/.local/lib/python3.8/site-packages/airflow/example_dags/tutorial_dag.py
[2023-10-06T12:54:55.423+0000] {processor.py:839} INFO - DAG(s) dict_keys(['tutorial_dag']) retrieved from /home/airflow/.local/lib/python3.8/site-packages/airflow/example_dags/tutorial_dag.py
[2023-10-06T12:54:55.445+0000] {logging_mixin.py:151} INFO - [2023-10-06T12:54:55.444+0000] {dag.py:2907} INFO - Sync 1 DAGs
[2023-10-06T12:54:55.453+0000] {logging_mixin.py:151} INFO - [2023-10-06T12:54:55.453+0000] {dag.py:3677} INFO - Setting next_dagrun for tutorial_dag to None, run_after=None
[2023-10-06T12:54:55.465+0000] {processor.py:179} INFO - Processing /home/airflow/.local/lib/python3.8/site-packages/airflow/example_dags/tutorial_dag.py took 0.049 seconds
[2023-10-06T13:46:11.218+0000] {processor.py:157} INFO - Started process (PID=93867) to work on /home/airflow/.local/lib/python3.8/site-packages/airflow/example_dags/tutorial_dag.py
[2023-10-06T13:46:11.219+0000] {processor.py:829} INFO - Processing file /home/airflow/.local/lib/python3.8/site-packages/airflow/example_dags/tutorial_dag.py for tasks to queue
[2023-10-06T13:46:11.221+0000] {logging_mixin.py:151} INFO - [2023-10-06T13:46:11.220+0000] {dagbag.py:539} INFO - Filling up the DagBag from /home/airflow/.local/lib/python3.8/site-packages/airflow/example_dags/tutorial_dag.py
[2023-10-06T13:46:11.224+0000] {processor.py:839} INFO - DAG(s) dict_keys(['tutorial_dag']) retrieved from /home/airflow/.local/lib/python3.8/site-packages/airflow/example_dags/tutorial_dag.py
[2023-10-06T13:46:11.240+0000] {logging_mixin.py:151} INFO - [2023-10-06T13:46:11.239+0000] {dag.py:2907} INFO - Sync 1 DAGs
[2023-10-06T13:46:11.248+0000] {logging_mixin.py:151} INFO - [2023-10-06T13:46:11.248+0000] {dag.py:3677} INFO - Setting next_dagrun for tutorial_dag to None, run_after=None
[2023-10-06T13:46:11.481+0000] {processor.py:179} INFO - Processing /home/airflow/.local/lib/python3.8/site-packages/airflow/example_dags/tutorial_dag.py took 0.266 seconds
[2023-10-06T15:22:51.980+0000] {processor.py:157} INFO - Started process (PID=93918) to work on /home/airflow/.local/lib/python3.8/site-packages/airflow/example_dags/tutorial_dag.py
[2023-10-06T15:22:51.992+0000] {processor.py:829} INFO - Processing file /home/airflow/.local/lib/python3.8/site-packages/airflow/example_dags/tutorial_dag.py for tasks to queue
[2023-10-06T15:22:51.997+0000] {logging_mixin.py:151} INFO - [2023-10-06T15:22:51.997+0000] {dagbag.py:539} INFO - Filling up the DagBag from /home/airflow/.local/lib/python3.8/site-packages/airflow/example_dags/tutorial_dag.py
[2023-10-06T15:22:52.016+0000] {processor.py:839} INFO - DAG(s) dict_keys(['tutorial_dag']) retrieved from /home/airflow/.local/lib/python3.8/site-packages/airflow/example_dags/tutorial_dag.py
[2023-10-06T15:22:52.060+0000] {logging_mixin.py:151} INFO - [2023-10-06T15:22:52.060+0000] {dag.py:2907} INFO - Sync 1 DAGs
[2023-10-06T15:22:52.084+0000] {logging_mixin.py:151} INFO - [2023-10-06T15:22:52.083+0000] {dag.py:3677} INFO - Setting next_dagrun for tutorial_dag to None, run_after=None
[2023-10-06T15:22:52.120+0000] {processor.py:179} INFO - Processing /home/airflow/.local/lib/python3.8/site-packages/airflow/example_dags/tutorial_dag.py took 0.161 seconds
[2023-10-06T16:45:54.969+0000] {processor.py:157} INFO - Started process (PID=93969) to work on /home/airflow/.local/lib/python3.8/site-packages/airflow/example_dags/tutorial_dag.py
[2023-10-06T16:45:54.970+0000] {processor.py:829} INFO - Processing file /home/airflow/.local/lib/python3.8/site-packages/airflow/example_dags/tutorial_dag.py for tasks to queue
[2023-10-06T16:45:54.971+0000] {logging_mixin.py:151} INFO - [2023-10-06T16:45:54.971+0000] {dagbag.py:539} INFO - Filling up the DagBag from /home/airflow/.local/lib/python3.8/site-packages/airflow/example_dags/tutorial_dag.py
[2023-10-06T16:45:54.975+0000] {processor.py:839} INFO - DAG(s) dict_keys(['tutorial_dag']) retrieved from /home/airflow/.local/lib/python3.8/site-packages/airflow/example_dags/tutorial_dag.py
[2023-10-06T16:45:54.997+0000] {logging_mixin.py:151} INFO - [2023-10-06T16:45:54.997+0000] {dag.py:2907} INFO - Sync 1 DAGs
[2023-10-06T16:45:55.005+0000] {logging_mixin.py:151} INFO - [2023-10-06T16:45:55.004+0000] {dag.py:3677} INFO - Setting next_dagrun for tutorial_dag to None, run_after=None
[2023-10-06T16:45:55.016+0000] {processor.py:179} INFO - Processing /home/airflow/.local/lib/python3.8/site-packages/airflow/example_dags/tutorial_dag.py took 0.050 seconds
[2023-10-06T18:26:18.448+0000] {processor.py:157} INFO - Started process (PID=94020) to work on /home/airflow/.local/lib/python3.8/site-packages/airflow/example_dags/tutorial_dag.py
[2023-10-06T18:26:18.449+0000] {processor.py:829} INFO - Processing file /home/airflow/.local/lib/python3.8/site-packages/airflow/example_dags/tutorial_dag.py for tasks to queue
[2023-10-06T18:26:18.451+0000] {logging_mixin.py:151} INFO - [2023-10-06T18:26:18.451+0000] {dagbag.py:539} INFO - Filling up the DagBag from /home/airflow/.local/lib/python3.8/site-packages/airflow/example_dags/tutorial_dag.py
[2023-10-06T18:26:18.456+0000] {processor.py:839} INFO - DAG(s) dict_keys(['tutorial_dag']) retrieved from /home/airflow/.local/lib/python3.8/site-packages/airflow/example_dags/tutorial_dag.py
[2023-10-06T18:26:18.494+0000] {logging_mixin.py:151} INFO - [2023-10-06T18:26:18.494+0000] {dag.py:2907} INFO - Sync 1 DAGs
[2023-10-06T18:26:18.528+0000] {logging_mixin.py:151} INFO - [2023-10-06T18:26:18.528+0000] {dag.py:3677} INFO - Setting next_dagrun for tutorial_dag to None, run_after=None
[2023-10-06T18:26:18.556+0000] {processor.py:179} INFO - Processing /home/airflow/.local/lib/python3.8/site-packages/airflow/example_dags/tutorial_dag.py took 0.114 seconds
[2023-10-06T20:02:30.899+0000] {processor.py:157} INFO - Started process (PID=94071) to work on /home/airflow/.local/lib/python3.8/site-packages/airflow/example_dags/tutorial_dag.py
[2023-10-06T20:02:30.900+0000] {processor.py:829} INFO - Processing file /home/airflow/.local/lib/python3.8/site-packages/airflow/example_dags/tutorial_dag.py for tasks to queue
[2023-10-06T20:02:30.901+0000] {logging_mixin.py:151} INFO - [2023-10-06T20:02:30.901+0000] {dagbag.py:539} INFO - Filling up the DagBag from /home/airflow/.local/lib/python3.8/site-packages/airflow/example_dags/tutorial_dag.py
[2023-10-06T20:02:30.905+0000] {processor.py:839} INFO - DAG(s) dict_keys(['tutorial_dag']) retrieved from /home/airflow/.local/lib/python3.8/site-packages/airflow/example_dags/tutorial_dag.py
[2023-10-06T20:02:30.918+0000] {logging_mixin.py:151} INFO - [2023-10-06T20:02:30.918+0000] {dag.py:2907} INFO - Sync 1 DAGs
[2023-10-06T20:02:30.924+0000] {logging_mixin.py:151} INFO - [2023-10-06T20:02:30.924+0000] {dag.py:3677} INFO - Setting next_dagrun for tutorial_dag to None, run_after=None
[2023-10-06T20:02:30.943+0000] {processor.py:179} INFO - Processing /home/airflow/.local/lib/python3.8/site-packages/airflow/example_dags/tutorial_dag.py took 0.045 seconds
[2023-10-06T21:27:11.976+0000] {processor.py:157} INFO - Started process (PID=94122) to work on /home/airflow/.local/lib/python3.8/site-packages/airflow/example_dags/tutorial_dag.py
[2023-10-06T21:27:11.977+0000] {processor.py:829} INFO - Processing file /home/airflow/.local/lib/python3.8/site-packages/airflow/example_dags/tutorial_dag.py for tasks to queue
[2023-10-06T21:27:11.978+0000] {logging_mixin.py:151} INFO - [2023-10-06T21:27:11.978+0000] {dagbag.py:539} INFO - Filling up the DagBag from /home/airflow/.local/lib/python3.8/site-packages/airflow/example_dags/tutorial_dag.py
[2023-10-06T21:27:11.982+0000] {processor.py:839} INFO - DAG(s) dict_keys(['tutorial_dag']) retrieved from /home/airflow/.local/lib/python3.8/site-packages/airflow/example_dags/tutorial_dag.py
[2023-10-06T21:27:11.996+0000] {logging_mixin.py:151} INFO - [2023-10-06T21:27:11.996+0000] {dag.py:2907} INFO - Sync 1 DAGs
[2023-10-06T21:27:12.009+0000] {logging_mixin.py:151} INFO - [2023-10-06T21:27:12.009+0000] {dag.py:3677} INFO - Setting next_dagrun for tutorial_dag to None, run_after=None
[2023-10-06T21:27:12.028+0000] {processor.py:179} INFO - Processing /home/airflow/.local/lib/python3.8/site-packages/airflow/example_dags/tutorial_dag.py took 0.054 seconds
[2023-10-06T23:05:03.305+0000] {processor.py:157} INFO - Started process (PID=94173) to work on /home/airflow/.local/lib/python3.8/site-packages/airflow/example_dags/tutorial_dag.py
[2023-10-06T23:05:03.305+0000] {processor.py:829} INFO - Processing file /home/airflow/.local/lib/python3.8/site-packages/airflow/example_dags/tutorial_dag.py for tasks to queue
[2023-10-06T23:05:03.307+0000] {logging_mixin.py:151} INFO - [2023-10-06T23:05:03.307+0000] {dagbag.py:539} INFO - Filling up the DagBag from /home/airflow/.local/lib/python3.8/site-packages/airflow/example_dags/tutorial_dag.py
[2023-10-06T23:05:03.310+0000] {processor.py:839} INFO - DAG(s) dict_keys(['tutorial_dag']) retrieved from /home/airflow/.local/lib/python3.8/site-packages/airflow/example_dags/tutorial_dag.py
[2023-10-06T23:05:03.323+0000] {logging_mixin.py:151} INFO - [2023-10-06T23:05:03.323+0000] {dag.py:2907} INFO - Sync 1 DAGs
[2023-10-06T23:05:03.330+0000] {logging_mixin.py:151} INFO - [2023-10-06T23:05:03.330+0000] {dag.py:3677} INFO - Setting next_dagrun for tutorial_dag to None, run_after=None
[2023-10-06T23:05:03.342+0000] {processor.py:179} INFO - Processing /home/airflow/.local/lib/python3.8/site-packages/airflow/example_dags/tutorial_dag.py took 0.039 seconds
