[2023-10-09T11:36:00.350+0000] {warnings.py:109} WARNING - /home/airflow/.local/lib/python3.8/site-packages/airflow/utils/sqlalchemy.py:124: DeprecationWarning: The sql_alchemy_conn option in [core] has been moved to the sql_alchemy_conn option in [database] - the old setting has been used, but please update your config.
  return not conf.get("database", "sql_alchemy_conn").startswith("mssql")

[2023-10-09T11:36:00.380+0000] {taskinstance.py:1159} INFO - Dependencies all met for dep_context=non-requeueable deps ti=<TaskInstance: ETL.transform_data scheduled__2023-10-09T10:00:00+00:00 [queued]>
[2023-10-09T11:36:00.465+0000] {taskinstance.py:1159} INFO - Dependencies all met for dep_context=requeueable deps ti=<TaskInstance: ETL.transform_data scheduled__2023-10-09T10:00:00+00:00 [queued]>
[2023-10-09T11:36:00.465+0000] {taskinstance.py:1361} INFO - Starting attempt 1 of 1
[2023-10-09T11:36:00.472+0000] {taskinstance.py:1382} INFO - Executing <Task(PythonOperator): transform_data> on 2023-10-09 10:00:00+00:00
[2023-10-09T11:36:00.476+0000] {standard_task_runner.py:57} INFO - Started process 187 to run task
[2023-10-09T11:36:00.478+0000] {standard_task_runner.py:84} INFO - Running: ['airflow', 'tasks', 'run', 'ETL', 'transform_data', 'scheduled__2023-10-09T10:00:00+00:00', '--job-id', '404', '--raw', '--subdir', 'DAGS_FOLDER/pipeline.py', '--cfg-path', '/tmp/tmphj1u10q_']
[2023-10-09T11:36:00.480+0000] {standard_task_runner.py:85} INFO - Job 404: Subtask transform_data
[2023-10-09T11:36:00.488+0000] {warnings.py:109} WARNING - /home/airflow/.local/lib/python3.8/site-packages/airflow/settings.py:195: DeprecationWarning: The sql_alchemy_conn option in [core] has been moved to the sql_alchemy_conn option in [database] - the old setting has been used, but please update your config.
  SQL_ALCHEMY_CONN = conf.get("database", "SQL_ALCHEMY_CONN")

[2023-10-09T11:36:00.508+0000] {task_command.py:415} INFO - Running <TaskInstance: ETL.transform_data scheduled__2023-10-09T10:00:00+00:00 [running]> on host cba2d0d235e2
[2023-10-09T11:36:00.514+0000] {warnings.py:109} WARNING - /home/airflow/.local/lib/python3.8/site-packages/airflow/utils/sqlalchemy.py:124: DeprecationWarning: The sql_alchemy_conn option in [core] has been moved to the sql_alchemy_conn option in [database] - the old setting has been used, but please update your config.
  return not conf.get("database", "sql_alchemy_conn").startswith("mssql")

[2023-10-09T11:36:00.551+0000] {taskinstance.py:1660} INFO - Exporting env vars: AIRFLOW_CTX_DAG_OWNER='airflow' AIRFLOW_CTX_DAG_ID='ETL' AIRFLOW_CTX_TASK_ID='transform_data' AIRFLOW_CTX_EXECUTION_DATE='2023-10-09T10:00:00+00:00' AIRFLOW_CTX_TRY_NUMBER='1' AIRFLOW_CTX_DAG_RUN_ID='scheduled__2023-10-09T10:00:00+00:00'
[2023-10-09T11:36:01.653+0000] {logging_mixin.py:151} INFO - len data before clean=== 8256
[2023-10-09T11:36:02.576+0000] {logging_mixin.py:151} INFO - done save data --------- 
[2023-10-09T11:36:02.577+0000] {python.py:194} INFO - Done. Returned value was: None
[2023-10-09T11:36:02.581+0000] {taskinstance.py:1400} INFO - Marking task as SUCCESS. dag_id=ETL, task_id=transform_data, execution_date=20231009T100000, start_date=20231009T113600, end_date=20231009T113602
[2023-10-09T11:36:02.633+0000] {local_task_job_runner.py:228} INFO - Task exited with return code 0
[2023-10-09T11:36:02.647+0000] {taskinstance.py:2784} INFO - 1 downstream tasks scheduled from follow-on schedule check
