[2023-09-28T00:01:26.675+0000] {processor.py:157} INFO - Started process (PID=53205) to work on /home/airflow/.local/lib/python3.8/site-packages/airflow/example_dags/example_branch_operator.py
[2023-09-28T00:01:26.678+0000] {processor.py:829} INFO - Processing file /home/airflow/.local/lib/python3.8/site-packages/airflow/example_dags/example_branch_operator.py for tasks to queue
[2023-09-28T00:01:26.679+0000] {logging_mixin.py:151} INFO - [2023-09-28T00:01:26.679+0000] {dagbag.py:539} INFO - Filling up the DagBag from /home/airflow/.local/lib/python3.8/site-packages/airflow/example_dags/example_branch_operator.py
[2023-09-28T00:01:26.685+0000] {processor.py:839} INFO - DAG(s) dict_keys(['example_branch_operator']) retrieved from /home/airflow/.local/lib/python3.8/site-packages/airflow/example_dags/example_branch_operator.py
[2023-09-28T00:01:26.696+0000] {logging_mixin.py:151} INFO - [2023-09-28T00:01:26.696+0000] {dag.py:2907} INFO - Sync 1 DAGs
[2023-09-28T00:01:26.706+0000] {logging_mixin.py:151} INFO - [2023-09-28T00:01:26.706+0000] {dag.py:3677} INFO - Setting next_dagrun for example_branch_operator to 2023-09-27T00:00:00+00:00, run_after=2023-09-28T00:00:00+00:00
[2023-09-28T00:01:26.714+0000] {processor.py:179} INFO - Processing /home/airflow/.local/lib/python3.8/site-packages/airflow/example_dags/example_branch_operator.py took 0.042 seconds
[2023-09-28T01:23:47.531+0000] {processor.py:157} INFO - Started process (PID=53254) to work on /home/airflow/.local/lib/python3.8/site-packages/airflow/example_dags/example_branch_operator.py
[2023-09-28T01:23:47.531+0000] {processor.py:829} INFO - Processing file /home/airflow/.local/lib/python3.8/site-packages/airflow/example_dags/example_branch_operator.py for tasks to queue
[2023-09-28T01:23:47.532+0000] {logging_mixin.py:151} INFO - [2023-09-28T01:23:47.532+0000] {dagbag.py:539} INFO - Filling up the DagBag from /home/airflow/.local/lib/python3.8/site-packages/airflow/example_dags/example_branch_operator.py
[2023-09-28T01:23:47.538+0000] {processor.py:839} INFO - DAG(s) dict_keys(['example_branch_operator']) retrieved from /home/airflow/.local/lib/python3.8/site-packages/airflow/example_dags/example_branch_operator.py
[2023-09-28T01:23:47.549+0000] {logging_mixin.py:151} INFO - [2023-09-28T01:23:47.549+0000] {dag.py:2907} INFO - Sync 1 DAGs
[2023-09-28T01:23:47.559+0000] {logging_mixin.py:151} INFO - [2023-09-28T01:23:47.559+0000] {dag.py:3677} INFO - Setting next_dagrun for example_branch_operator to 2023-09-27T00:00:00+00:00, run_after=2023-09-28T00:00:00+00:00
[2023-09-28T01:23:47.565+0000] {processor.py:179} INFO - Processing /home/airflow/.local/lib/python3.8/site-packages/airflow/example_dags/example_branch_operator.py took 0.037 seconds
[2023-09-28T02:46:59.869+0000] {processor.py:157} INFO - Started process (PID=53303) to work on /home/airflow/.local/lib/python3.8/site-packages/airflow/example_dags/example_branch_operator.py
[2023-09-28T02:46:59.870+0000] {processor.py:829} INFO - Processing file /home/airflow/.local/lib/python3.8/site-packages/airflow/example_dags/example_branch_operator.py for tasks to queue
[2023-09-28T02:46:59.871+0000] {logging_mixin.py:151} INFO - [2023-09-28T02:46:59.871+0000] {dagbag.py:539} INFO - Filling up the DagBag from /home/airflow/.local/lib/python3.8/site-packages/airflow/example_dags/example_branch_operator.py
[2023-09-28T02:46:59.876+0000] {processor.py:839} INFO - DAG(s) dict_keys(['example_branch_operator']) retrieved from /home/airflow/.local/lib/python3.8/site-packages/airflow/example_dags/example_branch_operator.py
[2023-09-28T02:46:59.888+0000] {logging_mixin.py:151} INFO - [2023-09-28T02:46:59.888+0000] {dag.py:2907} INFO - Sync 1 DAGs
[2023-09-28T02:46:59.899+0000] {logging_mixin.py:151} INFO - [2023-09-28T02:46:59.899+0000] {dag.py:3677} INFO - Setting next_dagrun for example_branch_operator to 2023-09-27T00:00:00+00:00, run_after=2023-09-28T00:00:00+00:00
[2023-09-28T02:46:59.907+0000] {processor.py:179} INFO - Processing /home/airflow/.local/lib/python3.8/site-packages/airflow/example_dags/example_branch_operator.py took 0.040 seconds
[2023-09-28T04:11:00.621+0000] {processor.py:157} INFO - Started process (PID=53352) to work on /home/airflow/.local/lib/python3.8/site-packages/airflow/example_dags/example_branch_operator.py
[2023-09-28T04:11:00.622+0000] {processor.py:829} INFO - Processing file /home/airflow/.local/lib/python3.8/site-packages/airflow/example_dags/example_branch_operator.py for tasks to queue
[2023-09-28T04:11:00.623+0000] {logging_mixin.py:151} INFO - [2023-09-28T04:11:00.623+0000] {dagbag.py:539} INFO - Filling up the DagBag from /home/airflow/.local/lib/python3.8/site-packages/airflow/example_dags/example_branch_operator.py
[2023-09-28T04:11:00.628+0000] {processor.py:839} INFO - DAG(s) dict_keys(['example_branch_operator']) retrieved from /home/airflow/.local/lib/python3.8/site-packages/airflow/example_dags/example_branch_operator.py
[2023-09-28T04:11:00.641+0000] {logging_mixin.py:151} INFO - [2023-09-28T04:11:00.641+0000] {dag.py:2907} INFO - Sync 1 DAGs
[2023-09-28T04:11:00.651+0000] {logging_mixin.py:151} INFO - [2023-09-28T04:11:00.651+0000] {dag.py:3677} INFO - Setting next_dagrun for example_branch_operator to 2023-09-27T00:00:00+00:00, run_after=2023-09-28T00:00:00+00:00
[2023-09-28T04:11:00.658+0000] {processor.py:179} INFO - Processing /home/airflow/.local/lib/python3.8/site-packages/airflow/example_dags/example_branch_operator.py took 0.039 seconds
[2023-09-28T05:38:41.927+0000] {processor.py:157} INFO - Started process (PID=53401) to work on /home/airflow/.local/lib/python3.8/site-packages/airflow/example_dags/example_branch_operator.py
[2023-09-28T05:38:41.927+0000] {processor.py:829} INFO - Processing file /home/airflow/.local/lib/python3.8/site-packages/airflow/example_dags/example_branch_operator.py for tasks to queue
[2023-09-28T05:38:41.928+0000] {logging_mixin.py:151} INFO - [2023-09-28T05:38:41.928+0000] {dagbag.py:539} INFO - Filling up the DagBag from /home/airflow/.local/lib/python3.8/site-packages/airflow/example_dags/example_branch_operator.py
[2023-09-28T05:38:41.934+0000] {processor.py:839} INFO - DAG(s) dict_keys(['example_branch_operator']) retrieved from /home/airflow/.local/lib/python3.8/site-packages/airflow/example_dags/example_branch_operator.py
[2023-09-28T05:38:41.945+0000] {logging_mixin.py:151} INFO - [2023-09-28T05:38:41.945+0000] {dag.py:2907} INFO - Sync 1 DAGs
[2023-09-28T05:38:41.955+0000] {logging_mixin.py:151} INFO - [2023-09-28T05:38:41.955+0000] {dag.py:3677} INFO - Setting next_dagrun for example_branch_operator to 2023-09-27T00:00:00+00:00, run_after=2023-09-28T00:00:00+00:00
[2023-09-28T05:38:41.962+0000] {processor.py:179} INFO - Processing /home/airflow/.local/lib/python3.8/site-packages/airflow/example_dags/example_branch_operator.py took 0.038 seconds
[2023-09-28T07:02:02.324+0000] {processor.py:157} INFO - Started process (PID=53450) to work on /home/airflow/.local/lib/python3.8/site-packages/airflow/example_dags/example_branch_operator.py
[2023-09-28T07:02:02.335+0000] {processor.py:829} INFO - Processing file /home/airflow/.local/lib/python3.8/site-packages/airflow/example_dags/example_branch_operator.py for tasks to queue
[2023-09-28T07:02:02.338+0000] {logging_mixin.py:151} INFO - [2023-09-28T07:02:02.338+0000] {dagbag.py:539} INFO - Filling up the DagBag from /home/airflow/.local/lib/python3.8/site-packages/airflow/example_dags/example_branch_operator.py
[2023-09-28T07:02:02.360+0000] {processor.py:839} INFO - DAG(s) dict_keys(['example_branch_operator']) retrieved from /home/airflow/.local/lib/python3.8/site-packages/airflow/example_dags/example_branch_operator.py
[2023-09-28T07:02:02.394+0000] {logging_mixin.py:151} INFO - [2023-09-28T07:02:02.394+0000] {dag.py:2907} INFO - Sync 1 DAGs
[2023-09-28T07:02:02.436+0000] {logging_mixin.py:151} INFO - [2023-09-28T07:02:02.436+0000] {dag.py:3677} INFO - Setting next_dagrun for example_branch_operator to 2023-09-27T00:00:00+00:00, run_after=2023-09-28T00:00:00+00:00
[2023-09-28T07:02:02.466+0000] {processor.py:179} INFO - Processing /home/airflow/.local/lib/python3.8/site-packages/airflow/example_dags/example_branch_operator.py took 0.146 seconds
[2023-09-28T08:20:25.812+0000] {processor.py:157} INFO - Started process (PID=53499) to work on /home/airflow/.local/lib/python3.8/site-packages/airflow/example_dags/example_branch_operator.py
[2023-09-28T08:20:25.813+0000] {processor.py:829} INFO - Processing file /home/airflow/.local/lib/python3.8/site-packages/airflow/example_dags/example_branch_operator.py for tasks to queue
[2023-09-28T08:20:25.814+0000] {logging_mixin.py:151} INFO - [2023-09-28T08:20:25.814+0000] {dagbag.py:539} INFO - Filling up the DagBag from /home/airflow/.local/lib/python3.8/site-packages/airflow/example_dags/example_branch_operator.py
[2023-09-28T08:20:25.819+0000] {processor.py:839} INFO - DAG(s) dict_keys(['example_branch_operator']) retrieved from /home/airflow/.local/lib/python3.8/site-packages/airflow/example_dags/example_branch_operator.py
[2023-09-28T08:20:25.832+0000] {logging_mixin.py:151} INFO - [2023-09-28T08:20:25.832+0000] {dag.py:2907} INFO - Sync 1 DAGs
[2023-09-28T08:20:25.843+0000] {logging_mixin.py:151} INFO - [2023-09-28T08:20:25.843+0000] {dag.py:3677} INFO - Setting next_dagrun for example_branch_operator to 2023-09-27T00:00:00+00:00, run_after=2023-09-28T00:00:00+00:00
[2023-09-28T08:20:25.850+0000] {processor.py:179} INFO - Processing /home/airflow/.local/lib/python3.8/site-packages/airflow/example_dags/example_branch_operator.py took 0.039 seconds
[2023-09-28T09:43:20.789+0000] {processor.py:157} INFO - Started process (PID=53548) to work on /home/airflow/.local/lib/python3.8/site-packages/airflow/example_dags/example_branch_operator.py
[2023-09-28T09:43:20.789+0000] {processor.py:829} INFO - Processing file /home/airflow/.local/lib/python3.8/site-packages/airflow/example_dags/example_branch_operator.py for tasks to queue
[2023-09-28T09:43:20.790+0000] {logging_mixin.py:151} INFO - [2023-09-28T09:43:20.790+0000] {dagbag.py:539} INFO - Filling up the DagBag from /home/airflow/.local/lib/python3.8/site-packages/airflow/example_dags/example_branch_operator.py
[2023-09-28T09:43:20.796+0000] {processor.py:839} INFO - DAG(s) dict_keys(['example_branch_operator']) retrieved from /home/airflow/.local/lib/python3.8/site-packages/airflow/example_dags/example_branch_operator.py
[2023-09-28T09:43:20.807+0000] {logging_mixin.py:151} INFO - [2023-09-28T09:43:20.807+0000] {dag.py:2907} INFO - Sync 1 DAGs
[2023-09-28T09:43:20.822+0000] {logging_mixin.py:151} INFO - [2023-09-28T09:43:20.822+0000] {dag.py:3677} INFO - Setting next_dagrun for example_branch_operator to 2023-09-27T00:00:00+00:00, run_after=2023-09-28T00:00:00+00:00
[2023-09-28T09:43:20.830+0000] {processor.py:179} INFO - Processing /home/airflow/.local/lib/python3.8/site-packages/airflow/example_dags/example_branch_operator.py took 0.044 seconds
[2023-09-28T11:03:53.258+0000] {processor.py:157} INFO - Started process (PID=53597) to work on /home/airflow/.local/lib/python3.8/site-packages/airflow/example_dags/example_branch_operator.py
[2023-09-28T11:03:53.258+0000] {processor.py:829} INFO - Processing file /home/airflow/.local/lib/python3.8/site-packages/airflow/example_dags/example_branch_operator.py for tasks to queue
[2023-09-28T11:03:53.260+0000] {logging_mixin.py:151} INFO - [2023-09-28T11:03:53.259+0000] {dagbag.py:539} INFO - Filling up the DagBag from /home/airflow/.local/lib/python3.8/site-packages/airflow/example_dags/example_branch_operator.py
[2023-09-28T11:03:53.265+0000] {processor.py:839} INFO - DAG(s) dict_keys(['example_branch_operator']) retrieved from /home/airflow/.local/lib/python3.8/site-packages/airflow/example_dags/example_branch_operator.py
[2023-09-28T11:03:53.275+0000] {logging_mixin.py:151} INFO - [2023-09-28T11:03:53.275+0000] {dag.py:2907} INFO - Sync 1 DAGs
[2023-09-28T11:03:53.284+0000] {logging_mixin.py:151} INFO - [2023-09-28T11:03:53.284+0000] {dag.py:3677} INFO - Setting next_dagrun for example_branch_operator to 2023-09-27T00:00:00+00:00, run_after=2023-09-28T00:00:00+00:00
[2023-09-28T11:03:53.291+0000] {processor.py:179} INFO - Processing /home/airflow/.local/lib/python3.8/site-packages/airflow/example_dags/example_branch_operator.py took 0.035 seconds
[2023-09-28T12:27:11.920+0000] {processor.py:157} INFO - Started process (PID=53646) to work on /home/airflow/.local/lib/python3.8/site-packages/airflow/example_dags/example_branch_operator.py
[2023-09-28T12:27:11.921+0000] {processor.py:829} INFO - Processing file /home/airflow/.local/lib/python3.8/site-packages/airflow/example_dags/example_branch_operator.py for tasks to queue
[2023-09-28T12:27:11.922+0000] {logging_mixin.py:151} INFO - [2023-09-28T12:27:11.922+0000] {dagbag.py:539} INFO - Filling up the DagBag from /home/airflow/.local/lib/python3.8/site-packages/airflow/example_dags/example_branch_operator.py
[2023-09-28T12:27:11.927+0000] {processor.py:839} INFO - DAG(s) dict_keys(['example_branch_operator']) retrieved from /home/airflow/.local/lib/python3.8/site-packages/airflow/example_dags/example_branch_operator.py
[2023-09-28T12:27:11.938+0000] {logging_mixin.py:151} INFO - [2023-09-28T12:27:11.938+0000] {dag.py:2907} INFO - Sync 1 DAGs
[2023-09-28T12:27:11.949+0000] {logging_mixin.py:151} INFO - [2023-09-28T12:27:11.949+0000] {dag.py:3677} INFO - Setting next_dagrun for example_branch_operator to 2023-09-27T00:00:00+00:00, run_after=2023-09-28T00:00:00+00:00
[2023-09-28T12:27:11.956+0000] {processor.py:179} INFO - Processing /home/airflow/.local/lib/python3.8/site-packages/airflow/example_dags/example_branch_operator.py took 0.038 seconds
[2023-09-28T13:50:02.081+0000] {processor.py:157} INFO - Started process (PID=53695) to work on /home/airflow/.local/lib/python3.8/site-packages/airflow/example_dags/example_branch_operator.py
[2023-09-28T13:50:02.081+0000] {processor.py:829} INFO - Processing file /home/airflow/.local/lib/python3.8/site-packages/airflow/example_dags/example_branch_operator.py for tasks to queue
[2023-09-28T13:50:02.083+0000] {logging_mixin.py:151} INFO - [2023-09-28T13:50:02.083+0000] {dagbag.py:539} INFO - Filling up the DagBag from /home/airflow/.local/lib/python3.8/site-packages/airflow/example_dags/example_branch_operator.py
[2023-09-28T13:50:02.089+0000] {processor.py:839} INFO - DAG(s) dict_keys(['example_branch_operator']) retrieved from /home/airflow/.local/lib/python3.8/site-packages/airflow/example_dags/example_branch_operator.py
[2023-09-28T13:50:02.101+0000] {logging_mixin.py:151} INFO - [2023-09-28T13:50:02.101+0000] {dag.py:2907} INFO - Sync 1 DAGs
[2023-09-28T13:50:02.112+0000] {logging_mixin.py:151} INFO - [2023-09-28T13:50:02.112+0000] {dag.py:3677} INFO - Setting next_dagrun for example_branch_operator to 2023-09-27T00:00:00+00:00, run_after=2023-09-28T00:00:00+00:00
[2023-09-28T13:50:02.119+0000] {processor.py:179} INFO - Processing /home/airflow/.local/lib/python3.8/site-packages/airflow/example_dags/example_branch_operator.py took 0.041 seconds
[2023-09-28T15:11:33.729+0000] {processor.py:157} INFO - Started process (PID=53744) to work on /home/airflow/.local/lib/python3.8/site-packages/airflow/example_dags/example_branch_operator.py
[2023-09-28T15:11:33.729+0000] {processor.py:829} INFO - Processing file /home/airflow/.local/lib/python3.8/site-packages/airflow/example_dags/example_branch_operator.py for tasks to queue
[2023-09-28T15:11:33.730+0000] {logging_mixin.py:151} INFO - [2023-09-28T15:11:33.730+0000] {dagbag.py:539} INFO - Filling up the DagBag from /home/airflow/.local/lib/python3.8/site-packages/airflow/example_dags/example_branch_operator.py
[2023-09-28T15:11:33.735+0000] {processor.py:839} INFO - DAG(s) dict_keys(['example_branch_operator']) retrieved from /home/airflow/.local/lib/python3.8/site-packages/airflow/example_dags/example_branch_operator.py
[2023-09-28T15:11:33.746+0000] {logging_mixin.py:151} INFO - [2023-09-28T15:11:33.746+0000] {dag.py:2907} INFO - Sync 1 DAGs
[2023-09-28T15:11:33.756+0000] {logging_mixin.py:151} INFO - [2023-09-28T15:11:33.756+0000] {dag.py:3677} INFO - Setting next_dagrun for example_branch_operator to 2023-09-27T00:00:00+00:00, run_after=2023-09-28T00:00:00+00:00
[2023-09-28T15:11:33.764+0000] {processor.py:179} INFO - Processing /home/airflow/.local/lib/python3.8/site-packages/airflow/example_dags/example_branch_operator.py took 0.038 seconds
[2023-09-28T16:36:01.303+0000] {processor.py:157} INFO - Started process (PID=53793) to work on /home/airflow/.local/lib/python3.8/site-packages/airflow/example_dags/example_branch_operator.py
[2023-09-28T16:36:01.304+0000] {processor.py:829} INFO - Processing file /home/airflow/.local/lib/python3.8/site-packages/airflow/example_dags/example_branch_operator.py for tasks to queue
[2023-09-28T16:36:01.305+0000] {logging_mixin.py:151} INFO - [2023-09-28T16:36:01.305+0000] {dagbag.py:539} INFO - Filling up the DagBag from /home/airflow/.local/lib/python3.8/site-packages/airflow/example_dags/example_branch_operator.py
[2023-09-28T16:36:01.310+0000] {processor.py:839} INFO - DAG(s) dict_keys(['example_branch_operator']) retrieved from /home/airflow/.local/lib/python3.8/site-packages/airflow/example_dags/example_branch_operator.py
[2023-09-28T16:36:01.320+0000] {logging_mixin.py:151} INFO - [2023-09-28T16:36:01.320+0000] {dag.py:2907} INFO - Sync 1 DAGs
[2023-09-28T16:36:01.331+0000] {logging_mixin.py:151} INFO - [2023-09-28T16:36:01.330+0000] {dag.py:3677} INFO - Setting next_dagrun for example_branch_operator to 2023-09-27T00:00:00+00:00, run_after=2023-09-28T00:00:00+00:00
[2023-09-28T16:36:01.338+0000] {processor.py:179} INFO - Processing /home/airflow/.local/lib/python3.8/site-packages/airflow/example_dags/example_branch_operator.py took 0.036 seconds
[2023-09-28T17:56:10.870+0000] {processor.py:157} INFO - Started process (PID=53842) to work on /home/airflow/.local/lib/python3.8/site-packages/airflow/example_dags/example_branch_operator.py
[2023-09-28T17:56:10.875+0000] {processor.py:829} INFO - Processing file /home/airflow/.local/lib/python3.8/site-packages/airflow/example_dags/example_branch_operator.py for tasks to queue
[2023-09-28T17:56:10.877+0000] {logging_mixin.py:151} INFO - [2023-09-28T17:56:10.877+0000] {dagbag.py:539} INFO - Filling up the DagBag from /home/airflow/.local/lib/python3.8/site-packages/airflow/example_dags/example_branch_operator.py
[2023-09-28T17:56:10.887+0000] {processor.py:839} INFO - DAG(s) dict_keys(['example_branch_operator']) retrieved from /home/airflow/.local/lib/python3.8/site-packages/airflow/example_dags/example_branch_operator.py
[2023-09-28T17:56:10.916+0000] {logging_mixin.py:151} INFO - [2023-09-28T17:56:10.916+0000] {dag.py:2907} INFO - Sync 1 DAGs
[2023-09-28T17:56:10.941+0000] {logging_mixin.py:151} INFO - [2023-09-28T17:56:10.941+0000] {dag.py:3677} INFO - Setting next_dagrun for example_branch_operator to 2023-09-27T00:00:00+00:00, run_after=2023-09-28T00:00:00+00:00
[2023-09-28T17:56:10.965+0000] {processor.py:179} INFO - Processing /home/airflow/.local/lib/python3.8/site-packages/airflow/example_dags/example_branch_operator.py took 0.098 seconds
[2023-09-28T19:17:46.850+0000] {processor.py:157} INFO - Started process (PID=53891) to work on /home/airflow/.local/lib/python3.8/site-packages/airflow/example_dags/example_branch_operator.py
[2023-09-28T19:17:46.850+0000] {processor.py:829} INFO - Processing file /home/airflow/.local/lib/python3.8/site-packages/airflow/example_dags/example_branch_operator.py for tasks to queue
[2023-09-28T19:17:46.852+0000] {logging_mixin.py:151} INFO - [2023-09-28T19:17:46.851+0000] {dagbag.py:539} INFO - Filling up the DagBag from /home/airflow/.local/lib/python3.8/site-packages/airflow/example_dags/example_branch_operator.py
[2023-09-28T19:17:46.857+0000] {processor.py:839} INFO - DAG(s) dict_keys(['example_branch_operator']) retrieved from /home/airflow/.local/lib/python3.8/site-packages/airflow/example_dags/example_branch_operator.py
[2023-09-28T19:17:46.867+0000] {logging_mixin.py:151} INFO - [2023-09-28T19:17:46.867+0000] {dag.py:2907} INFO - Sync 1 DAGs
[2023-09-28T19:17:46.877+0000] {logging_mixin.py:151} INFO - [2023-09-28T19:17:46.877+0000] {dag.py:3677} INFO - Setting next_dagrun for example_branch_operator to 2023-09-27T00:00:00+00:00, run_after=2023-09-28T00:00:00+00:00
[2023-09-28T19:17:46.884+0000] {processor.py:179} INFO - Processing /home/airflow/.local/lib/python3.8/site-packages/airflow/example_dags/example_branch_operator.py took 0.036 seconds
[2023-09-28T20:41:32.344+0000] {processor.py:157} INFO - Started process (PID=53940) to work on /home/airflow/.local/lib/python3.8/site-packages/airflow/example_dags/example_branch_operator.py
[2023-09-28T20:41:32.352+0000] {processor.py:829} INFO - Processing file /home/airflow/.local/lib/python3.8/site-packages/airflow/example_dags/example_branch_operator.py for tasks to queue
[2023-09-28T20:41:32.355+0000] {logging_mixin.py:151} INFO - [2023-09-28T20:41:32.354+0000] {dagbag.py:539} INFO - Filling up the DagBag from /home/airflow/.local/lib/python3.8/site-packages/airflow/example_dags/example_branch_operator.py
[2023-09-28T20:41:32.367+0000] {processor.py:839} INFO - DAG(s) dict_keys(['example_branch_operator']) retrieved from /home/airflow/.local/lib/python3.8/site-packages/airflow/example_dags/example_branch_operator.py
[2023-09-28T20:41:32.401+0000] {logging_mixin.py:151} INFO - [2023-09-28T20:41:32.401+0000] {dag.py:2907} INFO - Sync 1 DAGs
[2023-09-28T20:41:32.428+0000] {logging_mixin.py:151} INFO - [2023-09-28T20:41:32.428+0000] {dag.py:3677} INFO - Setting next_dagrun for example_branch_operator to 2023-09-27T00:00:00+00:00, run_after=2023-09-28T00:00:00+00:00
[2023-09-28T20:41:32.442+0000] {processor.py:179} INFO - Processing /home/airflow/.local/lib/python3.8/site-packages/airflow/example_dags/example_branch_operator.py took 0.109 seconds
[2023-09-28T22:06:01.728+0000] {processor.py:157} INFO - Started process (PID=53989) to work on /home/airflow/.local/lib/python3.8/site-packages/airflow/example_dags/example_branch_operator.py
[2023-09-28T22:06:01.729+0000] {processor.py:829} INFO - Processing file /home/airflow/.local/lib/python3.8/site-packages/airflow/example_dags/example_branch_operator.py for tasks to queue
[2023-09-28T22:06:01.730+0000] {logging_mixin.py:151} INFO - [2023-09-28T22:06:01.730+0000] {dagbag.py:539} INFO - Filling up the DagBag from /home/airflow/.local/lib/python3.8/site-packages/airflow/example_dags/example_branch_operator.py
[2023-09-28T22:06:01.735+0000] {processor.py:839} INFO - DAG(s) dict_keys(['example_branch_operator']) retrieved from /home/airflow/.local/lib/python3.8/site-packages/airflow/example_dags/example_branch_operator.py
[2023-09-28T22:06:01.746+0000] {logging_mixin.py:151} INFO - [2023-09-28T22:06:01.746+0000] {dag.py:2907} INFO - Sync 1 DAGs
[2023-09-28T22:06:01.757+0000] {logging_mixin.py:151} INFO - [2023-09-28T22:06:01.757+0000] {dag.py:3677} INFO - Setting next_dagrun for example_branch_operator to 2023-09-27T00:00:00+00:00, run_after=2023-09-28T00:00:00+00:00
[2023-09-28T22:06:01.764+0000] {processor.py:179} INFO - Processing /home/airflow/.local/lib/python3.8/site-packages/airflow/example_dags/example_branch_operator.py took 0.038 seconds
[2023-09-28T23:26:45.171+0000] {processor.py:157} INFO - Started process (PID=54038) to work on /home/airflow/.local/lib/python3.8/site-packages/airflow/example_dags/example_branch_operator.py
[2023-09-28T23:26:45.171+0000] {processor.py:829} INFO - Processing file /home/airflow/.local/lib/python3.8/site-packages/airflow/example_dags/example_branch_operator.py for tasks to queue
[2023-09-28T23:26:45.172+0000] {logging_mixin.py:151} INFO - [2023-09-28T23:26:45.172+0000] {dagbag.py:539} INFO - Filling up the DagBag from /home/airflow/.local/lib/python3.8/site-packages/airflow/example_dags/example_branch_operator.py
[2023-09-28T23:26:45.178+0000] {processor.py:839} INFO - DAG(s) dict_keys(['example_branch_operator']) retrieved from /home/airflow/.local/lib/python3.8/site-packages/airflow/example_dags/example_branch_operator.py
[2023-09-28T23:26:45.190+0000] {logging_mixin.py:151} INFO - [2023-09-28T23:26:45.190+0000] {dag.py:2907} INFO - Sync 1 DAGs
[2023-09-28T23:26:45.203+0000] {logging_mixin.py:151} INFO - [2023-09-28T23:26:45.203+0000] {dag.py:3677} INFO - Setting next_dagrun for example_branch_operator to 2023-09-27T00:00:00+00:00, run_after=2023-09-28T00:00:00+00:00
[2023-09-28T23:26:45.210+0000] {processor.py:179} INFO - Processing /home/airflow/.local/lib/python3.8/site-packages/airflow/example_dags/example_branch_operator.py took 0.041 seconds
