[2023-09-28T00:01:26.736+0000] {processor.py:157} INFO - Started process (PID=53208) to work on /home/airflow/.local/lib/python3.8/site-packages/airflow/example_dags/example_params_ui_tutorial.py
[2023-09-28T00:01:26.737+0000] {processor.py:829} INFO - Processing file /home/airflow/.local/lib/python3.8/site-packages/airflow/example_dags/example_params_ui_tutorial.py for tasks to queue
[2023-09-28T00:01:26.738+0000] {logging_mixin.py:151} INFO - [2023-09-28T00:01:26.738+0000] {dagbag.py:539} INFO - Filling up the DagBag from /home/airflow/.local/lib/python3.8/site-packages/airflow/example_dags/example_params_ui_tutorial.py
[2023-09-28T00:01:26.757+0000] {processor.py:839} INFO - DAG(s) dict_keys(['example_params_ui_tutorial']) retrieved from /home/airflow/.local/lib/python3.8/site-packages/airflow/example_dags/example_params_ui_tutorial.py
[2023-09-28T00:01:26.822+0000] {logging_mixin.py:151} INFO - [2023-09-28T00:01:26.822+0000] {dag.py:2907} INFO - Sync 1 DAGs
[2023-09-28T00:01:26.826+0000] {logging_mixin.py:151} INFO - [2023-09-28T00:01:26.826+0000] {dag.py:3677} INFO - Setting next_dagrun for example_params_ui_tutorial to None, run_after=None
[2023-09-28T00:01:26.835+0000] {processor.py:179} INFO - Processing /home/airflow/.local/lib/python3.8/site-packages/airflow/example_dags/example_params_ui_tutorial.py took 0.101 seconds
[2023-09-28T01:23:47.614+0000] {processor.py:157} INFO - Started process (PID=53257) to work on /home/airflow/.local/lib/python3.8/site-packages/airflow/example_dags/example_params_ui_tutorial.py
[2023-09-28T01:23:47.615+0000] {processor.py:829} INFO - Processing file /home/airflow/.local/lib/python3.8/site-packages/airflow/example_dags/example_params_ui_tutorial.py for tasks to queue
[2023-09-28T01:23:47.616+0000] {logging_mixin.py:151} INFO - [2023-09-28T01:23:47.616+0000] {dagbag.py:539} INFO - Filling up the DagBag from /home/airflow/.local/lib/python3.8/site-packages/airflow/example_dags/example_params_ui_tutorial.py
[2023-09-28T01:23:47.633+0000] {processor.py:839} INFO - DAG(s) dict_keys(['example_params_ui_tutorial']) retrieved from /home/airflow/.local/lib/python3.8/site-packages/airflow/example_dags/example_params_ui_tutorial.py
[2023-09-28T01:23:47.657+0000] {logging_mixin.py:151} INFO - [2023-09-28T01:23:47.656+0000] {dag.py:2907} INFO - Sync 1 DAGs
[2023-09-28T01:23:47.663+0000] {logging_mixin.py:151} INFO - [2023-09-28T01:23:47.662+0000] {dag.py:3677} INFO - Setting next_dagrun for example_params_ui_tutorial to None, run_after=None
[2023-09-28T01:23:47.670+0000] {processor.py:179} INFO - Processing /home/airflow/.local/lib/python3.8/site-packages/airflow/example_dags/example_params_ui_tutorial.py took 0.058 seconds
[2023-09-28T02:46:59.964+0000] {processor.py:157} INFO - Started process (PID=53306) to work on /home/airflow/.local/lib/python3.8/site-packages/airflow/example_dags/example_params_ui_tutorial.py
[2023-09-28T02:46:59.966+0000] {processor.py:829} INFO - Processing file /home/airflow/.local/lib/python3.8/site-packages/airflow/example_dags/example_params_ui_tutorial.py for tasks to queue
[2023-09-28T02:46:59.967+0000] {logging_mixin.py:151} INFO - [2023-09-28T02:46:59.967+0000] {dagbag.py:539} INFO - Filling up the DagBag from /home/airflow/.local/lib/python3.8/site-packages/airflow/example_dags/example_params_ui_tutorial.py
[2023-09-28T02:46:59.985+0000] {processor.py:839} INFO - DAG(s) dict_keys(['example_params_ui_tutorial']) retrieved from /home/airflow/.local/lib/python3.8/site-packages/airflow/example_dags/example_params_ui_tutorial.py
[2023-09-28T02:47:00.007+0000] {logging_mixin.py:151} INFO - [2023-09-28T02:47:00.007+0000] {dag.py:2907} INFO - Sync 1 DAGs
[2023-09-28T02:47:00.014+0000] {logging_mixin.py:151} INFO - [2023-09-28T02:47:00.014+0000] {dag.py:3677} INFO - Setting next_dagrun for example_params_ui_tutorial to None, run_after=None
[2023-09-28T02:47:00.021+0000] {processor.py:179} INFO - Processing /home/airflow/.local/lib/python3.8/site-packages/airflow/example_dags/example_params_ui_tutorial.py took 0.060 seconds
[2023-09-28T04:11:00.710+0000] {processor.py:157} INFO - Started process (PID=53355) to work on /home/airflow/.local/lib/python3.8/site-packages/airflow/example_dags/example_params_ui_tutorial.py
[2023-09-28T04:11:00.710+0000] {processor.py:829} INFO - Processing file /home/airflow/.local/lib/python3.8/site-packages/airflow/example_dags/example_params_ui_tutorial.py for tasks to queue
[2023-09-28T04:11:00.711+0000] {logging_mixin.py:151} INFO - [2023-09-28T04:11:00.711+0000] {dagbag.py:539} INFO - Filling up the DagBag from /home/airflow/.local/lib/python3.8/site-packages/airflow/example_dags/example_params_ui_tutorial.py
[2023-09-28T04:11:00.736+0000] {processor.py:839} INFO - DAG(s) dict_keys(['example_params_ui_tutorial']) retrieved from /home/airflow/.local/lib/python3.8/site-packages/airflow/example_dags/example_params_ui_tutorial.py
[2023-09-28T04:11:00.783+0000] {logging_mixin.py:151} INFO - [2023-09-28T04:11:00.783+0000] {dag.py:2907} INFO - Sync 1 DAGs
[2023-09-28T04:11:00.797+0000] {logging_mixin.py:151} INFO - [2023-09-28T04:11:00.796+0000] {dag.py:3677} INFO - Setting next_dagrun for example_params_ui_tutorial to None, run_after=None
[2023-09-28T04:11:00.815+0000] {processor.py:179} INFO - Processing /home/airflow/.local/lib/python3.8/site-packages/airflow/example_dags/example_params_ui_tutorial.py took 0.107 seconds
[2023-09-28T05:38:42.002+0000] {processor.py:157} INFO - Started process (PID=53404) to work on /home/airflow/.local/lib/python3.8/site-packages/airflow/example_dags/example_params_ui_tutorial.py
[2023-09-28T05:38:42.003+0000] {processor.py:829} INFO - Processing file /home/airflow/.local/lib/python3.8/site-packages/airflow/example_dags/example_params_ui_tutorial.py for tasks to queue
[2023-09-28T05:38:42.004+0000] {logging_mixin.py:151} INFO - [2023-09-28T05:38:42.004+0000] {dagbag.py:539} INFO - Filling up the DagBag from /home/airflow/.local/lib/python3.8/site-packages/airflow/example_dags/example_params_ui_tutorial.py
[2023-09-28T05:38:42.022+0000] {processor.py:839} INFO - DAG(s) dict_keys(['example_params_ui_tutorial']) retrieved from /home/airflow/.local/lib/python3.8/site-packages/airflow/example_dags/example_params_ui_tutorial.py
[2023-09-28T05:38:42.049+0000] {logging_mixin.py:151} INFO - [2023-09-28T05:38:42.049+0000] {dag.py:2907} INFO - Sync 1 DAGs
[2023-09-28T05:38:42.055+0000] {logging_mixin.py:151} INFO - [2023-09-28T05:38:42.055+0000] {dag.py:3677} INFO - Setting next_dagrun for example_params_ui_tutorial to None, run_after=None
[2023-09-28T05:38:42.064+0000] {processor.py:179} INFO - Processing /home/airflow/.local/lib/python3.8/site-packages/airflow/example_dags/example_params_ui_tutorial.py took 0.065 seconds
[2023-09-28T07:02:02.541+0000] {processor.py:157} INFO - Started process (PID=53453) to work on /home/airflow/.local/lib/python3.8/site-packages/airflow/example_dags/example_params_ui_tutorial.py
[2023-09-28T07:02:02.545+0000] {processor.py:829} INFO - Processing file /home/airflow/.local/lib/python3.8/site-packages/airflow/example_dags/example_params_ui_tutorial.py for tasks to queue
[2023-09-28T07:02:02.551+0000] {logging_mixin.py:151} INFO - [2023-09-28T07:02:02.551+0000] {dagbag.py:539} INFO - Filling up the DagBag from /home/airflow/.local/lib/python3.8/site-packages/airflow/example_dags/example_params_ui_tutorial.py
[2023-09-28T07:02:02.588+0000] {processor.py:839} INFO - DAG(s) dict_keys(['example_params_ui_tutorial']) retrieved from /home/airflow/.local/lib/python3.8/site-packages/airflow/example_dags/example_params_ui_tutorial.py
[2023-09-28T07:02:02.616+0000] {logging_mixin.py:151} INFO - [2023-09-28T07:02:02.615+0000] {dag.py:2907} INFO - Sync 1 DAGs
[2023-09-28T07:02:02.622+0000] {logging_mixin.py:151} INFO - [2023-09-28T07:02:02.622+0000] {dag.py:3677} INFO - Setting next_dagrun for example_params_ui_tutorial to None, run_after=None
[2023-09-28T07:02:02.629+0000] {processor.py:179} INFO - Processing /home/airflow/.local/lib/python3.8/site-packages/airflow/example_dags/example_params_ui_tutorial.py took 0.092 seconds
[2023-09-28T08:20:25.874+0000] {processor.py:157} INFO - Started process (PID=53502) to work on /home/airflow/.local/lib/python3.8/site-packages/airflow/example_dags/example_params_ui_tutorial.py
[2023-09-28T08:20:25.874+0000] {processor.py:829} INFO - Processing file /home/airflow/.local/lib/python3.8/site-packages/airflow/example_dags/example_params_ui_tutorial.py for tasks to queue
[2023-09-28T08:20:25.875+0000] {logging_mixin.py:151} INFO - [2023-09-28T08:20:25.875+0000] {dagbag.py:539} INFO - Filling up the DagBag from /home/airflow/.local/lib/python3.8/site-packages/airflow/example_dags/example_params_ui_tutorial.py
[2023-09-28T08:20:25.893+0000] {processor.py:839} INFO - DAG(s) dict_keys(['example_params_ui_tutorial']) retrieved from /home/airflow/.local/lib/python3.8/site-packages/airflow/example_dags/example_params_ui_tutorial.py
[2023-09-28T08:20:25.915+0000] {logging_mixin.py:151} INFO - [2023-09-28T08:20:25.915+0000] {dag.py:2907} INFO - Sync 1 DAGs
[2023-09-28T08:20:25.921+0000] {logging_mixin.py:151} INFO - [2023-09-28T08:20:25.921+0000] {dag.py:3677} INFO - Setting next_dagrun for example_params_ui_tutorial to None, run_after=None
[2023-09-28T08:20:25.928+0000] {processor.py:179} INFO - Processing /home/airflow/.local/lib/python3.8/site-packages/airflow/example_dags/example_params_ui_tutorial.py took 0.056 seconds
[2023-09-28T09:43:20.853+0000] {processor.py:157} INFO - Started process (PID=53551) to work on /home/airflow/.local/lib/python3.8/site-packages/airflow/example_dags/example_params_ui_tutorial.py
[2023-09-28T09:43:20.854+0000] {processor.py:829} INFO - Processing file /home/airflow/.local/lib/python3.8/site-packages/airflow/example_dags/example_params_ui_tutorial.py for tasks to queue
[2023-09-28T09:43:20.855+0000] {logging_mixin.py:151} INFO - [2023-09-28T09:43:20.855+0000] {dagbag.py:539} INFO - Filling up the DagBag from /home/airflow/.local/lib/python3.8/site-packages/airflow/example_dags/example_params_ui_tutorial.py
[2023-09-28T09:43:20.872+0000] {processor.py:839} INFO - DAG(s) dict_keys(['example_params_ui_tutorial']) retrieved from /home/airflow/.local/lib/python3.8/site-packages/airflow/example_dags/example_params_ui_tutorial.py
[2023-09-28T09:43:20.895+0000] {logging_mixin.py:151} INFO - [2023-09-28T09:43:20.895+0000] {dag.py:2907} INFO - Sync 1 DAGs
[2023-09-28T09:43:20.901+0000] {logging_mixin.py:151} INFO - [2023-09-28T09:43:20.901+0000] {dag.py:3677} INFO - Setting next_dagrun for example_params_ui_tutorial to None, run_after=None
[2023-09-28T09:43:20.908+0000] {processor.py:179} INFO - Processing /home/airflow/.local/lib/python3.8/site-packages/airflow/example_dags/example_params_ui_tutorial.py took 0.057 seconds
[2023-09-28T11:03:53.345+0000] {processor.py:157} INFO - Started process (PID=53600) to work on /home/airflow/.local/lib/python3.8/site-packages/airflow/example_dags/example_params_ui_tutorial.py
[2023-09-28T11:03:53.345+0000] {processor.py:829} INFO - Processing file /home/airflow/.local/lib/python3.8/site-packages/airflow/example_dags/example_params_ui_tutorial.py for tasks to queue
[2023-09-28T11:03:53.346+0000] {logging_mixin.py:151} INFO - [2023-09-28T11:03:53.346+0000] {dagbag.py:539} INFO - Filling up the DagBag from /home/airflow/.local/lib/python3.8/site-packages/airflow/example_dags/example_params_ui_tutorial.py
[2023-09-28T11:03:53.363+0000] {processor.py:839} INFO - DAG(s) dict_keys(['example_params_ui_tutorial']) retrieved from /home/airflow/.local/lib/python3.8/site-packages/airflow/example_dags/example_params_ui_tutorial.py
[2023-09-28T11:03:53.385+0000] {logging_mixin.py:151} INFO - [2023-09-28T11:03:53.385+0000] {dag.py:2907} INFO - Sync 1 DAGs
[2023-09-28T11:03:53.390+0000] {logging_mixin.py:151} INFO - [2023-09-28T11:03:53.390+0000] {dag.py:3677} INFO - Setting next_dagrun for example_params_ui_tutorial to None, run_after=None
[2023-09-28T11:03:53.397+0000] {processor.py:179} INFO - Processing /home/airflow/.local/lib/python3.8/site-packages/airflow/example_dags/example_params_ui_tutorial.py took 0.055 seconds
[2023-09-28T12:27:11.978+0000] {processor.py:157} INFO - Started process (PID=53649) to work on /home/airflow/.local/lib/python3.8/site-packages/airflow/example_dags/example_params_ui_tutorial.py
[2023-09-28T12:27:11.979+0000] {processor.py:829} INFO - Processing file /home/airflow/.local/lib/python3.8/site-packages/airflow/example_dags/example_params_ui_tutorial.py for tasks to queue
[2023-09-28T12:27:11.980+0000] {logging_mixin.py:151} INFO - [2023-09-28T12:27:11.980+0000] {dagbag.py:539} INFO - Filling up the DagBag from /home/airflow/.local/lib/python3.8/site-packages/airflow/example_dags/example_params_ui_tutorial.py
[2023-09-28T12:27:11.997+0000] {processor.py:839} INFO - DAG(s) dict_keys(['example_params_ui_tutorial']) retrieved from /home/airflow/.local/lib/python3.8/site-packages/airflow/example_dags/example_params_ui_tutorial.py
[2023-09-28T12:27:12.020+0000] {logging_mixin.py:151} INFO - [2023-09-28T12:27:12.020+0000] {dag.py:2907} INFO - Sync 1 DAGs
[2023-09-28T12:27:12.026+0000] {logging_mixin.py:151} INFO - [2023-09-28T12:27:12.026+0000] {dag.py:3677} INFO - Setting next_dagrun for example_params_ui_tutorial to None, run_after=None
[2023-09-28T12:27:12.033+0000] {processor.py:179} INFO - Processing /home/airflow/.local/lib/python3.8/site-packages/airflow/example_dags/example_params_ui_tutorial.py took 0.057 seconds
[2023-09-28T13:50:02.166+0000] {processor.py:157} INFO - Started process (PID=53698) to work on /home/airflow/.local/lib/python3.8/site-packages/airflow/example_dags/example_params_ui_tutorial.py
[2023-09-28T13:50:02.166+0000] {processor.py:829} INFO - Processing file /home/airflow/.local/lib/python3.8/site-packages/airflow/example_dags/example_params_ui_tutorial.py for tasks to queue
[2023-09-28T13:50:02.168+0000] {logging_mixin.py:151} INFO - [2023-09-28T13:50:02.168+0000] {dagbag.py:539} INFO - Filling up the DagBag from /home/airflow/.local/lib/python3.8/site-packages/airflow/example_dags/example_params_ui_tutorial.py
[2023-09-28T13:50:02.186+0000] {processor.py:839} INFO - DAG(s) dict_keys(['example_params_ui_tutorial']) retrieved from /home/airflow/.local/lib/python3.8/site-packages/airflow/example_dags/example_params_ui_tutorial.py
[2023-09-28T13:50:02.210+0000] {logging_mixin.py:151} INFO - [2023-09-28T13:50:02.209+0000] {dag.py:2907} INFO - Sync 1 DAGs
[2023-09-28T13:50:02.217+0000] {logging_mixin.py:151} INFO - [2023-09-28T13:50:02.217+0000] {dag.py:3677} INFO - Setting next_dagrun for example_params_ui_tutorial to None, run_after=None
[2023-09-28T13:50:02.228+0000] {processor.py:179} INFO - Processing /home/airflow/.local/lib/python3.8/site-packages/airflow/example_dags/example_params_ui_tutorial.py took 0.064 seconds
[2023-09-28T15:11:33.812+0000] {processor.py:157} INFO - Started process (PID=53747) to work on /home/airflow/.local/lib/python3.8/site-packages/airflow/example_dags/example_params_ui_tutorial.py
[2023-09-28T15:11:33.813+0000] {processor.py:829} INFO - Processing file /home/airflow/.local/lib/python3.8/site-packages/airflow/example_dags/example_params_ui_tutorial.py for tasks to queue
[2023-09-28T15:11:33.814+0000] {logging_mixin.py:151} INFO - [2023-09-28T15:11:33.814+0000] {dagbag.py:539} INFO - Filling up the DagBag from /home/airflow/.local/lib/python3.8/site-packages/airflow/example_dags/example_params_ui_tutorial.py
[2023-09-28T15:11:33.831+0000] {processor.py:839} INFO - DAG(s) dict_keys(['example_params_ui_tutorial']) retrieved from /home/airflow/.local/lib/python3.8/site-packages/airflow/example_dags/example_params_ui_tutorial.py
[2023-09-28T15:11:33.853+0000] {logging_mixin.py:151} INFO - [2023-09-28T15:11:33.853+0000] {dag.py:2907} INFO - Sync 1 DAGs
[2023-09-28T15:11:33.859+0000] {logging_mixin.py:151} INFO - [2023-09-28T15:11:33.859+0000] {dag.py:3677} INFO - Setting next_dagrun for example_params_ui_tutorial to None, run_after=None
[2023-09-28T15:11:33.866+0000] {processor.py:179} INFO - Processing /home/airflow/.local/lib/python3.8/site-packages/airflow/example_dags/example_params_ui_tutorial.py took 0.056 seconds
[2023-09-28T16:36:01.395+0000] {processor.py:157} INFO - Started process (PID=53796) to work on /home/airflow/.local/lib/python3.8/site-packages/airflow/example_dags/example_params_ui_tutorial.py
[2023-09-28T16:36:01.396+0000] {processor.py:829} INFO - Processing file /home/airflow/.local/lib/python3.8/site-packages/airflow/example_dags/example_params_ui_tutorial.py for tasks to queue
[2023-09-28T16:36:01.397+0000] {logging_mixin.py:151} INFO - [2023-09-28T16:36:01.397+0000] {dagbag.py:539} INFO - Filling up the DagBag from /home/airflow/.local/lib/python3.8/site-packages/airflow/example_dags/example_params_ui_tutorial.py
[2023-09-28T16:36:01.415+0000] {processor.py:839} INFO - DAG(s) dict_keys(['example_params_ui_tutorial']) retrieved from /home/airflow/.local/lib/python3.8/site-packages/airflow/example_dags/example_params_ui_tutorial.py
[2023-09-28T16:36:01.436+0000] {logging_mixin.py:151} INFO - [2023-09-28T16:36:01.436+0000] {dag.py:2907} INFO - Sync 1 DAGs
[2023-09-28T16:36:01.442+0000] {logging_mixin.py:151} INFO - [2023-09-28T16:36:01.441+0000] {dag.py:3677} INFO - Setting next_dagrun for example_params_ui_tutorial to None, run_after=None
[2023-09-28T16:36:01.448+0000] {processor.py:179} INFO - Processing /home/airflow/.local/lib/python3.8/site-packages/airflow/example_dags/example_params_ui_tutorial.py took 0.055 seconds
[2023-09-28T17:56:11.057+0000] {processor.py:157} INFO - Started process (PID=53845) to work on /home/airflow/.local/lib/python3.8/site-packages/airflow/example_dags/example_params_ui_tutorial.py
[2023-09-28T17:56:11.070+0000] {processor.py:829} INFO - Processing file /home/airflow/.local/lib/python3.8/site-packages/airflow/example_dags/example_params_ui_tutorial.py for tasks to queue
[2023-09-28T17:56:11.074+0000] {logging_mixin.py:151} INFO - [2023-09-28T17:56:11.074+0000] {dagbag.py:539} INFO - Filling up the DagBag from /home/airflow/.local/lib/python3.8/site-packages/airflow/example_dags/example_params_ui_tutorial.py
[2023-09-28T17:56:11.106+0000] {processor.py:839} INFO - DAG(s) dict_keys(['example_params_ui_tutorial']) retrieved from /home/airflow/.local/lib/python3.8/site-packages/airflow/example_dags/example_params_ui_tutorial.py
[2023-09-28T17:56:11.152+0000] {logging_mixin.py:151} INFO - [2023-09-28T17:56:11.152+0000] {dag.py:2907} INFO - Sync 1 DAGs
[2023-09-28T17:56:11.163+0000] {logging_mixin.py:151} INFO - [2023-09-28T17:56:11.163+0000] {dag.py:3677} INFO - Setting next_dagrun for example_params_ui_tutorial to None, run_after=None
[2023-09-28T17:56:11.188+0000] {processor.py:179} INFO - Processing /home/airflow/.local/lib/python3.8/site-packages/airflow/example_dags/example_params_ui_tutorial.py took 0.134 seconds
[2023-09-28T19:17:46.932+0000] {processor.py:157} INFO - Started process (PID=53894) to work on /home/airflow/.local/lib/python3.8/site-packages/airflow/example_dags/example_params_ui_tutorial.py
[2023-09-28T19:17:46.933+0000] {processor.py:829} INFO - Processing file /home/airflow/.local/lib/python3.8/site-packages/airflow/example_dags/example_params_ui_tutorial.py for tasks to queue
[2023-09-28T19:17:46.934+0000] {logging_mixin.py:151} INFO - [2023-09-28T19:17:46.934+0000] {dagbag.py:539} INFO - Filling up the DagBag from /home/airflow/.local/lib/python3.8/site-packages/airflow/example_dags/example_params_ui_tutorial.py
[2023-09-28T19:17:46.951+0000] {processor.py:839} INFO - DAG(s) dict_keys(['example_params_ui_tutorial']) retrieved from /home/airflow/.local/lib/python3.8/site-packages/airflow/example_dags/example_params_ui_tutorial.py
[2023-09-28T19:17:46.973+0000] {logging_mixin.py:151} INFO - [2023-09-28T19:17:46.973+0000] {dag.py:2907} INFO - Sync 1 DAGs
[2023-09-28T19:17:46.978+0000] {logging_mixin.py:151} INFO - [2023-09-28T19:17:46.978+0000] {dag.py:3677} INFO - Setting next_dagrun for example_params_ui_tutorial to None, run_after=None
[2023-09-28T19:17:46.986+0000] {processor.py:179} INFO - Processing /home/airflow/.local/lib/python3.8/site-packages/airflow/example_dags/example_params_ui_tutorial.py took 0.056 seconds
[2023-09-28T20:41:32.639+0000] {processor.py:157} INFO - Started process (PID=53943) to work on /home/airflow/.local/lib/python3.8/site-packages/airflow/example_dags/example_params_ui_tutorial.py
[2023-09-28T20:41:32.641+0000] {processor.py:829} INFO - Processing file /home/airflow/.local/lib/python3.8/site-packages/airflow/example_dags/example_params_ui_tutorial.py for tasks to queue
[2023-09-28T20:41:32.651+0000] {logging_mixin.py:151} INFO - [2023-09-28T20:41:32.651+0000] {dagbag.py:539} INFO - Filling up the DagBag from /home/airflow/.local/lib/python3.8/site-packages/airflow/example_dags/example_params_ui_tutorial.py
[2023-09-28T20:41:32.681+0000] {processor.py:839} INFO - DAG(s) dict_keys(['example_params_ui_tutorial']) retrieved from /home/airflow/.local/lib/python3.8/site-packages/airflow/example_dags/example_params_ui_tutorial.py
[2023-09-28T20:41:32.705+0000] {logging_mixin.py:151} INFO - [2023-09-28T20:41:32.705+0000] {dag.py:2907} INFO - Sync 1 DAGs
[2023-09-28T20:41:32.712+0000] {logging_mixin.py:151} INFO - [2023-09-28T20:41:32.712+0000] {dag.py:3677} INFO - Setting next_dagrun for example_params_ui_tutorial to None, run_after=None
[2023-09-28T20:41:32.720+0000] {processor.py:179} INFO - Processing /home/airflow/.local/lib/python3.8/site-packages/airflow/example_dags/example_params_ui_tutorial.py took 0.085 seconds
[2023-09-28T22:06:01.785+0000] {processor.py:157} INFO - Started process (PID=53992) to work on /home/airflow/.local/lib/python3.8/site-packages/airflow/example_dags/example_params_ui_tutorial.py
[2023-09-28T22:06:01.785+0000] {processor.py:829} INFO - Processing file /home/airflow/.local/lib/python3.8/site-packages/airflow/example_dags/example_params_ui_tutorial.py for tasks to queue
[2023-09-28T22:06:01.786+0000] {logging_mixin.py:151} INFO - [2023-09-28T22:06:01.786+0000] {dagbag.py:539} INFO - Filling up the DagBag from /home/airflow/.local/lib/python3.8/site-packages/airflow/example_dags/example_params_ui_tutorial.py
[2023-09-28T22:06:01.803+0000] {processor.py:839} INFO - DAG(s) dict_keys(['example_params_ui_tutorial']) retrieved from /home/airflow/.local/lib/python3.8/site-packages/airflow/example_dags/example_params_ui_tutorial.py
[2023-09-28T22:06:01.826+0000] {logging_mixin.py:151} INFO - [2023-09-28T22:06:01.826+0000] {dag.py:2907} INFO - Sync 1 DAGs
[2023-09-28T22:06:01.832+0000] {logging_mixin.py:151} INFO - [2023-09-28T22:06:01.832+0000] {dag.py:3677} INFO - Setting next_dagrun for example_params_ui_tutorial to None, run_after=None
[2023-09-28T22:06:01.839+0000] {processor.py:179} INFO - Processing /home/airflow/.local/lib/python3.8/site-packages/airflow/example_dags/example_params_ui_tutorial.py took 0.056 seconds
[2023-09-28T23:26:45.261+0000] {processor.py:157} INFO - Started process (PID=54041) to work on /home/airflow/.local/lib/python3.8/site-packages/airflow/example_dags/example_params_ui_tutorial.py
[2023-09-28T23:26:45.261+0000] {processor.py:829} INFO - Processing file /home/airflow/.local/lib/python3.8/site-packages/airflow/example_dags/example_params_ui_tutorial.py for tasks to queue
[2023-09-28T23:26:45.262+0000] {logging_mixin.py:151} INFO - [2023-09-28T23:26:45.262+0000] {dagbag.py:539} INFO - Filling up the DagBag from /home/airflow/.local/lib/python3.8/site-packages/airflow/example_dags/example_params_ui_tutorial.py
[2023-09-28T23:26:45.280+0000] {processor.py:839} INFO - DAG(s) dict_keys(['example_params_ui_tutorial']) retrieved from /home/airflow/.local/lib/python3.8/site-packages/airflow/example_dags/example_params_ui_tutorial.py
[2023-09-28T23:26:45.302+0000] {logging_mixin.py:151} INFO - [2023-09-28T23:26:45.302+0000] {dag.py:2907} INFO - Sync 1 DAGs
[2023-09-28T23:26:45.308+0000] {logging_mixin.py:151} INFO - [2023-09-28T23:26:45.308+0000] {dag.py:3677} INFO - Setting next_dagrun for example_params_ui_tutorial to None, run_after=None
[2023-09-28T23:26:45.315+0000] {processor.py:179} INFO - Processing /home/airflow/.local/lib/python3.8/site-packages/airflow/example_dags/example_params_ui_tutorial.py took 0.057 seconds
