[2023-09-28T00:01:26.777+0000] {processor.py:157} INFO - Started process (PID=53209) to work on /home/airflow/.local/lib/python3.8/site-packages/airflow/example_dags/example_branch_day_of_week_operator.py
[2023-09-28T00:01:26.777+0000] {processor.py:829} INFO - Processing file /home/airflow/.local/lib/python3.8/site-packages/airflow/example_dags/example_branch_day_of_week_operator.py for tasks to queue
[2023-09-28T00:01:26.778+0000] {logging_mixin.py:151} INFO - [2023-09-28T00:01:26.778+0000] {dagbag.py:539} INFO - Filling up the DagBag from /home/airflow/.local/lib/python3.8/site-packages/airflow/example_dags/example_branch_day_of_week_operator.py
[2023-09-28T00:01:26.783+0000] {processor.py:839} INFO - DAG(s) dict_keys(['example_weekday_branch_operator']) retrieved from /home/airflow/.local/lib/python3.8/site-packages/airflow/example_dags/example_branch_day_of_week_operator.py
[2023-09-28T00:01:26.794+0000] {logging_mixin.py:151} INFO - [2023-09-28T00:01:26.794+0000] {dag.py:2907} INFO - Sync 1 DAGs
[2023-09-28T00:01:26.804+0000] {logging_mixin.py:151} INFO - [2023-09-28T00:01:26.804+0000] {dag.py:3677} INFO - Setting next_dagrun for example_weekday_branch_operator to 2023-09-27T00:00:00+00:00, run_after=2023-09-28T00:00:00+00:00
[2023-09-28T00:01:26.812+0000] {processor.py:179} INFO - Processing /home/airflow/.local/lib/python3.8/site-packages/airflow/example_dags/example_branch_day_of_week_operator.py took 0.037 seconds
[2023-09-28T01:23:47.655+0000] {processor.py:157} INFO - Started process (PID=53258) to work on /home/airflow/.local/lib/python3.8/site-packages/airflow/example_dags/example_branch_day_of_week_operator.py
[2023-09-28T01:23:47.655+0000] {processor.py:829} INFO - Processing file /home/airflow/.local/lib/python3.8/site-packages/airflow/example_dags/example_branch_day_of_week_operator.py for tasks to queue
[2023-09-28T01:23:47.656+0000] {logging_mixin.py:151} INFO - [2023-09-28T01:23:47.656+0000] {dagbag.py:539} INFO - Filling up the DagBag from /home/airflow/.local/lib/python3.8/site-packages/airflow/example_dags/example_branch_day_of_week_operator.py
[2023-09-28T01:23:47.661+0000] {processor.py:839} INFO - DAG(s) dict_keys(['example_weekday_branch_operator']) retrieved from /home/airflow/.local/lib/python3.8/site-packages/airflow/example_dags/example_branch_day_of_week_operator.py
[2023-09-28T01:23:47.672+0000] {logging_mixin.py:151} INFO - [2023-09-28T01:23:47.672+0000] {dag.py:2907} INFO - Sync 1 DAGs
[2023-09-28T01:23:47.683+0000] {logging_mixin.py:151} INFO - [2023-09-28T01:23:47.683+0000] {dag.py:3677} INFO - Setting next_dagrun for example_weekday_branch_operator to 2023-09-27T00:00:00+00:00, run_after=2023-09-28T00:00:00+00:00
[2023-09-28T01:23:47.690+0000] {processor.py:179} INFO - Processing /home/airflow/.local/lib/python3.8/site-packages/airflow/example_dags/example_branch_day_of_week_operator.py took 0.037 seconds
[2023-09-28T02:46:59.966+0000] {processor.py:157} INFO - Started process (PID=53307) to work on /home/airflow/.local/lib/python3.8/site-packages/airflow/example_dags/example_branch_day_of_week_operator.py
[2023-09-28T02:46:59.966+0000] {processor.py:829} INFO - Processing file /home/airflow/.local/lib/python3.8/site-packages/airflow/example_dags/example_branch_day_of_week_operator.py for tasks to queue
[2023-09-28T02:46:59.968+0000] {logging_mixin.py:151} INFO - [2023-09-28T02:46:59.968+0000] {dagbag.py:539} INFO - Filling up the DagBag from /home/airflow/.local/lib/python3.8/site-packages/airflow/example_dags/example_branch_day_of_week_operator.py
[2023-09-28T02:46:59.972+0000] {processor.py:839} INFO - DAG(s) dict_keys(['example_weekday_branch_operator']) retrieved from /home/airflow/.local/lib/python3.8/site-packages/airflow/example_dags/example_branch_day_of_week_operator.py
[2023-09-28T02:46:59.983+0000] {logging_mixin.py:151} INFO - [2023-09-28T02:46:59.983+0000] {dag.py:2907} INFO - Sync 1 DAGs
[2023-09-28T02:46:59.994+0000] {logging_mixin.py:151} INFO - [2023-09-28T02:46:59.994+0000] {dag.py:3677} INFO - Setting next_dagrun for example_weekday_branch_operator to 2023-09-27T00:00:00+00:00, run_after=2023-09-28T00:00:00+00:00
[2023-09-28T02:47:00.001+0000] {processor.py:179} INFO - Processing /home/airflow/.local/lib/python3.8/site-packages/airflow/example_dags/example_branch_day_of_week_operator.py took 0.038 seconds
[2023-09-28T04:11:00.712+0000] {processor.py:157} INFO - Started process (PID=53356) to work on /home/airflow/.local/lib/python3.8/site-packages/airflow/example_dags/example_branch_day_of_week_operator.py
[2023-09-28T04:11:00.713+0000] {processor.py:829} INFO - Processing file /home/airflow/.local/lib/python3.8/site-packages/airflow/example_dags/example_branch_day_of_week_operator.py for tasks to queue
[2023-09-28T04:11:00.715+0000] {logging_mixin.py:151} INFO - [2023-09-28T04:11:00.715+0000] {dagbag.py:539} INFO - Filling up the DagBag from /home/airflow/.local/lib/python3.8/site-packages/airflow/example_dags/example_branch_day_of_week_operator.py
[2023-09-28T04:11:00.722+0000] {processor.py:839} INFO - DAG(s) dict_keys(['example_weekday_branch_operator']) retrieved from /home/airflow/.local/lib/python3.8/site-packages/airflow/example_dags/example_branch_day_of_week_operator.py
[2023-09-28T04:11:00.739+0000] {logging_mixin.py:151} INFO - [2023-09-28T04:11:00.739+0000] {dag.py:2907} INFO - Sync 1 DAGs
[2023-09-28T04:11:00.764+0000] {logging_mixin.py:151} INFO - [2023-09-28T04:11:00.764+0000] {dag.py:3677} INFO - Setting next_dagrun for example_weekday_branch_operator to 2023-09-27T00:00:00+00:00, run_after=2023-09-28T00:00:00+00:00
[2023-09-28T04:11:00.784+0000] {processor.py:179} INFO - Processing /home/airflow/.local/lib/python3.8/site-packages/airflow/example_dags/example_branch_day_of_week_operator.py took 0.074 seconds
[2023-09-28T05:38:42.034+0000] {processor.py:157} INFO - Started process (PID=53405) to work on /home/airflow/.local/lib/python3.8/site-packages/airflow/example_dags/example_branch_day_of_week_operator.py
[2023-09-28T05:38:42.034+0000] {processor.py:829} INFO - Processing file /home/airflow/.local/lib/python3.8/site-packages/airflow/example_dags/example_branch_day_of_week_operator.py for tasks to queue
[2023-09-28T05:38:42.036+0000] {logging_mixin.py:151} INFO - [2023-09-28T05:38:42.036+0000] {dagbag.py:539} INFO - Filling up the DagBag from /home/airflow/.local/lib/python3.8/site-packages/airflow/example_dags/example_branch_day_of_week_operator.py
[2023-09-28T05:38:42.042+0000] {processor.py:839} INFO - DAG(s) dict_keys(['example_weekday_branch_operator']) retrieved from /home/airflow/.local/lib/python3.8/site-packages/airflow/example_dags/example_branch_day_of_week_operator.py
[2023-09-28T05:38:42.056+0000] {logging_mixin.py:151} INFO - [2023-09-28T05:38:42.056+0000] {dag.py:2907} INFO - Sync 1 DAGs
[2023-09-28T05:38:42.067+0000] {logging_mixin.py:151} INFO - [2023-09-28T05:38:42.067+0000] {dag.py:3677} INFO - Setting next_dagrun for example_weekday_branch_operator to 2023-09-27T00:00:00+00:00, run_after=2023-09-28T00:00:00+00:00
[2023-09-28T05:38:42.074+0000] {processor.py:179} INFO - Processing /home/airflow/.local/lib/python3.8/site-packages/airflow/example_dags/example_branch_day_of_week_operator.py took 0.043 seconds
[2023-09-28T07:02:02.598+0000] {processor.py:157} INFO - Started process (PID=53454) to work on /home/airflow/.local/lib/python3.8/site-packages/airflow/example_dags/example_branch_day_of_week_operator.py
[2023-09-28T07:02:02.599+0000] {processor.py:829} INFO - Processing file /home/airflow/.local/lib/python3.8/site-packages/airflow/example_dags/example_branch_day_of_week_operator.py for tasks to queue
[2023-09-28T07:02:02.600+0000] {logging_mixin.py:151} INFO - [2023-09-28T07:02:02.600+0000] {dagbag.py:539} INFO - Filling up the DagBag from /home/airflow/.local/lib/python3.8/site-packages/airflow/example_dags/example_branch_day_of_week_operator.py
[2023-09-28T07:02:02.605+0000] {processor.py:839} INFO - DAG(s) dict_keys(['example_weekday_branch_operator']) retrieved from /home/airflow/.local/lib/python3.8/site-packages/airflow/example_dags/example_branch_day_of_week_operator.py
[2023-09-28T07:02:02.616+0000] {logging_mixin.py:151} INFO - [2023-09-28T07:02:02.616+0000] {dag.py:2907} INFO - Sync 1 DAGs
[2023-09-28T07:02:02.627+0000] {logging_mixin.py:151} INFO - [2023-09-28T07:02:02.626+0000] {dag.py:3677} INFO - Setting next_dagrun for example_weekday_branch_operator to 2023-09-27T00:00:00+00:00, run_after=2023-09-28T00:00:00+00:00
[2023-09-28T07:02:02.633+0000] {processor.py:179} INFO - Processing /home/airflow/.local/lib/python3.8/site-packages/airflow/example_dags/example_branch_day_of_week_operator.py took 0.038 seconds
[2023-09-28T08:20:25.906+0000] {processor.py:157} INFO - Started process (PID=53503) to work on /home/airflow/.local/lib/python3.8/site-packages/airflow/example_dags/example_branch_day_of_week_operator.py
[2023-09-28T08:20:25.907+0000] {processor.py:829} INFO - Processing file /home/airflow/.local/lib/python3.8/site-packages/airflow/example_dags/example_branch_day_of_week_operator.py for tasks to queue
[2023-09-28T08:20:25.908+0000] {logging_mixin.py:151} INFO - [2023-09-28T08:20:25.908+0000] {dagbag.py:539} INFO - Filling up the DagBag from /home/airflow/.local/lib/python3.8/site-packages/airflow/example_dags/example_branch_day_of_week_operator.py
[2023-09-28T08:20:25.912+0000] {processor.py:839} INFO - DAG(s) dict_keys(['example_weekday_branch_operator']) retrieved from /home/airflow/.local/lib/python3.8/site-packages/airflow/example_dags/example_branch_day_of_week_operator.py
[2023-09-28T08:20:25.923+0000] {logging_mixin.py:151} INFO - [2023-09-28T08:20:25.923+0000] {dag.py:2907} INFO - Sync 1 DAGs
[2023-09-28T08:20:25.933+0000] {logging_mixin.py:151} INFO - [2023-09-28T08:20:25.933+0000] {dag.py:3677} INFO - Setting next_dagrun for example_weekday_branch_operator to 2023-09-27T00:00:00+00:00, run_after=2023-09-28T00:00:00+00:00
[2023-09-28T08:20:25.940+0000] {processor.py:179} INFO - Processing /home/airflow/.local/lib/python3.8/site-packages/airflow/example_dags/example_branch_day_of_week_operator.py took 0.036 seconds
[2023-09-28T09:43:20.888+0000] {processor.py:157} INFO - Started process (PID=53552) to work on /home/airflow/.local/lib/python3.8/site-packages/airflow/example_dags/example_branch_day_of_week_operator.py
[2023-09-28T09:43:20.888+0000] {processor.py:829} INFO - Processing file /home/airflow/.local/lib/python3.8/site-packages/airflow/example_dags/example_branch_day_of_week_operator.py for tasks to queue
[2023-09-28T09:43:20.890+0000] {logging_mixin.py:151} INFO - [2023-09-28T09:43:20.889+0000] {dagbag.py:539} INFO - Filling up the DagBag from /home/airflow/.local/lib/python3.8/site-packages/airflow/example_dags/example_branch_day_of_week_operator.py
[2023-09-28T09:43:20.894+0000] {processor.py:839} INFO - DAG(s) dict_keys(['example_weekday_branch_operator']) retrieved from /home/airflow/.local/lib/python3.8/site-packages/airflow/example_dags/example_branch_day_of_week_operator.py
[2023-09-28T09:43:20.905+0000] {logging_mixin.py:151} INFO - [2023-09-28T09:43:20.905+0000] {dag.py:2907} INFO - Sync 1 DAGs
[2023-09-28T09:43:20.916+0000] {logging_mixin.py:151} INFO - [2023-09-28T09:43:20.915+0000] {dag.py:3677} INFO - Setting next_dagrun for example_weekday_branch_operator to 2023-09-27T00:00:00+00:00, run_after=2023-09-28T00:00:00+00:00
[2023-09-28T09:43:20.922+0000] {processor.py:179} INFO - Processing /home/airflow/.local/lib/python3.8/site-packages/airflow/example_dags/example_branch_day_of_week_operator.py took 0.036 seconds
[2023-09-28T11:03:53.410+0000] {processor.py:157} INFO - Started process (PID=53601) to work on /home/airflow/.local/lib/python3.8/site-packages/airflow/example_dags/example_branch_day_of_week_operator.py
[2023-09-28T11:03:53.411+0000] {processor.py:829} INFO - Processing file /home/airflow/.local/lib/python3.8/site-packages/airflow/example_dags/example_branch_day_of_week_operator.py for tasks to queue
[2023-09-28T11:03:53.412+0000] {logging_mixin.py:151} INFO - [2023-09-28T11:03:53.412+0000] {dagbag.py:539} INFO - Filling up the DagBag from /home/airflow/.local/lib/python3.8/site-packages/airflow/example_dags/example_branch_day_of_week_operator.py
[2023-09-28T11:03:53.417+0000] {processor.py:839} INFO - DAG(s) dict_keys(['example_weekday_branch_operator']) retrieved from /home/airflow/.local/lib/python3.8/site-packages/airflow/example_dags/example_branch_day_of_week_operator.py
[2023-09-28T11:03:53.428+0000] {logging_mixin.py:151} INFO - [2023-09-28T11:03:53.428+0000] {dag.py:2907} INFO - Sync 1 DAGs
[2023-09-28T11:03:53.438+0000] {logging_mixin.py:151} INFO - [2023-09-28T11:03:53.438+0000] {dag.py:3677} INFO - Setting next_dagrun for example_weekday_branch_operator to 2023-09-27T00:00:00+00:00, run_after=2023-09-28T00:00:00+00:00
[2023-09-28T11:03:53.445+0000] {processor.py:179} INFO - Processing /home/airflow/.local/lib/python3.8/site-packages/airflow/example_dags/example_branch_day_of_week_operator.py took 0.037 seconds
[2023-09-28T12:27:12.013+0000] {processor.py:157} INFO - Started process (PID=53650) to work on /home/airflow/.local/lib/python3.8/site-packages/airflow/example_dags/example_branch_day_of_week_operator.py
[2023-09-28T12:27:12.014+0000] {processor.py:829} INFO - Processing file /home/airflow/.local/lib/python3.8/site-packages/airflow/example_dags/example_branch_day_of_week_operator.py for tasks to queue
[2023-09-28T12:27:12.015+0000] {logging_mixin.py:151} INFO - [2023-09-28T12:27:12.015+0000] {dagbag.py:539} INFO - Filling up the DagBag from /home/airflow/.local/lib/python3.8/site-packages/airflow/example_dags/example_branch_day_of_week_operator.py
[2023-09-28T12:27:12.020+0000] {processor.py:839} INFO - DAG(s) dict_keys(['example_weekday_branch_operator']) retrieved from /home/airflow/.local/lib/python3.8/site-packages/airflow/example_dags/example_branch_day_of_week_operator.py
[2023-09-28T12:27:12.031+0000] {logging_mixin.py:151} INFO - [2023-09-28T12:27:12.031+0000] {dag.py:2907} INFO - Sync 1 DAGs
[2023-09-28T12:27:12.041+0000] {logging_mixin.py:151} INFO - [2023-09-28T12:27:12.041+0000] {dag.py:3677} INFO - Setting next_dagrun for example_weekday_branch_operator to 2023-09-27T00:00:00+00:00, run_after=2023-09-28T00:00:00+00:00
[2023-09-28T12:27:12.048+0000] {processor.py:179} INFO - Processing /home/airflow/.local/lib/python3.8/site-packages/airflow/example_dags/example_branch_day_of_week_operator.py took 0.037 seconds
[2023-09-28T13:50:02.183+0000] {processor.py:157} INFO - Started process (PID=53699) to work on /home/airflow/.local/lib/python3.8/site-packages/airflow/example_dags/example_branch_day_of_week_operator.py
[2023-09-28T13:50:02.184+0000] {processor.py:829} INFO - Processing file /home/airflow/.local/lib/python3.8/site-packages/airflow/example_dags/example_branch_day_of_week_operator.py for tasks to queue
[2023-09-28T13:50:02.185+0000] {logging_mixin.py:151} INFO - [2023-09-28T13:50:02.185+0000] {dagbag.py:539} INFO - Filling up the DagBag from /home/airflow/.local/lib/python3.8/site-packages/airflow/example_dags/example_branch_day_of_week_operator.py
[2023-09-28T13:50:02.189+0000] {processor.py:839} INFO - DAG(s) dict_keys(['example_weekday_branch_operator']) retrieved from /home/airflow/.local/lib/python3.8/site-packages/airflow/example_dags/example_branch_day_of_week_operator.py
[2023-09-28T13:50:02.200+0000] {logging_mixin.py:151} INFO - [2023-09-28T13:50:02.200+0000] {dag.py:2907} INFO - Sync 1 DAGs
[2023-09-28T13:50:02.211+0000] {logging_mixin.py:151} INFO - [2023-09-28T13:50:02.211+0000] {dag.py:3677} INFO - Setting next_dagrun for example_weekday_branch_operator to 2023-09-27T00:00:00+00:00, run_after=2023-09-28T00:00:00+00:00
[2023-09-28T13:50:02.221+0000] {processor.py:179} INFO - Processing /home/airflow/.local/lib/python3.8/site-packages/airflow/example_dags/example_branch_day_of_week_operator.py took 0.040 seconds
[2023-09-28T15:11:33.821+0000] {processor.py:157} INFO - Started process (PID=53748) to work on /home/airflow/.local/lib/python3.8/site-packages/airflow/example_dags/example_branch_day_of_week_operator.py
[2023-09-28T15:11:33.821+0000] {processor.py:829} INFO - Processing file /home/airflow/.local/lib/python3.8/site-packages/airflow/example_dags/example_branch_day_of_week_operator.py for tasks to queue
[2023-09-28T15:11:33.823+0000] {logging_mixin.py:151} INFO - [2023-09-28T15:11:33.822+0000] {dagbag.py:539} INFO - Filling up the DagBag from /home/airflow/.local/lib/python3.8/site-packages/airflow/example_dags/example_branch_day_of_week_operator.py
[2023-09-28T15:11:33.827+0000] {processor.py:839} INFO - DAG(s) dict_keys(['example_weekday_branch_operator']) retrieved from /home/airflow/.local/lib/python3.8/site-packages/airflow/example_dags/example_branch_day_of_week_operator.py
[2023-09-28T15:11:33.838+0000] {logging_mixin.py:151} INFO - [2023-09-28T15:11:33.838+0000] {dag.py:2907} INFO - Sync 1 DAGs
[2023-09-28T15:11:33.848+0000] {logging_mixin.py:151} INFO - [2023-09-28T15:11:33.848+0000] {dag.py:3677} INFO - Setting next_dagrun for example_weekday_branch_operator to 2023-09-27T00:00:00+00:00, run_after=2023-09-28T00:00:00+00:00
[2023-09-28T15:11:33.855+0000] {processor.py:179} INFO - Processing /home/airflow/.local/lib/python3.8/site-packages/airflow/example_dags/example_branch_day_of_week_operator.py took 0.037 seconds
[2023-09-28T16:36:01.460+0000] {processor.py:157} INFO - Started process (PID=53797) to work on /home/airflow/.local/lib/python3.8/site-packages/airflow/example_dags/example_branch_day_of_week_operator.py
[2023-09-28T16:36:01.460+0000] {processor.py:829} INFO - Processing file /home/airflow/.local/lib/python3.8/site-packages/airflow/example_dags/example_branch_day_of_week_operator.py for tasks to queue
[2023-09-28T16:36:01.461+0000] {logging_mixin.py:151} INFO - [2023-09-28T16:36:01.461+0000] {dagbag.py:539} INFO - Filling up the DagBag from /home/airflow/.local/lib/python3.8/site-packages/airflow/example_dags/example_branch_day_of_week_operator.py
[2023-09-28T16:36:01.466+0000] {processor.py:839} INFO - DAG(s) dict_keys(['example_weekday_branch_operator']) retrieved from /home/airflow/.local/lib/python3.8/site-packages/airflow/example_dags/example_branch_day_of_week_operator.py
[2023-09-28T16:36:01.478+0000] {logging_mixin.py:151} INFO - [2023-09-28T16:36:01.478+0000] {dag.py:2907} INFO - Sync 1 DAGs
[2023-09-28T16:36:01.488+0000] {logging_mixin.py:151} INFO - [2023-09-28T16:36:01.488+0000] {dag.py:3677} INFO - Setting next_dagrun for example_weekday_branch_operator to 2023-09-27T00:00:00+00:00, run_after=2023-09-28T00:00:00+00:00
[2023-09-28T16:36:01.496+0000] {processor.py:179} INFO - Processing /home/airflow/.local/lib/python3.8/site-packages/airflow/example_dags/example_branch_day_of_week_operator.py took 0.038 seconds
[2023-09-28T17:56:11.131+0000] {processor.py:157} INFO - Started process (PID=53846) to work on /home/airflow/.local/lib/python3.8/site-packages/airflow/example_dags/example_branch_day_of_week_operator.py
[2023-09-28T17:56:11.135+0000] {processor.py:829} INFO - Processing file /home/airflow/.local/lib/python3.8/site-packages/airflow/example_dags/example_branch_day_of_week_operator.py for tasks to queue
[2023-09-28T17:56:11.140+0000] {logging_mixin.py:151} INFO - [2023-09-28T17:56:11.140+0000] {dagbag.py:539} INFO - Filling up the DagBag from /home/airflow/.local/lib/python3.8/site-packages/airflow/example_dags/example_branch_day_of_week_operator.py
[2023-09-28T17:56:11.150+0000] {processor.py:839} INFO - DAG(s) dict_keys(['example_weekday_branch_operator']) retrieved from /home/airflow/.local/lib/python3.8/site-packages/airflow/example_dags/example_branch_day_of_week_operator.py
[2023-09-28T17:56:11.176+0000] {logging_mixin.py:151} INFO - [2023-09-28T17:56:11.176+0000] {dag.py:2907} INFO - Sync 1 DAGs
[2023-09-28T17:56:11.199+0000] {logging_mixin.py:151} INFO - [2023-09-28T17:56:11.199+0000] {dag.py:3677} INFO - Setting next_dagrun for example_weekday_branch_operator to 2023-09-27T00:00:00+00:00, run_after=2023-09-28T00:00:00+00:00
[2023-09-28T17:56:11.215+0000] {processor.py:179} INFO - Processing /home/airflow/.local/lib/python3.8/site-packages/airflow/example_dags/example_branch_day_of_week_operator.py took 0.087 seconds
[2023-09-28T19:17:46.941+0000] {processor.py:157} INFO - Started process (PID=53895) to work on /home/airflow/.local/lib/python3.8/site-packages/airflow/example_dags/example_branch_day_of_week_operator.py
[2023-09-28T19:17:46.941+0000] {processor.py:829} INFO - Processing file /home/airflow/.local/lib/python3.8/site-packages/airflow/example_dags/example_branch_day_of_week_operator.py for tasks to queue
[2023-09-28T19:17:46.942+0000] {logging_mixin.py:151} INFO - [2023-09-28T19:17:46.942+0000] {dagbag.py:539} INFO - Filling up the DagBag from /home/airflow/.local/lib/python3.8/site-packages/airflow/example_dags/example_branch_day_of_week_operator.py
[2023-09-28T19:17:46.947+0000] {processor.py:839} INFO - DAG(s) dict_keys(['example_weekday_branch_operator']) retrieved from /home/airflow/.local/lib/python3.8/site-packages/airflow/example_dags/example_branch_day_of_week_operator.py
[2023-09-28T19:17:46.958+0000] {logging_mixin.py:151} INFO - [2023-09-28T19:17:46.958+0000] {dag.py:2907} INFO - Sync 1 DAGs
[2023-09-28T19:17:46.968+0000] {logging_mixin.py:151} INFO - [2023-09-28T19:17:46.968+0000] {dag.py:3677} INFO - Setting next_dagrun for example_weekday_branch_operator to 2023-09-27T00:00:00+00:00, run_after=2023-09-28T00:00:00+00:00
[2023-09-28T19:17:46.975+0000] {processor.py:179} INFO - Processing /home/airflow/.local/lib/python3.8/site-packages/airflow/example_dags/example_branch_day_of_week_operator.py took 0.037 seconds
[2023-09-28T20:41:32.704+0000] {processor.py:157} INFO - Started process (PID=53944) to work on /home/airflow/.local/lib/python3.8/site-packages/airflow/example_dags/example_branch_day_of_week_operator.py
[2023-09-28T20:41:32.705+0000] {processor.py:829} INFO - Processing file /home/airflow/.local/lib/python3.8/site-packages/airflow/example_dags/example_branch_day_of_week_operator.py for tasks to queue
[2023-09-28T20:41:32.706+0000] {logging_mixin.py:151} INFO - [2023-09-28T20:41:32.706+0000] {dagbag.py:539} INFO - Filling up the DagBag from /home/airflow/.local/lib/python3.8/site-packages/airflow/example_dags/example_branch_day_of_week_operator.py
[2023-09-28T20:41:32.712+0000] {processor.py:839} INFO - DAG(s) dict_keys(['example_weekday_branch_operator']) retrieved from /home/airflow/.local/lib/python3.8/site-packages/airflow/example_dags/example_branch_day_of_week_operator.py
[2023-09-28T20:41:32.724+0000] {logging_mixin.py:151} INFO - [2023-09-28T20:41:32.723+0000] {dag.py:2907} INFO - Sync 1 DAGs
[2023-09-28T20:41:32.738+0000] {logging_mixin.py:151} INFO - [2023-09-28T20:41:32.738+0000] {dag.py:3677} INFO - Setting next_dagrun for example_weekday_branch_operator to 2023-09-27T00:00:00+00:00, run_after=2023-09-28T00:00:00+00:00
[2023-09-28T20:41:32.746+0000] {processor.py:179} INFO - Processing /home/airflow/.local/lib/python3.8/site-packages/airflow/example_dags/example_branch_day_of_week_operator.py took 0.044 seconds
[2023-09-28T22:06:01.820+0000] {processor.py:157} INFO - Started process (PID=53993) to work on /home/airflow/.local/lib/python3.8/site-packages/airflow/example_dags/example_branch_day_of_week_operator.py
[2023-09-28T22:06:01.821+0000] {processor.py:829} INFO - Processing file /home/airflow/.local/lib/python3.8/site-packages/airflow/example_dags/example_branch_day_of_week_operator.py for tasks to queue
[2023-09-28T22:06:01.822+0000] {logging_mixin.py:151} INFO - [2023-09-28T22:06:01.822+0000] {dagbag.py:539} INFO - Filling up the DagBag from /home/airflow/.local/lib/python3.8/site-packages/airflow/example_dags/example_branch_day_of_week_operator.py
[2023-09-28T22:06:01.827+0000] {processor.py:839} INFO - DAG(s) dict_keys(['example_weekday_branch_operator']) retrieved from /home/airflow/.local/lib/python3.8/site-packages/airflow/example_dags/example_branch_day_of_week_operator.py
[2023-09-28T22:06:01.837+0000] {logging_mixin.py:151} INFO - [2023-09-28T22:06:01.837+0000] {dag.py:2907} INFO - Sync 1 DAGs
[2023-09-28T22:06:01.847+0000] {logging_mixin.py:151} INFO - [2023-09-28T22:06:01.847+0000] {dag.py:3677} INFO - Setting next_dagrun for example_weekday_branch_operator to 2023-09-27T00:00:00+00:00, run_after=2023-09-28T00:00:00+00:00
[2023-09-28T22:06:01.855+0000] {processor.py:179} INFO - Processing /home/airflow/.local/lib/python3.8/site-packages/airflow/example_dags/example_branch_day_of_week_operator.py took 0.036 seconds
[2023-09-28T23:26:45.263+0000] {processor.py:157} INFO - Started process (PID=54042) to work on /home/airflow/.local/lib/python3.8/site-packages/airflow/example_dags/example_branch_day_of_week_operator.py
[2023-09-28T23:26:45.264+0000] {processor.py:829} INFO - Processing file /home/airflow/.local/lib/python3.8/site-packages/airflow/example_dags/example_branch_day_of_week_operator.py for tasks to queue
[2023-09-28T23:26:45.265+0000] {logging_mixin.py:151} INFO - [2023-09-28T23:26:45.265+0000] {dagbag.py:539} INFO - Filling up the DagBag from /home/airflow/.local/lib/python3.8/site-packages/airflow/example_dags/example_branch_day_of_week_operator.py
[2023-09-28T23:26:45.270+0000] {processor.py:839} INFO - DAG(s) dict_keys(['example_weekday_branch_operator']) retrieved from /home/airflow/.local/lib/python3.8/site-packages/airflow/example_dags/example_branch_day_of_week_operator.py
[2023-09-28T23:26:45.281+0000] {logging_mixin.py:151} INFO - [2023-09-28T23:26:45.281+0000] {dag.py:2907} INFO - Sync 1 DAGs
[2023-09-28T23:26:45.291+0000] {logging_mixin.py:151} INFO - [2023-09-28T23:26:45.291+0000] {dag.py:3677} INFO - Setting next_dagrun for example_weekday_branch_operator to 2023-09-27T00:00:00+00:00, run_after=2023-09-28T00:00:00+00:00
[2023-09-28T23:26:45.298+0000] {processor.py:179} INFO - Processing /home/airflow/.local/lib/python3.8/site-packages/airflow/example_dags/example_branch_day_of_week_operator.py took 0.037 seconds
