[2023-09-28T00:01:25.278+0000] {processor.py:157} INFO - Started process (PID=53187) to work on /home/airflow/.local/lib/python3.8/site-packages/airflow/example_dags/example_time_delta_sensor_async.py
[2023-09-28T00:01:25.278+0000] {processor.py:829} INFO - Processing file /home/airflow/.local/lib/python3.8/site-packages/airflow/example_dags/example_time_delta_sensor_async.py for tasks to queue
[2023-09-28T00:01:25.280+0000] {logging_mixin.py:151} INFO - [2023-09-28T00:01:25.280+0000] {dagbag.py:539} INFO - Filling up the DagBag from /home/airflow/.local/lib/python3.8/site-packages/airflow/example_dags/example_time_delta_sensor_async.py
[2023-09-28T00:01:25.283+0000] {processor.py:839} INFO - DAG(s) dict_keys(['example_time_delta_sensor_async']) retrieved from /home/airflow/.local/lib/python3.8/site-packages/airflow/example_dags/example_time_delta_sensor_async.py
[2023-09-28T00:01:25.296+0000] {logging_mixin.py:151} INFO - [2023-09-28T00:01:25.296+0000] {dag.py:2907} INFO - Sync 1 DAGs
[2023-09-28T00:01:25.303+0000] {logging_mixin.py:151} INFO - [2023-09-28T00:01:25.303+0000] {dag.py:3677} INFO - Setting next_dagrun for example_time_delta_sensor_async to None, run_after=None
[2023-09-28T00:01:25.311+0000] {processor.py:179} INFO - Processing /home/airflow/.local/lib/python3.8/site-packages/airflow/example_dags/example_time_delta_sensor_async.py took 0.035 seconds
[2023-09-28T01:23:46.817+0000] {processor.py:157} INFO - Started process (PID=53236) to work on /home/airflow/.local/lib/python3.8/site-packages/airflow/example_dags/example_time_delta_sensor_async.py
[2023-09-28T01:23:46.817+0000] {processor.py:829} INFO - Processing file /home/airflow/.local/lib/python3.8/site-packages/airflow/example_dags/example_time_delta_sensor_async.py for tasks to queue
[2023-09-28T01:23:46.819+0000] {logging_mixin.py:151} INFO - [2023-09-28T01:23:46.819+0000] {dagbag.py:539} INFO - Filling up the DagBag from /home/airflow/.local/lib/python3.8/site-packages/airflow/example_dags/example_time_delta_sensor_async.py
[2023-09-28T01:23:46.822+0000] {processor.py:839} INFO - DAG(s) dict_keys(['example_time_delta_sensor_async']) retrieved from /home/airflow/.local/lib/python3.8/site-packages/airflow/example_dags/example_time_delta_sensor_async.py
[2023-09-28T01:23:46.836+0000] {logging_mixin.py:151} INFO - [2023-09-28T01:23:46.836+0000] {dag.py:2907} INFO - Sync 1 DAGs
[2023-09-28T01:23:46.847+0000] {logging_mixin.py:151} INFO - [2023-09-28T01:23:46.847+0000] {dag.py:3677} INFO - Setting next_dagrun for example_time_delta_sensor_async to None, run_after=None
[2023-09-28T01:23:46.859+0000] {processor.py:179} INFO - Processing /home/airflow/.local/lib/python3.8/site-packages/airflow/example_dags/example_time_delta_sensor_async.py took 0.045 seconds
[2023-09-28T02:46:58.680+0000] {processor.py:157} INFO - Started process (PID=53285) to work on /home/airflow/.local/lib/python3.8/site-packages/airflow/example_dags/example_time_delta_sensor_async.py
[2023-09-28T02:46:58.687+0000] {processor.py:829} INFO - Processing file /home/airflow/.local/lib/python3.8/site-packages/airflow/example_dags/example_time_delta_sensor_async.py for tasks to queue
[2023-09-28T02:46:58.696+0000] {logging_mixin.py:151} INFO - [2023-09-28T02:46:58.695+0000] {dagbag.py:539} INFO - Filling up the DagBag from /home/airflow/.local/lib/python3.8/site-packages/airflow/example_dags/example_time_delta_sensor_async.py
[2023-09-28T02:46:58.708+0000] {processor.py:839} INFO - DAG(s) dict_keys(['example_time_delta_sensor_async']) retrieved from /home/airflow/.local/lib/python3.8/site-packages/airflow/example_dags/example_time_delta_sensor_async.py
[2023-09-28T02:46:58.787+0000] {logging_mixin.py:151} INFO - [2023-09-28T02:46:58.787+0000] {dag.py:2907} INFO - Sync 1 DAGs
[2023-09-28T02:46:58.803+0000] {logging_mixin.py:151} INFO - [2023-09-28T02:46:58.803+0000] {dag.py:3677} INFO - Setting next_dagrun for example_time_delta_sensor_async to None, run_after=None
[2023-09-28T02:46:58.825+0000] {processor.py:179} INFO - Processing /home/airflow/.local/lib/python3.8/site-packages/airflow/example_dags/example_time_delta_sensor_async.py took 0.154 seconds
[2023-09-28T04:11:00.012+0000] {processor.py:157} INFO - Started process (PID=53334) to work on /home/airflow/.local/lib/python3.8/site-packages/airflow/example_dags/example_time_delta_sensor_async.py
[2023-09-28T04:11:00.013+0000] {processor.py:829} INFO - Processing file /home/airflow/.local/lib/python3.8/site-packages/airflow/example_dags/example_time_delta_sensor_async.py for tasks to queue
[2023-09-28T04:11:00.014+0000] {logging_mixin.py:151} INFO - [2023-09-28T04:11:00.014+0000] {dagbag.py:539} INFO - Filling up the DagBag from /home/airflow/.local/lib/python3.8/site-packages/airflow/example_dags/example_time_delta_sensor_async.py
[2023-09-28T04:11:00.017+0000] {processor.py:839} INFO - DAG(s) dict_keys(['example_time_delta_sensor_async']) retrieved from /home/airflow/.local/lib/python3.8/site-packages/airflow/example_dags/example_time_delta_sensor_async.py
[2023-09-28T04:11:00.037+0000] {logging_mixin.py:151} INFO - [2023-09-28T04:11:00.037+0000] {dag.py:2907} INFO - Sync 1 DAGs
[2023-09-28T04:11:00.044+0000] {logging_mixin.py:151} INFO - [2023-09-28T04:11:00.044+0000] {dag.py:3677} INFO - Setting next_dagrun for example_time_delta_sensor_async to None, run_after=None
[2023-09-28T04:11:00.053+0000] {processor.py:179} INFO - Processing /home/airflow/.local/lib/python3.8/site-packages/airflow/example_dags/example_time_delta_sensor_async.py took 0.043 seconds
[2023-09-28T05:38:40.945+0000] {processor.py:157} INFO - Started process (PID=53383) to work on /home/airflow/.local/lib/python3.8/site-packages/airflow/example_dags/example_time_delta_sensor_async.py
[2023-09-28T05:38:40.948+0000] {processor.py:829} INFO - Processing file /home/airflow/.local/lib/python3.8/site-packages/airflow/example_dags/example_time_delta_sensor_async.py for tasks to queue
[2023-09-28T05:38:40.953+0000] {logging_mixin.py:151} INFO - [2023-09-28T05:38:40.953+0000] {dagbag.py:539} INFO - Filling up the DagBag from /home/airflow/.local/lib/python3.8/site-packages/airflow/example_dags/example_time_delta_sensor_async.py
[2023-09-28T05:38:40.958+0000] {processor.py:839} INFO - DAG(s) dict_keys(['example_time_delta_sensor_async']) retrieved from /home/airflow/.local/lib/python3.8/site-packages/airflow/example_dags/example_time_delta_sensor_async.py
[2023-09-28T05:38:40.998+0000] {logging_mixin.py:151} INFO - [2023-09-28T05:38:40.998+0000] {dag.py:2907} INFO - Sync 1 DAGs
[2023-09-28T05:38:41.048+0000] {logging_mixin.py:151} INFO - [2023-09-28T05:38:41.048+0000] {dag.py:3677} INFO - Setting next_dagrun for example_time_delta_sensor_async to None, run_after=None
[2023-09-28T05:38:41.080+0000] {processor.py:179} INFO - Processing /home/airflow/.local/lib/python3.8/site-packages/airflow/example_dags/example_time_delta_sensor_async.py took 0.138 seconds
[2023-09-28T07:02:01.241+0000] {processor.py:157} INFO - Started process (PID=53432) to work on /home/airflow/.local/lib/python3.8/site-packages/airflow/example_dags/example_time_delta_sensor_async.py
[2023-09-28T07:02:01.241+0000] {processor.py:829} INFO - Processing file /home/airflow/.local/lib/python3.8/site-packages/airflow/example_dags/example_time_delta_sensor_async.py for tasks to queue
[2023-09-28T07:02:01.242+0000] {logging_mixin.py:151} INFO - [2023-09-28T07:02:01.242+0000] {dagbag.py:539} INFO - Filling up the DagBag from /home/airflow/.local/lib/python3.8/site-packages/airflow/example_dags/example_time_delta_sensor_async.py
[2023-09-28T07:02:01.245+0000] {processor.py:839} INFO - DAG(s) dict_keys(['example_time_delta_sensor_async']) retrieved from /home/airflow/.local/lib/python3.8/site-packages/airflow/example_dags/example_time_delta_sensor_async.py
[2023-09-28T07:02:01.256+0000] {logging_mixin.py:151} INFO - [2023-09-28T07:02:01.256+0000] {dag.py:2907} INFO - Sync 1 DAGs
[2023-09-28T07:02:01.262+0000] {logging_mixin.py:151} INFO - [2023-09-28T07:02:01.262+0000] {dag.py:3677} INFO - Setting next_dagrun for example_time_delta_sensor_async to None, run_after=None
[2023-09-28T07:02:01.269+0000] {processor.py:179} INFO - Processing /home/airflow/.local/lib/python3.8/site-packages/airflow/example_dags/example_time_delta_sensor_async.py took 0.031 seconds
[2023-09-28T08:20:25.016+0000] {processor.py:157} INFO - Started process (PID=53480) to work on /home/airflow/.local/lib/python3.8/site-packages/airflow/example_dags/example_time_delta_sensor_async.py
[2023-09-28T08:20:25.022+0000] {processor.py:829} INFO - Processing file /home/airflow/.local/lib/python3.8/site-packages/airflow/example_dags/example_time_delta_sensor_async.py for tasks to queue
[2023-09-28T08:20:25.030+0000] {logging_mixin.py:151} INFO - [2023-09-28T08:20:25.029+0000] {dagbag.py:539} INFO - Filling up the DagBag from /home/airflow/.local/lib/python3.8/site-packages/airflow/example_dags/example_time_delta_sensor_async.py
[2023-09-28T08:20:25.035+0000] {processor.py:839} INFO - DAG(s) dict_keys(['example_time_delta_sensor_async']) retrieved from /home/airflow/.local/lib/python3.8/site-packages/airflow/example_dags/example_time_delta_sensor_async.py
[2023-09-28T08:20:25.075+0000] {logging_mixin.py:151} INFO - [2023-09-28T08:20:25.074+0000] {dag.py:2907} INFO - Sync 1 DAGs
[2023-09-28T08:20:25.087+0000] {logging_mixin.py:151} INFO - [2023-09-28T08:20:25.087+0000] {dag.py:3677} INFO - Setting next_dagrun for example_time_delta_sensor_async to None, run_after=None
[2023-09-28T08:20:25.103+0000] {processor.py:179} INFO - Processing /home/airflow/.local/lib/python3.8/site-packages/airflow/example_dags/example_time_delta_sensor_async.py took 0.091 seconds
[2023-09-28T09:43:19.559+0000] {processor.py:157} INFO - Started process (PID=53530) to work on /home/airflow/.local/lib/python3.8/site-packages/airflow/example_dags/example_time_delta_sensor_async.py
[2023-09-28T09:43:19.560+0000] {processor.py:829} INFO - Processing file /home/airflow/.local/lib/python3.8/site-packages/airflow/example_dags/example_time_delta_sensor_async.py for tasks to queue
[2023-09-28T09:43:19.561+0000] {logging_mixin.py:151} INFO - [2023-09-28T09:43:19.561+0000] {dagbag.py:539} INFO - Filling up the DagBag from /home/airflow/.local/lib/python3.8/site-packages/airflow/example_dags/example_time_delta_sensor_async.py
[2023-09-28T09:43:19.564+0000] {processor.py:839} INFO - DAG(s) dict_keys(['example_time_delta_sensor_async']) retrieved from /home/airflow/.local/lib/python3.8/site-packages/airflow/example_dags/example_time_delta_sensor_async.py
[2023-09-28T09:43:19.575+0000] {logging_mixin.py:151} INFO - [2023-09-28T09:43:19.575+0000] {dag.py:2907} INFO - Sync 1 DAGs
[2023-09-28T09:43:19.581+0000] {logging_mixin.py:151} INFO - [2023-09-28T09:43:19.581+0000] {dag.py:3677} INFO - Setting next_dagrun for example_time_delta_sensor_async to None, run_after=None
[2023-09-28T09:43:19.588+0000] {processor.py:179} INFO - Processing /home/airflow/.local/lib/python3.8/site-packages/airflow/example_dags/example_time_delta_sensor_async.py took 0.030 seconds
[2023-09-28T11:03:52.217+0000] {processor.py:157} INFO - Started process (PID=53579) to work on /home/airflow/.local/lib/python3.8/site-packages/airflow/example_dags/example_time_delta_sensor_async.py
[2023-09-28T11:03:52.224+0000] {processor.py:829} INFO - Processing file /home/airflow/.local/lib/python3.8/site-packages/airflow/example_dags/example_time_delta_sensor_async.py for tasks to queue
[2023-09-28T11:03:52.229+0000] {logging_mixin.py:151} INFO - [2023-09-28T11:03:52.229+0000] {dagbag.py:539} INFO - Filling up the DagBag from /home/airflow/.local/lib/python3.8/site-packages/airflow/example_dags/example_time_delta_sensor_async.py
[2023-09-28T11:03:52.237+0000] {processor.py:839} INFO - DAG(s) dict_keys(['example_time_delta_sensor_async']) retrieved from /home/airflow/.local/lib/python3.8/site-packages/airflow/example_dags/example_time_delta_sensor_async.py
[2023-09-28T11:03:52.273+0000] {logging_mixin.py:151} INFO - [2023-09-28T11:03:52.273+0000] {dag.py:2907} INFO - Sync 1 DAGs
[2023-09-28T11:03:52.298+0000] {logging_mixin.py:151} INFO - [2023-09-28T11:03:52.297+0000] {dag.py:3677} INFO - Setting next_dagrun for example_time_delta_sensor_async to None, run_after=None
[2023-09-28T11:03:52.323+0000] {processor.py:179} INFO - Processing /home/airflow/.local/lib/python3.8/site-packages/airflow/example_dags/example_time_delta_sensor_async.py took 0.110 seconds
[2023-09-28T12:27:10.800+0000] {processor.py:157} INFO - Started process (PID=53628) to work on /home/airflow/.local/lib/python3.8/site-packages/airflow/example_dags/example_time_delta_sensor_async.py
[2023-09-28T12:27:10.804+0000] {processor.py:829} INFO - Processing file /home/airflow/.local/lib/python3.8/site-packages/airflow/example_dags/example_time_delta_sensor_async.py for tasks to queue
[2023-09-28T12:27:10.808+0000] {logging_mixin.py:151} INFO - [2023-09-28T12:27:10.808+0000] {dagbag.py:539} INFO - Filling up the DagBag from /home/airflow/.local/lib/python3.8/site-packages/airflow/example_dags/example_time_delta_sensor_async.py
[2023-09-28T12:27:10.814+0000] {processor.py:839} INFO - DAG(s) dict_keys(['example_time_delta_sensor_async']) retrieved from /home/airflow/.local/lib/python3.8/site-packages/airflow/example_dags/example_time_delta_sensor_async.py
[2023-09-28T12:27:10.862+0000] {logging_mixin.py:151} INFO - [2023-09-28T12:27:10.862+0000] {dag.py:2907} INFO - Sync 1 DAGs
[2023-09-28T12:27:10.872+0000] {logging_mixin.py:151} INFO - [2023-09-28T12:27:10.872+0000] {dag.py:3677} INFO - Setting next_dagrun for example_time_delta_sensor_async to None, run_after=None
[2023-09-28T12:27:10.894+0000] {processor.py:179} INFO - Processing /home/airflow/.local/lib/python3.8/site-packages/airflow/example_dags/example_time_delta_sensor_async.py took 0.096 seconds
[2023-09-28T13:50:00.646+0000] {processor.py:157} INFO - Started process (PID=53677) to work on /home/airflow/.local/lib/python3.8/site-packages/airflow/example_dags/example_time_delta_sensor_async.py
[2023-09-28T13:50:00.647+0000] {processor.py:829} INFO - Processing file /home/airflow/.local/lib/python3.8/site-packages/airflow/example_dags/example_time_delta_sensor_async.py for tasks to queue
[2023-09-28T13:50:00.649+0000] {logging_mixin.py:151} INFO - [2023-09-28T13:50:00.648+0000] {dagbag.py:539} INFO - Filling up the DagBag from /home/airflow/.local/lib/python3.8/site-packages/airflow/example_dags/example_time_delta_sensor_async.py
[2023-09-28T13:50:00.652+0000] {processor.py:839} INFO - DAG(s) dict_keys(['example_time_delta_sensor_async']) retrieved from /home/airflow/.local/lib/python3.8/site-packages/airflow/example_dags/example_time_delta_sensor_async.py
[2023-09-28T13:50:00.669+0000] {logging_mixin.py:151} INFO - [2023-09-28T13:50:00.669+0000] {dag.py:2907} INFO - Sync 1 DAGs
[2023-09-28T13:50:00.676+0000] {logging_mixin.py:151} INFO - [2023-09-28T13:50:00.676+0000] {dag.py:3677} INFO - Setting next_dagrun for example_time_delta_sensor_async to None, run_after=None
[2023-09-28T13:50:00.683+0000] {processor.py:179} INFO - Processing /home/airflow/.local/lib/python3.8/site-packages/airflow/example_dags/example_time_delta_sensor_async.py took 0.039 seconds
[2023-09-28T15:11:32.610+0000] {processor.py:157} INFO - Started process (PID=53726) to work on /home/airflow/.local/lib/python3.8/site-packages/airflow/example_dags/example_time_delta_sensor_async.py
[2023-09-28T15:11:32.617+0000] {processor.py:829} INFO - Processing file /home/airflow/.local/lib/python3.8/site-packages/airflow/example_dags/example_time_delta_sensor_async.py for tasks to queue
[2023-09-28T15:11:32.619+0000] {logging_mixin.py:151} INFO - [2023-09-28T15:11:32.619+0000] {dagbag.py:539} INFO - Filling up the DagBag from /home/airflow/.local/lib/python3.8/site-packages/airflow/example_dags/example_time_delta_sensor_async.py
[2023-09-28T15:11:32.623+0000] {processor.py:839} INFO - DAG(s) dict_keys(['example_time_delta_sensor_async']) retrieved from /home/airflow/.local/lib/python3.8/site-packages/airflow/example_dags/example_time_delta_sensor_async.py
[2023-09-28T15:11:32.651+0000] {logging_mixin.py:151} INFO - [2023-09-28T15:11:32.651+0000] {dag.py:2907} INFO - Sync 1 DAGs
[2023-09-28T15:11:32.659+0000] {logging_mixin.py:151} INFO - [2023-09-28T15:11:32.659+0000] {dag.py:3677} INFO - Setting next_dagrun for example_time_delta_sensor_async to None, run_after=None
[2023-09-28T15:11:32.678+0000] {processor.py:179} INFO - Processing /home/airflow/.local/lib/python3.8/site-packages/airflow/example_dags/example_time_delta_sensor_async.py took 0.071 seconds
[2023-09-28T16:36:00.274+0000] {processor.py:157} INFO - Started process (PID=53775) to work on /home/airflow/.local/lib/python3.8/site-packages/airflow/example_dags/example_time_delta_sensor_async.py
[2023-09-28T16:36:00.278+0000] {processor.py:829} INFO - Processing file /home/airflow/.local/lib/python3.8/site-packages/airflow/example_dags/example_time_delta_sensor_async.py for tasks to queue
[2023-09-28T16:36:00.283+0000] {logging_mixin.py:151} INFO - [2023-09-28T16:36:00.283+0000] {dagbag.py:539} INFO - Filling up the DagBag from /home/airflow/.local/lib/python3.8/site-packages/airflow/example_dags/example_time_delta_sensor_async.py
[2023-09-28T16:36:00.293+0000] {processor.py:839} INFO - DAG(s) dict_keys(['example_time_delta_sensor_async']) retrieved from /home/airflow/.local/lib/python3.8/site-packages/airflow/example_dags/example_time_delta_sensor_async.py
[2023-09-28T16:36:00.355+0000] {logging_mixin.py:151} INFO - [2023-09-28T16:36:00.355+0000] {dag.py:2907} INFO - Sync 1 DAGs
[2023-09-28T16:36:00.371+0000] {logging_mixin.py:151} INFO - [2023-09-28T16:36:00.371+0000] {dag.py:3677} INFO - Setting next_dagrun for example_time_delta_sensor_async to None, run_after=None
[2023-09-28T16:36:00.390+0000] {processor.py:179} INFO - Processing /home/airflow/.local/lib/python3.8/site-packages/airflow/example_dags/example_time_delta_sensor_async.py took 0.119 seconds
[2023-09-28T17:56:09.925+0000] {processor.py:157} INFO - Started process (PID=53824) to work on /home/airflow/.local/lib/python3.8/site-packages/airflow/example_dags/example_time_delta_sensor_async.py
[2023-09-28T17:56:09.928+0000] {processor.py:829} INFO - Processing file /home/airflow/.local/lib/python3.8/site-packages/airflow/example_dags/example_time_delta_sensor_async.py for tasks to queue
[2023-09-28T17:56:09.930+0000] {logging_mixin.py:151} INFO - [2023-09-28T17:56:09.930+0000] {dagbag.py:539} INFO - Filling up the DagBag from /home/airflow/.local/lib/python3.8/site-packages/airflow/example_dags/example_time_delta_sensor_async.py
[2023-09-28T17:56:09.933+0000] {processor.py:839} INFO - DAG(s) dict_keys(['example_time_delta_sensor_async']) retrieved from /home/airflow/.local/lib/python3.8/site-packages/airflow/example_dags/example_time_delta_sensor_async.py
[2023-09-28T17:56:09.945+0000] {logging_mixin.py:151} INFO - [2023-09-28T17:56:09.945+0000] {dag.py:2907} INFO - Sync 1 DAGs
[2023-09-28T17:56:09.951+0000] {logging_mixin.py:151} INFO - [2023-09-28T17:56:09.951+0000] {dag.py:3677} INFO - Setting next_dagrun for example_time_delta_sensor_async to None, run_after=None
[2023-09-28T17:56:09.958+0000] {processor.py:179} INFO - Processing /home/airflow/.local/lib/python3.8/site-packages/airflow/example_dags/example_time_delta_sensor_async.py took 0.035 seconds
[2023-09-28T19:17:45.955+0000] {processor.py:157} INFO - Started process (PID=53873) to work on /home/airflow/.local/lib/python3.8/site-packages/airflow/example_dags/example_time_delta_sensor_async.py
[2023-09-28T19:17:45.959+0000] {processor.py:829} INFO - Processing file /home/airflow/.local/lib/python3.8/site-packages/airflow/example_dags/example_time_delta_sensor_async.py for tasks to queue
[2023-09-28T19:17:45.965+0000] {logging_mixin.py:151} INFO - [2023-09-28T19:17:45.965+0000] {dagbag.py:539} INFO - Filling up the DagBag from /home/airflow/.local/lib/python3.8/site-packages/airflow/example_dags/example_time_delta_sensor_async.py
[2023-09-28T19:17:45.973+0000] {processor.py:839} INFO - DAG(s) dict_keys(['example_time_delta_sensor_async']) retrieved from /home/airflow/.local/lib/python3.8/site-packages/airflow/example_dags/example_time_delta_sensor_async.py
[2023-09-28T19:17:46.054+0000] {logging_mixin.py:151} INFO - [2023-09-28T19:17:46.054+0000] {dag.py:2907} INFO - Sync 1 DAGs
[2023-09-28T19:17:46.082+0000] {logging_mixin.py:151} INFO - [2023-09-28T19:17:46.082+0000] {dag.py:3677} INFO - Setting next_dagrun for example_time_delta_sensor_async to None, run_after=None
[2023-09-28T19:17:46.109+0000] {processor.py:179} INFO - Processing /home/airflow/.local/lib/python3.8/site-packages/airflow/example_dags/example_time_delta_sensor_async.py took 0.158 seconds
[2023-09-28T20:41:31.228+0000] {processor.py:157} INFO - Started process (PID=53922) to work on /home/airflow/.local/lib/python3.8/site-packages/airflow/example_dags/example_time_delta_sensor_async.py
[2023-09-28T20:41:31.229+0000] {processor.py:829} INFO - Processing file /home/airflow/.local/lib/python3.8/site-packages/airflow/example_dags/example_time_delta_sensor_async.py for tasks to queue
[2023-09-28T20:41:31.230+0000] {logging_mixin.py:151} INFO - [2023-09-28T20:41:31.230+0000] {dagbag.py:539} INFO - Filling up the DagBag from /home/airflow/.local/lib/python3.8/site-packages/airflow/example_dags/example_time_delta_sensor_async.py
[2023-09-28T20:41:31.233+0000] {processor.py:839} INFO - DAG(s) dict_keys(['example_time_delta_sensor_async']) retrieved from /home/airflow/.local/lib/python3.8/site-packages/airflow/example_dags/example_time_delta_sensor_async.py
[2023-09-28T20:41:31.244+0000] {logging_mixin.py:151} INFO - [2023-09-28T20:41:31.244+0000] {dag.py:2907} INFO - Sync 1 DAGs
[2023-09-28T20:41:31.250+0000] {logging_mixin.py:151} INFO - [2023-09-28T20:41:31.250+0000] {dag.py:3677} INFO - Setting next_dagrun for example_time_delta_sensor_async to None, run_after=None
[2023-09-28T20:41:31.257+0000] {processor.py:179} INFO - Processing /home/airflow/.local/lib/python3.8/site-packages/airflow/example_dags/example_time_delta_sensor_async.py took 0.031 seconds
[2023-09-28T22:06:00.952+0000] {processor.py:157} INFO - Started process (PID=53971) to work on /home/airflow/.local/lib/python3.8/site-packages/airflow/example_dags/example_time_delta_sensor_async.py
[2023-09-28T22:06:00.957+0000] {processor.py:829} INFO - Processing file /home/airflow/.local/lib/python3.8/site-packages/airflow/example_dags/example_time_delta_sensor_async.py for tasks to queue
[2023-09-28T22:06:00.962+0000] {logging_mixin.py:151} INFO - [2023-09-28T22:06:00.962+0000] {dagbag.py:539} INFO - Filling up the DagBag from /home/airflow/.local/lib/python3.8/site-packages/airflow/example_dags/example_time_delta_sensor_async.py
[2023-09-28T22:06:00.967+0000] {processor.py:839} INFO - DAG(s) dict_keys(['example_time_delta_sensor_async']) retrieved from /home/airflow/.local/lib/python3.8/site-packages/airflow/example_dags/example_time_delta_sensor_async.py
[2023-09-28T22:06:01.004+0000] {logging_mixin.py:151} INFO - [2023-09-28T22:06:01.004+0000] {dag.py:2907} INFO - Sync 1 DAGs
[2023-09-28T22:06:01.021+0000] {logging_mixin.py:151} INFO - [2023-09-28T22:06:01.020+0000] {dag.py:3677} INFO - Setting next_dagrun for example_time_delta_sensor_async to None, run_after=None
[2023-09-28T22:06:01.048+0000] {processor.py:179} INFO - Processing /home/airflow/.local/lib/python3.8/site-packages/airflow/example_dags/example_time_delta_sensor_async.py took 0.100 seconds
[2023-09-28T23:26:44.181+0000] {processor.py:157} INFO - Started process (PID=54020) to work on /home/airflow/.local/lib/python3.8/site-packages/airflow/example_dags/example_time_delta_sensor_async.py
[2023-09-28T23:26:44.187+0000] {processor.py:829} INFO - Processing file /home/airflow/.local/lib/python3.8/site-packages/airflow/example_dags/example_time_delta_sensor_async.py for tasks to queue
[2023-09-28T23:26:44.189+0000] {logging_mixin.py:151} INFO - [2023-09-28T23:26:44.189+0000] {dagbag.py:539} INFO - Filling up the DagBag from /home/airflow/.local/lib/python3.8/site-packages/airflow/example_dags/example_time_delta_sensor_async.py
[2023-09-28T23:26:44.201+0000] {processor.py:839} INFO - DAG(s) dict_keys(['example_time_delta_sensor_async']) retrieved from /home/airflow/.local/lib/python3.8/site-packages/airflow/example_dags/example_time_delta_sensor_async.py
[2023-09-28T23:26:44.261+0000] {logging_mixin.py:151} INFO - [2023-09-28T23:26:44.261+0000] {dag.py:2907} INFO - Sync 1 DAGs
[2023-09-28T23:26:44.279+0000] {logging_mixin.py:151} INFO - [2023-09-28T23:26:44.279+0000] {dag.py:3677} INFO - Setting next_dagrun for example_time_delta_sensor_async to None, run_after=None
[2023-09-28T23:26:44.306+0000] {processor.py:179} INFO - Processing /home/airflow/.local/lib/python3.8/site-packages/airflow/example_dags/example_time_delta_sensor_async.py took 0.129 seconds
