[2023-09-28T00:01:27.236+0000] {processor.py:157} INFO - Started process (PID=53224) to work on /home/airflow/.local/lib/python3.8/site-packages/airflow/example_dags/example_setup_teardown.py
[2023-09-28T00:01:27.237+0000] {processor.py:829} INFO - Processing file /home/airflow/.local/lib/python3.8/site-packages/airflow/example_dags/example_setup_teardown.py for tasks to queue
[2023-09-28T00:01:27.238+0000] {logging_mixin.py:151} INFO - [2023-09-28T00:01:27.238+0000] {dagbag.py:539} INFO - Filling up the DagBag from /home/airflow/.local/lib/python3.8/site-packages/airflow/example_dags/example_setup_teardown.py
[2023-09-28T00:01:27.241+0000] {processor.py:839} INFO - DAG(s) dict_keys(['example_setup_teardown']) retrieved from /home/airflow/.local/lib/python3.8/site-packages/airflow/example_dags/example_setup_teardown.py
[2023-09-28T00:01:27.252+0000] {logging_mixin.py:151} INFO - [2023-09-28T00:01:27.252+0000] {dag.py:2907} INFO - Sync 1 DAGs
[2023-09-28T00:01:27.262+0000] {logging_mixin.py:151} INFO - [2023-09-28T00:01:27.262+0000] {dag.py:3677} INFO - Setting next_dagrun for example_setup_teardown to 2023-09-27T00:01:27.262194+00:00, run_after=2023-09-28T00:01:27.262194+00:00
[2023-09-28T00:01:27.269+0000] {processor.py:179} INFO - Processing /home/airflow/.local/lib/python3.8/site-packages/airflow/example_dags/example_setup_teardown.py took 0.035 seconds
[2023-09-28T01:23:48.084+0000] {processor.py:157} INFO - Started process (PID=53273) to work on /home/airflow/.local/lib/python3.8/site-packages/airflow/example_dags/example_setup_teardown.py
[2023-09-28T01:23:48.084+0000] {processor.py:829} INFO - Processing file /home/airflow/.local/lib/python3.8/site-packages/airflow/example_dags/example_setup_teardown.py for tasks to queue
[2023-09-28T01:23:48.085+0000] {logging_mixin.py:151} INFO - [2023-09-28T01:23:48.085+0000] {dagbag.py:539} INFO - Filling up the DagBag from /home/airflow/.local/lib/python3.8/site-packages/airflow/example_dags/example_setup_teardown.py
[2023-09-28T01:23:48.090+0000] {processor.py:839} INFO - DAG(s) dict_keys(['example_setup_teardown']) retrieved from /home/airflow/.local/lib/python3.8/site-packages/airflow/example_dags/example_setup_teardown.py
[2023-09-28T01:23:48.102+0000] {logging_mixin.py:151} INFO - [2023-09-28T01:23:48.102+0000] {dag.py:2907} INFO - Sync 1 DAGs
[2023-09-28T01:23:48.114+0000] {logging_mixin.py:151} INFO - [2023-09-28T01:23:48.114+0000] {dag.py:3677} INFO - Setting next_dagrun for example_setup_teardown to 2023-09-27T01:23:48.113942+00:00, run_after=2023-09-28T01:23:48.113942+00:00
[2023-09-28T01:23:48.121+0000] {processor.py:179} INFO - Processing /home/airflow/.local/lib/python3.8/site-packages/airflow/example_dags/example_setup_teardown.py took 0.040 seconds
[2023-09-28T02:47:00.420+0000] {processor.py:157} INFO - Started process (PID=53322) to work on /home/airflow/.local/lib/python3.8/site-packages/airflow/example_dags/example_setup_teardown.py
[2023-09-28T02:47:00.421+0000] {processor.py:829} INFO - Processing file /home/airflow/.local/lib/python3.8/site-packages/airflow/example_dags/example_setup_teardown.py for tasks to queue
[2023-09-28T02:47:00.422+0000] {logging_mixin.py:151} INFO - [2023-09-28T02:47:00.422+0000] {dagbag.py:539} INFO - Filling up the DagBag from /home/airflow/.local/lib/python3.8/site-packages/airflow/example_dags/example_setup_teardown.py
[2023-09-28T02:47:00.426+0000] {processor.py:839} INFO - DAG(s) dict_keys(['example_setup_teardown']) retrieved from /home/airflow/.local/lib/python3.8/site-packages/airflow/example_dags/example_setup_teardown.py
[2023-09-28T02:47:00.436+0000] {logging_mixin.py:151} INFO - [2023-09-28T02:47:00.436+0000] {dag.py:2907} INFO - Sync 1 DAGs
[2023-09-28T02:47:00.446+0000] {logging_mixin.py:151} INFO - [2023-09-28T02:47:00.446+0000] {dag.py:3677} INFO - Setting next_dagrun for example_setup_teardown to 2023-09-27T02:47:00.446024+00:00, run_after=2023-09-28T02:47:00.446024+00:00
[2023-09-28T02:47:00.453+0000] {processor.py:179} INFO - Processing /home/airflow/.local/lib/python3.8/site-packages/airflow/example_dags/example_setup_teardown.py took 0.035 seconds
[2023-09-28T04:11:01.917+0000] {processor.py:157} INFO - Started process (PID=53371) to work on /home/airflow/.local/lib/python3.8/site-packages/airflow/example_dags/example_setup_teardown.py
[2023-09-28T04:11:01.919+0000] {processor.py:829} INFO - Processing file /home/airflow/.local/lib/python3.8/site-packages/airflow/example_dags/example_setup_teardown.py for tasks to queue
[2023-09-28T04:11:01.921+0000] {logging_mixin.py:151} INFO - [2023-09-28T04:11:01.921+0000] {dagbag.py:539} INFO - Filling up the DagBag from /home/airflow/.local/lib/python3.8/site-packages/airflow/example_dags/example_setup_teardown.py
[2023-09-28T04:11:01.929+0000] {processor.py:839} INFO - DAG(s) dict_keys(['example_setup_teardown']) retrieved from /home/airflow/.local/lib/python3.8/site-packages/airflow/example_dags/example_setup_teardown.py
[2023-09-28T04:11:01.943+0000] {logging_mixin.py:151} INFO - [2023-09-28T04:11:01.943+0000] {dag.py:2907} INFO - Sync 1 DAGs
[2023-09-28T04:11:01.954+0000] {logging_mixin.py:151} INFO - [2023-09-28T04:11:01.953+0000] {dag.py:3677} INFO - Setting next_dagrun for example_setup_teardown to 2023-09-27T04:11:01.953811+00:00, run_after=2023-09-28T04:11:01.953811+00:00
[2023-09-28T04:11:01.962+0000] {processor.py:179} INFO - Processing /home/airflow/.local/lib/python3.8/site-packages/airflow/example_dags/example_setup_teardown.py took 0.048 seconds
[2023-09-28T05:38:42.510+0000] {processor.py:157} INFO - Started process (PID=53420) to work on /home/airflow/.local/lib/python3.8/site-packages/airflow/example_dags/example_setup_teardown.py
[2023-09-28T05:38:42.511+0000] {processor.py:829} INFO - Processing file /home/airflow/.local/lib/python3.8/site-packages/airflow/example_dags/example_setup_teardown.py for tasks to queue
[2023-09-28T05:38:42.513+0000] {logging_mixin.py:151} INFO - [2023-09-28T05:38:42.512+0000] {dagbag.py:539} INFO - Filling up the DagBag from /home/airflow/.local/lib/python3.8/site-packages/airflow/example_dags/example_setup_teardown.py
[2023-09-28T05:38:42.517+0000] {processor.py:839} INFO - DAG(s) dict_keys(['example_setup_teardown']) retrieved from /home/airflow/.local/lib/python3.8/site-packages/airflow/example_dags/example_setup_teardown.py
[2023-09-28T05:38:42.528+0000] {logging_mixin.py:151} INFO - [2023-09-28T05:38:42.528+0000] {dag.py:2907} INFO - Sync 1 DAGs
[2023-09-28T05:38:42.538+0000] {logging_mixin.py:151} INFO - [2023-09-28T05:38:42.538+0000] {dag.py:3677} INFO - Setting next_dagrun for example_setup_teardown to 2023-09-27T05:38:42.538622+00:00, run_after=2023-09-28T05:38:42.538622+00:00
[2023-09-28T05:38:42.545+0000] {processor.py:179} INFO - Processing /home/airflow/.local/lib/python3.8/site-packages/airflow/example_dags/example_setup_teardown.py took 0.037 seconds
[2023-09-28T07:02:03.117+0000] {processor.py:157} INFO - Started process (PID=53469) to work on /home/airflow/.local/lib/python3.8/site-packages/airflow/example_dags/example_setup_teardown.py
[2023-09-28T07:02:03.117+0000] {processor.py:829} INFO - Processing file /home/airflow/.local/lib/python3.8/site-packages/airflow/example_dags/example_setup_teardown.py for tasks to queue
[2023-09-28T07:02:03.119+0000] {logging_mixin.py:151} INFO - [2023-09-28T07:02:03.118+0000] {dagbag.py:539} INFO - Filling up the DagBag from /home/airflow/.local/lib/python3.8/site-packages/airflow/example_dags/example_setup_teardown.py
[2023-09-28T07:02:03.122+0000] {processor.py:839} INFO - DAG(s) dict_keys(['example_setup_teardown']) retrieved from /home/airflow/.local/lib/python3.8/site-packages/airflow/example_dags/example_setup_teardown.py
[2023-09-28T07:02:03.133+0000] {logging_mixin.py:151} INFO - [2023-09-28T07:02:03.133+0000] {dag.py:2907} INFO - Sync 1 DAGs
[2023-09-28T07:02:03.143+0000] {logging_mixin.py:151} INFO - [2023-09-28T07:02:03.143+0000] {dag.py:3677} INFO - Setting next_dagrun for example_setup_teardown to 2023-09-27T07:02:03.143412+00:00, run_after=2023-09-28T07:02:03.143412+00:00
[2023-09-28T07:02:03.151+0000] {processor.py:179} INFO - Processing /home/airflow/.local/lib/python3.8/site-packages/airflow/example_dags/example_setup_teardown.py took 0.036 seconds
[2023-09-28T08:20:26.385+0000] {processor.py:157} INFO - Started process (PID=53518) to work on /home/airflow/.local/lib/python3.8/site-packages/airflow/example_dags/example_setup_teardown.py
[2023-09-28T08:20:26.385+0000] {processor.py:829} INFO - Processing file /home/airflow/.local/lib/python3.8/site-packages/airflow/example_dags/example_setup_teardown.py for tasks to queue
[2023-09-28T08:20:26.387+0000] {logging_mixin.py:151} INFO - [2023-09-28T08:20:26.387+0000] {dagbag.py:539} INFO - Filling up the DagBag from /home/airflow/.local/lib/python3.8/site-packages/airflow/example_dags/example_setup_teardown.py
[2023-09-28T08:20:26.390+0000] {processor.py:839} INFO - DAG(s) dict_keys(['example_setup_teardown']) retrieved from /home/airflow/.local/lib/python3.8/site-packages/airflow/example_dags/example_setup_teardown.py
[2023-09-28T08:20:26.402+0000] {logging_mixin.py:151} INFO - [2023-09-28T08:20:26.402+0000] {dag.py:2907} INFO - Sync 1 DAGs
[2023-09-28T08:20:26.412+0000] {logging_mixin.py:151} INFO - [2023-09-28T08:20:26.412+0000] {dag.py:3677} INFO - Setting next_dagrun for example_setup_teardown to 2023-09-27T08:20:26.411879+00:00, run_after=2023-09-28T08:20:26.411879+00:00
[2023-09-28T08:20:26.418+0000] {processor.py:179} INFO - Processing /home/airflow/.local/lib/python3.8/site-packages/airflow/example_dags/example_setup_teardown.py took 0.036 seconds
[2023-09-28T09:43:21.317+0000] {processor.py:157} INFO - Started process (PID=53567) to work on /home/airflow/.local/lib/python3.8/site-packages/airflow/example_dags/example_setup_teardown.py
[2023-09-28T09:43:21.317+0000] {processor.py:829} INFO - Processing file /home/airflow/.local/lib/python3.8/site-packages/airflow/example_dags/example_setup_teardown.py for tasks to queue
[2023-09-28T09:43:21.319+0000] {logging_mixin.py:151} INFO - [2023-09-28T09:43:21.319+0000] {dagbag.py:539} INFO - Filling up the DagBag from /home/airflow/.local/lib/python3.8/site-packages/airflow/example_dags/example_setup_teardown.py
[2023-09-28T09:43:21.323+0000] {processor.py:839} INFO - DAG(s) dict_keys(['example_setup_teardown']) retrieved from /home/airflow/.local/lib/python3.8/site-packages/airflow/example_dags/example_setup_teardown.py
[2023-09-28T09:43:21.334+0000] {logging_mixin.py:151} INFO - [2023-09-28T09:43:21.334+0000] {dag.py:2907} INFO - Sync 1 DAGs
[2023-09-28T09:43:21.343+0000] {logging_mixin.py:151} INFO - [2023-09-28T09:43:21.343+0000] {dag.py:3677} INFO - Setting next_dagrun for example_setup_teardown to 2023-09-27T09:43:21.343490+00:00, run_after=2023-09-28T09:43:21.343490+00:00
[2023-09-28T09:43:21.350+0000] {processor.py:179} INFO - Processing /home/airflow/.local/lib/python3.8/site-packages/airflow/example_dags/example_setup_teardown.py took 0.035 seconds
[2023-09-28T11:03:53.922+0000] {processor.py:157} INFO - Started process (PID=53616) to work on /home/airflow/.local/lib/python3.8/site-packages/airflow/example_dags/example_setup_teardown.py
[2023-09-28T11:03:53.923+0000] {processor.py:829} INFO - Processing file /home/airflow/.local/lib/python3.8/site-packages/airflow/example_dags/example_setup_teardown.py for tasks to queue
[2023-09-28T11:03:53.924+0000] {logging_mixin.py:151} INFO - [2023-09-28T11:03:53.924+0000] {dagbag.py:539} INFO - Filling up the DagBag from /home/airflow/.local/lib/python3.8/site-packages/airflow/example_dags/example_setup_teardown.py
[2023-09-28T11:03:53.927+0000] {processor.py:839} INFO - DAG(s) dict_keys(['example_setup_teardown']) retrieved from /home/airflow/.local/lib/python3.8/site-packages/airflow/example_dags/example_setup_teardown.py
[2023-09-28T11:03:53.938+0000] {logging_mixin.py:151} INFO - [2023-09-28T11:03:53.938+0000] {dag.py:2907} INFO - Sync 1 DAGs
[2023-09-28T11:03:53.948+0000] {logging_mixin.py:151} INFO - [2023-09-28T11:03:53.948+0000] {dag.py:3677} INFO - Setting next_dagrun for example_setup_teardown to 2023-09-27T11:03:53.948093+00:00, run_after=2023-09-28T11:03:53.948093+00:00
[2023-09-28T11:03:53.955+0000] {processor.py:179} INFO - Processing /home/airflow/.local/lib/python3.8/site-packages/airflow/example_dags/example_setup_teardown.py took 0.034 seconds
[2023-09-28T12:27:12.472+0000] {processor.py:157} INFO - Started process (PID=53665) to work on /home/airflow/.local/lib/python3.8/site-packages/airflow/example_dags/example_setup_teardown.py
[2023-09-28T12:27:12.472+0000] {processor.py:829} INFO - Processing file /home/airflow/.local/lib/python3.8/site-packages/airflow/example_dags/example_setup_teardown.py for tasks to queue
[2023-09-28T12:27:12.473+0000] {logging_mixin.py:151} INFO - [2023-09-28T12:27:12.473+0000] {dagbag.py:539} INFO - Filling up the DagBag from /home/airflow/.local/lib/python3.8/site-packages/airflow/example_dags/example_setup_teardown.py
[2023-09-28T12:27:12.477+0000] {processor.py:839} INFO - DAG(s) dict_keys(['example_setup_teardown']) retrieved from /home/airflow/.local/lib/python3.8/site-packages/airflow/example_dags/example_setup_teardown.py
[2023-09-28T12:27:12.487+0000] {logging_mixin.py:151} INFO - [2023-09-28T12:27:12.487+0000] {dag.py:2907} INFO - Sync 1 DAGs
[2023-09-28T12:27:12.497+0000] {logging_mixin.py:151} INFO - [2023-09-28T12:27:12.497+0000] {dag.py:3677} INFO - Setting next_dagrun for example_setup_teardown to 2023-09-27T12:27:12.497440+00:00, run_after=2023-09-28T12:27:12.497440+00:00
[2023-09-28T12:27:12.504+0000] {processor.py:179} INFO - Processing /home/airflow/.local/lib/python3.8/site-packages/airflow/example_dags/example_setup_teardown.py took 0.035 seconds
[2023-09-28T13:50:02.665+0000] {processor.py:157} INFO - Started process (PID=53714) to work on /home/airflow/.local/lib/python3.8/site-packages/airflow/example_dags/example_setup_teardown.py
[2023-09-28T13:50:02.666+0000] {processor.py:829} INFO - Processing file /home/airflow/.local/lib/python3.8/site-packages/airflow/example_dags/example_setup_teardown.py for tasks to queue
[2023-09-28T13:50:02.667+0000] {logging_mixin.py:151} INFO - [2023-09-28T13:50:02.667+0000] {dagbag.py:539} INFO - Filling up the DagBag from /home/airflow/.local/lib/python3.8/site-packages/airflow/example_dags/example_setup_teardown.py
[2023-09-28T13:50:02.671+0000] {processor.py:839} INFO - DAG(s) dict_keys(['example_setup_teardown']) retrieved from /home/airflow/.local/lib/python3.8/site-packages/airflow/example_dags/example_setup_teardown.py
[2023-09-28T13:50:02.681+0000] {logging_mixin.py:151} INFO - [2023-09-28T13:50:02.681+0000] {dag.py:2907} INFO - Sync 1 DAGs
[2023-09-28T13:50:02.690+0000] {logging_mixin.py:151} INFO - [2023-09-28T13:50:02.690+0000] {dag.py:3677} INFO - Setting next_dagrun for example_setup_teardown to 2023-09-27T13:50:02.690666+00:00, run_after=2023-09-28T13:50:02.690666+00:00
[2023-09-28T13:50:02.697+0000] {processor.py:179} INFO - Processing /home/airflow/.local/lib/python3.8/site-packages/airflow/example_dags/example_setup_teardown.py took 0.034 seconds
[2023-09-28T15:11:34.314+0000] {processor.py:157} INFO - Started process (PID=53763) to work on /home/airflow/.local/lib/python3.8/site-packages/airflow/example_dags/example_setup_teardown.py
[2023-09-28T15:11:34.315+0000] {processor.py:829} INFO - Processing file /home/airflow/.local/lib/python3.8/site-packages/airflow/example_dags/example_setup_teardown.py for tasks to queue
[2023-09-28T15:11:34.316+0000] {logging_mixin.py:151} INFO - [2023-09-28T15:11:34.316+0000] {dagbag.py:539} INFO - Filling up the DagBag from /home/airflow/.local/lib/python3.8/site-packages/airflow/example_dags/example_setup_teardown.py
[2023-09-28T15:11:34.319+0000] {processor.py:839} INFO - DAG(s) dict_keys(['example_setup_teardown']) retrieved from /home/airflow/.local/lib/python3.8/site-packages/airflow/example_dags/example_setup_teardown.py
[2023-09-28T15:11:34.330+0000] {logging_mixin.py:151} INFO - [2023-09-28T15:11:34.330+0000] {dag.py:2907} INFO - Sync 1 DAGs
[2023-09-28T15:11:34.340+0000] {logging_mixin.py:151} INFO - [2023-09-28T15:11:34.340+0000] {dag.py:3677} INFO - Setting next_dagrun for example_setup_teardown to 2023-09-27T15:11:34.340256+00:00, run_after=2023-09-28T15:11:34.340256+00:00
[2023-09-28T15:11:34.347+0000] {processor.py:179} INFO - Processing /home/airflow/.local/lib/python3.8/site-packages/airflow/example_dags/example_setup_teardown.py took 0.035 seconds
[2023-09-28T16:36:02.024+0000] {processor.py:157} INFO - Started process (PID=53812) to work on /home/airflow/.local/lib/python3.8/site-packages/airflow/example_dags/example_setup_teardown.py
[2023-09-28T16:36:02.024+0000] {processor.py:829} INFO - Processing file /home/airflow/.local/lib/python3.8/site-packages/airflow/example_dags/example_setup_teardown.py for tasks to queue
[2023-09-28T16:36:02.025+0000] {logging_mixin.py:151} INFO - [2023-09-28T16:36:02.025+0000] {dagbag.py:539} INFO - Filling up the DagBag from /home/airflow/.local/lib/python3.8/site-packages/airflow/example_dags/example_setup_teardown.py
[2023-09-28T16:36:02.029+0000] {processor.py:839} INFO - DAG(s) dict_keys(['example_setup_teardown']) retrieved from /home/airflow/.local/lib/python3.8/site-packages/airflow/example_dags/example_setup_teardown.py
[2023-09-28T16:36:02.040+0000] {logging_mixin.py:151} INFO - [2023-09-28T16:36:02.040+0000] {dag.py:2907} INFO - Sync 1 DAGs
[2023-09-28T16:36:02.049+0000] {logging_mixin.py:151} INFO - [2023-09-28T16:36:02.049+0000] {dag.py:3677} INFO - Setting next_dagrun for example_setup_teardown to 2023-09-27T16:36:02.049779+00:00, run_after=2023-09-28T16:36:02.049779+00:00
[2023-09-28T16:36:02.056+0000] {processor.py:179} INFO - Processing /home/airflow/.local/lib/python3.8/site-packages/airflow/example_dags/example_setup_teardown.py took 0.035 seconds
[2023-09-28T17:56:11.894+0000] {processor.py:157} INFO - Started process (PID=53861) to work on /home/airflow/.local/lib/python3.8/site-packages/airflow/example_dags/example_setup_teardown.py
[2023-09-28T17:56:11.895+0000] {processor.py:829} INFO - Processing file /home/airflow/.local/lib/python3.8/site-packages/airflow/example_dags/example_setup_teardown.py for tasks to queue
[2023-09-28T17:56:11.896+0000] {logging_mixin.py:151} INFO - [2023-09-28T17:56:11.896+0000] {dagbag.py:539} INFO - Filling up the DagBag from /home/airflow/.local/lib/python3.8/site-packages/airflow/example_dags/example_setup_teardown.py
[2023-09-28T17:56:11.900+0000] {processor.py:839} INFO - DAG(s) dict_keys(['example_setup_teardown']) retrieved from /home/airflow/.local/lib/python3.8/site-packages/airflow/example_dags/example_setup_teardown.py
[2023-09-28T17:56:11.911+0000] {logging_mixin.py:151} INFO - [2023-09-28T17:56:11.911+0000] {dag.py:2907} INFO - Sync 1 DAGs
[2023-09-28T17:56:11.921+0000] {logging_mixin.py:151} INFO - [2023-09-28T17:56:11.921+0000] {dag.py:3677} INFO - Setting next_dagrun for example_setup_teardown to 2023-09-27T17:56:11.921392+00:00, run_after=2023-09-28T17:56:11.921392+00:00
[2023-09-28T17:56:11.928+0000] {processor.py:179} INFO - Processing /home/airflow/.local/lib/python3.8/site-packages/airflow/example_dags/example_setup_teardown.py took 0.036 seconds
[2023-09-28T19:17:47.394+0000] {processor.py:157} INFO - Started process (PID=53910) to work on /home/airflow/.local/lib/python3.8/site-packages/airflow/example_dags/example_setup_teardown.py
[2023-09-28T19:17:47.394+0000] {processor.py:829} INFO - Processing file /home/airflow/.local/lib/python3.8/site-packages/airflow/example_dags/example_setup_teardown.py for tasks to queue
[2023-09-28T19:17:47.395+0000] {logging_mixin.py:151} INFO - [2023-09-28T19:17:47.395+0000] {dagbag.py:539} INFO - Filling up the DagBag from /home/airflow/.local/lib/python3.8/site-packages/airflow/example_dags/example_setup_teardown.py
[2023-09-28T19:17:47.399+0000] {processor.py:839} INFO - DAG(s) dict_keys(['example_setup_teardown']) retrieved from /home/airflow/.local/lib/python3.8/site-packages/airflow/example_dags/example_setup_teardown.py
[2023-09-28T19:17:47.409+0000] {logging_mixin.py:151} INFO - [2023-09-28T19:17:47.409+0000] {dag.py:2907} INFO - Sync 1 DAGs
[2023-09-28T19:17:47.419+0000] {logging_mixin.py:151} INFO - [2023-09-28T19:17:47.419+0000] {dag.py:3677} INFO - Setting next_dagrun for example_setup_teardown to 2023-09-27T19:17:47.419177+00:00, run_after=2023-09-28T19:17:47.419177+00:00
[2023-09-28T19:17:47.426+0000] {processor.py:179} INFO - Processing /home/airflow/.local/lib/python3.8/site-packages/airflow/example_dags/example_setup_teardown.py took 0.034 seconds
[2023-09-28T20:41:33.147+0000] {processor.py:157} INFO - Started process (PID=53959) to work on /home/airflow/.local/lib/python3.8/site-packages/airflow/example_dags/example_setup_teardown.py
[2023-09-28T20:41:33.148+0000] {processor.py:829} INFO - Processing file /home/airflow/.local/lib/python3.8/site-packages/airflow/example_dags/example_setup_teardown.py for tasks to queue
[2023-09-28T20:41:33.149+0000] {logging_mixin.py:151} INFO - [2023-09-28T20:41:33.149+0000] {dagbag.py:539} INFO - Filling up the DagBag from /home/airflow/.local/lib/python3.8/site-packages/airflow/example_dags/example_setup_teardown.py
[2023-09-28T20:41:33.153+0000] {processor.py:839} INFO - DAG(s) dict_keys(['example_setup_teardown']) retrieved from /home/airflow/.local/lib/python3.8/site-packages/airflow/example_dags/example_setup_teardown.py
[2023-09-28T20:41:33.163+0000] {logging_mixin.py:151} INFO - [2023-09-28T20:41:33.163+0000] {dag.py:2907} INFO - Sync 1 DAGs
[2023-09-28T20:41:33.173+0000] {logging_mixin.py:151} INFO - [2023-09-28T20:41:33.173+0000] {dag.py:3677} INFO - Setting next_dagrun for example_setup_teardown to 2023-09-27T20:41:33.173113+00:00, run_after=2023-09-28T20:41:33.173113+00:00
[2023-09-28T20:41:33.181+0000] {processor.py:179} INFO - Processing /home/airflow/.local/lib/python3.8/site-packages/airflow/example_dags/example_setup_teardown.py took 0.036 seconds
[2023-09-28T22:06:02.244+0000] {processor.py:157} INFO - Started process (PID=54008) to work on /home/airflow/.local/lib/python3.8/site-packages/airflow/example_dags/example_setup_teardown.py
[2023-09-28T22:06:02.245+0000] {processor.py:829} INFO - Processing file /home/airflow/.local/lib/python3.8/site-packages/airflow/example_dags/example_setup_teardown.py for tasks to queue
[2023-09-28T22:06:02.246+0000] {logging_mixin.py:151} INFO - [2023-09-28T22:06:02.246+0000] {dagbag.py:539} INFO - Filling up the DagBag from /home/airflow/.local/lib/python3.8/site-packages/airflow/example_dags/example_setup_teardown.py
[2023-09-28T22:06:02.249+0000] {processor.py:839} INFO - DAG(s) dict_keys(['example_setup_teardown']) retrieved from /home/airflow/.local/lib/python3.8/site-packages/airflow/example_dags/example_setup_teardown.py
[2023-09-28T22:06:02.259+0000] {logging_mixin.py:151} INFO - [2023-09-28T22:06:02.259+0000] {dag.py:2907} INFO - Sync 1 DAGs
[2023-09-28T22:06:02.269+0000] {logging_mixin.py:151} INFO - [2023-09-28T22:06:02.269+0000] {dag.py:3677} INFO - Setting next_dagrun for example_setup_teardown to 2023-09-27T22:06:02.269054+00:00, run_after=2023-09-28T22:06:02.269054+00:00
[2023-09-28T22:06:02.275+0000] {processor.py:179} INFO - Processing /home/airflow/.local/lib/python3.8/site-packages/airflow/example_dags/example_setup_teardown.py took 0.034 seconds
[2023-09-28T23:26:45.721+0000] {processor.py:157} INFO - Started process (PID=54057) to work on /home/airflow/.local/lib/python3.8/site-packages/airflow/example_dags/example_setup_teardown.py
[2023-09-28T23:26:45.721+0000] {processor.py:829} INFO - Processing file /home/airflow/.local/lib/python3.8/site-packages/airflow/example_dags/example_setup_teardown.py for tasks to queue
[2023-09-28T23:26:45.723+0000] {logging_mixin.py:151} INFO - [2023-09-28T23:26:45.723+0000] {dagbag.py:539} INFO - Filling up the DagBag from /home/airflow/.local/lib/python3.8/site-packages/airflow/example_dags/example_setup_teardown.py
[2023-09-28T23:26:45.726+0000] {processor.py:839} INFO - DAG(s) dict_keys(['example_setup_teardown']) retrieved from /home/airflow/.local/lib/python3.8/site-packages/airflow/example_dags/example_setup_teardown.py
[2023-09-28T23:26:45.737+0000] {logging_mixin.py:151} INFO - [2023-09-28T23:26:45.737+0000] {dag.py:2907} INFO - Sync 1 DAGs
[2023-09-28T23:26:45.747+0000] {logging_mixin.py:151} INFO - [2023-09-28T23:26:45.747+0000] {dag.py:3677} INFO - Setting next_dagrun for example_setup_teardown to 2023-09-27T23:26:45.747412+00:00, run_after=2023-09-28T23:26:45.747412+00:00
[2023-09-28T23:26:45.755+0000] {processor.py:179} INFO - Processing /home/airflow/.local/lib/python3.8/site-packages/airflow/example_dags/example_setup_teardown.py took 0.036 seconds
