[2023-09-28T00:01:26.323+0000] {processor.py:157} INFO - Started process (PID=53199) to work on /home/airflow/.local/lib/python3.8/site-packages/airflow/example_dags/example_branch_operator_decorator.py
[2023-09-28T00:01:26.328+0000] {processor.py:829} INFO - Processing file /home/airflow/.local/lib/python3.8/site-packages/airflow/example_dags/example_branch_operator_decorator.py for tasks to queue
[2023-09-28T00:01:26.337+0000] {logging_mixin.py:151} INFO - [2023-09-28T00:01:26.336+0000] {dagbag.py:539} INFO - Filling up the DagBag from /home/airflow/.local/lib/python3.8/site-packages/airflow/example_dags/example_branch_operator_decorator.py
[2023-09-28T00:01:26.359+0000] {processor.py:839} INFO - DAG(s) dict_keys(['example_branch_python_operator_decorator']) retrieved from /home/airflow/.local/lib/python3.8/site-packages/airflow/example_dags/example_branch_operator_decorator.py
[2023-09-28T00:01:26.390+0000] {logging_mixin.py:151} INFO - [2023-09-28T00:01:26.390+0000] {dag.py:2907} INFO - Sync 1 DAGs
[2023-09-28T00:01:26.413+0000] {logging_mixin.py:151} INFO - [2023-09-28T00:01:26.413+0000] {dag.py:3677} INFO - Setting next_dagrun for example_branch_python_operator_decorator to 2023-09-27T00:00:00+00:00, run_after=2023-09-28T00:00:00+00:00
[2023-09-28T00:01:26.431+0000] {processor.py:179} INFO - Processing /home/airflow/.local/lib/python3.8/site-packages/airflow/example_dags/example_branch_operator_decorator.py took 0.114 seconds
[2023-09-28T01:23:47.374+0000] {processor.py:157} INFO - Started process (PID=53248) to work on /home/airflow/.local/lib/python3.8/site-packages/airflow/example_dags/example_branch_operator_decorator.py
[2023-09-28T01:23:47.374+0000] {processor.py:829} INFO - Processing file /home/airflow/.local/lib/python3.8/site-packages/airflow/example_dags/example_branch_operator_decorator.py for tasks to queue
[2023-09-28T01:23:47.376+0000] {logging_mixin.py:151} INFO - [2023-09-28T01:23:47.376+0000] {dagbag.py:539} INFO - Filling up the DagBag from /home/airflow/.local/lib/python3.8/site-packages/airflow/example_dags/example_branch_operator_decorator.py
[2023-09-28T01:23:47.381+0000] {processor.py:839} INFO - DAG(s) dict_keys(['example_branch_python_operator_decorator']) retrieved from /home/airflow/.local/lib/python3.8/site-packages/airflow/example_dags/example_branch_operator_decorator.py
[2023-09-28T01:23:47.392+0000] {logging_mixin.py:151} INFO - [2023-09-28T01:23:47.392+0000] {dag.py:2907} INFO - Sync 1 DAGs
[2023-09-28T01:23:47.402+0000] {logging_mixin.py:151} INFO - [2023-09-28T01:23:47.402+0000] {dag.py:3677} INFO - Setting next_dagrun for example_branch_python_operator_decorator to 2023-09-27T00:00:00+00:00, run_after=2023-09-28T00:00:00+00:00
[2023-09-28T01:23:47.409+0000] {processor.py:179} INFO - Processing /home/airflow/.local/lib/python3.8/site-packages/airflow/example_dags/example_branch_operator_decorator.py took 0.037 seconds
[2023-09-28T02:46:59.717+0000] {processor.py:157} INFO - Started process (PID=53297) to work on /home/airflow/.local/lib/python3.8/site-packages/airflow/example_dags/example_branch_operator_decorator.py
[2023-09-28T02:46:59.717+0000] {processor.py:829} INFO - Processing file /home/airflow/.local/lib/python3.8/site-packages/airflow/example_dags/example_branch_operator_decorator.py for tasks to queue
[2023-09-28T02:46:59.718+0000] {logging_mixin.py:151} INFO - [2023-09-28T02:46:59.718+0000] {dagbag.py:539} INFO - Filling up the DagBag from /home/airflow/.local/lib/python3.8/site-packages/airflow/example_dags/example_branch_operator_decorator.py
[2023-09-28T02:46:59.724+0000] {processor.py:839} INFO - DAG(s) dict_keys(['example_branch_python_operator_decorator']) retrieved from /home/airflow/.local/lib/python3.8/site-packages/airflow/example_dags/example_branch_operator_decorator.py
[2023-09-28T02:46:59.735+0000] {logging_mixin.py:151} INFO - [2023-09-28T02:46:59.735+0000] {dag.py:2907} INFO - Sync 1 DAGs
[2023-09-28T02:46:59.748+0000] {logging_mixin.py:151} INFO - [2023-09-28T02:46:59.748+0000] {dag.py:3677} INFO - Setting next_dagrun for example_branch_python_operator_decorator to 2023-09-27T00:00:00+00:00, run_after=2023-09-28T00:00:00+00:00
[2023-09-28T02:46:59.756+0000] {processor.py:179} INFO - Processing /home/airflow/.local/lib/python3.8/site-packages/airflow/example_dags/example_branch_operator_decorator.py took 0.041 seconds
[2023-09-28T04:11:00.455+0000] {processor.py:157} INFO - Started process (PID=53346) to work on /home/airflow/.local/lib/python3.8/site-packages/airflow/example_dags/example_branch_operator_decorator.py
[2023-09-28T04:11:00.456+0000] {processor.py:829} INFO - Processing file /home/airflow/.local/lib/python3.8/site-packages/airflow/example_dags/example_branch_operator_decorator.py for tasks to queue
[2023-09-28T04:11:00.457+0000] {logging_mixin.py:151} INFO - [2023-09-28T04:11:00.457+0000] {dagbag.py:539} INFO - Filling up the DagBag from /home/airflow/.local/lib/python3.8/site-packages/airflow/example_dags/example_branch_operator_decorator.py
[2023-09-28T04:11:00.462+0000] {processor.py:839} INFO - DAG(s) dict_keys(['example_branch_python_operator_decorator']) retrieved from /home/airflow/.local/lib/python3.8/site-packages/airflow/example_dags/example_branch_operator_decorator.py
[2023-09-28T04:11:00.474+0000] {logging_mixin.py:151} INFO - [2023-09-28T04:11:00.474+0000] {dag.py:2907} INFO - Sync 1 DAGs
[2023-09-28T04:11:00.484+0000] {logging_mixin.py:151} INFO - [2023-09-28T04:11:00.484+0000] {dag.py:3677} INFO - Setting next_dagrun for example_branch_python_operator_decorator to 2023-09-27T00:00:00+00:00, run_after=2023-09-28T00:00:00+00:00
[2023-09-28T04:11:00.491+0000] {processor.py:179} INFO - Processing /home/airflow/.local/lib/python3.8/site-packages/airflow/example_dags/example_branch_operator_decorator.py took 0.038 seconds
[2023-09-28T05:38:41.766+0000] {processor.py:157} INFO - Started process (PID=53395) to work on /home/airflow/.local/lib/python3.8/site-packages/airflow/example_dags/example_branch_operator_decorator.py
[2023-09-28T05:38:41.767+0000] {processor.py:829} INFO - Processing file /home/airflow/.local/lib/python3.8/site-packages/airflow/example_dags/example_branch_operator_decorator.py for tasks to queue
[2023-09-28T05:38:41.768+0000] {logging_mixin.py:151} INFO - [2023-09-28T05:38:41.768+0000] {dagbag.py:539} INFO - Filling up the DagBag from /home/airflow/.local/lib/python3.8/site-packages/airflow/example_dags/example_branch_operator_decorator.py
[2023-09-28T05:38:41.774+0000] {processor.py:839} INFO - DAG(s) dict_keys(['example_branch_python_operator_decorator']) retrieved from /home/airflow/.local/lib/python3.8/site-packages/airflow/example_dags/example_branch_operator_decorator.py
[2023-09-28T05:38:41.785+0000] {logging_mixin.py:151} INFO - [2023-09-28T05:38:41.785+0000] {dag.py:2907} INFO - Sync 1 DAGs
[2023-09-28T05:38:41.796+0000] {logging_mixin.py:151} INFO - [2023-09-28T05:38:41.796+0000] {dag.py:3677} INFO - Setting next_dagrun for example_branch_python_operator_decorator to 2023-09-27T00:00:00+00:00, run_after=2023-09-28T00:00:00+00:00
[2023-09-28T05:38:41.803+0000] {processor.py:179} INFO - Processing /home/airflow/.local/lib/python3.8/site-packages/airflow/example_dags/example_branch_operator_decorator.py took 0.038 seconds
[2023-09-28T07:02:01.916+0000] {processor.py:157} INFO - Started process (PID=53444) to work on /home/airflow/.local/lib/python3.8/site-packages/airflow/example_dags/example_branch_operator_decorator.py
[2023-09-28T07:02:01.923+0000] {processor.py:829} INFO - Processing file /home/airflow/.local/lib/python3.8/site-packages/airflow/example_dags/example_branch_operator_decorator.py for tasks to queue
[2023-09-28T07:02:01.928+0000] {logging_mixin.py:151} INFO - [2023-09-28T07:02:01.928+0000] {dagbag.py:539} INFO - Filling up the DagBag from /home/airflow/.local/lib/python3.8/site-packages/airflow/example_dags/example_branch_operator_decorator.py
[2023-09-28T07:02:01.950+0000] {processor.py:839} INFO - DAG(s) dict_keys(['example_branch_python_operator_decorator']) retrieved from /home/airflow/.local/lib/python3.8/site-packages/airflow/example_dags/example_branch_operator_decorator.py
[2023-09-28T07:02:01.981+0000] {logging_mixin.py:151} INFO - [2023-09-28T07:02:01.981+0000] {dag.py:2907} INFO - Sync 1 DAGs
[2023-09-28T07:02:01.999+0000] {logging_mixin.py:151} INFO - [2023-09-28T07:02:01.999+0000] {dag.py:3677} INFO - Setting next_dagrun for example_branch_python_operator_decorator to 2023-09-27T00:00:00+00:00, run_after=2023-09-28T00:00:00+00:00
[2023-09-28T07:02:02.024+0000] {processor.py:179} INFO - Processing /home/airflow/.local/lib/python3.8/site-packages/airflow/example_dags/example_branch_operator_decorator.py took 0.114 seconds
[2023-09-28T08:20:25.633+0000] {processor.py:157} INFO - Started process (PID=53493) to work on /home/airflow/.local/lib/python3.8/site-packages/airflow/example_dags/example_branch_operator_decorator.py
[2023-09-28T08:20:25.634+0000] {processor.py:829} INFO - Processing file /home/airflow/.local/lib/python3.8/site-packages/airflow/example_dags/example_branch_operator_decorator.py for tasks to queue
[2023-09-28T08:20:25.635+0000] {logging_mixin.py:151} INFO - [2023-09-28T08:20:25.635+0000] {dagbag.py:539} INFO - Filling up the DagBag from /home/airflow/.local/lib/python3.8/site-packages/airflow/example_dags/example_branch_operator_decorator.py
[2023-09-28T08:20:25.640+0000] {processor.py:839} INFO - DAG(s) dict_keys(['example_branch_python_operator_decorator']) retrieved from /home/airflow/.local/lib/python3.8/site-packages/airflow/example_dags/example_branch_operator_decorator.py
[2023-09-28T08:20:25.651+0000] {logging_mixin.py:151} INFO - [2023-09-28T08:20:25.651+0000] {dag.py:2907} INFO - Sync 1 DAGs
[2023-09-28T08:20:25.661+0000] {logging_mixin.py:151} INFO - [2023-09-28T08:20:25.660+0000] {dag.py:3677} INFO - Setting next_dagrun for example_branch_python_operator_decorator to 2023-09-27T00:00:00+00:00, run_after=2023-09-28T00:00:00+00:00
[2023-09-28T08:20:25.667+0000] {processor.py:179} INFO - Processing /home/airflow/.local/lib/python3.8/site-packages/airflow/example_dags/example_branch_operator_decorator.py took 0.036 seconds
[2023-09-28T09:43:20.526+0000] {processor.py:157} INFO - Started process (PID=53542) to work on /home/airflow/.local/lib/python3.8/site-packages/airflow/example_dags/example_branch_operator_decorator.py
[2023-09-28T09:43:20.528+0000] {processor.py:829} INFO - Processing file /home/airflow/.local/lib/python3.8/site-packages/airflow/example_dags/example_branch_operator_decorator.py for tasks to queue
[2023-09-28T09:43:20.534+0000] {logging_mixin.py:151} INFO - [2023-09-28T09:43:20.533+0000] {dagbag.py:539} INFO - Filling up the DagBag from /home/airflow/.local/lib/python3.8/site-packages/airflow/example_dags/example_branch_operator_decorator.py
[2023-09-28T09:43:20.551+0000] {processor.py:839} INFO - DAG(s) dict_keys(['example_branch_python_operator_decorator']) retrieved from /home/airflow/.local/lib/python3.8/site-packages/airflow/example_dags/example_branch_operator_decorator.py
[2023-09-28T09:43:20.577+0000] {logging_mixin.py:151} INFO - [2023-09-28T09:43:20.577+0000] {dag.py:2907} INFO - Sync 1 DAGs
[2023-09-28T09:43:20.615+0000] {logging_mixin.py:151} INFO - [2023-09-28T09:43:20.614+0000] {dag.py:3677} INFO - Setting next_dagrun for example_branch_python_operator_decorator to 2023-09-27T00:00:00+00:00, run_after=2023-09-28T00:00:00+00:00
[2023-09-28T09:43:20.632+0000] {processor.py:179} INFO - Processing /home/airflow/.local/lib/python3.8/site-packages/airflow/example_dags/example_branch_operator_decorator.py took 0.114 seconds
[2023-09-28T11:03:53.082+0000] {processor.py:157} INFO - Started process (PID=53591) to work on /home/airflow/.local/lib/python3.8/site-packages/airflow/example_dags/example_branch_operator_decorator.py
[2023-09-28T11:03:53.083+0000] {processor.py:829} INFO - Processing file /home/airflow/.local/lib/python3.8/site-packages/airflow/example_dags/example_branch_operator_decorator.py for tasks to queue
[2023-09-28T11:03:53.084+0000] {logging_mixin.py:151} INFO - [2023-09-28T11:03:53.084+0000] {dagbag.py:539} INFO - Filling up the DagBag from /home/airflow/.local/lib/python3.8/site-packages/airflow/example_dags/example_branch_operator_decorator.py
[2023-09-28T11:03:53.092+0000] {processor.py:839} INFO - DAG(s) dict_keys(['example_branch_python_operator_decorator']) retrieved from /home/airflow/.local/lib/python3.8/site-packages/airflow/example_dags/example_branch_operator_decorator.py
[2023-09-28T11:03:53.108+0000] {logging_mixin.py:151} INFO - [2023-09-28T11:03:53.108+0000] {dag.py:2907} INFO - Sync 1 DAGs
[2023-09-28T11:03:53.118+0000] {logging_mixin.py:151} INFO - [2023-09-28T11:03:53.118+0000] {dag.py:3677} INFO - Setting next_dagrun for example_branch_python_operator_decorator to 2023-09-27T00:00:00+00:00, run_after=2023-09-28T00:00:00+00:00
[2023-09-28T11:03:53.126+0000] {processor.py:179} INFO - Processing /home/airflow/.local/lib/python3.8/site-packages/airflow/example_dags/example_branch_operator_decorator.py took 0.046 seconds
[2023-09-28T12:27:11.732+0000] {processor.py:157} INFO - Started process (PID=53640) to work on /home/airflow/.local/lib/python3.8/site-packages/airflow/example_dags/example_branch_operator_decorator.py
[2023-09-28T12:27:11.733+0000] {processor.py:829} INFO - Processing file /home/airflow/.local/lib/python3.8/site-packages/airflow/example_dags/example_branch_operator_decorator.py for tasks to queue
[2023-09-28T12:27:11.734+0000] {logging_mixin.py:151} INFO - [2023-09-28T12:27:11.734+0000] {dagbag.py:539} INFO - Filling up the DagBag from /home/airflow/.local/lib/python3.8/site-packages/airflow/example_dags/example_branch_operator_decorator.py
[2023-09-28T12:27:11.739+0000] {processor.py:839} INFO - DAG(s) dict_keys(['example_branch_python_operator_decorator']) retrieved from /home/airflow/.local/lib/python3.8/site-packages/airflow/example_dags/example_branch_operator_decorator.py
[2023-09-28T12:27:11.750+0000] {logging_mixin.py:151} INFO - [2023-09-28T12:27:11.750+0000] {dag.py:2907} INFO - Sync 1 DAGs
[2023-09-28T12:27:11.759+0000] {logging_mixin.py:151} INFO - [2023-09-28T12:27:11.759+0000] {dag.py:3677} INFO - Setting next_dagrun for example_branch_python_operator_decorator to 2023-09-27T00:00:00+00:00, run_after=2023-09-28T00:00:00+00:00
[2023-09-28T12:27:11.766+0000] {processor.py:179} INFO - Processing /home/airflow/.local/lib/python3.8/site-packages/airflow/example_dags/example_branch_operator_decorator.py took 0.035 seconds
[2023-09-28T13:50:01.580+0000] {processor.py:157} INFO - Started process (PID=53689) to work on /home/airflow/.local/lib/python3.8/site-packages/airflow/example_dags/example_branch_operator_decorator.py
[2023-09-28T13:50:01.592+0000] {processor.py:829} INFO - Processing file /home/airflow/.local/lib/python3.8/site-packages/airflow/example_dags/example_branch_operator_decorator.py for tasks to queue
[2023-09-28T13:50:01.603+0000] {logging_mixin.py:151} INFO - [2023-09-28T13:50:01.602+0000] {dagbag.py:539} INFO - Filling up the DagBag from /home/airflow/.local/lib/python3.8/site-packages/airflow/example_dags/example_branch_operator_decorator.py
[2023-09-28T13:50:01.613+0000] {processor.py:839} INFO - DAG(s) dict_keys(['example_branch_python_operator_decorator']) retrieved from /home/airflow/.local/lib/python3.8/site-packages/airflow/example_dags/example_branch_operator_decorator.py
[2023-09-28T13:50:01.653+0000] {logging_mixin.py:151} INFO - [2023-09-28T13:50:01.653+0000] {dag.py:2907} INFO - Sync 1 DAGs
[2023-09-28T13:50:01.674+0000] {logging_mixin.py:151} INFO - [2023-09-28T13:50:01.674+0000] {dag.py:3677} INFO - Setting next_dagrun for example_branch_python_operator_decorator to 2023-09-27T00:00:00+00:00, run_after=2023-09-28T00:00:00+00:00
[2023-09-28T13:50:01.691+0000] {processor.py:179} INFO - Processing /home/airflow/.local/lib/python3.8/site-packages/airflow/example_dags/example_branch_operator_decorator.py took 0.116 seconds
[2023-09-28T15:11:33.570+0000] {processor.py:157} INFO - Started process (PID=53738) to work on /home/airflow/.local/lib/python3.8/site-packages/airflow/example_dags/example_branch_operator_decorator.py
[2023-09-28T15:11:33.570+0000] {processor.py:829} INFO - Processing file /home/airflow/.local/lib/python3.8/site-packages/airflow/example_dags/example_branch_operator_decorator.py for tasks to queue
[2023-09-28T15:11:33.572+0000] {logging_mixin.py:151} INFO - [2023-09-28T15:11:33.572+0000] {dagbag.py:539} INFO - Filling up the DagBag from /home/airflow/.local/lib/python3.8/site-packages/airflow/example_dags/example_branch_operator_decorator.py
[2023-09-28T15:11:33.577+0000] {processor.py:839} INFO - DAG(s) dict_keys(['example_branch_python_operator_decorator']) retrieved from /home/airflow/.local/lib/python3.8/site-packages/airflow/example_dags/example_branch_operator_decorator.py
[2023-09-28T15:11:33.588+0000] {logging_mixin.py:151} INFO - [2023-09-28T15:11:33.588+0000] {dag.py:2907} INFO - Sync 1 DAGs
[2023-09-28T15:11:33.598+0000] {logging_mixin.py:151} INFO - [2023-09-28T15:11:33.598+0000] {dag.py:3677} INFO - Setting next_dagrun for example_branch_python_operator_decorator to 2023-09-27T00:00:00+00:00, run_after=2023-09-28T00:00:00+00:00
[2023-09-28T15:11:33.605+0000] {processor.py:179} INFO - Processing /home/airflow/.local/lib/python3.8/site-packages/airflow/example_dags/example_branch_operator_decorator.py took 0.037 seconds
[2023-09-28T16:36:01.141+0000] {processor.py:157} INFO - Started process (PID=53787) to work on /home/airflow/.local/lib/python3.8/site-packages/airflow/example_dags/example_branch_operator_decorator.py
[2023-09-28T16:36:01.141+0000] {processor.py:829} INFO - Processing file /home/airflow/.local/lib/python3.8/site-packages/airflow/example_dags/example_branch_operator_decorator.py for tasks to queue
[2023-09-28T16:36:01.142+0000] {logging_mixin.py:151} INFO - [2023-09-28T16:36:01.142+0000] {dagbag.py:539} INFO - Filling up the DagBag from /home/airflow/.local/lib/python3.8/site-packages/airflow/example_dags/example_branch_operator_decorator.py
[2023-09-28T16:36:01.148+0000] {processor.py:839} INFO - DAG(s) dict_keys(['example_branch_python_operator_decorator']) retrieved from /home/airflow/.local/lib/python3.8/site-packages/airflow/example_dags/example_branch_operator_decorator.py
[2023-09-28T16:36:01.160+0000] {logging_mixin.py:151} INFO - [2023-09-28T16:36:01.160+0000] {dag.py:2907} INFO - Sync 1 DAGs
[2023-09-28T16:36:01.170+0000] {logging_mixin.py:151} INFO - [2023-09-28T16:36:01.170+0000] {dag.py:3677} INFO - Setting next_dagrun for example_branch_python_operator_decorator to 2023-09-27T00:00:00+00:00, run_after=2023-09-28T00:00:00+00:00
[2023-09-28T16:36:01.178+0000] {processor.py:179} INFO - Processing /home/airflow/.local/lib/python3.8/site-packages/airflow/example_dags/example_branch_operator_decorator.py took 0.039 seconds
[2023-09-28T17:56:10.466+0000] {processor.py:157} INFO - Started process (PID=53836) to work on /home/airflow/.local/lib/python3.8/site-packages/airflow/example_dags/example_branch_operator_decorator.py
[2023-09-28T17:56:10.466+0000] {processor.py:829} INFO - Processing file /home/airflow/.local/lib/python3.8/site-packages/airflow/example_dags/example_branch_operator_decorator.py for tasks to queue
[2023-09-28T17:56:10.468+0000] {logging_mixin.py:151} INFO - [2023-09-28T17:56:10.467+0000] {dagbag.py:539} INFO - Filling up the DagBag from /home/airflow/.local/lib/python3.8/site-packages/airflow/example_dags/example_branch_operator_decorator.py
[2023-09-28T17:56:10.473+0000] {processor.py:839} INFO - DAG(s) dict_keys(['example_branch_python_operator_decorator']) retrieved from /home/airflow/.local/lib/python3.8/site-packages/airflow/example_dags/example_branch_operator_decorator.py
[2023-09-28T17:56:10.485+0000] {logging_mixin.py:151} INFO - [2023-09-28T17:56:10.484+0000] {dag.py:2907} INFO - Sync 1 DAGs
[2023-09-28T17:56:10.519+0000] {logging_mixin.py:151} INFO - [2023-09-28T17:56:10.519+0000] {dag.py:3677} INFO - Setting next_dagrun for example_branch_python_operator_decorator to 2023-09-27T00:00:00+00:00, run_after=2023-09-28T00:00:00+00:00
[2023-09-28T17:56:10.541+0000] {processor.py:179} INFO - Processing /home/airflow/.local/lib/python3.8/site-packages/airflow/example_dags/example_branch_operator_decorator.py took 0.077 seconds
[2023-09-28T19:17:46.652+0000] {processor.py:157} INFO - Started process (PID=53885) to work on /home/airflow/.local/lib/python3.8/site-packages/airflow/example_dags/example_branch_operator_decorator.py
[2023-09-28T19:17:46.653+0000] {processor.py:829} INFO - Processing file /home/airflow/.local/lib/python3.8/site-packages/airflow/example_dags/example_branch_operator_decorator.py for tasks to queue
[2023-09-28T19:17:46.654+0000] {logging_mixin.py:151} INFO - [2023-09-28T19:17:46.654+0000] {dagbag.py:539} INFO - Filling up the DagBag from /home/airflow/.local/lib/python3.8/site-packages/airflow/example_dags/example_branch_operator_decorator.py
[2023-09-28T19:17:46.660+0000] {processor.py:839} INFO - DAG(s) dict_keys(['example_branch_python_operator_decorator']) retrieved from /home/airflow/.local/lib/python3.8/site-packages/airflow/example_dags/example_branch_operator_decorator.py
[2023-09-28T19:17:46.671+0000] {logging_mixin.py:151} INFO - [2023-09-28T19:17:46.670+0000] {dag.py:2907} INFO - Sync 1 DAGs
[2023-09-28T19:17:46.680+0000] {logging_mixin.py:151} INFO - [2023-09-28T19:17:46.680+0000] {dag.py:3677} INFO - Setting next_dagrun for example_branch_python_operator_decorator to 2023-09-27T00:00:00+00:00, run_after=2023-09-28T00:00:00+00:00
[2023-09-28T19:17:46.687+0000] {processor.py:179} INFO - Processing /home/airflow/.local/lib/python3.8/site-packages/airflow/example_dags/example_branch_operator_decorator.py took 0.036 seconds
[2023-09-28T20:41:31.828+0000] {processor.py:157} INFO - Started process (PID=53934) to work on /home/airflow/.local/lib/python3.8/site-packages/airflow/example_dags/example_branch_operator_decorator.py
[2023-09-28T20:41:31.832+0000] {processor.py:829} INFO - Processing file /home/airflow/.local/lib/python3.8/site-packages/airflow/example_dags/example_branch_operator_decorator.py for tasks to queue
[2023-09-28T20:41:31.839+0000] {logging_mixin.py:151} INFO - [2023-09-28T20:41:31.839+0000] {dagbag.py:539} INFO - Filling up the DagBag from /home/airflow/.local/lib/python3.8/site-packages/airflow/example_dags/example_branch_operator_decorator.py
[2023-09-28T20:41:31.853+0000] {processor.py:839} INFO - DAG(s) dict_keys(['example_branch_python_operator_decorator']) retrieved from /home/airflow/.local/lib/python3.8/site-packages/airflow/example_dags/example_branch_operator_decorator.py
[2023-09-28T20:41:31.912+0000] {logging_mixin.py:151} INFO - [2023-09-28T20:41:31.912+0000] {dag.py:2907} INFO - Sync 1 DAGs
[2023-09-28T20:41:31.947+0000] {logging_mixin.py:151} INFO - [2023-09-28T20:41:31.947+0000] {dag.py:3677} INFO - Setting next_dagrun for example_branch_python_operator_decorator to 2023-09-27T00:00:00+00:00, run_after=2023-09-28T00:00:00+00:00
[2023-09-28T20:41:31.984+0000] {processor.py:179} INFO - Processing /home/airflow/.local/lib/python3.8/site-packages/airflow/example_dags/example_branch_operator_decorator.py took 0.158 seconds
[2023-09-28T22:06:01.548+0000] {processor.py:157} INFO - Started process (PID=53983) to work on /home/airflow/.local/lib/python3.8/site-packages/airflow/example_dags/example_branch_operator_decorator.py
[2023-09-28T22:06:01.549+0000] {processor.py:829} INFO - Processing file /home/airflow/.local/lib/python3.8/site-packages/airflow/example_dags/example_branch_operator_decorator.py for tasks to queue
[2023-09-28T22:06:01.550+0000] {logging_mixin.py:151} INFO - [2023-09-28T22:06:01.550+0000] {dagbag.py:539} INFO - Filling up the DagBag from /home/airflow/.local/lib/python3.8/site-packages/airflow/example_dags/example_branch_operator_decorator.py
[2023-09-28T22:06:01.555+0000] {processor.py:839} INFO - DAG(s) dict_keys(['example_branch_python_operator_decorator']) retrieved from /home/airflow/.local/lib/python3.8/site-packages/airflow/example_dags/example_branch_operator_decorator.py
[2023-09-28T22:06:01.566+0000] {logging_mixin.py:151} INFO - [2023-09-28T22:06:01.566+0000] {dag.py:2907} INFO - Sync 1 DAGs
[2023-09-28T22:06:01.576+0000] {logging_mixin.py:151} INFO - [2023-09-28T22:06:01.576+0000] {dag.py:3677} INFO - Setting next_dagrun for example_branch_python_operator_decorator to 2023-09-27T00:00:00+00:00, run_after=2023-09-28T00:00:00+00:00
[2023-09-28T22:06:01.582+0000] {processor.py:179} INFO - Processing /home/airflow/.local/lib/python3.8/site-packages/airflow/example_dags/example_branch_operator_decorator.py took 0.036 seconds
[2023-09-28T23:26:45.014+0000] {processor.py:157} INFO - Started process (PID=54032) to work on /home/airflow/.local/lib/python3.8/site-packages/airflow/example_dags/example_branch_operator_decorator.py
[2023-09-28T23:26:45.014+0000] {processor.py:829} INFO - Processing file /home/airflow/.local/lib/python3.8/site-packages/airflow/example_dags/example_branch_operator_decorator.py for tasks to queue
[2023-09-28T23:26:45.016+0000] {logging_mixin.py:151} INFO - [2023-09-28T23:26:45.015+0000] {dagbag.py:539} INFO - Filling up the DagBag from /home/airflow/.local/lib/python3.8/site-packages/airflow/example_dags/example_branch_operator_decorator.py
[2023-09-28T23:26:45.021+0000] {processor.py:839} INFO - DAG(s) dict_keys(['example_branch_python_operator_decorator']) retrieved from /home/airflow/.local/lib/python3.8/site-packages/airflow/example_dags/example_branch_operator_decorator.py
[2023-09-28T23:26:45.032+0000] {logging_mixin.py:151} INFO - [2023-09-28T23:26:45.032+0000] {dag.py:2907} INFO - Sync 1 DAGs
[2023-09-28T23:26:45.043+0000] {logging_mixin.py:151} INFO - [2023-09-28T23:26:45.043+0000] {dag.py:3677} INFO - Setting next_dagrun for example_branch_python_operator_decorator to 2023-09-27T00:00:00+00:00, run_after=2023-09-28T00:00:00+00:00
[2023-09-28T23:26:45.051+0000] {processor.py:179} INFO - Processing /home/airflow/.local/lib/python3.8/site-packages/airflow/example_dags/example_branch_operator_decorator.py took 0.039 seconds
