[2023-09-28T00:01:27.150+0000] {processor.py:157} INFO - Started process (PID=53221) to work on /home/airflow/.local/lib/python3.8/site-packages/airflow/example_dags/example_branch_python_dop_operator_3.py
[2023-09-28T00:01:27.151+0000] {processor.py:829} INFO - Processing file /home/airflow/.local/lib/python3.8/site-packages/airflow/example_dags/example_branch_python_dop_operator_3.py for tasks to queue
[2023-09-28T00:01:27.152+0000] {logging_mixin.py:151} INFO - [2023-09-28T00:01:27.152+0000] {dagbag.py:539} INFO - Filling up the DagBag from /home/airflow/.local/lib/python3.8/site-packages/airflow/example_dags/example_branch_python_dop_operator_3.py
[2023-09-28T00:01:27.157+0000] {processor.py:839} INFO - DAG(s) dict_keys(['example_branch_dop_operator_v3']) retrieved from /home/airflow/.local/lib/python3.8/site-packages/airflow/example_dags/example_branch_python_dop_operator_3.py
[2023-09-28T00:01:27.167+0000] {logging_mixin.py:151} INFO - [2023-09-28T00:01:27.167+0000] {dag.py:2907} INFO - Sync 1 DAGs
[2023-09-28T00:01:27.178+0000] {logging_mixin.py:151} INFO - [2023-09-28T00:01:27.178+0000] {dag.py:3677} INFO - Setting next_dagrun for example_branch_dop_operator_v3 to 2023-09-28T00:00:00+00:00, run_after=2023-09-28T00:01:00+00:00
[2023-09-28T00:01:27.185+0000] {processor.py:179} INFO - Processing /home/airflow/.local/lib/python3.8/site-packages/airflow/example_dags/example_branch_python_dop_operator_3.py took 0.037 seconds
[2023-09-28T01:23:47.997+0000] {processor.py:157} INFO - Started process (PID=53270) to work on /home/airflow/.local/lib/python3.8/site-packages/airflow/example_dags/example_branch_python_dop_operator_3.py
[2023-09-28T01:23:47.997+0000] {processor.py:829} INFO - Processing file /home/airflow/.local/lib/python3.8/site-packages/airflow/example_dags/example_branch_python_dop_operator_3.py for tasks to queue
[2023-09-28T01:23:47.998+0000] {logging_mixin.py:151} INFO - [2023-09-28T01:23:47.998+0000] {dagbag.py:539} INFO - Filling up the DagBag from /home/airflow/.local/lib/python3.8/site-packages/airflow/example_dags/example_branch_python_dop_operator_3.py
[2023-09-28T01:23:48.003+0000] {processor.py:839} INFO - DAG(s) dict_keys(['example_branch_dop_operator_v3']) retrieved from /home/airflow/.local/lib/python3.8/site-packages/airflow/example_dags/example_branch_python_dop_operator_3.py
[2023-09-28T01:23:48.014+0000] {logging_mixin.py:151} INFO - [2023-09-28T01:23:48.014+0000] {dag.py:2907} INFO - Sync 1 DAGs
[2023-09-28T01:23:48.026+0000] {logging_mixin.py:151} INFO - [2023-09-28T01:23:48.026+0000] {dag.py:3677} INFO - Setting next_dagrun for example_branch_dop_operator_v3 to 2023-09-28T01:22:00+00:00, run_after=2023-09-28T01:23:00+00:00
[2023-09-28T01:23:48.035+0000] {processor.py:179} INFO - Processing /home/airflow/.local/lib/python3.8/site-packages/airflow/example_dags/example_branch_python_dop_operator_3.py took 0.041 seconds
[2023-09-28T02:47:00.335+0000] {processor.py:157} INFO - Started process (PID=53319) to work on /home/airflow/.local/lib/python3.8/site-packages/airflow/example_dags/example_branch_python_dop_operator_3.py
[2023-09-28T02:47:00.336+0000] {processor.py:829} INFO - Processing file /home/airflow/.local/lib/python3.8/site-packages/airflow/example_dags/example_branch_python_dop_operator_3.py for tasks to queue
[2023-09-28T02:47:00.337+0000] {logging_mixin.py:151} INFO - [2023-09-28T02:47:00.337+0000] {dagbag.py:539} INFO - Filling up the DagBag from /home/airflow/.local/lib/python3.8/site-packages/airflow/example_dags/example_branch_python_dop_operator_3.py
[2023-09-28T02:47:00.342+0000] {processor.py:839} INFO - DAG(s) dict_keys(['example_branch_dop_operator_v3']) retrieved from /home/airflow/.local/lib/python3.8/site-packages/airflow/example_dags/example_branch_python_dop_operator_3.py
[2023-09-28T02:47:00.352+0000] {logging_mixin.py:151} INFO - [2023-09-28T02:47:00.352+0000] {dag.py:2907} INFO - Sync 1 DAGs
[2023-09-28T02:47:00.365+0000] {logging_mixin.py:151} INFO - [2023-09-28T02:47:00.365+0000] {dag.py:3677} INFO - Setting next_dagrun for example_branch_dop_operator_v3 to 2023-09-28T02:46:00+00:00, run_after=2023-09-28T02:47:00+00:00
[2023-09-28T02:47:00.373+0000] {processor.py:179} INFO - Processing /home/airflow/.local/lib/python3.8/site-packages/airflow/example_dags/example_branch_python_dop_operator_3.py took 0.041 seconds
[2023-09-28T04:11:01.800+0000] {processor.py:157} INFO - Started process (PID=53368) to work on /home/airflow/.local/lib/python3.8/site-packages/airflow/example_dags/example_branch_python_dop_operator_3.py
[2023-09-28T04:11:01.801+0000] {processor.py:829} INFO - Processing file /home/airflow/.local/lib/python3.8/site-packages/airflow/example_dags/example_branch_python_dop_operator_3.py for tasks to queue
[2023-09-28T04:11:01.802+0000] {logging_mixin.py:151} INFO - [2023-09-28T04:11:01.802+0000] {dagbag.py:539} INFO - Filling up the DagBag from /home/airflow/.local/lib/python3.8/site-packages/airflow/example_dags/example_branch_python_dop_operator_3.py
[2023-09-28T04:11:01.809+0000] {processor.py:839} INFO - DAG(s) dict_keys(['example_branch_dop_operator_v3']) retrieved from /home/airflow/.local/lib/python3.8/site-packages/airflow/example_dags/example_branch_python_dop_operator_3.py
[2023-09-28T04:11:01.821+0000] {logging_mixin.py:151} INFO - [2023-09-28T04:11:01.821+0000] {dag.py:2907} INFO - Sync 1 DAGs
[2023-09-28T04:11:01.847+0000] {logging_mixin.py:151} INFO - [2023-09-28T04:11:01.847+0000] {dag.py:3677} INFO - Setting next_dagrun for example_branch_dop_operator_v3 to 2023-09-28T04:10:00+00:00, run_after=2023-09-28T04:11:00+00:00
[2023-09-28T04:11:01.863+0000] {processor.py:179} INFO - Processing /home/airflow/.local/lib/python3.8/site-packages/airflow/example_dags/example_branch_python_dop_operator_3.py took 0.066 seconds
[2023-09-28T05:38:42.442+0000] {processor.py:157} INFO - Started process (PID=53417) to work on /home/airflow/.local/lib/python3.8/site-packages/airflow/example_dags/example_branch_python_dop_operator_3.py
[2023-09-28T05:38:42.442+0000] {processor.py:829} INFO - Processing file /home/airflow/.local/lib/python3.8/site-packages/airflow/example_dags/example_branch_python_dop_operator_3.py for tasks to queue
[2023-09-28T05:38:42.444+0000] {logging_mixin.py:151} INFO - [2023-09-28T05:38:42.444+0000] {dagbag.py:539} INFO - Filling up the DagBag from /home/airflow/.local/lib/python3.8/site-packages/airflow/example_dags/example_branch_python_dop_operator_3.py
[2023-09-28T05:38:42.449+0000] {processor.py:839} INFO - DAG(s) dict_keys(['example_branch_dop_operator_v3']) retrieved from /home/airflow/.local/lib/python3.8/site-packages/airflow/example_dags/example_branch_python_dop_operator_3.py
[2023-09-28T05:38:42.459+0000] {logging_mixin.py:151} INFO - [2023-09-28T05:38:42.459+0000] {dag.py:2907} INFO - Sync 1 DAGs
[2023-09-28T05:38:42.471+0000] {logging_mixin.py:151} INFO - [2023-09-28T05:38:42.471+0000] {dag.py:3677} INFO - Setting next_dagrun for example_branch_dop_operator_v3 to 2023-09-28T05:37:00+00:00, run_after=2023-09-28T05:38:00+00:00
[2023-09-28T05:38:42.479+0000] {processor.py:179} INFO - Processing /home/airflow/.local/lib/python3.8/site-packages/airflow/example_dags/example_branch_python_dop_operator_3.py took 0.039 seconds
[2023-09-28T07:02:03.027+0000] {processor.py:157} INFO - Started process (PID=53466) to work on /home/airflow/.local/lib/python3.8/site-packages/airflow/example_dags/example_branch_python_dop_operator_3.py
[2023-09-28T07:02:03.028+0000] {processor.py:829} INFO - Processing file /home/airflow/.local/lib/python3.8/site-packages/airflow/example_dags/example_branch_python_dop_operator_3.py for tasks to queue
[2023-09-28T07:02:03.029+0000] {logging_mixin.py:151} INFO - [2023-09-28T07:02:03.029+0000] {dagbag.py:539} INFO - Filling up the DagBag from /home/airflow/.local/lib/python3.8/site-packages/airflow/example_dags/example_branch_python_dop_operator_3.py
[2023-09-28T07:02:03.034+0000] {processor.py:839} INFO - DAG(s) dict_keys(['example_branch_dop_operator_v3']) retrieved from /home/airflow/.local/lib/python3.8/site-packages/airflow/example_dags/example_branch_python_dop_operator_3.py
[2023-09-28T07:02:03.045+0000] {logging_mixin.py:151} INFO - [2023-09-28T07:02:03.045+0000] {dag.py:2907} INFO - Sync 1 DAGs
[2023-09-28T07:02:03.056+0000] {logging_mixin.py:151} INFO - [2023-09-28T07:02:03.056+0000] {dag.py:3677} INFO - Setting next_dagrun for example_branch_dop_operator_v3 to 2023-09-28T07:01:00+00:00, run_after=2023-09-28T07:02:00+00:00
[2023-09-28T07:02:03.064+0000] {processor.py:179} INFO - Processing /home/airflow/.local/lib/python3.8/site-packages/airflow/example_dags/example_branch_python_dop_operator_3.py took 0.038 seconds
[2023-09-28T08:20:26.280+0000] {processor.py:157} INFO - Started process (PID=53515) to work on /home/airflow/.local/lib/python3.8/site-packages/airflow/example_dags/example_branch_python_dop_operator_3.py
[2023-09-28T08:20:26.281+0000] {processor.py:829} INFO - Processing file /home/airflow/.local/lib/python3.8/site-packages/airflow/example_dags/example_branch_python_dop_operator_3.py for tasks to queue
[2023-09-28T08:20:26.282+0000] {logging_mixin.py:151} INFO - [2023-09-28T08:20:26.282+0000] {dagbag.py:539} INFO - Filling up the DagBag from /home/airflow/.local/lib/python3.8/site-packages/airflow/example_dags/example_branch_python_dop_operator_3.py
[2023-09-28T08:20:26.290+0000] {processor.py:839} INFO - DAG(s) dict_keys(['example_branch_dop_operator_v3']) retrieved from /home/airflow/.local/lib/python3.8/site-packages/airflow/example_dags/example_branch_python_dop_operator_3.py
[2023-09-28T08:20:26.302+0000] {logging_mixin.py:151} INFO - [2023-09-28T08:20:26.302+0000] {dag.py:2907} INFO - Sync 1 DAGs
[2023-09-28T08:20:26.314+0000] {logging_mixin.py:151} INFO - [2023-09-28T08:20:26.314+0000] {dag.py:3677} INFO - Setting next_dagrun for example_branch_dop_operator_v3 to 2023-09-28T08:19:00+00:00, run_after=2023-09-28T08:20:00+00:00
[2023-09-28T08:20:26.322+0000] {processor.py:179} INFO - Processing /home/airflow/.local/lib/python3.8/site-packages/airflow/example_dags/example_branch_python_dop_operator_3.py took 0.044 seconds
[2023-09-28T09:43:21.226+0000] {processor.py:157} INFO - Started process (PID=53564) to work on /home/airflow/.local/lib/python3.8/site-packages/airflow/example_dags/example_branch_python_dop_operator_3.py
[2023-09-28T09:43:21.226+0000] {processor.py:829} INFO - Processing file /home/airflow/.local/lib/python3.8/site-packages/airflow/example_dags/example_branch_python_dop_operator_3.py for tasks to queue
[2023-09-28T09:43:21.227+0000] {logging_mixin.py:151} INFO - [2023-09-28T09:43:21.227+0000] {dagbag.py:539} INFO - Filling up the DagBag from /home/airflow/.local/lib/python3.8/site-packages/airflow/example_dags/example_branch_python_dop_operator_3.py
[2023-09-28T09:43:21.233+0000] {processor.py:839} INFO - DAG(s) dict_keys(['example_branch_dop_operator_v3']) retrieved from /home/airflow/.local/lib/python3.8/site-packages/airflow/example_dags/example_branch_python_dop_operator_3.py
[2023-09-28T09:43:21.242+0000] {logging_mixin.py:151} INFO - [2023-09-28T09:43:21.242+0000] {dag.py:2907} INFO - Sync 1 DAGs
[2023-09-28T09:43:21.254+0000] {logging_mixin.py:151} INFO - [2023-09-28T09:43:21.254+0000] {dag.py:3677} INFO - Setting next_dagrun for example_branch_dop_operator_v3 to 2023-09-28T09:42:00+00:00, run_after=2023-09-28T09:43:00+00:00
[2023-09-28T09:43:21.260+0000] {processor.py:179} INFO - Processing /home/airflow/.local/lib/python3.8/site-packages/airflow/example_dags/example_branch_python_dop_operator_3.py took 0.037 seconds
[2023-09-28T11:03:53.831+0000] {processor.py:157} INFO - Started process (PID=53613) to work on /home/airflow/.local/lib/python3.8/site-packages/airflow/example_dags/example_branch_python_dop_operator_3.py
[2023-09-28T11:03:53.832+0000] {processor.py:829} INFO - Processing file /home/airflow/.local/lib/python3.8/site-packages/airflow/example_dags/example_branch_python_dop_operator_3.py for tasks to queue
[2023-09-28T11:03:53.833+0000] {logging_mixin.py:151} INFO - [2023-09-28T11:03:53.833+0000] {dagbag.py:539} INFO - Filling up the DagBag from /home/airflow/.local/lib/python3.8/site-packages/airflow/example_dags/example_branch_python_dop_operator_3.py
[2023-09-28T11:03:53.838+0000] {processor.py:839} INFO - DAG(s) dict_keys(['example_branch_dop_operator_v3']) retrieved from /home/airflow/.local/lib/python3.8/site-packages/airflow/example_dags/example_branch_python_dop_operator_3.py
[2023-09-28T11:03:53.847+0000] {logging_mixin.py:151} INFO - [2023-09-28T11:03:53.847+0000] {dag.py:2907} INFO - Sync 1 DAGs
[2023-09-28T11:03:53.858+0000] {logging_mixin.py:151} INFO - [2023-09-28T11:03:53.858+0000] {dag.py:3677} INFO - Setting next_dagrun for example_branch_dop_operator_v3 to 2023-09-28T11:02:00+00:00, run_after=2023-09-28T11:03:00+00:00
[2023-09-28T11:03:53.866+0000] {processor.py:179} INFO - Processing /home/airflow/.local/lib/python3.8/site-packages/airflow/example_dags/example_branch_python_dop_operator_3.py took 0.036 seconds
[2023-09-28T12:27:12.374+0000] {processor.py:157} INFO - Started process (PID=53662) to work on /home/airflow/.local/lib/python3.8/site-packages/airflow/example_dags/example_branch_python_dop_operator_3.py
[2023-09-28T12:27:12.374+0000] {processor.py:829} INFO - Processing file /home/airflow/.local/lib/python3.8/site-packages/airflow/example_dags/example_branch_python_dop_operator_3.py for tasks to queue
[2023-09-28T12:27:12.375+0000] {logging_mixin.py:151} INFO - [2023-09-28T12:27:12.375+0000] {dagbag.py:539} INFO - Filling up the DagBag from /home/airflow/.local/lib/python3.8/site-packages/airflow/example_dags/example_branch_python_dop_operator_3.py
[2023-09-28T12:27:12.380+0000] {processor.py:839} INFO - DAG(s) dict_keys(['example_branch_dop_operator_v3']) retrieved from /home/airflow/.local/lib/python3.8/site-packages/airflow/example_dags/example_branch_python_dop_operator_3.py
[2023-09-28T12:27:12.391+0000] {logging_mixin.py:151} INFO - [2023-09-28T12:27:12.391+0000] {dag.py:2907} INFO - Sync 1 DAGs
[2023-09-28T12:27:12.404+0000] {logging_mixin.py:151} INFO - [2023-09-28T12:27:12.404+0000] {dag.py:3677} INFO - Setting next_dagrun for example_branch_dop_operator_v3 to 2023-09-28T12:26:00+00:00, run_after=2023-09-28T12:27:00+00:00
[2023-09-28T12:27:12.411+0000] {processor.py:179} INFO - Processing /home/airflow/.local/lib/python3.8/site-packages/airflow/example_dags/example_branch_python_dop_operator_3.py took 0.040 seconds
[2023-09-28T13:50:02.575+0000] {processor.py:157} INFO - Started process (PID=53711) to work on /home/airflow/.local/lib/python3.8/site-packages/airflow/example_dags/example_branch_python_dop_operator_3.py
[2023-09-28T13:50:02.575+0000] {processor.py:829} INFO - Processing file /home/airflow/.local/lib/python3.8/site-packages/airflow/example_dags/example_branch_python_dop_operator_3.py for tasks to queue
[2023-09-28T13:50:02.576+0000] {logging_mixin.py:151} INFO - [2023-09-28T13:50:02.576+0000] {dagbag.py:539} INFO - Filling up the DagBag from /home/airflow/.local/lib/python3.8/site-packages/airflow/example_dags/example_branch_python_dop_operator_3.py
[2023-09-28T13:50:02.581+0000] {processor.py:839} INFO - DAG(s) dict_keys(['example_branch_dop_operator_v3']) retrieved from /home/airflow/.local/lib/python3.8/site-packages/airflow/example_dags/example_branch_python_dop_operator_3.py
[2023-09-28T13:50:02.591+0000] {logging_mixin.py:151} INFO - [2023-09-28T13:50:02.591+0000] {dag.py:2907} INFO - Sync 1 DAGs
[2023-09-28T13:50:02.602+0000] {logging_mixin.py:151} INFO - [2023-09-28T13:50:02.602+0000] {dag.py:3677} INFO - Setting next_dagrun for example_branch_dop_operator_v3 to 2023-09-28T13:49:00+00:00, run_after=2023-09-28T13:50:00+00:00
[2023-09-28T13:50:02.610+0000] {processor.py:179} INFO - Processing /home/airflow/.local/lib/python3.8/site-packages/airflow/example_dags/example_branch_python_dop_operator_3.py took 0.037 seconds
[2023-09-28T15:11:34.225+0000] {processor.py:157} INFO - Started process (PID=53760) to work on /home/airflow/.local/lib/python3.8/site-packages/airflow/example_dags/example_branch_python_dop_operator_3.py
[2023-09-28T15:11:34.226+0000] {processor.py:829} INFO - Processing file /home/airflow/.local/lib/python3.8/site-packages/airflow/example_dags/example_branch_python_dop_operator_3.py for tasks to queue
[2023-09-28T15:11:34.227+0000] {logging_mixin.py:151} INFO - [2023-09-28T15:11:34.227+0000] {dagbag.py:539} INFO - Filling up the DagBag from /home/airflow/.local/lib/python3.8/site-packages/airflow/example_dags/example_branch_python_dop_operator_3.py
[2023-09-28T15:11:34.232+0000] {processor.py:839} INFO - DAG(s) dict_keys(['example_branch_dop_operator_v3']) retrieved from /home/airflow/.local/lib/python3.8/site-packages/airflow/example_dags/example_branch_python_dop_operator_3.py
[2023-09-28T15:11:34.242+0000] {logging_mixin.py:151} INFO - [2023-09-28T15:11:34.242+0000] {dag.py:2907} INFO - Sync 1 DAGs
[2023-09-28T15:11:34.254+0000] {logging_mixin.py:151} INFO - [2023-09-28T15:11:34.254+0000] {dag.py:3677} INFO - Setting next_dagrun for example_branch_dop_operator_v3 to 2023-09-28T15:10:00+00:00, run_after=2023-09-28T15:11:00+00:00
[2023-09-28T15:11:34.261+0000] {processor.py:179} INFO - Processing /home/airflow/.local/lib/python3.8/site-packages/airflow/example_dags/example_branch_python_dop_operator_3.py took 0.037 seconds
[2023-09-28T16:36:01.937+0000] {processor.py:157} INFO - Started process (PID=53809) to work on /home/airflow/.local/lib/python3.8/site-packages/airflow/example_dags/example_branch_python_dop_operator_3.py
[2023-09-28T16:36:01.937+0000] {processor.py:829} INFO - Processing file /home/airflow/.local/lib/python3.8/site-packages/airflow/example_dags/example_branch_python_dop_operator_3.py for tasks to queue
[2023-09-28T16:36:01.938+0000] {logging_mixin.py:151} INFO - [2023-09-28T16:36:01.938+0000] {dagbag.py:539} INFO - Filling up the DagBag from /home/airflow/.local/lib/python3.8/site-packages/airflow/example_dags/example_branch_python_dop_operator_3.py
[2023-09-28T16:36:01.944+0000] {processor.py:839} INFO - DAG(s) dict_keys(['example_branch_dop_operator_v3']) retrieved from /home/airflow/.local/lib/python3.8/site-packages/airflow/example_dags/example_branch_python_dop_operator_3.py
[2023-09-28T16:36:01.954+0000] {logging_mixin.py:151} INFO - [2023-09-28T16:36:01.954+0000] {dag.py:2907} INFO - Sync 1 DAGs
[2023-09-28T16:36:01.966+0000] {logging_mixin.py:151} INFO - [2023-09-28T16:36:01.966+0000] {dag.py:3677} INFO - Setting next_dagrun for example_branch_dop_operator_v3 to 2023-09-28T16:35:00+00:00, run_after=2023-09-28T16:36:00+00:00
[2023-09-28T16:36:01.973+0000] {processor.py:179} INFO - Processing /home/airflow/.local/lib/python3.8/site-packages/airflow/example_dags/example_branch_python_dop_operator_3.py took 0.038 seconds
[2023-09-28T17:56:11.801+0000] {processor.py:157} INFO - Started process (PID=53858) to work on /home/airflow/.local/lib/python3.8/site-packages/airflow/example_dags/example_branch_python_dop_operator_3.py
[2023-09-28T17:56:11.802+0000] {processor.py:829} INFO - Processing file /home/airflow/.local/lib/python3.8/site-packages/airflow/example_dags/example_branch_python_dop_operator_3.py for tasks to queue
[2023-09-28T17:56:11.803+0000] {logging_mixin.py:151} INFO - [2023-09-28T17:56:11.803+0000] {dagbag.py:539} INFO - Filling up the DagBag from /home/airflow/.local/lib/python3.8/site-packages/airflow/example_dags/example_branch_python_dop_operator_3.py
[2023-09-28T17:56:11.809+0000] {processor.py:839} INFO - DAG(s) dict_keys(['example_branch_dop_operator_v3']) retrieved from /home/airflow/.local/lib/python3.8/site-packages/airflow/example_dags/example_branch_python_dop_operator_3.py
[2023-09-28T17:56:11.819+0000] {logging_mixin.py:151} INFO - [2023-09-28T17:56:11.819+0000] {dag.py:2907} INFO - Sync 1 DAGs
[2023-09-28T17:56:11.830+0000] {logging_mixin.py:151} INFO - [2023-09-28T17:56:11.830+0000] {dag.py:3677} INFO - Setting next_dagrun for example_branch_dop_operator_v3 to 2023-09-28T17:55:00+00:00, run_after=2023-09-28T17:56:00+00:00
[2023-09-28T17:56:11.838+0000] {processor.py:179} INFO - Processing /home/airflow/.local/lib/python3.8/site-packages/airflow/example_dags/example_branch_python_dop_operator_3.py took 0.039 seconds
[2023-09-28T19:17:47.302+0000] {processor.py:157} INFO - Started process (PID=53907) to work on /home/airflow/.local/lib/python3.8/site-packages/airflow/example_dags/example_branch_python_dop_operator_3.py
[2023-09-28T19:17:47.302+0000] {processor.py:829} INFO - Processing file /home/airflow/.local/lib/python3.8/site-packages/airflow/example_dags/example_branch_python_dop_operator_3.py for tasks to queue
[2023-09-28T19:17:47.303+0000] {logging_mixin.py:151} INFO - [2023-09-28T19:17:47.303+0000] {dagbag.py:539} INFO - Filling up the DagBag from /home/airflow/.local/lib/python3.8/site-packages/airflow/example_dags/example_branch_python_dop_operator_3.py
[2023-09-28T19:17:47.308+0000] {processor.py:839} INFO - DAG(s) dict_keys(['example_branch_dop_operator_v3']) retrieved from /home/airflow/.local/lib/python3.8/site-packages/airflow/example_dags/example_branch_python_dop_operator_3.py
[2023-09-28T19:17:47.318+0000] {logging_mixin.py:151} INFO - [2023-09-28T19:17:47.318+0000] {dag.py:2907} INFO - Sync 1 DAGs
[2023-09-28T19:17:47.330+0000] {logging_mixin.py:151} INFO - [2023-09-28T19:17:47.330+0000] {dag.py:3677} INFO - Setting next_dagrun for example_branch_dop_operator_v3 to 2023-09-28T19:16:00+00:00, run_after=2023-09-28T19:17:00+00:00
[2023-09-28T19:17:47.337+0000] {processor.py:179} INFO - Processing /home/airflow/.local/lib/python3.8/site-packages/airflow/example_dags/example_branch_python_dop_operator_3.py took 0.038 seconds
[2023-09-28T20:41:33.068+0000] {processor.py:157} INFO - Started process (PID=53956) to work on /home/airflow/.local/lib/python3.8/site-packages/airflow/example_dags/example_branch_python_dop_operator_3.py
[2023-09-28T20:41:33.068+0000] {processor.py:829} INFO - Processing file /home/airflow/.local/lib/python3.8/site-packages/airflow/example_dags/example_branch_python_dop_operator_3.py for tasks to queue
[2023-09-28T20:41:33.070+0000] {logging_mixin.py:151} INFO - [2023-09-28T20:41:33.069+0000] {dagbag.py:539} INFO - Filling up the DagBag from /home/airflow/.local/lib/python3.8/site-packages/airflow/example_dags/example_branch_python_dop_operator_3.py
[2023-09-28T20:41:33.074+0000] {processor.py:839} INFO - DAG(s) dict_keys(['example_branch_dop_operator_v3']) retrieved from /home/airflow/.local/lib/python3.8/site-packages/airflow/example_dags/example_branch_python_dop_operator_3.py
[2023-09-28T20:41:33.085+0000] {logging_mixin.py:151} INFO - [2023-09-28T20:41:33.085+0000] {dag.py:2907} INFO - Sync 1 DAGs
[2023-09-28T20:41:33.096+0000] {logging_mixin.py:151} INFO - [2023-09-28T20:41:33.096+0000] {dag.py:3677} INFO - Setting next_dagrun for example_branch_dop_operator_v3 to 2023-09-28T20:40:00+00:00, run_after=2023-09-28T20:41:00+00:00
[2023-09-28T20:41:33.104+0000] {processor.py:179} INFO - Processing /home/airflow/.local/lib/python3.8/site-packages/airflow/example_dags/example_branch_python_dop_operator_3.py took 0.038 seconds
[2023-09-28T22:06:02.158+0000] {processor.py:157} INFO - Started process (PID=54005) to work on /home/airflow/.local/lib/python3.8/site-packages/airflow/example_dags/example_branch_python_dop_operator_3.py
[2023-09-28T22:06:02.158+0000] {processor.py:829} INFO - Processing file /home/airflow/.local/lib/python3.8/site-packages/airflow/example_dags/example_branch_python_dop_operator_3.py for tasks to queue
[2023-09-28T22:06:02.159+0000] {logging_mixin.py:151} INFO - [2023-09-28T22:06:02.159+0000] {dagbag.py:539} INFO - Filling up the DagBag from /home/airflow/.local/lib/python3.8/site-packages/airflow/example_dags/example_branch_python_dop_operator_3.py
[2023-09-28T22:06:02.165+0000] {processor.py:839} INFO - DAG(s) dict_keys(['example_branch_dop_operator_v3']) retrieved from /home/airflow/.local/lib/python3.8/site-packages/airflow/example_dags/example_branch_python_dop_operator_3.py
[2023-09-28T22:06:02.174+0000] {logging_mixin.py:151} INFO - [2023-09-28T22:06:02.174+0000] {dag.py:2907} INFO - Sync 1 DAGs
[2023-09-28T22:06:02.186+0000] {logging_mixin.py:151} INFO - [2023-09-28T22:06:02.186+0000] {dag.py:3677} INFO - Setting next_dagrun for example_branch_dop_operator_v3 to 2023-09-28T22:05:00+00:00, run_after=2023-09-28T22:06:00+00:00
[2023-09-28T22:06:02.192+0000] {processor.py:179} INFO - Processing /home/airflow/.local/lib/python3.8/site-packages/airflow/example_dags/example_branch_python_dop_operator_3.py took 0.037 seconds
[2023-09-28T23:26:45.631+0000] {processor.py:157} INFO - Started process (PID=54054) to work on /home/airflow/.local/lib/python3.8/site-packages/airflow/example_dags/example_branch_python_dop_operator_3.py
[2023-09-28T23:26:45.632+0000] {processor.py:829} INFO - Processing file /home/airflow/.local/lib/python3.8/site-packages/airflow/example_dags/example_branch_python_dop_operator_3.py for tasks to queue
[2023-09-28T23:26:45.633+0000] {logging_mixin.py:151} INFO - [2023-09-28T23:26:45.633+0000] {dagbag.py:539} INFO - Filling up the DagBag from /home/airflow/.local/lib/python3.8/site-packages/airflow/example_dags/example_branch_python_dop_operator_3.py
[2023-09-28T23:26:45.638+0000] {processor.py:839} INFO - DAG(s) dict_keys(['example_branch_dop_operator_v3']) retrieved from /home/airflow/.local/lib/python3.8/site-packages/airflow/example_dags/example_branch_python_dop_operator_3.py
[2023-09-28T23:26:45.648+0000] {logging_mixin.py:151} INFO - [2023-09-28T23:26:45.648+0000] {dag.py:2907} INFO - Sync 1 DAGs
[2023-09-28T23:26:45.659+0000] {logging_mixin.py:151} INFO - [2023-09-28T23:26:45.659+0000] {dag.py:3677} INFO - Setting next_dagrun for example_branch_dop_operator_v3 to 2023-09-28T23:25:00+00:00, run_after=2023-09-28T23:26:00+00:00
[2023-09-28T23:26:45.666+0000] {processor.py:179} INFO - Processing /home/airflow/.local/lib/python3.8/site-packages/airflow/example_dags/example_branch_python_dop_operator_3.py took 0.037 seconds
