[2023-09-28T00:01:26.848+0000] {processor.py:157} INFO - Started process (PID=53211) to work on /home/airflow/.local/lib/python3.8/site-packages/airflow/example_dags/example_external_task_marker_dag.py
[2023-09-28T00:01:26.849+0000] {processor.py:829} INFO - Processing file /home/airflow/.local/lib/python3.8/site-packages/airflow/example_dags/example_external_task_marker_dag.py for tasks to queue
[2023-09-28T00:01:26.850+0000] {logging_mixin.py:151} INFO - [2023-09-28T00:01:26.850+0000] {dagbag.py:539} INFO - Filling up the DagBag from /home/airflow/.local/lib/python3.8/site-packages/airflow/example_dags/example_external_task_marker_dag.py
[2023-09-28T00:01:26.853+0000] {processor.py:839} INFO - DAG(s) dict_keys(['example_external_task_marker_child', 'example_external_task_marker_parent']) retrieved from /home/airflow/.local/lib/python3.8/site-packages/airflow/example_dags/example_external_task_marker_dag.py
[2023-09-28T00:01:26.866+0000] {logging_mixin.py:151} INFO - [2023-09-28T00:01:26.866+0000] {dag.py:2907} INFO - Sync 2 DAGs
[2023-09-28T00:01:26.872+0000] {logging_mixin.py:151} INFO - [2023-09-28T00:01:26.872+0000] {dag.py:3677} INFO - Setting next_dagrun for example_external_task_marker_child to None, run_after=None
[2023-09-28T00:01:26.873+0000] {logging_mixin.py:151} INFO - [2023-09-28T00:01:26.873+0000] {dag.py:3677} INFO - Setting next_dagrun for example_external_task_marker_parent to None, run_after=None
[2023-09-28T00:01:26.880+0000] {processor.py:179} INFO - Processing /home/airflow/.local/lib/python3.8/site-packages/airflow/example_dags/example_external_task_marker_dag.py took 0.034 seconds
[2023-09-28T01:23:47.703+0000] {processor.py:157} INFO - Started process (PID=53260) to work on /home/airflow/.local/lib/python3.8/site-packages/airflow/example_dags/example_external_task_marker_dag.py
[2023-09-28T01:23:47.703+0000] {processor.py:829} INFO - Processing file /home/airflow/.local/lib/python3.8/site-packages/airflow/example_dags/example_external_task_marker_dag.py for tasks to queue
[2023-09-28T01:23:47.705+0000] {logging_mixin.py:151} INFO - [2023-09-28T01:23:47.704+0000] {dagbag.py:539} INFO - Filling up the DagBag from /home/airflow/.local/lib/python3.8/site-packages/airflow/example_dags/example_external_task_marker_dag.py
[2023-09-28T01:23:47.708+0000] {processor.py:839} INFO - DAG(s) dict_keys(['example_external_task_marker_parent', 'example_external_task_marker_child']) retrieved from /home/airflow/.local/lib/python3.8/site-packages/airflow/example_dags/example_external_task_marker_dag.py
[2023-09-28T01:23:47.721+0000] {logging_mixin.py:151} INFO - [2023-09-28T01:23:47.720+0000] {dag.py:2907} INFO - Sync 2 DAGs
[2023-09-28T01:23:47.726+0000] {logging_mixin.py:151} INFO - [2023-09-28T01:23:47.726+0000] {dag.py:3677} INFO - Setting next_dagrun for example_external_task_marker_child to None, run_after=None
[2023-09-28T01:23:47.728+0000] {logging_mixin.py:151} INFO - [2023-09-28T01:23:47.728+0000] {dag.py:3677} INFO - Setting next_dagrun for example_external_task_marker_parent to None, run_after=None
[2023-09-28T01:23:47.734+0000] {processor.py:179} INFO - Processing /home/airflow/.local/lib/python3.8/site-packages/airflow/example_dags/example_external_task_marker_dag.py took 0.033 seconds
[2023-09-28T02:47:00.034+0000] {processor.py:157} INFO - Started process (PID=53309) to work on /home/airflow/.local/lib/python3.8/site-packages/airflow/example_dags/example_external_task_marker_dag.py
[2023-09-28T02:47:00.035+0000] {processor.py:829} INFO - Processing file /home/airflow/.local/lib/python3.8/site-packages/airflow/example_dags/example_external_task_marker_dag.py for tasks to queue
[2023-09-28T02:47:00.036+0000] {logging_mixin.py:151} INFO - [2023-09-28T02:47:00.036+0000] {dagbag.py:539} INFO - Filling up the DagBag from /home/airflow/.local/lib/python3.8/site-packages/airflow/example_dags/example_external_task_marker_dag.py
[2023-09-28T02:47:00.040+0000] {processor.py:839} INFO - DAG(s) dict_keys(['example_external_task_marker_child', 'example_external_task_marker_parent']) retrieved from /home/airflow/.local/lib/python3.8/site-packages/airflow/example_dags/example_external_task_marker_dag.py
[2023-09-28T02:47:00.052+0000] {logging_mixin.py:151} INFO - [2023-09-28T02:47:00.051+0000] {dag.py:2907} INFO - Sync 2 DAGs
[2023-09-28T02:47:00.058+0000] {logging_mixin.py:151} INFO - [2023-09-28T02:47:00.058+0000] {dag.py:3677} INFO - Setting next_dagrun for example_external_task_marker_child to None, run_after=None
[2023-09-28T02:47:00.059+0000] {logging_mixin.py:151} INFO - [2023-09-28T02:47:00.059+0000] {dag.py:3677} INFO - Setting next_dagrun for example_external_task_marker_parent to None, run_after=None
[2023-09-28T02:47:00.066+0000] {processor.py:179} INFO - Processing /home/airflow/.local/lib/python3.8/site-packages/airflow/example_dags/example_external_task_marker_dag.py took 0.033 seconds
[2023-09-28T04:11:00.974+0000] {processor.py:157} INFO - Started process (PID=53358) to work on /home/airflow/.local/lib/python3.8/site-packages/airflow/example_dags/example_external_task_marker_dag.py
[2023-09-28T04:11:00.983+0000] {processor.py:829} INFO - Processing file /home/airflow/.local/lib/python3.8/site-packages/airflow/example_dags/example_external_task_marker_dag.py for tasks to queue
[2023-09-28T04:11:00.991+0000] {logging_mixin.py:151} INFO - [2023-09-28T04:11:00.991+0000] {dagbag.py:539} INFO - Filling up the DagBag from /home/airflow/.local/lib/python3.8/site-packages/airflow/example_dags/example_external_task_marker_dag.py
[2023-09-28T04:11:01.004+0000] {processor.py:839} INFO - DAG(s) dict_keys(['example_external_task_marker_child', 'example_external_task_marker_parent']) retrieved from /home/airflow/.local/lib/python3.8/site-packages/airflow/example_dags/example_external_task_marker_dag.py
[2023-09-28T04:11:01.049+0000] {logging_mixin.py:151} INFO - [2023-09-28T04:11:01.049+0000] {dag.py:2907} INFO - Sync 2 DAGs
[2023-09-28T04:11:01.065+0000] {logging_mixin.py:151} INFO - [2023-09-28T04:11:01.065+0000] {dag.py:3677} INFO - Setting next_dagrun for example_external_task_marker_child to None, run_after=None
[2023-09-28T04:11:01.073+0000] {logging_mixin.py:151} INFO - [2023-09-28T04:11:01.073+0000] {dag.py:3677} INFO - Setting next_dagrun for example_external_task_marker_parent to None, run_after=None
[2023-09-28T04:11:01.089+0000] {processor.py:179} INFO - Processing /home/airflow/.local/lib/python3.8/site-packages/airflow/example_dags/example_external_task_marker_dag.py took 0.118 seconds
[2023-09-28T05:38:42.087+0000] {processor.py:157} INFO - Started process (PID=53407) to work on /home/airflow/.local/lib/python3.8/site-packages/airflow/example_dags/example_external_task_marker_dag.py
[2023-09-28T05:38:42.088+0000] {processor.py:829} INFO - Processing file /home/airflow/.local/lib/python3.8/site-packages/airflow/example_dags/example_external_task_marker_dag.py for tasks to queue
[2023-09-28T05:38:42.089+0000] {logging_mixin.py:151} INFO - [2023-09-28T05:38:42.089+0000] {dagbag.py:539} INFO - Filling up the DagBag from /home/airflow/.local/lib/python3.8/site-packages/airflow/example_dags/example_external_task_marker_dag.py
[2023-09-28T05:38:42.092+0000] {processor.py:839} INFO - DAG(s) dict_keys(['example_external_task_marker_child', 'example_external_task_marker_parent']) retrieved from /home/airflow/.local/lib/python3.8/site-packages/airflow/example_dags/example_external_task_marker_dag.py
[2023-09-28T05:38:42.104+0000] {logging_mixin.py:151} INFO - [2023-09-28T05:38:42.104+0000] {dag.py:2907} INFO - Sync 2 DAGs
[2023-09-28T05:38:42.110+0000] {logging_mixin.py:151} INFO - [2023-09-28T05:38:42.110+0000] {dag.py:3677} INFO - Setting next_dagrun for example_external_task_marker_child to None, run_after=None
[2023-09-28T05:38:42.112+0000] {logging_mixin.py:151} INFO - [2023-09-28T05:38:42.112+0000] {dag.py:3677} INFO - Setting next_dagrun for example_external_task_marker_parent to None, run_after=None
[2023-09-28T05:38:42.118+0000] {processor.py:179} INFO - Processing /home/airflow/.local/lib/python3.8/site-packages/airflow/example_dags/example_external_task_marker_dag.py took 0.033 seconds
[2023-09-28T07:02:02.684+0000] {processor.py:157} INFO - Started process (PID=53456) to work on /home/airflow/.local/lib/python3.8/site-packages/airflow/example_dags/example_external_task_marker_dag.py
[2023-09-28T07:02:02.685+0000] {processor.py:829} INFO - Processing file /home/airflow/.local/lib/python3.8/site-packages/airflow/example_dags/example_external_task_marker_dag.py for tasks to queue
[2023-09-28T07:02:02.686+0000] {logging_mixin.py:151} INFO - [2023-09-28T07:02:02.686+0000] {dagbag.py:539} INFO - Filling up the DagBag from /home/airflow/.local/lib/python3.8/site-packages/airflow/example_dags/example_external_task_marker_dag.py
[2023-09-28T07:02:02.690+0000] {processor.py:839} INFO - DAG(s) dict_keys(['example_external_task_marker_child', 'example_external_task_marker_parent']) retrieved from /home/airflow/.local/lib/python3.8/site-packages/airflow/example_dags/example_external_task_marker_dag.py
[2023-09-28T07:02:02.702+0000] {logging_mixin.py:151} INFO - [2023-09-28T07:02:02.702+0000] {dag.py:2907} INFO - Sync 2 DAGs
[2023-09-28T07:02:02.708+0000] {logging_mixin.py:151} INFO - [2023-09-28T07:02:02.708+0000] {dag.py:3677} INFO - Setting next_dagrun for example_external_task_marker_child to None, run_after=None
[2023-09-28T07:02:02.709+0000] {logging_mixin.py:151} INFO - [2023-09-28T07:02:02.709+0000] {dag.py:3677} INFO - Setting next_dagrun for example_external_task_marker_parent to None, run_after=None
[2023-09-28T07:02:02.716+0000] {processor.py:179} INFO - Processing /home/airflow/.local/lib/python3.8/site-packages/airflow/example_dags/example_external_task_marker_dag.py took 0.034 seconds
[2023-09-28T08:20:25.953+0000] {processor.py:157} INFO - Started process (PID=53505) to work on /home/airflow/.local/lib/python3.8/site-packages/airflow/example_dags/example_external_task_marker_dag.py
[2023-09-28T08:20:25.953+0000] {processor.py:829} INFO - Processing file /home/airflow/.local/lib/python3.8/site-packages/airflow/example_dags/example_external_task_marker_dag.py for tasks to queue
[2023-09-28T08:20:25.954+0000] {logging_mixin.py:151} INFO - [2023-09-28T08:20:25.954+0000] {dagbag.py:539} INFO - Filling up the DagBag from /home/airflow/.local/lib/python3.8/site-packages/airflow/example_dags/example_external_task_marker_dag.py
[2023-09-28T08:20:25.958+0000] {processor.py:839} INFO - DAG(s) dict_keys(['example_external_task_marker_child', 'example_external_task_marker_parent']) retrieved from /home/airflow/.local/lib/python3.8/site-packages/airflow/example_dags/example_external_task_marker_dag.py
[2023-09-28T08:20:25.970+0000] {logging_mixin.py:151} INFO - [2023-09-28T08:20:25.970+0000] {dag.py:2907} INFO - Sync 2 DAGs
[2023-09-28T08:20:25.976+0000] {logging_mixin.py:151} INFO - [2023-09-28T08:20:25.976+0000] {dag.py:3677} INFO - Setting next_dagrun for example_external_task_marker_child to None, run_after=None
[2023-09-28T08:20:25.977+0000] {logging_mixin.py:151} INFO - [2023-09-28T08:20:25.977+0000] {dag.py:3677} INFO - Setting next_dagrun for example_external_task_marker_parent to None, run_after=None
[2023-09-28T08:20:25.983+0000] {processor.py:179} INFO - Processing /home/airflow/.local/lib/python3.8/site-packages/airflow/example_dags/example_external_task_marker_dag.py took 0.033 seconds
[2023-09-28T09:43:20.935+0000] {processor.py:157} INFO - Started process (PID=53554) to work on /home/airflow/.local/lib/python3.8/site-packages/airflow/example_dags/example_external_task_marker_dag.py
[2023-09-28T09:43:20.936+0000] {processor.py:829} INFO - Processing file /home/airflow/.local/lib/python3.8/site-packages/airflow/example_dags/example_external_task_marker_dag.py for tasks to queue
[2023-09-28T09:43:20.937+0000] {logging_mixin.py:151} INFO - [2023-09-28T09:43:20.937+0000] {dagbag.py:539} INFO - Filling up the DagBag from /home/airflow/.local/lib/python3.8/site-packages/airflow/example_dags/example_external_task_marker_dag.py
[2023-09-28T09:43:20.941+0000] {processor.py:839} INFO - DAG(s) dict_keys(['example_external_task_marker_parent', 'example_external_task_marker_child']) retrieved from /home/airflow/.local/lib/python3.8/site-packages/airflow/example_dags/example_external_task_marker_dag.py
[2023-09-28T09:43:20.953+0000] {logging_mixin.py:151} INFO - [2023-09-28T09:43:20.953+0000] {dag.py:2907} INFO - Sync 2 DAGs
[2023-09-28T09:43:20.959+0000] {logging_mixin.py:151} INFO - [2023-09-28T09:43:20.959+0000] {dag.py:3677} INFO - Setting next_dagrun for example_external_task_marker_child to None, run_after=None
[2023-09-28T09:43:20.960+0000] {logging_mixin.py:151} INFO - [2023-09-28T09:43:20.960+0000] {dag.py:3677} INFO - Setting next_dagrun for example_external_task_marker_parent to None, run_after=None
[2023-09-28T09:43:20.966+0000] {processor.py:179} INFO - Processing /home/airflow/.local/lib/python3.8/site-packages/airflow/example_dags/example_external_task_marker_dag.py took 0.033 seconds
[2023-09-28T11:03:53.457+0000] {processor.py:157} INFO - Started process (PID=53603) to work on /home/airflow/.local/lib/python3.8/site-packages/airflow/example_dags/example_external_task_marker_dag.py
[2023-09-28T11:03:53.458+0000] {processor.py:829} INFO - Processing file /home/airflow/.local/lib/python3.8/site-packages/airflow/example_dags/example_external_task_marker_dag.py for tasks to queue
[2023-09-28T11:03:53.459+0000] {logging_mixin.py:151} INFO - [2023-09-28T11:03:53.459+0000] {dagbag.py:539} INFO - Filling up the DagBag from /home/airflow/.local/lib/python3.8/site-packages/airflow/example_dags/example_external_task_marker_dag.py
[2023-09-28T11:03:53.462+0000] {processor.py:839} INFO - DAG(s) dict_keys(['example_external_task_marker_parent', 'example_external_task_marker_child']) retrieved from /home/airflow/.local/lib/python3.8/site-packages/airflow/example_dags/example_external_task_marker_dag.py
[2023-09-28T11:03:53.474+0000] {logging_mixin.py:151} INFO - [2023-09-28T11:03:53.474+0000] {dag.py:2907} INFO - Sync 2 DAGs
[2023-09-28T11:03:53.479+0000] {logging_mixin.py:151} INFO - [2023-09-28T11:03:53.479+0000] {dag.py:3677} INFO - Setting next_dagrun for example_external_task_marker_child to None, run_after=None
[2023-09-28T11:03:53.481+0000] {logging_mixin.py:151} INFO - [2023-09-28T11:03:53.481+0000] {dag.py:3677} INFO - Setting next_dagrun for example_external_task_marker_parent to None, run_after=None
[2023-09-28T11:03:53.487+0000] {processor.py:179} INFO - Processing /home/airflow/.local/lib/python3.8/site-packages/airflow/example_dags/example_external_task_marker_dag.py took 0.031 seconds
[2023-09-28T12:27:12.062+0000] {processor.py:157} INFO - Started process (PID=53652) to work on /home/airflow/.local/lib/python3.8/site-packages/airflow/example_dags/example_external_task_marker_dag.py
[2023-09-28T12:27:12.062+0000] {processor.py:829} INFO - Processing file /home/airflow/.local/lib/python3.8/site-packages/airflow/example_dags/example_external_task_marker_dag.py for tasks to queue
[2023-09-28T12:27:12.064+0000] {logging_mixin.py:151} INFO - [2023-09-28T12:27:12.064+0000] {dagbag.py:539} INFO - Filling up the DagBag from /home/airflow/.local/lib/python3.8/site-packages/airflow/example_dags/example_external_task_marker_dag.py
[2023-09-28T12:27:12.067+0000] {processor.py:839} INFO - DAG(s) dict_keys(['example_external_task_marker_parent', 'example_external_task_marker_child']) retrieved from /home/airflow/.local/lib/python3.8/site-packages/airflow/example_dags/example_external_task_marker_dag.py
[2023-09-28T12:27:12.081+0000] {logging_mixin.py:151} INFO - [2023-09-28T12:27:12.081+0000] {dag.py:2907} INFO - Sync 2 DAGs
[2023-09-28T12:27:12.087+0000] {logging_mixin.py:151} INFO - [2023-09-28T12:27:12.087+0000] {dag.py:3677} INFO - Setting next_dagrun for example_external_task_marker_child to None, run_after=None
[2023-09-28T12:27:12.088+0000] {logging_mixin.py:151} INFO - [2023-09-28T12:27:12.088+0000] {dag.py:3677} INFO - Setting next_dagrun for example_external_task_marker_parent to None, run_after=None
[2023-09-28T12:27:12.095+0000] {processor.py:179} INFO - Processing /home/airflow/.local/lib/python3.8/site-packages/airflow/example_dags/example_external_task_marker_dag.py took 0.035 seconds
[2023-09-28T13:50:02.242+0000] {processor.py:157} INFO - Started process (PID=53701) to work on /home/airflow/.local/lib/python3.8/site-packages/airflow/example_dags/example_external_task_marker_dag.py
[2023-09-28T13:50:02.242+0000] {processor.py:829} INFO - Processing file /home/airflow/.local/lib/python3.8/site-packages/airflow/example_dags/example_external_task_marker_dag.py for tasks to queue
[2023-09-28T13:50:02.243+0000] {logging_mixin.py:151} INFO - [2023-09-28T13:50:02.243+0000] {dagbag.py:539} INFO - Filling up the DagBag from /home/airflow/.local/lib/python3.8/site-packages/airflow/example_dags/example_external_task_marker_dag.py
[2023-09-28T13:50:02.247+0000] {processor.py:839} INFO - DAG(s) dict_keys(['example_external_task_marker_child', 'example_external_task_marker_parent']) retrieved from /home/airflow/.local/lib/python3.8/site-packages/airflow/example_dags/example_external_task_marker_dag.py
[2023-09-28T13:50:02.258+0000] {logging_mixin.py:151} INFO - [2023-09-28T13:50:02.258+0000] {dag.py:2907} INFO - Sync 2 DAGs
[2023-09-28T13:50:02.263+0000] {logging_mixin.py:151} INFO - [2023-09-28T13:50:02.263+0000] {dag.py:3677} INFO - Setting next_dagrun for example_external_task_marker_child to None, run_after=None
[2023-09-28T13:50:02.265+0000] {logging_mixin.py:151} INFO - [2023-09-28T13:50:02.265+0000] {dag.py:3677} INFO - Setting next_dagrun for example_external_task_marker_parent to None, run_after=None
[2023-09-28T13:50:02.271+0000] {processor.py:179} INFO - Processing /home/airflow/.local/lib/python3.8/site-packages/airflow/example_dags/example_external_task_marker_dag.py took 0.032 seconds
[2023-09-28T15:11:33.879+0000] {processor.py:157} INFO - Started process (PID=53750) to work on /home/airflow/.local/lib/python3.8/site-packages/airflow/example_dags/example_external_task_marker_dag.py
[2023-09-28T15:11:33.880+0000] {processor.py:829} INFO - Processing file /home/airflow/.local/lib/python3.8/site-packages/airflow/example_dags/example_external_task_marker_dag.py for tasks to queue
[2023-09-28T15:11:33.881+0000] {logging_mixin.py:151} INFO - [2023-09-28T15:11:33.881+0000] {dagbag.py:539} INFO - Filling up the DagBag from /home/airflow/.local/lib/python3.8/site-packages/airflow/example_dags/example_external_task_marker_dag.py
[2023-09-28T15:11:33.884+0000] {processor.py:839} INFO - DAG(s) dict_keys(['example_external_task_marker_parent', 'example_external_task_marker_child']) retrieved from /home/airflow/.local/lib/python3.8/site-packages/airflow/example_dags/example_external_task_marker_dag.py
[2023-09-28T15:11:33.896+0000] {logging_mixin.py:151} INFO - [2023-09-28T15:11:33.896+0000] {dag.py:2907} INFO - Sync 2 DAGs
[2023-09-28T15:11:33.913+0000] {logging_mixin.py:151} INFO - [2023-09-28T15:11:33.913+0000] {dag.py:3677} INFO - Setting next_dagrun for example_external_task_marker_child to None, run_after=None
[2023-09-28T15:11:33.914+0000] {logging_mixin.py:151} INFO - [2023-09-28T15:11:33.914+0000] {dag.py:3677} INFO - Setting next_dagrun for example_external_task_marker_parent to None, run_after=None
[2023-09-28T15:11:33.921+0000] {processor.py:179} INFO - Processing /home/airflow/.local/lib/python3.8/site-packages/airflow/example_dags/example_external_task_marker_dag.py took 0.044 seconds
[2023-09-28T16:36:01.508+0000] {processor.py:157} INFO - Started process (PID=53799) to work on /home/airflow/.local/lib/python3.8/site-packages/airflow/example_dags/example_external_task_marker_dag.py
[2023-09-28T16:36:01.509+0000] {processor.py:829} INFO - Processing file /home/airflow/.local/lib/python3.8/site-packages/airflow/example_dags/example_external_task_marker_dag.py for tasks to queue
[2023-09-28T16:36:01.510+0000] {logging_mixin.py:151} INFO - [2023-09-28T16:36:01.510+0000] {dagbag.py:539} INFO - Filling up the DagBag from /home/airflow/.local/lib/python3.8/site-packages/airflow/example_dags/example_external_task_marker_dag.py
[2023-09-28T16:36:01.513+0000] {processor.py:839} INFO - DAG(s) dict_keys(['example_external_task_marker_child', 'example_external_task_marker_parent']) retrieved from /home/airflow/.local/lib/python3.8/site-packages/airflow/example_dags/example_external_task_marker_dag.py
[2023-09-28T16:36:01.526+0000] {logging_mixin.py:151} INFO - [2023-09-28T16:36:01.526+0000] {dag.py:2907} INFO - Sync 2 DAGs
[2023-09-28T16:36:01.532+0000] {logging_mixin.py:151} INFO - [2023-09-28T16:36:01.532+0000] {dag.py:3677} INFO - Setting next_dagrun for example_external_task_marker_child to None, run_after=None
[2023-09-28T16:36:01.533+0000] {logging_mixin.py:151} INFO - [2023-09-28T16:36:01.533+0000] {dag.py:3677} INFO - Setting next_dagrun for example_external_task_marker_parent to None, run_after=None
[2023-09-28T16:36:01.540+0000] {processor.py:179} INFO - Processing /home/airflow/.local/lib/python3.8/site-packages/airflow/example_dags/example_external_task_marker_dag.py took 0.033 seconds
[2023-09-28T17:56:11.263+0000] {processor.py:157} INFO - Started process (PID=53848) to work on /home/airflow/.local/lib/python3.8/site-packages/airflow/example_dags/example_external_task_marker_dag.py
[2023-09-28T17:56:11.264+0000] {processor.py:829} INFO - Processing file /home/airflow/.local/lib/python3.8/site-packages/airflow/example_dags/example_external_task_marker_dag.py for tasks to queue
[2023-09-28T17:56:11.266+0000] {logging_mixin.py:151} INFO - [2023-09-28T17:56:11.266+0000] {dagbag.py:539} INFO - Filling up the DagBag from /home/airflow/.local/lib/python3.8/site-packages/airflow/example_dags/example_external_task_marker_dag.py
[2023-09-28T17:56:11.272+0000] {processor.py:839} INFO - DAG(s) dict_keys(['example_external_task_marker_parent', 'example_external_task_marker_child']) retrieved from /home/airflow/.local/lib/python3.8/site-packages/airflow/example_dags/example_external_task_marker_dag.py
[2023-09-28T17:56:11.311+0000] {logging_mixin.py:151} INFO - [2023-09-28T17:56:11.311+0000] {dag.py:2907} INFO - Sync 2 DAGs
[2023-09-28T17:56:11.325+0000] {logging_mixin.py:151} INFO - [2023-09-28T17:56:11.325+0000] {dag.py:3677} INFO - Setting next_dagrun for example_external_task_marker_child to None, run_after=None
[2023-09-28T17:56:11.331+0000] {logging_mixin.py:151} INFO - [2023-09-28T17:56:11.331+0000] {dag.py:3677} INFO - Setting next_dagrun for example_external_task_marker_parent to None, run_after=None
[2023-09-28T17:56:11.346+0000] {processor.py:179} INFO - Processing /home/airflow/.local/lib/python3.8/site-packages/airflow/example_dags/example_external_task_marker_dag.py took 0.094 seconds
[2023-09-28T19:17:46.999+0000] {processor.py:157} INFO - Started process (PID=53897) to work on /home/airflow/.local/lib/python3.8/site-packages/airflow/example_dags/example_external_task_marker_dag.py
[2023-09-28T19:17:46.999+0000] {processor.py:829} INFO - Processing file /home/airflow/.local/lib/python3.8/site-packages/airflow/example_dags/example_external_task_marker_dag.py for tasks to queue
[2023-09-28T19:17:47.000+0000] {logging_mixin.py:151} INFO - [2023-09-28T19:17:47.000+0000] {dagbag.py:539} INFO - Filling up the DagBag from /home/airflow/.local/lib/python3.8/site-packages/airflow/example_dags/example_external_task_marker_dag.py
[2023-09-28T19:17:47.004+0000] {processor.py:839} INFO - DAG(s) dict_keys(['example_external_task_marker_child', 'example_external_task_marker_parent']) retrieved from /home/airflow/.local/lib/python3.8/site-packages/airflow/example_dags/example_external_task_marker_dag.py
[2023-09-28T19:17:47.015+0000] {logging_mixin.py:151} INFO - [2023-09-28T19:17:47.015+0000] {dag.py:2907} INFO - Sync 2 DAGs
[2023-09-28T19:17:47.021+0000] {logging_mixin.py:151} INFO - [2023-09-28T19:17:47.021+0000] {dag.py:3677} INFO - Setting next_dagrun for example_external_task_marker_child to None, run_after=None
[2023-09-28T19:17:47.022+0000] {logging_mixin.py:151} INFO - [2023-09-28T19:17:47.022+0000] {dag.py:3677} INFO - Setting next_dagrun for example_external_task_marker_parent to None, run_after=None
[2023-09-28T19:17:47.029+0000] {processor.py:179} INFO - Processing /home/airflow/.local/lib/python3.8/site-packages/airflow/example_dags/example_external_task_marker_dag.py took 0.032 seconds
[2023-09-28T20:41:32.759+0000] {processor.py:157} INFO - Started process (PID=53946) to work on /home/airflow/.local/lib/python3.8/site-packages/airflow/example_dags/example_external_task_marker_dag.py
[2023-09-28T20:41:32.760+0000] {processor.py:829} INFO - Processing file /home/airflow/.local/lib/python3.8/site-packages/airflow/example_dags/example_external_task_marker_dag.py for tasks to queue
[2023-09-28T20:41:32.761+0000] {logging_mixin.py:151} INFO - [2023-09-28T20:41:32.761+0000] {dagbag.py:539} INFO - Filling up the DagBag from /home/airflow/.local/lib/python3.8/site-packages/airflow/example_dags/example_external_task_marker_dag.py
[2023-09-28T20:41:32.765+0000] {processor.py:839} INFO - DAG(s) dict_keys(['example_external_task_marker_child', 'example_external_task_marker_parent']) retrieved from /home/airflow/.local/lib/python3.8/site-packages/airflow/example_dags/example_external_task_marker_dag.py
[2023-09-28T20:41:32.781+0000] {logging_mixin.py:151} INFO - [2023-09-28T20:41:32.781+0000] {dag.py:2907} INFO - Sync 2 DAGs
[2023-09-28T20:41:32.787+0000] {logging_mixin.py:151} INFO - [2023-09-28T20:41:32.787+0000] {dag.py:3677} INFO - Setting next_dagrun for example_external_task_marker_child to None, run_after=None
[2023-09-28T20:41:32.789+0000] {logging_mixin.py:151} INFO - [2023-09-28T20:41:32.789+0000] {dag.py:3677} INFO - Setting next_dagrun for example_external_task_marker_parent to None, run_after=None
[2023-09-28T20:41:32.799+0000] {processor.py:179} INFO - Processing /home/airflow/.local/lib/python3.8/site-packages/airflow/example_dags/example_external_task_marker_dag.py took 0.042 seconds
[2023-09-28T22:06:01.867+0000] {processor.py:157} INFO - Started process (PID=53995) to work on /home/airflow/.local/lib/python3.8/site-packages/airflow/example_dags/example_external_task_marker_dag.py
[2023-09-28T22:06:01.868+0000] {processor.py:829} INFO - Processing file /home/airflow/.local/lib/python3.8/site-packages/airflow/example_dags/example_external_task_marker_dag.py for tasks to queue
[2023-09-28T22:06:01.869+0000] {logging_mixin.py:151} INFO - [2023-09-28T22:06:01.869+0000] {dagbag.py:539} INFO - Filling up the DagBag from /home/airflow/.local/lib/python3.8/site-packages/airflow/example_dags/example_external_task_marker_dag.py
[2023-09-28T22:06:01.873+0000] {processor.py:839} INFO - DAG(s) dict_keys(['example_external_task_marker_child', 'example_external_task_marker_parent']) retrieved from /home/airflow/.local/lib/python3.8/site-packages/airflow/example_dags/example_external_task_marker_dag.py
[2023-09-28T22:06:01.885+0000] {logging_mixin.py:151} INFO - [2023-09-28T22:06:01.885+0000] {dag.py:2907} INFO - Sync 2 DAGs
[2023-09-28T22:06:01.891+0000] {logging_mixin.py:151} INFO - [2023-09-28T22:06:01.891+0000] {dag.py:3677} INFO - Setting next_dagrun for example_external_task_marker_child to None, run_after=None
[2023-09-28T22:06:01.892+0000] {logging_mixin.py:151} INFO - [2023-09-28T22:06:01.892+0000] {dag.py:3677} INFO - Setting next_dagrun for example_external_task_marker_parent to None, run_after=None
[2023-09-28T22:06:01.898+0000] {processor.py:179} INFO - Processing /home/airflow/.local/lib/python3.8/site-packages/airflow/example_dags/example_external_task_marker_dag.py took 0.033 seconds
[2023-09-28T23:26:45.328+0000] {processor.py:157} INFO - Started process (PID=54044) to work on /home/airflow/.local/lib/python3.8/site-packages/airflow/example_dags/example_external_task_marker_dag.py
[2023-09-28T23:26:45.329+0000] {processor.py:829} INFO - Processing file /home/airflow/.local/lib/python3.8/site-packages/airflow/example_dags/example_external_task_marker_dag.py for tasks to queue
[2023-09-28T23:26:45.330+0000] {logging_mixin.py:151} INFO - [2023-09-28T23:26:45.330+0000] {dagbag.py:539} INFO - Filling up the DagBag from /home/airflow/.local/lib/python3.8/site-packages/airflow/example_dags/example_external_task_marker_dag.py
[2023-09-28T23:26:45.333+0000] {processor.py:839} INFO - DAG(s) dict_keys(['example_external_task_marker_child', 'example_external_task_marker_parent']) retrieved from /home/airflow/.local/lib/python3.8/site-packages/airflow/example_dags/example_external_task_marker_dag.py
[2023-09-28T23:26:45.346+0000] {logging_mixin.py:151} INFO - [2023-09-28T23:26:45.346+0000] {dag.py:2907} INFO - Sync 2 DAGs
[2023-09-28T23:26:45.352+0000] {logging_mixin.py:151} INFO - [2023-09-28T23:26:45.352+0000] {dag.py:3677} INFO - Setting next_dagrun for example_external_task_marker_child to None, run_after=None
[2023-09-28T23:26:45.353+0000] {logging_mixin.py:151} INFO - [2023-09-28T23:26:45.353+0000] {dag.py:3677} INFO - Setting next_dagrun for example_external_task_marker_parent to None, run_after=None
[2023-09-28T23:26:45.360+0000] {processor.py:179} INFO - Processing /home/airflow/.local/lib/python3.8/site-packages/airflow/example_dags/example_external_task_marker_dag.py took 0.034 seconds
