[2023-09-28T00:01:26.308+0000] {processor.py:157} INFO - Started process (PID=53198) to work on /home/airflow/.local/lib/python3.8/site-packages/airflow/example_dags/example_dynamic_task_mapping_with_no_taskflow_operators.py
[2023-09-28T00:01:26.317+0000] {processor.py:829} INFO - Processing file /home/airflow/.local/lib/python3.8/site-packages/airflow/example_dags/example_dynamic_task_mapping_with_no_taskflow_operators.py for tasks to queue
[2023-09-28T00:01:26.325+0000] {logging_mixin.py:151} INFO - [2023-09-28T00:01:26.324+0000] {dagbag.py:539} INFO - Filling up the DagBag from /home/airflow/.local/lib/python3.8/site-packages/airflow/example_dags/example_dynamic_task_mapping_with_no_taskflow_operators.py
[2023-09-28T00:01:26.337+0000] {processor.py:839} INFO - DAG(s) dict_keys(['example_dynamic_task_mapping_with_no_taskflow_operators']) retrieved from /home/airflow/.local/lib/python3.8/site-packages/airflow/example_dags/example_dynamic_task_mapping_with_no_taskflow_operators.py
[2023-09-28T00:01:26.377+0000] {logging_mixin.py:151} INFO - [2023-09-28T00:01:26.376+0000] {dag.py:2907} INFO - Sync 1 DAGs
[2023-09-28T00:01:26.398+0000] {logging_mixin.py:151} INFO - [2023-09-28T00:01:26.398+0000] {dag.py:3677} INFO - Setting next_dagrun for example_dynamic_task_mapping_with_no_taskflow_operators to 2023-09-27T00:01:26.397879+00:00, run_after=2023-09-28T00:01:26.397879+00:00
[2023-09-28T00:01:26.416+0000] {processor.py:179} INFO - Processing /home/airflow/.local/lib/python3.8/site-packages/airflow/example_dags/example_dynamic_task_mapping_with_no_taskflow_operators.py took 0.112 seconds
[2023-09-28T01:23:47.338+0000] {processor.py:157} INFO - Started process (PID=53247) to work on /home/airflow/.local/lib/python3.8/site-packages/airflow/example_dags/example_dynamic_task_mapping_with_no_taskflow_operators.py
[2023-09-28T01:23:47.338+0000] {processor.py:829} INFO - Processing file /home/airflow/.local/lib/python3.8/site-packages/airflow/example_dags/example_dynamic_task_mapping_with_no_taskflow_operators.py for tasks to queue
[2023-09-28T01:23:47.340+0000] {logging_mixin.py:151} INFO - [2023-09-28T01:23:47.339+0000] {dagbag.py:539} INFO - Filling up the DagBag from /home/airflow/.local/lib/python3.8/site-packages/airflow/example_dags/example_dynamic_task_mapping_with_no_taskflow_operators.py
[2023-09-28T01:23:47.343+0000] {processor.py:839} INFO - DAG(s) dict_keys(['example_dynamic_task_mapping_with_no_taskflow_operators']) retrieved from /home/airflow/.local/lib/python3.8/site-packages/airflow/example_dags/example_dynamic_task_mapping_with_no_taskflow_operators.py
[2023-09-28T01:23:47.353+0000] {logging_mixin.py:151} INFO - [2023-09-28T01:23:47.352+0000] {dag.py:2907} INFO - Sync 1 DAGs
[2023-09-28T01:23:47.362+0000] {logging_mixin.py:151} INFO - [2023-09-28T01:23:47.362+0000] {dag.py:3677} INFO - Setting next_dagrun for example_dynamic_task_mapping_with_no_taskflow_operators to 2023-09-27T01:23:47.362209+00:00, run_after=2023-09-28T01:23:47.362209+00:00
[2023-09-28T01:23:47.369+0000] {processor.py:179} INFO - Processing /home/airflow/.local/lib/python3.8/site-packages/airflow/example_dags/example_dynamic_task_mapping_with_no_taskflow_operators.py took 0.033 seconds
[2023-09-28T02:46:59.687+0000] {processor.py:157} INFO - Started process (PID=53296) to work on /home/airflow/.local/lib/python3.8/site-packages/airflow/example_dags/example_dynamic_task_mapping_with_no_taskflow_operators.py
[2023-09-28T02:46:59.687+0000] {processor.py:829} INFO - Processing file /home/airflow/.local/lib/python3.8/site-packages/airflow/example_dags/example_dynamic_task_mapping_with_no_taskflow_operators.py for tasks to queue
[2023-09-28T02:46:59.688+0000] {logging_mixin.py:151} INFO - [2023-09-28T02:46:59.688+0000] {dagbag.py:539} INFO - Filling up the DagBag from /home/airflow/.local/lib/python3.8/site-packages/airflow/example_dags/example_dynamic_task_mapping_with_no_taskflow_operators.py
[2023-09-28T02:46:59.692+0000] {processor.py:839} INFO - DAG(s) dict_keys(['example_dynamic_task_mapping_with_no_taskflow_operators']) retrieved from /home/airflow/.local/lib/python3.8/site-packages/airflow/example_dags/example_dynamic_task_mapping_with_no_taskflow_operators.py
[2023-09-28T02:46:59.702+0000] {logging_mixin.py:151} INFO - [2023-09-28T02:46:59.702+0000] {dag.py:2907} INFO - Sync 1 DAGs
[2023-09-28T02:46:59.712+0000] {logging_mixin.py:151} INFO - [2023-09-28T02:46:59.712+0000] {dag.py:3677} INFO - Setting next_dagrun for example_dynamic_task_mapping_with_no_taskflow_operators to 2023-09-27T02:46:59.712432+00:00, run_after=2023-09-28T02:46:59.712432+00:00
[2023-09-28T02:46:59.719+0000] {processor.py:179} INFO - Processing /home/airflow/.local/lib/python3.8/site-packages/airflow/example_dags/example_dynamic_task_mapping_with_no_taskflow_operators.py took 0.034 seconds
[2023-09-28T04:11:00.433+0000] {processor.py:157} INFO - Started process (PID=53345) to work on /home/airflow/.local/lib/python3.8/site-packages/airflow/example_dags/example_dynamic_task_mapping_with_no_taskflow_operators.py
[2023-09-28T04:11:00.434+0000] {processor.py:829} INFO - Processing file /home/airflow/.local/lib/python3.8/site-packages/airflow/example_dags/example_dynamic_task_mapping_with_no_taskflow_operators.py for tasks to queue
[2023-09-28T04:11:00.435+0000] {logging_mixin.py:151} INFO - [2023-09-28T04:11:00.435+0000] {dagbag.py:539} INFO - Filling up the DagBag from /home/airflow/.local/lib/python3.8/site-packages/airflow/example_dags/example_dynamic_task_mapping_with_no_taskflow_operators.py
[2023-09-28T04:11:00.439+0000] {processor.py:839} INFO - DAG(s) dict_keys(['example_dynamic_task_mapping_with_no_taskflow_operators']) retrieved from /home/airflow/.local/lib/python3.8/site-packages/airflow/example_dags/example_dynamic_task_mapping_with_no_taskflow_operators.py
[2023-09-28T04:11:00.449+0000] {logging_mixin.py:151} INFO - [2023-09-28T04:11:00.448+0000] {dag.py:2907} INFO - Sync 1 DAGs
[2023-09-28T04:11:00.458+0000] {logging_mixin.py:151} INFO - [2023-09-28T04:11:00.458+0000] {dag.py:3677} INFO - Setting next_dagrun for example_dynamic_task_mapping_with_no_taskflow_operators to 2023-09-27T04:11:00.458383+00:00, run_after=2023-09-28T04:11:00.458383+00:00
[2023-09-28T04:11:00.465+0000] {processor.py:179} INFO - Processing /home/airflow/.local/lib/python3.8/site-packages/airflow/example_dags/example_dynamic_task_mapping_with_no_taskflow_operators.py took 0.034 seconds
[2023-09-28T05:38:41.730+0000] {processor.py:157} INFO - Started process (PID=53394) to work on /home/airflow/.local/lib/python3.8/site-packages/airflow/example_dags/example_dynamic_task_mapping_with_no_taskflow_operators.py
[2023-09-28T05:38:41.730+0000] {processor.py:829} INFO - Processing file /home/airflow/.local/lib/python3.8/site-packages/airflow/example_dags/example_dynamic_task_mapping_with_no_taskflow_operators.py for tasks to queue
[2023-09-28T05:38:41.731+0000] {logging_mixin.py:151} INFO - [2023-09-28T05:38:41.731+0000] {dagbag.py:539} INFO - Filling up the DagBag from /home/airflow/.local/lib/python3.8/site-packages/airflow/example_dags/example_dynamic_task_mapping_with_no_taskflow_operators.py
[2023-09-28T05:38:41.735+0000] {processor.py:839} INFO - DAG(s) dict_keys(['example_dynamic_task_mapping_with_no_taskflow_operators']) retrieved from /home/airflow/.local/lib/python3.8/site-packages/airflow/example_dags/example_dynamic_task_mapping_with_no_taskflow_operators.py
[2023-09-28T05:38:41.744+0000] {logging_mixin.py:151} INFO - [2023-09-28T05:38:41.744+0000] {dag.py:2907} INFO - Sync 1 DAGs
[2023-09-28T05:38:41.753+0000] {logging_mixin.py:151} INFO - [2023-09-28T05:38:41.753+0000] {dag.py:3677} INFO - Setting next_dagrun for example_dynamic_task_mapping_with_no_taskflow_operators to 2023-09-27T05:38:41.753738+00:00, run_after=2023-09-28T05:38:41.753738+00:00
[2023-09-28T05:38:41.760+0000] {processor.py:179} INFO - Processing /home/airflow/.local/lib/python3.8/site-packages/airflow/example_dags/example_dynamic_task_mapping_with_no_taskflow_operators.py took 0.033 seconds
[2023-09-28T07:02:01.802+0000] {processor.py:157} INFO - Started process (PID=53443) to work on /home/airflow/.local/lib/python3.8/site-packages/airflow/example_dags/example_dynamic_task_mapping_with_no_taskflow_operators.py
[2023-09-28T07:02:01.803+0000] {processor.py:829} INFO - Processing file /home/airflow/.local/lib/python3.8/site-packages/airflow/example_dags/example_dynamic_task_mapping_with_no_taskflow_operators.py for tasks to queue
[2023-09-28T07:02:01.805+0000] {logging_mixin.py:151} INFO - [2023-09-28T07:02:01.805+0000] {dagbag.py:539} INFO - Filling up the DagBag from /home/airflow/.local/lib/python3.8/site-packages/airflow/example_dags/example_dynamic_task_mapping_with_no_taskflow_operators.py
[2023-09-28T07:02:01.815+0000] {processor.py:839} INFO - DAG(s) dict_keys(['example_dynamic_task_mapping_with_no_taskflow_operators']) retrieved from /home/airflow/.local/lib/python3.8/site-packages/airflow/example_dags/example_dynamic_task_mapping_with_no_taskflow_operators.py
[2023-09-28T07:02:01.842+0000] {logging_mixin.py:151} INFO - [2023-09-28T07:02:01.842+0000] {dag.py:2907} INFO - Sync 1 DAGs
[2023-09-28T07:02:01.864+0000] {logging_mixin.py:151} INFO - [2023-09-28T07:02:01.864+0000] {dag.py:3677} INFO - Setting next_dagrun for example_dynamic_task_mapping_with_no_taskflow_operators to 2023-09-27T07:02:01.864245+00:00, run_after=2023-09-28T07:02:01.864245+00:00
[2023-09-28T07:02:01.881+0000] {processor.py:179} INFO - Processing /home/airflow/.local/lib/python3.8/site-packages/airflow/example_dags/example_dynamic_task_mapping_with_no_taskflow_operators.py took 0.086 seconds
[2023-09-28T08:20:25.586+0000] {processor.py:157} INFO - Started process (PID=53492) to work on /home/airflow/.local/lib/python3.8/site-packages/airflow/example_dags/example_dynamic_task_mapping_with_no_taskflow_operators.py
[2023-09-28T08:20:25.589+0000] {processor.py:829} INFO - Processing file /home/airflow/.local/lib/python3.8/site-packages/airflow/example_dags/example_dynamic_task_mapping_with_no_taskflow_operators.py for tasks to queue
[2023-09-28T08:20:25.590+0000] {logging_mixin.py:151} INFO - [2023-09-28T08:20:25.590+0000] {dagbag.py:539} INFO - Filling up the DagBag from /home/airflow/.local/lib/python3.8/site-packages/airflow/example_dags/example_dynamic_task_mapping_with_no_taskflow_operators.py
[2023-09-28T08:20:25.594+0000] {processor.py:839} INFO - DAG(s) dict_keys(['example_dynamic_task_mapping_with_no_taskflow_operators']) retrieved from /home/airflow/.local/lib/python3.8/site-packages/airflow/example_dags/example_dynamic_task_mapping_with_no_taskflow_operators.py
[2023-09-28T08:20:25.604+0000] {logging_mixin.py:151} INFO - [2023-09-28T08:20:25.604+0000] {dag.py:2907} INFO - Sync 1 DAGs
[2023-09-28T08:20:25.614+0000] {logging_mixin.py:151} INFO - [2023-09-28T08:20:25.614+0000] {dag.py:3677} INFO - Setting next_dagrun for example_dynamic_task_mapping_with_no_taskflow_operators to 2023-09-27T08:20:25.614224+00:00, run_after=2023-09-28T08:20:25.614224+00:00
[2023-09-28T08:20:25.621+0000] {processor.py:179} INFO - Processing /home/airflow/.local/lib/python3.8/site-packages/airflow/example_dags/example_dynamic_task_mapping_with_no_taskflow_operators.py took 0.037 seconds
[2023-09-28T09:43:20.482+0000] {processor.py:157} INFO - Started process (PID=53541) to work on /home/airflow/.local/lib/python3.8/site-packages/airflow/example_dags/example_dynamic_task_mapping_with_no_taskflow_operators.py
[2023-09-28T09:43:20.488+0000] {processor.py:829} INFO - Processing file /home/airflow/.local/lib/python3.8/site-packages/airflow/example_dags/example_dynamic_task_mapping_with_no_taskflow_operators.py for tasks to queue
[2023-09-28T09:43:20.496+0000] {logging_mixin.py:151} INFO - [2023-09-28T09:43:20.495+0000] {dagbag.py:539} INFO - Filling up the DagBag from /home/airflow/.local/lib/python3.8/site-packages/airflow/example_dags/example_dynamic_task_mapping_with_no_taskflow_operators.py
[2023-09-28T09:43:20.501+0000] {processor.py:839} INFO - DAG(s) dict_keys(['example_dynamic_task_mapping_with_no_taskflow_operators']) retrieved from /home/airflow/.local/lib/python3.8/site-packages/airflow/example_dags/example_dynamic_task_mapping_with_no_taskflow_operators.py
[2023-09-28T09:43:20.534+0000] {logging_mixin.py:151} INFO - [2023-09-28T09:43:20.534+0000] {dag.py:2907} INFO - Sync 1 DAGs
[2023-09-28T09:43:20.562+0000] {logging_mixin.py:151} INFO - [2023-09-28T09:43:20.562+0000] {dag.py:3677} INFO - Setting next_dagrun for example_dynamic_task_mapping_with_no_taskflow_operators to 2023-09-27T09:43:20.561817+00:00, run_after=2023-09-28T09:43:20.561817+00:00
[2023-09-28T09:43:20.584+0000] {processor.py:179} INFO - Processing /home/airflow/.local/lib/python3.8/site-packages/airflow/example_dags/example_dynamic_task_mapping_with_no_taskflow_operators.py took 0.106 seconds
[2023-09-28T11:03:53.065+0000] {processor.py:157} INFO - Started process (PID=53590) to work on /home/airflow/.local/lib/python3.8/site-packages/airflow/example_dags/example_dynamic_task_mapping_with_no_taskflow_operators.py
[2023-09-28T11:03:53.065+0000] {processor.py:829} INFO - Processing file /home/airflow/.local/lib/python3.8/site-packages/airflow/example_dags/example_dynamic_task_mapping_with_no_taskflow_operators.py for tasks to queue
[2023-09-28T11:03:53.067+0000] {logging_mixin.py:151} INFO - [2023-09-28T11:03:53.066+0000] {dagbag.py:539} INFO - Filling up the DagBag from /home/airflow/.local/lib/python3.8/site-packages/airflow/example_dags/example_dynamic_task_mapping_with_no_taskflow_operators.py
[2023-09-28T11:03:53.071+0000] {processor.py:839} INFO - DAG(s) dict_keys(['example_dynamic_task_mapping_with_no_taskflow_operators']) retrieved from /home/airflow/.local/lib/python3.8/site-packages/airflow/example_dags/example_dynamic_task_mapping_with_no_taskflow_operators.py
[2023-09-28T11:03:53.082+0000] {logging_mixin.py:151} INFO - [2023-09-28T11:03:53.081+0000] {dag.py:2907} INFO - Sync 1 DAGs
[2023-09-28T11:03:53.093+0000] {logging_mixin.py:151} INFO - [2023-09-28T11:03:53.093+0000] {dag.py:3677} INFO - Setting next_dagrun for example_dynamic_task_mapping_with_no_taskflow_operators to 2023-09-27T11:03:53.093753+00:00, run_after=2023-09-28T11:03:53.093753+00:00
[2023-09-28T11:03:53.104+0000] {processor.py:179} INFO - Processing /home/airflow/.local/lib/python3.8/site-packages/airflow/example_dags/example_dynamic_task_mapping_with_no_taskflow_operators.py took 0.041 seconds
[2023-09-28T12:27:11.688+0000] {processor.py:157} INFO - Started process (PID=53639) to work on /home/airflow/.local/lib/python3.8/site-packages/airflow/example_dags/example_dynamic_task_mapping_with_no_taskflow_operators.py
[2023-09-28T12:27:11.689+0000] {processor.py:829} INFO - Processing file /home/airflow/.local/lib/python3.8/site-packages/airflow/example_dags/example_dynamic_task_mapping_with_no_taskflow_operators.py for tasks to queue
[2023-09-28T12:27:11.690+0000] {logging_mixin.py:151} INFO - [2023-09-28T12:27:11.690+0000] {dagbag.py:539} INFO - Filling up the DagBag from /home/airflow/.local/lib/python3.8/site-packages/airflow/example_dags/example_dynamic_task_mapping_with_no_taskflow_operators.py
[2023-09-28T12:27:11.694+0000] {processor.py:839} INFO - DAG(s) dict_keys(['example_dynamic_task_mapping_with_no_taskflow_operators']) retrieved from /home/airflow/.local/lib/python3.8/site-packages/airflow/example_dags/example_dynamic_task_mapping_with_no_taskflow_operators.py
[2023-09-28T12:27:11.703+0000] {logging_mixin.py:151} INFO - [2023-09-28T12:27:11.703+0000] {dag.py:2907} INFO - Sync 1 DAGs
[2023-09-28T12:27:11.713+0000] {logging_mixin.py:151} INFO - [2023-09-28T12:27:11.713+0000] {dag.py:3677} INFO - Setting next_dagrun for example_dynamic_task_mapping_with_no_taskflow_operators to 2023-09-27T12:27:11.713041+00:00, run_after=2023-09-28T12:27:11.713041+00:00
[2023-09-28T12:27:11.720+0000] {processor.py:179} INFO - Processing /home/airflow/.local/lib/python3.8/site-packages/airflow/example_dags/example_dynamic_task_mapping_with_no_taskflow_operators.py took 0.033 seconds
[2023-09-28T13:50:01.463+0000] {processor.py:157} INFO - Started process (PID=53688) to work on /home/airflow/.local/lib/python3.8/site-packages/airflow/example_dags/example_dynamic_task_mapping_with_no_taskflow_operators.py
[2023-09-28T13:50:01.464+0000] {processor.py:829} INFO - Processing file /home/airflow/.local/lib/python3.8/site-packages/airflow/example_dags/example_dynamic_task_mapping_with_no_taskflow_operators.py for tasks to queue
[2023-09-28T13:50:01.470+0000] {logging_mixin.py:151} INFO - [2023-09-28T13:50:01.470+0000] {dagbag.py:539} INFO - Filling up the DagBag from /home/airflow/.local/lib/python3.8/site-packages/airflow/example_dags/example_dynamic_task_mapping_with_no_taskflow_operators.py
[2023-09-28T13:50:01.484+0000] {processor.py:839} INFO - DAG(s) dict_keys(['example_dynamic_task_mapping_with_no_taskflow_operators']) retrieved from /home/airflow/.local/lib/python3.8/site-packages/airflow/example_dags/example_dynamic_task_mapping_with_no_taskflow_operators.py
[2023-09-28T13:50:01.514+0000] {logging_mixin.py:151} INFO - [2023-09-28T13:50:01.514+0000] {dag.py:2907} INFO - Sync 1 DAGs
[2023-09-28T13:50:01.537+0000] {logging_mixin.py:151} INFO - [2023-09-28T13:50:01.537+0000] {dag.py:3677} INFO - Setting next_dagrun for example_dynamic_task_mapping_with_no_taskflow_operators to 2023-09-27T13:50:01.537128+00:00, run_after=2023-09-28T13:50:01.537128+00:00
[2023-09-28T13:50:01.553+0000] {processor.py:179} INFO - Processing /home/airflow/.local/lib/python3.8/site-packages/airflow/example_dags/example_dynamic_task_mapping_with_no_taskflow_operators.py took 0.098 seconds
[2023-09-28T15:11:33.532+0000] {processor.py:157} INFO - Started process (PID=53737) to work on /home/airflow/.local/lib/python3.8/site-packages/airflow/example_dags/example_dynamic_task_mapping_with_no_taskflow_operators.py
[2023-09-28T15:11:33.532+0000] {processor.py:829} INFO - Processing file /home/airflow/.local/lib/python3.8/site-packages/airflow/example_dags/example_dynamic_task_mapping_with_no_taskflow_operators.py for tasks to queue
[2023-09-28T15:11:33.533+0000] {logging_mixin.py:151} INFO - [2023-09-28T15:11:33.533+0000] {dagbag.py:539} INFO - Filling up the DagBag from /home/airflow/.local/lib/python3.8/site-packages/airflow/example_dags/example_dynamic_task_mapping_with_no_taskflow_operators.py
[2023-09-28T15:11:33.537+0000] {processor.py:839} INFO - DAG(s) dict_keys(['example_dynamic_task_mapping_with_no_taskflow_operators']) retrieved from /home/airflow/.local/lib/python3.8/site-packages/airflow/example_dags/example_dynamic_task_mapping_with_no_taskflow_operators.py
[2023-09-28T15:11:33.546+0000] {logging_mixin.py:151} INFO - [2023-09-28T15:11:33.546+0000] {dag.py:2907} INFO - Sync 1 DAGs
[2023-09-28T15:11:33.557+0000] {logging_mixin.py:151} INFO - [2023-09-28T15:11:33.556+0000] {dag.py:3677} INFO - Setting next_dagrun for example_dynamic_task_mapping_with_no_taskflow_operators to 2023-09-27T15:11:33.556759+00:00, run_after=2023-09-28T15:11:33.556759+00:00
[2023-09-28T15:11:33.564+0000] {processor.py:179} INFO - Processing /home/airflow/.local/lib/python3.8/site-packages/airflow/example_dags/example_dynamic_task_mapping_with_no_taskflow_operators.py took 0.035 seconds
[2023-09-28T16:36:01.122+0000] {processor.py:157} INFO - Started process (PID=53786) to work on /home/airflow/.local/lib/python3.8/site-packages/airflow/example_dags/example_dynamic_task_mapping_with_no_taskflow_operators.py
[2023-09-28T16:36:01.123+0000] {processor.py:829} INFO - Processing file /home/airflow/.local/lib/python3.8/site-packages/airflow/example_dags/example_dynamic_task_mapping_with_no_taskflow_operators.py for tasks to queue
[2023-09-28T16:36:01.124+0000] {logging_mixin.py:151} INFO - [2023-09-28T16:36:01.124+0000] {dagbag.py:539} INFO - Filling up the DagBag from /home/airflow/.local/lib/python3.8/site-packages/airflow/example_dags/example_dynamic_task_mapping_with_no_taskflow_operators.py
[2023-09-28T16:36:01.128+0000] {processor.py:839} INFO - DAG(s) dict_keys(['example_dynamic_task_mapping_with_no_taskflow_operators']) retrieved from /home/airflow/.local/lib/python3.8/site-packages/airflow/example_dags/example_dynamic_task_mapping_with_no_taskflow_operators.py
[2023-09-28T16:36:01.138+0000] {logging_mixin.py:151} INFO - [2023-09-28T16:36:01.138+0000] {dag.py:2907} INFO - Sync 1 DAGs
[2023-09-28T16:36:01.148+0000] {logging_mixin.py:151} INFO - [2023-09-28T16:36:01.148+0000] {dag.py:3677} INFO - Setting next_dagrun for example_dynamic_task_mapping_with_no_taskflow_operators to 2023-09-27T16:36:01.148466+00:00, run_after=2023-09-28T16:36:01.148466+00:00
[2023-09-28T16:36:01.156+0000] {processor.py:179} INFO - Processing /home/airflow/.local/lib/python3.8/site-packages/airflow/example_dags/example_dynamic_task_mapping_with_no_taskflow_operators.py took 0.035 seconds
[2023-09-28T17:56:10.424+0000] {processor.py:157} INFO - Started process (PID=53835) to work on /home/airflow/.local/lib/python3.8/site-packages/airflow/example_dags/example_dynamic_task_mapping_with_no_taskflow_operators.py
[2023-09-28T17:56:10.425+0000] {processor.py:829} INFO - Processing file /home/airflow/.local/lib/python3.8/site-packages/airflow/example_dags/example_dynamic_task_mapping_with_no_taskflow_operators.py for tasks to queue
[2023-09-28T17:56:10.426+0000] {logging_mixin.py:151} INFO - [2023-09-28T17:56:10.426+0000] {dagbag.py:539} INFO - Filling up the DagBag from /home/airflow/.local/lib/python3.8/site-packages/airflow/example_dags/example_dynamic_task_mapping_with_no_taskflow_operators.py
[2023-09-28T17:56:10.429+0000] {processor.py:839} INFO - DAG(s) dict_keys(['example_dynamic_task_mapping_with_no_taskflow_operators']) retrieved from /home/airflow/.local/lib/python3.8/site-packages/airflow/example_dags/example_dynamic_task_mapping_with_no_taskflow_operators.py
[2023-09-28T17:56:10.439+0000] {logging_mixin.py:151} INFO - [2023-09-28T17:56:10.439+0000] {dag.py:2907} INFO - Sync 1 DAGs
[2023-09-28T17:56:10.448+0000] {logging_mixin.py:151} INFO - [2023-09-28T17:56:10.448+0000] {dag.py:3677} INFO - Setting next_dagrun for example_dynamic_task_mapping_with_no_taskflow_operators to 2023-09-27T17:56:10.448271+00:00, run_after=2023-09-28T17:56:10.448271+00:00
[2023-09-28T17:56:10.455+0000] {processor.py:179} INFO - Processing /home/airflow/.local/lib/python3.8/site-packages/airflow/example_dags/example_dynamic_task_mapping_with_no_taskflow_operators.py took 0.032 seconds
[2023-09-28T19:17:46.650+0000] {processor.py:157} INFO - Started process (PID=53884) to work on /home/airflow/.local/lib/python3.8/site-packages/airflow/example_dags/example_dynamic_task_mapping_with_no_taskflow_operators.py
[2023-09-28T19:17:46.651+0000] {processor.py:829} INFO - Processing file /home/airflow/.local/lib/python3.8/site-packages/airflow/example_dags/example_dynamic_task_mapping_with_no_taskflow_operators.py for tasks to queue
[2023-09-28T19:17:46.652+0000] {logging_mixin.py:151} INFO - [2023-09-28T19:17:46.652+0000] {dagbag.py:539} INFO - Filling up the DagBag from /home/airflow/.local/lib/python3.8/site-packages/airflow/example_dags/example_dynamic_task_mapping_with_no_taskflow_operators.py
[2023-09-28T19:17:46.655+0000] {processor.py:839} INFO - DAG(s) dict_keys(['example_dynamic_task_mapping_with_no_taskflow_operators']) retrieved from /home/airflow/.local/lib/python3.8/site-packages/airflow/example_dags/example_dynamic_task_mapping_with_no_taskflow_operators.py
[2023-09-28T19:17:46.666+0000] {logging_mixin.py:151} INFO - [2023-09-28T19:17:46.666+0000] {dag.py:2907} INFO - Sync 1 DAGs
[2023-09-28T19:17:46.676+0000] {logging_mixin.py:151} INFO - [2023-09-28T19:17:46.675+0000] {dag.py:3677} INFO - Setting next_dagrun for example_dynamic_task_mapping_with_no_taskflow_operators to 2023-09-27T19:17:46.675799+00:00, run_after=2023-09-28T19:17:46.675799+00:00
[2023-09-28T19:17:46.683+0000] {processor.py:179} INFO - Processing /home/airflow/.local/lib/python3.8/site-packages/airflow/example_dags/example_dynamic_task_mapping_with_no_taskflow_operators.py took 0.035 seconds
[2023-09-28T20:41:31.696+0000] {processor.py:157} INFO - Started process (PID=53933) to work on /home/airflow/.local/lib/python3.8/site-packages/airflow/example_dags/example_dynamic_task_mapping_with_no_taskflow_operators.py
[2023-09-28T20:41:31.697+0000] {processor.py:829} INFO - Processing file /home/airflow/.local/lib/python3.8/site-packages/airflow/example_dags/example_dynamic_task_mapping_with_no_taskflow_operators.py for tasks to queue
[2023-09-28T20:41:31.700+0000] {logging_mixin.py:151} INFO - [2023-09-28T20:41:31.700+0000] {dagbag.py:539} INFO - Filling up the DagBag from /home/airflow/.local/lib/python3.8/site-packages/airflow/example_dags/example_dynamic_task_mapping_with_no_taskflow_operators.py
[2023-09-28T20:41:31.713+0000] {processor.py:839} INFO - DAG(s) dict_keys(['example_dynamic_task_mapping_with_no_taskflow_operators']) retrieved from /home/airflow/.local/lib/python3.8/site-packages/airflow/example_dags/example_dynamic_task_mapping_with_no_taskflow_operators.py
[2023-09-28T20:41:31.746+0000] {logging_mixin.py:151} INFO - [2023-09-28T20:41:31.746+0000] {dag.py:2907} INFO - Sync 1 DAGs
[2023-09-28T20:41:31.771+0000] {logging_mixin.py:151} INFO - [2023-09-28T20:41:31.770+0000] {dag.py:3677} INFO - Setting next_dagrun for example_dynamic_task_mapping_with_no_taskflow_operators to 2023-09-27T20:41:31.770620+00:00, run_after=2023-09-28T20:41:31.770620+00:00
[2023-09-28T20:41:31.788+0000] {processor.py:179} INFO - Processing /home/airflow/.local/lib/python3.8/site-packages/airflow/example_dags/example_dynamic_task_mapping_with_no_taskflow_operators.py took 0.100 seconds
[2023-09-28T22:06:01.504+0000] {processor.py:157} INFO - Started process (PID=53982) to work on /home/airflow/.local/lib/python3.8/site-packages/airflow/example_dags/example_dynamic_task_mapping_with_no_taskflow_operators.py
[2023-09-28T22:06:01.504+0000] {processor.py:829} INFO - Processing file /home/airflow/.local/lib/python3.8/site-packages/airflow/example_dags/example_dynamic_task_mapping_with_no_taskflow_operators.py for tasks to queue
[2023-09-28T22:06:01.505+0000] {logging_mixin.py:151} INFO - [2023-09-28T22:06:01.505+0000] {dagbag.py:539} INFO - Filling up the DagBag from /home/airflow/.local/lib/python3.8/site-packages/airflow/example_dags/example_dynamic_task_mapping_with_no_taskflow_operators.py
[2023-09-28T22:06:01.509+0000] {processor.py:839} INFO - DAG(s) dict_keys(['example_dynamic_task_mapping_with_no_taskflow_operators']) retrieved from /home/airflow/.local/lib/python3.8/site-packages/airflow/example_dags/example_dynamic_task_mapping_with_no_taskflow_operators.py
[2023-09-28T22:06:01.519+0000] {logging_mixin.py:151} INFO - [2023-09-28T22:06:01.519+0000] {dag.py:2907} INFO - Sync 1 DAGs
[2023-09-28T22:06:01.529+0000] {logging_mixin.py:151} INFO - [2023-09-28T22:06:01.528+0000] {dag.py:3677} INFO - Setting next_dagrun for example_dynamic_task_mapping_with_no_taskflow_operators to 2023-09-27T22:06:01.528768+00:00, run_after=2023-09-28T22:06:01.528768+00:00
[2023-09-28T22:06:01.535+0000] {processor.py:179} INFO - Processing /home/airflow/.local/lib/python3.8/site-packages/airflow/example_dags/example_dynamic_task_mapping_with_no_taskflow_operators.py took 0.034 seconds
[2023-09-28T23:26:44.989+0000] {processor.py:157} INFO - Started process (PID=54031) to work on /home/airflow/.local/lib/python3.8/site-packages/airflow/example_dags/example_dynamic_task_mapping_with_no_taskflow_operators.py
[2023-09-28T23:26:44.990+0000] {processor.py:829} INFO - Processing file /home/airflow/.local/lib/python3.8/site-packages/airflow/example_dags/example_dynamic_task_mapping_with_no_taskflow_operators.py for tasks to queue
[2023-09-28T23:26:44.991+0000] {logging_mixin.py:151} INFO - [2023-09-28T23:26:44.991+0000] {dagbag.py:539} INFO - Filling up the DagBag from /home/airflow/.local/lib/python3.8/site-packages/airflow/example_dags/example_dynamic_task_mapping_with_no_taskflow_operators.py
[2023-09-28T23:26:44.995+0000] {processor.py:839} INFO - DAG(s) dict_keys(['example_dynamic_task_mapping_with_no_taskflow_operators']) retrieved from /home/airflow/.local/lib/python3.8/site-packages/airflow/example_dags/example_dynamic_task_mapping_with_no_taskflow_operators.py
[2023-09-28T23:26:45.005+0000] {logging_mixin.py:151} INFO - [2023-09-28T23:26:45.004+0000] {dag.py:2907} INFO - Sync 1 DAGs
[2023-09-28T23:26:45.015+0000] {logging_mixin.py:151} INFO - [2023-09-28T23:26:45.015+0000] {dag.py:3677} INFO - Setting next_dagrun for example_dynamic_task_mapping_with_no_taskflow_operators to 2023-09-27T23:26:45.014915+00:00, run_after=2023-09-28T23:26:45.014915+00:00
[2023-09-28T23:26:45.022+0000] {processor.py:179} INFO - Processing /home/airflow/.local/lib/python3.8/site-packages/airflow/example_dags/example_dynamic_task_mapping_with_no_taskflow_operators.py took 0.035 seconds
