[2023-09-28T00:01:27.072+0000] {processor.py:157} INFO - Started process (PID=53219) to work on /home/airflow/.local/lib/python3.8/site-packages/airflow/example_dags/example_subdag_operator.py
[2023-09-28T00:01:27.073+0000] {processor.py:829} INFO - Processing file /home/airflow/.local/lib/python3.8/site-packages/airflow/example_dags/example_subdag_operator.py for tasks to queue
[2023-09-28T00:01:27.074+0000] {logging_mixin.py:151} INFO - [2023-09-28T00:01:27.074+0000] {dagbag.py:539} INFO - Filling up the DagBag from /home/airflow/.local/lib/python3.8/site-packages/airflow/example_dags/example_subdag_operator.py
[2023-09-28T00:01:27.088+0000] {processor.py:839} INFO - DAG(s) dict_keys(['example_subdag_operator.section-1', 'example_subdag_operator.section-2', 'example_subdag_operator']) retrieved from /home/airflow/.local/lib/python3.8/site-packages/airflow/example_dags/example_subdag_operator.py
[2023-09-28T00:01:27.095+0000] {logging_mixin.py:151} INFO - [2023-09-28T00:01:27.095+0000] {dag.py:2907} INFO - Sync 3 DAGs
[2023-09-28T00:01:27.105+0000] {logging_mixin.py:151} INFO - [2023-09-28T00:01:27.105+0000] {dag.py:3677} INFO - Setting next_dagrun for example_subdag_operator to 2022-01-01T00:00:00+00:00, run_after=2022-01-01T00:00:00+00:00
[2023-09-28T00:01:27.107+0000] {logging_mixin.py:151} INFO - [2023-09-28T00:01:27.107+0000] {dag.py:3677} INFO - Setting next_dagrun for example_subdag_operator.section-1 to None, run_after=None
[2023-09-28T00:01:27.108+0000] {logging_mixin.py:151} INFO - [2023-09-28T00:01:27.108+0000] {dag.py:3677} INFO - Setting next_dagrun for example_subdag_operator.section-2 to None, run_after=None
[2023-09-28T00:01:27.111+0000] {logging_mixin.py:151} INFO - [2023-09-28T00:01:27.111+0000] {dag.py:2907} INFO - Sync 2 DAGs
[2023-09-28T00:01:27.113+0000] {logging_mixin.py:151} INFO - [2023-09-28T00:01:27.113+0000] {dag.py:3677} INFO - Setting next_dagrun for example_subdag_operator.section-1 to None, run_after=None
[2023-09-28T00:01:27.113+0000] {logging_mixin.py:151} INFO - [2023-09-28T00:01:27.113+0000] {dag.py:3677} INFO - Setting next_dagrun for example_subdag_operator.section-2 to None, run_after=None
[2023-09-28T00:01:27.117+0000] {processor.py:179} INFO - Processing /home/airflow/.local/lib/python3.8/site-packages/airflow/example_dags/example_subdag_operator.py took 0.048 seconds
[2023-09-28T01:23:47.920+0000] {processor.py:157} INFO - Started process (PID=53268) to work on /home/airflow/.local/lib/python3.8/site-packages/airflow/example_dags/example_subdag_operator.py
[2023-09-28T01:23:47.921+0000] {processor.py:829} INFO - Processing file /home/airflow/.local/lib/python3.8/site-packages/airflow/example_dags/example_subdag_operator.py for tasks to queue
[2023-09-28T01:23:47.922+0000] {logging_mixin.py:151} INFO - [2023-09-28T01:23:47.922+0000] {dagbag.py:539} INFO - Filling up the DagBag from /home/airflow/.local/lib/python3.8/site-packages/airflow/example_dags/example_subdag_operator.py
[2023-09-28T01:23:47.935+0000] {processor.py:839} INFO - DAG(s) dict_keys(['example_subdag_operator.section-1', 'example_subdag_operator.section-2', 'example_subdag_operator']) retrieved from /home/airflow/.local/lib/python3.8/site-packages/airflow/example_dags/example_subdag_operator.py
[2023-09-28T01:23:47.942+0000] {logging_mixin.py:151} INFO - [2023-09-28T01:23:47.942+0000] {dag.py:2907} INFO - Sync 3 DAGs
[2023-09-28T01:23:47.951+0000] {logging_mixin.py:151} INFO - [2023-09-28T01:23:47.951+0000] {dag.py:3677} INFO - Setting next_dagrun for example_subdag_operator to 2022-01-01T00:00:00+00:00, run_after=2022-01-01T00:00:00+00:00
[2023-09-28T01:23:47.952+0000] {logging_mixin.py:151} INFO - [2023-09-28T01:23:47.952+0000] {dag.py:3677} INFO - Setting next_dagrun for example_subdag_operator.section-1 to None, run_after=None
[2023-09-28T01:23:47.953+0000] {logging_mixin.py:151} INFO - [2023-09-28T01:23:47.953+0000] {dag.py:3677} INFO - Setting next_dagrun for example_subdag_operator.section-2 to None, run_after=None
[2023-09-28T01:23:47.956+0000] {logging_mixin.py:151} INFO - [2023-09-28T01:23:47.956+0000] {dag.py:2907} INFO - Sync 2 DAGs
[2023-09-28T01:23:47.958+0000] {logging_mixin.py:151} INFO - [2023-09-28T01:23:47.958+0000] {dag.py:3677} INFO - Setting next_dagrun for example_subdag_operator.section-1 to None, run_after=None
[2023-09-28T01:23:47.958+0000] {logging_mixin.py:151} INFO - [2023-09-28T01:23:47.958+0000] {dag.py:3677} INFO - Setting next_dagrun for example_subdag_operator.section-2 to None, run_after=None
[2023-09-28T01:23:47.963+0000] {processor.py:179} INFO - Processing /home/airflow/.local/lib/python3.8/site-packages/airflow/example_dags/example_subdag_operator.py took 0.045 seconds
[2023-09-28T02:47:00.255+0000] {processor.py:157} INFO - Started process (PID=53317) to work on /home/airflow/.local/lib/python3.8/site-packages/airflow/example_dags/example_subdag_operator.py
[2023-09-28T02:47:00.255+0000] {processor.py:829} INFO - Processing file /home/airflow/.local/lib/python3.8/site-packages/airflow/example_dags/example_subdag_operator.py for tasks to queue
[2023-09-28T02:47:00.257+0000] {logging_mixin.py:151} INFO - [2023-09-28T02:47:00.257+0000] {dagbag.py:539} INFO - Filling up the DagBag from /home/airflow/.local/lib/python3.8/site-packages/airflow/example_dags/example_subdag_operator.py
[2023-09-28T02:47:00.270+0000] {processor.py:839} INFO - DAG(s) dict_keys(['example_subdag_operator.section-1', 'example_subdag_operator.section-2', 'example_subdag_operator']) retrieved from /home/airflow/.local/lib/python3.8/site-packages/airflow/example_dags/example_subdag_operator.py
[2023-09-28T02:47:00.276+0000] {logging_mixin.py:151} INFO - [2023-09-28T02:47:00.276+0000] {dag.py:2907} INFO - Sync 3 DAGs
[2023-09-28T02:47:00.286+0000] {logging_mixin.py:151} INFO - [2023-09-28T02:47:00.286+0000] {dag.py:3677} INFO - Setting next_dagrun for example_subdag_operator to 2022-01-01T00:00:00+00:00, run_after=2022-01-01T00:00:00+00:00
[2023-09-28T02:47:00.287+0000] {logging_mixin.py:151} INFO - [2023-09-28T02:47:00.287+0000] {dag.py:3677} INFO - Setting next_dagrun for example_subdag_operator.section-1 to None, run_after=None
[2023-09-28T02:47:00.288+0000] {logging_mixin.py:151} INFO - [2023-09-28T02:47:00.288+0000] {dag.py:3677} INFO - Setting next_dagrun for example_subdag_operator.section-2 to None, run_after=None
[2023-09-28T02:47:00.291+0000] {logging_mixin.py:151} INFO - [2023-09-28T02:47:00.291+0000] {dag.py:2907} INFO - Sync 2 DAGs
[2023-09-28T02:47:00.293+0000] {logging_mixin.py:151} INFO - [2023-09-28T02:47:00.293+0000] {dag.py:3677} INFO - Setting next_dagrun for example_subdag_operator.section-1 to None, run_after=None
[2023-09-28T02:47:00.293+0000] {logging_mixin.py:151} INFO - [2023-09-28T02:47:00.293+0000] {dag.py:3677} INFO - Setting next_dagrun for example_subdag_operator.section-2 to None, run_after=None
[2023-09-28T02:47:00.297+0000] {processor.py:179} INFO - Processing /home/airflow/.local/lib/python3.8/site-packages/airflow/example_dags/example_subdag_operator.py took 0.045 seconds
[2023-09-28T04:11:01.577+0000] {processor.py:157} INFO - Started process (PID=53366) to work on /home/airflow/.local/lib/python3.8/site-packages/airflow/example_dags/example_subdag_operator.py
[2023-09-28T04:11:01.580+0000] {processor.py:829} INFO - Processing file /home/airflow/.local/lib/python3.8/site-packages/airflow/example_dags/example_subdag_operator.py for tasks to queue
[2023-09-28T04:11:01.585+0000] {logging_mixin.py:151} INFO - [2023-09-28T04:11:01.585+0000] {dagbag.py:539} INFO - Filling up the DagBag from /home/airflow/.local/lib/python3.8/site-packages/airflow/example_dags/example_subdag_operator.py
[2023-09-28T04:11:01.637+0000] {processor.py:839} INFO - DAG(s) dict_keys(['example_subdag_operator.section-1', 'example_subdag_operator.section-2', 'example_subdag_operator']) retrieved from /home/airflow/.local/lib/python3.8/site-packages/airflow/example_dags/example_subdag_operator.py
[2023-09-28T04:11:01.665+0000] {logging_mixin.py:151} INFO - [2023-09-28T04:11:01.665+0000] {dag.py:2907} INFO - Sync 3 DAGs
[2023-09-28T04:11:01.698+0000] {logging_mixin.py:151} INFO - [2023-09-28T04:11:01.698+0000] {dag.py:3677} INFO - Setting next_dagrun for example_subdag_operator to 2022-01-01T00:00:00+00:00, run_after=2022-01-01T00:00:00+00:00
[2023-09-28T04:11:01.703+0000] {logging_mixin.py:151} INFO - [2023-09-28T04:11:01.703+0000] {dag.py:3677} INFO - Setting next_dagrun for example_subdag_operator.section-1 to None, run_after=None
[2023-09-28T04:11:01.707+0000] {logging_mixin.py:151} INFO - [2023-09-28T04:11:01.707+0000] {dag.py:3677} INFO - Setting next_dagrun for example_subdag_operator.section-2 to None, run_after=None
[2023-09-28T04:11:01.726+0000] {logging_mixin.py:151} INFO - [2023-09-28T04:11:01.726+0000] {dag.py:2907} INFO - Sync 2 DAGs
[2023-09-28T04:11:01.732+0000] {logging_mixin.py:151} INFO - [2023-09-28T04:11:01.732+0000] {dag.py:3677} INFO - Setting next_dagrun for example_subdag_operator.section-1 to None, run_after=None
[2023-09-28T04:11:01.732+0000] {logging_mixin.py:151} INFO - [2023-09-28T04:11:01.732+0000] {dag.py:3677} INFO - Setting next_dagrun for example_subdag_operator.section-2 to None, run_after=None
[2023-09-28T04:11:01.744+0000] {processor.py:179} INFO - Processing /home/airflow/.local/lib/python3.8/site-packages/airflow/example_dags/example_subdag_operator.py took 0.170 seconds
[2023-09-28T05:38:42.315+0000] {processor.py:157} INFO - Started process (PID=53415) to work on /home/airflow/.local/lib/python3.8/site-packages/airflow/example_dags/example_subdag_operator.py
[2023-09-28T05:38:42.316+0000] {processor.py:829} INFO - Processing file /home/airflow/.local/lib/python3.8/site-packages/airflow/example_dags/example_subdag_operator.py for tasks to queue
[2023-09-28T05:38:42.317+0000] {logging_mixin.py:151} INFO - [2023-09-28T05:38:42.317+0000] {dagbag.py:539} INFO - Filling up the DagBag from /home/airflow/.local/lib/python3.8/site-packages/airflow/example_dags/example_subdag_operator.py
[2023-09-28T05:38:42.331+0000] {processor.py:839} INFO - DAG(s) dict_keys(['example_subdag_operator.section-1', 'example_subdag_operator.section-2', 'example_subdag_operator']) retrieved from /home/airflow/.local/lib/python3.8/site-packages/airflow/example_dags/example_subdag_operator.py
[2023-09-28T05:38:42.339+0000] {logging_mixin.py:151} INFO - [2023-09-28T05:38:42.339+0000] {dag.py:2907} INFO - Sync 3 DAGs
[2023-09-28T05:38:42.348+0000] {logging_mixin.py:151} INFO - [2023-09-28T05:38:42.348+0000] {dag.py:3677} INFO - Setting next_dagrun for example_subdag_operator to 2022-01-01T00:00:00+00:00, run_after=2022-01-01T00:00:00+00:00
[2023-09-28T05:38:42.350+0000] {logging_mixin.py:151} INFO - [2023-09-28T05:38:42.350+0000] {dag.py:3677} INFO - Setting next_dagrun for example_subdag_operator.section-1 to None, run_after=None
[2023-09-28T05:38:42.351+0000] {logging_mixin.py:151} INFO - [2023-09-28T05:38:42.351+0000] {dag.py:3677} INFO - Setting next_dagrun for example_subdag_operator.section-2 to None, run_after=None
[2023-09-28T05:38:42.354+0000] {logging_mixin.py:151} INFO - [2023-09-28T05:38:42.354+0000] {dag.py:2907} INFO - Sync 2 DAGs
[2023-09-28T05:38:42.358+0000] {logging_mixin.py:151} INFO - [2023-09-28T05:38:42.358+0000] {dag.py:3677} INFO - Setting next_dagrun for example_subdag_operator.section-1 to None, run_after=None
[2023-09-28T05:38:42.359+0000] {logging_mixin.py:151} INFO - [2023-09-28T05:38:42.359+0000] {dag.py:3677} INFO - Setting next_dagrun for example_subdag_operator.section-2 to None, run_after=None
[2023-09-28T05:38:42.364+0000] {processor.py:179} INFO - Processing /home/airflow/.local/lib/python3.8/site-packages/airflow/example_dags/example_subdag_operator.py took 0.051 seconds
[2023-09-28T07:02:02.917+0000] {processor.py:157} INFO - Started process (PID=53464) to work on /home/airflow/.local/lib/python3.8/site-packages/airflow/example_dags/example_subdag_operator.py
[2023-09-28T07:02:02.917+0000] {processor.py:829} INFO - Processing file /home/airflow/.local/lib/python3.8/site-packages/airflow/example_dags/example_subdag_operator.py for tasks to queue
[2023-09-28T07:02:02.919+0000] {logging_mixin.py:151} INFO - [2023-09-28T07:02:02.918+0000] {dagbag.py:539} INFO - Filling up the DagBag from /home/airflow/.local/lib/python3.8/site-packages/airflow/example_dags/example_subdag_operator.py
[2023-09-28T07:02:02.934+0000] {processor.py:839} INFO - DAG(s) dict_keys(['example_subdag_operator.section-1', 'example_subdag_operator.section-2', 'example_subdag_operator']) retrieved from /home/airflow/.local/lib/python3.8/site-packages/airflow/example_dags/example_subdag_operator.py
[2023-09-28T07:02:02.941+0000] {logging_mixin.py:151} INFO - [2023-09-28T07:02:02.941+0000] {dag.py:2907} INFO - Sync 3 DAGs
[2023-09-28T07:02:02.951+0000] {logging_mixin.py:151} INFO - [2023-09-28T07:02:02.950+0000] {dag.py:3677} INFO - Setting next_dagrun for example_subdag_operator to 2022-01-01T00:00:00+00:00, run_after=2022-01-01T00:00:00+00:00
[2023-09-28T07:02:02.952+0000] {logging_mixin.py:151} INFO - [2023-09-28T07:02:02.952+0000] {dag.py:3677} INFO - Setting next_dagrun for example_subdag_operator.section-1 to None, run_after=None
[2023-09-28T07:02:02.953+0000] {logging_mixin.py:151} INFO - [2023-09-28T07:02:02.953+0000] {dag.py:3677} INFO - Setting next_dagrun for example_subdag_operator.section-2 to None, run_after=None
[2023-09-28T07:02:02.956+0000] {logging_mixin.py:151} INFO - [2023-09-28T07:02:02.955+0000] {dag.py:2907} INFO - Sync 2 DAGs
[2023-09-28T07:02:02.958+0000] {logging_mixin.py:151} INFO - [2023-09-28T07:02:02.958+0000] {dag.py:3677} INFO - Setting next_dagrun for example_subdag_operator.section-1 to None, run_after=None
[2023-09-28T07:02:02.958+0000] {logging_mixin.py:151} INFO - [2023-09-28T07:02:02.958+0000] {dag.py:3677} INFO - Setting next_dagrun for example_subdag_operator.section-2 to None, run_after=None
[2023-09-28T07:02:02.962+0000] {processor.py:179} INFO - Processing /home/airflow/.local/lib/python3.8/site-packages/airflow/example_dags/example_subdag_operator.py took 0.048 seconds
[2023-09-28T08:20:26.176+0000] {processor.py:157} INFO - Started process (PID=53513) to work on /home/airflow/.local/lib/python3.8/site-packages/airflow/example_dags/example_subdag_operator.py
[2023-09-28T08:20:26.177+0000] {processor.py:829} INFO - Processing file /home/airflow/.local/lib/python3.8/site-packages/airflow/example_dags/example_subdag_operator.py for tasks to queue
[2023-09-28T08:20:26.178+0000] {logging_mixin.py:151} INFO - [2023-09-28T08:20:26.178+0000] {dagbag.py:539} INFO - Filling up the DagBag from /home/airflow/.local/lib/python3.8/site-packages/airflow/example_dags/example_subdag_operator.py
[2023-09-28T08:20:26.191+0000] {processor.py:839} INFO - DAG(s) dict_keys(['example_subdag_operator.section-1', 'example_subdag_operator.section-2', 'example_subdag_operator']) retrieved from /home/airflow/.local/lib/python3.8/site-packages/airflow/example_dags/example_subdag_operator.py
[2023-09-28T08:20:26.198+0000] {logging_mixin.py:151} INFO - [2023-09-28T08:20:26.198+0000] {dag.py:2907} INFO - Sync 3 DAGs
[2023-09-28T08:20:26.207+0000] {logging_mixin.py:151} INFO - [2023-09-28T08:20:26.207+0000] {dag.py:3677} INFO - Setting next_dagrun for example_subdag_operator to 2022-01-01T00:00:00+00:00, run_after=2022-01-01T00:00:00+00:00
[2023-09-28T08:20:26.208+0000] {logging_mixin.py:151} INFO - [2023-09-28T08:20:26.208+0000] {dag.py:3677} INFO - Setting next_dagrun for example_subdag_operator.section-1 to None, run_after=None
[2023-09-28T08:20:26.209+0000] {logging_mixin.py:151} INFO - [2023-09-28T08:20:26.209+0000] {dag.py:3677} INFO - Setting next_dagrun for example_subdag_operator.section-2 to None, run_after=None
[2023-09-28T08:20:26.212+0000] {logging_mixin.py:151} INFO - [2023-09-28T08:20:26.212+0000] {dag.py:2907} INFO - Sync 2 DAGs
[2023-09-28T08:20:26.214+0000] {logging_mixin.py:151} INFO - [2023-09-28T08:20:26.214+0000] {dag.py:3677} INFO - Setting next_dagrun for example_subdag_operator.section-1 to None, run_after=None
[2023-09-28T08:20:26.214+0000] {logging_mixin.py:151} INFO - [2023-09-28T08:20:26.214+0000] {dag.py:3677} INFO - Setting next_dagrun for example_subdag_operator.section-2 to None, run_after=None
[2023-09-28T08:20:26.218+0000] {processor.py:179} INFO - Processing /home/airflow/.local/lib/python3.8/site-packages/airflow/example_dags/example_subdag_operator.py took 0.044 seconds
[2023-09-28T09:43:21.157+0000] {processor.py:157} INFO - Started process (PID=53562) to work on /home/airflow/.local/lib/python3.8/site-packages/airflow/example_dags/example_subdag_operator.py
[2023-09-28T09:43:21.157+0000] {processor.py:829} INFO - Processing file /home/airflow/.local/lib/python3.8/site-packages/airflow/example_dags/example_subdag_operator.py for tasks to queue
[2023-09-28T09:43:21.159+0000] {logging_mixin.py:151} INFO - [2023-09-28T09:43:21.159+0000] {dagbag.py:539} INFO - Filling up the DagBag from /home/airflow/.local/lib/python3.8/site-packages/airflow/example_dags/example_subdag_operator.py
[2023-09-28T09:43:21.172+0000] {processor.py:839} INFO - DAG(s) dict_keys(['example_subdag_operator.section-1', 'example_subdag_operator.section-2', 'example_subdag_operator']) retrieved from /home/airflow/.local/lib/python3.8/site-packages/airflow/example_dags/example_subdag_operator.py
[2023-09-28T09:43:21.179+0000] {logging_mixin.py:151} INFO - [2023-09-28T09:43:21.179+0000] {dag.py:2907} INFO - Sync 3 DAGs
[2023-09-28T09:43:21.189+0000] {logging_mixin.py:151} INFO - [2023-09-28T09:43:21.189+0000] {dag.py:3677} INFO - Setting next_dagrun for example_subdag_operator to 2022-01-01T00:00:00+00:00, run_after=2022-01-01T00:00:00+00:00
[2023-09-28T09:43:21.190+0000] {logging_mixin.py:151} INFO - [2023-09-28T09:43:21.190+0000] {dag.py:3677} INFO - Setting next_dagrun for example_subdag_operator.section-1 to None, run_after=None
[2023-09-28T09:43:21.191+0000] {logging_mixin.py:151} INFO - [2023-09-28T09:43:21.191+0000] {dag.py:3677} INFO - Setting next_dagrun for example_subdag_operator.section-2 to None, run_after=None
[2023-09-28T09:43:21.194+0000] {logging_mixin.py:151} INFO - [2023-09-28T09:43:21.194+0000] {dag.py:2907} INFO - Sync 2 DAGs
[2023-09-28T09:43:21.196+0000] {logging_mixin.py:151} INFO - [2023-09-28T09:43:21.196+0000] {dag.py:3677} INFO - Setting next_dagrun for example_subdag_operator.section-1 to None, run_after=None
[2023-09-28T09:43:21.196+0000] {logging_mixin.py:151} INFO - [2023-09-28T09:43:21.196+0000] {dag.py:3677} INFO - Setting next_dagrun for example_subdag_operator.section-2 to None, run_after=None
[2023-09-28T09:43:21.201+0000] {processor.py:179} INFO - Processing /home/airflow/.local/lib/python3.8/site-packages/airflow/example_dags/example_subdag_operator.py took 0.046 seconds
[2023-09-28T11:03:53.776+0000] {processor.py:157} INFO - Started process (PID=53611) to work on /home/airflow/.local/lib/python3.8/site-packages/airflow/example_dags/example_subdag_operator.py
[2023-09-28T11:03:53.777+0000] {processor.py:829} INFO - Processing file /home/airflow/.local/lib/python3.8/site-packages/airflow/example_dags/example_subdag_operator.py for tasks to queue
[2023-09-28T11:03:53.778+0000] {logging_mixin.py:151} INFO - [2023-09-28T11:03:53.778+0000] {dagbag.py:539} INFO - Filling up the DagBag from /home/airflow/.local/lib/python3.8/site-packages/airflow/example_dags/example_subdag_operator.py
[2023-09-28T11:03:53.791+0000] {processor.py:839} INFO - DAG(s) dict_keys(['example_subdag_operator.section-1', 'example_subdag_operator.section-2', 'example_subdag_operator']) retrieved from /home/airflow/.local/lib/python3.8/site-packages/airflow/example_dags/example_subdag_operator.py
[2023-09-28T11:03:53.798+0000] {logging_mixin.py:151} INFO - [2023-09-28T11:03:53.798+0000] {dag.py:2907} INFO - Sync 3 DAGs
[2023-09-28T11:03:53.807+0000] {logging_mixin.py:151} INFO - [2023-09-28T11:03:53.807+0000] {dag.py:3677} INFO - Setting next_dagrun for example_subdag_operator to 2022-01-01T00:00:00+00:00, run_after=2022-01-01T00:00:00+00:00
[2023-09-28T11:03:53.808+0000] {logging_mixin.py:151} INFO - [2023-09-28T11:03:53.808+0000] {dag.py:3677} INFO - Setting next_dagrun for example_subdag_operator.section-1 to None, run_after=None
[2023-09-28T11:03:53.809+0000] {logging_mixin.py:151} INFO - [2023-09-28T11:03:53.809+0000] {dag.py:3677} INFO - Setting next_dagrun for example_subdag_operator.section-2 to None, run_after=None
[2023-09-28T11:03:53.811+0000] {logging_mixin.py:151} INFO - [2023-09-28T11:03:53.811+0000] {dag.py:2907} INFO - Sync 2 DAGs
[2023-09-28T11:03:53.814+0000] {logging_mixin.py:151} INFO - [2023-09-28T11:03:53.813+0000] {dag.py:3677} INFO - Setting next_dagrun for example_subdag_operator.section-1 to None, run_after=None
[2023-09-28T11:03:53.814+0000] {logging_mixin.py:151} INFO - [2023-09-28T11:03:53.814+0000] {dag.py:3677} INFO - Setting next_dagrun for example_subdag_operator.section-2 to None, run_after=None
[2023-09-28T11:03:53.819+0000] {processor.py:179} INFO - Processing /home/airflow/.local/lib/python3.8/site-packages/airflow/example_dags/example_subdag_operator.py took 0.044 seconds
[2023-09-28T12:27:12.285+0000] {processor.py:157} INFO - Started process (PID=53660) to work on /home/airflow/.local/lib/python3.8/site-packages/airflow/example_dags/example_subdag_operator.py
[2023-09-28T12:27:12.285+0000] {processor.py:829} INFO - Processing file /home/airflow/.local/lib/python3.8/site-packages/airflow/example_dags/example_subdag_operator.py for tasks to queue
[2023-09-28T12:27:12.287+0000] {logging_mixin.py:151} INFO - [2023-09-28T12:27:12.287+0000] {dagbag.py:539} INFO - Filling up the DagBag from /home/airflow/.local/lib/python3.8/site-packages/airflow/example_dags/example_subdag_operator.py
[2023-09-28T12:27:12.299+0000] {processor.py:839} INFO - DAG(s) dict_keys(['example_subdag_operator.section-1', 'example_subdag_operator.section-2', 'example_subdag_operator']) retrieved from /home/airflow/.local/lib/python3.8/site-packages/airflow/example_dags/example_subdag_operator.py
[2023-09-28T12:27:12.307+0000] {logging_mixin.py:151} INFO - [2023-09-28T12:27:12.306+0000] {dag.py:2907} INFO - Sync 3 DAGs
[2023-09-28T12:27:12.317+0000] {logging_mixin.py:151} INFO - [2023-09-28T12:27:12.317+0000] {dag.py:3677} INFO - Setting next_dagrun for example_subdag_operator to 2022-01-01T00:00:00+00:00, run_after=2022-01-01T00:00:00+00:00
[2023-09-28T12:27:12.319+0000] {logging_mixin.py:151} INFO - [2023-09-28T12:27:12.319+0000] {dag.py:3677} INFO - Setting next_dagrun for example_subdag_operator.section-1 to None, run_after=None
[2023-09-28T12:27:12.320+0000] {logging_mixin.py:151} INFO - [2023-09-28T12:27:12.320+0000] {dag.py:3677} INFO - Setting next_dagrun for example_subdag_operator.section-2 to None, run_after=None
[2023-09-28T12:27:12.323+0000] {logging_mixin.py:151} INFO - [2023-09-28T12:27:12.323+0000] {dag.py:2907} INFO - Sync 2 DAGs
[2023-09-28T12:27:12.325+0000] {logging_mixin.py:151} INFO - [2023-09-28T12:27:12.325+0000] {dag.py:3677} INFO - Setting next_dagrun for example_subdag_operator.section-1 to None, run_after=None
[2023-09-28T12:27:12.325+0000] {logging_mixin.py:151} INFO - [2023-09-28T12:27:12.325+0000] {dag.py:3677} INFO - Setting next_dagrun for example_subdag_operator.section-2 to None, run_after=None
[2023-09-28T12:27:12.331+0000] {processor.py:179} INFO - Processing /home/airflow/.local/lib/python3.8/site-packages/airflow/example_dags/example_subdag_operator.py took 0.048 seconds
[2023-09-28T13:50:02.510+0000] {processor.py:157} INFO - Started process (PID=53709) to work on /home/airflow/.local/lib/python3.8/site-packages/airflow/example_dags/example_subdag_operator.py
[2023-09-28T13:50:02.511+0000] {processor.py:829} INFO - Processing file /home/airflow/.local/lib/python3.8/site-packages/airflow/example_dags/example_subdag_operator.py for tasks to queue
[2023-09-28T13:50:02.512+0000] {logging_mixin.py:151} INFO - [2023-09-28T13:50:02.512+0000] {dagbag.py:539} INFO - Filling up the DagBag from /home/airflow/.local/lib/python3.8/site-packages/airflow/example_dags/example_subdag_operator.py
[2023-09-28T13:50:02.525+0000] {processor.py:839} INFO - DAG(s) dict_keys(['example_subdag_operator.section-1', 'example_subdag_operator.section-2', 'example_subdag_operator']) retrieved from /home/airflow/.local/lib/python3.8/site-packages/airflow/example_dags/example_subdag_operator.py
[2023-09-28T13:50:02.533+0000] {logging_mixin.py:151} INFO - [2023-09-28T13:50:02.532+0000] {dag.py:2907} INFO - Sync 3 DAGs
[2023-09-28T13:50:02.542+0000] {logging_mixin.py:151} INFO - [2023-09-28T13:50:02.542+0000] {dag.py:3677} INFO - Setting next_dagrun for example_subdag_operator to 2022-01-01T00:00:00+00:00, run_after=2022-01-01T00:00:00+00:00
[2023-09-28T13:50:02.544+0000] {logging_mixin.py:151} INFO - [2023-09-28T13:50:02.544+0000] {dag.py:3677} INFO - Setting next_dagrun for example_subdag_operator.section-1 to None, run_after=None
[2023-09-28T13:50:02.544+0000] {logging_mixin.py:151} INFO - [2023-09-28T13:50:02.544+0000] {dag.py:3677} INFO - Setting next_dagrun for example_subdag_operator.section-2 to None, run_after=None
[2023-09-28T13:50:02.547+0000] {logging_mixin.py:151} INFO - [2023-09-28T13:50:02.547+0000] {dag.py:2907} INFO - Sync 2 DAGs
[2023-09-28T13:50:02.549+0000] {logging_mixin.py:151} INFO - [2023-09-28T13:50:02.549+0000] {dag.py:3677} INFO - Setting next_dagrun for example_subdag_operator.section-1 to None, run_after=None
[2023-09-28T13:50:02.549+0000] {logging_mixin.py:151} INFO - [2023-09-28T13:50:02.549+0000] {dag.py:3677} INFO - Setting next_dagrun for example_subdag_operator.section-2 to None, run_after=None
[2023-09-28T13:50:02.554+0000] {processor.py:179} INFO - Processing /home/airflow/.local/lib/python3.8/site-packages/airflow/example_dags/example_subdag_operator.py took 0.046 seconds
[2023-09-28T15:11:34.122+0000] {processor.py:157} INFO - Started process (PID=53758) to work on /home/airflow/.local/lib/python3.8/site-packages/airflow/example_dags/example_subdag_operator.py
[2023-09-28T15:11:34.122+0000] {processor.py:829} INFO - Processing file /home/airflow/.local/lib/python3.8/site-packages/airflow/example_dags/example_subdag_operator.py for tasks to queue
[2023-09-28T15:11:34.123+0000] {logging_mixin.py:151} INFO - [2023-09-28T15:11:34.123+0000] {dagbag.py:539} INFO - Filling up the DagBag from /home/airflow/.local/lib/python3.8/site-packages/airflow/example_dags/example_subdag_operator.py
[2023-09-28T15:11:34.137+0000] {processor.py:839} INFO - DAG(s) dict_keys(['example_subdag_operator.section-1', 'example_subdag_operator.section-2', 'example_subdag_operator']) retrieved from /home/airflow/.local/lib/python3.8/site-packages/airflow/example_dags/example_subdag_operator.py
[2023-09-28T15:11:34.143+0000] {logging_mixin.py:151} INFO - [2023-09-28T15:11:34.143+0000] {dag.py:2907} INFO - Sync 3 DAGs
[2023-09-28T15:11:34.152+0000] {logging_mixin.py:151} INFO - [2023-09-28T15:11:34.152+0000] {dag.py:3677} INFO - Setting next_dagrun for example_subdag_operator to 2022-01-01T00:00:00+00:00, run_after=2022-01-01T00:00:00+00:00
[2023-09-28T15:11:34.154+0000] {logging_mixin.py:151} INFO - [2023-09-28T15:11:34.154+0000] {dag.py:3677} INFO - Setting next_dagrun for example_subdag_operator.section-1 to None, run_after=None
[2023-09-28T15:11:34.154+0000] {logging_mixin.py:151} INFO - [2023-09-28T15:11:34.154+0000] {dag.py:3677} INFO - Setting next_dagrun for example_subdag_operator.section-2 to None, run_after=None
[2023-09-28T15:11:34.157+0000] {logging_mixin.py:151} INFO - [2023-09-28T15:11:34.157+0000] {dag.py:2907} INFO - Sync 2 DAGs
[2023-09-28T15:11:34.159+0000] {logging_mixin.py:151} INFO - [2023-09-28T15:11:34.159+0000] {dag.py:3677} INFO - Setting next_dagrun for example_subdag_operator.section-1 to None, run_after=None
[2023-09-28T15:11:34.159+0000] {logging_mixin.py:151} INFO - [2023-09-28T15:11:34.159+0000] {dag.py:3677} INFO - Setting next_dagrun for example_subdag_operator.section-2 to None, run_after=None
[2023-09-28T15:11:34.163+0000] {processor.py:179} INFO - Processing /home/airflow/.local/lib/python3.8/site-packages/airflow/example_dags/example_subdag_operator.py took 0.043 seconds
[2023-09-28T16:36:01.832+0000] {processor.py:157} INFO - Started process (PID=53807) to work on /home/airflow/.local/lib/python3.8/site-packages/airflow/example_dags/example_subdag_operator.py
[2023-09-28T16:36:01.833+0000] {processor.py:829} INFO - Processing file /home/airflow/.local/lib/python3.8/site-packages/airflow/example_dags/example_subdag_operator.py for tasks to queue
[2023-09-28T16:36:01.834+0000] {logging_mixin.py:151} INFO - [2023-09-28T16:36:01.834+0000] {dagbag.py:539} INFO - Filling up the DagBag from /home/airflow/.local/lib/python3.8/site-packages/airflow/example_dags/example_subdag_operator.py
[2023-09-28T16:36:01.847+0000] {processor.py:839} INFO - DAG(s) dict_keys(['example_subdag_operator.section-1', 'example_subdag_operator.section-2', 'example_subdag_operator']) retrieved from /home/airflow/.local/lib/python3.8/site-packages/airflow/example_dags/example_subdag_operator.py
[2023-09-28T16:36:01.854+0000] {logging_mixin.py:151} INFO - [2023-09-28T16:36:01.854+0000] {dag.py:2907} INFO - Sync 3 DAGs
[2023-09-28T16:36:01.863+0000] {logging_mixin.py:151} INFO - [2023-09-28T16:36:01.863+0000] {dag.py:3677} INFO - Setting next_dagrun for example_subdag_operator to 2022-01-01T00:00:00+00:00, run_after=2022-01-01T00:00:00+00:00
[2023-09-28T16:36:01.864+0000] {logging_mixin.py:151} INFO - [2023-09-28T16:36:01.864+0000] {dag.py:3677} INFO - Setting next_dagrun for example_subdag_operator.section-1 to None, run_after=None
[2023-09-28T16:36:01.865+0000] {logging_mixin.py:151} INFO - [2023-09-28T16:36:01.865+0000] {dag.py:3677} INFO - Setting next_dagrun for example_subdag_operator.section-2 to None, run_after=None
[2023-09-28T16:36:01.867+0000] {logging_mixin.py:151} INFO - [2023-09-28T16:36:01.867+0000] {dag.py:2907} INFO - Sync 2 DAGs
[2023-09-28T16:36:01.869+0000] {logging_mixin.py:151} INFO - [2023-09-28T16:36:01.869+0000] {dag.py:3677} INFO - Setting next_dagrun for example_subdag_operator.section-1 to None, run_after=None
[2023-09-28T16:36:01.869+0000] {logging_mixin.py:151} INFO - [2023-09-28T16:36:01.869+0000] {dag.py:3677} INFO - Setting next_dagrun for example_subdag_operator.section-2 to None, run_after=None
[2023-09-28T16:36:01.873+0000] {processor.py:179} INFO - Processing /home/airflow/.local/lib/python3.8/site-packages/airflow/example_dags/example_subdag_operator.py took 0.043 seconds
[2023-09-28T17:56:11.727+0000] {processor.py:157} INFO - Started process (PID=53856) to work on /home/airflow/.local/lib/python3.8/site-packages/airflow/example_dags/example_subdag_operator.py
[2023-09-28T17:56:11.729+0000] {processor.py:829} INFO - Processing file /home/airflow/.local/lib/python3.8/site-packages/airflow/example_dags/example_subdag_operator.py for tasks to queue
[2023-09-28T17:56:11.731+0000] {logging_mixin.py:151} INFO - [2023-09-28T17:56:11.730+0000] {dagbag.py:539} INFO - Filling up the DagBag from /home/airflow/.local/lib/python3.8/site-packages/airflow/example_dags/example_subdag_operator.py
[2023-09-28T17:56:11.747+0000] {processor.py:839} INFO - DAG(s) dict_keys(['example_subdag_operator.section-1', 'example_subdag_operator.section-2', 'example_subdag_operator']) retrieved from /home/airflow/.local/lib/python3.8/site-packages/airflow/example_dags/example_subdag_operator.py
[2023-09-28T17:56:11.754+0000] {logging_mixin.py:151} INFO - [2023-09-28T17:56:11.754+0000] {dag.py:2907} INFO - Sync 3 DAGs
[2023-09-28T17:56:11.764+0000] {logging_mixin.py:151} INFO - [2023-09-28T17:56:11.764+0000] {dag.py:3677} INFO - Setting next_dagrun for example_subdag_operator to 2022-01-01T00:00:00+00:00, run_after=2022-01-01T00:00:00+00:00
[2023-09-28T17:56:11.766+0000] {logging_mixin.py:151} INFO - [2023-09-28T17:56:11.766+0000] {dag.py:3677} INFO - Setting next_dagrun for example_subdag_operator.section-1 to None, run_after=None
[2023-09-28T17:56:11.767+0000] {logging_mixin.py:151} INFO - [2023-09-28T17:56:11.767+0000] {dag.py:3677} INFO - Setting next_dagrun for example_subdag_operator.section-2 to None, run_after=None
[2023-09-28T17:56:11.769+0000] {logging_mixin.py:151} INFO - [2023-09-28T17:56:11.769+0000] {dag.py:2907} INFO - Sync 2 DAGs
[2023-09-28T17:56:11.772+0000] {logging_mixin.py:151} INFO - [2023-09-28T17:56:11.772+0000] {dag.py:3677} INFO - Setting next_dagrun for example_subdag_operator.section-1 to None, run_after=None
[2023-09-28T17:56:11.772+0000] {logging_mixin.py:151} INFO - [2023-09-28T17:56:11.772+0000] {dag.py:3677} INFO - Setting next_dagrun for example_subdag_operator.section-2 to None, run_after=None
[2023-09-28T17:56:11.777+0000] {processor.py:179} INFO - Processing /home/airflow/.local/lib/python3.8/site-packages/airflow/example_dags/example_subdag_operator.py took 0.052 seconds
[2023-09-28T19:17:47.231+0000] {processor.py:157} INFO - Started process (PID=53905) to work on /home/airflow/.local/lib/python3.8/site-packages/airflow/example_dags/example_subdag_operator.py
[2023-09-28T19:17:47.232+0000] {processor.py:829} INFO - Processing file /home/airflow/.local/lib/python3.8/site-packages/airflow/example_dags/example_subdag_operator.py for tasks to queue
[2023-09-28T19:17:47.234+0000] {logging_mixin.py:151} INFO - [2023-09-28T19:17:47.234+0000] {dagbag.py:539} INFO - Filling up the DagBag from /home/airflow/.local/lib/python3.8/site-packages/airflow/example_dags/example_subdag_operator.py
[2023-09-28T19:17:47.248+0000] {processor.py:839} INFO - DAG(s) dict_keys(['example_subdag_operator.section-1', 'example_subdag_operator.section-2', 'example_subdag_operator']) retrieved from /home/airflow/.local/lib/python3.8/site-packages/airflow/example_dags/example_subdag_operator.py
[2023-09-28T19:17:47.258+0000] {logging_mixin.py:151} INFO - [2023-09-28T19:17:47.258+0000] {dag.py:2907} INFO - Sync 3 DAGs
[2023-09-28T19:17:47.268+0000] {logging_mixin.py:151} INFO - [2023-09-28T19:17:47.268+0000] {dag.py:3677} INFO - Setting next_dagrun for example_subdag_operator to 2022-01-01T00:00:00+00:00, run_after=2022-01-01T00:00:00+00:00
[2023-09-28T19:17:47.270+0000] {logging_mixin.py:151} INFO - [2023-09-28T19:17:47.270+0000] {dag.py:3677} INFO - Setting next_dagrun for example_subdag_operator.section-1 to None, run_after=None
[2023-09-28T19:17:47.270+0000] {logging_mixin.py:151} INFO - [2023-09-28T19:17:47.270+0000] {dag.py:3677} INFO - Setting next_dagrun for example_subdag_operator.section-2 to None, run_after=None
[2023-09-28T19:17:47.273+0000] {logging_mixin.py:151} INFO - [2023-09-28T19:17:47.273+0000] {dag.py:2907} INFO - Sync 2 DAGs
[2023-09-28T19:17:47.275+0000] {logging_mixin.py:151} INFO - [2023-09-28T19:17:47.275+0000] {dag.py:3677} INFO - Setting next_dagrun for example_subdag_operator.section-1 to None, run_after=None
[2023-09-28T19:17:47.275+0000] {logging_mixin.py:151} INFO - [2023-09-28T19:17:47.275+0000] {dag.py:3677} INFO - Setting next_dagrun for example_subdag_operator.section-2 to None, run_after=None
[2023-09-28T19:17:47.280+0000] {processor.py:179} INFO - Processing /home/airflow/.local/lib/python3.8/site-packages/airflow/example_dags/example_subdag_operator.py took 0.051 seconds
[2023-09-28T20:41:32.989+0000] {processor.py:157} INFO - Started process (PID=53954) to work on /home/airflow/.local/lib/python3.8/site-packages/airflow/example_dags/example_subdag_operator.py
[2023-09-28T20:41:32.989+0000] {processor.py:829} INFO - Processing file /home/airflow/.local/lib/python3.8/site-packages/airflow/example_dags/example_subdag_operator.py for tasks to queue
[2023-09-28T20:41:32.991+0000] {logging_mixin.py:151} INFO - [2023-09-28T20:41:32.990+0000] {dagbag.py:539} INFO - Filling up the DagBag from /home/airflow/.local/lib/python3.8/site-packages/airflow/example_dags/example_subdag_operator.py
[2023-09-28T20:41:33.004+0000] {processor.py:839} INFO - DAG(s) dict_keys(['example_subdag_operator.section-1', 'example_subdag_operator.section-2', 'example_subdag_operator']) retrieved from /home/airflow/.local/lib/python3.8/site-packages/airflow/example_dags/example_subdag_operator.py
[2023-09-28T20:41:33.010+0000] {logging_mixin.py:151} INFO - [2023-09-28T20:41:33.010+0000] {dag.py:2907} INFO - Sync 3 DAGs
[2023-09-28T20:41:33.020+0000] {logging_mixin.py:151} INFO - [2023-09-28T20:41:33.020+0000] {dag.py:3677} INFO - Setting next_dagrun for example_subdag_operator to 2022-01-01T00:00:00+00:00, run_after=2022-01-01T00:00:00+00:00
[2023-09-28T20:41:33.021+0000] {logging_mixin.py:151} INFO - [2023-09-28T20:41:33.021+0000] {dag.py:3677} INFO - Setting next_dagrun for example_subdag_operator.section-1 to None, run_after=None
[2023-09-28T20:41:33.022+0000] {logging_mixin.py:151} INFO - [2023-09-28T20:41:33.022+0000] {dag.py:3677} INFO - Setting next_dagrun for example_subdag_operator.section-2 to None, run_after=None
[2023-09-28T20:41:33.025+0000] {logging_mixin.py:151} INFO - [2023-09-28T20:41:33.025+0000] {dag.py:2907} INFO - Sync 2 DAGs
[2023-09-28T20:41:33.027+0000] {logging_mixin.py:151} INFO - [2023-09-28T20:41:33.027+0000] {dag.py:3677} INFO - Setting next_dagrun for example_subdag_operator.section-1 to None, run_after=None
[2023-09-28T20:41:33.028+0000] {logging_mixin.py:151} INFO - [2023-09-28T20:41:33.028+0000] {dag.py:3677} INFO - Setting next_dagrun for example_subdag_operator.section-2 to None, run_after=None
[2023-09-28T20:41:33.032+0000] {processor.py:179} INFO - Processing /home/airflow/.local/lib/python3.8/site-packages/airflow/example_dags/example_subdag_operator.py took 0.046 seconds
[2023-09-28T22:06:02.087+0000] {processor.py:157} INFO - Started process (PID=54003) to work on /home/airflow/.local/lib/python3.8/site-packages/airflow/example_dags/example_subdag_operator.py
[2023-09-28T22:06:02.088+0000] {processor.py:829} INFO - Processing file /home/airflow/.local/lib/python3.8/site-packages/airflow/example_dags/example_subdag_operator.py for tasks to queue
[2023-09-28T22:06:02.089+0000] {logging_mixin.py:151} INFO - [2023-09-28T22:06:02.089+0000] {dagbag.py:539} INFO - Filling up the DagBag from /home/airflow/.local/lib/python3.8/site-packages/airflow/example_dags/example_subdag_operator.py
[2023-09-28T22:06:02.103+0000] {processor.py:839} INFO - DAG(s) dict_keys(['example_subdag_operator.section-1', 'example_subdag_operator.section-2', 'example_subdag_operator']) retrieved from /home/airflow/.local/lib/python3.8/site-packages/airflow/example_dags/example_subdag_operator.py
[2023-09-28T22:06:02.110+0000] {logging_mixin.py:151} INFO - [2023-09-28T22:06:02.110+0000] {dag.py:2907} INFO - Sync 3 DAGs
[2023-09-28T22:06:02.120+0000] {logging_mixin.py:151} INFO - [2023-09-28T22:06:02.120+0000] {dag.py:3677} INFO - Setting next_dagrun for example_subdag_operator to 2022-01-01T00:00:00+00:00, run_after=2022-01-01T00:00:00+00:00
[2023-09-28T22:06:02.121+0000] {logging_mixin.py:151} INFO - [2023-09-28T22:06:02.121+0000] {dag.py:3677} INFO - Setting next_dagrun for example_subdag_operator.section-1 to None, run_after=None
[2023-09-28T22:06:02.122+0000] {logging_mixin.py:151} INFO - [2023-09-28T22:06:02.122+0000] {dag.py:3677} INFO - Setting next_dagrun for example_subdag_operator.section-2 to None, run_after=None
[2023-09-28T22:06:02.125+0000] {logging_mixin.py:151} INFO - [2023-09-28T22:06:02.125+0000] {dag.py:2907} INFO - Sync 2 DAGs
[2023-09-28T22:06:02.127+0000] {logging_mixin.py:151} INFO - [2023-09-28T22:06:02.127+0000] {dag.py:3677} INFO - Setting next_dagrun for example_subdag_operator.section-1 to None, run_after=None
[2023-09-28T22:06:02.127+0000] {logging_mixin.py:151} INFO - [2023-09-28T22:06:02.127+0000] {dag.py:3677} INFO - Setting next_dagrun for example_subdag_operator.section-2 to None, run_after=None
[2023-09-28T22:06:02.131+0000] {processor.py:179} INFO - Processing /home/airflow/.local/lib/python3.8/site-packages/airflow/example_dags/example_subdag_operator.py took 0.046 seconds
[2023-09-28T23:26:45.559+0000] {processor.py:157} INFO - Started process (PID=54052) to work on /home/airflow/.local/lib/python3.8/site-packages/airflow/example_dags/example_subdag_operator.py
[2023-09-28T23:26:45.559+0000] {processor.py:829} INFO - Processing file /home/airflow/.local/lib/python3.8/site-packages/airflow/example_dags/example_subdag_operator.py for tasks to queue
[2023-09-28T23:26:45.561+0000] {logging_mixin.py:151} INFO - [2023-09-28T23:26:45.561+0000] {dagbag.py:539} INFO - Filling up the DagBag from /home/airflow/.local/lib/python3.8/site-packages/airflow/example_dags/example_subdag_operator.py
[2023-09-28T23:26:45.575+0000] {processor.py:839} INFO - DAG(s) dict_keys(['example_subdag_operator.section-1', 'example_subdag_operator.section-2', 'example_subdag_operator']) retrieved from /home/airflow/.local/lib/python3.8/site-packages/airflow/example_dags/example_subdag_operator.py
[2023-09-28T23:26:45.582+0000] {logging_mixin.py:151} INFO - [2023-09-28T23:26:45.582+0000] {dag.py:2907} INFO - Sync 3 DAGs
[2023-09-28T23:26:45.595+0000] {logging_mixin.py:151} INFO - [2023-09-28T23:26:45.595+0000] {dag.py:3677} INFO - Setting next_dagrun for example_subdag_operator to 2022-01-01T00:00:00+00:00, run_after=2022-01-01T00:00:00+00:00
[2023-09-28T23:26:45.596+0000] {logging_mixin.py:151} INFO - [2023-09-28T23:26:45.596+0000] {dag.py:3677} INFO - Setting next_dagrun for example_subdag_operator.section-1 to None, run_after=None
[2023-09-28T23:26:45.597+0000] {logging_mixin.py:151} INFO - [2023-09-28T23:26:45.597+0000] {dag.py:3677} INFO - Setting next_dagrun for example_subdag_operator.section-2 to None, run_after=None
[2023-09-28T23:26:45.600+0000] {logging_mixin.py:151} INFO - [2023-09-28T23:26:45.600+0000] {dag.py:2907} INFO - Sync 2 DAGs
[2023-09-28T23:26:45.602+0000] {logging_mixin.py:151} INFO - [2023-09-28T23:26:45.602+0000] {dag.py:3677} INFO - Setting next_dagrun for example_subdag_operator.section-1 to None, run_after=None
[2023-09-28T23:26:45.602+0000] {logging_mixin.py:151} INFO - [2023-09-28T23:26:45.602+0000] {dag.py:3677} INFO - Setting next_dagrun for example_subdag_operator.section-2 to None, run_after=None
[2023-09-28T23:26:45.607+0000] {processor.py:179} INFO - Processing /home/airflow/.local/lib/python3.8/site-packages/airflow/example_dags/example_subdag_operator.py took 0.050 seconds
