[2023-09-28T00:01:25.838+0000] {processor.py:157} INFO - Started process (PID=53193) to work on /home/airflow/.local/lib/python3.8/site-packages/airflow/example_dags/example_short_circuit_decorator.py
[2023-09-28T00:01:25.841+0000] {processor.py:829} INFO - Processing file /home/airflow/.local/lib/python3.8/site-packages/airflow/example_dags/example_short_circuit_decorator.py for tasks to queue
[2023-09-28T00:01:25.846+0000] {logging_mixin.py:151} INFO - [2023-09-28T00:01:25.845+0000] {dagbag.py:539} INFO - Filling up the DagBag from /home/airflow/.local/lib/python3.8/site-packages/airflow/example_dags/example_short_circuit_decorator.py
[2023-09-28T00:01:25.853+0000] {processor.py:839} INFO - DAG(s) dict_keys(['example_short_circuit_decorator']) retrieved from /home/airflow/.local/lib/python3.8/site-packages/airflow/example_dags/example_short_circuit_decorator.py
[2023-09-28T00:01:25.912+0000] {logging_mixin.py:151} INFO - [2023-09-28T00:01:25.911+0000] {dag.py:2907} INFO - Sync 1 DAGs
[2023-09-28T00:01:25.936+0000] {logging_mixin.py:151} INFO - [2023-09-28T00:01:25.935+0000] {dag.py:3677} INFO - Setting next_dagrun for example_short_circuit_decorator to 2023-09-27T00:01:25.935668+00:00, run_after=2023-09-28T00:01:25.935668+00:00
[2023-09-28T00:01:25.956+0000] {processor.py:179} INFO - Processing /home/airflow/.local/lib/python3.8/site-packages/airflow/example_dags/example_short_circuit_decorator.py took 0.121 seconds
[2023-09-28T01:23:47.189+0000] {processor.py:157} INFO - Started process (PID=53242) to work on /home/airflow/.local/lib/python3.8/site-packages/airflow/example_dags/example_short_circuit_decorator.py
[2023-09-28T01:23:47.190+0000] {processor.py:829} INFO - Processing file /home/airflow/.local/lib/python3.8/site-packages/airflow/example_dags/example_short_circuit_decorator.py for tasks to queue
[2023-09-28T01:23:47.191+0000] {logging_mixin.py:151} INFO - [2023-09-28T01:23:47.191+0000] {dagbag.py:539} INFO - Filling up the DagBag from /home/airflow/.local/lib/python3.8/site-packages/airflow/example_dags/example_short_circuit_decorator.py
[2023-09-28T01:23:47.196+0000] {processor.py:839} INFO - DAG(s) dict_keys(['example_short_circuit_decorator']) retrieved from /home/airflow/.local/lib/python3.8/site-packages/airflow/example_dags/example_short_circuit_decorator.py
[2023-09-28T01:23:47.210+0000] {logging_mixin.py:151} INFO - [2023-09-28T01:23:47.210+0000] {dag.py:2907} INFO - Sync 1 DAGs
[2023-09-28T01:23:47.220+0000] {logging_mixin.py:151} INFO - [2023-09-28T01:23:47.220+0000] {dag.py:3677} INFO - Setting next_dagrun for example_short_circuit_decorator to 2023-09-27T01:23:47.220054+00:00, run_after=2023-09-28T01:23:47.220054+00:00
[2023-09-28T01:23:47.227+0000] {processor.py:179} INFO - Processing /home/airflow/.local/lib/python3.8/site-packages/airflow/example_dags/example_short_circuit_decorator.py took 0.041 seconds
[2023-09-28T02:46:59.474+0000] {processor.py:157} INFO - Started process (PID=53291) to work on /home/airflow/.local/lib/python3.8/site-packages/airflow/example_dags/example_short_circuit_decorator.py
[2023-09-28T02:46:59.475+0000] {processor.py:829} INFO - Processing file /home/airflow/.local/lib/python3.8/site-packages/airflow/example_dags/example_short_circuit_decorator.py for tasks to queue
[2023-09-28T02:46:59.478+0000] {logging_mixin.py:151} INFO - [2023-09-28T02:46:59.478+0000] {dagbag.py:539} INFO - Filling up the DagBag from /home/airflow/.local/lib/python3.8/site-packages/airflow/example_dags/example_short_circuit_decorator.py
[2023-09-28T02:46:59.485+0000] {processor.py:839} INFO - DAG(s) dict_keys(['example_short_circuit_decorator']) retrieved from /home/airflow/.local/lib/python3.8/site-packages/airflow/example_dags/example_short_circuit_decorator.py
[2023-09-28T02:46:59.500+0000] {logging_mixin.py:151} INFO - [2023-09-28T02:46:59.500+0000] {dag.py:2907} INFO - Sync 1 DAGs
[2023-09-28T02:46:59.511+0000] {logging_mixin.py:151} INFO - [2023-09-28T02:46:59.511+0000] {dag.py:3677} INFO - Setting next_dagrun for example_short_circuit_decorator to 2023-09-27T02:46:59.511567+00:00, run_after=2023-09-28T02:46:59.511567+00:00
[2023-09-28T02:46:59.520+0000] {processor.py:179} INFO - Processing /home/airflow/.local/lib/python3.8/site-packages/airflow/example_dags/example_short_circuit_decorator.py took 0.050 seconds
[2023-09-28T04:11:00.246+0000] {processor.py:157} INFO - Started process (PID=53340) to work on /home/airflow/.local/lib/python3.8/site-packages/airflow/example_dags/example_short_circuit_decorator.py
[2023-09-28T04:11:00.246+0000] {processor.py:829} INFO - Processing file /home/airflow/.local/lib/python3.8/site-packages/airflow/example_dags/example_short_circuit_decorator.py for tasks to queue
[2023-09-28T04:11:00.247+0000] {logging_mixin.py:151} INFO - [2023-09-28T04:11:00.247+0000] {dagbag.py:539} INFO - Filling up the DagBag from /home/airflow/.local/lib/python3.8/site-packages/airflow/example_dags/example_short_circuit_decorator.py
[2023-09-28T04:11:00.252+0000] {processor.py:839} INFO - DAG(s) dict_keys(['example_short_circuit_decorator']) retrieved from /home/airflow/.local/lib/python3.8/site-packages/airflow/example_dags/example_short_circuit_decorator.py
[2023-09-28T04:11:00.264+0000] {logging_mixin.py:151} INFO - [2023-09-28T04:11:00.264+0000] {dag.py:2907} INFO - Sync 1 DAGs
[2023-09-28T04:11:00.274+0000] {logging_mixin.py:151} INFO - [2023-09-28T04:11:00.274+0000] {dag.py:3677} INFO - Setting next_dagrun for example_short_circuit_decorator to 2023-09-27T04:11:00.274157+00:00, run_after=2023-09-28T04:11:00.274157+00:00
[2023-09-28T04:11:00.281+0000] {processor.py:179} INFO - Processing /home/airflow/.local/lib/python3.8/site-packages/airflow/example_dags/example_short_circuit_decorator.py took 0.037 seconds
[2023-09-28T05:38:41.525+0000] {processor.py:157} INFO - Started process (PID=53389) to work on /home/airflow/.local/lib/python3.8/site-packages/airflow/example_dags/example_short_circuit_decorator.py
[2023-09-28T05:38:41.526+0000] {processor.py:829} INFO - Processing file /home/airflow/.local/lib/python3.8/site-packages/airflow/example_dags/example_short_circuit_decorator.py for tasks to queue
[2023-09-28T05:38:41.527+0000] {logging_mixin.py:151} INFO - [2023-09-28T05:38:41.527+0000] {dagbag.py:539} INFO - Filling up the DagBag from /home/airflow/.local/lib/python3.8/site-packages/airflow/example_dags/example_short_circuit_decorator.py
[2023-09-28T05:38:41.532+0000] {processor.py:839} INFO - DAG(s) dict_keys(['example_short_circuit_decorator']) retrieved from /home/airflow/.local/lib/python3.8/site-packages/airflow/example_dags/example_short_circuit_decorator.py
[2023-09-28T05:38:41.546+0000] {logging_mixin.py:151} INFO - [2023-09-28T05:38:41.546+0000] {dag.py:2907} INFO - Sync 1 DAGs
[2023-09-28T05:38:41.557+0000] {logging_mixin.py:151} INFO - [2023-09-28T05:38:41.557+0000] {dag.py:3677} INFO - Setting next_dagrun for example_short_circuit_decorator to 2023-09-27T05:38:41.557080+00:00, run_after=2023-09-28T05:38:41.557080+00:00
[2023-09-28T05:38:41.565+0000] {processor.py:179} INFO - Processing /home/airflow/.local/lib/python3.8/site-packages/airflow/example_dags/example_short_circuit_decorator.py took 0.043 seconds
[2023-09-28T07:02:01.502+0000] {processor.py:157} INFO - Started process (PID=53438) to work on /home/airflow/.local/lib/python3.8/site-packages/airflow/example_dags/example_short_circuit_decorator.py
[2023-09-28T07:02:01.502+0000] {processor.py:829} INFO - Processing file /home/airflow/.local/lib/python3.8/site-packages/airflow/example_dags/example_short_circuit_decorator.py for tasks to queue
[2023-09-28T07:02:01.503+0000] {logging_mixin.py:151} INFO - [2023-09-28T07:02:01.503+0000] {dagbag.py:539} INFO - Filling up the DagBag from /home/airflow/.local/lib/python3.8/site-packages/airflow/example_dags/example_short_circuit_decorator.py
[2023-09-28T07:02:01.508+0000] {processor.py:839} INFO - DAG(s) dict_keys(['example_short_circuit_decorator']) retrieved from /home/airflow/.local/lib/python3.8/site-packages/airflow/example_dags/example_short_circuit_decorator.py
[2023-09-28T07:02:01.520+0000] {logging_mixin.py:151} INFO - [2023-09-28T07:02:01.520+0000] {dag.py:2907} INFO - Sync 1 DAGs
[2023-09-28T07:02:01.529+0000] {logging_mixin.py:151} INFO - [2023-09-28T07:02:01.529+0000] {dag.py:3677} INFO - Setting next_dagrun for example_short_circuit_decorator to 2023-09-27T07:02:01.529470+00:00, run_after=2023-09-28T07:02:01.529470+00:00
[2023-09-28T07:02:01.536+0000] {processor.py:179} INFO - Processing /home/airflow/.local/lib/python3.8/site-packages/airflow/example_dags/example_short_circuit_decorator.py took 0.037 seconds
[2023-09-28T08:20:25.395+0000] {processor.py:157} INFO - Started process (PID=53487) to work on /home/airflow/.local/lib/python3.8/site-packages/airflow/example_dags/example_short_circuit_decorator.py
[2023-09-28T08:20:25.396+0000] {processor.py:829} INFO - Processing file /home/airflow/.local/lib/python3.8/site-packages/airflow/example_dags/example_short_circuit_decorator.py for tasks to queue
[2023-09-28T08:20:25.397+0000] {logging_mixin.py:151} INFO - [2023-09-28T08:20:25.397+0000] {dagbag.py:539} INFO - Filling up the DagBag from /home/airflow/.local/lib/python3.8/site-packages/airflow/example_dags/example_short_circuit_decorator.py
[2023-09-28T08:20:25.403+0000] {processor.py:839} INFO - DAG(s) dict_keys(['example_short_circuit_decorator']) retrieved from /home/airflow/.local/lib/python3.8/site-packages/airflow/example_dags/example_short_circuit_decorator.py
[2023-09-28T08:20:25.416+0000] {logging_mixin.py:151} INFO - [2023-09-28T08:20:25.416+0000] {dag.py:2907} INFO - Sync 1 DAGs
[2023-09-28T08:20:25.427+0000] {logging_mixin.py:151} INFO - [2023-09-28T08:20:25.427+0000] {dag.py:3677} INFO - Setting next_dagrun for example_short_circuit_decorator to 2023-09-27T08:20:25.427144+00:00, run_after=2023-09-28T08:20:25.427144+00:00
[2023-09-28T08:20:25.435+0000] {processor.py:179} INFO - Processing /home/airflow/.local/lib/python3.8/site-packages/airflow/example_dags/example_short_circuit_decorator.py took 0.042 seconds
[2023-09-28T09:43:20.027+0000] {processor.py:157} INFO - Started process (PID=53536) to work on /home/airflow/.local/lib/python3.8/site-packages/airflow/example_dags/example_short_circuit_decorator.py
[2023-09-28T09:43:20.028+0000] {processor.py:829} INFO - Processing file /home/airflow/.local/lib/python3.8/site-packages/airflow/example_dags/example_short_circuit_decorator.py for tasks to queue
[2023-09-28T09:43:20.029+0000] {logging_mixin.py:151} INFO - [2023-09-28T09:43:20.029+0000] {dagbag.py:539} INFO - Filling up the DagBag from /home/airflow/.local/lib/python3.8/site-packages/airflow/example_dags/example_short_circuit_decorator.py
[2023-09-28T09:43:20.035+0000] {processor.py:839} INFO - DAG(s) dict_keys(['example_short_circuit_decorator']) retrieved from /home/airflow/.local/lib/python3.8/site-packages/airflow/example_dags/example_short_circuit_decorator.py
[2023-09-28T09:43:20.050+0000] {logging_mixin.py:151} INFO - [2023-09-28T09:43:20.050+0000] {dag.py:2907} INFO - Sync 1 DAGs
[2023-09-28T09:43:20.068+0000] {logging_mixin.py:151} INFO - [2023-09-28T09:43:20.068+0000] {dag.py:3677} INFO - Setting next_dagrun for example_short_circuit_decorator to 2023-09-27T09:43:20.068518+00:00, run_after=2023-09-28T09:43:20.068518+00:00
[2023-09-28T09:43:20.085+0000] {processor.py:179} INFO - Processing /home/airflow/.local/lib/python3.8/site-packages/airflow/example_dags/example_short_circuit_decorator.py took 0.061 seconds
[2023-09-28T11:03:52.717+0000] {processor.py:157} INFO - Started process (PID=53585) to work on /home/airflow/.local/lib/python3.8/site-packages/airflow/example_dags/example_short_circuit_decorator.py
[2023-09-28T11:03:52.723+0000] {processor.py:829} INFO - Processing file /home/airflow/.local/lib/python3.8/site-packages/airflow/example_dags/example_short_circuit_decorator.py for tasks to queue
[2023-09-28T11:03:52.730+0000] {logging_mixin.py:151} INFO - [2023-09-28T11:03:52.730+0000] {dagbag.py:539} INFO - Filling up the DagBag from /home/airflow/.local/lib/python3.8/site-packages/airflow/example_dags/example_short_circuit_decorator.py
[2023-09-28T11:03:52.744+0000] {processor.py:839} INFO - DAG(s) dict_keys(['example_short_circuit_decorator']) retrieved from /home/airflow/.local/lib/python3.8/site-packages/airflow/example_dags/example_short_circuit_decorator.py
[2023-09-28T11:03:52.808+0000] {logging_mixin.py:151} INFO - [2023-09-28T11:03:52.808+0000] {dag.py:2907} INFO - Sync 1 DAGs
[2023-09-28T11:03:52.832+0000] {logging_mixin.py:151} INFO - [2023-09-28T11:03:52.831+0000] {dag.py:3677} INFO - Setting next_dagrun for example_short_circuit_decorator to 2023-09-27T11:03:52.831579+00:00, run_after=2023-09-28T11:03:52.831579+00:00
[2023-09-28T11:03:52.854+0000] {processor.py:179} INFO - Processing /home/airflow/.local/lib/python3.8/site-packages/airflow/example_dags/example_short_circuit_decorator.py took 0.139 seconds
[2023-09-28T12:27:11.473+0000] {processor.py:157} INFO - Started process (PID=53634) to work on /home/airflow/.local/lib/python3.8/site-packages/airflow/example_dags/example_short_circuit_decorator.py
[2023-09-28T12:27:11.473+0000] {processor.py:829} INFO - Processing file /home/airflow/.local/lib/python3.8/site-packages/airflow/example_dags/example_short_circuit_decorator.py for tasks to queue
[2023-09-28T12:27:11.475+0000] {logging_mixin.py:151} INFO - [2023-09-28T12:27:11.475+0000] {dagbag.py:539} INFO - Filling up the DagBag from /home/airflow/.local/lib/python3.8/site-packages/airflow/example_dags/example_short_circuit_decorator.py
[2023-09-28T12:27:11.480+0000] {processor.py:839} INFO - DAG(s) dict_keys(['example_short_circuit_decorator']) retrieved from /home/airflow/.local/lib/python3.8/site-packages/airflow/example_dags/example_short_circuit_decorator.py
[2023-09-28T12:27:11.493+0000] {logging_mixin.py:151} INFO - [2023-09-28T12:27:11.493+0000] {dag.py:2907} INFO - Sync 1 DAGs
[2023-09-28T12:27:11.504+0000] {logging_mixin.py:151} INFO - [2023-09-28T12:27:11.504+0000] {dag.py:3677} INFO - Setting next_dagrun for example_short_circuit_decorator to 2023-09-27T12:27:11.504216+00:00, run_after=2023-09-28T12:27:11.504216+00:00
[2023-09-28T12:27:11.512+0000] {processor.py:179} INFO - Processing /home/airflow/.local/lib/python3.8/site-packages/airflow/example_dags/example_short_circuit_decorator.py took 0.041 seconds
[2023-09-28T13:50:01.004+0000] {processor.py:157} INFO - Started process (PID=53683) to work on /home/airflow/.local/lib/python3.8/site-packages/airflow/example_dags/example_short_circuit_decorator.py
[2023-09-28T13:50:01.005+0000] {processor.py:829} INFO - Processing file /home/airflow/.local/lib/python3.8/site-packages/airflow/example_dags/example_short_circuit_decorator.py for tasks to queue
[2023-09-28T13:50:01.007+0000] {logging_mixin.py:151} INFO - [2023-09-28T13:50:01.006+0000] {dagbag.py:539} INFO - Filling up the DagBag from /home/airflow/.local/lib/python3.8/site-packages/airflow/example_dags/example_short_circuit_decorator.py
[2023-09-28T13:50:01.012+0000] {processor.py:839} INFO - DAG(s) dict_keys(['example_short_circuit_decorator']) retrieved from /home/airflow/.local/lib/python3.8/site-packages/airflow/example_dags/example_short_circuit_decorator.py
[2023-09-28T13:50:01.025+0000] {logging_mixin.py:151} INFO - [2023-09-28T13:50:01.025+0000] {dag.py:2907} INFO - Sync 1 DAGs
[2023-09-28T13:50:01.037+0000] {logging_mixin.py:151} INFO - [2023-09-28T13:50:01.036+0000] {dag.py:3677} INFO - Setting next_dagrun for example_short_circuit_decorator to 2023-09-27T13:50:01.036748+00:00, run_after=2023-09-28T13:50:01.036748+00:00
[2023-09-28T13:50:01.045+0000] {processor.py:179} INFO - Processing /home/airflow/.local/lib/python3.8/site-packages/airflow/example_dags/example_short_circuit_decorator.py took 0.043 seconds
[2023-09-28T15:11:33.188+0000] {processor.py:157} INFO - Started process (PID=53732) to work on /home/airflow/.local/lib/python3.8/site-packages/airflow/example_dags/example_short_circuit_decorator.py
[2023-09-28T15:11:33.199+0000] {processor.py:829} INFO - Processing file /home/airflow/.local/lib/python3.8/site-packages/airflow/example_dags/example_short_circuit_decorator.py for tasks to queue
[2023-09-28T15:11:33.201+0000] {logging_mixin.py:151} INFO - [2023-09-28T15:11:33.201+0000] {dagbag.py:539} INFO - Filling up the DagBag from /home/airflow/.local/lib/python3.8/site-packages/airflow/example_dags/example_short_circuit_decorator.py
[2023-09-28T15:11:33.208+0000] {processor.py:839} INFO - DAG(s) dict_keys(['example_short_circuit_decorator']) retrieved from /home/airflow/.local/lib/python3.8/site-packages/airflow/example_dags/example_short_circuit_decorator.py
[2023-09-28T15:11:33.248+0000] {logging_mixin.py:151} INFO - [2023-09-28T15:11:33.247+0000] {dag.py:2907} INFO - Sync 1 DAGs
[2023-09-28T15:11:33.275+0000] {logging_mixin.py:151} INFO - [2023-09-28T15:11:33.275+0000] {dag.py:3677} INFO - Setting next_dagrun for example_short_circuit_decorator to 2023-09-27T15:11:33.275194+00:00, run_after=2023-09-28T15:11:33.275194+00:00
[2023-09-28T15:11:33.301+0000] {processor.py:179} INFO - Processing /home/airflow/.local/lib/python3.8/site-packages/airflow/example_dags/example_short_circuit_decorator.py took 0.116 seconds
[2023-09-28T16:36:00.907+0000] {processor.py:157} INFO - Started process (PID=53781) to work on /home/airflow/.local/lib/python3.8/site-packages/airflow/example_dags/example_short_circuit_decorator.py
[2023-09-28T16:36:00.908+0000] {processor.py:829} INFO - Processing file /home/airflow/.local/lib/python3.8/site-packages/airflow/example_dags/example_short_circuit_decorator.py for tasks to queue
[2023-09-28T16:36:00.910+0000] {logging_mixin.py:151} INFO - [2023-09-28T16:36:00.909+0000] {dagbag.py:539} INFO - Filling up the DagBag from /home/airflow/.local/lib/python3.8/site-packages/airflow/example_dags/example_short_circuit_decorator.py
[2023-09-28T16:36:00.915+0000] {processor.py:839} INFO - DAG(s) dict_keys(['example_short_circuit_decorator']) retrieved from /home/airflow/.local/lib/python3.8/site-packages/airflow/example_dags/example_short_circuit_decorator.py
[2023-09-28T16:36:00.942+0000] {logging_mixin.py:151} INFO - [2023-09-28T16:36:00.942+0000] {dag.py:2907} INFO - Sync 1 DAGs
[2023-09-28T16:36:00.957+0000] {logging_mixin.py:151} INFO - [2023-09-28T16:36:00.957+0000] {dag.py:3677} INFO - Setting next_dagrun for example_short_circuit_decorator to 2023-09-27T16:36:00.956983+00:00, run_after=2023-09-28T16:36:00.956983+00:00
[2023-09-28T16:36:00.964+0000] {processor.py:179} INFO - Processing /home/airflow/.local/lib/python3.8/site-packages/airflow/example_dags/example_short_circuit_decorator.py took 0.061 seconds
[2023-09-28T17:56:10.239+0000] {processor.py:157} INFO - Started process (PID=53830) to work on /home/airflow/.local/lib/python3.8/site-packages/airflow/example_dags/example_short_circuit_decorator.py
[2023-09-28T17:56:10.240+0000] {processor.py:829} INFO - Processing file /home/airflow/.local/lib/python3.8/site-packages/airflow/example_dags/example_short_circuit_decorator.py for tasks to queue
[2023-09-28T17:56:10.241+0000] {logging_mixin.py:151} INFO - [2023-09-28T17:56:10.241+0000] {dagbag.py:539} INFO - Filling up the DagBag from /home/airflow/.local/lib/python3.8/site-packages/airflow/example_dags/example_short_circuit_decorator.py
[2023-09-28T17:56:10.246+0000] {processor.py:839} INFO - DAG(s) dict_keys(['example_short_circuit_decorator']) retrieved from /home/airflow/.local/lib/python3.8/site-packages/airflow/example_dags/example_short_circuit_decorator.py
[2023-09-28T17:56:10.257+0000] {logging_mixin.py:151} INFO - [2023-09-28T17:56:10.257+0000] {dag.py:2907} INFO - Sync 1 DAGs
[2023-09-28T17:56:10.267+0000] {logging_mixin.py:151} INFO - [2023-09-28T17:56:10.267+0000] {dag.py:3677} INFO - Setting next_dagrun for example_short_circuit_decorator to 2023-09-27T17:56:10.267258+00:00, run_after=2023-09-28T17:56:10.267258+00:00
[2023-09-28T17:56:10.275+0000] {processor.py:179} INFO - Processing /home/airflow/.local/lib/python3.8/site-packages/airflow/example_dags/example_short_circuit_decorator.py took 0.038 seconds
[2023-09-28T19:17:46.403+0000] {processor.py:157} INFO - Started process (PID=53879) to work on /home/airflow/.local/lib/python3.8/site-packages/airflow/example_dags/example_short_circuit_decorator.py
[2023-09-28T19:17:46.404+0000] {processor.py:829} INFO - Processing file /home/airflow/.local/lib/python3.8/site-packages/airflow/example_dags/example_short_circuit_decorator.py for tasks to queue
[2023-09-28T19:17:46.405+0000] {logging_mixin.py:151} INFO - [2023-09-28T19:17:46.405+0000] {dagbag.py:539} INFO - Filling up the DagBag from /home/airflow/.local/lib/python3.8/site-packages/airflow/example_dags/example_short_circuit_decorator.py
[2023-09-28T19:17:46.410+0000] {processor.py:839} INFO - DAG(s) dict_keys(['example_short_circuit_decorator']) retrieved from /home/airflow/.local/lib/python3.8/site-packages/airflow/example_dags/example_short_circuit_decorator.py
[2023-09-28T19:17:46.423+0000] {logging_mixin.py:151} INFO - [2023-09-28T19:17:46.423+0000] {dag.py:2907} INFO - Sync 1 DAGs
[2023-09-28T19:17:46.434+0000] {logging_mixin.py:151} INFO - [2023-09-28T19:17:46.434+0000] {dag.py:3677} INFO - Setting next_dagrun for example_short_circuit_decorator to 2023-09-27T19:17:46.434153+00:00, run_after=2023-09-28T19:17:46.434153+00:00
[2023-09-28T19:17:46.442+0000] {processor.py:179} INFO - Processing /home/airflow/.local/lib/python3.8/site-packages/airflow/example_dags/example_short_circuit_decorator.py took 0.041 seconds
[2023-09-28T20:41:31.485+0000] {processor.py:157} INFO - Started process (PID=53928) to work on /home/airflow/.local/lib/python3.8/site-packages/airflow/example_dags/example_short_circuit_decorator.py
[2023-09-28T20:41:31.486+0000] {processor.py:829} INFO - Processing file /home/airflow/.local/lib/python3.8/site-packages/airflow/example_dags/example_short_circuit_decorator.py for tasks to queue
[2023-09-28T20:41:31.487+0000] {logging_mixin.py:151} INFO - [2023-09-28T20:41:31.487+0000] {dagbag.py:539} INFO - Filling up the DagBag from /home/airflow/.local/lib/python3.8/site-packages/airflow/example_dags/example_short_circuit_decorator.py
[2023-09-28T20:41:31.492+0000] {processor.py:839} INFO - DAG(s) dict_keys(['example_short_circuit_decorator']) retrieved from /home/airflow/.local/lib/python3.8/site-packages/airflow/example_dags/example_short_circuit_decorator.py
[2023-09-28T20:41:31.503+0000] {logging_mixin.py:151} INFO - [2023-09-28T20:41:31.503+0000] {dag.py:2907} INFO - Sync 1 DAGs
[2023-09-28T20:41:31.513+0000] {logging_mixin.py:151} INFO - [2023-09-28T20:41:31.513+0000] {dag.py:3677} INFO - Setting next_dagrun for example_short_circuit_decorator to 2023-09-27T20:41:31.513003+00:00, run_after=2023-09-28T20:41:31.513003+00:00
[2023-09-28T20:41:31.520+0000] {processor.py:179} INFO - Processing /home/airflow/.local/lib/python3.8/site-packages/airflow/example_dags/example_short_circuit_decorator.py took 0.037 seconds
[2023-09-28T22:06:01.308+0000] {processor.py:157} INFO - Started process (PID=53977) to work on /home/airflow/.local/lib/python3.8/site-packages/airflow/example_dags/example_short_circuit_decorator.py
[2023-09-28T22:06:01.309+0000] {processor.py:829} INFO - Processing file /home/airflow/.local/lib/python3.8/site-packages/airflow/example_dags/example_short_circuit_decorator.py for tasks to queue
[2023-09-28T22:06:01.310+0000] {logging_mixin.py:151} INFO - [2023-09-28T22:06:01.310+0000] {dagbag.py:539} INFO - Filling up the DagBag from /home/airflow/.local/lib/python3.8/site-packages/airflow/example_dags/example_short_circuit_decorator.py
[2023-09-28T22:06:01.316+0000] {processor.py:839} INFO - DAG(s) dict_keys(['example_short_circuit_decorator']) retrieved from /home/airflow/.local/lib/python3.8/site-packages/airflow/example_dags/example_short_circuit_decorator.py
[2023-09-28T22:06:01.329+0000] {logging_mixin.py:151} INFO - [2023-09-28T22:06:01.329+0000] {dag.py:2907} INFO - Sync 1 DAGs
[2023-09-28T22:06:01.339+0000] {logging_mixin.py:151} INFO - [2023-09-28T22:06:01.339+0000] {dag.py:3677} INFO - Setting next_dagrun for example_short_circuit_decorator to 2023-09-27T22:06:01.339734+00:00, run_after=2023-09-28T22:06:01.339734+00:00
[2023-09-28T22:06:01.348+0000] {processor.py:179} INFO - Processing /home/airflow/.local/lib/python3.8/site-packages/airflow/example_dags/example_short_circuit_decorator.py took 0.042 seconds
[2023-09-28T23:26:44.790+0000] {processor.py:157} INFO - Started process (PID=54026) to work on /home/airflow/.local/lib/python3.8/site-packages/airflow/example_dags/example_short_circuit_decorator.py
[2023-09-28T23:26:44.790+0000] {processor.py:829} INFO - Processing file /home/airflow/.local/lib/python3.8/site-packages/airflow/example_dags/example_short_circuit_decorator.py for tasks to queue
[2023-09-28T23:26:44.791+0000] {logging_mixin.py:151} INFO - [2023-09-28T23:26:44.791+0000] {dagbag.py:539} INFO - Filling up the DagBag from /home/airflow/.local/lib/python3.8/site-packages/airflow/example_dags/example_short_circuit_decorator.py
[2023-09-28T23:26:44.797+0000] {processor.py:839} INFO - DAG(s) dict_keys(['example_short_circuit_decorator']) retrieved from /home/airflow/.local/lib/python3.8/site-packages/airflow/example_dags/example_short_circuit_decorator.py
[2023-09-28T23:26:44.809+0000] {logging_mixin.py:151} INFO - [2023-09-28T23:26:44.809+0000] {dag.py:2907} INFO - Sync 1 DAGs
[2023-09-28T23:26:44.820+0000] {logging_mixin.py:151} INFO - [2023-09-28T23:26:44.820+0000] {dag.py:3677} INFO - Setting next_dagrun for example_short_circuit_decorator to 2023-09-27T23:26:44.820079+00:00, run_after=2023-09-28T23:26:44.820079+00:00
[2023-09-28T23:26:44.828+0000] {processor.py:179} INFO - Processing /home/airflow/.local/lib/python3.8/site-packages/airflow/example_dags/example_short_circuit_decorator.py took 0.041 seconds
