[2023-09-28T00:01:26.204+0000] {processor.py:157} INFO - Started process (PID=53197) to work on /home/airflow/.local/lib/python3.8/site-packages/airflow/example_dags/example_branch_labels.py
[2023-09-28T00:01:26.205+0000] {processor.py:829} INFO - Processing file /home/airflow/.local/lib/python3.8/site-packages/airflow/example_dags/example_branch_labels.py for tasks to queue
[2023-09-28T00:01:26.208+0000] {logging_mixin.py:151} INFO - [2023-09-28T00:01:26.208+0000] {dagbag.py:539} INFO - Filling up the DagBag from /home/airflow/.local/lib/python3.8/site-packages/airflow/example_dags/example_branch_labels.py
[2023-09-28T00:01:26.219+0000] {processor.py:839} INFO - DAG(s) dict_keys(['example_branch_labels']) retrieved from /home/airflow/.local/lib/python3.8/site-packages/airflow/example_dags/example_branch_labels.py
[2023-09-28T00:01:26.243+0000] {logging_mixin.py:151} INFO - [2023-09-28T00:01:26.243+0000] {dag.py:2907} INFO - Sync 1 DAGs
[2023-09-28T00:01:26.259+0000] {logging_mixin.py:151} INFO - [2023-09-28T00:01:26.258+0000] {dag.py:3677} INFO - Setting next_dagrun for example_branch_labels to 2023-09-27T00:00:00+00:00, run_after=2023-09-28T00:00:00+00:00
[2023-09-28T00:01:26.273+0000] {processor.py:179} INFO - Processing /home/airflow/.local/lib/python3.8/site-packages/airflow/example_dags/example_branch_labels.py took 0.074 seconds
[2023-09-28T01:23:47.328+0000] {processor.py:157} INFO - Started process (PID=53246) to work on /home/airflow/.local/lib/python3.8/site-packages/airflow/example_dags/example_branch_labels.py
[2023-09-28T01:23:47.328+0000] {processor.py:829} INFO - Processing file /home/airflow/.local/lib/python3.8/site-packages/airflow/example_dags/example_branch_labels.py for tasks to queue
[2023-09-28T01:23:47.329+0000] {logging_mixin.py:151} INFO - [2023-09-28T01:23:47.329+0000] {dagbag.py:539} INFO - Filling up the DagBag from /home/airflow/.local/lib/python3.8/site-packages/airflow/example_dags/example_branch_labels.py
[2023-09-28T01:23:47.334+0000] {processor.py:839} INFO - DAG(s) dict_keys(['example_branch_labels']) retrieved from /home/airflow/.local/lib/python3.8/site-packages/airflow/example_dags/example_branch_labels.py
[2023-09-28T01:23:47.344+0000] {logging_mixin.py:151} INFO - [2023-09-28T01:23:47.344+0000] {dag.py:2907} INFO - Sync 1 DAGs
[2023-09-28T01:23:47.355+0000] {logging_mixin.py:151} INFO - [2023-09-28T01:23:47.355+0000] {dag.py:3677} INFO - Setting next_dagrun for example_branch_labels to 2023-09-27T00:00:00+00:00, run_after=2023-09-28T00:00:00+00:00
[2023-09-28T01:23:47.361+0000] {processor.py:179} INFO - Processing /home/airflow/.local/lib/python3.8/site-packages/airflow/example_dags/example_branch_labels.py took 0.036 seconds
[2023-09-28T02:46:59.669+0000] {processor.py:157} INFO - Started process (PID=53295) to work on /home/airflow/.local/lib/python3.8/site-packages/airflow/example_dags/example_branch_labels.py
[2023-09-28T02:46:59.670+0000] {processor.py:829} INFO - Processing file /home/airflow/.local/lib/python3.8/site-packages/airflow/example_dags/example_branch_labels.py for tasks to queue
[2023-09-28T02:46:59.671+0000] {logging_mixin.py:151} INFO - [2023-09-28T02:46:59.671+0000] {dagbag.py:539} INFO - Filling up the DagBag from /home/airflow/.local/lib/python3.8/site-packages/airflow/example_dags/example_branch_labels.py
[2023-09-28T02:46:59.676+0000] {processor.py:839} INFO - DAG(s) dict_keys(['example_branch_labels']) retrieved from /home/airflow/.local/lib/python3.8/site-packages/airflow/example_dags/example_branch_labels.py
[2023-09-28T02:46:59.686+0000] {logging_mixin.py:151} INFO - [2023-09-28T02:46:59.686+0000] {dag.py:2907} INFO - Sync 1 DAGs
[2023-09-28T02:46:59.697+0000] {logging_mixin.py:151} INFO - [2023-09-28T02:46:59.697+0000] {dag.py:3677} INFO - Setting next_dagrun for example_branch_labels to 2023-09-27T00:00:00+00:00, run_after=2023-09-28T00:00:00+00:00
[2023-09-28T02:46:59.704+0000] {processor.py:179} INFO - Processing /home/airflow/.local/lib/python3.8/site-packages/airflow/example_dags/example_branch_labels.py took 0.037 seconds
[2023-09-28T04:11:00.408+0000] {processor.py:157} INFO - Started process (PID=53344) to work on /home/airflow/.local/lib/python3.8/site-packages/airflow/example_dags/example_branch_labels.py
[2023-09-28T04:11:00.409+0000] {processor.py:829} INFO - Processing file /home/airflow/.local/lib/python3.8/site-packages/airflow/example_dags/example_branch_labels.py for tasks to queue
[2023-09-28T04:11:00.410+0000] {logging_mixin.py:151} INFO - [2023-09-28T04:11:00.410+0000] {dagbag.py:539} INFO - Filling up the DagBag from /home/airflow/.local/lib/python3.8/site-packages/airflow/example_dags/example_branch_labels.py
[2023-09-28T04:11:00.414+0000] {processor.py:839} INFO - DAG(s) dict_keys(['example_branch_labels']) retrieved from /home/airflow/.local/lib/python3.8/site-packages/airflow/example_dags/example_branch_labels.py
[2023-09-28T04:11:00.425+0000] {logging_mixin.py:151} INFO - [2023-09-28T04:11:00.425+0000] {dag.py:2907} INFO - Sync 1 DAGs
[2023-09-28T04:11:00.436+0000] {logging_mixin.py:151} INFO - [2023-09-28T04:11:00.436+0000] {dag.py:3677} INFO - Setting next_dagrun for example_branch_labels to 2023-09-27T00:00:00+00:00, run_after=2023-09-28T00:00:00+00:00
[2023-09-28T04:11:00.443+0000] {processor.py:179} INFO - Processing /home/airflow/.local/lib/python3.8/site-packages/airflow/example_dags/example_branch_labels.py took 0.037 seconds
[2023-09-28T05:38:41.720+0000] {processor.py:157} INFO - Started process (PID=53393) to work on /home/airflow/.local/lib/python3.8/site-packages/airflow/example_dags/example_branch_labels.py
[2023-09-28T05:38:41.721+0000] {processor.py:829} INFO - Processing file /home/airflow/.local/lib/python3.8/site-packages/airflow/example_dags/example_branch_labels.py for tasks to queue
[2023-09-28T05:38:41.722+0000] {logging_mixin.py:151} INFO - [2023-09-28T05:38:41.722+0000] {dagbag.py:539} INFO - Filling up the DagBag from /home/airflow/.local/lib/python3.8/site-packages/airflow/example_dags/example_branch_labels.py
[2023-09-28T05:38:41.727+0000] {processor.py:839} INFO - DAG(s) dict_keys(['example_branch_labels']) retrieved from /home/airflow/.local/lib/python3.8/site-packages/airflow/example_dags/example_branch_labels.py
[2023-09-28T05:38:41.737+0000] {logging_mixin.py:151} INFO - [2023-09-28T05:38:41.737+0000] {dag.py:2907} INFO - Sync 1 DAGs
[2023-09-28T05:38:41.748+0000] {logging_mixin.py:151} INFO - [2023-09-28T05:38:41.748+0000] {dag.py:3677} INFO - Setting next_dagrun for example_branch_labels to 2023-09-27T00:00:00+00:00, run_after=2023-09-28T00:00:00+00:00
[2023-09-28T05:38:41.754+0000] {processor.py:179} INFO - Processing /home/airflow/.local/lib/python3.8/site-packages/airflow/example_dags/example_branch_labels.py took 0.036 seconds
[2023-09-28T07:02:01.712+0000] {processor.py:157} INFO - Started process (PID=53442) to work on /home/airflow/.local/lib/python3.8/site-packages/airflow/example_dags/example_branch_labels.py
[2023-09-28T07:02:01.716+0000] {processor.py:829} INFO - Processing file /home/airflow/.local/lib/python3.8/site-packages/airflow/example_dags/example_branch_labels.py for tasks to queue
[2023-09-28T07:02:01.720+0000] {logging_mixin.py:151} INFO - [2023-09-28T07:02:01.720+0000] {dagbag.py:539} INFO - Filling up the DagBag from /home/airflow/.local/lib/python3.8/site-packages/airflow/example_dags/example_branch_labels.py
[2023-09-28T07:02:01.725+0000] {processor.py:839} INFO - DAG(s) dict_keys(['example_branch_labels']) retrieved from /home/airflow/.local/lib/python3.8/site-packages/airflow/example_dags/example_branch_labels.py
[2023-09-28T07:02:01.751+0000] {logging_mixin.py:151} INFO - [2023-09-28T07:02:01.751+0000] {dag.py:2907} INFO - Sync 1 DAGs
[2023-09-28T07:02:01.767+0000] {logging_mixin.py:151} INFO - [2023-09-28T07:02:01.767+0000] {dag.py:3677} INFO - Setting next_dagrun for example_branch_labels to 2023-09-27T00:00:00+00:00, run_after=2023-09-28T00:00:00+00:00
[2023-09-28T07:02:01.782+0000] {processor.py:179} INFO - Processing /home/airflow/.local/lib/python3.8/site-packages/airflow/example_dags/example_branch_labels.py took 0.072 seconds
[2023-09-28T08:20:25.583+0000] {processor.py:157} INFO - Started process (PID=53491) to work on /home/airflow/.local/lib/python3.8/site-packages/airflow/example_dags/example_branch_labels.py
[2023-09-28T08:20:25.589+0000] {processor.py:829} INFO - Processing file /home/airflow/.local/lib/python3.8/site-packages/airflow/example_dags/example_branch_labels.py for tasks to queue
[2023-09-28T08:20:25.590+0000] {logging_mixin.py:151} INFO - [2023-09-28T08:20:25.590+0000] {dagbag.py:539} INFO - Filling up the DagBag from /home/airflow/.local/lib/python3.8/site-packages/airflow/example_dags/example_branch_labels.py
[2023-09-28T08:20:25.595+0000] {processor.py:839} INFO - DAG(s) dict_keys(['example_branch_labels']) retrieved from /home/airflow/.local/lib/python3.8/site-packages/airflow/example_dags/example_branch_labels.py
[2023-09-28T08:20:25.605+0000] {logging_mixin.py:151} INFO - [2023-09-28T08:20:25.605+0000] {dag.py:2907} INFO - Sync 1 DAGs
[2023-09-28T08:20:25.615+0000] {logging_mixin.py:151} INFO - [2023-09-28T08:20:25.615+0000] {dag.py:3677} INFO - Setting next_dagrun for example_branch_labels to 2023-09-27T00:00:00+00:00, run_after=2023-09-28T00:00:00+00:00
[2023-09-28T08:20:25.622+0000] {processor.py:179} INFO - Processing /home/airflow/.local/lib/python3.8/site-packages/airflow/example_dags/example_branch_labels.py took 0.040 seconds
[2023-09-28T09:43:20.374+0000] {processor.py:157} INFO - Started process (PID=53540) to work on /home/airflow/.local/lib/python3.8/site-packages/airflow/example_dags/example_branch_labels.py
[2023-09-28T09:43:20.377+0000] {processor.py:829} INFO - Processing file /home/airflow/.local/lib/python3.8/site-packages/airflow/example_dags/example_branch_labels.py for tasks to queue
[2023-09-28T09:43:20.381+0000] {logging_mixin.py:151} INFO - [2023-09-28T09:43:20.380+0000] {dagbag.py:539} INFO - Filling up the DagBag from /home/airflow/.local/lib/python3.8/site-packages/airflow/example_dags/example_branch_labels.py
[2023-09-28T09:43:20.402+0000] {processor.py:839} INFO - DAG(s) dict_keys(['example_branch_labels']) retrieved from /home/airflow/.local/lib/python3.8/site-packages/airflow/example_dags/example_branch_labels.py
[2023-09-28T09:43:20.450+0000] {logging_mixin.py:151} INFO - [2023-09-28T09:43:20.450+0000] {dag.py:2907} INFO - Sync 1 DAGs
[2023-09-28T09:43:20.476+0000] {logging_mixin.py:151} INFO - [2023-09-28T09:43:20.476+0000] {dag.py:3677} INFO - Setting next_dagrun for example_branch_labels to 2023-09-27T00:00:00+00:00, run_after=2023-09-28T00:00:00+00:00
[2023-09-28T09:43:20.493+0000] {processor.py:179} INFO - Processing /home/airflow/.local/lib/python3.8/site-packages/airflow/example_dags/example_branch_labels.py took 0.122 seconds
[2023-09-28T11:03:53.030+0000] {processor.py:157} INFO - Started process (PID=53589) to work on /home/airflow/.local/lib/python3.8/site-packages/airflow/example_dags/example_branch_labels.py
[2023-09-28T11:03:53.031+0000] {processor.py:829} INFO - Processing file /home/airflow/.local/lib/python3.8/site-packages/airflow/example_dags/example_branch_labels.py for tasks to queue
[2023-09-28T11:03:53.032+0000] {logging_mixin.py:151} INFO - [2023-09-28T11:03:53.032+0000] {dagbag.py:539} INFO - Filling up the DagBag from /home/airflow/.local/lib/python3.8/site-packages/airflow/example_dags/example_branch_labels.py
[2023-09-28T11:03:53.037+0000] {processor.py:839} INFO - DAG(s) dict_keys(['example_branch_labels']) retrieved from /home/airflow/.local/lib/python3.8/site-packages/airflow/example_dags/example_branch_labels.py
[2023-09-28T11:03:53.049+0000] {logging_mixin.py:151} INFO - [2023-09-28T11:03:53.048+0000] {dag.py:2907} INFO - Sync 1 DAGs
[2023-09-28T11:03:53.060+0000] {logging_mixin.py:151} INFO - [2023-09-28T11:03:53.060+0000] {dag.py:3677} INFO - Setting next_dagrun for example_branch_labels to 2023-09-27T00:00:00+00:00, run_after=2023-09-28T00:00:00+00:00
[2023-09-28T11:03:53.067+0000] {processor.py:179} INFO - Processing /home/airflow/.local/lib/python3.8/site-packages/airflow/example_dags/example_branch_labels.py took 0.039 seconds
[2023-09-28T12:27:11.686+0000] {processor.py:157} INFO - Started process (PID=53638) to work on /home/airflow/.local/lib/python3.8/site-packages/airflow/example_dags/example_branch_labels.py
[2023-09-28T12:27:11.686+0000] {processor.py:829} INFO - Processing file /home/airflow/.local/lib/python3.8/site-packages/airflow/example_dags/example_branch_labels.py for tasks to queue
[2023-09-28T12:27:11.687+0000] {logging_mixin.py:151} INFO - [2023-09-28T12:27:11.687+0000] {dagbag.py:539} INFO - Filling up the DagBag from /home/airflow/.local/lib/python3.8/site-packages/airflow/example_dags/example_branch_labels.py
[2023-09-28T12:27:11.692+0000] {processor.py:839} INFO - DAG(s) dict_keys(['example_branch_labels']) retrieved from /home/airflow/.local/lib/python3.8/site-packages/airflow/example_dags/example_branch_labels.py
[2023-09-28T12:27:11.703+0000] {logging_mixin.py:151} INFO - [2023-09-28T12:27:11.703+0000] {dag.py:2907} INFO - Sync 1 DAGs
[2023-09-28T12:27:11.713+0000] {logging_mixin.py:151} INFO - [2023-09-28T12:27:11.713+0000] {dag.py:3677} INFO - Setting next_dagrun for example_branch_labels to 2023-09-27T00:00:00+00:00, run_after=2023-09-28T00:00:00+00:00
[2023-09-28T12:27:11.720+0000] {processor.py:179} INFO - Processing /home/airflow/.local/lib/python3.8/site-packages/airflow/example_dags/example_branch_labels.py took 0.036 seconds
[2023-09-28T13:50:01.452+0000] {processor.py:157} INFO - Started process (PID=53687) to work on /home/airflow/.local/lib/python3.8/site-packages/airflow/example_dags/example_branch_labels.py
[2023-09-28T13:50:01.458+0000] {processor.py:829} INFO - Processing file /home/airflow/.local/lib/python3.8/site-packages/airflow/example_dags/example_branch_labels.py for tasks to queue
[2023-09-28T13:50:01.462+0000] {logging_mixin.py:151} INFO - [2023-09-28T13:50:01.462+0000] {dagbag.py:539} INFO - Filling up the DagBag from /home/airflow/.local/lib/python3.8/site-packages/airflow/example_dags/example_branch_labels.py
[2023-09-28T13:50:01.471+0000] {processor.py:839} INFO - DAG(s) dict_keys(['example_branch_labels']) retrieved from /home/airflow/.local/lib/python3.8/site-packages/airflow/example_dags/example_branch_labels.py
[2023-09-28T13:50:01.508+0000] {logging_mixin.py:151} INFO - [2023-09-28T13:50:01.508+0000] {dag.py:2907} INFO - Sync 1 DAGs
[2023-09-28T13:50:01.532+0000] {logging_mixin.py:151} INFO - [2023-09-28T13:50:01.531+0000] {dag.py:3677} INFO - Setting next_dagrun for example_branch_labels to 2023-09-27T00:00:00+00:00, run_after=2023-09-28T00:00:00+00:00
[2023-09-28T13:50:01.550+0000] {processor.py:179} INFO - Processing /home/airflow/.local/lib/python3.8/site-packages/airflow/example_dags/example_branch_labels.py took 0.102 seconds
[2023-09-28T15:11:33.522+0000] {processor.py:157} INFO - Started process (PID=53736) to work on /home/airflow/.local/lib/python3.8/site-packages/airflow/example_dags/example_branch_labels.py
[2023-09-28T15:11:33.522+0000] {processor.py:829} INFO - Processing file /home/airflow/.local/lib/python3.8/site-packages/airflow/example_dags/example_branch_labels.py for tasks to queue
[2023-09-28T15:11:33.523+0000] {logging_mixin.py:151} INFO - [2023-09-28T15:11:33.523+0000] {dagbag.py:539} INFO - Filling up the DagBag from /home/airflow/.local/lib/python3.8/site-packages/airflow/example_dags/example_branch_labels.py
[2023-09-28T15:11:33.528+0000] {processor.py:839} INFO - DAG(s) dict_keys(['example_branch_labels']) retrieved from /home/airflow/.local/lib/python3.8/site-packages/airflow/example_dags/example_branch_labels.py
[2023-09-28T15:11:33.539+0000] {logging_mixin.py:151} INFO - [2023-09-28T15:11:33.538+0000] {dag.py:2907} INFO - Sync 1 DAGs
[2023-09-28T15:11:33.549+0000] {logging_mixin.py:151} INFO - [2023-09-28T15:11:33.549+0000] {dag.py:3677} INFO - Setting next_dagrun for example_branch_labels to 2023-09-27T00:00:00+00:00, run_after=2023-09-28T00:00:00+00:00
[2023-09-28T15:11:33.557+0000] {processor.py:179} INFO - Processing /home/airflow/.local/lib/python3.8/site-packages/airflow/example_dags/example_branch_labels.py took 0.037 seconds
[2023-09-28T16:36:01.093+0000] {processor.py:157} INFO - Started process (PID=53785) to work on /home/airflow/.local/lib/python3.8/site-packages/airflow/example_dags/example_branch_labels.py
[2023-09-28T16:36:01.093+0000] {processor.py:829} INFO - Processing file /home/airflow/.local/lib/python3.8/site-packages/airflow/example_dags/example_branch_labels.py for tasks to queue
[2023-09-28T16:36:01.094+0000] {logging_mixin.py:151} INFO - [2023-09-28T16:36:01.094+0000] {dagbag.py:539} INFO - Filling up the DagBag from /home/airflow/.local/lib/python3.8/site-packages/airflow/example_dags/example_branch_labels.py
[2023-09-28T16:36:01.099+0000] {processor.py:839} INFO - DAG(s) dict_keys(['example_branch_labels']) retrieved from /home/airflow/.local/lib/python3.8/site-packages/airflow/example_dags/example_branch_labels.py
[2023-09-28T16:36:01.110+0000] {logging_mixin.py:151} INFO - [2023-09-28T16:36:01.110+0000] {dag.py:2907} INFO - Sync 1 DAGs
[2023-09-28T16:36:01.121+0000] {logging_mixin.py:151} INFO - [2023-09-28T16:36:01.121+0000] {dag.py:3677} INFO - Setting next_dagrun for example_branch_labels to 2023-09-27T00:00:00+00:00, run_after=2023-09-28T00:00:00+00:00
[2023-09-28T16:36:01.128+0000] {processor.py:179} INFO - Processing /home/airflow/.local/lib/python3.8/site-packages/airflow/example_dags/example_branch_labels.py took 0.037 seconds
[2023-09-28T17:56:10.380+0000] {processor.py:157} INFO - Started process (PID=53834) to work on /home/airflow/.local/lib/python3.8/site-packages/airflow/example_dags/example_branch_labels.py
[2023-09-28T17:56:10.381+0000] {processor.py:829} INFO - Processing file /home/airflow/.local/lib/python3.8/site-packages/airflow/example_dags/example_branch_labels.py for tasks to queue
[2023-09-28T17:56:10.382+0000] {logging_mixin.py:151} INFO - [2023-09-28T17:56:10.382+0000] {dagbag.py:539} INFO - Filling up the DagBag from /home/airflow/.local/lib/python3.8/site-packages/airflow/example_dags/example_branch_labels.py
[2023-09-28T17:56:10.386+0000] {processor.py:839} INFO - DAG(s) dict_keys(['example_branch_labels']) retrieved from /home/airflow/.local/lib/python3.8/site-packages/airflow/example_dags/example_branch_labels.py
[2023-09-28T17:56:10.396+0000] {logging_mixin.py:151} INFO - [2023-09-28T17:56:10.396+0000] {dag.py:2907} INFO - Sync 1 DAGs
[2023-09-28T17:56:10.406+0000] {logging_mixin.py:151} INFO - [2023-09-28T17:56:10.406+0000] {dag.py:3677} INFO - Setting next_dagrun for example_branch_labels to 2023-09-27T00:00:00+00:00, run_after=2023-09-28T00:00:00+00:00
[2023-09-28T17:56:10.413+0000] {processor.py:179} INFO - Processing /home/airflow/.local/lib/python3.8/site-packages/airflow/example_dags/example_branch_labels.py took 0.034 seconds
[2023-09-28T19:17:46.605+0000] {processor.py:157} INFO - Started process (PID=53883) to work on /home/airflow/.local/lib/python3.8/site-packages/airflow/example_dags/example_branch_labels.py
[2023-09-28T19:17:46.606+0000] {processor.py:829} INFO - Processing file /home/airflow/.local/lib/python3.8/site-packages/airflow/example_dags/example_branch_labels.py for tasks to queue
[2023-09-28T19:17:46.607+0000] {logging_mixin.py:151} INFO - [2023-09-28T19:17:46.607+0000] {dagbag.py:539} INFO - Filling up the DagBag from /home/airflow/.local/lib/python3.8/site-packages/airflow/example_dags/example_branch_labels.py
[2023-09-28T19:17:46.611+0000] {processor.py:839} INFO - DAG(s) dict_keys(['example_branch_labels']) retrieved from /home/airflow/.local/lib/python3.8/site-packages/airflow/example_dags/example_branch_labels.py
[2023-09-28T19:17:46.622+0000] {logging_mixin.py:151} INFO - [2023-09-28T19:17:46.622+0000] {dag.py:2907} INFO - Sync 1 DAGs
[2023-09-28T19:17:46.632+0000] {logging_mixin.py:151} INFO - [2023-09-28T19:17:46.632+0000] {dag.py:3677} INFO - Setting next_dagrun for example_branch_labels to 2023-09-27T00:00:00+00:00, run_after=2023-09-28T00:00:00+00:00
[2023-09-28T19:17:46.638+0000] {processor.py:179} INFO - Processing /home/airflow/.local/lib/python3.8/site-packages/airflow/example_dags/example_branch_labels.py took 0.034 seconds
[2023-09-28T20:41:31.699+0000] {processor.py:157} INFO - Started process (PID=53932) to work on /home/airflow/.local/lib/python3.8/site-packages/airflow/example_dags/example_branch_labels.py
[2023-09-28T20:41:31.706+0000] {processor.py:829} INFO - Processing file /home/airflow/.local/lib/python3.8/site-packages/airflow/example_dags/example_branch_labels.py for tasks to queue
[2023-09-28T20:41:31.714+0000] {logging_mixin.py:151} INFO - [2023-09-28T20:41:31.713+0000] {dagbag.py:539} INFO - Filling up the DagBag from /home/airflow/.local/lib/python3.8/site-packages/airflow/example_dags/example_branch_labels.py
[2023-09-28T20:41:31.720+0000] {processor.py:839} INFO - DAG(s) dict_keys(['example_branch_labels']) retrieved from /home/airflow/.local/lib/python3.8/site-packages/airflow/example_dags/example_branch_labels.py
[2023-09-28T20:41:31.759+0000] {logging_mixin.py:151} INFO - [2023-09-28T20:41:31.759+0000] {dag.py:2907} INFO - Sync 1 DAGs
[2023-09-28T20:41:31.783+0000] {logging_mixin.py:151} INFO - [2023-09-28T20:41:31.783+0000] {dag.py:3677} INFO - Setting next_dagrun for example_branch_labels to 2023-09-27T00:00:00+00:00, run_after=2023-09-28T00:00:00+00:00
[2023-09-28T20:41:31.814+0000] {processor.py:179} INFO - Processing /home/airflow/.local/lib/python3.8/site-packages/airflow/example_dags/example_branch_labels.py took 0.123 seconds
[2023-09-28T22:06:01.501+0000] {processor.py:157} INFO - Started process (PID=53981) to work on /home/airflow/.local/lib/python3.8/site-packages/airflow/example_dags/example_branch_labels.py
[2023-09-28T22:06:01.502+0000] {processor.py:829} INFO - Processing file /home/airflow/.local/lib/python3.8/site-packages/airflow/example_dags/example_branch_labels.py for tasks to queue
[2023-09-28T22:06:01.503+0000] {logging_mixin.py:151} INFO - [2023-09-28T22:06:01.503+0000] {dagbag.py:539} INFO - Filling up the DagBag from /home/airflow/.local/lib/python3.8/site-packages/airflow/example_dags/example_branch_labels.py
[2023-09-28T22:06:01.508+0000] {processor.py:839} INFO - DAG(s) dict_keys(['example_branch_labels']) retrieved from /home/airflow/.local/lib/python3.8/site-packages/airflow/example_dags/example_branch_labels.py
[2023-09-28T22:06:01.519+0000] {logging_mixin.py:151} INFO - [2023-09-28T22:06:01.519+0000] {dag.py:2907} INFO - Sync 1 DAGs
[2023-09-28T22:06:01.529+0000] {logging_mixin.py:151} INFO - [2023-09-28T22:06:01.529+0000] {dag.py:3677} INFO - Setting next_dagrun for example_branch_labels to 2023-09-27T00:00:00+00:00, run_after=2023-09-28T00:00:00+00:00
[2023-09-28T22:06:01.536+0000] {processor.py:179} INFO - Processing /home/airflow/.local/lib/python3.8/site-packages/airflow/example_dags/example_branch_labels.py took 0.037 seconds
[2023-09-28T23:26:44.966+0000] {processor.py:157} INFO - Started process (PID=54030) to work on /home/airflow/.local/lib/python3.8/site-packages/airflow/example_dags/example_branch_labels.py
[2023-09-28T23:26:44.967+0000] {processor.py:829} INFO - Processing file /home/airflow/.local/lib/python3.8/site-packages/airflow/example_dags/example_branch_labels.py for tasks to queue
[2023-09-28T23:26:44.968+0000] {logging_mixin.py:151} INFO - [2023-09-28T23:26:44.968+0000] {dagbag.py:539} INFO - Filling up the DagBag from /home/airflow/.local/lib/python3.8/site-packages/airflow/example_dags/example_branch_labels.py
[2023-09-28T23:26:44.973+0000] {processor.py:839} INFO - DAG(s) dict_keys(['example_branch_labels']) retrieved from /home/airflow/.local/lib/python3.8/site-packages/airflow/example_dags/example_branch_labels.py
[2023-09-28T23:26:44.984+0000] {logging_mixin.py:151} INFO - [2023-09-28T23:26:44.984+0000] {dag.py:2907} INFO - Sync 1 DAGs
[2023-09-28T23:26:44.994+0000] {logging_mixin.py:151} INFO - [2023-09-28T23:26:44.994+0000] {dag.py:3677} INFO - Setting next_dagrun for example_branch_labels to 2023-09-27T00:00:00+00:00, run_after=2023-09-28T00:00:00+00:00
[2023-09-28T23:26:45.001+0000] {processor.py:179} INFO - Processing /home/airflow/.local/lib/python3.8/site-packages/airflow/example_dags/example_branch_labels.py took 0.037 seconds
