[2023-09-22T01:06:20.894+0000] {processor.py:157} INFO - Started process (PID=13820) to work on /home/airflow/.local/lib/python3.8/site-packages/airflow/example_dags/example_trigger_controller_dag.py
[2023-09-22T01:06:20.907+0000] {processor.py:829} INFO - Processing file /home/airflow/.local/lib/python3.8/site-packages/airflow/example_dags/example_trigger_controller_dag.py for tasks to queue
[2023-09-22T01:06:20.914+0000] {logging_mixin.py:151} INFO - [2023-09-22T01:06:20.913+0000] {dagbag.py:539} INFO - Filling up the DagBag from /home/airflow/.local/lib/python3.8/site-packages/airflow/example_dags/example_trigger_controller_dag.py
[2023-09-22T01:06:20.925+0000] {processor.py:839} INFO - DAG(s) dict_keys(['example_trigger_controller_dag']) retrieved from /home/airflow/.local/lib/python3.8/site-packages/airflow/example_dags/example_trigger_controller_dag.py
[2023-09-22T01:06:21.205+0000] {logging_mixin.py:151} INFO - [2023-09-22T01:06:21.205+0000] {dag.py:2907} INFO - Sync 1 DAGs
[2023-09-22T01:06:21.251+0000] {logging_mixin.py:151} INFO - [2023-09-22T01:06:21.251+0000] {dag.py:3677} INFO - Setting next_dagrun for example_trigger_controller_dag to 2021-01-01T00:00:00+00:00, run_after=2021-01-01T00:00:00+00:00
[2023-09-22T01:06:21.276+0000] {processor.py:179} INFO - Processing /home/airflow/.local/lib/python3.8/site-packages/airflow/example_dags/example_trigger_controller_dag.py took 0.391 seconds
[2023-09-22T01:26:58.580+0000] {processor.py:157} INFO - Started process (PID=13867) to work on /home/airflow/.local/lib/python3.8/site-packages/airflow/example_dags/example_trigger_controller_dag.py
[2023-09-22T01:26:58.580+0000] {processor.py:829} INFO - Processing file /home/airflow/.local/lib/python3.8/site-packages/airflow/example_dags/example_trigger_controller_dag.py for tasks to queue
[2023-09-22T01:26:58.582+0000] {logging_mixin.py:151} INFO - [2023-09-22T01:26:58.581+0000] {dagbag.py:539} INFO - Filling up the DagBag from /home/airflow/.local/lib/python3.8/site-packages/airflow/example_dags/example_trigger_controller_dag.py
[2023-09-22T01:26:58.585+0000] {processor.py:839} INFO - DAG(s) dict_keys(['example_trigger_controller_dag']) retrieved from /home/airflow/.local/lib/python3.8/site-packages/airflow/example_dags/example_trigger_controller_dag.py
[2023-09-22T01:26:58.595+0000] {logging_mixin.py:151} INFO - [2023-09-22T01:26:58.595+0000] {dag.py:2907} INFO - Sync 1 DAGs
[2023-09-22T01:26:58.605+0000] {logging_mixin.py:151} INFO - [2023-09-22T01:26:58.605+0000] {dag.py:3677} INFO - Setting next_dagrun for example_trigger_controller_dag to 2021-01-01T00:00:00+00:00, run_after=2021-01-01T00:00:00+00:00
[2023-09-22T01:26:58.612+0000] {processor.py:179} INFO - Processing /home/airflow/.local/lib/python3.8/site-packages/airflow/example_dags/example_trigger_controller_dag.py took 0.034 seconds
[2023-09-22T01:35:28.159+0000] {processor.py:157} INFO - Started process (PID=13914) to work on /home/airflow/.local/lib/python3.8/site-packages/airflow/example_dags/example_trigger_controller_dag.py
[2023-09-22T01:35:28.159+0000] {processor.py:829} INFO - Processing file /home/airflow/.local/lib/python3.8/site-packages/airflow/example_dags/example_trigger_controller_dag.py for tasks to queue
[2023-09-22T01:35:28.160+0000] {logging_mixin.py:151} INFO - [2023-09-22T01:35:28.160+0000] {dagbag.py:539} INFO - Filling up the DagBag from /home/airflow/.local/lib/python3.8/site-packages/airflow/example_dags/example_trigger_controller_dag.py
[2023-09-22T01:35:28.163+0000] {processor.py:839} INFO - DAG(s) dict_keys(['example_trigger_controller_dag']) retrieved from /home/airflow/.local/lib/python3.8/site-packages/airflow/example_dags/example_trigger_controller_dag.py
[2023-09-22T01:35:28.174+0000] {logging_mixin.py:151} INFO - [2023-09-22T01:35:28.174+0000] {dag.py:2907} INFO - Sync 1 DAGs
[2023-09-22T01:35:28.184+0000] {logging_mixin.py:151} INFO - [2023-09-22T01:35:28.184+0000] {dag.py:3677} INFO - Setting next_dagrun for example_trigger_controller_dag to 2021-01-01T00:00:00+00:00, run_after=2021-01-01T00:00:00+00:00
[2023-09-22T01:35:28.191+0000] {processor.py:179} INFO - Processing /home/airflow/.local/lib/python3.8/site-packages/airflow/example_dags/example_trigger_controller_dag.py took 0.034 seconds
[2023-09-22T02:41:15.982+0000] {processor.py:157} INFO - Started process (PID=13961) to work on /home/airflow/.local/lib/python3.8/site-packages/airflow/example_dags/example_trigger_controller_dag.py
[2023-09-22T02:41:15.986+0000] {processor.py:829} INFO - Processing file /home/airflow/.local/lib/python3.8/site-packages/airflow/example_dags/example_trigger_controller_dag.py for tasks to queue
[2023-09-22T02:41:15.988+0000] {logging_mixin.py:151} INFO - [2023-09-22T02:41:15.988+0000] {dagbag.py:539} INFO - Filling up the DagBag from /home/airflow/.local/lib/python3.8/site-packages/airflow/example_dags/example_trigger_controller_dag.py
[2023-09-22T02:41:15.993+0000] {processor.py:839} INFO - DAG(s) dict_keys(['example_trigger_controller_dag']) retrieved from /home/airflow/.local/lib/python3.8/site-packages/airflow/example_dags/example_trigger_controller_dag.py
[2023-09-22T02:41:16.022+0000] {logging_mixin.py:151} INFO - [2023-09-22T02:41:16.022+0000] {dag.py:2907} INFO - Sync 1 DAGs
[2023-09-22T02:41:16.045+0000] {logging_mixin.py:151} INFO - [2023-09-22T02:41:16.045+0000] {dag.py:3677} INFO - Setting next_dagrun for example_trigger_controller_dag to 2021-01-01T00:00:00+00:00, run_after=2021-01-01T00:00:00+00:00
[2023-09-22T02:41:16.063+0000] {processor.py:179} INFO - Processing /home/airflow/.local/lib/python3.8/site-packages/airflow/example_dags/example_trigger_controller_dag.py took 0.085 seconds
[2023-09-22T04:02:54.702+0000] {processor.py:157} INFO - Started process (PID=14008) to work on /home/airflow/.local/lib/python3.8/site-packages/airflow/example_dags/example_trigger_controller_dag.py
[2023-09-22T04:02:54.703+0000] {processor.py:829} INFO - Processing file /home/airflow/.local/lib/python3.8/site-packages/airflow/example_dags/example_trigger_controller_dag.py for tasks to queue
[2023-09-22T04:02:54.704+0000] {logging_mixin.py:151} INFO - [2023-09-22T04:02:54.704+0000] {dagbag.py:539} INFO - Filling up the DagBag from /home/airflow/.local/lib/python3.8/site-packages/airflow/example_dags/example_trigger_controller_dag.py
[2023-09-22T04:02:54.706+0000] {processor.py:839} INFO - DAG(s) dict_keys(['example_trigger_controller_dag']) retrieved from /home/airflow/.local/lib/python3.8/site-packages/airflow/example_dags/example_trigger_controller_dag.py
[2023-09-22T04:02:54.718+0000] {logging_mixin.py:151} INFO - [2023-09-22T04:02:54.718+0000] {dag.py:2907} INFO - Sync 1 DAGs
[2023-09-22T04:02:54.731+0000] {logging_mixin.py:151} INFO - [2023-09-22T04:02:54.731+0000] {dag.py:3677} INFO - Setting next_dagrun for example_trigger_controller_dag to 2021-01-01T00:00:00+00:00, run_after=2021-01-01T00:00:00+00:00
[2023-09-22T04:02:54.738+0000] {processor.py:179} INFO - Processing /home/airflow/.local/lib/python3.8/site-packages/airflow/example_dags/example_trigger_controller_dag.py took 0.038 seconds
[2023-09-22T05:38:43.138+0000] {processor.py:157} INFO - Started process (PID=14055) to work on /home/airflow/.local/lib/python3.8/site-packages/airflow/example_dags/example_trigger_controller_dag.py
[2023-09-22T05:38:43.143+0000] {processor.py:829} INFO - Processing file /home/airflow/.local/lib/python3.8/site-packages/airflow/example_dags/example_trigger_controller_dag.py for tasks to queue
[2023-09-22T05:38:43.149+0000] {logging_mixin.py:151} INFO - [2023-09-22T05:38:43.149+0000] {dagbag.py:539} INFO - Filling up the DagBag from /home/airflow/.local/lib/python3.8/site-packages/airflow/example_dags/example_trigger_controller_dag.py
[2023-09-22T05:38:43.154+0000] {processor.py:839} INFO - DAG(s) dict_keys(['example_trigger_controller_dag']) retrieved from /home/airflow/.local/lib/python3.8/site-packages/airflow/example_dags/example_trigger_controller_dag.py
[2023-09-22T05:38:43.187+0000] {logging_mixin.py:151} INFO - [2023-09-22T05:38:43.187+0000] {dag.py:2907} INFO - Sync 1 DAGs
[2023-09-22T05:38:43.205+0000] {logging_mixin.py:151} INFO - [2023-09-22T05:38:43.205+0000] {dag.py:3677} INFO - Setting next_dagrun for example_trigger_controller_dag to 2021-01-01T00:00:00+00:00, run_after=2021-01-01T00:00:00+00:00
[2023-09-22T05:38:43.220+0000] {processor.py:179} INFO - Processing /home/airflow/.local/lib/python3.8/site-packages/airflow/example_dags/example_trigger_controller_dag.py took 0.086 seconds
[2023-09-22T07:01:38.236+0000] {processor.py:157} INFO - Started process (PID=14102) to work on /home/airflow/.local/lib/python3.8/site-packages/airflow/example_dags/example_trigger_controller_dag.py
[2023-09-22T07:01:38.237+0000] {processor.py:829} INFO - Processing file /home/airflow/.local/lib/python3.8/site-packages/airflow/example_dags/example_trigger_controller_dag.py for tasks to queue
[2023-09-22T07:01:38.238+0000] {logging_mixin.py:151} INFO - [2023-09-22T07:01:38.238+0000] {dagbag.py:539} INFO - Filling up the DagBag from /home/airflow/.local/lib/python3.8/site-packages/airflow/example_dags/example_trigger_controller_dag.py
[2023-09-22T07:01:38.241+0000] {processor.py:839} INFO - DAG(s) dict_keys(['example_trigger_controller_dag']) retrieved from /home/airflow/.local/lib/python3.8/site-packages/airflow/example_dags/example_trigger_controller_dag.py
[2023-09-22T07:01:38.250+0000] {logging_mixin.py:151} INFO - [2023-09-22T07:01:38.250+0000] {dag.py:2907} INFO - Sync 1 DAGs
[2023-09-22T07:01:38.259+0000] {logging_mixin.py:151} INFO - [2023-09-22T07:01:38.259+0000] {dag.py:3677} INFO - Setting next_dagrun for example_trigger_controller_dag to 2021-01-01T00:00:00+00:00, run_after=2021-01-01T00:00:00+00:00
[2023-09-22T07:01:38.267+0000] {processor.py:179} INFO - Processing /home/airflow/.local/lib/python3.8/site-packages/airflow/example_dags/example_trigger_controller_dag.py took 0.033 seconds
[2023-09-22T08:27:03.407+0000] {processor.py:157} INFO - Started process (PID=14149) to work on /home/airflow/.local/lib/python3.8/site-packages/airflow/example_dags/example_trigger_controller_dag.py
[2023-09-22T08:27:03.407+0000] {processor.py:829} INFO - Processing file /home/airflow/.local/lib/python3.8/site-packages/airflow/example_dags/example_trigger_controller_dag.py for tasks to queue
[2023-09-22T08:27:03.409+0000] {logging_mixin.py:151} INFO - [2023-09-22T08:27:03.408+0000] {dagbag.py:539} INFO - Filling up the DagBag from /home/airflow/.local/lib/python3.8/site-packages/airflow/example_dags/example_trigger_controller_dag.py
[2023-09-22T08:27:03.411+0000] {processor.py:839} INFO - DAG(s) dict_keys(['example_trigger_controller_dag']) retrieved from /home/airflow/.local/lib/python3.8/site-packages/airflow/example_dags/example_trigger_controller_dag.py
[2023-09-22T08:27:03.421+0000] {logging_mixin.py:151} INFO - [2023-09-22T08:27:03.421+0000] {dag.py:2907} INFO - Sync 1 DAGs
[2023-09-22T08:27:03.431+0000] {logging_mixin.py:151} INFO - [2023-09-22T08:27:03.431+0000] {dag.py:3677} INFO - Setting next_dagrun for example_trigger_controller_dag to 2021-01-01T00:00:00+00:00, run_after=2021-01-01T00:00:00+00:00
[2023-09-22T08:27:03.439+0000] {processor.py:179} INFO - Processing /home/airflow/.local/lib/python3.8/site-packages/airflow/example_dags/example_trigger_controller_dag.py took 0.034 seconds
[2023-09-22T09:32:30.227+0000] {processor.py:157} INFO - Started process (PID=14196) to work on /home/airflow/.local/lib/python3.8/site-packages/airflow/example_dags/example_trigger_controller_dag.py
[2023-09-22T09:32:30.227+0000] {processor.py:829} INFO - Processing file /home/airflow/.local/lib/python3.8/site-packages/airflow/example_dags/example_trigger_controller_dag.py for tasks to queue
[2023-09-22T09:32:30.229+0000] {logging_mixin.py:151} INFO - [2023-09-22T09:32:30.228+0000] {dagbag.py:539} INFO - Filling up the DagBag from /home/airflow/.local/lib/python3.8/site-packages/airflow/example_dags/example_trigger_controller_dag.py
[2023-09-22T09:32:30.231+0000] {processor.py:839} INFO - DAG(s) dict_keys(['example_trigger_controller_dag']) retrieved from /home/airflow/.local/lib/python3.8/site-packages/airflow/example_dags/example_trigger_controller_dag.py
[2023-09-22T09:32:30.241+0000] {logging_mixin.py:151} INFO - [2023-09-22T09:32:30.241+0000] {dag.py:2907} INFO - Sync 1 DAGs
[2023-09-22T09:32:30.251+0000] {logging_mixin.py:151} INFO - [2023-09-22T09:32:30.251+0000] {dag.py:3677} INFO - Setting next_dagrun for example_trigger_controller_dag to 2021-01-01T00:00:00+00:00, run_after=2021-01-01T00:00:00+00:00
[2023-09-22T09:32:30.258+0000] {processor.py:179} INFO - Processing /home/airflow/.local/lib/python3.8/site-packages/airflow/example_dags/example_trigger_controller_dag.py took 0.033 seconds
[2023-09-22T09:50:52.213+0000] {processor.py:157} INFO - Started process (PID=14243) to work on /home/airflow/.local/lib/python3.8/site-packages/airflow/example_dags/example_trigger_controller_dag.py
[2023-09-22T09:50:52.214+0000] {processor.py:829} INFO - Processing file /home/airflow/.local/lib/python3.8/site-packages/airflow/example_dags/example_trigger_controller_dag.py for tasks to queue
[2023-09-22T09:50:52.215+0000] {logging_mixin.py:151} INFO - [2023-09-22T09:50:52.215+0000] {dagbag.py:539} INFO - Filling up the DagBag from /home/airflow/.local/lib/python3.8/site-packages/airflow/example_dags/example_trigger_controller_dag.py
[2023-09-22T09:50:52.219+0000] {processor.py:839} INFO - DAG(s) dict_keys(['example_trigger_controller_dag']) retrieved from /home/airflow/.local/lib/python3.8/site-packages/airflow/example_dags/example_trigger_controller_dag.py
[2023-09-22T09:50:52.233+0000] {logging_mixin.py:151} INFO - [2023-09-22T09:50:52.233+0000] {dag.py:2907} INFO - Sync 1 DAGs
[2023-09-22T09:50:52.243+0000] {logging_mixin.py:151} INFO - [2023-09-22T09:50:52.243+0000] {dag.py:3677} INFO - Setting next_dagrun for example_trigger_controller_dag to 2021-01-01T00:00:00+00:00, run_after=2021-01-01T00:00:00+00:00
[2023-09-22T09:50:52.250+0000] {processor.py:179} INFO - Processing /home/airflow/.local/lib/python3.8/site-packages/airflow/example_dags/example_trigger_controller_dag.py took 0.042 seconds
[2023-09-22T10:29:16.835+0000] {processor.py:157} INFO - Started process (PID=14290) to work on /home/airflow/.local/lib/python3.8/site-packages/airflow/example_dags/example_trigger_controller_dag.py
[2023-09-22T10:29:16.836+0000] {processor.py:829} INFO - Processing file /home/airflow/.local/lib/python3.8/site-packages/airflow/example_dags/example_trigger_controller_dag.py for tasks to queue
[2023-09-22T10:29:16.837+0000] {logging_mixin.py:151} INFO - [2023-09-22T10:29:16.837+0000] {dagbag.py:539} INFO - Filling up the DagBag from /home/airflow/.local/lib/python3.8/site-packages/airflow/example_dags/example_trigger_controller_dag.py
[2023-09-22T10:29:16.840+0000] {processor.py:839} INFO - DAG(s) dict_keys(['example_trigger_controller_dag']) retrieved from /home/airflow/.local/lib/python3.8/site-packages/airflow/example_dags/example_trigger_controller_dag.py
[2023-09-22T10:29:16.852+0000] {logging_mixin.py:151} INFO - [2023-09-22T10:29:16.852+0000] {dag.py:2907} INFO - Sync 1 DAGs
[2023-09-22T10:29:16.862+0000] {logging_mixin.py:151} INFO - [2023-09-22T10:29:16.862+0000] {dag.py:3677} INFO - Setting next_dagrun for example_trigger_controller_dag to 2021-01-01T00:00:00+00:00, run_after=2021-01-01T00:00:00+00:00
[2023-09-22T10:29:16.869+0000] {processor.py:179} INFO - Processing /home/airflow/.local/lib/python3.8/site-packages/airflow/example_dags/example_trigger_controller_dag.py took 0.036 seconds
[2023-09-22T11:35:44.707+0000] {processor.py:157} INFO - Started process (PID=14337) to work on /home/airflow/.local/lib/python3.8/site-packages/airflow/example_dags/example_trigger_controller_dag.py
[2023-09-22T11:35:44.708+0000] {processor.py:829} INFO - Processing file /home/airflow/.local/lib/python3.8/site-packages/airflow/example_dags/example_trigger_controller_dag.py for tasks to queue
[2023-09-22T11:35:44.709+0000] {logging_mixin.py:151} INFO - [2023-09-22T11:35:44.709+0000] {dagbag.py:539} INFO - Filling up the DagBag from /home/airflow/.local/lib/python3.8/site-packages/airflow/example_dags/example_trigger_controller_dag.py
[2023-09-22T11:35:44.712+0000] {processor.py:839} INFO - DAG(s) dict_keys(['example_trigger_controller_dag']) retrieved from /home/airflow/.local/lib/python3.8/site-packages/airflow/example_dags/example_trigger_controller_dag.py
[2023-09-22T11:35:44.724+0000] {logging_mixin.py:151} INFO - [2023-09-22T11:35:44.724+0000] {dag.py:2907} INFO - Sync 1 DAGs
[2023-09-22T11:35:44.734+0000] {logging_mixin.py:151} INFO - [2023-09-22T11:35:44.734+0000] {dag.py:3677} INFO - Setting next_dagrun for example_trigger_controller_dag to 2021-01-01T00:00:00+00:00, run_after=2021-01-01T00:00:00+00:00
[2023-09-22T11:35:44.741+0000] {processor.py:179} INFO - Processing /home/airflow/.local/lib/python3.8/site-packages/airflow/example_dags/example_trigger_controller_dag.py took 0.036 seconds
[2023-09-22T12:57:17.249+0000] {processor.py:157} INFO - Started process (PID=14384) to work on /home/airflow/.local/lib/python3.8/site-packages/airflow/example_dags/example_trigger_controller_dag.py
[2023-09-22T12:57:17.249+0000] {processor.py:829} INFO - Processing file /home/airflow/.local/lib/python3.8/site-packages/airflow/example_dags/example_trigger_controller_dag.py for tasks to queue
[2023-09-22T12:57:17.250+0000] {logging_mixin.py:151} INFO - [2023-09-22T12:57:17.250+0000] {dagbag.py:539} INFO - Filling up the DagBag from /home/airflow/.local/lib/python3.8/site-packages/airflow/example_dags/example_trigger_controller_dag.py
[2023-09-22T12:57:17.253+0000] {processor.py:839} INFO - DAG(s) dict_keys(['example_trigger_controller_dag']) retrieved from /home/airflow/.local/lib/python3.8/site-packages/airflow/example_dags/example_trigger_controller_dag.py
[2023-09-22T12:57:17.263+0000] {logging_mixin.py:151} INFO - [2023-09-22T12:57:17.263+0000] {dag.py:2907} INFO - Sync 1 DAGs
[2023-09-22T12:57:17.273+0000] {logging_mixin.py:151} INFO - [2023-09-22T12:57:17.273+0000] {dag.py:3677} INFO - Setting next_dagrun for example_trigger_controller_dag to 2021-01-01T00:00:00+00:00, run_after=2021-01-01T00:00:00+00:00
[2023-09-22T12:57:17.279+0000] {processor.py:179} INFO - Processing /home/airflow/.local/lib/python3.8/site-packages/airflow/example_dags/example_trigger_controller_dag.py took 0.033 seconds
[2023-09-22T14:36:57.290+0000] {processor.py:157} INFO - Started process (PID=14431) to work on /home/airflow/.local/lib/python3.8/site-packages/airflow/example_dags/example_trigger_controller_dag.py
[2023-09-22T14:36:57.291+0000] {processor.py:829} INFO - Processing file /home/airflow/.local/lib/python3.8/site-packages/airflow/example_dags/example_trigger_controller_dag.py for tasks to queue
[2023-09-22T14:36:57.292+0000] {logging_mixin.py:151} INFO - [2023-09-22T14:36:57.292+0000] {dagbag.py:539} INFO - Filling up the DagBag from /home/airflow/.local/lib/python3.8/site-packages/airflow/example_dags/example_trigger_controller_dag.py
[2023-09-22T14:36:57.295+0000] {processor.py:839} INFO - DAG(s) dict_keys(['example_trigger_controller_dag']) retrieved from /home/airflow/.local/lib/python3.8/site-packages/airflow/example_dags/example_trigger_controller_dag.py
[2023-09-22T14:36:57.305+0000] {logging_mixin.py:151} INFO - [2023-09-22T14:36:57.305+0000] {dag.py:2907} INFO - Sync 1 DAGs
[2023-09-22T14:36:57.314+0000] {logging_mixin.py:151} INFO - [2023-09-22T14:36:57.314+0000] {dag.py:3677} INFO - Setting next_dagrun for example_trigger_controller_dag to 2021-01-01T00:00:00+00:00, run_after=2021-01-01T00:00:00+00:00
[2023-09-22T14:36:57.322+0000] {processor.py:179} INFO - Processing /home/airflow/.local/lib/python3.8/site-packages/airflow/example_dags/example_trigger_controller_dag.py took 0.034 seconds
[2023-09-22T16:18:35.931+0000] {processor.py:157} INFO - Started process (PID=14478) to work on /home/airflow/.local/lib/python3.8/site-packages/airflow/example_dags/example_trigger_controller_dag.py
[2023-09-22T16:18:35.932+0000] {processor.py:829} INFO - Processing file /home/airflow/.local/lib/python3.8/site-packages/airflow/example_dags/example_trigger_controller_dag.py for tasks to queue
[2023-09-22T16:18:35.933+0000] {logging_mixin.py:151} INFO - [2023-09-22T16:18:35.933+0000] {dagbag.py:539} INFO - Filling up the DagBag from /home/airflow/.local/lib/python3.8/site-packages/airflow/example_dags/example_trigger_controller_dag.py
[2023-09-22T16:18:35.936+0000] {processor.py:839} INFO - DAG(s) dict_keys(['example_trigger_controller_dag']) retrieved from /home/airflow/.local/lib/python3.8/site-packages/airflow/example_dags/example_trigger_controller_dag.py
[2023-09-22T16:18:35.947+0000] {logging_mixin.py:151} INFO - [2023-09-22T16:18:35.947+0000] {dag.py:2907} INFO - Sync 1 DAGs
[2023-09-22T16:18:35.957+0000] {logging_mixin.py:151} INFO - [2023-09-22T16:18:35.957+0000] {dag.py:3677} INFO - Setting next_dagrun for example_trigger_controller_dag to 2021-01-01T00:00:00+00:00, run_after=2021-01-01T00:00:00+00:00
[2023-09-22T16:18:35.964+0000] {processor.py:179} INFO - Processing /home/airflow/.local/lib/python3.8/site-packages/airflow/example_dags/example_trigger_controller_dag.py took 0.036 seconds
[2023-09-22T17:42:59.071+0000] {processor.py:157} INFO - Started process (PID=14525) to work on /home/airflow/.local/lib/python3.8/site-packages/airflow/example_dags/example_trigger_controller_dag.py
[2023-09-22T17:42:59.071+0000] {processor.py:829} INFO - Processing file /home/airflow/.local/lib/python3.8/site-packages/airflow/example_dags/example_trigger_controller_dag.py for tasks to queue
[2023-09-22T17:42:59.073+0000] {logging_mixin.py:151} INFO - [2023-09-22T17:42:59.072+0000] {dagbag.py:539} INFO - Filling up the DagBag from /home/airflow/.local/lib/python3.8/site-packages/airflow/example_dags/example_trigger_controller_dag.py
[2023-09-22T17:42:59.076+0000] {processor.py:839} INFO - DAG(s) dict_keys(['example_trigger_controller_dag']) retrieved from /home/airflow/.local/lib/python3.8/site-packages/airflow/example_dags/example_trigger_controller_dag.py
[2023-09-22T17:42:59.089+0000] {logging_mixin.py:151} INFO - [2023-09-22T17:42:59.088+0000] {dag.py:2907} INFO - Sync 1 DAGs
[2023-09-22T17:42:59.098+0000] {logging_mixin.py:151} INFO - [2023-09-22T17:42:59.098+0000] {dag.py:3677} INFO - Setting next_dagrun for example_trigger_controller_dag to 2021-01-01T00:00:00+00:00, run_after=2021-01-01T00:00:00+00:00
[2023-09-22T17:42:59.105+0000] {processor.py:179} INFO - Processing /home/airflow/.local/lib/python3.8/site-packages/airflow/example_dags/example_trigger_controller_dag.py took 0.037 seconds
[2023-09-22T19:24:05.157+0000] {processor.py:157} INFO - Started process (PID=14572) to work on /home/airflow/.local/lib/python3.8/site-packages/airflow/example_dags/example_trigger_controller_dag.py
[2023-09-22T19:24:05.157+0000] {processor.py:829} INFO - Processing file /home/airflow/.local/lib/python3.8/site-packages/airflow/example_dags/example_trigger_controller_dag.py for tasks to queue
[2023-09-22T19:24:05.158+0000] {logging_mixin.py:151} INFO - [2023-09-22T19:24:05.158+0000] {dagbag.py:539} INFO - Filling up the DagBag from /home/airflow/.local/lib/python3.8/site-packages/airflow/example_dags/example_trigger_controller_dag.py
[2023-09-22T19:24:05.161+0000] {processor.py:839} INFO - DAG(s) dict_keys(['example_trigger_controller_dag']) retrieved from /home/airflow/.local/lib/python3.8/site-packages/airflow/example_dags/example_trigger_controller_dag.py
[2023-09-22T19:24:05.173+0000] {logging_mixin.py:151} INFO - [2023-09-22T19:24:05.173+0000] {dag.py:2907} INFO - Sync 1 DAGs
[2023-09-22T19:24:05.183+0000] {logging_mixin.py:151} INFO - [2023-09-22T19:24:05.183+0000] {dag.py:3677} INFO - Setting next_dagrun for example_trigger_controller_dag to 2021-01-01T00:00:00+00:00, run_after=2021-01-01T00:00:00+00:00
[2023-09-22T19:24:05.191+0000] {processor.py:179} INFO - Processing /home/airflow/.local/lib/python3.8/site-packages/airflow/example_dags/example_trigger_controller_dag.py took 0.036 seconds
[2023-09-22T21:00:33.523+0000] {processor.py:157} INFO - Started process (PID=14619) to work on /home/airflow/.local/lib/python3.8/site-packages/airflow/example_dags/example_trigger_controller_dag.py
[2023-09-22T21:00:33.523+0000] {processor.py:829} INFO - Processing file /home/airflow/.local/lib/python3.8/site-packages/airflow/example_dags/example_trigger_controller_dag.py for tasks to queue
[2023-09-22T21:00:33.525+0000] {logging_mixin.py:151} INFO - [2023-09-22T21:00:33.525+0000] {dagbag.py:539} INFO - Filling up the DagBag from /home/airflow/.local/lib/python3.8/site-packages/airflow/example_dags/example_trigger_controller_dag.py
[2023-09-22T21:00:33.527+0000] {processor.py:839} INFO - DAG(s) dict_keys(['example_trigger_controller_dag']) retrieved from /home/airflow/.local/lib/python3.8/site-packages/airflow/example_dags/example_trigger_controller_dag.py
[2023-09-22T21:00:33.537+0000] {logging_mixin.py:151} INFO - [2023-09-22T21:00:33.537+0000] {dag.py:2907} INFO - Sync 1 DAGs
[2023-09-22T21:00:33.546+0000] {logging_mixin.py:151} INFO - [2023-09-22T21:00:33.546+0000] {dag.py:3677} INFO - Setting next_dagrun for example_trigger_controller_dag to 2021-01-01T00:00:00+00:00, run_after=2021-01-01T00:00:00+00:00
[2023-09-22T21:00:33.553+0000] {processor.py:179} INFO - Processing /home/airflow/.local/lib/python3.8/site-packages/airflow/example_dags/example_trigger_controller_dag.py took 0.032 seconds
[2023-09-22T22:21:53.204+0000] {processor.py:157} INFO - Started process (PID=14666) to work on /home/airflow/.local/lib/python3.8/site-packages/airflow/example_dags/example_trigger_controller_dag.py
[2023-09-22T22:21:53.204+0000] {processor.py:829} INFO - Processing file /home/airflow/.local/lib/python3.8/site-packages/airflow/example_dags/example_trigger_controller_dag.py for tasks to queue
[2023-09-22T22:21:53.207+0000] {logging_mixin.py:151} INFO - [2023-09-22T22:21:53.207+0000] {dagbag.py:539} INFO - Filling up the DagBag from /home/airflow/.local/lib/python3.8/site-packages/airflow/example_dags/example_trigger_controller_dag.py
[2023-09-22T22:21:53.215+0000] {processor.py:839} INFO - DAG(s) dict_keys(['example_trigger_controller_dag']) retrieved from /home/airflow/.local/lib/python3.8/site-packages/airflow/example_dags/example_trigger_controller_dag.py
[2023-09-22T22:21:53.232+0000] {logging_mixin.py:151} INFO - [2023-09-22T22:21:53.232+0000] {dag.py:2907} INFO - Sync 1 DAGs
[2023-09-22T22:21:53.252+0000] {logging_mixin.py:151} INFO - [2023-09-22T22:21:53.252+0000] {dag.py:3677} INFO - Setting next_dagrun for example_trigger_controller_dag to 2021-01-01T00:00:00+00:00, run_after=2021-01-01T00:00:00+00:00
[2023-09-22T22:21:53.261+0000] {processor.py:179} INFO - Processing /home/airflow/.local/lib/python3.8/site-packages/airflow/example_dags/example_trigger_controller_dag.py took 0.060 seconds
[2023-09-22T23:59:51.776+0000] {processor.py:157} INFO - Started process (PID=14713) to work on /home/airflow/.local/lib/python3.8/site-packages/airflow/example_dags/example_trigger_controller_dag.py
[2023-09-22T23:59:51.777+0000] {processor.py:829} INFO - Processing file /home/airflow/.local/lib/python3.8/site-packages/airflow/example_dags/example_trigger_controller_dag.py for tasks to queue
[2023-09-22T23:59:51.778+0000] {logging_mixin.py:151} INFO - [2023-09-22T23:59:51.778+0000] {dagbag.py:539} INFO - Filling up the DagBag from /home/airflow/.local/lib/python3.8/site-packages/airflow/example_dags/example_trigger_controller_dag.py
[2023-09-22T23:59:51.781+0000] {processor.py:839} INFO - DAG(s) dict_keys(['example_trigger_controller_dag']) retrieved from /home/airflow/.local/lib/python3.8/site-packages/airflow/example_dags/example_trigger_controller_dag.py
[2023-09-22T23:59:51.793+0000] {logging_mixin.py:151} INFO - [2023-09-22T23:59:51.793+0000] {dag.py:2907} INFO - Sync 1 DAGs
[2023-09-22T23:59:51.803+0000] {logging_mixin.py:151} INFO - [2023-09-22T23:59:51.803+0000] {dag.py:3677} INFO - Setting next_dagrun for example_trigger_controller_dag to 2021-01-01T00:00:00+00:00, run_after=2021-01-01T00:00:00+00:00
[2023-09-22T23:59:51.811+0000] {processor.py:179} INFO - Processing /home/airflow/.local/lib/python3.8/site-packages/airflow/example_dags/example_trigger_controller_dag.py took 0.036 seconds
