[2023-09-22T01:06:21.989+0000] {processor.py:157} INFO - Started process (PID=13844) to work on /home/airflow/.local/lib/python3.8/site-packages/airflow/example_dags/example_dag_decorator.py
[2023-09-22T01:06:21.990+0000] {processor.py:829} INFO - Processing file /home/airflow/.local/lib/python3.8/site-packages/airflow/example_dags/example_dag_decorator.py for tasks to queue
[2023-09-22T01:06:21.991+0000] {logging_mixin.py:151} INFO - [2023-09-22T01:06:21.991+0000] {dagbag.py:539} INFO - Filling up the DagBag from /home/airflow/.local/lib/python3.8/site-packages/airflow/example_dags/example_dag_decorator.py
[2023-09-22T01:06:22.027+0000] {processor.py:839} INFO - DAG(s) dict_keys(['example_dag_decorator']) retrieved from /home/airflow/.local/lib/python3.8/site-packages/airflow/example_dags/example_dag_decorator.py
[2023-09-22T01:06:22.077+0000] {logging_mixin.py:151} INFO - [2023-09-22T01:06:22.077+0000] {dag.py:2907} INFO - Sync 1 DAGs
[2023-09-22T01:06:22.082+0000] {logging_mixin.py:151} INFO - [2023-09-22T01:06:22.082+0000] {dag.py:3677} INFO - Setting next_dagrun for example_dag_decorator to None, run_after=None
[2023-09-22T01:06:22.089+0000] {processor.py:179} INFO - Processing /home/airflow/.local/lib/python3.8/site-packages/airflow/example_dags/example_dag_decorator.py took 0.102 seconds
[2023-09-22T01:26:59.676+0000] {processor.py:157} INFO - Started process (PID=13891) to work on /home/airflow/.local/lib/python3.8/site-packages/airflow/example_dags/example_dag_decorator.py
[2023-09-22T01:26:59.676+0000] {processor.py:829} INFO - Processing file /home/airflow/.local/lib/python3.8/site-packages/airflow/example_dags/example_dag_decorator.py for tasks to queue
[2023-09-22T01:26:59.678+0000] {logging_mixin.py:151} INFO - [2023-09-22T01:26:59.677+0000] {dagbag.py:539} INFO - Filling up the DagBag from /home/airflow/.local/lib/python3.8/site-packages/airflow/example_dags/example_dag_decorator.py
[2023-09-22T01:26:59.714+0000] {processor.py:839} INFO - DAG(s) dict_keys(['example_dag_decorator']) retrieved from /home/airflow/.local/lib/python3.8/site-packages/airflow/example_dags/example_dag_decorator.py
[2023-09-22T01:26:59.765+0000] {logging_mixin.py:151} INFO - [2023-09-22T01:26:59.765+0000] {dag.py:2907} INFO - Sync 1 DAGs
[2023-09-22T01:26:59.769+0000] {logging_mixin.py:151} INFO - [2023-09-22T01:26:59.769+0000] {dag.py:3677} INFO - Setting next_dagrun for example_dag_decorator to None, run_after=None
[2023-09-22T01:26:59.776+0000] {processor.py:179} INFO - Processing /home/airflow/.local/lib/python3.8/site-packages/airflow/example_dags/example_dag_decorator.py took 0.102 seconds
[2023-09-22T01:35:28.863+0000] {processor.py:157} INFO - Started process (PID=13938) to work on /home/airflow/.local/lib/python3.8/site-packages/airflow/example_dags/example_dag_decorator.py
[2023-09-22T01:35:28.864+0000] {processor.py:829} INFO - Processing file /home/airflow/.local/lib/python3.8/site-packages/airflow/example_dags/example_dag_decorator.py for tasks to queue
[2023-09-22T01:35:28.865+0000] {logging_mixin.py:151} INFO - [2023-09-22T01:35:28.865+0000] {dagbag.py:539} INFO - Filling up the DagBag from /home/airflow/.local/lib/python3.8/site-packages/airflow/example_dags/example_dag_decorator.py
[2023-09-22T01:35:28.902+0000] {processor.py:839} INFO - DAG(s) dict_keys(['example_dag_decorator']) retrieved from /home/airflow/.local/lib/python3.8/site-packages/airflow/example_dags/example_dag_decorator.py
[2023-09-22T01:35:28.957+0000] {logging_mixin.py:151} INFO - [2023-09-22T01:35:28.957+0000] {dag.py:2907} INFO - Sync 1 DAGs
[2023-09-22T01:35:28.962+0000] {logging_mixin.py:151} INFO - [2023-09-22T01:35:28.962+0000] {dag.py:3677} INFO - Setting next_dagrun for example_dag_decorator to None, run_after=None
[2023-09-22T01:35:28.970+0000] {processor.py:179} INFO - Processing /home/airflow/.local/lib/python3.8/site-packages/airflow/example_dags/example_dag_decorator.py took 0.109 seconds
[2023-09-22T02:41:17.060+0000] {processor.py:157} INFO - Started process (PID=13985) to work on /home/airflow/.local/lib/python3.8/site-packages/airflow/example_dags/example_dag_decorator.py
[2023-09-22T02:41:17.060+0000] {processor.py:829} INFO - Processing file /home/airflow/.local/lib/python3.8/site-packages/airflow/example_dags/example_dag_decorator.py for tasks to queue
[2023-09-22T02:41:17.062+0000] {logging_mixin.py:151} INFO - [2023-09-22T02:41:17.061+0000] {dagbag.py:539} INFO - Filling up the DagBag from /home/airflow/.local/lib/python3.8/site-packages/airflow/example_dags/example_dag_decorator.py
[2023-09-22T02:41:17.093+0000] {processor.py:839} INFO - DAG(s) dict_keys(['example_dag_decorator']) retrieved from /home/airflow/.local/lib/python3.8/site-packages/airflow/example_dags/example_dag_decorator.py
[2023-09-22T02:41:17.137+0000] {logging_mixin.py:151} INFO - [2023-09-22T02:41:17.137+0000] {dag.py:2907} INFO - Sync 1 DAGs
[2023-09-22T02:41:17.141+0000] {logging_mixin.py:151} INFO - [2023-09-22T02:41:17.141+0000] {dag.py:3677} INFO - Setting next_dagrun for example_dag_decorator to None, run_after=None
[2023-09-22T02:41:17.149+0000] {processor.py:179} INFO - Processing /home/airflow/.local/lib/python3.8/site-packages/airflow/example_dags/example_dag_decorator.py took 0.091 seconds
[2023-09-22T04:02:55.456+0000] {processor.py:157} INFO - Started process (PID=14032) to work on /home/airflow/.local/lib/python3.8/site-packages/airflow/example_dags/example_dag_decorator.py
[2023-09-22T04:02:55.456+0000] {processor.py:829} INFO - Processing file /home/airflow/.local/lib/python3.8/site-packages/airflow/example_dags/example_dag_decorator.py for tasks to queue
[2023-09-22T04:02:55.457+0000] {logging_mixin.py:151} INFO - [2023-09-22T04:02:55.457+0000] {dagbag.py:539} INFO - Filling up the DagBag from /home/airflow/.local/lib/python3.8/site-packages/airflow/example_dags/example_dag_decorator.py
[2023-09-22T04:02:55.509+0000] {processor.py:839} INFO - DAG(s) dict_keys(['example_dag_decorator']) retrieved from /home/airflow/.local/lib/python3.8/site-packages/airflow/example_dags/example_dag_decorator.py
[2023-09-22T04:02:55.561+0000] {logging_mixin.py:151} INFO - [2023-09-22T04:02:55.561+0000] {dag.py:2907} INFO - Sync 1 DAGs
[2023-09-22T04:02:55.565+0000] {logging_mixin.py:151} INFO - [2023-09-22T04:02:55.565+0000] {dag.py:3677} INFO - Setting next_dagrun for example_dag_decorator to None, run_after=None
[2023-09-22T04:02:55.573+0000] {processor.py:179} INFO - Processing /home/airflow/.local/lib/python3.8/site-packages/airflow/example_dags/example_dag_decorator.py took 0.119 seconds
[2023-09-22T05:38:44.450+0000] {processor.py:157} INFO - Started process (PID=14079) to work on /home/airflow/.local/lib/python3.8/site-packages/airflow/example_dags/example_dag_decorator.py
[2023-09-22T05:38:44.451+0000] {processor.py:829} INFO - Processing file /home/airflow/.local/lib/python3.8/site-packages/airflow/example_dags/example_dag_decorator.py for tasks to queue
[2023-09-22T05:38:44.452+0000] {logging_mixin.py:151} INFO - [2023-09-22T05:38:44.452+0000] {dagbag.py:539} INFO - Filling up the DagBag from /home/airflow/.local/lib/python3.8/site-packages/airflow/example_dags/example_dag_decorator.py
[2023-09-22T05:38:44.485+0000] {processor.py:839} INFO - DAG(s) dict_keys(['example_dag_decorator']) retrieved from /home/airflow/.local/lib/python3.8/site-packages/airflow/example_dags/example_dag_decorator.py
[2023-09-22T05:38:44.536+0000] {logging_mixin.py:151} INFO - [2023-09-22T05:38:44.535+0000] {dag.py:2907} INFO - Sync 1 DAGs
[2023-09-22T05:38:44.540+0000] {logging_mixin.py:151} INFO - [2023-09-22T05:38:44.540+0000] {dag.py:3677} INFO - Setting next_dagrun for example_dag_decorator to None, run_after=None
[2023-09-22T05:38:44.547+0000] {processor.py:179} INFO - Processing /home/airflow/.local/lib/python3.8/site-packages/airflow/example_dags/example_dag_decorator.py took 0.099 seconds
[2023-09-22T07:01:38.947+0000] {processor.py:157} INFO - Started process (PID=14126) to work on /home/airflow/.local/lib/python3.8/site-packages/airflow/example_dags/example_dag_decorator.py
[2023-09-22T07:01:38.947+0000] {processor.py:829} INFO - Processing file /home/airflow/.local/lib/python3.8/site-packages/airflow/example_dags/example_dag_decorator.py for tasks to queue
[2023-09-22T07:01:38.948+0000] {logging_mixin.py:151} INFO - [2023-09-22T07:01:38.948+0000] {dagbag.py:539} INFO - Filling up the DagBag from /home/airflow/.local/lib/python3.8/site-packages/airflow/example_dags/example_dag_decorator.py
[2023-09-22T07:01:38.998+0000] {processor.py:839} INFO - DAG(s) dict_keys(['example_dag_decorator']) retrieved from /home/airflow/.local/lib/python3.8/site-packages/airflow/example_dags/example_dag_decorator.py
[2023-09-22T07:01:39.010+0000] {logging_mixin.py:151} INFO - [2023-09-22T07:01:39.010+0000] {dag.py:2907} INFO - Sync 1 DAGs
[2023-09-22T07:01:39.015+0000] {logging_mixin.py:151} INFO - [2023-09-22T07:01:39.015+0000] {dag.py:3677} INFO - Setting next_dagrun for example_dag_decorator to None, run_after=None
[2023-09-22T07:01:39.022+0000] {processor.py:179} INFO - Processing /home/airflow/.local/lib/python3.8/site-packages/airflow/example_dags/example_dag_decorator.py took 0.077 seconds
[2023-09-22T08:27:04.830+0000] {processor.py:157} INFO - Started process (PID=14173) to work on /home/airflow/.local/lib/python3.8/site-packages/airflow/example_dags/example_dag_decorator.py
[2023-09-22T08:27:04.831+0000] {processor.py:829} INFO - Processing file /home/airflow/.local/lib/python3.8/site-packages/airflow/example_dags/example_dag_decorator.py for tasks to queue
[2023-09-22T08:27:04.832+0000] {logging_mixin.py:151} INFO - [2023-09-22T08:27:04.832+0000] {dagbag.py:539} INFO - Filling up the DagBag from /home/airflow/.local/lib/python3.8/site-packages/airflow/example_dags/example_dag_decorator.py
[2023-09-22T08:27:04.866+0000] {processor.py:839} INFO - DAG(s) dict_keys(['example_dag_decorator']) retrieved from /home/airflow/.local/lib/python3.8/site-packages/airflow/example_dags/example_dag_decorator.py
[2023-09-22T08:27:04.923+0000] {logging_mixin.py:151} INFO - [2023-09-22T08:27:04.923+0000] {dag.py:2907} INFO - Sync 1 DAGs
[2023-09-22T08:27:04.928+0000] {logging_mixin.py:151} INFO - [2023-09-22T08:27:04.928+0000] {dag.py:3677} INFO - Setting next_dagrun for example_dag_decorator to None, run_after=None
[2023-09-22T08:27:04.936+0000] {processor.py:179} INFO - Processing /home/airflow/.local/lib/python3.8/site-packages/airflow/example_dags/example_dag_decorator.py took 0.108 seconds
[2023-09-22T09:32:31.015+0000] {processor.py:157} INFO - Started process (PID=14220) to work on /home/airflow/.local/lib/python3.8/site-packages/airflow/example_dags/example_dag_decorator.py
[2023-09-22T09:32:31.016+0000] {processor.py:829} INFO - Processing file /home/airflow/.local/lib/python3.8/site-packages/airflow/example_dags/example_dag_decorator.py for tasks to queue
[2023-09-22T09:32:31.017+0000] {logging_mixin.py:151} INFO - [2023-09-22T09:32:31.017+0000] {dagbag.py:539} INFO - Filling up the DagBag from /home/airflow/.local/lib/python3.8/site-packages/airflow/example_dags/example_dag_decorator.py
[2023-09-22T09:32:31.063+0000] {processor.py:839} INFO - DAG(s) dict_keys(['example_dag_decorator']) retrieved from /home/airflow/.local/lib/python3.8/site-packages/airflow/example_dags/example_dag_decorator.py
[2023-09-22T09:32:31.138+0000] {logging_mixin.py:151} INFO - [2023-09-22T09:32:31.138+0000] {dag.py:2907} INFO - Sync 1 DAGs
[2023-09-22T09:32:31.143+0000] {logging_mixin.py:151} INFO - [2023-09-22T09:32:31.143+0000] {dag.py:3677} INFO - Setting next_dagrun for example_dag_decorator to None, run_after=None
[2023-09-22T09:32:31.152+0000] {processor.py:179} INFO - Processing /home/airflow/.local/lib/python3.8/site-packages/airflow/example_dags/example_dag_decorator.py took 0.139 seconds
[2023-09-22T09:50:52.944+0000] {processor.py:157} INFO - Started process (PID=14267) to work on /home/airflow/.local/lib/python3.8/site-packages/airflow/example_dags/example_dag_decorator.py
[2023-09-22T09:50:52.945+0000] {processor.py:829} INFO - Processing file /home/airflow/.local/lib/python3.8/site-packages/airflow/example_dags/example_dag_decorator.py for tasks to queue
[2023-09-22T09:50:52.946+0000] {logging_mixin.py:151} INFO - [2023-09-22T09:50:52.946+0000] {dagbag.py:539} INFO - Filling up the DagBag from /home/airflow/.local/lib/python3.8/site-packages/airflow/example_dags/example_dag_decorator.py
[2023-09-22T09:50:52.996+0000] {processor.py:839} INFO - DAG(s) dict_keys(['example_dag_decorator']) retrieved from /home/airflow/.local/lib/python3.8/site-packages/airflow/example_dags/example_dag_decorator.py
[2023-09-22T09:50:53.071+0000] {logging_mixin.py:151} INFO - [2023-09-22T09:50:53.071+0000] {dag.py:2907} INFO - Sync 1 DAGs
[2023-09-22T09:50:53.076+0000] {logging_mixin.py:151} INFO - [2023-09-22T09:50:53.076+0000] {dag.py:3677} INFO - Setting next_dagrun for example_dag_decorator to None, run_after=None
[2023-09-22T09:50:53.084+0000] {processor.py:179} INFO - Processing /home/airflow/.local/lib/python3.8/site-packages/airflow/example_dags/example_dag_decorator.py took 0.141 seconds
[2023-09-22T10:29:17.562+0000] {processor.py:157} INFO - Started process (PID=14314) to work on /home/airflow/.local/lib/python3.8/site-packages/airflow/example_dags/example_dag_decorator.py
[2023-09-22T10:29:17.562+0000] {processor.py:829} INFO - Processing file /home/airflow/.local/lib/python3.8/site-packages/airflow/example_dags/example_dag_decorator.py for tasks to queue
[2023-09-22T10:29:17.563+0000] {logging_mixin.py:151} INFO - [2023-09-22T10:29:17.563+0000] {dagbag.py:539} INFO - Filling up the DagBag from /home/airflow/.local/lib/python3.8/site-packages/airflow/example_dags/example_dag_decorator.py
[2023-09-22T10:29:17.607+0000] {processor.py:839} INFO - DAG(s) dict_keys(['example_dag_decorator']) retrieved from /home/airflow/.local/lib/python3.8/site-packages/airflow/example_dags/example_dag_decorator.py
[2023-09-22T10:29:17.662+0000] {logging_mixin.py:151} INFO - [2023-09-22T10:29:17.662+0000] {dag.py:2907} INFO - Sync 1 DAGs
[2023-09-22T10:29:17.667+0000] {logging_mixin.py:151} INFO - [2023-09-22T10:29:17.667+0000] {dag.py:3677} INFO - Setting next_dagrun for example_dag_decorator to None, run_after=None
[2023-09-22T10:29:17.674+0000] {processor.py:179} INFO - Processing /home/airflow/.local/lib/python3.8/site-packages/airflow/example_dags/example_dag_decorator.py took 0.115 seconds
[2023-09-22T11:35:45.418+0000] {processor.py:157} INFO - Started process (PID=14361) to work on /home/airflow/.local/lib/python3.8/site-packages/airflow/example_dags/example_dag_decorator.py
[2023-09-22T11:35:45.418+0000] {processor.py:829} INFO - Processing file /home/airflow/.local/lib/python3.8/site-packages/airflow/example_dags/example_dag_decorator.py for tasks to queue
[2023-09-22T11:35:45.420+0000] {logging_mixin.py:151} INFO - [2023-09-22T11:35:45.419+0000] {dagbag.py:539} INFO - Filling up the DagBag from /home/airflow/.local/lib/python3.8/site-packages/airflow/example_dags/example_dag_decorator.py
[2023-09-22T11:35:45.456+0000] {processor.py:839} INFO - DAG(s) dict_keys(['example_dag_decorator']) retrieved from /home/airflow/.local/lib/python3.8/site-packages/airflow/example_dags/example_dag_decorator.py
[2023-09-22T11:35:45.512+0000] {logging_mixin.py:151} INFO - [2023-09-22T11:35:45.512+0000] {dag.py:2907} INFO - Sync 1 DAGs
[2023-09-22T11:35:45.516+0000] {logging_mixin.py:151} INFO - [2023-09-22T11:35:45.516+0000] {dag.py:3677} INFO - Setting next_dagrun for example_dag_decorator to None, run_after=None
[2023-09-22T11:35:45.525+0000] {processor.py:179} INFO - Processing /home/airflow/.local/lib/python3.8/site-packages/airflow/example_dags/example_dag_decorator.py took 0.109 seconds
[2023-09-22T12:57:18.716+0000] {processor.py:157} INFO - Started process (PID=14408) to work on /home/airflow/.local/lib/python3.8/site-packages/airflow/example_dags/example_dag_decorator.py
[2023-09-22T12:57:18.717+0000] {processor.py:829} INFO - Processing file /home/airflow/.local/lib/python3.8/site-packages/airflow/example_dags/example_dag_decorator.py for tasks to queue
[2023-09-22T12:57:18.718+0000] {logging_mixin.py:151} INFO - [2023-09-22T12:57:18.718+0000] {dagbag.py:539} INFO - Filling up the DagBag from /home/airflow/.local/lib/python3.8/site-packages/airflow/example_dags/example_dag_decorator.py
[2023-09-22T12:57:18.753+0000] {processor.py:839} INFO - DAG(s) dict_keys(['example_dag_decorator']) retrieved from /home/airflow/.local/lib/python3.8/site-packages/airflow/example_dags/example_dag_decorator.py
[2023-09-22T12:57:18.807+0000] {logging_mixin.py:151} INFO - [2023-09-22T12:57:18.807+0000] {dag.py:2907} INFO - Sync 1 DAGs
[2023-09-22T12:57:18.812+0000] {logging_mixin.py:151} INFO - [2023-09-22T12:57:18.812+0000] {dag.py:3677} INFO - Setting next_dagrun for example_dag_decorator to None, run_after=None
[2023-09-22T12:57:18.819+0000] {processor.py:179} INFO - Processing /home/airflow/.local/lib/python3.8/site-packages/airflow/example_dags/example_dag_decorator.py took 0.105 seconds
[2023-09-22T14:36:57.945+0000] {processor.py:157} INFO - Started process (PID=14455) to work on /home/airflow/.local/lib/python3.8/site-packages/airflow/example_dags/example_dag_decorator.py
[2023-09-22T14:36:57.945+0000] {processor.py:829} INFO - Processing file /home/airflow/.local/lib/python3.8/site-packages/airflow/example_dags/example_dag_decorator.py for tasks to queue
[2023-09-22T14:36:57.946+0000] {logging_mixin.py:151} INFO - [2023-09-22T14:36:57.946+0000] {dagbag.py:539} INFO - Filling up the DagBag from /home/airflow/.local/lib/python3.8/site-packages/airflow/example_dags/example_dag_decorator.py
[2023-09-22T14:36:57.977+0000] {processor.py:839} INFO - DAG(s) dict_keys(['example_dag_decorator']) retrieved from /home/airflow/.local/lib/python3.8/site-packages/airflow/example_dags/example_dag_decorator.py
[2023-09-22T14:36:58.021+0000] {logging_mixin.py:151} INFO - [2023-09-22T14:36:58.021+0000] {dag.py:2907} INFO - Sync 1 DAGs
[2023-09-22T14:36:58.025+0000] {logging_mixin.py:151} INFO - [2023-09-22T14:36:58.025+0000] {dag.py:3677} INFO - Setting next_dagrun for example_dag_decorator to None, run_after=None
[2023-09-22T14:36:58.032+0000] {processor.py:179} INFO - Processing /home/airflow/.local/lib/python3.8/site-packages/airflow/example_dags/example_dag_decorator.py took 0.089 seconds
[2023-09-22T16:18:36.644+0000] {processor.py:157} INFO - Started process (PID=14502) to work on /home/airflow/.local/lib/python3.8/site-packages/airflow/example_dags/example_dag_decorator.py
[2023-09-22T16:18:36.645+0000] {processor.py:829} INFO - Processing file /home/airflow/.local/lib/python3.8/site-packages/airflow/example_dags/example_dag_decorator.py for tasks to queue
[2023-09-22T16:18:36.646+0000] {logging_mixin.py:151} INFO - [2023-09-22T16:18:36.646+0000] {dagbag.py:539} INFO - Filling up the DagBag from /home/airflow/.local/lib/python3.8/site-packages/airflow/example_dags/example_dag_decorator.py
[2023-09-22T16:18:36.681+0000] {processor.py:839} INFO - DAG(s) dict_keys(['example_dag_decorator']) retrieved from /home/airflow/.local/lib/python3.8/site-packages/airflow/example_dags/example_dag_decorator.py
[2023-09-22T16:18:36.692+0000] {logging_mixin.py:151} INFO - [2023-09-22T16:18:36.692+0000] {dag.py:2907} INFO - Sync 1 DAGs
[2023-09-22T16:18:36.697+0000] {logging_mixin.py:151} INFO - [2023-09-22T16:18:36.697+0000] {dag.py:3677} INFO - Setting next_dagrun for example_dag_decorator to None, run_after=None
[2023-09-22T16:18:36.704+0000] {processor.py:179} INFO - Processing /home/airflow/.local/lib/python3.8/site-packages/airflow/example_dags/example_dag_decorator.py took 0.061 seconds
[2023-09-22T17:42:59.837+0000] {processor.py:157} INFO - Started process (PID=14549) to work on /home/airflow/.local/lib/python3.8/site-packages/airflow/example_dags/example_dag_decorator.py
[2023-09-22T17:42:59.837+0000] {processor.py:829} INFO - Processing file /home/airflow/.local/lib/python3.8/site-packages/airflow/example_dags/example_dag_decorator.py for tasks to queue
[2023-09-22T17:42:59.838+0000] {logging_mixin.py:151} INFO - [2023-09-22T17:42:59.838+0000] {dagbag.py:539} INFO - Filling up the DagBag from /home/airflow/.local/lib/python3.8/site-packages/airflow/example_dags/example_dag_decorator.py
[2023-09-22T17:42:59.872+0000] {processor.py:839} INFO - DAG(s) dict_keys(['example_dag_decorator']) retrieved from /home/airflow/.local/lib/python3.8/site-packages/airflow/example_dags/example_dag_decorator.py
[2023-09-22T17:42:59.927+0000] {logging_mixin.py:151} INFO - [2023-09-22T17:42:59.927+0000] {dag.py:2907} INFO - Sync 1 DAGs
[2023-09-22T17:42:59.932+0000] {logging_mixin.py:151} INFO - [2023-09-22T17:42:59.932+0000] {dag.py:3677} INFO - Setting next_dagrun for example_dag_decorator to None, run_after=None
[2023-09-22T17:42:59.940+0000] {processor.py:179} INFO - Processing /home/airflow/.local/lib/python3.8/site-packages/airflow/example_dags/example_dag_decorator.py took 0.105 seconds
[2023-09-22T19:24:06.473+0000] {processor.py:157} INFO - Started process (PID=14596) to work on /home/airflow/.local/lib/python3.8/site-packages/airflow/example_dags/example_dag_decorator.py
[2023-09-22T19:24:06.479+0000] {processor.py:829} INFO - Processing file /home/airflow/.local/lib/python3.8/site-packages/airflow/example_dags/example_dag_decorator.py for tasks to queue
[2023-09-22T19:24:06.481+0000] {logging_mixin.py:151} INFO - [2023-09-22T19:24:06.481+0000] {dagbag.py:539} INFO - Filling up the DagBag from /home/airflow/.local/lib/python3.8/site-packages/airflow/example_dags/example_dag_decorator.py
[2023-09-22T19:24:06.560+0000] {processor.py:839} INFO - DAG(s) dict_keys(['example_dag_decorator']) retrieved from /home/airflow/.local/lib/python3.8/site-packages/airflow/example_dags/example_dag_decorator.py
[2023-09-22T19:24:06.620+0000] {logging_mixin.py:151} INFO - [2023-09-22T19:24:06.620+0000] {dag.py:2907} INFO - Sync 1 DAGs
[2023-09-22T19:24:06.625+0000] {logging_mixin.py:151} INFO - [2023-09-22T19:24:06.624+0000] {dag.py:3677} INFO - Setting next_dagrun for example_dag_decorator to None, run_after=None
[2023-09-22T19:24:06.633+0000] {processor.py:179} INFO - Processing /home/airflow/.local/lib/python3.8/site-packages/airflow/example_dags/example_dag_decorator.py took 0.164 seconds
[2023-09-22T21:00:34.227+0000] {processor.py:157} INFO - Started process (PID=14643) to work on /home/airflow/.local/lib/python3.8/site-packages/airflow/example_dags/example_dag_decorator.py
[2023-09-22T21:00:34.228+0000] {processor.py:829} INFO - Processing file /home/airflow/.local/lib/python3.8/site-packages/airflow/example_dags/example_dag_decorator.py for tasks to queue
[2023-09-22T21:00:34.229+0000] {logging_mixin.py:151} INFO - [2023-09-22T21:00:34.229+0000] {dagbag.py:539} INFO - Filling up the DagBag from /home/airflow/.local/lib/python3.8/site-packages/airflow/example_dags/example_dag_decorator.py
[2023-09-22T21:00:34.259+0000] {processor.py:839} INFO - DAG(s) dict_keys(['example_dag_decorator']) retrieved from /home/airflow/.local/lib/python3.8/site-packages/airflow/example_dags/example_dag_decorator.py
[2023-09-22T21:00:34.307+0000] {logging_mixin.py:151} INFO - [2023-09-22T21:00:34.306+0000] {dag.py:2907} INFO - Sync 1 DAGs
[2023-09-22T21:00:34.311+0000] {logging_mixin.py:151} INFO - [2023-09-22T21:00:34.311+0000] {dag.py:3677} INFO - Setting next_dagrun for example_dag_decorator to None, run_after=None
[2023-09-22T21:00:34.318+0000] {processor.py:179} INFO - Processing /home/airflow/.local/lib/python3.8/site-packages/airflow/example_dags/example_dag_decorator.py took 0.092 seconds
[2023-09-22T22:21:54.023+0000] {processor.py:157} INFO - Started process (PID=14690) to work on /home/airflow/.local/lib/python3.8/site-packages/airflow/example_dags/example_dag_decorator.py
[2023-09-22T22:21:54.024+0000] {processor.py:829} INFO - Processing file /home/airflow/.local/lib/python3.8/site-packages/airflow/example_dags/example_dag_decorator.py for tasks to queue
[2023-09-22T22:21:54.025+0000] {logging_mixin.py:151} INFO - [2023-09-22T22:21:54.025+0000] {dagbag.py:539} INFO - Filling up the DagBag from /home/airflow/.local/lib/python3.8/site-packages/airflow/example_dags/example_dag_decorator.py
[2023-09-22T22:21:54.060+0000] {processor.py:839} INFO - DAG(s) dict_keys(['example_dag_decorator']) retrieved from /home/airflow/.local/lib/python3.8/site-packages/airflow/example_dags/example_dag_decorator.py
[2023-09-22T22:21:54.113+0000] {logging_mixin.py:151} INFO - [2023-09-22T22:21:54.113+0000] {dag.py:2907} INFO - Sync 1 DAGs
[2023-09-22T22:21:54.118+0000] {logging_mixin.py:151} INFO - [2023-09-22T22:21:54.118+0000] {dag.py:3677} INFO - Setting next_dagrun for example_dag_decorator to None, run_after=None
[2023-09-22T22:21:54.126+0000] {processor.py:179} INFO - Processing /home/airflow/.local/lib/python3.8/site-packages/airflow/example_dags/example_dag_decorator.py took 0.104 seconds
[2023-09-22T23:59:52.524+0000] {processor.py:157} INFO - Started process (PID=14737) to work on /home/airflow/.local/lib/python3.8/site-packages/airflow/example_dags/example_dag_decorator.py
[2023-09-22T23:59:52.525+0000] {processor.py:829} INFO - Processing file /home/airflow/.local/lib/python3.8/site-packages/airflow/example_dags/example_dag_decorator.py for tasks to queue
[2023-09-22T23:59:52.526+0000] {logging_mixin.py:151} INFO - [2023-09-22T23:59:52.526+0000] {dagbag.py:539} INFO - Filling up the DagBag from /home/airflow/.local/lib/python3.8/site-packages/airflow/example_dags/example_dag_decorator.py
[2023-09-22T23:59:52.559+0000] {processor.py:839} INFO - DAG(s) dict_keys(['example_dag_decorator']) retrieved from /home/airflow/.local/lib/python3.8/site-packages/airflow/example_dags/example_dag_decorator.py
[2023-09-22T23:59:52.608+0000] {logging_mixin.py:151} INFO - [2023-09-22T23:59:52.608+0000] {dag.py:2907} INFO - Sync 1 DAGs
[2023-09-22T23:59:52.613+0000] {logging_mixin.py:151} INFO - [2023-09-22T23:59:52.613+0000] {dag.py:3677} INFO - Setting next_dagrun for example_dag_decorator to None, run_after=None
[2023-09-22T23:59:52.621+0000] {processor.py:179} INFO - Processing /home/airflow/.local/lib/python3.8/site-packages/airflow/example_dags/example_dag_decorator.py took 0.099 seconds
