[2023-09-22T01:06:21.291+0000] {processor.py:157} INFO - Started process (PID=13821) to work on /home/airflow/.local/lib/python3.8/site-packages/airflow/example_dags/example_datasets.py
[2023-09-22T01:06:21.299+0000] {processor.py:829} INFO - Processing file /home/airflow/.local/lib/python3.8/site-packages/airflow/example_dags/example_datasets.py for tasks to queue
[2023-09-22T01:06:21.309+0000] {logging_mixin.py:151} INFO - [2023-09-22T01:06:21.308+0000] {dagbag.py:539} INFO - Filling up the DagBag from /home/airflow/.local/lib/python3.8/site-packages/airflow/example_dags/example_datasets.py
[2023-09-22T01:06:21.316+0000] {processor.py:839} INFO - DAG(s) dict_keys(['dataset_produces_1', 'dataset_produces_2', 'dataset_consumes_1', 'dataset_consumes_unknown_never_scheduled', 'dataset_consumes_1_never_scheduled', 'dataset_consumes_1_and_2']) retrieved from /home/airflow/.local/lib/python3.8/site-packages/airflow/example_dags/example_datasets.py
[2023-09-22T01:06:21.349+0000] {logging_mixin.py:151} INFO - [2023-09-22T01:06:21.349+0000] {dag.py:2907} INFO - Sync 6 DAGs
[2023-09-22T01:06:21.361+0000] {logging_mixin.py:151} INFO - [2023-09-22T01:06:21.361+0000] {dag.py:3677} INFO - Setting next_dagrun for dataset_consumes_1 to None, run_after=None
[2023-09-22T01:06:21.363+0000] {logging_mixin.py:151} INFO - [2023-09-22T01:06:21.363+0000] {dag.py:3677} INFO - Setting next_dagrun for dataset_consumes_1_and_2 to None, run_after=None
[2023-09-22T01:06:21.363+0000] {logging_mixin.py:151} INFO - [2023-09-22T01:06:21.363+0000] {dag.py:3677} INFO - Setting next_dagrun for dataset_consumes_1_never_scheduled to None, run_after=None
[2023-09-22T01:06:21.364+0000] {logging_mixin.py:151} INFO - [2023-09-22T01:06:21.364+0000] {dag.py:3677} INFO - Setting next_dagrun for dataset_consumes_unknown_never_scheduled to None, run_after=None
[2023-09-22T01:06:21.365+0000] {logging_mixin.py:151} INFO - [2023-09-22T01:06:21.365+0000] {dag.py:3677} INFO - Setting next_dagrun for dataset_produces_1 to 2023-09-21T00:00:00+00:00, run_after=2023-09-22T00:00:00+00:00
[2023-09-22T01:06:21.367+0000] {logging_mixin.py:151} INFO - [2023-09-22T01:06:21.367+0000] {dag.py:3677} INFO - Setting next_dagrun for dataset_produces_2 to None, run_after=None
[2023-09-22T01:06:21.383+0000] {processor.py:179} INFO - Processing /home/airflow/.local/lib/python3.8/site-packages/airflow/example_dags/example_datasets.py took 0.095 seconds
[2023-09-22T01:26:58.604+0000] {processor.py:157} INFO - Started process (PID=13868) to work on /home/airflow/.local/lib/python3.8/site-packages/airflow/example_dags/example_datasets.py
[2023-09-22T01:26:58.604+0000] {processor.py:829} INFO - Processing file /home/airflow/.local/lib/python3.8/site-packages/airflow/example_dags/example_datasets.py for tasks to queue
[2023-09-22T01:26:58.605+0000] {logging_mixin.py:151} INFO - [2023-09-22T01:26:58.605+0000] {dagbag.py:539} INFO - Filling up the DagBag from /home/airflow/.local/lib/python3.8/site-packages/airflow/example_dags/example_datasets.py
[2023-09-22T01:26:58.611+0000] {processor.py:839} INFO - DAG(s) dict_keys(['dataset_produces_1', 'dataset_consumes_1_and_2', 'dataset_consumes_unknown_never_scheduled', 'dataset_consumes_1_never_scheduled', 'dataset_produces_2', 'dataset_consumes_1']) retrieved from /home/airflow/.local/lib/python3.8/site-packages/airflow/example_dags/example_datasets.py
[2023-09-22T01:26:58.627+0000] {logging_mixin.py:151} INFO - [2023-09-22T01:26:58.626+0000] {dag.py:2907} INFO - Sync 6 DAGs
[2023-09-22T01:26:58.637+0000] {logging_mixin.py:151} INFO - [2023-09-22T01:26:58.637+0000] {dag.py:3677} INFO - Setting next_dagrun for dataset_consumes_1 to None, run_after=None
[2023-09-22T01:26:58.641+0000] {logging_mixin.py:151} INFO - [2023-09-22T01:26:58.640+0000] {dag.py:3677} INFO - Setting next_dagrun for dataset_consumes_1_and_2 to None, run_after=None
[2023-09-22T01:26:58.641+0000] {logging_mixin.py:151} INFO - [2023-09-22T01:26:58.641+0000] {dag.py:3677} INFO - Setting next_dagrun for dataset_consumes_1_never_scheduled to None, run_after=None
[2023-09-22T01:26:58.642+0000] {logging_mixin.py:151} INFO - [2023-09-22T01:26:58.642+0000] {dag.py:3677} INFO - Setting next_dagrun for dataset_consumes_unknown_never_scheduled to None, run_after=None
[2023-09-22T01:26:58.643+0000] {logging_mixin.py:151} INFO - [2023-09-22T01:26:58.643+0000] {dag.py:3677} INFO - Setting next_dagrun for dataset_produces_1 to 2023-09-21T00:00:00+00:00, run_after=2023-09-22T00:00:00+00:00
[2023-09-22T01:26:58.644+0000] {logging_mixin.py:151} INFO - [2023-09-22T01:26:58.644+0000] {dag.py:3677} INFO - Setting next_dagrun for dataset_produces_2 to None, run_after=None
[2023-09-22T01:26:58.657+0000] {processor.py:179} INFO - Processing /home/airflow/.local/lib/python3.8/site-packages/airflow/example_dags/example_datasets.py took 0.055 seconds
[2023-09-22T01:35:28.181+0000] {processor.py:157} INFO - Started process (PID=13915) to work on /home/airflow/.local/lib/python3.8/site-packages/airflow/example_dags/example_datasets.py
[2023-09-22T01:35:28.181+0000] {processor.py:829} INFO - Processing file /home/airflow/.local/lib/python3.8/site-packages/airflow/example_dags/example_datasets.py for tasks to queue
[2023-09-22T01:35:28.182+0000] {logging_mixin.py:151} INFO - [2023-09-22T01:35:28.182+0000] {dagbag.py:539} INFO - Filling up the DagBag from /home/airflow/.local/lib/python3.8/site-packages/airflow/example_dags/example_datasets.py
[2023-09-22T01:35:28.188+0000] {processor.py:839} INFO - DAG(s) dict_keys(['dataset_consumes_1', 'dataset_produces_1', 'dataset_consumes_1_never_scheduled', 'dataset_produces_2', 'dataset_consumes_1_and_2', 'dataset_consumes_unknown_never_scheduled']) retrieved from /home/airflow/.local/lib/python3.8/site-packages/airflow/example_dags/example_datasets.py
[2023-09-22T01:35:28.203+0000] {logging_mixin.py:151} INFO - [2023-09-22T01:35:28.203+0000] {dag.py:2907} INFO - Sync 6 DAGs
[2023-09-22T01:35:28.214+0000] {logging_mixin.py:151} INFO - [2023-09-22T01:35:28.214+0000] {dag.py:3677} INFO - Setting next_dagrun for dataset_consumes_1 to None, run_after=None
[2023-09-22T01:35:28.216+0000] {logging_mixin.py:151} INFO - [2023-09-22T01:35:28.216+0000] {dag.py:3677} INFO - Setting next_dagrun for dataset_consumes_1_and_2 to None, run_after=None
[2023-09-22T01:35:28.216+0000] {logging_mixin.py:151} INFO - [2023-09-22T01:35:28.216+0000] {dag.py:3677} INFO - Setting next_dagrun for dataset_consumes_1_never_scheduled to None, run_after=None
[2023-09-22T01:35:28.217+0000] {logging_mixin.py:151} INFO - [2023-09-22T01:35:28.217+0000] {dag.py:3677} INFO - Setting next_dagrun for dataset_consumes_unknown_never_scheduled to None, run_after=None
[2023-09-22T01:35:28.218+0000] {logging_mixin.py:151} INFO - [2023-09-22T01:35:28.218+0000] {dag.py:3677} INFO - Setting next_dagrun for dataset_produces_1 to 2023-09-21T00:00:00+00:00, run_after=2023-09-22T00:00:00+00:00
[2023-09-22T01:35:28.219+0000] {logging_mixin.py:151} INFO - [2023-09-22T01:35:28.219+0000] {dag.py:3677} INFO - Setting next_dagrun for dataset_produces_2 to None, run_after=None
[2023-09-22T01:35:28.231+0000] {processor.py:179} INFO - Processing /home/airflow/.local/lib/python3.8/site-packages/airflow/example_dags/example_datasets.py took 0.052 seconds
[2023-09-22T02:41:16.036+0000] {processor.py:157} INFO - Started process (PID=13962) to work on /home/airflow/.local/lib/python3.8/site-packages/airflow/example_dags/example_datasets.py
[2023-09-22T02:41:16.037+0000] {processor.py:829} INFO - Processing file /home/airflow/.local/lib/python3.8/site-packages/airflow/example_dags/example_datasets.py for tasks to queue
[2023-09-22T02:41:16.039+0000] {logging_mixin.py:151} INFO - [2023-09-22T02:41:16.039+0000] {dagbag.py:539} INFO - Filling up the DagBag from /home/airflow/.local/lib/python3.8/site-packages/airflow/example_dags/example_datasets.py
[2023-09-22T02:41:16.047+0000] {processor.py:839} INFO - DAG(s) dict_keys(['dataset_consumes_1_and_2', 'dataset_produces_2', 'dataset_consumes_unknown_never_scheduled', 'dataset_consumes_1_never_scheduled', 'dataset_consumes_1', 'dataset_produces_1']) retrieved from /home/airflow/.local/lib/python3.8/site-packages/airflow/example_dags/example_datasets.py
[2023-09-22T02:41:16.068+0000] {logging_mixin.py:151} INFO - [2023-09-22T02:41:16.068+0000] {dag.py:2907} INFO - Sync 6 DAGs
[2023-09-22T02:41:16.082+0000] {logging_mixin.py:151} INFO - [2023-09-22T02:41:16.082+0000] {dag.py:3677} INFO - Setting next_dagrun for dataset_consumes_1 to None, run_after=None
[2023-09-22T02:41:16.085+0000] {logging_mixin.py:151} INFO - [2023-09-22T02:41:16.085+0000] {dag.py:3677} INFO - Setting next_dagrun for dataset_consumes_1_and_2 to None, run_after=None
[2023-09-22T02:41:16.086+0000] {logging_mixin.py:151} INFO - [2023-09-22T02:41:16.085+0000] {dag.py:3677} INFO - Setting next_dagrun for dataset_consumes_1_never_scheduled to None, run_after=None
[2023-09-22T02:41:16.086+0000] {logging_mixin.py:151} INFO - [2023-09-22T02:41:16.086+0000] {dag.py:3677} INFO - Setting next_dagrun for dataset_consumes_unknown_never_scheduled to None, run_after=None
[2023-09-22T02:41:16.087+0000] {logging_mixin.py:151} INFO - [2023-09-22T02:41:16.087+0000] {dag.py:3677} INFO - Setting next_dagrun for dataset_produces_1 to 2023-09-21T00:00:00+00:00, run_after=2023-09-22T00:00:00+00:00
[2023-09-22T02:41:16.088+0000] {logging_mixin.py:151} INFO - [2023-09-22T02:41:16.088+0000] {dag.py:3677} INFO - Setting next_dagrun for dataset_produces_2 to None, run_after=None
[2023-09-22T02:41:16.103+0000] {processor.py:179} INFO - Processing /home/airflow/.local/lib/python3.8/site-packages/airflow/example_dags/example_datasets.py took 0.070 seconds
[2023-09-22T04:02:54.735+0000] {processor.py:157} INFO - Started process (PID=14009) to work on /home/airflow/.local/lib/python3.8/site-packages/airflow/example_dags/example_datasets.py
[2023-09-22T04:02:54.736+0000] {processor.py:829} INFO - Processing file /home/airflow/.local/lib/python3.8/site-packages/airflow/example_dags/example_datasets.py for tasks to queue
[2023-09-22T04:02:54.737+0000] {logging_mixin.py:151} INFO - [2023-09-22T04:02:54.737+0000] {dagbag.py:539} INFO - Filling up the DagBag from /home/airflow/.local/lib/python3.8/site-packages/airflow/example_dags/example_datasets.py
[2023-09-22T04:02:54.744+0000] {processor.py:839} INFO - DAG(s) dict_keys(['dataset_consumes_1_and_2', 'dataset_consumes_1', 'dataset_produces_1', 'dataset_consumes_1_never_scheduled', 'dataset_produces_2', 'dataset_consumes_unknown_never_scheduled']) retrieved from /home/airflow/.local/lib/python3.8/site-packages/airflow/example_dags/example_datasets.py
[2023-09-22T04:02:54.765+0000] {logging_mixin.py:151} INFO - [2023-09-22T04:02:54.765+0000] {dag.py:2907} INFO - Sync 6 DAGs
[2023-09-22T04:02:54.776+0000] {logging_mixin.py:151} INFO - [2023-09-22T04:02:54.776+0000] {dag.py:3677} INFO - Setting next_dagrun for dataset_consumes_1 to None, run_after=None
[2023-09-22T04:02:54.777+0000] {logging_mixin.py:151} INFO - [2023-09-22T04:02:54.777+0000] {dag.py:3677} INFO - Setting next_dagrun for dataset_consumes_1_and_2 to None, run_after=None
[2023-09-22T04:02:54.778+0000] {logging_mixin.py:151} INFO - [2023-09-22T04:02:54.778+0000] {dag.py:3677} INFO - Setting next_dagrun for dataset_consumes_1_never_scheduled to None, run_after=None
[2023-09-22T04:02:54.778+0000] {logging_mixin.py:151} INFO - [2023-09-22T04:02:54.778+0000] {dag.py:3677} INFO - Setting next_dagrun for dataset_consumes_unknown_never_scheduled to None, run_after=None
[2023-09-22T04:02:54.780+0000] {logging_mixin.py:151} INFO - [2023-09-22T04:02:54.780+0000] {dag.py:3677} INFO - Setting next_dagrun for dataset_produces_1 to 2023-09-21T00:00:00+00:00, run_after=2023-09-22T00:00:00+00:00
[2023-09-22T04:02:54.780+0000] {logging_mixin.py:151} INFO - [2023-09-22T04:02:54.780+0000] {dag.py:3677} INFO - Setting next_dagrun for dataset_produces_2 to None, run_after=None
[2023-09-22T04:02:54.797+0000] {processor.py:179} INFO - Processing /home/airflow/.local/lib/python3.8/site-packages/airflow/example_dags/example_datasets.py took 0.064 seconds
[2023-09-22T05:38:43.246+0000] {processor.py:157} INFO - Started process (PID=14056) to work on /home/airflow/.local/lib/python3.8/site-packages/airflow/example_dags/example_datasets.py
[2023-09-22T05:38:43.250+0000] {processor.py:829} INFO - Processing file /home/airflow/.local/lib/python3.8/site-packages/airflow/example_dags/example_datasets.py for tasks to queue
[2023-09-22T05:38:43.252+0000] {logging_mixin.py:151} INFO - [2023-09-22T05:38:43.252+0000] {dagbag.py:539} INFO - Filling up the DagBag from /home/airflow/.local/lib/python3.8/site-packages/airflow/example_dags/example_datasets.py
[2023-09-22T05:38:43.259+0000] {processor.py:839} INFO - DAG(s) dict_keys(['dataset_produces_2', 'dataset_consumes_1_never_scheduled', 'dataset_consumes_1_and_2', 'dataset_produces_1', 'dataset_consumes_unknown_never_scheduled', 'dataset_consumes_1']) retrieved from /home/airflow/.local/lib/python3.8/site-packages/airflow/example_dags/example_datasets.py
[2023-09-22T05:38:43.305+0000] {logging_mixin.py:151} INFO - [2023-09-22T05:38:43.305+0000] {dag.py:2907} INFO - Sync 6 DAGs
[2023-09-22T05:38:43.326+0000] {logging_mixin.py:151} INFO - [2023-09-22T05:38:43.326+0000] {dag.py:3677} INFO - Setting next_dagrun for dataset_consumes_1 to None, run_after=None
[2023-09-22T05:38:43.329+0000] {logging_mixin.py:151} INFO - [2023-09-22T05:38:43.329+0000] {dag.py:3677} INFO - Setting next_dagrun for dataset_consumes_1_and_2 to None, run_after=None
[2023-09-22T05:38:43.330+0000] {logging_mixin.py:151} INFO - [2023-09-22T05:38:43.330+0000] {dag.py:3677} INFO - Setting next_dagrun for dataset_consumes_1_never_scheduled to None, run_after=None
[2023-09-22T05:38:43.331+0000] {logging_mixin.py:151} INFO - [2023-09-22T05:38:43.331+0000] {dag.py:3677} INFO - Setting next_dagrun for dataset_consumes_unknown_never_scheduled to None, run_after=None
[2023-09-22T05:38:43.333+0000] {logging_mixin.py:151} INFO - [2023-09-22T05:38:43.333+0000] {dag.py:3677} INFO - Setting next_dagrun for dataset_produces_1 to 2023-09-21T00:00:00+00:00, run_after=2023-09-22T00:00:00+00:00
[2023-09-22T05:38:43.342+0000] {logging_mixin.py:151} INFO - [2023-09-22T05:38:43.342+0000] {dag.py:3677} INFO - Setting next_dagrun for dataset_produces_2 to None, run_after=None
[2023-09-22T05:38:43.361+0000] {processor.py:179} INFO - Processing /home/airflow/.local/lib/python3.8/site-packages/airflow/example_dags/example_datasets.py took 0.118 seconds
[2023-09-22T07:01:38.279+0000] {processor.py:157} INFO - Started process (PID=14103) to work on /home/airflow/.local/lib/python3.8/site-packages/airflow/example_dags/example_datasets.py
[2023-09-22T07:01:38.279+0000] {processor.py:829} INFO - Processing file /home/airflow/.local/lib/python3.8/site-packages/airflow/example_dags/example_datasets.py for tasks to queue
[2023-09-22T07:01:38.281+0000] {logging_mixin.py:151} INFO - [2023-09-22T07:01:38.280+0000] {dagbag.py:539} INFO - Filling up the DagBag from /home/airflow/.local/lib/python3.8/site-packages/airflow/example_dags/example_datasets.py
[2023-09-22T07:01:38.286+0000] {processor.py:839} INFO - DAG(s) dict_keys(['dataset_produces_2', 'dataset_produces_1', 'dataset_consumes_1_and_2', 'dataset_consumes_unknown_never_scheduled', 'dataset_consumes_1_never_scheduled', 'dataset_consumes_1']) retrieved from /home/airflow/.local/lib/python3.8/site-packages/airflow/example_dags/example_datasets.py
[2023-09-22T07:01:38.300+0000] {logging_mixin.py:151} INFO - [2023-09-22T07:01:38.300+0000] {dag.py:2907} INFO - Sync 6 DAGs
[2023-09-22T07:01:38.309+0000] {logging_mixin.py:151} INFO - [2023-09-22T07:01:38.309+0000] {dag.py:3677} INFO - Setting next_dagrun for dataset_consumes_1 to None, run_after=None
[2023-09-22T07:01:38.310+0000] {logging_mixin.py:151} INFO - [2023-09-22T07:01:38.310+0000] {dag.py:3677} INFO - Setting next_dagrun for dataset_consumes_1_and_2 to None, run_after=None
[2023-09-22T07:01:38.311+0000] {logging_mixin.py:151} INFO - [2023-09-22T07:01:38.311+0000] {dag.py:3677} INFO - Setting next_dagrun for dataset_consumes_1_never_scheduled to None, run_after=None
[2023-09-22T07:01:38.312+0000] {logging_mixin.py:151} INFO - [2023-09-22T07:01:38.311+0000] {dag.py:3677} INFO - Setting next_dagrun for dataset_consumes_unknown_never_scheduled to None, run_after=None
[2023-09-22T07:01:38.313+0000] {logging_mixin.py:151} INFO - [2023-09-22T07:01:38.313+0000] {dag.py:3677} INFO - Setting next_dagrun for dataset_produces_1 to 2023-09-21T00:00:00+00:00, run_after=2023-09-22T00:00:00+00:00
[2023-09-22T07:01:38.313+0000] {logging_mixin.py:151} INFO - [2023-09-22T07:01:38.313+0000] {dag.py:3677} INFO - Setting next_dagrun for dataset_produces_2 to None, run_after=None
[2023-09-22T07:01:38.324+0000] {processor.py:179} INFO - Processing /home/airflow/.local/lib/python3.8/site-packages/airflow/example_dags/example_datasets.py took 0.047 seconds
[2023-09-22T08:27:03.451+0000] {processor.py:157} INFO - Started process (PID=14150) to work on /home/airflow/.local/lib/python3.8/site-packages/airflow/example_dags/example_datasets.py
[2023-09-22T08:27:03.451+0000] {processor.py:829} INFO - Processing file /home/airflow/.local/lib/python3.8/site-packages/airflow/example_dags/example_datasets.py for tasks to queue
[2023-09-22T08:27:03.452+0000] {logging_mixin.py:151} INFO - [2023-09-22T08:27:03.452+0000] {dagbag.py:539} INFO - Filling up the DagBag from /home/airflow/.local/lib/python3.8/site-packages/airflow/example_dags/example_datasets.py
[2023-09-22T08:27:03.458+0000] {processor.py:839} INFO - DAG(s) dict_keys(['dataset_consumes_1_never_scheduled', 'dataset_produces_2', 'dataset_produces_1', 'dataset_consumes_1_and_2', 'dataset_consumes_1', 'dataset_consumes_unknown_never_scheduled']) retrieved from /home/airflow/.local/lib/python3.8/site-packages/airflow/example_dags/example_datasets.py
[2023-09-22T08:27:03.473+0000] {logging_mixin.py:151} INFO - [2023-09-22T08:27:03.473+0000] {dag.py:2907} INFO - Sync 6 DAGs
[2023-09-22T08:27:03.482+0000] {logging_mixin.py:151} INFO - [2023-09-22T08:27:03.482+0000] {dag.py:3677} INFO - Setting next_dagrun for dataset_consumes_1 to None, run_after=None
[2023-09-22T08:27:03.484+0000] {logging_mixin.py:151} INFO - [2023-09-22T08:27:03.483+0000] {dag.py:3677} INFO - Setting next_dagrun for dataset_consumes_1_and_2 to None, run_after=None
[2023-09-22T08:27:03.484+0000] {logging_mixin.py:151} INFO - [2023-09-22T08:27:03.484+0000] {dag.py:3677} INFO - Setting next_dagrun for dataset_consumes_1_never_scheduled to None, run_after=None
[2023-09-22T08:27:03.485+0000] {logging_mixin.py:151} INFO - [2023-09-22T08:27:03.485+0000] {dag.py:3677} INFO - Setting next_dagrun for dataset_consumes_unknown_never_scheduled to None, run_after=None
[2023-09-22T08:27:03.486+0000] {logging_mixin.py:151} INFO - [2023-09-22T08:27:03.486+0000] {dag.py:3677} INFO - Setting next_dagrun for dataset_produces_1 to 2023-09-21T00:00:00+00:00, run_after=2023-09-22T00:00:00+00:00
[2023-09-22T08:27:03.486+0000] {logging_mixin.py:151} INFO - [2023-09-22T08:27:03.486+0000] {dag.py:3677} INFO - Setting next_dagrun for dataset_produces_2 to None, run_after=None
[2023-09-22T08:27:03.497+0000] {processor.py:179} INFO - Processing /home/airflow/.local/lib/python3.8/site-packages/airflow/example_dags/example_datasets.py took 0.048 seconds
[2023-09-22T09:32:30.262+0000] {processor.py:157} INFO - Started process (PID=14197) to work on /home/airflow/.local/lib/python3.8/site-packages/airflow/example_dags/example_datasets.py
[2023-09-22T09:32:30.263+0000] {processor.py:829} INFO - Processing file /home/airflow/.local/lib/python3.8/site-packages/airflow/example_dags/example_datasets.py for tasks to queue
[2023-09-22T09:32:30.266+0000] {logging_mixin.py:151} INFO - [2023-09-22T09:32:30.266+0000] {dagbag.py:539} INFO - Filling up the DagBag from /home/airflow/.local/lib/python3.8/site-packages/airflow/example_dags/example_datasets.py
[2023-09-22T09:32:30.273+0000] {processor.py:839} INFO - DAG(s) dict_keys(['dataset_produces_1', 'dataset_consumes_unknown_never_scheduled', 'dataset_consumes_1', 'dataset_consumes_1_and_2', 'dataset_consumes_1_never_scheduled', 'dataset_produces_2']) retrieved from /home/airflow/.local/lib/python3.8/site-packages/airflow/example_dags/example_datasets.py
[2023-09-22T09:32:30.288+0000] {logging_mixin.py:151} INFO - [2023-09-22T09:32:30.288+0000] {dag.py:2907} INFO - Sync 6 DAGs
[2023-09-22T09:32:30.298+0000] {logging_mixin.py:151} INFO - [2023-09-22T09:32:30.298+0000] {dag.py:3677} INFO - Setting next_dagrun for dataset_consumes_1 to None, run_after=None
[2023-09-22T09:32:30.300+0000] {logging_mixin.py:151} INFO - [2023-09-22T09:32:30.300+0000] {dag.py:3677} INFO - Setting next_dagrun for dataset_consumes_1_and_2 to None, run_after=None
[2023-09-22T09:32:30.300+0000] {logging_mixin.py:151} INFO - [2023-09-22T09:32:30.300+0000] {dag.py:3677} INFO - Setting next_dagrun for dataset_consumes_1_never_scheduled to None, run_after=None
[2023-09-22T09:32:30.301+0000] {logging_mixin.py:151} INFO - [2023-09-22T09:32:30.301+0000] {dag.py:3677} INFO - Setting next_dagrun for dataset_consumes_unknown_never_scheduled to None, run_after=None
[2023-09-22T09:32:30.302+0000] {logging_mixin.py:151} INFO - [2023-09-22T09:32:30.302+0000] {dag.py:3677} INFO - Setting next_dagrun for dataset_produces_1 to 2023-09-21T00:00:00+00:00, run_after=2023-09-22T00:00:00+00:00
[2023-09-22T09:32:30.303+0000] {logging_mixin.py:151} INFO - [2023-09-22T09:32:30.303+0000] {dag.py:3677} INFO - Setting next_dagrun for dataset_produces_2 to None, run_after=None
[2023-09-22T09:32:30.316+0000] {processor.py:179} INFO - Processing /home/airflow/.local/lib/python3.8/site-packages/airflow/example_dags/example_datasets.py took 0.055 seconds
[2023-09-22T09:50:52.264+0000] {processor.py:157} INFO - Started process (PID=14244) to work on /home/airflow/.local/lib/python3.8/site-packages/airflow/example_dags/example_datasets.py
[2023-09-22T09:50:52.264+0000] {processor.py:829} INFO - Processing file /home/airflow/.local/lib/python3.8/site-packages/airflow/example_dags/example_datasets.py for tasks to queue
[2023-09-22T09:50:52.266+0000] {logging_mixin.py:151} INFO - [2023-09-22T09:50:52.266+0000] {dagbag.py:539} INFO - Filling up the DagBag from /home/airflow/.local/lib/python3.8/site-packages/airflow/example_dags/example_datasets.py
[2023-09-22T09:50:52.272+0000] {processor.py:839} INFO - DAG(s) dict_keys(['dataset_consumes_1_and_2', 'dataset_consumes_1_never_scheduled', 'dataset_produces_1', 'dataset_consumes_1', 'dataset_consumes_unknown_never_scheduled', 'dataset_produces_2']) retrieved from /home/airflow/.local/lib/python3.8/site-packages/airflow/example_dags/example_datasets.py
[2023-09-22T09:50:52.290+0000] {logging_mixin.py:151} INFO - [2023-09-22T09:50:52.290+0000] {dag.py:2907} INFO - Sync 6 DAGs
[2023-09-22T09:50:52.301+0000] {logging_mixin.py:151} INFO - [2023-09-22T09:50:52.301+0000] {dag.py:3677} INFO - Setting next_dagrun for dataset_consumes_1 to None, run_after=None
[2023-09-22T09:50:52.302+0000] {logging_mixin.py:151} INFO - [2023-09-22T09:50:52.302+0000] {dag.py:3677} INFO - Setting next_dagrun for dataset_consumes_1_and_2 to None, run_after=None
[2023-09-22T09:50:52.303+0000] {logging_mixin.py:151} INFO - [2023-09-22T09:50:52.303+0000] {dag.py:3677} INFO - Setting next_dagrun for dataset_consumes_1_never_scheduled to None, run_after=None
[2023-09-22T09:50:52.304+0000] {logging_mixin.py:151} INFO - [2023-09-22T09:50:52.303+0000] {dag.py:3677} INFO - Setting next_dagrun for dataset_consumes_unknown_never_scheduled to None, run_after=None
[2023-09-22T09:50:52.305+0000] {logging_mixin.py:151} INFO - [2023-09-22T09:50:52.305+0000] {dag.py:3677} INFO - Setting next_dagrun for dataset_produces_1 to 2023-09-21T00:00:00+00:00, run_after=2023-09-22T00:00:00+00:00
[2023-09-22T09:50:52.305+0000] {logging_mixin.py:151} INFO - [2023-09-22T09:50:52.305+0000] {dag.py:3677} INFO - Setting next_dagrun for dataset_produces_2 to None, run_after=None
[2023-09-22T09:50:52.319+0000] {processor.py:179} INFO - Processing /home/airflow/.local/lib/python3.8/site-packages/airflow/example_dags/example_datasets.py took 0.058 seconds
[2023-09-22T10:29:16.864+0000] {processor.py:157} INFO - Started process (PID=14291) to work on /home/airflow/.local/lib/python3.8/site-packages/airflow/example_dags/example_datasets.py
[2023-09-22T10:29:16.865+0000] {processor.py:829} INFO - Processing file /home/airflow/.local/lib/python3.8/site-packages/airflow/example_dags/example_datasets.py for tasks to queue
[2023-09-22T10:29:16.866+0000] {logging_mixin.py:151} INFO - [2023-09-22T10:29:16.866+0000] {dagbag.py:539} INFO - Filling up the DagBag from /home/airflow/.local/lib/python3.8/site-packages/airflow/example_dags/example_datasets.py
[2023-09-22T10:29:16.874+0000] {processor.py:839} INFO - DAG(s) dict_keys(['dataset_consumes_1', 'dataset_produces_2', 'dataset_consumes_unknown_never_scheduled', 'dataset_consumes_1_never_scheduled', 'dataset_consumes_1_and_2', 'dataset_produces_1']) retrieved from /home/airflow/.local/lib/python3.8/site-packages/airflow/example_dags/example_datasets.py
[2023-09-22T10:29:16.894+0000] {logging_mixin.py:151} INFO - [2023-09-22T10:29:16.894+0000] {dag.py:2907} INFO - Sync 6 DAGs
[2023-09-22T10:29:16.904+0000] {logging_mixin.py:151} INFO - [2023-09-22T10:29:16.904+0000] {dag.py:3677} INFO - Setting next_dagrun for dataset_consumes_1 to None, run_after=None
[2023-09-22T10:29:16.905+0000] {logging_mixin.py:151} INFO - [2023-09-22T10:29:16.905+0000] {dag.py:3677} INFO - Setting next_dagrun for dataset_consumes_1_and_2 to None, run_after=None
[2023-09-22T10:29:16.906+0000] {logging_mixin.py:151} INFO - [2023-09-22T10:29:16.906+0000] {dag.py:3677} INFO - Setting next_dagrun for dataset_consumes_1_never_scheduled to None, run_after=None
[2023-09-22T10:29:16.907+0000] {logging_mixin.py:151} INFO - [2023-09-22T10:29:16.907+0000] {dag.py:3677} INFO - Setting next_dagrun for dataset_consumes_unknown_never_scheduled to None, run_after=None
[2023-09-22T10:29:16.908+0000] {logging_mixin.py:151} INFO - [2023-09-22T10:29:16.908+0000] {dag.py:3677} INFO - Setting next_dagrun for dataset_produces_1 to 2023-09-21T00:00:00+00:00, run_after=2023-09-22T00:00:00+00:00
[2023-09-22T10:29:16.908+0000] {logging_mixin.py:151} INFO - [2023-09-22T10:29:16.908+0000] {dag.py:3677} INFO - Setting next_dagrun for dataset_produces_2 to None, run_after=None
[2023-09-22T10:29:16.922+0000] {processor.py:179} INFO - Processing /home/airflow/.local/lib/python3.8/site-packages/airflow/example_dags/example_datasets.py took 0.060 seconds
[2023-09-22T11:35:44.737+0000] {processor.py:157} INFO - Started process (PID=14338) to work on /home/airflow/.local/lib/python3.8/site-packages/airflow/example_dags/example_datasets.py
[2023-09-22T11:35:44.738+0000] {processor.py:829} INFO - Processing file /home/airflow/.local/lib/python3.8/site-packages/airflow/example_dags/example_datasets.py for tasks to queue
[2023-09-22T11:35:44.739+0000] {logging_mixin.py:151} INFO - [2023-09-22T11:35:44.739+0000] {dagbag.py:539} INFO - Filling up the DagBag from /home/airflow/.local/lib/python3.8/site-packages/airflow/example_dags/example_datasets.py
[2023-09-22T11:35:44.744+0000] {processor.py:839} INFO - DAG(s) dict_keys(['dataset_consumes_1_never_scheduled', 'dataset_produces_1', 'dataset_consumes_unknown_never_scheduled', 'dataset_consumes_1', 'dataset_consumes_1_and_2', 'dataset_produces_2']) retrieved from /home/airflow/.local/lib/python3.8/site-packages/airflow/example_dags/example_datasets.py
[2023-09-22T11:35:44.760+0000] {logging_mixin.py:151} INFO - [2023-09-22T11:35:44.760+0000] {dag.py:2907} INFO - Sync 6 DAGs
[2023-09-22T11:35:44.771+0000] {logging_mixin.py:151} INFO - [2023-09-22T11:35:44.771+0000] {dag.py:3677} INFO - Setting next_dagrun for dataset_consumes_1 to None, run_after=None
[2023-09-22T11:35:44.772+0000] {logging_mixin.py:151} INFO - [2023-09-22T11:35:44.772+0000] {dag.py:3677} INFO - Setting next_dagrun for dataset_consumes_1_and_2 to None, run_after=None
[2023-09-22T11:35:44.773+0000] {logging_mixin.py:151} INFO - [2023-09-22T11:35:44.773+0000] {dag.py:3677} INFO - Setting next_dagrun for dataset_consumes_1_never_scheduled to None, run_after=None
[2023-09-22T11:35:44.773+0000] {logging_mixin.py:151} INFO - [2023-09-22T11:35:44.773+0000] {dag.py:3677} INFO - Setting next_dagrun for dataset_consumes_unknown_never_scheduled to None, run_after=None
[2023-09-22T11:35:44.774+0000] {logging_mixin.py:151} INFO - [2023-09-22T11:35:44.774+0000] {dag.py:3677} INFO - Setting next_dagrun for dataset_produces_1 to 2023-09-21T00:00:00+00:00, run_after=2023-09-22T00:00:00+00:00
[2023-09-22T11:35:44.775+0000] {logging_mixin.py:151} INFO - [2023-09-22T11:35:44.775+0000] {dag.py:3677} INFO - Setting next_dagrun for dataset_produces_2 to None, run_after=None
[2023-09-22T11:35:44.789+0000] {processor.py:179} INFO - Processing /home/airflow/.local/lib/python3.8/site-packages/airflow/example_dags/example_datasets.py took 0.054 seconds
[2023-09-22T12:57:17.283+0000] {processor.py:157} INFO - Started process (PID=14385) to work on /home/airflow/.local/lib/python3.8/site-packages/airflow/example_dags/example_datasets.py
[2023-09-22T12:57:17.284+0000] {processor.py:829} INFO - Processing file /home/airflow/.local/lib/python3.8/site-packages/airflow/example_dags/example_datasets.py for tasks to queue
[2023-09-22T12:57:17.285+0000] {logging_mixin.py:151} INFO - [2023-09-22T12:57:17.285+0000] {dagbag.py:539} INFO - Filling up the DagBag from /home/airflow/.local/lib/python3.8/site-packages/airflow/example_dags/example_datasets.py
[2023-09-22T12:57:17.290+0000] {processor.py:839} INFO - DAG(s) dict_keys(['dataset_consumes_1_and_2', 'dataset_consumes_1', 'dataset_consumes_1_never_scheduled', 'dataset_produces_2', 'dataset_produces_1', 'dataset_consumes_unknown_never_scheduled']) retrieved from /home/airflow/.local/lib/python3.8/site-packages/airflow/example_dags/example_datasets.py
[2023-09-22T12:57:17.305+0000] {logging_mixin.py:151} INFO - [2023-09-22T12:57:17.305+0000] {dag.py:2907} INFO - Sync 6 DAGs
[2023-09-22T12:57:17.316+0000] {logging_mixin.py:151} INFO - [2023-09-22T12:57:17.316+0000] {dag.py:3677} INFO - Setting next_dagrun for dataset_consumes_1 to None, run_after=None
[2023-09-22T12:57:17.317+0000] {logging_mixin.py:151} INFO - [2023-09-22T12:57:17.317+0000] {dag.py:3677} INFO - Setting next_dagrun for dataset_consumes_1_and_2 to None, run_after=None
[2023-09-22T12:57:17.318+0000] {logging_mixin.py:151} INFO - [2023-09-22T12:57:17.318+0000] {dag.py:3677} INFO - Setting next_dagrun for dataset_consumes_1_never_scheduled to None, run_after=None
[2023-09-22T12:57:17.319+0000] {logging_mixin.py:151} INFO - [2023-09-22T12:57:17.319+0000] {dag.py:3677} INFO - Setting next_dagrun for dataset_consumes_unknown_never_scheduled to None, run_after=None
[2023-09-22T12:57:17.320+0000] {logging_mixin.py:151} INFO - [2023-09-22T12:57:17.320+0000] {dag.py:3677} INFO - Setting next_dagrun for dataset_produces_1 to 2023-09-21T00:00:00+00:00, run_after=2023-09-22T00:00:00+00:00
[2023-09-22T12:57:17.320+0000] {logging_mixin.py:151} INFO - [2023-09-22T12:57:17.320+0000] {dag.py:3677} INFO - Setting next_dagrun for dataset_produces_2 to None, run_after=None
[2023-09-22T12:57:17.331+0000] {processor.py:179} INFO - Processing /home/airflow/.local/lib/python3.8/site-packages/airflow/example_dags/example_datasets.py took 0.050 seconds
[2023-09-22T14:36:57.306+0000] {processor.py:157} INFO - Started process (PID=14432) to work on /home/airflow/.local/lib/python3.8/site-packages/airflow/example_dags/example_datasets.py
[2023-09-22T14:36:57.306+0000] {processor.py:829} INFO - Processing file /home/airflow/.local/lib/python3.8/site-packages/airflow/example_dags/example_datasets.py for tasks to queue
[2023-09-22T14:36:57.308+0000] {logging_mixin.py:151} INFO - [2023-09-22T14:36:57.307+0000] {dagbag.py:539} INFO - Filling up the DagBag from /home/airflow/.local/lib/python3.8/site-packages/airflow/example_dags/example_datasets.py
[2023-09-22T14:36:57.313+0000] {processor.py:839} INFO - DAG(s) dict_keys(['dataset_produces_1', 'dataset_consumes_1', 'dataset_consumes_1_and_2', 'dataset_consumes_1_never_scheduled', 'dataset_consumes_unknown_never_scheduled', 'dataset_produces_2']) retrieved from /home/airflow/.local/lib/python3.8/site-packages/airflow/example_dags/example_datasets.py
[2023-09-22T14:36:57.328+0000] {logging_mixin.py:151} INFO - [2023-09-22T14:36:57.328+0000] {dag.py:2907} INFO - Sync 6 DAGs
[2023-09-22T14:36:57.339+0000] {logging_mixin.py:151} INFO - [2023-09-22T14:36:57.338+0000] {dag.py:3677} INFO - Setting next_dagrun for dataset_consumes_1 to None, run_after=None
[2023-09-22T14:36:57.341+0000] {logging_mixin.py:151} INFO - [2023-09-22T14:36:57.341+0000] {dag.py:3677} INFO - Setting next_dagrun for dataset_consumes_1_and_2 to None, run_after=None
[2023-09-22T14:36:57.341+0000] {logging_mixin.py:151} INFO - [2023-09-22T14:36:57.341+0000] {dag.py:3677} INFO - Setting next_dagrun for dataset_consumes_1_never_scheduled to None, run_after=None
[2023-09-22T14:36:57.342+0000] {logging_mixin.py:151} INFO - [2023-09-22T14:36:57.342+0000] {dag.py:3677} INFO - Setting next_dagrun for dataset_consumes_unknown_never_scheduled to None, run_after=None
[2023-09-22T14:36:57.343+0000] {logging_mixin.py:151} INFO - [2023-09-22T14:36:57.343+0000] {dag.py:3677} INFO - Setting next_dagrun for dataset_produces_1 to 2023-09-21T00:00:00+00:00, run_after=2023-09-22T00:00:00+00:00
[2023-09-22T14:36:57.344+0000] {logging_mixin.py:151} INFO - [2023-09-22T14:36:57.344+0000] {dag.py:3677} INFO - Setting next_dagrun for dataset_produces_2 to None, run_after=None
[2023-09-22T14:36:57.356+0000] {processor.py:179} INFO - Processing /home/airflow/.local/lib/python3.8/site-packages/airflow/example_dags/example_datasets.py took 0.052 seconds
[2023-09-22T16:18:35.934+0000] {processor.py:157} INFO - Started process (PID=14479) to work on /home/airflow/.local/lib/python3.8/site-packages/airflow/example_dags/example_datasets.py
[2023-09-22T16:18:35.935+0000] {processor.py:829} INFO - Processing file /home/airflow/.local/lib/python3.8/site-packages/airflow/example_dags/example_datasets.py for tasks to queue
[2023-09-22T16:18:35.936+0000] {logging_mixin.py:151} INFO - [2023-09-22T16:18:35.936+0000] {dagbag.py:539} INFO - Filling up the DagBag from /home/airflow/.local/lib/python3.8/site-packages/airflow/example_dags/example_datasets.py
[2023-09-22T16:18:35.942+0000] {processor.py:839} INFO - DAG(s) dict_keys(['dataset_consumes_1_and_2', 'dataset_produces_1', 'dataset_consumes_1', 'dataset_produces_2', 'dataset_consumes_1_never_scheduled', 'dataset_consumes_unknown_never_scheduled']) retrieved from /home/airflow/.local/lib/python3.8/site-packages/airflow/example_dags/example_datasets.py
[2023-09-22T16:18:35.957+0000] {logging_mixin.py:151} INFO - [2023-09-22T16:18:35.957+0000] {dag.py:2907} INFO - Sync 6 DAGs
[2023-09-22T16:18:35.968+0000] {logging_mixin.py:151} INFO - [2023-09-22T16:18:35.967+0000] {dag.py:3677} INFO - Setting next_dagrun for dataset_consumes_1 to None, run_after=None
[2023-09-22T16:18:35.969+0000] {logging_mixin.py:151} INFO - [2023-09-22T16:18:35.969+0000] {dag.py:3677} INFO - Setting next_dagrun for dataset_consumes_1_and_2 to None, run_after=None
[2023-09-22T16:18:35.970+0000] {logging_mixin.py:151} INFO - [2023-09-22T16:18:35.970+0000] {dag.py:3677} INFO - Setting next_dagrun for dataset_consumes_1_never_scheduled to None, run_after=None
[2023-09-22T16:18:35.970+0000] {logging_mixin.py:151} INFO - [2023-09-22T16:18:35.970+0000] {dag.py:3677} INFO - Setting next_dagrun for dataset_consumes_unknown_never_scheduled to None, run_after=None
[2023-09-22T16:18:35.971+0000] {logging_mixin.py:151} INFO - [2023-09-22T16:18:35.971+0000] {dag.py:3677} INFO - Setting next_dagrun for dataset_produces_1 to 2023-09-21T00:00:00+00:00, run_after=2023-09-22T00:00:00+00:00
[2023-09-22T16:18:35.972+0000] {logging_mixin.py:151} INFO - [2023-09-22T16:18:35.972+0000] {dag.py:3677} INFO - Setting next_dagrun for dataset_produces_2 to None, run_after=None
[2023-09-22T16:18:35.984+0000] {processor.py:179} INFO - Processing /home/airflow/.local/lib/python3.8/site-packages/airflow/example_dags/example_datasets.py took 0.052 seconds
[2023-09-22T17:42:59.096+0000] {processor.py:157} INFO - Started process (PID=14526) to work on /home/airflow/.local/lib/python3.8/site-packages/airflow/example_dags/example_datasets.py
[2023-09-22T17:42:59.097+0000] {processor.py:829} INFO - Processing file /home/airflow/.local/lib/python3.8/site-packages/airflow/example_dags/example_datasets.py for tasks to queue
[2023-09-22T17:42:59.098+0000] {logging_mixin.py:151} INFO - [2023-09-22T17:42:59.098+0000] {dagbag.py:539} INFO - Filling up the DagBag from /home/airflow/.local/lib/python3.8/site-packages/airflow/example_dags/example_datasets.py
[2023-09-22T17:42:59.104+0000] {processor.py:839} INFO - DAG(s) dict_keys(['dataset_consumes_1', 'dataset_produces_2', 'dataset_consumes_1_never_scheduled', 'dataset_consumes_1_and_2', 'dataset_consumes_unknown_never_scheduled', 'dataset_produces_1']) retrieved from /home/airflow/.local/lib/python3.8/site-packages/airflow/example_dags/example_datasets.py
[2023-09-22T17:42:59.120+0000] {logging_mixin.py:151} INFO - [2023-09-22T17:42:59.119+0000] {dag.py:2907} INFO - Sync 6 DAGs
[2023-09-22T17:42:59.130+0000] {logging_mixin.py:151} INFO - [2023-09-22T17:42:59.130+0000] {dag.py:3677} INFO - Setting next_dagrun for dataset_consumes_1 to None, run_after=None
[2023-09-22T17:42:59.132+0000] {logging_mixin.py:151} INFO - [2023-09-22T17:42:59.132+0000] {dag.py:3677} INFO - Setting next_dagrun for dataset_consumes_1_and_2 to None, run_after=None
[2023-09-22T17:42:59.132+0000] {logging_mixin.py:151} INFO - [2023-09-22T17:42:59.132+0000] {dag.py:3677} INFO - Setting next_dagrun for dataset_consumes_1_never_scheduled to None, run_after=None
[2023-09-22T17:42:59.133+0000] {logging_mixin.py:151} INFO - [2023-09-22T17:42:59.133+0000] {dag.py:3677} INFO - Setting next_dagrun for dataset_consumes_unknown_never_scheduled to None, run_after=None
[2023-09-22T17:42:59.134+0000] {logging_mixin.py:151} INFO - [2023-09-22T17:42:59.134+0000] {dag.py:3677} INFO - Setting next_dagrun for dataset_produces_1 to 2023-09-21T00:00:00+00:00, run_after=2023-09-22T00:00:00+00:00
[2023-09-22T17:42:59.135+0000] {logging_mixin.py:151} INFO - [2023-09-22T17:42:59.135+0000] {dag.py:3677} INFO - Setting next_dagrun for dataset_produces_2 to None, run_after=None
[2023-09-22T17:42:59.147+0000] {processor.py:179} INFO - Processing /home/airflow/.local/lib/python3.8/site-packages/airflow/example_dags/example_datasets.py took 0.053 seconds
[2023-09-22T19:24:05.184+0000] {processor.py:157} INFO - Started process (PID=14573) to work on /home/airflow/.local/lib/python3.8/site-packages/airflow/example_dags/example_datasets.py
[2023-09-22T19:24:05.184+0000] {processor.py:829} INFO - Processing file /home/airflow/.local/lib/python3.8/site-packages/airflow/example_dags/example_datasets.py for tasks to queue
[2023-09-22T19:24:05.186+0000] {logging_mixin.py:151} INFO - [2023-09-22T19:24:05.185+0000] {dagbag.py:539} INFO - Filling up the DagBag from /home/airflow/.local/lib/python3.8/site-packages/airflow/example_dags/example_datasets.py
[2023-09-22T19:24:05.191+0000] {processor.py:839} INFO - DAG(s) dict_keys(['dataset_produces_2', 'dataset_produces_1', 'dataset_consumes_1', 'dataset_consumes_1_never_scheduled', 'dataset_consumes_1_and_2', 'dataset_consumes_unknown_never_scheduled']) retrieved from /home/airflow/.local/lib/python3.8/site-packages/airflow/example_dags/example_datasets.py
[2023-09-22T19:24:05.209+0000] {logging_mixin.py:151} INFO - [2023-09-22T19:24:05.209+0000] {dag.py:2907} INFO - Sync 6 DAGs
[2023-09-22T19:24:05.219+0000] {logging_mixin.py:151} INFO - [2023-09-22T19:24:05.219+0000] {dag.py:3677} INFO - Setting next_dagrun for dataset_consumes_1 to None, run_after=None
[2023-09-22T19:24:05.221+0000] {logging_mixin.py:151} INFO - [2023-09-22T19:24:05.221+0000] {dag.py:3677} INFO - Setting next_dagrun for dataset_consumes_1_and_2 to None, run_after=None
[2023-09-22T19:24:05.221+0000] {logging_mixin.py:151} INFO - [2023-09-22T19:24:05.221+0000] {dag.py:3677} INFO - Setting next_dagrun for dataset_consumes_1_never_scheduled to None, run_after=None
[2023-09-22T19:24:05.222+0000] {logging_mixin.py:151} INFO - [2023-09-22T19:24:05.222+0000] {dag.py:3677} INFO - Setting next_dagrun for dataset_consumes_unknown_never_scheduled to None, run_after=None
[2023-09-22T19:24:05.223+0000] {logging_mixin.py:151} INFO - [2023-09-22T19:24:05.223+0000] {dag.py:3677} INFO - Setting next_dagrun for dataset_produces_1 to 2023-09-21T00:00:00+00:00, run_after=2023-09-22T00:00:00+00:00
[2023-09-22T19:24:05.224+0000] {logging_mixin.py:151} INFO - [2023-09-22T19:24:05.224+0000] {dag.py:3677} INFO - Setting next_dagrun for dataset_produces_2 to None, run_after=None
[2023-09-22T19:24:05.237+0000] {processor.py:179} INFO - Processing /home/airflow/.local/lib/python3.8/site-packages/airflow/example_dags/example_datasets.py took 0.056 seconds
[2023-09-22T21:00:33.561+0000] {processor.py:157} INFO - Started process (PID=14620) to work on /home/airflow/.local/lib/python3.8/site-packages/airflow/example_dags/example_datasets.py
[2023-09-22T21:00:33.561+0000] {processor.py:829} INFO - Processing file /home/airflow/.local/lib/python3.8/site-packages/airflow/example_dags/example_datasets.py for tasks to queue
[2023-09-22T21:00:33.562+0000] {logging_mixin.py:151} INFO - [2023-09-22T21:00:33.562+0000] {dagbag.py:539} INFO - Filling up the DagBag from /home/airflow/.local/lib/python3.8/site-packages/airflow/example_dags/example_datasets.py
[2023-09-22T21:00:33.568+0000] {processor.py:839} INFO - DAG(s) dict_keys(['dataset_produces_1', 'dataset_consumes_1_and_2', 'dataset_consumes_unknown_never_scheduled', 'dataset_consumes_1_never_scheduled', 'dataset_produces_2', 'dataset_consumes_1']) retrieved from /home/airflow/.local/lib/python3.8/site-packages/airflow/example_dags/example_datasets.py
[2023-09-22T21:00:33.582+0000] {logging_mixin.py:151} INFO - [2023-09-22T21:00:33.582+0000] {dag.py:2907} INFO - Sync 6 DAGs
[2023-09-22T21:00:33.592+0000] {logging_mixin.py:151} INFO - [2023-09-22T21:00:33.592+0000] {dag.py:3677} INFO - Setting next_dagrun for dataset_consumes_1 to None, run_after=None
[2023-09-22T21:00:33.593+0000] {logging_mixin.py:151} INFO - [2023-09-22T21:00:33.593+0000] {dag.py:3677} INFO - Setting next_dagrun for dataset_consumes_1_and_2 to None, run_after=None
[2023-09-22T21:00:33.594+0000] {logging_mixin.py:151} INFO - [2023-09-22T21:00:33.594+0000] {dag.py:3677} INFO - Setting next_dagrun for dataset_consumes_1_never_scheduled to None, run_after=None
[2023-09-22T21:00:33.594+0000] {logging_mixin.py:151} INFO - [2023-09-22T21:00:33.594+0000] {dag.py:3677} INFO - Setting next_dagrun for dataset_consumes_unknown_never_scheduled to None, run_after=None
[2023-09-22T21:00:33.595+0000] {logging_mixin.py:151} INFO - [2023-09-22T21:00:33.595+0000] {dag.py:3677} INFO - Setting next_dagrun for dataset_produces_1 to 2023-09-21T00:00:00+00:00, run_after=2023-09-22T00:00:00+00:00
[2023-09-22T21:00:33.596+0000] {logging_mixin.py:151} INFO - [2023-09-22T21:00:33.596+0000] {dag.py:3677} INFO - Setting next_dagrun for dataset_produces_2 to None, run_after=None
[2023-09-22T21:00:33.607+0000] {processor.py:179} INFO - Processing /home/airflow/.local/lib/python3.8/site-packages/airflow/example_dags/example_datasets.py took 0.048 seconds
[2023-09-22T22:21:53.208+0000] {processor.py:157} INFO - Started process (PID=14667) to work on /home/airflow/.local/lib/python3.8/site-packages/airflow/example_dags/example_datasets.py
[2023-09-22T22:21:53.209+0000] {processor.py:829} INFO - Processing file /home/airflow/.local/lib/python3.8/site-packages/airflow/example_dags/example_datasets.py for tasks to queue
[2023-09-22T22:21:53.211+0000] {logging_mixin.py:151} INFO - [2023-09-22T22:21:53.211+0000] {dagbag.py:539} INFO - Filling up the DagBag from /home/airflow/.local/lib/python3.8/site-packages/airflow/example_dags/example_datasets.py
[2023-09-22T22:21:53.219+0000] {processor.py:839} INFO - DAG(s) dict_keys(['dataset_consumes_1_never_scheduled', 'dataset_produces_1', 'dataset_produces_2', 'dataset_consumes_unknown_never_scheduled', 'dataset_consumes_1_and_2', 'dataset_consumes_1']) retrieved from /home/airflow/.local/lib/python3.8/site-packages/airflow/example_dags/example_datasets.py
[2023-09-22T22:21:53.240+0000] {logging_mixin.py:151} INFO - [2023-09-22T22:21:53.240+0000] {dag.py:2907} INFO - Sync 6 DAGs
[2023-09-22T22:21:53.257+0000] {logging_mixin.py:151} INFO - [2023-09-22T22:21:53.257+0000] {dag.py:3677} INFO - Setting next_dagrun for dataset_consumes_1 to None, run_after=None
[2023-09-22T22:21:53.259+0000] {logging_mixin.py:151} INFO - [2023-09-22T22:21:53.259+0000] {dag.py:3677} INFO - Setting next_dagrun for dataset_consumes_1_and_2 to None, run_after=None
[2023-09-22T22:21:53.260+0000] {logging_mixin.py:151} INFO - [2023-09-22T22:21:53.260+0000] {dag.py:3677} INFO - Setting next_dagrun for dataset_consumes_1_never_scheduled to None, run_after=None
[2023-09-22T22:21:53.260+0000] {logging_mixin.py:151} INFO - [2023-09-22T22:21:53.260+0000] {dag.py:3677} INFO - Setting next_dagrun for dataset_consumes_unknown_never_scheduled to None, run_after=None
[2023-09-22T22:21:53.262+0000] {logging_mixin.py:151} INFO - [2023-09-22T22:21:53.262+0000] {dag.py:3677} INFO - Setting next_dagrun for dataset_produces_1 to 2023-09-21T00:00:00+00:00, run_after=2023-09-22T00:00:00+00:00
[2023-09-22T22:21:53.262+0000] {logging_mixin.py:151} INFO - [2023-09-22T22:21:53.262+0000] {dag.py:3677} INFO - Setting next_dagrun for dataset_produces_2 to None, run_after=None
[2023-09-22T22:21:53.274+0000] {processor.py:179} INFO - Processing /home/airflow/.local/lib/python3.8/site-packages/airflow/example_dags/example_datasets.py took 0.070 seconds
[2023-09-22T23:59:51.809+0000] {processor.py:157} INFO - Started process (PID=14714) to work on /home/airflow/.local/lib/python3.8/site-packages/airflow/example_dags/example_datasets.py
[2023-09-22T23:59:51.810+0000] {processor.py:829} INFO - Processing file /home/airflow/.local/lib/python3.8/site-packages/airflow/example_dags/example_datasets.py for tasks to queue
[2023-09-22T23:59:51.811+0000] {logging_mixin.py:151} INFO - [2023-09-22T23:59:51.811+0000] {dagbag.py:539} INFO - Filling up the DagBag from /home/airflow/.local/lib/python3.8/site-packages/airflow/example_dags/example_datasets.py
[2023-09-22T23:59:51.817+0000] {processor.py:839} INFO - DAG(s) dict_keys(['dataset_consumes_1_never_scheduled', 'dataset_consumes_unknown_never_scheduled', 'dataset_consumes_1_and_2', 'dataset_produces_1', 'dataset_consumes_1', 'dataset_produces_2']) retrieved from /home/airflow/.local/lib/python3.8/site-packages/airflow/example_dags/example_datasets.py
[2023-09-22T23:59:51.836+0000] {logging_mixin.py:151} INFO - [2023-09-22T23:59:51.836+0000] {dag.py:2907} INFO - Sync 6 DAGs
[2023-09-22T23:59:51.848+0000] {logging_mixin.py:151} INFO - [2023-09-22T23:59:51.848+0000] {dag.py:3677} INFO - Setting next_dagrun for dataset_consumes_1 to None, run_after=None
[2023-09-22T23:59:51.850+0000] {logging_mixin.py:151} INFO - [2023-09-22T23:59:51.850+0000] {dag.py:3677} INFO - Setting next_dagrun for dataset_consumes_1_and_2 to None, run_after=None
[2023-09-22T23:59:51.850+0000] {logging_mixin.py:151} INFO - [2023-09-22T23:59:51.850+0000] {dag.py:3677} INFO - Setting next_dagrun for dataset_consumes_1_never_scheduled to None, run_after=None
[2023-09-22T23:59:51.851+0000] {logging_mixin.py:151} INFO - [2023-09-22T23:59:51.851+0000] {dag.py:3677} INFO - Setting next_dagrun for dataset_consumes_unknown_never_scheduled to None, run_after=None
[2023-09-22T23:59:51.852+0000] {logging_mixin.py:151} INFO - [2023-09-22T23:59:51.852+0000] {dag.py:3677} INFO - Setting next_dagrun for dataset_produces_1 to 2023-09-21T00:00:00+00:00, run_after=2023-09-22T00:00:00+00:00
[2023-09-22T23:59:51.853+0000] {logging_mixin.py:151} INFO - [2023-09-22T23:59:51.853+0000] {dag.py:3677} INFO - Setting next_dagrun for dataset_produces_2 to None, run_after=None
[2023-09-22T23:59:51.866+0000] {processor.py:179} INFO - Processing /home/airflow/.local/lib/python3.8/site-packages/airflow/example_dags/example_datasets.py took 0.059 seconds
