[2023-09-22T01:06:21.580+0000] {processor.py:157} INFO - Started process (PID=13830) to work on /home/airflow/.local/lib/python3.8/site-packages/airflow/example_dags/example_latest_only_with_trigger.py
[2023-09-22T01:06:21.580+0000] {processor.py:829} INFO - Processing file /home/airflow/.local/lib/python3.8/site-packages/airflow/example_dags/example_latest_only_with_trigger.py for tasks to queue
[2023-09-22T01:06:21.582+0000] {logging_mixin.py:151} INFO - [2023-09-22T01:06:21.581+0000] {dagbag.py:539} INFO - Filling up the DagBag from /home/airflow/.local/lib/python3.8/site-packages/airflow/example_dags/example_latest_only_with_trigger.py
[2023-09-22T01:06:21.585+0000] {processor.py:839} INFO - DAG(s) dict_keys(['latest_only_with_trigger']) retrieved from /home/airflow/.local/lib/python3.8/site-packages/airflow/example_dags/example_latest_only_with_trigger.py
[2023-09-22T01:06:21.595+0000] {logging_mixin.py:151} INFO - [2023-09-22T01:06:21.595+0000] {dag.py:2907} INFO - Sync 1 DAGs
[2023-09-22T01:06:21.604+0000] {logging_mixin.py:151} INFO - [2023-09-22T01:06:21.604+0000] {dag.py:3677} INFO - Setting next_dagrun for latest_only_with_trigger to 2023-09-21T21:06:21.604508+00:00, run_after=2023-09-22T01:06:21.604508+00:00
[2023-09-22T01:06:21.615+0000] {processor.py:179} INFO - Processing /home/airflow/.local/lib/python3.8/site-packages/airflow/example_dags/example_latest_only_with_trigger.py took 0.037 seconds
[2023-09-22T01:26:59.119+0000] {processor.py:157} INFO - Started process (PID=13877) to work on /home/airflow/.local/lib/python3.8/site-packages/airflow/example_dags/example_latest_only_with_trigger.py
[2023-09-22T01:26:59.121+0000] {processor.py:829} INFO - Processing file /home/airflow/.local/lib/python3.8/site-packages/airflow/example_dags/example_latest_only_with_trigger.py for tasks to queue
[2023-09-22T01:26:59.123+0000] {logging_mixin.py:151} INFO - [2023-09-22T01:26:59.123+0000] {dagbag.py:539} INFO - Filling up the DagBag from /home/airflow/.local/lib/python3.8/site-packages/airflow/example_dags/example_latest_only_with_trigger.py
[2023-09-22T01:26:59.129+0000] {processor.py:839} INFO - DAG(s) dict_keys(['latest_only_with_trigger']) retrieved from /home/airflow/.local/lib/python3.8/site-packages/airflow/example_dags/example_latest_only_with_trigger.py
[2023-09-22T01:26:59.147+0000] {logging_mixin.py:151} INFO - [2023-09-22T01:26:59.147+0000] {dag.py:2907} INFO - Sync 1 DAGs
[2023-09-22T01:26:59.160+0000] {logging_mixin.py:151} INFO - [2023-09-22T01:26:59.160+0000] {dag.py:3677} INFO - Setting next_dagrun for latest_only_with_trigger to 2023-09-21T21:26:59.160091+00:00, run_after=2023-09-22T01:26:59.160091+00:00
[2023-09-22T01:26:59.168+0000] {processor.py:179} INFO - Processing /home/airflow/.local/lib/python3.8/site-packages/airflow/example_dags/example_latest_only_with_trigger.py took 0.053 seconds
[2023-09-22T01:35:28.482+0000] {processor.py:157} INFO - Started process (PID=13924) to work on /home/airflow/.local/lib/python3.8/site-packages/airflow/example_dags/example_latest_only_with_trigger.py
[2023-09-22T01:35:28.483+0000] {processor.py:829} INFO - Processing file /home/airflow/.local/lib/python3.8/site-packages/airflow/example_dags/example_latest_only_with_trigger.py for tasks to queue
[2023-09-22T01:35:28.484+0000] {logging_mixin.py:151} INFO - [2023-09-22T01:35:28.484+0000] {dagbag.py:539} INFO - Filling up the DagBag from /home/airflow/.local/lib/python3.8/site-packages/airflow/example_dags/example_latest_only_with_trigger.py
[2023-09-22T01:35:28.487+0000] {processor.py:839} INFO - DAG(s) dict_keys(['latest_only_with_trigger']) retrieved from /home/airflow/.local/lib/python3.8/site-packages/airflow/example_dags/example_latest_only_with_trigger.py
[2023-09-22T01:35:28.498+0000] {logging_mixin.py:151} INFO - [2023-09-22T01:35:28.497+0000] {dag.py:2907} INFO - Sync 1 DAGs
[2023-09-22T01:35:28.507+0000] {logging_mixin.py:151} INFO - [2023-09-22T01:35:28.507+0000] {dag.py:3677} INFO - Setting next_dagrun for latest_only_with_trigger to 2023-09-21T21:35:28.507606+00:00, run_after=2023-09-22T01:35:28.507606+00:00
[2023-09-22T01:35:28.515+0000] {processor.py:179} INFO - Processing /home/airflow/.local/lib/python3.8/site-packages/airflow/example_dags/example_latest_only_with_trigger.py took 0.034 seconds
[2023-09-22T02:41:16.644+0000] {processor.py:157} INFO - Started process (PID=13971) to work on /home/airflow/.local/lib/python3.8/site-packages/airflow/example_dags/example_latest_only_with_trigger.py
[2023-09-22T02:41:16.647+0000] {processor.py:829} INFO - Processing file /home/airflow/.local/lib/python3.8/site-packages/airflow/example_dags/example_latest_only_with_trigger.py for tasks to queue
[2023-09-22T02:41:16.652+0000] {logging_mixin.py:151} INFO - [2023-09-22T02:41:16.651+0000] {dagbag.py:539} INFO - Filling up the DagBag from /home/airflow/.local/lib/python3.8/site-packages/airflow/example_dags/example_latest_only_with_trigger.py
[2023-09-22T02:41:16.656+0000] {processor.py:839} INFO - DAG(s) dict_keys(['latest_only_with_trigger']) retrieved from /home/airflow/.local/lib/python3.8/site-packages/airflow/example_dags/example_latest_only_with_trigger.py
[2023-09-22T02:41:16.669+0000] {logging_mixin.py:151} INFO - [2023-09-22T02:41:16.669+0000] {dag.py:2907} INFO - Sync 1 DAGs
[2023-09-22T02:41:16.683+0000] {logging_mixin.py:151} INFO - [2023-09-22T02:41:16.683+0000] {dag.py:3677} INFO - Setting next_dagrun for latest_only_with_trigger to 2023-09-21T22:41:16.683292+00:00, run_after=2023-09-22T02:41:16.683292+00:00
[2023-09-22T02:41:16.691+0000] {processor.py:179} INFO - Processing /home/airflow/.local/lib/python3.8/site-packages/airflow/example_dags/example_latest_only_with_trigger.py took 0.050 seconds
[2023-09-22T04:02:55.041+0000] {processor.py:157} INFO - Started process (PID=14018) to work on /home/airflow/.local/lib/python3.8/site-packages/airflow/example_dags/example_latest_only_with_trigger.py
[2023-09-22T04:02:55.041+0000] {processor.py:829} INFO - Processing file /home/airflow/.local/lib/python3.8/site-packages/airflow/example_dags/example_latest_only_with_trigger.py for tasks to queue
[2023-09-22T04:02:55.042+0000] {logging_mixin.py:151} INFO - [2023-09-22T04:02:55.042+0000] {dagbag.py:539} INFO - Filling up the DagBag from /home/airflow/.local/lib/python3.8/site-packages/airflow/example_dags/example_latest_only_with_trigger.py
[2023-09-22T04:02:55.046+0000] {processor.py:839} INFO - DAG(s) dict_keys(['latest_only_with_trigger']) retrieved from /home/airflow/.local/lib/python3.8/site-packages/airflow/example_dags/example_latest_only_with_trigger.py
[2023-09-22T04:02:55.057+0000] {logging_mixin.py:151} INFO - [2023-09-22T04:02:55.056+0000] {dag.py:2907} INFO - Sync 1 DAGs
[2023-09-22T04:02:55.066+0000] {logging_mixin.py:151} INFO - [2023-09-22T04:02:55.066+0000] {dag.py:3677} INFO - Setting next_dagrun for latest_only_with_trigger to 2023-09-22T00:02:55.066381+00:00, run_after=2023-09-22T04:02:55.066381+00:00
[2023-09-22T04:02:55.074+0000] {processor.py:179} INFO - Processing /home/airflow/.local/lib/python3.8/site-packages/airflow/example_dags/example_latest_only_with_trigger.py took 0.035 seconds
[2023-09-22T05:38:43.919+0000] {processor.py:157} INFO - Started process (PID=14065) to work on /home/airflow/.local/lib/python3.8/site-packages/airflow/example_dags/example_latest_only_with_trigger.py
[2023-09-22T05:38:43.922+0000] {processor.py:829} INFO - Processing file /home/airflow/.local/lib/python3.8/site-packages/airflow/example_dags/example_latest_only_with_trigger.py for tasks to queue
[2023-09-22T05:38:43.924+0000] {logging_mixin.py:151} INFO - [2023-09-22T05:38:43.923+0000] {dagbag.py:539} INFO - Filling up the DagBag from /home/airflow/.local/lib/python3.8/site-packages/airflow/example_dags/example_latest_only_with_trigger.py
[2023-09-22T05:38:43.932+0000] {processor.py:839} INFO - DAG(s) dict_keys(['latest_only_with_trigger']) retrieved from /home/airflow/.local/lib/python3.8/site-packages/airflow/example_dags/example_latest_only_with_trigger.py
[2023-09-22T05:38:43.975+0000] {logging_mixin.py:151} INFO - [2023-09-22T05:38:43.975+0000] {dag.py:2907} INFO - Sync 1 DAGs
[2023-09-22T05:38:43.999+0000] {logging_mixin.py:151} INFO - [2023-09-22T05:38:43.999+0000] {dag.py:3677} INFO - Setting next_dagrun for latest_only_with_trigger to 2023-09-22T01:38:43.998619+00:00, run_after=2023-09-22T05:38:43.998619+00:00
[2023-09-22T05:38:44.028+0000] {processor.py:179} INFO - Processing /home/airflow/.local/lib/python3.8/site-packages/airflow/example_dags/example_latest_only_with_trigger.py took 0.111 seconds
[2023-09-22T07:01:38.528+0000] {processor.py:157} INFO - Started process (PID=14112) to work on /home/airflow/.local/lib/python3.8/site-packages/airflow/example_dags/example_latest_only_with_trigger.py
[2023-09-22T07:01:38.528+0000] {processor.py:829} INFO - Processing file /home/airflow/.local/lib/python3.8/site-packages/airflow/example_dags/example_latest_only_with_trigger.py for tasks to queue
[2023-09-22T07:01:38.529+0000] {logging_mixin.py:151} INFO - [2023-09-22T07:01:38.529+0000] {dagbag.py:539} INFO - Filling up the DagBag from /home/airflow/.local/lib/python3.8/site-packages/airflow/example_dags/example_latest_only_with_trigger.py
[2023-09-22T07:01:38.533+0000] {processor.py:839} INFO - DAG(s) dict_keys(['latest_only_with_trigger']) retrieved from /home/airflow/.local/lib/python3.8/site-packages/airflow/example_dags/example_latest_only_with_trigger.py
[2023-09-22T07:01:38.543+0000] {logging_mixin.py:151} INFO - [2023-09-22T07:01:38.543+0000] {dag.py:2907} INFO - Sync 1 DAGs
[2023-09-22T07:01:38.552+0000] {logging_mixin.py:151} INFO - [2023-09-22T07:01:38.552+0000] {dag.py:3677} INFO - Setting next_dagrun for latest_only_with_trigger to 2023-09-22T03:01:38.552782+00:00, run_after=2023-09-22T07:01:38.552782+00:00
[2023-09-22T07:01:38.559+0000] {processor.py:179} INFO - Processing /home/airflow/.local/lib/python3.8/site-packages/airflow/example_dags/example_latest_only_with_trigger.py took 0.034 seconds
[2023-09-22T08:27:03.957+0000] {processor.py:157} INFO - Started process (PID=14159) to work on /home/airflow/.local/lib/python3.8/site-packages/airflow/example_dags/example_latest_only_with_trigger.py
[2023-09-22T08:27:03.958+0000] {processor.py:829} INFO - Processing file /home/airflow/.local/lib/python3.8/site-packages/airflow/example_dags/example_latest_only_with_trigger.py for tasks to queue
[2023-09-22T08:27:03.960+0000] {logging_mixin.py:151} INFO - [2023-09-22T08:27:03.960+0000] {dagbag.py:539} INFO - Filling up the DagBag from /home/airflow/.local/lib/python3.8/site-packages/airflow/example_dags/example_latest_only_with_trigger.py
[2023-09-22T08:27:03.965+0000] {processor.py:839} INFO - DAG(s) dict_keys(['latest_only_with_trigger']) retrieved from /home/airflow/.local/lib/python3.8/site-packages/airflow/example_dags/example_latest_only_with_trigger.py
[2023-09-22T08:27:03.994+0000] {logging_mixin.py:151} INFO - [2023-09-22T08:27:03.994+0000] {dag.py:2907} INFO - Sync 1 DAGs
[2023-09-22T08:27:04.017+0000] {logging_mixin.py:151} INFO - [2023-09-22T08:27:04.017+0000] {dag.py:3677} INFO - Setting next_dagrun for latest_only_with_trigger to 2023-09-22T04:27:04.017510+00:00, run_after=2023-09-22T08:27:04.017510+00:00
[2023-09-22T08:27:04.040+0000] {processor.py:179} INFO - Processing /home/airflow/.local/lib/python3.8/site-packages/airflow/example_dags/example_latest_only_with_trigger.py took 0.086 seconds
[2023-09-22T09:32:30.561+0000] {processor.py:157} INFO - Started process (PID=14206) to work on /home/airflow/.local/lib/python3.8/site-packages/airflow/example_dags/example_latest_only_with_trigger.py
[2023-09-22T09:32:30.561+0000] {processor.py:829} INFO - Processing file /home/airflow/.local/lib/python3.8/site-packages/airflow/example_dags/example_latest_only_with_trigger.py for tasks to queue
[2023-09-22T09:32:30.563+0000] {logging_mixin.py:151} INFO - [2023-09-22T09:32:30.562+0000] {dagbag.py:539} INFO - Filling up the DagBag from /home/airflow/.local/lib/python3.8/site-packages/airflow/example_dags/example_latest_only_with_trigger.py
[2023-09-22T09:32:30.566+0000] {processor.py:839} INFO - DAG(s) dict_keys(['latest_only_with_trigger']) retrieved from /home/airflow/.local/lib/python3.8/site-packages/airflow/example_dags/example_latest_only_with_trigger.py
[2023-09-22T09:32:30.576+0000] {logging_mixin.py:151} INFO - [2023-09-22T09:32:30.576+0000] {dag.py:2907} INFO - Sync 1 DAGs
[2023-09-22T09:32:30.586+0000] {logging_mixin.py:151} INFO - [2023-09-22T09:32:30.586+0000] {dag.py:3677} INFO - Setting next_dagrun for latest_only_with_trigger to 2023-09-22T05:32:30.586687+00:00, run_after=2023-09-22T09:32:30.586687+00:00
[2023-09-22T09:32:30.594+0000] {processor.py:179} INFO - Processing /home/airflow/.local/lib/python3.8/site-packages/airflow/example_dags/example_latest_only_with_trigger.py took 0.035 seconds
[2023-09-22T09:50:52.496+0000] {processor.py:157} INFO - Started process (PID=14253) to work on /home/airflow/.local/lib/python3.8/site-packages/airflow/example_dags/example_latest_only_with_trigger.py
[2023-09-22T09:50:52.497+0000] {processor.py:829} INFO - Processing file /home/airflow/.local/lib/python3.8/site-packages/airflow/example_dags/example_latest_only_with_trigger.py for tasks to queue
[2023-09-22T09:50:52.498+0000] {logging_mixin.py:151} INFO - [2023-09-22T09:50:52.498+0000] {dagbag.py:539} INFO - Filling up the DagBag from /home/airflow/.local/lib/python3.8/site-packages/airflow/example_dags/example_latest_only_with_trigger.py
[2023-09-22T09:50:52.501+0000] {processor.py:839} INFO - DAG(s) dict_keys(['latest_only_with_trigger']) retrieved from /home/airflow/.local/lib/python3.8/site-packages/airflow/example_dags/example_latest_only_with_trigger.py
[2023-09-22T09:50:52.511+0000] {logging_mixin.py:151} INFO - [2023-09-22T09:50:52.511+0000] {dag.py:2907} INFO - Sync 1 DAGs
[2023-09-22T09:50:52.521+0000] {logging_mixin.py:151} INFO - [2023-09-22T09:50:52.521+0000] {dag.py:3677} INFO - Setting next_dagrun for latest_only_with_trigger to 2023-09-22T05:50:52.520894+00:00, run_after=2023-09-22T09:50:52.520894+00:00
[2023-09-22T09:50:52.527+0000] {processor.py:179} INFO - Processing /home/airflow/.local/lib/python3.8/site-packages/airflow/example_dags/example_latest_only_with_trigger.py took 0.033 seconds
[2023-09-22T10:29:17.164+0000] {processor.py:157} INFO - Started process (PID=14300) to work on /home/airflow/.local/lib/python3.8/site-packages/airflow/example_dags/example_latest_only_with_trigger.py
[2023-09-22T10:29:17.165+0000] {processor.py:829} INFO - Processing file /home/airflow/.local/lib/python3.8/site-packages/airflow/example_dags/example_latest_only_with_trigger.py for tasks to queue
[2023-09-22T10:29:17.166+0000] {logging_mixin.py:151} INFO - [2023-09-22T10:29:17.166+0000] {dagbag.py:539} INFO - Filling up the DagBag from /home/airflow/.local/lib/python3.8/site-packages/airflow/example_dags/example_latest_only_with_trigger.py
[2023-09-22T10:29:17.169+0000] {processor.py:839} INFO - DAG(s) dict_keys(['latest_only_with_trigger']) retrieved from /home/airflow/.local/lib/python3.8/site-packages/airflow/example_dags/example_latest_only_with_trigger.py
[2023-09-22T10:29:17.180+0000] {logging_mixin.py:151} INFO - [2023-09-22T10:29:17.180+0000] {dag.py:2907} INFO - Sync 1 DAGs
[2023-09-22T10:29:17.190+0000] {logging_mixin.py:151} INFO - [2023-09-22T10:29:17.190+0000] {dag.py:3677} INFO - Setting next_dagrun for latest_only_with_trigger to 2023-09-22T06:29:17.189977+00:00, run_after=2023-09-22T10:29:17.189977+00:00
[2023-09-22T10:29:17.197+0000] {processor.py:179} INFO - Processing /home/airflow/.local/lib/python3.8/site-packages/airflow/example_dags/example_latest_only_with_trigger.py took 0.034 seconds
[2023-09-22T11:35:44.986+0000] {processor.py:157} INFO - Started process (PID=14347) to work on /home/airflow/.local/lib/python3.8/site-packages/airflow/example_dags/example_latest_only_with_trigger.py
[2023-09-22T11:35:44.987+0000] {processor.py:829} INFO - Processing file /home/airflow/.local/lib/python3.8/site-packages/airflow/example_dags/example_latest_only_with_trigger.py for tasks to queue
[2023-09-22T11:35:44.988+0000] {logging_mixin.py:151} INFO - [2023-09-22T11:35:44.988+0000] {dagbag.py:539} INFO - Filling up the DagBag from /home/airflow/.local/lib/python3.8/site-packages/airflow/example_dags/example_latest_only_with_trigger.py
[2023-09-22T11:35:44.992+0000] {processor.py:839} INFO - DAG(s) dict_keys(['latest_only_with_trigger']) retrieved from /home/airflow/.local/lib/python3.8/site-packages/airflow/example_dags/example_latest_only_with_trigger.py
[2023-09-22T11:35:45.002+0000] {logging_mixin.py:151} INFO - [2023-09-22T11:35:45.002+0000] {dag.py:2907} INFO - Sync 1 DAGs
[2023-09-22T11:35:45.013+0000] {logging_mixin.py:151} INFO - [2023-09-22T11:35:45.013+0000] {dag.py:3677} INFO - Setting next_dagrun for latest_only_with_trigger to 2023-09-22T07:35:45.013007+00:00, run_after=2023-09-22T11:35:45.013007+00:00
[2023-09-22T11:35:45.020+0000] {processor.py:179} INFO - Processing /home/airflow/.local/lib/python3.8/site-packages/airflow/example_dags/example_latest_only_with_trigger.py took 0.036 seconds
[2023-09-22T12:57:18.106+0000] {processor.py:157} INFO - Started process (PID=14394) to work on /home/airflow/.local/lib/python3.8/site-packages/airflow/example_dags/example_latest_only_with_trigger.py
[2023-09-22T12:57:18.111+0000] {processor.py:829} INFO - Processing file /home/airflow/.local/lib/python3.8/site-packages/airflow/example_dags/example_latest_only_with_trigger.py for tasks to queue
[2023-09-22T12:57:18.115+0000] {logging_mixin.py:151} INFO - [2023-09-22T12:57:18.115+0000] {dagbag.py:539} INFO - Filling up the DagBag from /home/airflow/.local/lib/python3.8/site-packages/airflow/example_dags/example_latest_only_with_trigger.py
[2023-09-22T12:57:18.125+0000] {processor.py:839} INFO - DAG(s) dict_keys(['latest_only_with_trigger']) retrieved from /home/airflow/.local/lib/python3.8/site-packages/airflow/example_dags/example_latest_only_with_trigger.py
[2023-09-22T12:57:18.150+0000] {logging_mixin.py:151} INFO - [2023-09-22T12:57:18.150+0000] {dag.py:2907} INFO - Sync 1 DAGs
[2023-09-22T12:57:18.181+0000] {logging_mixin.py:151} INFO - [2023-09-22T12:57:18.181+0000] {dag.py:3677} INFO - Setting next_dagrun for latest_only_with_trigger to 2023-09-22T08:57:18.180828+00:00, run_after=2023-09-22T12:57:18.180828+00:00
[2023-09-22T12:57:18.200+0000] {processor.py:179} INFO - Processing /home/airflow/.local/lib/python3.8/site-packages/airflow/example_dags/example_latest_only_with_trigger.py took 0.097 seconds
[2023-09-22T14:36:57.555+0000] {processor.py:157} INFO - Started process (PID=14441) to work on /home/airflow/.local/lib/python3.8/site-packages/airflow/example_dags/example_latest_only_with_trigger.py
[2023-09-22T14:36:57.555+0000] {processor.py:829} INFO - Processing file /home/airflow/.local/lib/python3.8/site-packages/airflow/example_dags/example_latest_only_with_trigger.py for tasks to queue
[2023-09-22T14:36:57.557+0000] {logging_mixin.py:151} INFO - [2023-09-22T14:36:57.556+0000] {dagbag.py:539} INFO - Filling up the DagBag from /home/airflow/.local/lib/python3.8/site-packages/airflow/example_dags/example_latest_only_with_trigger.py
[2023-09-22T14:36:57.560+0000] {processor.py:839} INFO - DAG(s) dict_keys(['latest_only_with_trigger']) retrieved from /home/airflow/.local/lib/python3.8/site-packages/airflow/example_dags/example_latest_only_with_trigger.py
[2023-09-22T14:36:57.570+0000] {logging_mixin.py:151} INFO - [2023-09-22T14:36:57.570+0000] {dag.py:2907} INFO - Sync 1 DAGs
[2023-09-22T14:36:57.581+0000] {logging_mixin.py:151} INFO - [2023-09-22T14:36:57.580+0000] {dag.py:3677} INFO - Setting next_dagrun for latest_only_with_trigger to 2023-09-22T10:36:57.580832+00:00, run_after=2023-09-22T14:36:57.580832+00:00
[2023-09-22T14:36:57.588+0000] {processor.py:179} INFO - Processing /home/airflow/.local/lib/python3.8/site-packages/airflow/example_dags/example_latest_only_with_trigger.py took 0.035 seconds
[2023-09-22T16:18:36.181+0000] {processor.py:157} INFO - Started process (PID=14488) to work on /home/airflow/.local/lib/python3.8/site-packages/airflow/example_dags/example_latest_only_with_trigger.py
[2023-09-22T16:18:36.181+0000] {processor.py:829} INFO - Processing file /home/airflow/.local/lib/python3.8/site-packages/airflow/example_dags/example_latest_only_with_trigger.py for tasks to queue
[2023-09-22T16:18:36.182+0000] {logging_mixin.py:151} INFO - [2023-09-22T16:18:36.182+0000] {dagbag.py:539} INFO - Filling up the DagBag from /home/airflow/.local/lib/python3.8/site-packages/airflow/example_dags/example_latest_only_with_trigger.py
[2023-09-22T16:18:36.185+0000] {processor.py:839} INFO - DAG(s) dict_keys(['latest_only_with_trigger']) retrieved from /home/airflow/.local/lib/python3.8/site-packages/airflow/example_dags/example_latest_only_with_trigger.py
[2023-09-22T16:18:36.196+0000] {logging_mixin.py:151} INFO - [2023-09-22T16:18:36.196+0000] {dag.py:2907} INFO - Sync 1 DAGs
[2023-09-22T16:18:36.205+0000] {logging_mixin.py:151} INFO - [2023-09-22T16:18:36.205+0000] {dag.py:3677} INFO - Setting next_dagrun for latest_only_with_trigger to 2023-09-22T12:18:36.204891+00:00, run_after=2023-09-22T16:18:36.204891+00:00
[2023-09-22T16:18:36.212+0000] {processor.py:179} INFO - Processing /home/airflow/.local/lib/python3.8/site-packages/airflow/example_dags/example_latest_only_with_trigger.py took 0.033 seconds
[2023-09-22T17:42:59.393+0000] {processor.py:157} INFO - Started process (PID=14535) to work on /home/airflow/.local/lib/python3.8/site-packages/airflow/example_dags/example_latest_only_with_trigger.py
[2023-09-22T17:42:59.394+0000] {processor.py:829} INFO - Processing file /home/airflow/.local/lib/python3.8/site-packages/airflow/example_dags/example_latest_only_with_trigger.py for tasks to queue
[2023-09-22T17:42:59.395+0000] {logging_mixin.py:151} INFO - [2023-09-22T17:42:59.395+0000] {dagbag.py:539} INFO - Filling up the DagBag from /home/airflow/.local/lib/python3.8/site-packages/airflow/example_dags/example_latest_only_with_trigger.py
[2023-09-22T17:42:59.398+0000] {processor.py:839} INFO - DAG(s) dict_keys(['latest_only_with_trigger']) retrieved from /home/airflow/.local/lib/python3.8/site-packages/airflow/example_dags/example_latest_only_with_trigger.py
[2023-09-22T17:42:59.409+0000] {logging_mixin.py:151} INFO - [2023-09-22T17:42:59.409+0000] {dag.py:2907} INFO - Sync 1 DAGs
[2023-09-22T17:42:59.418+0000] {logging_mixin.py:151} INFO - [2023-09-22T17:42:59.418+0000] {dag.py:3677} INFO - Setting next_dagrun for latest_only_with_trigger to 2023-09-22T13:42:59.418815+00:00, run_after=2023-09-22T17:42:59.418815+00:00
[2023-09-22T17:42:59.425+0000] {processor.py:179} INFO - Processing /home/airflow/.local/lib/python3.8/site-packages/airflow/example_dags/example_latest_only_with_trigger.py took 0.034 seconds
[2023-09-22T19:24:05.499+0000] {processor.py:157} INFO - Started process (PID=14582) to work on /home/airflow/.local/lib/python3.8/site-packages/airflow/example_dags/example_latest_only_with_trigger.py
[2023-09-22T19:24:05.499+0000] {processor.py:829} INFO - Processing file /home/airflow/.local/lib/python3.8/site-packages/airflow/example_dags/example_latest_only_with_trigger.py for tasks to queue
[2023-09-22T19:24:05.501+0000] {logging_mixin.py:151} INFO - [2023-09-22T19:24:05.500+0000] {dagbag.py:539} INFO - Filling up the DagBag from /home/airflow/.local/lib/python3.8/site-packages/airflow/example_dags/example_latest_only_with_trigger.py
[2023-09-22T19:24:05.504+0000] {processor.py:839} INFO - DAG(s) dict_keys(['latest_only_with_trigger']) retrieved from /home/airflow/.local/lib/python3.8/site-packages/airflow/example_dags/example_latest_only_with_trigger.py
[2023-09-22T19:24:05.515+0000] {logging_mixin.py:151} INFO - [2023-09-22T19:24:05.515+0000] {dag.py:2907} INFO - Sync 1 DAGs
[2023-09-22T19:24:05.524+0000] {logging_mixin.py:151} INFO - [2023-09-22T19:24:05.524+0000] {dag.py:3677} INFO - Setting next_dagrun for latest_only_with_trigger to 2023-09-22T15:24:05.524526+00:00, run_after=2023-09-22T19:24:05.524526+00:00
[2023-09-22T19:24:05.532+0000] {processor.py:179} INFO - Processing /home/airflow/.local/lib/python3.8/site-packages/airflow/example_dags/example_latest_only_with_trigger.py took 0.035 seconds
[2023-09-22T21:00:33.808+0000] {processor.py:157} INFO - Started process (PID=14629) to work on /home/airflow/.local/lib/python3.8/site-packages/airflow/example_dags/example_latest_only_with_trigger.py
[2023-09-22T21:00:33.808+0000] {processor.py:829} INFO - Processing file /home/airflow/.local/lib/python3.8/site-packages/airflow/example_dags/example_latest_only_with_trigger.py for tasks to queue
[2023-09-22T21:00:33.810+0000] {logging_mixin.py:151} INFO - [2023-09-22T21:00:33.810+0000] {dagbag.py:539} INFO - Filling up the DagBag from /home/airflow/.local/lib/python3.8/site-packages/airflow/example_dags/example_latest_only_with_trigger.py
[2023-09-22T21:00:33.813+0000] {processor.py:839} INFO - DAG(s) dict_keys(['latest_only_with_trigger']) retrieved from /home/airflow/.local/lib/python3.8/site-packages/airflow/example_dags/example_latest_only_with_trigger.py
[2023-09-22T21:00:33.823+0000] {logging_mixin.py:151} INFO - [2023-09-22T21:00:33.823+0000] {dag.py:2907} INFO - Sync 1 DAGs
[2023-09-22T21:00:33.833+0000] {logging_mixin.py:151} INFO - [2023-09-22T21:00:33.833+0000] {dag.py:3677} INFO - Setting next_dagrun for latest_only_with_trigger to 2023-09-22T17:00:33.832969+00:00, run_after=2023-09-22T21:00:33.832969+00:00
[2023-09-22T21:00:33.840+0000] {processor.py:179} INFO - Processing /home/airflow/.local/lib/python3.8/site-packages/airflow/example_dags/example_latest_only_with_trigger.py took 0.034 seconds
[2023-09-22T22:21:53.478+0000] {processor.py:157} INFO - Started process (PID=14676) to work on /home/airflow/.local/lib/python3.8/site-packages/airflow/example_dags/example_latest_only_with_trigger.py
[2023-09-22T22:21:53.478+0000] {processor.py:829} INFO - Processing file /home/airflow/.local/lib/python3.8/site-packages/airflow/example_dags/example_latest_only_with_trigger.py for tasks to queue
[2023-09-22T22:21:53.479+0000] {logging_mixin.py:151} INFO - [2023-09-22T22:21:53.479+0000] {dagbag.py:539} INFO - Filling up the DagBag from /home/airflow/.local/lib/python3.8/site-packages/airflow/example_dags/example_latest_only_with_trigger.py
[2023-09-22T22:21:53.483+0000] {processor.py:839} INFO - DAG(s) dict_keys(['latest_only_with_trigger']) retrieved from /home/airflow/.local/lib/python3.8/site-packages/airflow/example_dags/example_latest_only_with_trigger.py
[2023-09-22T22:21:53.493+0000] {logging_mixin.py:151} INFO - [2023-09-22T22:21:53.493+0000] {dag.py:2907} INFO - Sync 1 DAGs
[2023-09-22T22:21:53.515+0000] {logging_mixin.py:151} INFO - [2023-09-22T22:21:53.514+0000] {dag.py:3677} INFO - Setting next_dagrun for latest_only_with_trigger to 2023-09-22T18:21:53.514872+00:00, run_after=2023-09-22T22:21:53.514872+00:00
[2023-09-22T22:21:53.521+0000] {processor.py:179} INFO - Processing /home/airflow/.local/lib/python3.8/site-packages/airflow/example_dags/example_latest_only_with_trigger.py took 0.046 seconds
[2023-09-22T23:59:52.064+0000] {processor.py:157} INFO - Started process (PID=14723) to work on /home/airflow/.local/lib/python3.8/site-packages/airflow/example_dags/example_latest_only_with_trigger.py
[2023-09-22T23:59:52.064+0000] {processor.py:829} INFO - Processing file /home/airflow/.local/lib/python3.8/site-packages/airflow/example_dags/example_latest_only_with_trigger.py for tasks to queue
[2023-09-22T23:59:52.066+0000] {logging_mixin.py:151} INFO - [2023-09-22T23:59:52.065+0000] {dagbag.py:539} INFO - Filling up the DagBag from /home/airflow/.local/lib/python3.8/site-packages/airflow/example_dags/example_latest_only_with_trigger.py
[2023-09-22T23:59:52.069+0000] {processor.py:839} INFO - DAG(s) dict_keys(['latest_only_with_trigger']) retrieved from /home/airflow/.local/lib/python3.8/site-packages/airflow/example_dags/example_latest_only_with_trigger.py
[2023-09-22T23:59:52.079+0000] {logging_mixin.py:151} INFO - [2023-09-22T23:59:52.079+0000] {dag.py:2907} INFO - Sync 1 DAGs
[2023-09-22T23:59:52.089+0000] {logging_mixin.py:151} INFO - [2023-09-22T23:59:52.089+0000] {dag.py:3677} INFO - Setting next_dagrun for latest_only_with_trigger to 2023-09-22T19:59:52.088989+00:00, run_after=2023-09-22T23:59:52.088989+00:00
[2023-09-22T23:59:52.096+0000] {processor.py:179} INFO - Processing /home/airflow/.local/lib/python3.8/site-packages/airflow/example_dags/example_latest_only_with_trigger.py took 0.034 seconds
