[2023-09-22T01:06:21.573+0000] {processor.py:157} INFO - Started process (PID=13829) to work on /home/airflow/.local/lib/python3.8/site-packages/airflow/example_dags/example_external_task_marker_dag.py
[2023-09-22T01:06:21.574+0000] {processor.py:829} INFO - Processing file /home/airflow/.local/lib/python3.8/site-packages/airflow/example_dags/example_external_task_marker_dag.py for tasks to queue
[2023-09-22T01:06:21.575+0000] {logging_mixin.py:151} INFO - [2023-09-22T01:06:21.575+0000] {dagbag.py:539} INFO - Filling up the DagBag from /home/airflow/.local/lib/python3.8/site-packages/airflow/example_dags/example_external_task_marker_dag.py
[2023-09-22T01:06:21.579+0000] {processor.py:839} INFO - DAG(s) dict_keys(['example_external_task_marker_parent', 'example_external_task_marker_child']) retrieved from /home/airflow/.local/lib/python3.8/site-packages/airflow/example_dags/example_external_task_marker_dag.py
[2023-09-22T01:06:21.590+0000] {logging_mixin.py:151} INFO - [2023-09-22T01:06:21.590+0000] {dag.py:2907} INFO - Sync 2 DAGs
[2023-09-22T01:06:21.596+0000] {logging_mixin.py:151} INFO - [2023-09-22T01:06:21.596+0000] {dag.py:3677} INFO - Setting next_dagrun for example_external_task_marker_child to None, run_after=None
[2023-09-22T01:06:21.598+0000] {logging_mixin.py:151} INFO - [2023-09-22T01:06:21.598+0000] {dag.py:3677} INFO - Setting next_dagrun for example_external_task_marker_parent to None, run_after=None
[2023-09-22T01:06:21.604+0000] {processor.py:179} INFO - Processing /home/airflow/.local/lib/python3.8/site-packages/airflow/example_dags/example_external_task_marker_dag.py took 0.033 seconds
[2023-09-22T01:26:58.876+0000] {processor.py:157} INFO - Started process (PID=13876) to work on /home/airflow/.local/lib/python3.8/site-packages/airflow/example_dags/example_external_task_marker_dag.py
[2023-09-22T01:26:58.876+0000] {processor.py:829} INFO - Processing file /home/airflow/.local/lib/python3.8/site-packages/airflow/example_dags/example_external_task_marker_dag.py for tasks to queue
[2023-09-22T01:26:58.894+0000] {logging_mixin.py:151} INFO - [2023-09-22T01:26:58.893+0000] {dagbag.py:539} INFO - Filling up the DagBag from /home/airflow/.local/lib/python3.8/site-packages/airflow/example_dags/example_external_task_marker_dag.py
[2023-09-22T01:26:58.897+0000] {processor.py:839} INFO - DAG(s) dict_keys(['example_external_task_marker_parent', 'example_external_task_marker_child']) retrieved from /home/airflow/.local/lib/python3.8/site-packages/airflow/example_dags/example_external_task_marker_dag.py
[2023-09-22T01:26:58.909+0000] {logging_mixin.py:151} INFO - [2023-09-22T01:26:58.908+0000] {dag.py:2907} INFO - Sync 2 DAGs
[2023-09-22T01:26:58.914+0000] {logging_mixin.py:151} INFO - [2023-09-22T01:26:58.914+0000] {dag.py:3677} INFO - Setting next_dagrun for example_external_task_marker_child to None, run_after=None
[2023-09-22T01:26:58.915+0000] {logging_mixin.py:151} INFO - [2023-09-22T01:26:58.915+0000] {dag.py:3677} INFO - Setting next_dagrun for example_external_task_marker_parent to None, run_after=None
[2023-09-22T01:26:59.015+0000] {processor.py:179} INFO - Processing /home/airflow/.local/lib/python3.8/site-packages/airflow/example_dags/example_external_task_marker_dag.py took 0.142 seconds
[2023-09-22T01:35:28.441+0000] {processor.py:157} INFO - Started process (PID=13923) to work on /home/airflow/.local/lib/python3.8/site-packages/airflow/example_dags/example_external_task_marker_dag.py
[2023-09-22T01:35:28.442+0000] {processor.py:829} INFO - Processing file /home/airflow/.local/lib/python3.8/site-packages/airflow/example_dags/example_external_task_marker_dag.py for tasks to queue
[2023-09-22T01:35:28.443+0000] {logging_mixin.py:151} INFO - [2023-09-22T01:35:28.443+0000] {dagbag.py:539} INFO - Filling up the DagBag from /home/airflow/.local/lib/python3.8/site-packages/airflow/example_dags/example_external_task_marker_dag.py
[2023-09-22T01:35:28.446+0000] {processor.py:839} INFO - DAG(s) dict_keys(['example_external_task_marker_child', 'example_external_task_marker_parent']) retrieved from /home/airflow/.local/lib/python3.8/site-packages/airflow/example_dags/example_external_task_marker_dag.py
[2023-09-22T01:35:28.457+0000] {logging_mixin.py:151} INFO - [2023-09-22T01:35:28.457+0000] {dag.py:2907} INFO - Sync 2 DAGs
[2023-09-22T01:35:28.463+0000] {logging_mixin.py:151} INFO - [2023-09-22T01:35:28.463+0000] {dag.py:3677} INFO - Setting next_dagrun for example_external_task_marker_child to None, run_after=None
[2023-09-22T01:35:28.465+0000] {logging_mixin.py:151} INFO - [2023-09-22T01:35:28.465+0000] {dag.py:3677} INFO - Setting next_dagrun for example_external_task_marker_parent to None, run_after=None
[2023-09-22T01:35:28.471+0000] {processor.py:179} INFO - Processing /home/airflow/.local/lib/python3.8/site-packages/airflow/example_dags/example_external_task_marker_dag.py took 0.031 seconds
[2023-09-22T02:41:16.548+0000] {processor.py:157} INFO - Started process (PID=13970) to work on /home/airflow/.local/lib/python3.8/site-packages/airflow/example_dags/example_external_task_marker_dag.py
[2023-09-22T02:41:16.552+0000] {processor.py:829} INFO - Processing file /home/airflow/.local/lib/python3.8/site-packages/airflow/example_dags/example_external_task_marker_dag.py for tasks to queue
[2023-09-22T02:41:16.572+0000] {logging_mixin.py:151} INFO - [2023-09-22T02:41:16.561+0000] {dagbag.py:539} INFO - Filling up the DagBag from /home/airflow/.local/lib/python3.8/site-packages/airflow/example_dags/example_external_task_marker_dag.py
[2023-09-22T02:41:16.580+0000] {processor.py:839} INFO - DAG(s) dict_keys(['example_external_task_marker_child', 'example_external_task_marker_parent']) retrieved from /home/airflow/.local/lib/python3.8/site-packages/airflow/example_dags/example_external_task_marker_dag.py
[2023-09-22T02:41:16.612+0000] {logging_mixin.py:151} INFO - [2023-09-22T02:41:16.611+0000] {dag.py:2907} INFO - Sync 2 DAGs
[2023-09-22T02:41:16.623+0000] {logging_mixin.py:151} INFO - [2023-09-22T02:41:16.623+0000] {dag.py:3677} INFO - Setting next_dagrun for example_external_task_marker_child to None, run_after=None
[2023-09-22T02:41:16.627+0000] {logging_mixin.py:151} INFO - [2023-09-22T02:41:16.627+0000] {dag.py:3677} INFO - Setting next_dagrun for example_external_task_marker_parent to None, run_after=None
[2023-09-22T02:41:16.645+0000] {processor.py:179} INFO - Processing /home/airflow/.local/lib/python3.8/site-packages/airflow/example_dags/example_external_task_marker_dag.py took 0.101 seconds
[2023-09-22T04:02:55.001+0000] {processor.py:157} INFO - Started process (PID=14017) to work on /home/airflow/.local/lib/python3.8/site-packages/airflow/example_dags/example_external_task_marker_dag.py
[2023-09-22T04:02:55.001+0000] {processor.py:829} INFO - Processing file /home/airflow/.local/lib/python3.8/site-packages/airflow/example_dags/example_external_task_marker_dag.py for tasks to queue
[2023-09-22T04:02:55.002+0000] {logging_mixin.py:151} INFO - [2023-09-22T04:02:55.002+0000] {dagbag.py:539} INFO - Filling up the DagBag from /home/airflow/.local/lib/python3.8/site-packages/airflow/example_dags/example_external_task_marker_dag.py
[2023-09-22T04:02:55.006+0000] {processor.py:839} INFO - DAG(s) dict_keys(['example_external_task_marker_parent', 'example_external_task_marker_child']) retrieved from /home/airflow/.local/lib/python3.8/site-packages/airflow/example_dags/example_external_task_marker_dag.py
[2023-09-22T04:02:55.017+0000] {logging_mixin.py:151} INFO - [2023-09-22T04:02:55.017+0000] {dag.py:2907} INFO - Sync 2 DAGs
[2023-09-22T04:02:55.023+0000] {logging_mixin.py:151} INFO - [2023-09-22T04:02:55.022+0000] {dag.py:3677} INFO - Setting next_dagrun for example_external_task_marker_child to None, run_after=None
[2023-09-22T04:02:55.024+0000] {logging_mixin.py:151} INFO - [2023-09-22T04:02:55.024+0000] {dag.py:3677} INFO - Setting next_dagrun for example_external_task_marker_parent to None, run_after=None
[2023-09-22T04:02:55.030+0000] {processor.py:179} INFO - Processing /home/airflow/.local/lib/python3.8/site-packages/airflow/example_dags/example_external_task_marker_dag.py took 0.031 seconds
[2023-09-22T05:38:43.853+0000] {processor.py:157} INFO - Started process (PID=14064) to work on /home/airflow/.local/lib/python3.8/site-packages/airflow/example_dags/example_external_task_marker_dag.py
[2023-09-22T05:38:43.857+0000] {processor.py:829} INFO - Processing file /home/airflow/.local/lib/python3.8/site-packages/airflow/example_dags/example_external_task_marker_dag.py for tasks to queue
[2023-09-22T05:38:43.863+0000] {logging_mixin.py:151} INFO - [2023-09-22T05:38:43.863+0000] {dagbag.py:539} INFO - Filling up the DagBag from /home/airflow/.local/lib/python3.8/site-packages/airflow/example_dags/example_external_task_marker_dag.py
[2023-09-22T05:38:43.884+0000] {processor.py:839} INFO - DAG(s) dict_keys(['example_external_task_marker_child', 'example_external_task_marker_parent']) retrieved from /home/airflow/.local/lib/python3.8/site-packages/airflow/example_dags/example_external_task_marker_dag.py
[2023-09-22T05:38:43.921+0000] {logging_mixin.py:151} INFO - [2023-09-22T05:38:43.921+0000] {dag.py:2907} INFO - Sync 2 DAGs
[2023-09-22T05:38:43.934+0000] {logging_mixin.py:151} INFO - [2023-09-22T05:38:43.934+0000] {dag.py:3677} INFO - Setting next_dagrun for example_external_task_marker_child to None, run_after=None
[2023-09-22T05:38:43.939+0000] {logging_mixin.py:151} INFO - [2023-09-22T05:38:43.939+0000] {dag.py:3677} INFO - Setting next_dagrun for example_external_task_marker_parent to None, run_after=None
[2023-09-22T05:38:43.965+0000] {processor.py:179} INFO - Processing /home/airflow/.local/lib/python3.8/site-packages/airflow/example_dags/example_external_task_marker_dag.py took 0.116 seconds
[2023-09-22T07:01:38.495+0000] {processor.py:157} INFO - Started process (PID=14111) to work on /home/airflow/.local/lib/python3.8/site-packages/airflow/example_dags/example_external_task_marker_dag.py
[2023-09-22T07:01:38.495+0000] {processor.py:829} INFO - Processing file /home/airflow/.local/lib/python3.8/site-packages/airflow/example_dags/example_external_task_marker_dag.py for tasks to queue
[2023-09-22T07:01:38.496+0000] {logging_mixin.py:151} INFO - [2023-09-22T07:01:38.496+0000] {dagbag.py:539} INFO - Filling up the DagBag from /home/airflow/.local/lib/python3.8/site-packages/airflow/example_dags/example_external_task_marker_dag.py
[2023-09-22T07:01:38.500+0000] {processor.py:839} INFO - DAG(s) dict_keys(['example_external_task_marker_child', 'example_external_task_marker_parent']) retrieved from /home/airflow/.local/lib/python3.8/site-packages/airflow/example_dags/example_external_task_marker_dag.py
[2023-09-22T07:01:38.512+0000] {logging_mixin.py:151} INFO - [2023-09-22T07:01:38.512+0000] {dag.py:2907} INFO - Sync 2 DAGs
[2023-09-22T07:01:38.518+0000] {logging_mixin.py:151} INFO - [2023-09-22T07:01:38.518+0000] {dag.py:3677} INFO - Setting next_dagrun for example_external_task_marker_child to None, run_after=None
[2023-09-22T07:01:38.519+0000] {logging_mixin.py:151} INFO - [2023-09-22T07:01:38.519+0000] {dag.py:3677} INFO - Setting next_dagrun for example_external_task_marker_parent to None, run_after=None
[2023-09-22T07:01:38.525+0000] {processor.py:179} INFO - Processing /home/airflow/.local/lib/python3.8/site-packages/airflow/example_dags/example_external_task_marker_dag.py took 0.032 seconds
[2023-09-22T08:27:03.858+0000] {processor.py:157} INFO - Started process (PID=14158) to work on /home/airflow/.local/lib/python3.8/site-packages/airflow/example_dags/example_external_task_marker_dag.py
[2023-09-22T08:27:03.863+0000] {processor.py:829} INFO - Processing file /home/airflow/.local/lib/python3.8/site-packages/airflow/example_dags/example_external_task_marker_dag.py for tasks to queue
[2023-09-22T08:27:03.864+0000] {logging_mixin.py:151} INFO - [2023-09-22T08:27:03.864+0000] {dagbag.py:539} INFO - Filling up the DagBag from /home/airflow/.local/lib/python3.8/site-packages/airflow/example_dags/example_external_task_marker_dag.py
[2023-09-22T08:27:03.869+0000] {processor.py:839} INFO - DAG(s) dict_keys(['example_external_task_marker_parent', 'example_external_task_marker_child']) retrieved from /home/airflow/.local/lib/python3.8/site-packages/airflow/example_dags/example_external_task_marker_dag.py
[2023-09-22T08:27:03.912+0000] {logging_mixin.py:151} INFO - [2023-09-22T08:27:03.912+0000] {dag.py:2907} INFO - Sync 2 DAGs
[2023-09-22T08:27:03.923+0000] {logging_mixin.py:151} INFO - [2023-09-22T08:27:03.922+0000] {dag.py:3677} INFO - Setting next_dagrun for example_external_task_marker_child to None, run_after=None
[2023-09-22T08:27:03.928+0000] {logging_mixin.py:151} INFO - [2023-09-22T08:27:03.928+0000] {dag.py:3677} INFO - Setting next_dagrun for example_external_task_marker_parent to None, run_after=None
[2023-09-22T08:27:03.958+0000] {processor.py:179} INFO - Processing /home/airflow/.local/lib/python3.8/site-packages/airflow/example_dags/example_external_task_marker_dag.py took 0.103 seconds
[2023-09-22T09:32:30.534+0000] {processor.py:157} INFO - Started process (PID=14205) to work on /home/airflow/.local/lib/python3.8/site-packages/airflow/example_dags/example_external_task_marker_dag.py
[2023-09-22T09:32:30.535+0000] {processor.py:829} INFO - Processing file /home/airflow/.local/lib/python3.8/site-packages/airflow/example_dags/example_external_task_marker_dag.py for tasks to queue
[2023-09-22T09:32:30.536+0000] {logging_mixin.py:151} INFO - [2023-09-22T09:32:30.536+0000] {dagbag.py:539} INFO - Filling up the DagBag from /home/airflow/.local/lib/python3.8/site-packages/airflow/example_dags/example_external_task_marker_dag.py
[2023-09-22T09:32:30.540+0000] {processor.py:839} INFO - DAG(s) dict_keys(['example_external_task_marker_child', 'example_external_task_marker_parent']) retrieved from /home/airflow/.local/lib/python3.8/site-packages/airflow/example_dags/example_external_task_marker_dag.py
[2023-09-22T09:32:30.551+0000] {logging_mixin.py:151} INFO - [2023-09-22T09:32:30.551+0000] {dag.py:2907} INFO - Sync 2 DAGs
[2023-09-22T09:32:30.557+0000] {logging_mixin.py:151} INFO - [2023-09-22T09:32:30.557+0000] {dag.py:3677} INFO - Setting next_dagrun for example_external_task_marker_child to None, run_after=None
[2023-09-22T09:32:30.559+0000] {logging_mixin.py:151} INFO - [2023-09-22T09:32:30.559+0000] {dag.py:3677} INFO - Setting next_dagrun for example_external_task_marker_parent to None, run_after=None
[2023-09-22T09:32:30.565+0000] {processor.py:179} INFO - Processing /home/airflow/.local/lib/python3.8/site-packages/airflow/example_dags/example_external_task_marker_dag.py took 0.033 seconds
[2023-09-22T09:50:52.459+0000] {processor.py:157} INFO - Started process (PID=14252) to work on /home/airflow/.local/lib/python3.8/site-packages/airflow/example_dags/example_external_task_marker_dag.py
[2023-09-22T09:50:52.460+0000] {processor.py:829} INFO - Processing file /home/airflow/.local/lib/python3.8/site-packages/airflow/example_dags/example_external_task_marker_dag.py for tasks to queue
[2023-09-22T09:50:52.462+0000] {logging_mixin.py:151} INFO - [2023-09-22T09:50:52.461+0000] {dagbag.py:539} INFO - Filling up the DagBag from /home/airflow/.local/lib/python3.8/site-packages/airflow/example_dags/example_external_task_marker_dag.py
[2023-09-22T09:50:52.465+0000] {processor.py:839} INFO - DAG(s) dict_keys(['example_external_task_marker_child', 'example_external_task_marker_parent']) retrieved from /home/airflow/.local/lib/python3.8/site-packages/airflow/example_dags/example_external_task_marker_dag.py
[2023-09-22T09:50:52.477+0000] {logging_mixin.py:151} INFO - [2023-09-22T09:50:52.477+0000] {dag.py:2907} INFO - Sync 2 DAGs
[2023-09-22T09:50:52.483+0000] {logging_mixin.py:151} INFO - [2023-09-22T09:50:52.483+0000] {dag.py:3677} INFO - Setting next_dagrun for example_external_task_marker_child to None, run_after=None
[2023-09-22T09:50:52.484+0000] {logging_mixin.py:151} INFO - [2023-09-22T09:50:52.484+0000] {dag.py:3677} INFO - Setting next_dagrun for example_external_task_marker_parent to None, run_after=None
[2023-09-22T09:50:52.490+0000] {processor.py:179} INFO - Processing /home/airflow/.local/lib/python3.8/site-packages/airflow/example_dags/example_external_task_marker_dag.py took 0.033 seconds
[2023-09-22T10:29:17.123+0000] {processor.py:157} INFO - Started process (PID=14299) to work on /home/airflow/.local/lib/python3.8/site-packages/airflow/example_dags/example_external_task_marker_dag.py
[2023-09-22T10:29:17.124+0000] {processor.py:829} INFO - Processing file /home/airflow/.local/lib/python3.8/site-packages/airflow/example_dags/example_external_task_marker_dag.py for tasks to queue
[2023-09-22T10:29:17.125+0000] {logging_mixin.py:151} INFO - [2023-09-22T10:29:17.125+0000] {dagbag.py:539} INFO - Filling up the DagBag from /home/airflow/.local/lib/python3.8/site-packages/airflow/example_dags/example_external_task_marker_dag.py
[2023-09-22T10:29:17.128+0000] {processor.py:839} INFO - DAG(s) dict_keys(['example_external_task_marker_parent', 'example_external_task_marker_child']) retrieved from /home/airflow/.local/lib/python3.8/site-packages/airflow/example_dags/example_external_task_marker_dag.py
[2023-09-22T10:29:17.140+0000] {logging_mixin.py:151} INFO - [2023-09-22T10:29:17.140+0000] {dag.py:2907} INFO - Sync 2 DAGs
[2023-09-22T10:29:17.145+0000] {logging_mixin.py:151} INFO - [2023-09-22T10:29:17.145+0000] {dag.py:3677} INFO - Setting next_dagrun for example_external_task_marker_child to None, run_after=None
[2023-09-22T10:29:17.147+0000] {logging_mixin.py:151} INFO - [2023-09-22T10:29:17.147+0000] {dag.py:3677} INFO - Setting next_dagrun for example_external_task_marker_parent to None, run_after=None
[2023-09-22T10:29:17.153+0000] {processor.py:179} INFO - Processing /home/airflow/.local/lib/python3.8/site-packages/airflow/example_dags/example_external_task_marker_dag.py took 0.031 seconds
[2023-09-22T11:35:44.951+0000] {processor.py:157} INFO - Started process (PID=14346) to work on /home/airflow/.local/lib/python3.8/site-packages/airflow/example_dags/example_external_task_marker_dag.py
[2023-09-22T11:35:44.952+0000] {processor.py:829} INFO - Processing file /home/airflow/.local/lib/python3.8/site-packages/airflow/example_dags/example_external_task_marker_dag.py for tasks to queue
[2023-09-22T11:35:44.953+0000] {logging_mixin.py:151} INFO - [2023-09-22T11:35:44.953+0000] {dagbag.py:539} INFO - Filling up the DagBag from /home/airflow/.local/lib/python3.8/site-packages/airflow/example_dags/example_external_task_marker_dag.py
[2023-09-22T11:35:44.957+0000] {processor.py:839} INFO - DAG(s) dict_keys(['example_external_task_marker_child', 'example_external_task_marker_parent']) retrieved from /home/airflow/.local/lib/python3.8/site-packages/airflow/example_dags/example_external_task_marker_dag.py
[2023-09-22T11:35:44.971+0000] {logging_mixin.py:151} INFO - [2023-09-22T11:35:44.971+0000] {dag.py:2907} INFO - Sync 2 DAGs
[2023-09-22T11:35:44.979+0000] {logging_mixin.py:151} INFO - [2023-09-22T11:35:44.978+0000] {dag.py:3677} INFO - Setting next_dagrun for example_external_task_marker_child to None, run_after=None
[2023-09-22T11:35:44.980+0000] {logging_mixin.py:151} INFO - [2023-09-22T11:35:44.980+0000] {dag.py:3677} INFO - Setting next_dagrun for example_external_task_marker_parent to None, run_after=None
[2023-09-22T11:35:44.987+0000] {processor.py:179} INFO - Processing /home/airflow/.local/lib/python3.8/site-packages/airflow/example_dags/example_external_task_marker_dag.py took 0.037 seconds
[2023-09-22T12:57:18.017+0000] {processor.py:157} INFO - Started process (PID=14393) to work on /home/airflow/.local/lib/python3.8/site-packages/airflow/example_dags/example_external_task_marker_dag.py
[2023-09-22T12:57:18.019+0000] {processor.py:829} INFO - Processing file /home/airflow/.local/lib/python3.8/site-packages/airflow/example_dags/example_external_task_marker_dag.py for tasks to queue
[2023-09-22T12:57:18.024+0000] {logging_mixin.py:151} INFO - [2023-09-22T12:57:18.024+0000] {dagbag.py:539} INFO - Filling up the DagBag from /home/airflow/.local/lib/python3.8/site-packages/airflow/example_dags/example_external_task_marker_dag.py
[2023-09-22T12:57:18.031+0000] {processor.py:839} INFO - DAG(s) dict_keys(['example_external_task_marker_parent', 'example_external_task_marker_child']) retrieved from /home/airflow/.local/lib/python3.8/site-packages/airflow/example_dags/example_external_task_marker_dag.py
[2023-09-22T12:57:18.078+0000] {logging_mixin.py:151} INFO - [2023-09-22T12:57:18.078+0000] {dag.py:2907} INFO - Sync 2 DAGs
[2023-09-22T12:57:18.090+0000] {logging_mixin.py:151} INFO - [2023-09-22T12:57:18.090+0000] {dag.py:3677} INFO - Setting next_dagrun for example_external_task_marker_child to None, run_after=None
[2023-09-22T12:57:18.093+0000] {logging_mixin.py:151} INFO - [2023-09-22T12:57:18.093+0000] {dag.py:3677} INFO - Setting next_dagrun for example_external_task_marker_parent to None, run_after=None
[2023-09-22T12:57:18.129+0000] {processor.py:179} INFO - Processing /home/airflow/.local/lib/python3.8/site-packages/airflow/example_dags/example_external_task_marker_dag.py took 0.127 seconds
[2023-09-22T14:36:57.526+0000] {processor.py:157} INFO - Started process (PID=14440) to work on /home/airflow/.local/lib/python3.8/site-packages/airflow/example_dags/example_external_task_marker_dag.py
[2023-09-22T14:36:57.527+0000] {processor.py:829} INFO - Processing file /home/airflow/.local/lib/python3.8/site-packages/airflow/example_dags/example_external_task_marker_dag.py for tasks to queue
[2023-09-22T14:36:57.528+0000] {logging_mixin.py:151} INFO - [2023-09-22T14:36:57.528+0000] {dagbag.py:539} INFO - Filling up the DagBag from /home/airflow/.local/lib/python3.8/site-packages/airflow/example_dags/example_external_task_marker_dag.py
[2023-09-22T14:36:57.532+0000] {processor.py:839} INFO - DAG(s) dict_keys(['example_external_task_marker_parent', 'example_external_task_marker_child']) retrieved from /home/airflow/.local/lib/python3.8/site-packages/airflow/example_dags/example_external_task_marker_dag.py
[2023-09-22T14:36:57.544+0000] {logging_mixin.py:151} INFO - [2023-09-22T14:36:57.544+0000] {dag.py:2907} INFO - Sync 2 DAGs
[2023-09-22T14:36:57.550+0000] {logging_mixin.py:151} INFO - [2023-09-22T14:36:57.550+0000] {dag.py:3677} INFO - Setting next_dagrun for example_external_task_marker_child to None, run_after=None
[2023-09-22T14:36:57.551+0000] {logging_mixin.py:151} INFO - [2023-09-22T14:36:57.551+0000] {dag.py:3677} INFO - Setting next_dagrun for example_external_task_marker_parent to None, run_after=None
[2023-09-22T14:36:57.557+0000] {processor.py:179} INFO - Processing /home/airflow/.local/lib/python3.8/site-packages/airflow/example_dags/example_external_task_marker_dag.py took 0.033 seconds
[2023-09-22T16:18:36.144+0000] {processor.py:157} INFO - Started process (PID=14487) to work on /home/airflow/.local/lib/python3.8/site-packages/airflow/example_dags/example_external_task_marker_dag.py
[2023-09-22T16:18:36.144+0000] {processor.py:829} INFO - Processing file /home/airflow/.local/lib/python3.8/site-packages/airflow/example_dags/example_external_task_marker_dag.py for tasks to queue
[2023-09-22T16:18:36.146+0000] {logging_mixin.py:151} INFO - [2023-09-22T16:18:36.145+0000] {dagbag.py:539} INFO - Filling up the DagBag from /home/airflow/.local/lib/python3.8/site-packages/airflow/example_dags/example_external_task_marker_dag.py
[2023-09-22T16:18:36.149+0000] {processor.py:839} INFO - DAG(s) dict_keys(['example_external_task_marker_parent', 'example_external_task_marker_child']) retrieved from /home/airflow/.local/lib/python3.8/site-packages/airflow/example_dags/example_external_task_marker_dag.py
[2023-09-22T16:18:36.160+0000] {logging_mixin.py:151} INFO - [2023-09-22T16:18:36.160+0000] {dag.py:2907} INFO - Sync 2 DAGs
[2023-09-22T16:18:36.166+0000] {logging_mixin.py:151} INFO - [2023-09-22T16:18:36.166+0000] {dag.py:3677} INFO - Setting next_dagrun for example_external_task_marker_child to None, run_after=None
[2023-09-22T16:18:36.167+0000] {logging_mixin.py:151} INFO - [2023-09-22T16:18:36.167+0000] {dag.py:3677} INFO - Setting next_dagrun for example_external_task_marker_parent to None, run_after=None
[2023-09-22T16:18:36.173+0000] {processor.py:179} INFO - Processing /home/airflow/.local/lib/python3.8/site-packages/airflow/example_dags/example_external_task_marker_dag.py took 0.032 seconds
[2023-09-22T17:42:59.353+0000] {processor.py:157} INFO - Started process (PID=14534) to work on /home/airflow/.local/lib/python3.8/site-packages/airflow/example_dags/example_external_task_marker_dag.py
[2023-09-22T17:42:59.354+0000] {processor.py:829} INFO - Processing file /home/airflow/.local/lib/python3.8/site-packages/airflow/example_dags/example_external_task_marker_dag.py for tasks to queue
[2023-09-22T17:42:59.355+0000] {logging_mixin.py:151} INFO - [2023-09-22T17:42:59.355+0000] {dagbag.py:539} INFO - Filling up the DagBag from /home/airflow/.local/lib/python3.8/site-packages/airflow/example_dags/example_external_task_marker_dag.py
[2023-09-22T17:42:59.358+0000] {processor.py:839} INFO - DAG(s) dict_keys(['example_external_task_marker_parent', 'example_external_task_marker_child']) retrieved from /home/airflow/.local/lib/python3.8/site-packages/airflow/example_dags/example_external_task_marker_dag.py
[2023-09-22T17:42:59.370+0000] {logging_mixin.py:151} INFO - [2023-09-22T17:42:59.370+0000] {dag.py:2907} INFO - Sync 2 DAGs
[2023-09-22T17:42:59.375+0000] {logging_mixin.py:151} INFO - [2023-09-22T17:42:59.375+0000] {dag.py:3677} INFO - Setting next_dagrun for example_external_task_marker_child to None, run_after=None
[2023-09-22T17:42:59.376+0000] {logging_mixin.py:151} INFO - [2023-09-22T17:42:59.376+0000] {dag.py:3677} INFO - Setting next_dagrun for example_external_task_marker_parent to None, run_after=None
[2023-09-22T17:42:59.382+0000] {processor.py:179} INFO - Processing /home/airflow/.local/lib/python3.8/site-packages/airflow/example_dags/example_external_task_marker_dag.py took 0.031 seconds
[2023-09-22T19:24:05.458+0000] {processor.py:157} INFO - Started process (PID=14581) to work on /home/airflow/.local/lib/python3.8/site-packages/airflow/example_dags/example_external_task_marker_dag.py
[2023-09-22T19:24:05.459+0000] {processor.py:829} INFO - Processing file /home/airflow/.local/lib/python3.8/site-packages/airflow/example_dags/example_external_task_marker_dag.py for tasks to queue
[2023-09-22T19:24:05.460+0000] {logging_mixin.py:151} INFO - [2023-09-22T19:24:05.460+0000] {dagbag.py:539} INFO - Filling up the DagBag from /home/airflow/.local/lib/python3.8/site-packages/airflow/example_dags/example_external_task_marker_dag.py
[2023-09-22T19:24:05.463+0000] {processor.py:839} INFO - DAG(s) dict_keys(['example_external_task_marker_parent', 'example_external_task_marker_child']) retrieved from /home/airflow/.local/lib/python3.8/site-packages/airflow/example_dags/example_external_task_marker_dag.py
[2023-09-22T19:24:05.475+0000] {logging_mixin.py:151} INFO - [2023-09-22T19:24:05.475+0000] {dag.py:2907} INFO - Sync 2 DAGs
[2023-09-22T19:24:05.480+0000] {logging_mixin.py:151} INFO - [2023-09-22T19:24:05.480+0000] {dag.py:3677} INFO - Setting next_dagrun for example_external_task_marker_child to None, run_after=None
[2023-09-22T19:24:05.482+0000] {logging_mixin.py:151} INFO - [2023-09-22T19:24:05.482+0000] {dag.py:3677} INFO - Setting next_dagrun for example_external_task_marker_parent to None, run_after=None
[2023-09-22T19:24:05.488+0000] {processor.py:179} INFO - Processing /home/airflow/.local/lib/python3.8/site-packages/airflow/example_dags/example_external_task_marker_dag.py took 0.031 seconds
[2023-09-22T21:00:33.774+0000] {processor.py:157} INFO - Started process (PID=14628) to work on /home/airflow/.local/lib/python3.8/site-packages/airflow/example_dags/example_external_task_marker_dag.py
[2023-09-22T21:00:33.774+0000] {processor.py:829} INFO - Processing file /home/airflow/.local/lib/python3.8/site-packages/airflow/example_dags/example_external_task_marker_dag.py for tasks to queue
[2023-09-22T21:00:33.775+0000] {logging_mixin.py:151} INFO - [2023-09-22T21:00:33.775+0000] {dagbag.py:539} INFO - Filling up the DagBag from /home/airflow/.local/lib/python3.8/site-packages/airflow/example_dags/example_external_task_marker_dag.py
[2023-09-22T21:00:33.779+0000] {processor.py:839} INFO - DAG(s) dict_keys(['example_external_task_marker_child', 'example_external_task_marker_parent']) retrieved from /home/airflow/.local/lib/python3.8/site-packages/airflow/example_dags/example_external_task_marker_dag.py
[2023-09-22T21:00:33.791+0000] {logging_mixin.py:151} INFO - [2023-09-22T21:00:33.791+0000] {dag.py:2907} INFO - Sync 2 DAGs
[2023-09-22T21:00:33.797+0000] {logging_mixin.py:151} INFO - [2023-09-22T21:00:33.796+0000] {dag.py:3677} INFO - Setting next_dagrun for example_external_task_marker_child to None, run_after=None
[2023-09-22T21:00:33.798+0000] {logging_mixin.py:151} INFO - [2023-09-22T21:00:33.798+0000] {dag.py:3677} INFO - Setting next_dagrun for example_external_task_marker_parent to None, run_after=None
[2023-09-22T21:00:33.804+0000] {processor.py:179} INFO - Processing /home/airflow/.local/lib/python3.8/site-packages/airflow/example_dags/example_external_task_marker_dag.py took 0.032 seconds
[2023-09-22T22:21:53.475+0000] {processor.py:157} INFO - Started process (PID=14675) to work on /home/airflow/.local/lib/python3.8/site-packages/airflow/example_dags/example_external_task_marker_dag.py
[2023-09-22T22:21:53.475+0000] {processor.py:829} INFO - Processing file /home/airflow/.local/lib/python3.8/site-packages/airflow/example_dags/example_external_task_marker_dag.py for tasks to queue
[2023-09-22T22:21:53.477+0000] {logging_mixin.py:151} INFO - [2023-09-22T22:21:53.476+0000] {dagbag.py:539} INFO - Filling up the DagBag from /home/airflow/.local/lib/python3.8/site-packages/airflow/example_dags/example_external_task_marker_dag.py
[2023-09-22T22:21:53.480+0000] {processor.py:839} INFO - DAG(s) dict_keys(['example_external_task_marker_child', 'example_external_task_marker_parent']) retrieved from /home/airflow/.local/lib/python3.8/site-packages/airflow/example_dags/example_external_task_marker_dag.py
[2023-09-22T22:21:53.493+0000] {logging_mixin.py:151} INFO - [2023-09-22T22:21:53.493+0000] {dag.py:2907} INFO - Sync 2 DAGs
[2023-09-22T22:21:53.511+0000] {logging_mixin.py:151} INFO - [2023-09-22T22:21:53.511+0000] {dag.py:3677} INFO - Setting next_dagrun for example_external_task_marker_child to None, run_after=None
[2023-09-22T22:21:53.512+0000] {logging_mixin.py:151} INFO - [2023-09-22T22:21:53.512+0000] {dag.py:3677} INFO - Setting next_dagrun for example_external_task_marker_parent to None, run_after=None
[2023-09-22T22:21:53.519+0000] {processor.py:179} INFO - Processing /home/airflow/.local/lib/python3.8/site-packages/airflow/example_dags/example_external_task_marker_dag.py took 0.046 seconds
[2023-09-22T23:59:52.032+0000] {processor.py:157} INFO - Started process (PID=14722) to work on /home/airflow/.local/lib/python3.8/site-packages/airflow/example_dags/example_external_task_marker_dag.py
[2023-09-22T23:59:52.033+0000] {processor.py:829} INFO - Processing file /home/airflow/.local/lib/python3.8/site-packages/airflow/example_dags/example_external_task_marker_dag.py for tasks to queue
[2023-09-22T23:59:52.034+0000] {logging_mixin.py:151} INFO - [2023-09-22T23:59:52.034+0000] {dagbag.py:539} INFO - Filling up the DagBag from /home/airflow/.local/lib/python3.8/site-packages/airflow/example_dags/example_external_task_marker_dag.py
[2023-09-22T23:59:52.038+0000] {processor.py:839} INFO - DAG(s) dict_keys(['example_external_task_marker_parent', 'example_external_task_marker_child']) retrieved from /home/airflow/.local/lib/python3.8/site-packages/airflow/example_dags/example_external_task_marker_dag.py
[2023-09-22T23:59:52.050+0000] {logging_mixin.py:151} INFO - [2023-09-22T23:59:52.050+0000] {dag.py:2907} INFO - Sync 2 DAGs
[2023-09-22T23:59:52.056+0000] {logging_mixin.py:151} INFO - [2023-09-22T23:59:52.056+0000] {dag.py:3677} INFO - Setting next_dagrun for example_external_task_marker_child to None, run_after=None
[2023-09-22T23:59:52.057+0000] {logging_mixin.py:151} INFO - [2023-09-22T23:59:52.057+0000] {dag.py:3677} INFO - Setting next_dagrun for example_external_task_marker_parent to None, run_after=None
[2023-09-22T23:59:52.063+0000] {processor.py:179} INFO - Processing /home/airflow/.local/lib/python3.8/site-packages/airflow/example_dags/example_external_task_marker_dag.py took 0.033 seconds
