[2023-09-22T01:06:20.004+0000] {processor.py:157} INFO - Started process (PID=13806) to work on /home/airflow/.local/lib/python3.8/site-packages/airflow/example_dags/example_sla_dag.py
[2023-09-22T01:06:20.005+0000] {processor.py:829} INFO - Processing file /home/airflow/.local/lib/python3.8/site-packages/airflow/example_dags/example_sla_dag.py for tasks to queue
[2023-09-22T01:06:20.006+0000] {logging_mixin.py:151} INFO - [2023-09-22T01:06:20.006+0000] {dagbag.py:539} INFO - Filling up the DagBag from /home/airflow/.local/lib/python3.8/site-packages/airflow/example_dags/example_sla_dag.py
[2023-09-22T01:06:20.011+0000] {processor.py:839} INFO - DAG(s) dict_keys(['example_sla_dag']) retrieved from /home/airflow/.local/lib/python3.8/site-packages/airflow/example_dags/example_sla_dag.py
[2023-09-22T01:06:20.021+0000] {logging_mixin.py:151} INFO - [2023-09-22T01:06:20.021+0000] {dag.py:2907} INFO - Sync 1 DAGs
[2023-09-22T01:06:20.033+0000] {logging_mixin.py:151} INFO - [2023-09-22T01:06:20.033+0000] {dag.py:3677} INFO - Setting next_dagrun for example_sla_dag to 2023-09-22T01:04:00+00:00, run_after=2023-09-22T01:06:00+00:00
[2023-09-22T01:06:20.042+0000] {processor.py:179} INFO - Processing /home/airflow/.local/lib/python3.8/site-packages/airflow/example_dags/example_sla_dag.py took 0.040 seconds
[2023-09-22T01:26:57.743+0000] {processor.py:157} INFO - Started process (PID=13853) to work on /home/airflow/.local/lib/python3.8/site-packages/airflow/example_dags/example_sla_dag.py
[2023-09-22T01:26:57.748+0000] {processor.py:829} INFO - Processing file /home/airflow/.local/lib/python3.8/site-packages/airflow/example_dags/example_sla_dag.py for tasks to queue
[2023-09-22T01:26:57.750+0000] {logging_mixin.py:151} INFO - [2023-09-22T01:26:57.750+0000] {dagbag.py:539} INFO - Filling up the DagBag from /home/airflow/.local/lib/python3.8/site-packages/airflow/example_dags/example_sla_dag.py
[2023-09-22T01:26:57.763+0000] {processor.py:839} INFO - DAG(s) dict_keys(['example_sla_dag']) retrieved from /home/airflow/.local/lib/python3.8/site-packages/airflow/example_dags/example_sla_dag.py
[2023-09-22T01:26:57.806+0000] {logging_mixin.py:151} INFO - [2023-09-22T01:26:57.806+0000] {dag.py:2907} INFO - Sync 1 DAGs
[2023-09-22T01:26:57.837+0000] {logging_mixin.py:151} INFO - [2023-09-22T01:26:57.837+0000] {dag.py:3677} INFO - Setting next_dagrun for example_sla_dag to 2023-09-22T01:24:00+00:00, run_after=2023-09-22T01:26:00+00:00
[2023-09-22T01:26:57.857+0000] {processor.py:179} INFO - Processing /home/airflow/.local/lib/python3.8/site-packages/airflow/example_dags/example_sla_dag.py took 0.125 seconds
[2023-09-22T01:35:27.563+0000] {processor.py:157} INFO - Started process (PID=13900) to work on /home/airflow/.local/lib/python3.8/site-packages/airflow/example_dags/example_sla_dag.py
[2023-09-22T01:35:27.566+0000] {processor.py:829} INFO - Processing file /home/airflow/.local/lib/python3.8/site-packages/airflow/example_dags/example_sla_dag.py for tasks to queue
[2023-09-22T01:35:27.571+0000] {logging_mixin.py:151} INFO - [2023-09-22T01:35:27.571+0000] {dagbag.py:539} INFO - Filling up the DagBag from /home/airflow/.local/lib/python3.8/site-packages/airflow/example_dags/example_sla_dag.py
[2023-09-22T01:35:27.585+0000] {processor.py:839} INFO - DAG(s) dict_keys(['example_sla_dag']) retrieved from /home/airflow/.local/lib/python3.8/site-packages/airflow/example_dags/example_sla_dag.py
[2023-09-22T01:35:27.634+0000] {logging_mixin.py:151} INFO - [2023-09-22T01:35:27.634+0000] {dag.py:2907} INFO - Sync 1 DAGs
[2023-09-22T01:35:27.660+0000] {logging_mixin.py:151} INFO - [2023-09-22T01:35:27.660+0000] {dag.py:3677} INFO - Setting next_dagrun for example_sla_dag to 2023-09-22T01:32:00+00:00, run_after=2023-09-22T01:34:00+00:00
[2023-09-22T01:35:27.679+0000] {processor.py:179} INFO - Processing /home/airflow/.local/lib/python3.8/site-packages/airflow/example_dags/example_sla_dag.py took 0.119 seconds
[2023-09-22T02:41:15.299+0000] {processor.py:157} INFO - Started process (PID=13947) to work on /home/airflow/.local/lib/python3.8/site-packages/airflow/example_dags/example_sla_dag.py
[2023-09-22T02:41:15.301+0000] {processor.py:829} INFO - Processing file /home/airflow/.local/lib/python3.8/site-packages/airflow/example_dags/example_sla_dag.py for tasks to queue
[2023-09-22T02:41:15.303+0000] {logging_mixin.py:151} INFO - [2023-09-22T02:41:15.303+0000] {dagbag.py:539} INFO - Filling up the DagBag from /home/airflow/.local/lib/python3.8/site-packages/airflow/example_dags/example_sla_dag.py
[2023-09-22T02:41:15.310+0000] {processor.py:839} INFO - DAG(s) dict_keys(['example_sla_dag']) retrieved from /home/airflow/.local/lib/python3.8/site-packages/airflow/example_dags/example_sla_dag.py
[2023-09-22T02:41:15.327+0000] {logging_mixin.py:151} INFO - [2023-09-22T02:41:15.327+0000] {dag.py:2907} INFO - Sync 1 DAGs
[2023-09-22T02:41:15.349+0000] {logging_mixin.py:151} INFO - [2023-09-22T02:41:15.349+0000] {dag.py:3677} INFO - Setting next_dagrun for example_sla_dag to 2023-09-22T02:38:00+00:00, run_after=2023-09-22T02:40:00+00:00
[2023-09-22T02:41:15.360+0000] {processor.py:179} INFO - Processing /home/airflow/.local/lib/python3.8/site-packages/airflow/example_dags/example_sla_dag.py took 0.307 seconds
[2023-09-22T04:02:54.070+0000] {processor.py:157} INFO - Started process (PID=13994) to work on /home/airflow/.local/lib/python3.8/site-packages/airflow/example_dags/example_sla_dag.py
[2023-09-22T04:02:54.076+0000] {processor.py:829} INFO - Processing file /home/airflow/.local/lib/python3.8/site-packages/airflow/example_dags/example_sla_dag.py for tasks to queue
[2023-09-22T04:02:54.082+0000] {logging_mixin.py:151} INFO - [2023-09-22T04:02:54.081+0000] {dagbag.py:539} INFO - Filling up the DagBag from /home/airflow/.local/lib/python3.8/site-packages/airflow/example_dags/example_sla_dag.py
[2023-09-22T04:02:54.095+0000] {processor.py:839} INFO - DAG(s) dict_keys(['example_sla_dag']) retrieved from /home/airflow/.local/lib/python3.8/site-packages/airflow/example_dags/example_sla_dag.py
[2023-09-22T04:02:54.134+0000] {logging_mixin.py:151} INFO - [2023-09-22T04:02:54.134+0000] {dag.py:2907} INFO - Sync 1 DAGs
[2023-09-22T04:02:54.154+0000] {logging_mixin.py:151} INFO - [2023-09-22T04:02:54.154+0000] {dag.py:3677} INFO - Setting next_dagrun for example_sla_dag to 2023-09-22T04:00:00+00:00, run_after=2023-09-22T04:02:00+00:00
[2023-09-22T04:02:54.170+0000] {processor.py:179} INFO - Processing /home/airflow/.local/lib/python3.8/site-packages/airflow/example_dags/example_sla_dag.py took 0.103 seconds
[2023-09-22T05:38:42.687+0000] {processor.py:157} INFO - Started process (PID=14041) to work on /home/airflow/.local/lib/python3.8/site-packages/airflow/example_dags/example_sla_dag.py
[2023-09-22T05:38:42.688+0000] {processor.py:829} INFO - Processing file /home/airflow/.local/lib/python3.8/site-packages/airflow/example_dags/example_sla_dag.py for tasks to queue
[2023-09-22T05:38:42.689+0000] {logging_mixin.py:151} INFO - [2023-09-22T05:38:42.689+0000] {dagbag.py:539} INFO - Filling up the DagBag from /home/airflow/.local/lib/python3.8/site-packages/airflow/example_dags/example_sla_dag.py
[2023-09-22T05:38:42.693+0000] {processor.py:839} INFO - DAG(s) dict_keys(['example_sla_dag']) retrieved from /home/airflow/.local/lib/python3.8/site-packages/airflow/example_dags/example_sla_dag.py
[2023-09-22T05:38:42.703+0000] {logging_mixin.py:151} INFO - [2023-09-22T05:38:42.703+0000] {dag.py:2907} INFO - Sync 1 DAGs
[2023-09-22T05:38:42.715+0000] {logging_mixin.py:151} INFO - [2023-09-22T05:38:42.715+0000] {dag.py:3677} INFO - Setting next_dagrun for example_sla_dag to 2023-09-22T05:36:00+00:00, run_after=2023-09-22T05:38:00+00:00
[2023-09-22T05:38:42.722+0000] {processor.py:179} INFO - Processing /home/airflow/.local/lib/python3.8/site-packages/airflow/example_dags/example_sla_dag.py took 0.037 seconds
[2023-09-22T07:01:37.659+0000] {processor.py:157} INFO - Started process (PID=14088) to work on /home/airflow/.local/lib/python3.8/site-packages/airflow/example_dags/example_sla_dag.py
[2023-09-22T07:01:37.662+0000] {processor.py:829} INFO - Processing file /home/airflow/.local/lib/python3.8/site-packages/airflow/example_dags/example_sla_dag.py for tasks to queue
[2023-09-22T07:01:37.664+0000] {logging_mixin.py:151} INFO - [2023-09-22T07:01:37.664+0000] {dagbag.py:539} INFO - Filling up the DagBag from /home/airflow/.local/lib/python3.8/site-packages/airflow/example_dags/example_sla_dag.py
[2023-09-22T07:01:37.678+0000] {processor.py:839} INFO - DAG(s) dict_keys(['example_sla_dag']) retrieved from /home/airflow/.local/lib/python3.8/site-packages/airflow/example_dags/example_sla_dag.py
[2023-09-22T07:01:37.707+0000] {logging_mixin.py:151} INFO - [2023-09-22T07:01:37.707+0000] {dag.py:2907} INFO - Sync 1 DAGs
[2023-09-22T07:01:37.727+0000] {logging_mixin.py:151} INFO - [2023-09-22T07:01:37.727+0000] {dag.py:3677} INFO - Setting next_dagrun for example_sla_dag to 2023-09-22T06:58:00+00:00, run_after=2023-09-22T07:00:00+00:00
[2023-09-22T07:01:37.741+0000] {processor.py:179} INFO - Processing /home/airflow/.local/lib/python3.8/site-packages/airflow/example_dags/example_sla_dag.py took 0.086 seconds
[2023-09-22T08:27:03.009+0000] {processor.py:157} INFO - Started process (PID=14135) to work on /home/airflow/.local/lib/python3.8/site-packages/airflow/example_dags/example_sla_dag.py
[2023-09-22T08:27:03.010+0000] {processor.py:829} INFO - Processing file /home/airflow/.local/lib/python3.8/site-packages/airflow/example_dags/example_sla_dag.py for tasks to queue
[2023-09-22T08:27:03.011+0000] {logging_mixin.py:151} INFO - [2023-09-22T08:27:03.011+0000] {dagbag.py:539} INFO - Filling up the DagBag from /home/airflow/.local/lib/python3.8/site-packages/airflow/example_dags/example_sla_dag.py
[2023-09-22T08:27:03.016+0000] {processor.py:839} INFO - DAG(s) dict_keys(['example_sla_dag']) retrieved from /home/airflow/.local/lib/python3.8/site-packages/airflow/example_dags/example_sla_dag.py
[2023-09-22T08:27:03.025+0000] {logging_mixin.py:151} INFO - [2023-09-22T08:27:03.025+0000] {dag.py:2907} INFO - Sync 1 DAGs
[2023-09-22T08:27:03.036+0000] {logging_mixin.py:151} INFO - [2023-09-22T08:27:03.036+0000] {dag.py:3677} INFO - Setting next_dagrun for example_sla_dag to 2023-09-22T08:24:00+00:00, run_after=2023-09-22T08:26:00+00:00
[2023-09-22T08:27:03.044+0000] {processor.py:179} INFO - Processing /home/airflow/.local/lib/python3.8/site-packages/airflow/example_dags/example_sla_dag.py took 0.037 seconds
[2023-09-22T09:32:29.756+0000] {processor.py:157} INFO - Started process (PID=14182) to work on /home/airflow/.local/lib/python3.8/site-packages/airflow/example_dags/example_sla_dag.py
[2023-09-22T09:32:29.757+0000] {processor.py:829} INFO - Processing file /home/airflow/.local/lib/python3.8/site-packages/airflow/example_dags/example_sla_dag.py for tasks to queue
[2023-09-22T09:32:29.759+0000] {logging_mixin.py:151} INFO - [2023-09-22T09:32:29.759+0000] {dagbag.py:539} INFO - Filling up the DagBag from /home/airflow/.local/lib/python3.8/site-packages/airflow/example_dags/example_sla_dag.py
[2023-09-22T09:32:29.765+0000] {processor.py:839} INFO - DAG(s) dict_keys(['example_sla_dag']) retrieved from /home/airflow/.local/lib/python3.8/site-packages/airflow/example_dags/example_sla_dag.py
[2023-09-22T09:32:29.777+0000] {logging_mixin.py:151} INFO - [2023-09-22T09:32:29.777+0000] {dag.py:2907} INFO - Sync 1 DAGs
[2023-09-22T09:32:29.790+0000] {logging_mixin.py:151} INFO - [2023-09-22T09:32:29.789+0000] {dag.py:3677} INFO - Setting next_dagrun for example_sla_dag to 2023-09-22T09:30:00+00:00, run_after=2023-09-22T09:32:00+00:00
[2023-09-22T09:32:29.797+0000] {processor.py:179} INFO - Processing /home/airflow/.local/lib/python3.8/site-packages/airflow/example_dags/example_sla_dag.py took 0.045 seconds
[2023-09-22T09:50:51.405+0000] {processor.py:157} INFO - Started process (PID=14229) to work on /home/airflow/.local/lib/python3.8/site-packages/airflow/example_dags/example_sla_dag.py
[2023-09-22T09:50:51.406+0000] {processor.py:829} INFO - Processing file /home/airflow/.local/lib/python3.8/site-packages/airflow/example_dags/example_sla_dag.py for tasks to queue
[2023-09-22T09:50:51.411+0000] {logging_mixin.py:151} INFO - [2023-09-22T09:50:51.411+0000] {dagbag.py:539} INFO - Filling up the DagBag from /home/airflow/.local/lib/python3.8/site-packages/airflow/example_dags/example_sla_dag.py
[2023-09-22T09:50:51.424+0000] {processor.py:839} INFO - DAG(s) dict_keys(['example_sla_dag']) retrieved from /home/airflow/.local/lib/python3.8/site-packages/airflow/example_dags/example_sla_dag.py
[2023-09-22T09:50:51.441+0000] {logging_mixin.py:151} INFO - [2023-09-22T09:50:51.441+0000] {dag.py:2907} INFO - Sync 1 DAGs
[2023-09-22T09:50:51.463+0000] {logging_mixin.py:151} INFO - [2023-09-22T09:50:51.463+0000] {dag.py:3677} INFO - Setting next_dagrun for example_sla_dag to 2023-09-22T09:48:00+00:00, run_after=2023-09-22T09:50:00+00:00
[2023-09-22T09:50:51.485+0000] {processor.py:179} INFO - Processing /home/airflow/.local/lib/python3.8/site-packages/airflow/example_dags/example_sla_dag.py took 0.083 seconds
[2023-09-22T10:29:15.917+0000] {processor.py:157} INFO - Started process (PID=14276) to work on /home/airflow/.local/lib/python3.8/site-packages/airflow/example_dags/example_sla_dag.py
[2023-09-22T10:29:15.920+0000] {processor.py:829} INFO - Processing file /home/airflow/.local/lib/python3.8/site-packages/airflow/example_dags/example_sla_dag.py for tasks to queue
[2023-09-22T10:29:15.926+0000] {logging_mixin.py:151} INFO - [2023-09-22T10:29:15.926+0000] {dagbag.py:539} INFO - Filling up the DagBag from /home/airflow/.local/lib/python3.8/site-packages/airflow/example_dags/example_sla_dag.py
[2023-09-22T10:29:15.941+0000] {processor.py:839} INFO - DAG(s) dict_keys(['example_sla_dag']) retrieved from /home/airflow/.local/lib/python3.8/site-packages/airflow/example_dags/example_sla_dag.py
[2023-09-22T10:29:15.980+0000] {logging_mixin.py:151} INFO - [2023-09-22T10:29:15.980+0000] {dag.py:2907} INFO - Sync 1 DAGs
[2023-09-22T10:29:16.009+0000] {logging_mixin.py:151} INFO - [2023-09-22T10:29:16.009+0000] {dag.py:3677} INFO - Setting next_dagrun for example_sla_dag to 2023-09-22T10:26:00+00:00, run_after=2023-09-22T10:28:00+00:00
[2023-09-22T10:29:16.036+0000] {processor.py:179} INFO - Processing /home/airflow/.local/lib/python3.8/site-packages/airflow/example_dags/example_sla_dag.py took 0.122 seconds
[2023-09-22T11:35:43.803+0000] {processor.py:157} INFO - Started process (PID=14323) to work on /home/airflow/.local/lib/python3.8/site-packages/airflow/example_dags/example_sla_dag.py
[2023-09-22T11:35:43.810+0000] {processor.py:829} INFO - Processing file /home/airflow/.local/lib/python3.8/site-packages/airflow/example_dags/example_sla_dag.py for tasks to queue
[2023-09-22T11:35:43.813+0000] {logging_mixin.py:151} INFO - [2023-09-22T11:35:43.813+0000] {dagbag.py:539} INFO - Filling up the DagBag from /home/airflow/.local/lib/python3.8/site-packages/airflow/example_dags/example_sla_dag.py
[2023-09-22T11:35:43.826+0000] {processor.py:839} INFO - DAG(s) dict_keys(['example_sla_dag']) retrieved from /home/airflow/.local/lib/python3.8/site-packages/airflow/example_dags/example_sla_dag.py
[2023-09-22T11:35:43.852+0000] {logging_mixin.py:151} INFO - [2023-09-22T11:35:43.851+0000] {dag.py:2907} INFO - Sync 1 DAGs
[2023-09-22T11:35:43.886+0000] {logging_mixin.py:151} INFO - [2023-09-22T11:35:43.886+0000] {dag.py:3677} INFO - Setting next_dagrun for example_sla_dag to 2023-09-22T11:32:00+00:00, run_after=2023-09-22T11:34:00+00:00
[2023-09-22T11:35:43.904+0000] {processor.py:179} INFO - Processing /home/airflow/.local/lib/python3.8/site-packages/airflow/example_dags/example_sla_dag.py took 0.105 seconds
[2023-09-22T12:57:16.662+0000] {processor.py:157} INFO - Started process (PID=14370) to work on /home/airflow/.local/lib/python3.8/site-packages/airflow/example_dags/example_sla_dag.py
[2023-09-22T12:57:16.663+0000] {processor.py:829} INFO - Processing file /home/airflow/.local/lib/python3.8/site-packages/airflow/example_dags/example_sla_dag.py for tasks to queue
[2023-09-22T12:57:16.664+0000] {logging_mixin.py:151} INFO - [2023-09-22T12:57:16.664+0000] {dagbag.py:539} INFO - Filling up the DagBag from /home/airflow/.local/lib/python3.8/site-packages/airflow/example_dags/example_sla_dag.py
[2023-09-22T12:57:16.670+0000] {processor.py:839} INFO - DAG(s) dict_keys(['example_sla_dag']) retrieved from /home/airflow/.local/lib/python3.8/site-packages/airflow/example_dags/example_sla_dag.py
[2023-09-22T12:57:16.681+0000] {logging_mixin.py:151} INFO - [2023-09-22T12:57:16.681+0000] {dag.py:2907} INFO - Sync 1 DAGs
[2023-09-22T12:57:16.692+0000] {logging_mixin.py:151} INFO - [2023-09-22T12:57:16.692+0000] {dag.py:3677} INFO - Setting next_dagrun for example_sla_dag to 2023-09-22T12:54:00+00:00, run_after=2023-09-22T12:56:00+00:00
[2023-09-22T12:57:16.701+0000] {processor.py:179} INFO - Processing /home/airflow/.local/lib/python3.8/site-packages/airflow/example_dags/example_sla_dag.py took 0.041 seconds
[2023-09-22T14:36:56.678+0000] {processor.py:157} INFO - Started process (PID=14417) to work on /home/airflow/.local/lib/python3.8/site-packages/airflow/example_dags/example_sla_dag.py
[2023-09-22T14:36:56.682+0000] {processor.py:829} INFO - Processing file /home/airflow/.local/lib/python3.8/site-packages/airflow/example_dags/example_sla_dag.py for tasks to queue
[2023-09-22T14:36:56.684+0000] {logging_mixin.py:151} INFO - [2023-09-22T14:36:56.684+0000] {dagbag.py:539} INFO - Filling up the DagBag from /home/airflow/.local/lib/python3.8/site-packages/airflow/example_dags/example_sla_dag.py
[2023-09-22T14:36:56.693+0000] {processor.py:839} INFO - DAG(s) dict_keys(['example_sla_dag']) retrieved from /home/airflow/.local/lib/python3.8/site-packages/airflow/example_dags/example_sla_dag.py
[2023-09-22T14:36:56.717+0000] {logging_mixin.py:151} INFO - [2023-09-22T14:36:56.717+0000] {dag.py:2907} INFO - Sync 1 DAGs
[2023-09-22T14:36:56.731+0000] {logging_mixin.py:151} INFO - [2023-09-22T14:36:56.731+0000] {dag.py:3677} INFO - Setting next_dagrun for example_sla_dag to 2023-09-22T14:34:00+00:00, run_after=2023-09-22T14:36:00+00:00
[2023-09-22T14:36:56.744+0000] {processor.py:179} INFO - Processing /home/airflow/.local/lib/python3.8/site-packages/airflow/example_dags/example_sla_dag.py took 0.070 seconds
[2023-09-22T16:18:35.039+0000] {processor.py:157} INFO - Started process (PID=14464) to work on /home/airflow/.local/lib/python3.8/site-packages/airflow/example_dags/example_sla_dag.py
[2023-09-22T16:18:35.043+0000] {processor.py:829} INFO - Processing file /home/airflow/.local/lib/python3.8/site-packages/airflow/example_dags/example_sla_dag.py for tasks to queue
[2023-09-22T16:18:35.054+0000] {logging_mixin.py:151} INFO - [2023-09-22T16:18:35.053+0000] {dagbag.py:539} INFO - Filling up the DagBag from /home/airflow/.local/lib/python3.8/site-packages/airflow/example_dags/example_sla_dag.py
[2023-09-22T16:18:35.080+0000] {processor.py:839} INFO - DAG(s) dict_keys(['example_sla_dag']) retrieved from /home/airflow/.local/lib/python3.8/site-packages/airflow/example_dags/example_sla_dag.py
[2023-09-22T16:18:35.116+0000] {logging_mixin.py:151} INFO - [2023-09-22T16:18:35.116+0000] {dag.py:2907} INFO - Sync 1 DAGs
[2023-09-22T16:18:35.136+0000] {logging_mixin.py:151} INFO - [2023-09-22T16:18:35.135+0000] {dag.py:3677} INFO - Setting next_dagrun for example_sla_dag to 2023-09-22T16:16:00+00:00, run_after=2023-09-22T16:18:00+00:00
[2023-09-22T16:18:35.145+0000] {processor.py:179} INFO - Processing /home/airflow/.local/lib/python3.8/site-packages/airflow/example_dags/example_sla_dag.py took 0.110 seconds
[2023-09-22T17:42:57.892+0000] {processor.py:157} INFO - Started process (PID=14511) to work on /home/airflow/.local/lib/python3.8/site-packages/airflow/example_dags/example_sla_dag.py
[2023-09-22T17:42:57.896+0000] {processor.py:829} INFO - Processing file /home/airflow/.local/lib/python3.8/site-packages/airflow/example_dags/example_sla_dag.py for tasks to queue
[2023-09-22T17:42:57.900+0000] {logging_mixin.py:151} INFO - [2023-09-22T17:42:57.900+0000] {dagbag.py:539} INFO - Filling up the DagBag from /home/airflow/.local/lib/python3.8/site-packages/airflow/example_dags/example_sla_dag.py
[2023-09-22T17:42:57.907+0000] {processor.py:839} INFO - DAG(s) dict_keys(['example_sla_dag']) retrieved from /home/airflow/.local/lib/python3.8/site-packages/airflow/example_dags/example_sla_dag.py
[2023-09-22T17:42:57.932+0000] {logging_mixin.py:151} INFO - [2023-09-22T17:42:57.932+0000] {dag.py:2907} INFO - Sync 1 DAGs
[2023-09-22T17:42:57.953+0000] {logging_mixin.py:151} INFO - [2023-09-22T17:42:57.953+0000] {dag.py:3677} INFO - Setting next_dagrun for example_sla_dag to 2023-09-22T17:40:00+00:00, run_after=2023-09-22T17:42:00+00:00
[2023-09-22T17:42:57.977+0000] {processor.py:179} INFO - Processing /home/airflow/.local/lib/python3.8/site-packages/airflow/example_dags/example_sla_dag.py took 0.088 seconds
[2023-09-22T19:24:04.758+0000] {processor.py:157} INFO - Started process (PID=14558) to work on /home/airflow/.local/lib/python3.8/site-packages/airflow/example_dags/example_sla_dag.py
[2023-09-22T19:24:04.759+0000] {processor.py:829} INFO - Processing file /home/airflow/.local/lib/python3.8/site-packages/airflow/example_dags/example_sla_dag.py for tasks to queue
[2023-09-22T19:24:04.760+0000] {logging_mixin.py:151} INFO - [2023-09-22T19:24:04.760+0000] {dagbag.py:539} INFO - Filling up the DagBag from /home/airflow/.local/lib/python3.8/site-packages/airflow/example_dags/example_sla_dag.py
[2023-09-22T19:24:04.765+0000] {processor.py:839} INFO - DAG(s) dict_keys(['example_sla_dag']) retrieved from /home/airflow/.local/lib/python3.8/site-packages/airflow/example_dags/example_sla_dag.py
[2023-09-22T19:24:04.775+0000] {logging_mixin.py:151} INFO - [2023-09-22T19:24:04.774+0000] {dag.py:2907} INFO - Sync 1 DAGs
[2023-09-22T19:24:04.786+0000] {logging_mixin.py:151} INFO - [2023-09-22T19:24:04.786+0000] {dag.py:3677} INFO - Setting next_dagrun for example_sla_dag to 2023-09-22T19:22:00+00:00, run_after=2023-09-22T19:24:00+00:00
[2023-09-22T19:24:04.793+0000] {processor.py:179} INFO - Processing /home/airflow/.local/lib/python3.8/site-packages/airflow/example_dags/example_sla_dag.py took 0.037 seconds
[2023-09-22T21:00:32.734+0000] {processor.py:157} INFO - Started process (PID=14605) to work on /home/airflow/.local/lib/python3.8/site-packages/airflow/example_dags/example_sla_dag.py
[2023-09-22T21:00:32.740+0000] {processor.py:829} INFO - Processing file /home/airflow/.local/lib/python3.8/site-packages/airflow/example_dags/example_sla_dag.py for tasks to queue
[2023-09-22T21:00:32.746+0000] {logging_mixin.py:151} INFO - [2023-09-22T21:00:32.746+0000] {dagbag.py:539} INFO - Filling up the DagBag from /home/airflow/.local/lib/python3.8/site-packages/airflow/example_dags/example_sla_dag.py
[2023-09-22T21:00:32.755+0000] {processor.py:839} INFO - DAG(s) dict_keys(['example_sla_dag']) retrieved from /home/airflow/.local/lib/python3.8/site-packages/airflow/example_dags/example_sla_dag.py
[2023-09-22T21:00:32.780+0000] {logging_mixin.py:151} INFO - [2023-09-22T21:00:32.780+0000] {dag.py:2907} INFO - Sync 1 DAGs
[2023-09-22T21:00:32.799+0000] {logging_mixin.py:151} INFO - [2023-09-22T21:00:32.799+0000] {dag.py:3677} INFO - Setting next_dagrun for example_sla_dag to 2023-09-22T20:58:00+00:00, run_after=2023-09-22T21:00:00+00:00
[2023-09-22T21:00:32.814+0000] {processor.py:179} INFO - Processing /home/airflow/.local/lib/python3.8/site-packages/airflow/example_dags/example_sla_dag.py took 0.082 seconds
[2023-09-22T22:21:51.871+0000] {processor.py:157} INFO - Started process (PID=14652) to work on /home/airflow/.local/lib/python3.8/site-packages/airflow/example_dags/example_sla_dag.py
[2023-09-22T22:21:51.875+0000] {processor.py:829} INFO - Processing file /home/airflow/.local/lib/python3.8/site-packages/airflow/example_dags/example_sla_dag.py for tasks to queue
[2023-09-22T22:21:51.878+0000] {logging_mixin.py:151} INFO - [2023-09-22T22:21:51.877+0000] {dagbag.py:539} INFO - Filling up the DagBag from /home/airflow/.local/lib/python3.8/site-packages/airflow/example_dags/example_sla_dag.py
[2023-09-22T22:21:51.889+0000] {processor.py:839} INFO - DAG(s) dict_keys(['example_sla_dag']) retrieved from /home/airflow/.local/lib/python3.8/site-packages/airflow/example_dags/example_sla_dag.py
[2023-09-22T22:21:51.913+0000] {logging_mixin.py:151} INFO - [2023-09-22T22:21:51.913+0000] {dag.py:2907} INFO - Sync 1 DAGs
[2023-09-22T22:21:51.933+0000] {logging_mixin.py:151} INFO - [2023-09-22T22:21:51.933+0000] {dag.py:3677} INFO - Setting next_dagrun for example_sla_dag to 2023-09-22T22:18:00+00:00, run_after=2023-09-22T22:20:00+00:00
[2023-09-22T22:21:51.947+0000] {processor.py:179} INFO - Processing /home/airflow/.local/lib/python3.8/site-packages/airflow/example_dags/example_sla_dag.py took 0.081 seconds
[2023-09-22T23:59:50.849+0000] {processor.py:157} INFO - Started process (PID=14699) to work on /home/airflow/.local/lib/python3.8/site-packages/airflow/example_dags/example_sla_dag.py
[2023-09-22T23:59:50.855+0000] {processor.py:829} INFO - Processing file /home/airflow/.local/lib/python3.8/site-packages/airflow/example_dags/example_sla_dag.py for tasks to queue
[2023-09-22T23:59:50.864+0000] {logging_mixin.py:151} INFO - [2023-09-22T23:59:50.864+0000] {dagbag.py:539} INFO - Filling up the DagBag from /home/airflow/.local/lib/python3.8/site-packages/airflow/example_dags/example_sla_dag.py
[2023-09-22T23:59:50.878+0000] {processor.py:839} INFO - DAG(s) dict_keys(['example_sla_dag']) retrieved from /home/airflow/.local/lib/python3.8/site-packages/airflow/example_dags/example_sla_dag.py
[2023-09-22T23:59:50.914+0000] {logging_mixin.py:151} INFO - [2023-09-22T23:59:50.914+0000] {dag.py:2907} INFO - Sync 1 DAGs
[2023-09-22T23:59:50.935+0000] {logging_mixin.py:151} INFO - [2023-09-22T23:59:50.935+0000] {dag.py:3677} INFO - Setting next_dagrun for example_sla_dag to 2023-09-22T23:56:00+00:00, run_after=2023-09-22T23:58:00+00:00
[2023-09-22T23:59:50.962+0000] {processor.py:179} INFO - Processing /home/airflow/.local/lib/python3.8/site-packages/airflow/example_dags/example_sla_dag.py took 0.115 seconds
