[2023-09-22T01:06:20.203+0000] {processor.py:157} INFO - Started process (PID=13812) to work on /home/airflow/.local/lib/python3.8/site-packages/airflow/example_dags/example_branch_datetime_operator.py
[2023-09-22T01:06:20.203+0000] {processor.py:829} INFO - Processing file /home/airflow/.local/lib/python3.8/site-packages/airflow/example_dags/example_branch_datetime_operator.py for tasks to queue
[2023-09-22T01:06:20.205+0000] {logging_mixin.py:151} INFO - [2023-09-22T01:06:20.205+0000] {dagbag.py:539} INFO - Filling up the DagBag from /home/airflow/.local/lib/python3.8/site-packages/airflow/example_dags/example_branch_datetime_operator.py
[2023-09-22T01:06:20.210+0000] {processor.py:839} INFO - DAG(s) dict_keys(['example_branch_datetime_operator_3', 'example_branch_datetime_operator', 'example_branch_datetime_operator_2']) retrieved from /home/airflow/.local/lib/python3.8/site-packages/airflow/example_dags/example_branch_datetime_operator.py
[2023-09-22T01:06:20.225+0000] {logging_mixin.py:151} INFO - [2023-09-22T01:06:20.225+0000] {dag.py:2907} INFO - Sync 3 DAGs
[2023-09-22T01:06:20.244+0000] {logging_mixin.py:151} INFO - [2023-09-22T01:06:20.244+0000] {dag.py:3677} INFO - Setting next_dagrun for example_branch_datetime_operator to 2023-09-21T00:00:00+00:00, run_after=2023-09-22T00:00:00+00:00
[2023-09-22T01:06:20.246+0000] {logging_mixin.py:151} INFO - [2023-09-22T01:06:20.246+0000] {dag.py:3677} INFO - Setting next_dagrun for example_branch_datetime_operator_2 to 2023-09-21T00:00:00+00:00, run_after=2023-09-22T00:00:00+00:00
[2023-09-22T01:06:20.248+0000] {logging_mixin.py:151} INFO - [2023-09-22T01:06:20.248+0000] {dag.py:3677} INFO - Setting next_dagrun for example_branch_datetime_operator_3 to 2023-09-21T00:00:00+00:00, run_after=2023-09-22T00:00:00+00:00
[2023-09-22T01:06:20.254+0000] {processor.py:179} INFO - Processing /home/airflow/.local/lib/python3.8/site-packages/airflow/example_dags/example_branch_datetime_operator.py took 0.054 seconds
[2023-09-22T01:26:58.217+0000] {processor.py:157} INFO - Started process (PID=13859) to work on /home/airflow/.local/lib/python3.8/site-packages/airflow/example_dags/example_branch_datetime_operator.py
[2023-09-22T01:26:58.221+0000] {processor.py:829} INFO - Processing file /home/airflow/.local/lib/python3.8/site-packages/airflow/example_dags/example_branch_datetime_operator.py for tasks to queue
[2023-09-22T01:26:58.223+0000] {logging_mixin.py:151} INFO - [2023-09-22T01:26:58.223+0000] {dagbag.py:539} INFO - Filling up the DagBag from /home/airflow/.local/lib/python3.8/site-packages/airflow/example_dags/example_branch_datetime_operator.py
[2023-09-22T01:26:58.235+0000] {processor.py:839} INFO - DAG(s) dict_keys(['example_branch_datetime_operator_2', 'example_branch_datetime_operator_3', 'example_branch_datetime_operator']) retrieved from /home/airflow/.local/lib/python3.8/site-packages/airflow/example_dags/example_branch_datetime_operator.py
[2023-09-22T01:26:58.312+0000] {logging_mixin.py:151} INFO - [2023-09-22T01:26:58.312+0000] {dag.py:2907} INFO - Sync 3 DAGs
[2023-09-22T01:26:58.334+0000] {logging_mixin.py:151} INFO - [2023-09-22T01:26:58.334+0000] {dag.py:3677} INFO - Setting next_dagrun for example_branch_datetime_operator to 2023-09-21T00:00:00+00:00, run_after=2023-09-22T00:00:00+00:00
[2023-09-22T01:26:58.336+0000] {logging_mixin.py:151} INFO - [2023-09-22T01:26:58.336+0000] {dag.py:3677} INFO - Setting next_dagrun for example_branch_datetime_operator_2 to 2023-09-21T00:00:00+00:00, run_after=2023-09-22T00:00:00+00:00
[2023-09-22T01:26:58.341+0000] {logging_mixin.py:151} INFO - [2023-09-22T01:26:58.341+0000] {dag.py:3677} INFO - Setting next_dagrun for example_branch_datetime_operator_3 to 2023-09-21T00:00:00+00:00, run_after=2023-09-22T00:00:00+00:00
[2023-09-22T01:26:58.362+0000] {processor.py:179} INFO - Processing /home/airflow/.local/lib/python3.8/site-packages/airflow/example_dags/example_branch_datetime_operator.py took 0.147 seconds
[2023-09-22T01:35:27.914+0000] {processor.py:157} INFO - Started process (PID=13906) to work on /home/airflow/.local/lib/python3.8/site-packages/airflow/example_dags/example_branch_datetime_operator.py
[2023-09-22T01:35:27.915+0000] {processor.py:829} INFO - Processing file /home/airflow/.local/lib/python3.8/site-packages/airflow/example_dags/example_branch_datetime_operator.py for tasks to queue
[2023-09-22T01:35:27.917+0000] {logging_mixin.py:151} INFO - [2023-09-22T01:35:27.917+0000] {dagbag.py:539} INFO - Filling up the DagBag from /home/airflow/.local/lib/python3.8/site-packages/airflow/example_dags/example_branch_datetime_operator.py
[2023-09-22T01:35:27.923+0000] {processor.py:839} INFO - DAG(s) dict_keys(['example_branch_datetime_operator', 'example_branch_datetime_operator_3', 'example_branch_datetime_operator_2']) retrieved from /home/airflow/.local/lib/python3.8/site-packages/airflow/example_dags/example_branch_datetime_operator.py
[2023-09-22T01:35:27.938+0000] {logging_mixin.py:151} INFO - [2023-09-22T01:35:27.938+0000] {dag.py:2907} INFO - Sync 3 DAGs
[2023-09-22T01:35:27.949+0000] {logging_mixin.py:151} INFO - [2023-09-22T01:35:27.948+0000] {dag.py:3677} INFO - Setting next_dagrun for example_branch_datetime_operator to 2023-09-21T00:00:00+00:00, run_after=2023-09-22T00:00:00+00:00
[2023-09-22T01:35:27.951+0000] {logging_mixin.py:151} INFO - [2023-09-22T01:35:27.951+0000] {dag.py:3677} INFO - Setting next_dagrun for example_branch_datetime_operator_2 to 2023-09-21T00:00:00+00:00, run_after=2023-09-22T00:00:00+00:00
[2023-09-22T01:35:27.952+0000] {logging_mixin.py:151} INFO - [2023-09-22T01:35:27.952+0000] {dag.py:3677} INFO - Setting next_dagrun for example_branch_datetime_operator_3 to 2023-09-21T00:00:00+00:00, run_after=2023-09-22T00:00:00+00:00
[2023-09-22T01:35:27.959+0000] {processor.py:179} INFO - Processing /home/airflow/.local/lib/python3.8/site-packages/airflow/example_dags/example_branch_datetime_operator.py took 0.047 seconds
[2023-09-22T02:41:15.566+0000] {processor.py:157} INFO - Started process (PID=13953) to work on /home/airflow/.local/lib/python3.8/site-packages/airflow/example_dags/example_branch_datetime_operator.py
[2023-09-22T02:41:15.567+0000] {processor.py:829} INFO - Processing file /home/airflow/.local/lib/python3.8/site-packages/airflow/example_dags/example_branch_datetime_operator.py for tasks to queue
[2023-09-22T02:41:15.569+0000] {logging_mixin.py:151} INFO - [2023-09-22T02:41:15.569+0000] {dagbag.py:539} INFO - Filling up the DagBag from /home/airflow/.local/lib/python3.8/site-packages/airflow/example_dags/example_branch_datetime_operator.py
[2023-09-22T02:41:15.576+0000] {processor.py:839} INFO - DAG(s) dict_keys(['example_branch_datetime_operator', 'example_branch_datetime_operator_2', 'example_branch_datetime_operator_3']) retrieved from /home/airflow/.local/lib/python3.8/site-packages/airflow/example_dags/example_branch_datetime_operator.py
[2023-09-22T02:41:15.599+0000] {logging_mixin.py:151} INFO - [2023-09-22T02:41:15.599+0000] {dag.py:2907} INFO - Sync 3 DAGs
[2023-09-22T02:41:15.616+0000] {logging_mixin.py:151} INFO - [2023-09-22T02:41:15.616+0000] {dag.py:3677} INFO - Setting next_dagrun for example_branch_datetime_operator to 2023-09-21T00:00:00+00:00, run_after=2023-09-22T00:00:00+00:00
[2023-09-22T02:41:15.619+0000] {logging_mixin.py:151} INFO - [2023-09-22T02:41:15.619+0000] {dag.py:3677} INFO - Setting next_dagrun for example_branch_datetime_operator_2 to 2023-09-21T00:00:00+00:00, run_after=2023-09-22T00:00:00+00:00
[2023-09-22T02:41:15.621+0000] {logging_mixin.py:151} INFO - [2023-09-22T02:41:15.621+0000] {dag.py:3677} INFO - Setting next_dagrun for example_branch_datetime_operator_3 to 2023-09-21T00:00:00+00:00, run_after=2023-09-22T00:00:00+00:00
[2023-09-22T02:41:15.634+0000] {processor.py:179} INFO - Processing /home/airflow/.local/lib/python3.8/site-packages/airflow/example_dags/example_branch_datetime_operator.py took 0.069 seconds
[2023-09-22T04:02:54.454+0000] {processor.py:157} INFO - Started process (PID=14000) to work on /home/airflow/.local/lib/python3.8/site-packages/airflow/example_dags/example_branch_datetime_operator.py
[2023-09-22T04:02:54.456+0000] {processor.py:829} INFO - Processing file /home/airflow/.local/lib/python3.8/site-packages/airflow/example_dags/example_branch_datetime_operator.py for tasks to queue
[2023-09-22T04:02:54.457+0000] {logging_mixin.py:151} INFO - [2023-09-22T04:02:54.457+0000] {dagbag.py:539} INFO - Filling up the DagBag from /home/airflow/.local/lib/python3.8/site-packages/airflow/example_dags/example_branch_datetime_operator.py
[2023-09-22T04:02:54.463+0000] {processor.py:839} INFO - DAG(s) dict_keys(['example_branch_datetime_operator', 'example_branch_datetime_operator_2', 'example_branch_datetime_operator_3']) retrieved from /home/airflow/.local/lib/python3.8/site-packages/airflow/example_dags/example_branch_datetime_operator.py
[2023-09-22T04:02:54.483+0000] {logging_mixin.py:151} INFO - [2023-09-22T04:02:54.482+0000] {dag.py:2907} INFO - Sync 3 DAGs
[2023-09-22T04:02:54.494+0000] {logging_mixin.py:151} INFO - [2023-09-22T04:02:54.493+0000] {dag.py:3677} INFO - Setting next_dagrun for example_branch_datetime_operator to 2023-09-21T00:00:00+00:00, run_after=2023-09-22T00:00:00+00:00
[2023-09-22T04:02:54.496+0000] {logging_mixin.py:151} INFO - [2023-09-22T04:02:54.496+0000] {dag.py:3677} INFO - Setting next_dagrun for example_branch_datetime_operator_2 to 2023-09-21T00:00:00+00:00, run_after=2023-09-22T00:00:00+00:00
[2023-09-22T04:02:54.497+0000] {logging_mixin.py:151} INFO - [2023-09-22T04:02:54.497+0000] {dag.py:3677} INFO - Setting next_dagrun for example_branch_datetime_operator_3 to 2023-09-21T00:00:00+00:00, run_after=2023-09-22T00:00:00+00:00
[2023-09-22T04:02:54.503+0000] {processor.py:179} INFO - Processing /home/airflow/.local/lib/python3.8/site-packages/airflow/example_dags/example_branch_datetime_operator.py took 0.051 seconds
[2023-09-22T05:38:42.887+0000] {processor.py:157} INFO - Started process (PID=14047) to work on /home/airflow/.local/lib/python3.8/site-packages/airflow/example_dags/example_branch_datetime_operator.py
[2023-09-22T05:38:42.887+0000] {processor.py:829} INFO - Processing file /home/airflow/.local/lib/python3.8/site-packages/airflow/example_dags/example_branch_datetime_operator.py for tasks to queue
[2023-09-22T05:38:42.888+0000] {logging_mixin.py:151} INFO - [2023-09-22T05:38:42.888+0000] {dagbag.py:539} INFO - Filling up the DagBag from /home/airflow/.local/lib/python3.8/site-packages/airflow/example_dags/example_branch_datetime_operator.py
[2023-09-22T05:38:42.894+0000] {processor.py:839} INFO - DAG(s) dict_keys(['example_branch_datetime_operator_3', 'example_branch_datetime_operator_2', 'example_branch_datetime_operator']) retrieved from /home/airflow/.local/lib/python3.8/site-packages/airflow/example_dags/example_branch_datetime_operator.py
[2023-09-22T05:38:42.908+0000] {logging_mixin.py:151} INFO - [2023-09-22T05:38:42.907+0000] {dag.py:2907} INFO - Sync 3 DAGs
[2023-09-22T05:38:42.918+0000] {logging_mixin.py:151} INFO - [2023-09-22T05:38:42.918+0000] {dag.py:3677} INFO - Setting next_dagrun for example_branch_datetime_operator to 2023-09-21T00:00:00+00:00, run_after=2023-09-22T00:00:00+00:00
[2023-09-22T05:38:42.921+0000] {logging_mixin.py:151} INFO - [2023-09-22T05:38:42.920+0000] {dag.py:3677} INFO - Setting next_dagrun for example_branch_datetime_operator_2 to 2023-09-21T00:00:00+00:00, run_after=2023-09-22T00:00:00+00:00
[2023-09-22T05:38:42.922+0000] {logging_mixin.py:151} INFO - [2023-09-22T05:38:42.922+0000] {dag.py:3677} INFO - Setting next_dagrun for example_branch_datetime_operator_3 to 2023-09-21T00:00:00+00:00, run_after=2023-09-22T00:00:00+00:00
[2023-09-22T05:38:42.928+0000] {processor.py:179} INFO - Processing /home/airflow/.local/lib/python3.8/site-packages/airflow/example_dags/example_branch_datetime_operator.py took 0.044 seconds
[2023-09-22T07:01:37.982+0000] {processor.py:157} INFO - Started process (PID=14094) to work on /home/airflow/.local/lib/python3.8/site-packages/airflow/example_dags/example_branch_datetime_operator.py
[2023-09-22T07:01:37.983+0000] {processor.py:829} INFO - Processing file /home/airflow/.local/lib/python3.8/site-packages/airflow/example_dags/example_branch_datetime_operator.py for tasks to queue
[2023-09-22T07:01:37.985+0000] {logging_mixin.py:151} INFO - [2023-09-22T07:01:37.984+0000] {dagbag.py:539} INFO - Filling up the DagBag from /home/airflow/.local/lib/python3.8/site-packages/airflow/example_dags/example_branch_datetime_operator.py
[2023-09-22T07:01:37.991+0000] {processor.py:839} INFO - DAG(s) dict_keys(['example_branch_datetime_operator_2', 'example_branch_datetime_operator_3', 'example_branch_datetime_operator']) retrieved from /home/airflow/.local/lib/python3.8/site-packages/airflow/example_dags/example_branch_datetime_operator.py
[2023-09-22T07:01:38.007+0000] {logging_mixin.py:151} INFO - [2023-09-22T07:01:38.007+0000] {dag.py:2907} INFO - Sync 3 DAGs
[2023-09-22T07:01:38.020+0000] {logging_mixin.py:151} INFO - [2023-09-22T07:01:38.020+0000] {dag.py:3677} INFO - Setting next_dagrun for example_branch_datetime_operator to 2023-09-21T00:00:00+00:00, run_after=2023-09-22T00:00:00+00:00
[2023-09-22T07:01:38.022+0000] {logging_mixin.py:151} INFO - [2023-09-22T07:01:38.022+0000] {dag.py:3677} INFO - Setting next_dagrun for example_branch_datetime_operator_2 to 2023-09-21T00:00:00+00:00, run_after=2023-09-22T00:00:00+00:00
[2023-09-22T07:01:38.024+0000] {logging_mixin.py:151} INFO - [2023-09-22T07:01:38.024+0000] {dag.py:3677} INFO - Setting next_dagrun for example_branch_datetime_operator_3 to 2023-09-21T00:00:00+00:00, run_after=2023-09-22T00:00:00+00:00
[2023-09-22T07:01:38.030+0000] {processor.py:179} INFO - Processing /home/airflow/.local/lib/python3.8/site-packages/airflow/example_dags/example_branch_datetime_operator.py took 0.051 seconds
[2023-09-22T08:27:03.195+0000] {processor.py:157} INFO - Started process (PID=14141) to work on /home/airflow/.local/lib/python3.8/site-packages/airflow/example_dags/example_branch_datetime_operator.py
[2023-09-22T08:27:03.196+0000] {processor.py:829} INFO - Processing file /home/airflow/.local/lib/python3.8/site-packages/airflow/example_dags/example_branch_datetime_operator.py for tasks to queue
[2023-09-22T08:27:03.197+0000] {logging_mixin.py:151} INFO - [2023-09-22T08:27:03.197+0000] {dagbag.py:539} INFO - Filling up the DagBag from /home/airflow/.local/lib/python3.8/site-packages/airflow/example_dags/example_branch_datetime_operator.py
[2023-09-22T08:27:03.203+0000] {processor.py:839} INFO - DAG(s) dict_keys(['example_branch_datetime_operator_3', 'example_branch_datetime_operator', 'example_branch_datetime_operator_2']) retrieved from /home/airflow/.local/lib/python3.8/site-packages/airflow/example_dags/example_branch_datetime_operator.py
[2023-09-22T08:27:03.230+0000] {logging_mixin.py:151} INFO - [2023-09-22T08:27:03.230+0000] {dag.py:2907} INFO - Sync 3 DAGs
[2023-09-22T08:27:03.243+0000] {logging_mixin.py:151} INFO - [2023-09-22T08:27:03.243+0000] {dag.py:3677} INFO - Setting next_dagrun for example_branch_datetime_operator to 2023-09-21T00:00:00+00:00, run_after=2023-09-22T00:00:00+00:00
[2023-09-22T08:27:03.245+0000] {logging_mixin.py:151} INFO - [2023-09-22T08:27:03.245+0000] {dag.py:3677} INFO - Setting next_dagrun for example_branch_datetime_operator_2 to 2023-09-21T00:00:00+00:00, run_after=2023-09-22T00:00:00+00:00
[2023-09-22T08:27:03.247+0000] {logging_mixin.py:151} INFO - [2023-09-22T08:27:03.246+0000] {dag.py:3677} INFO - Setting next_dagrun for example_branch_datetime_operator_3 to 2023-09-21T00:00:00+00:00, run_after=2023-09-22T00:00:00+00:00
[2023-09-22T08:27:03.254+0000] {processor.py:179} INFO - Processing /home/airflow/.local/lib/python3.8/site-packages/airflow/example_dags/example_branch_datetime_operator.py took 0.060 seconds
[2023-09-22T09:32:29.981+0000] {processor.py:157} INFO - Started process (PID=14188) to work on /home/airflow/.local/lib/python3.8/site-packages/airflow/example_dags/example_branch_datetime_operator.py
[2023-09-22T09:32:29.982+0000] {processor.py:829} INFO - Processing file /home/airflow/.local/lib/python3.8/site-packages/airflow/example_dags/example_branch_datetime_operator.py for tasks to queue
[2023-09-22T09:32:29.984+0000] {logging_mixin.py:151} INFO - [2023-09-22T09:32:29.983+0000] {dagbag.py:539} INFO - Filling up the DagBag from /home/airflow/.local/lib/python3.8/site-packages/airflow/example_dags/example_branch_datetime_operator.py
[2023-09-22T09:32:29.990+0000] {processor.py:839} INFO - DAG(s) dict_keys(['example_branch_datetime_operator', 'example_branch_datetime_operator_3', 'example_branch_datetime_operator_2']) retrieved from /home/airflow/.local/lib/python3.8/site-packages/airflow/example_dags/example_branch_datetime_operator.py
[2023-09-22T09:32:30.005+0000] {logging_mixin.py:151} INFO - [2023-09-22T09:32:30.005+0000] {dag.py:2907} INFO - Sync 3 DAGs
[2023-09-22T09:32:30.017+0000] {logging_mixin.py:151} INFO - [2023-09-22T09:32:30.017+0000] {dag.py:3677} INFO - Setting next_dagrun for example_branch_datetime_operator to 2023-09-21T00:00:00+00:00, run_after=2023-09-22T00:00:00+00:00
[2023-09-22T09:32:30.019+0000] {logging_mixin.py:151} INFO - [2023-09-22T09:32:30.019+0000] {dag.py:3677} INFO - Setting next_dagrun for example_branch_datetime_operator_2 to 2023-09-21T00:00:00+00:00, run_after=2023-09-22T00:00:00+00:00
[2023-09-22T09:32:30.020+0000] {logging_mixin.py:151} INFO - [2023-09-22T09:32:30.020+0000] {dag.py:3677} INFO - Setting next_dagrun for example_branch_datetime_operator_3 to 2023-09-21T00:00:00+00:00, run_after=2023-09-22T00:00:00+00:00
[2023-09-22T09:32:30.027+0000] {processor.py:179} INFO - Processing /home/airflow/.local/lib/python3.8/site-packages/airflow/example_dags/example_branch_datetime_operator.py took 0.048 seconds
[2023-09-22T09:50:51.715+0000] {processor.py:157} INFO - Started process (PID=14235) to work on /home/airflow/.local/lib/python3.8/site-packages/airflow/example_dags/example_branch_datetime_operator.py
[2023-09-22T09:50:51.715+0000] {processor.py:829} INFO - Processing file /home/airflow/.local/lib/python3.8/site-packages/airflow/example_dags/example_branch_datetime_operator.py for tasks to queue
[2023-09-22T09:50:51.717+0000] {logging_mixin.py:151} INFO - [2023-09-22T09:50:51.717+0000] {dagbag.py:539} INFO - Filling up the DagBag from /home/airflow/.local/lib/python3.8/site-packages/airflow/example_dags/example_branch_datetime_operator.py
[2023-09-22T09:50:51.723+0000] {processor.py:839} INFO - DAG(s) dict_keys(['example_branch_datetime_operator_3', 'example_branch_datetime_operator_2', 'example_branch_datetime_operator']) retrieved from /home/airflow/.local/lib/python3.8/site-packages/airflow/example_dags/example_branch_datetime_operator.py
[2023-09-22T09:50:51.737+0000] {logging_mixin.py:151} INFO - [2023-09-22T09:50:51.737+0000] {dag.py:2907} INFO - Sync 3 DAGs
[2023-09-22T09:50:51.748+0000] {logging_mixin.py:151} INFO - [2023-09-22T09:50:51.748+0000] {dag.py:3677} INFO - Setting next_dagrun for example_branch_datetime_operator to 2023-09-21T00:00:00+00:00, run_after=2023-09-22T00:00:00+00:00
[2023-09-22T09:50:51.750+0000] {logging_mixin.py:151} INFO - [2023-09-22T09:50:51.750+0000] {dag.py:3677} INFO - Setting next_dagrun for example_branch_datetime_operator_2 to 2023-09-21T00:00:00+00:00, run_after=2023-09-22T00:00:00+00:00
[2023-09-22T09:50:51.751+0000] {logging_mixin.py:151} INFO - [2023-09-22T09:50:51.751+0000] {dag.py:3677} INFO - Setting next_dagrun for example_branch_datetime_operator_3 to 2023-09-21T00:00:00+00:00, run_after=2023-09-22T00:00:00+00:00
[2023-09-22T09:50:51.758+0000] {processor.py:179} INFO - Processing /home/airflow/.local/lib/python3.8/site-packages/airflow/example_dags/example_branch_datetime_operator.py took 0.046 seconds
[2023-09-22T10:29:16.474+0000] {processor.py:157} INFO - Started process (PID=14282) to work on /home/airflow/.local/lib/python3.8/site-packages/airflow/example_dags/example_branch_datetime_operator.py
[2023-09-22T10:29:16.486+0000] {processor.py:829} INFO - Processing file /home/airflow/.local/lib/python3.8/site-packages/airflow/example_dags/example_branch_datetime_operator.py for tasks to queue
[2023-09-22T10:29:16.491+0000] {logging_mixin.py:151} INFO - [2023-09-22T10:29:16.491+0000] {dagbag.py:539} INFO - Filling up the DagBag from /home/airflow/.local/lib/python3.8/site-packages/airflow/example_dags/example_branch_datetime_operator.py
[2023-09-22T10:29:16.504+0000] {processor.py:839} INFO - DAG(s) dict_keys(['example_branch_datetime_operator_3', 'example_branch_datetime_operator_2', 'example_branch_datetime_operator']) retrieved from /home/airflow/.local/lib/python3.8/site-packages/airflow/example_dags/example_branch_datetime_operator.py
[2023-09-22T10:29:16.564+0000] {logging_mixin.py:151} INFO - [2023-09-22T10:29:16.564+0000] {dag.py:2907} INFO - Sync 3 DAGs
[2023-09-22T10:29:16.586+0000] {logging_mixin.py:151} INFO - [2023-09-22T10:29:16.586+0000] {dag.py:3677} INFO - Setting next_dagrun for example_branch_datetime_operator to 2023-09-21T00:00:00+00:00, run_after=2023-09-22T00:00:00+00:00
[2023-09-22T10:29:16.592+0000] {logging_mixin.py:151} INFO - [2023-09-22T10:29:16.592+0000] {dag.py:3677} INFO - Setting next_dagrun for example_branch_datetime_operator_2 to 2023-09-21T00:00:00+00:00, run_after=2023-09-22T00:00:00+00:00
[2023-09-22T10:29:16.596+0000] {logging_mixin.py:151} INFO - [2023-09-22T10:29:16.596+0000] {dag.py:3677} INFO - Setting next_dagrun for example_branch_datetime_operator_3 to 2023-09-21T00:00:00+00:00, run_after=2023-09-22T00:00:00+00:00
[2023-09-22T10:29:16.613+0000] {processor.py:179} INFO - Processing /home/airflow/.local/lib/python3.8/site-packages/airflow/example_dags/example_branch_datetime_operator.py took 0.144 seconds
[2023-09-22T11:35:44.308+0000] {processor.py:157} INFO - Started process (PID=14329) to work on /home/airflow/.local/lib/python3.8/site-packages/airflow/example_dags/example_branch_datetime_operator.py
[2023-09-22T11:35:44.312+0000] {processor.py:829} INFO - Processing file /home/airflow/.local/lib/python3.8/site-packages/airflow/example_dags/example_branch_datetime_operator.py for tasks to queue
[2023-09-22T11:35:44.317+0000] {logging_mixin.py:151} INFO - [2023-09-22T11:35:44.316+0000] {dagbag.py:539} INFO - Filling up the DagBag from /home/airflow/.local/lib/python3.8/site-packages/airflow/example_dags/example_branch_datetime_operator.py
[2023-09-22T11:35:44.324+0000] {processor.py:839} INFO - DAG(s) dict_keys(['example_branch_datetime_operator_3', 'example_branch_datetime_operator', 'example_branch_datetime_operator_2']) retrieved from /home/airflow/.local/lib/python3.8/site-packages/airflow/example_dags/example_branch_datetime_operator.py
[2023-09-22T11:35:44.365+0000] {logging_mixin.py:151} INFO - [2023-09-22T11:35:44.365+0000] {dag.py:2907} INFO - Sync 3 DAGs
[2023-09-22T11:35:44.394+0000] {logging_mixin.py:151} INFO - [2023-09-22T11:35:44.394+0000] {dag.py:3677} INFO - Setting next_dagrun for example_branch_datetime_operator to 2023-09-21T00:00:00+00:00, run_after=2023-09-22T00:00:00+00:00
[2023-09-22T11:35:44.397+0000] {logging_mixin.py:151} INFO - [2023-09-22T11:35:44.397+0000] {dag.py:3677} INFO - Setting next_dagrun for example_branch_datetime_operator_2 to 2023-09-21T00:00:00+00:00, run_after=2023-09-22T00:00:00+00:00
[2023-09-22T11:35:44.401+0000] {logging_mixin.py:151} INFO - [2023-09-22T11:35:44.401+0000] {dag.py:3677} INFO - Setting next_dagrun for example_branch_datetime_operator_3 to 2023-09-21T00:00:00+00:00, run_after=2023-09-22T00:00:00+00:00
[2023-09-22T11:35:44.420+0000] {processor.py:179} INFO - Processing /home/airflow/.local/lib/python3.8/site-packages/airflow/example_dags/example_branch_datetime_operator.py took 0.115 seconds
[2023-09-22T12:57:16.895+0000] {processor.py:157} INFO - Started process (PID=14376) to work on /home/airflow/.local/lib/python3.8/site-packages/airflow/example_dags/example_branch_datetime_operator.py
[2023-09-22T12:57:16.896+0000] {processor.py:829} INFO - Processing file /home/airflow/.local/lib/python3.8/site-packages/airflow/example_dags/example_branch_datetime_operator.py for tasks to queue
[2023-09-22T12:57:16.898+0000] {logging_mixin.py:151} INFO - [2023-09-22T12:57:16.898+0000] {dagbag.py:539} INFO - Filling up the DagBag from /home/airflow/.local/lib/python3.8/site-packages/airflow/example_dags/example_branch_datetime_operator.py
[2023-09-22T12:57:16.904+0000] {processor.py:839} INFO - DAG(s) dict_keys(['example_branch_datetime_operator', 'example_branch_datetime_operator_3', 'example_branch_datetime_operator_2']) retrieved from /home/airflow/.local/lib/python3.8/site-packages/airflow/example_dags/example_branch_datetime_operator.py
[2023-09-22T12:57:16.919+0000] {logging_mixin.py:151} INFO - [2023-09-22T12:57:16.919+0000] {dag.py:2907} INFO - Sync 3 DAGs
[2023-09-22T12:57:16.931+0000] {logging_mixin.py:151} INFO - [2023-09-22T12:57:16.931+0000] {dag.py:3677} INFO - Setting next_dagrun for example_branch_datetime_operator to 2023-09-21T00:00:00+00:00, run_after=2023-09-22T00:00:00+00:00
[2023-09-22T12:57:16.934+0000] {logging_mixin.py:151} INFO - [2023-09-22T12:57:16.934+0000] {dag.py:3677} INFO - Setting next_dagrun for example_branch_datetime_operator_2 to 2023-09-21T00:00:00+00:00, run_after=2023-09-22T00:00:00+00:00
[2023-09-22T12:57:16.935+0000] {logging_mixin.py:151} INFO - [2023-09-22T12:57:16.935+0000] {dag.py:3677} INFO - Setting next_dagrun for example_branch_datetime_operator_3 to 2023-09-21T00:00:00+00:00, run_after=2023-09-22T00:00:00+00:00
[2023-09-22T12:57:16.942+0000] {processor.py:179} INFO - Processing /home/airflow/.local/lib/python3.8/site-packages/airflow/example_dags/example_branch_datetime_operator.py took 0.050 seconds
[2023-09-22T14:36:56.996+0000] {processor.py:157} INFO - Started process (PID=14423) to work on /home/airflow/.local/lib/python3.8/site-packages/airflow/example_dags/example_branch_datetime_operator.py
[2023-09-22T14:36:56.997+0000] {processor.py:829} INFO - Processing file /home/airflow/.local/lib/python3.8/site-packages/airflow/example_dags/example_branch_datetime_operator.py for tasks to queue
[2023-09-22T14:36:56.998+0000] {logging_mixin.py:151} INFO - [2023-09-22T14:36:56.998+0000] {dagbag.py:539} INFO - Filling up the DagBag from /home/airflow/.local/lib/python3.8/site-packages/airflow/example_dags/example_branch_datetime_operator.py
[2023-09-22T14:36:57.004+0000] {processor.py:839} INFO - DAG(s) dict_keys(['example_branch_datetime_operator', 'example_branch_datetime_operator_3', 'example_branch_datetime_operator_2']) retrieved from /home/airflow/.local/lib/python3.8/site-packages/airflow/example_dags/example_branch_datetime_operator.py
[2023-09-22T14:36:57.019+0000] {logging_mixin.py:151} INFO - [2023-09-22T14:36:57.019+0000] {dag.py:2907} INFO - Sync 3 DAGs
[2023-09-22T14:36:57.030+0000] {logging_mixin.py:151} INFO - [2023-09-22T14:36:57.030+0000] {dag.py:3677} INFO - Setting next_dagrun for example_branch_datetime_operator to 2023-09-21T00:00:00+00:00, run_after=2023-09-22T00:00:00+00:00
[2023-09-22T14:36:57.032+0000] {logging_mixin.py:151} INFO - [2023-09-22T14:36:57.032+0000] {dag.py:3677} INFO - Setting next_dagrun for example_branch_datetime_operator_2 to 2023-09-21T00:00:00+00:00, run_after=2023-09-22T00:00:00+00:00
[2023-09-22T14:36:57.033+0000] {logging_mixin.py:151} INFO - [2023-09-22T14:36:57.033+0000] {dag.py:3677} INFO - Setting next_dagrun for example_branch_datetime_operator_3 to 2023-09-21T00:00:00+00:00, run_after=2023-09-22T00:00:00+00:00
[2023-09-22T14:36:57.040+0000] {processor.py:179} INFO - Processing /home/airflow/.local/lib/python3.8/site-packages/airflow/example_dags/example_branch_datetime_operator.py took 0.046 seconds
[2023-09-22T16:18:35.611+0000] {processor.py:157} INFO - Started process (PID=14470) to work on /home/airflow/.local/lib/python3.8/site-packages/airflow/example_dags/example_branch_datetime_operator.py
[2023-09-22T16:18:35.618+0000] {processor.py:829} INFO - Processing file /home/airflow/.local/lib/python3.8/site-packages/airflow/example_dags/example_branch_datetime_operator.py for tasks to queue
[2023-09-22T16:18:35.627+0000] {logging_mixin.py:151} INFO - [2023-09-22T16:18:35.627+0000] {dagbag.py:539} INFO - Filling up the DagBag from /home/airflow/.local/lib/python3.8/site-packages/airflow/example_dags/example_branch_datetime_operator.py
[2023-09-22T16:18:35.642+0000] {processor.py:839} INFO - DAG(s) dict_keys(['example_branch_datetime_operator_2', 'example_branch_datetime_operator', 'example_branch_datetime_operator_3']) retrieved from /home/airflow/.local/lib/python3.8/site-packages/airflow/example_dags/example_branch_datetime_operator.py
[2023-09-22T16:18:35.699+0000] {logging_mixin.py:151} INFO - [2023-09-22T16:18:35.699+0000] {dag.py:2907} INFO - Sync 3 DAGs
[2023-09-22T16:18:35.714+0000] {logging_mixin.py:151} INFO - [2023-09-22T16:18:35.714+0000] {dag.py:3677} INFO - Setting next_dagrun for example_branch_datetime_operator to 2023-09-21T00:00:00+00:00, run_after=2023-09-22T00:00:00+00:00
[2023-09-22T16:18:35.717+0000] {logging_mixin.py:151} INFO - [2023-09-22T16:18:35.717+0000] {dag.py:3677} INFO - Setting next_dagrun for example_branch_datetime_operator_2 to 2023-09-21T00:00:00+00:00, run_after=2023-09-22T00:00:00+00:00
[2023-09-22T16:18:35.718+0000] {logging_mixin.py:151} INFO - [2023-09-22T16:18:35.718+0000] {dag.py:3677} INFO - Setting next_dagrun for example_branch_datetime_operator_3 to 2023-09-21T00:00:00+00:00, run_after=2023-09-22T00:00:00+00:00
[2023-09-22T16:18:35.726+0000] {processor.py:179} INFO - Processing /home/airflow/.local/lib/python3.8/site-packages/airflow/example_dags/example_branch_datetime_operator.py took 0.117 seconds
[2023-09-22T17:42:58.372+0000] {processor.py:157} INFO - Started process (PID=14517) to work on /home/airflow/.local/lib/python3.8/site-packages/airflow/example_dags/example_branch_datetime_operator.py
[2023-09-22T17:42:58.378+0000] {processor.py:829} INFO - Processing file /home/airflow/.local/lib/python3.8/site-packages/airflow/example_dags/example_branch_datetime_operator.py for tasks to queue
[2023-09-22T17:42:58.380+0000] {logging_mixin.py:151} INFO - [2023-09-22T17:42:58.380+0000] {dagbag.py:539} INFO - Filling up the DagBag from /home/airflow/.local/lib/python3.8/site-packages/airflow/example_dags/example_branch_datetime_operator.py
[2023-09-22T17:42:58.387+0000] {processor.py:839} INFO - DAG(s) dict_keys(['example_branch_datetime_operator_2', 'example_branch_datetime_operator', 'example_branch_datetime_operator_3']) retrieved from /home/airflow/.local/lib/python3.8/site-packages/airflow/example_dags/example_branch_datetime_operator.py
[2023-09-22T17:42:58.430+0000] {logging_mixin.py:151} INFO - [2023-09-22T17:42:58.430+0000] {dag.py:2907} INFO - Sync 3 DAGs
[2023-09-22T17:42:58.453+0000] {logging_mixin.py:151} INFO - [2023-09-22T17:42:58.453+0000] {dag.py:3677} INFO - Setting next_dagrun for example_branch_datetime_operator to 2023-09-21T00:00:00+00:00, run_after=2023-09-22T00:00:00+00:00
[2023-09-22T17:42:58.455+0000] {logging_mixin.py:151} INFO - [2023-09-22T17:42:58.455+0000] {dag.py:3677} INFO - Setting next_dagrun for example_branch_datetime_operator_2 to 2023-09-21T00:00:00+00:00, run_after=2023-09-22T00:00:00+00:00
[2023-09-22T17:42:58.460+0000] {logging_mixin.py:151} INFO - [2023-09-22T17:42:58.460+0000] {dag.py:3677} INFO - Setting next_dagrun for example_branch_datetime_operator_3 to 2023-09-21T00:00:00+00:00, run_after=2023-09-22T00:00:00+00:00
[2023-09-22T17:42:58.482+0000] {processor.py:179} INFO - Processing /home/airflow/.local/lib/python3.8/site-packages/airflow/example_dags/example_branch_datetime_operator.py took 0.114 seconds
[2023-09-22T19:24:04.942+0000] {processor.py:157} INFO - Started process (PID=14564) to work on /home/airflow/.local/lib/python3.8/site-packages/airflow/example_dags/example_branch_datetime_operator.py
[2023-09-22T19:24:04.942+0000] {processor.py:829} INFO - Processing file /home/airflow/.local/lib/python3.8/site-packages/airflow/example_dags/example_branch_datetime_operator.py for tasks to queue
[2023-09-22T19:24:04.943+0000] {logging_mixin.py:151} INFO - [2023-09-22T19:24:04.943+0000] {dagbag.py:539} INFO - Filling up the DagBag from /home/airflow/.local/lib/python3.8/site-packages/airflow/example_dags/example_branch_datetime_operator.py
[2023-09-22T19:24:04.949+0000] {processor.py:839} INFO - DAG(s) dict_keys(['example_branch_datetime_operator', 'example_branch_datetime_operator_2', 'example_branch_datetime_operator_3']) retrieved from /home/airflow/.local/lib/python3.8/site-packages/airflow/example_dags/example_branch_datetime_operator.py
[2023-09-22T19:24:04.963+0000] {logging_mixin.py:151} INFO - [2023-09-22T19:24:04.962+0000] {dag.py:2907} INFO - Sync 3 DAGs
[2023-09-22T19:24:04.973+0000] {logging_mixin.py:151} INFO - [2023-09-22T19:24:04.973+0000] {dag.py:3677} INFO - Setting next_dagrun for example_branch_datetime_operator to 2023-09-21T00:00:00+00:00, run_after=2023-09-22T00:00:00+00:00
[2023-09-22T19:24:04.976+0000] {logging_mixin.py:151} INFO - [2023-09-22T19:24:04.976+0000] {dag.py:3677} INFO - Setting next_dagrun for example_branch_datetime_operator_2 to 2023-09-21T00:00:00+00:00, run_after=2023-09-22T00:00:00+00:00
[2023-09-22T19:24:04.977+0000] {logging_mixin.py:151} INFO - [2023-09-22T19:24:04.977+0000] {dag.py:3677} INFO - Setting next_dagrun for example_branch_datetime_operator_3 to 2023-09-21T00:00:00+00:00, run_after=2023-09-22T00:00:00+00:00
[2023-09-22T19:24:04.984+0000] {processor.py:179} INFO - Processing /home/airflow/.local/lib/python3.8/site-packages/airflow/example_dags/example_branch_datetime_operator.py took 0.044 seconds
[2023-09-22T21:00:33.244+0000] {processor.py:157} INFO - Started process (PID=14611) to work on /home/airflow/.local/lib/python3.8/site-packages/airflow/example_dags/example_branch_datetime_operator.py
[2023-09-22T21:00:33.251+0000] {processor.py:829} INFO - Processing file /home/airflow/.local/lib/python3.8/site-packages/airflow/example_dags/example_branch_datetime_operator.py for tasks to queue
[2023-09-22T21:00:33.259+0000] {logging_mixin.py:151} INFO - [2023-09-22T21:00:33.259+0000] {dagbag.py:539} INFO - Filling up the DagBag from /home/airflow/.local/lib/python3.8/site-packages/airflow/example_dags/example_branch_datetime_operator.py
[2023-09-22T21:00:33.271+0000] {processor.py:839} INFO - DAG(s) dict_keys(['example_branch_datetime_operator', 'example_branch_datetime_operator_2', 'example_branch_datetime_operator_3']) retrieved from /home/airflow/.local/lib/python3.8/site-packages/airflow/example_dags/example_branch_datetime_operator.py
[2023-09-22T21:00:33.292+0000] {logging_mixin.py:151} INFO - [2023-09-22T21:00:33.292+0000] {dag.py:2907} INFO - Sync 3 DAGs
[2023-09-22T21:00:33.303+0000] {logging_mixin.py:151} INFO - [2023-09-22T21:00:33.303+0000] {dag.py:3677} INFO - Setting next_dagrun for example_branch_datetime_operator to 2023-09-21T00:00:00+00:00, run_after=2023-09-22T00:00:00+00:00
[2023-09-22T21:00:33.306+0000] {logging_mixin.py:151} INFO - [2023-09-22T21:00:33.306+0000] {dag.py:3677} INFO - Setting next_dagrun for example_branch_datetime_operator_2 to 2023-09-21T00:00:00+00:00, run_after=2023-09-22T00:00:00+00:00
[2023-09-22T21:00:33.307+0000] {logging_mixin.py:151} INFO - [2023-09-22T21:00:33.307+0000] {dag.py:3677} INFO - Setting next_dagrun for example_branch_datetime_operator_3 to 2023-09-21T00:00:00+00:00, run_after=2023-09-22T00:00:00+00:00
[2023-09-22T21:00:33.314+0000] {processor.py:179} INFO - Processing /home/airflow/.local/lib/python3.8/site-packages/airflow/example_dags/example_branch_datetime_operator.py took 0.073 seconds
[2023-09-22T22:21:52.342+0000] {processor.py:157} INFO - Started process (PID=14658) to work on /home/airflow/.local/lib/python3.8/site-packages/airflow/example_dags/example_branch_datetime_operator.py
[2023-09-22T22:21:52.347+0000] {processor.py:829} INFO - Processing file /home/airflow/.local/lib/python3.8/site-packages/airflow/example_dags/example_branch_datetime_operator.py for tasks to queue
[2023-09-22T22:21:52.355+0000] {logging_mixin.py:151} INFO - [2023-09-22T22:21:52.354+0000] {dagbag.py:539} INFO - Filling up the DagBag from /home/airflow/.local/lib/python3.8/site-packages/airflow/example_dags/example_branch_datetime_operator.py
[2023-09-22T22:21:52.366+0000] {processor.py:839} INFO - DAG(s) dict_keys(['example_branch_datetime_operator', 'example_branch_datetime_operator_2', 'example_branch_datetime_operator_3']) retrieved from /home/airflow/.local/lib/python3.8/site-packages/airflow/example_dags/example_branch_datetime_operator.py
[2023-09-22T22:21:52.396+0000] {logging_mixin.py:151} INFO - [2023-09-22T22:21:52.396+0000] {dag.py:2907} INFO - Sync 3 DAGs
[2023-09-22T22:21:52.407+0000] {logging_mixin.py:151} INFO - [2023-09-22T22:21:52.407+0000] {dag.py:3677} INFO - Setting next_dagrun for example_branch_datetime_operator to 2023-09-21T00:00:00+00:00, run_after=2023-09-22T00:00:00+00:00
[2023-09-22T22:21:52.410+0000] {logging_mixin.py:151} INFO - [2023-09-22T22:21:52.410+0000] {dag.py:3677} INFO - Setting next_dagrun for example_branch_datetime_operator_2 to 2023-09-21T00:00:00+00:00, run_after=2023-09-22T00:00:00+00:00
[2023-09-22T22:21:52.411+0000] {logging_mixin.py:151} INFO - [2023-09-22T22:21:52.411+0000] {dag.py:3677} INFO - Setting next_dagrun for example_branch_datetime_operator_3 to 2023-09-21T00:00:00+00:00, run_after=2023-09-22T00:00:00+00:00
[2023-09-22T22:21:52.419+0000] {processor.py:179} INFO - Processing /home/airflow/.local/lib/python3.8/site-packages/airflow/example_dags/example_branch_datetime_operator.py took 0.080 seconds
[2023-09-22T23:59:51.342+0000] {processor.py:157} INFO - Started process (PID=14705) to work on /home/airflow/.local/lib/python3.8/site-packages/airflow/example_dags/example_branch_datetime_operator.py
[2023-09-22T23:59:51.347+0000] {processor.py:829} INFO - Processing file /home/airflow/.local/lib/python3.8/site-packages/airflow/example_dags/example_branch_datetime_operator.py for tasks to queue
[2023-09-22T23:59:51.353+0000] {logging_mixin.py:151} INFO - [2023-09-22T23:59:51.353+0000] {dagbag.py:539} INFO - Filling up the DagBag from /home/airflow/.local/lib/python3.8/site-packages/airflow/example_dags/example_branch_datetime_operator.py
[2023-09-22T23:59:51.368+0000] {processor.py:839} INFO - DAG(s) dict_keys(['example_branch_datetime_operator_2', 'example_branch_datetime_operator', 'example_branch_datetime_operator_3']) retrieved from /home/airflow/.local/lib/python3.8/site-packages/airflow/example_dags/example_branch_datetime_operator.py
[2023-09-22T23:59:51.411+0000] {logging_mixin.py:151} INFO - [2023-09-22T23:59:51.410+0000] {dag.py:2907} INFO - Sync 3 DAGs
[2023-09-22T23:59:51.426+0000] {logging_mixin.py:151} INFO - [2023-09-22T23:59:51.426+0000] {dag.py:3677} INFO - Setting next_dagrun for example_branch_datetime_operator to 2023-09-21T00:00:00+00:00, run_after=2023-09-22T00:00:00+00:00
[2023-09-22T23:59:51.434+0000] {logging_mixin.py:151} INFO - [2023-09-22T23:59:51.434+0000] {dag.py:3677} INFO - Setting next_dagrun for example_branch_datetime_operator_2 to 2023-09-21T00:00:00+00:00, run_after=2023-09-22T00:00:00+00:00
[2023-09-22T23:59:51.436+0000] {logging_mixin.py:151} INFO - [2023-09-22T23:59:51.436+0000] {dag.py:3677} INFO - Setting next_dagrun for example_branch_datetime_operator_3 to 2023-09-21T00:00:00+00:00, run_after=2023-09-22T00:00:00+00:00
[2023-09-22T23:59:51.456+0000] {processor.py:179} INFO - Processing /home/airflow/.local/lib/python3.8/site-packages/airflow/example_dags/example_branch_datetime_operator.py took 0.117 seconds
