[2023-09-22T01:06:21.533+0000] {processor.py:157} INFO - Started process (PID=13828) to work on /home/airflow/.local/lib/python3.8/site-packages/airflow/example_dags/example_skip_dag.py
[2023-09-22T01:06:21.534+0000] {processor.py:829} INFO - Processing file /home/airflow/.local/lib/python3.8/site-packages/airflow/example_dags/example_skip_dag.py for tasks to queue
[2023-09-22T01:06:21.535+0000] {logging_mixin.py:151} INFO - [2023-09-22T01:06:21.535+0000] {dagbag.py:539} INFO - Filling up the DagBag from /home/airflow/.local/lib/python3.8/site-packages/airflow/example_dags/example_skip_dag.py
[2023-09-22T01:06:21.539+0000] {processor.py:839} INFO - DAG(s) dict_keys(['example_skip_dag']) retrieved from /home/airflow/.local/lib/python3.8/site-packages/airflow/example_dags/example_skip_dag.py
[2023-09-22T01:06:21.550+0000] {logging_mixin.py:151} INFO - [2023-09-22T01:06:21.550+0000] {dag.py:2907} INFO - Sync 1 DAGs
[2023-09-22T01:06:21.559+0000] {logging_mixin.py:151} INFO - [2023-09-22T01:06:21.559+0000] {dag.py:3677} INFO - Setting next_dagrun for example_skip_dag to 2023-09-21T01:06:21.559709+00:00, run_after=2023-09-22T01:06:21.559709+00:00
[2023-09-22T01:06:21.567+0000] {processor.py:179} INFO - Processing /home/airflow/.local/lib/python3.8/site-packages/airflow/example_dags/example_skip_dag.py took 0.036 seconds
[2023-09-22T01:26:58.830+0000] {processor.py:157} INFO - Started process (PID=13875) to work on /home/airflow/.local/lib/python3.8/site-packages/airflow/example_dags/example_skip_dag.py
[2023-09-22T01:26:58.831+0000] {processor.py:829} INFO - Processing file /home/airflow/.local/lib/python3.8/site-packages/airflow/example_dags/example_skip_dag.py for tasks to queue
[2023-09-22T01:26:58.832+0000] {logging_mixin.py:151} INFO - [2023-09-22T01:26:58.832+0000] {dagbag.py:539} INFO - Filling up the DagBag from /home/airflow/.local/lib/python3.8/site-packages/airflow/example_dags/example_skip_dag.py
[2023-09-22T01:26:58.835+0000] {processor.py:839} INFO - DAG(s) dict_keys(['example_skip_dag']) retrieved from /home/airflow/.local/lib/python3.8/site-packages/airflow/example_dags/example_skip_dag.py
[2023-09-22T01:26:58.846+0000] {logging_mixin.py:151} INFO - [2023-09-22T01:26:58.846+0000] {dag.py:2907} INFO - Sync 1 DAGs
[2023-09-22T01:26:58.855+0000] {logging_mixin.py:151} INFO - [2023-09-22T01:26:58.855+0000] {dag.py:3677} INFO - Setting next_dagrun for example_skip_dag to 2023-09-21T01:26:58.855070+00:00, run_after=2023-09-22T01:26:58.855070+00:00
[2023-09-22T01:26:58.862+0000] {processor.py:179} INFO - Processing /home/airflow/.local/lib/python3.8/site-packages/airflow/example_dags/example_skip_dag.py took 0.034 seconds
[2023-09-22T01:35:28.398+0000] {processor.py:157} INFO - Started process (PID=13922) to work on /home/airflow/.local/lib/python3.8/site-packages/airflow/example_dags/example_skip_dag.py
[2023-09-22T01:35:28.399+0000] {processor.py:829} INFO - Processing file /home/airflow/.local/lib/python3.8/site-packages/airflow/example_dags/example_skip_dag.py for tasks to queue
[2023-09-22T01:35:28.400+0000] {logging_mixin.py:151} INFO - [2023-09-22T01:35:28.400+0000] {dagbag.py:539} INFO - Filling up the DagBag from /home/airflow/.local/lib/python3.8/site-packages/airflow/example_dags/example_skip_dag.py
[2023-09-22T01:35:28.403+0000] {processor.py:839} INFO - DAG(s) dict_keys(['example_skip_dag']) retrieved from /home/airflow/.local/lib/python3.8/site-packages/airflow/example_dags/example_skip_dag.py
[2023-09-22T01:35:28.413+0000] {logging_mixin.py:151} INFO - [2023-09-22T01:35:28.413+0000] {dag.py:2907} INFO - Sync 1 DAGs
[2023-09-22T01:35:28.423+0000] {logging_mixin.py:151} INFO - [2023-09-22T01:35:28.422+0000] {dag.py:3677} INFO - Setting next_dagrun for example_skip_dag to 2023-09-21T01:35:28.422852+00:00, run_after=2023-09-22T01:35:28.422852+00:00
[2023-09-22T01:35:28.430+0000] {processor.py:179} INFO - Processing /home/airflow/.local/lib/python3.8/site-packages/airflow/example_dags/example_skip_dag.py took 0.034 seconds
[2023-09-22T02:41:16.506+0000] {processor.py:157} INFO - Started process (PID=13969) to work on /home/airflow/.local/lib/python3.8/site-packages/airflow/example_dags/example_skip_dag.py
[2023-09-22T02:41:16.511+0000] {processor.py:829} INFO - Processing file /home/airflow/.local/lib/python3.8/site-packages/airflow/example_dags/example_skip_dag.py for tasks to queue
[2023-09-22T02:41:16.516+0000] {logging_mixin.py:151} INFO - [2023-09-22T02:41:16.516+0000] {dagbag.py:539} INFO - Filling up the DagBag from /home/airflow/.local/lib/python3.8/site-packages/airflow/example_dags/example_skip_dag.py
[2023-09-22T02:41:16.524+0000] {processor.py:839} INFO - DAG(s) dict_keys(['example_skip_dag']) retrieved from /home/airflow/.local/lib/python3.8/site-packages/airflow/example_dags/example_skip_dag.py
[2023-09-22T02:41:16.554+0000] {logging_mixin.py:151} INFO - [2023-09-22T02:41:16.554+0000] {dag.py:2907} INFO - Sync 1 DAGs
[2023-09-22T02:41:16.590+0000] {logging_mixin.py:151} INFO - [2023-09-22T02:41:16.590+0000] {dag.py:3677} INFO - Setting next_dagrun for example_skip_dag to 2023-09-21T02:41:16.590514+00:00, run_after=2023-09-22T02:41:16.590514+00:00
[2023-09-22T02:41:16.615+0000] {processor.py:179} INFO - Processing /home/airflow/.local/lib/python3.8/site-packages/airflow/example_dags/example_skip_dag.py took 0.112 seconds
[2023-09-22T04:02:54.956+0000] {processor.py:157} INFO - Started process (PID=14016) to work on /home/airflow/.local/lib/python3.8/site-packages/airflow/example_dags/example_skip_dag.py
[2023-09-22T04:02:54.957+0000] {processor.py:829} INFO - Processing file /home/airflow/.local/lib/python3.8/site-packages/airflow/example_dags/example_skip_dag.py for tasks to queue
[2023-09-22T04:02:54.958+0000] {logging_mixin.py:151} INFO - [2023-09-22T04:02:54.958+0000] {dagbag.py:539} INFO - Filling up the DagBag from /home/airflow/.local/lib/python3.8/site-packages/airflow/example_dags/example_skip_dag.py
[2023-09-22T04:02:54.961+0000] {processor.py:839} INFO - DAG(s) dict_keys(['example_skip_dag']) retrieved from /home/airflow/.local/lib/python3.8/site-packages/airflow/example_dags/example_skip_dag.py
[2023-09-22T04:02:54.972+0000] {logging_mixin.py:151} INFO - [2023-09-22T04:02:54.972+0000] {dag.py:2907} INFO - Sync 1 DAGs
[2023-09-22T04:02:54.981+0000] {logging_mixin.py:151} INFO - [2023-09-22T04:02:54.981+0000] {dag.py:3677} INFO - Setting next_dagrun for example_skip_dag to 2023-09-21T04:02:54.981489+00:00, run_after=2023-09-22T04:02:54.981489+00:00
[2023-09-22T04:02:54.989+0000] {processor.py:179} INFO - Processing /home/airflow/.local/lib/python3.8/site-packages/airflow/example_dags/example_skip_dag.py took 0.035 seconds
[2023-09-22T05:38:43.797+0000] {processor.py:157} INFO - Started process (PID=14063) to work on /home/airflow/.local/lib/python3.8/site-packages/airflow/example_dags/example_skip_dag.py
[2023-09-22T05:38:43.798+0000] {processor.py:829} INFO - Processing file /home/airflow/.local/lib/python3.8/site-packages/airflow/example_dags/example_skip_dag.py for tasks to queue
[2023-09-22T05:38:43.804+0000] {logging_mixin.py:151} INFO - [2023-09-22T05:38:43.804+0000] {dagbag.py:539} INFO - Filling up the DagBag from /home/airflow/.local/lib/python3.8/site-packages/airflow/example_dags/example_skip_dag.py
[2023-09-22T05:38:43.812+0000] {processor.py:839} INFO - DAG(s) dict_keys(['example_skip_dag']) retrieved from /home/airflow/.local/lib/python3.8/site-packages/airflow/example_dags/example_skip_dag.py
[2023-09-22T05:38:43.840+0000] {logging_mixin.py:151} INFO - [2023-09-22T05:38:43.840+0000] {dag.py:2907} INFO - Sync 1 DAGs
[2023-09-22T05:38:43.860+0000] {logging_mixin.py:151} INFO - [2023-09-22T05:38:43.860+0000] {dag.py:3677} INFO - Setting next_dagrun for example_skip_dag to 2023-09-21T05:38:43.860333+00:00, run_after=2023-09-22T05:38:43.860333+00:00
[2023-09-22T05:38:43.880+0000] {processor.py:179} INFO - Processing /home/airflow/.local/lib/python3.8/site-packages/airflow/example_dags/example_skip_dag.py took 0.092 seconds
[2023-09-22T07:01:38.482+0000] {processor.py:157} INFO - Started process (PID=14110) to work on /home/airflow/.local/lib/python3.8/site-packages/airflow/example_dags/example_skip_dag.py
[2023-09-22T07:01:38.483+0000] {processor.py:829} INFO - Processing file /home/airflow/.local/lib/python3.8/site-packages/airflow/example_dags/example_skip_dag.py for tasks to queue
[2023-09-22T07:01:38.484+0000] {logging_mixin.py:151} INFO - [2023-09-22T07:01:38.484+0000] {dagbag.py:539} INFO - Filling up the DagBag from /home/airflow/.local/lib/python3.8/site-packages/airflow/example_dags/example_skip_dag.py
[2023-09-22T07:01:38.488+0000] {processor.py:839} INFO - DAG(s) dict_keys(['example_skip_dag']) retrieved from /home/airflow/.local/lib/python3.8/site-packages/airflow/example_dags/example_skip_dag.py
[2023-09-22T07:01:38.498+0000] {logging_mixin.py:151} INFO - [2023-09-22T07:01:38.498+0000] {dag.py:2907} INFO - Sync 1 DAGs
[2023-09-22T07:01:38.508+0000] {logging_mixin.py:151} INFO - [2023-09-22T07:01:38.508+0000] {dag.py:3677} INFO - Setting next_dagrun for example_skip_dag to 2023-09-21T07:01:38.508230+00:00, run_after=2023-09-22T07:01:38.508230+00:00
[2023-09-22T07:01:38.515+0000] {processor.py:179} INFO - Processing /home/airflow/.local/lib/python3.8/site-packages/airflow/example_dags/example_skip_dag.py took 0.035 seconds
[2023-09-22T08:27:03.829+0000] {processor.py:157} INFO - Started process (PID=14157) to work on /home/airflow/.local/lib/python3.8/site-packages/airflow/example_dags/example_skip_dag.py
[2023-09-22T08:27:03.830+0000] {processor.py:829} INFO - Processing file /home/airflow/.local/lib/python3.8/site-packages/airflow/example_dags/example_skip_dag.py for tasks to queue
[2023-09-22T08:27:03.834+0000] {logging_mixin.py:151} INFO - [2023-09-22T08:27:03.834+0000] {dagbag.py:539} INFO - Filling up the DagBag from /home/airflow/.local/lib/python3.8/site-packages/airflow/example_dags/example_skip_dag.py
[2023-09-22T08:27:03.838+0000] {processor.py:839} INFO - DAG(s) dict_keys(['example_skip_dag']) retrieved from /home/airflow/.local/lib/python3.8/site-packages/airflow/example_dags/example_skip_dag.py
[2023-09-22T08:27:03.863+0000] {logging_mixin.py:151} INFO - [2023-09-22T08:27:03.863+0000] {dag.py:2907} INFO - Sync 1 DAGs
[2023-09-22T08:27:03.891+0000] {logging_mixin.py:151} INFO - [2023-09-22T08:27:03.891+0000] {dag.py:3677} INFO - Setting next_dagrun for example_skip_dag to 2023-09-21T08:27:03.891115+00:00, run_after=2023-09-22T08:27:03.891115+00:00
[2023-09-22T08:27:03.912+0000] {processor.py:179} INFO - Processing /home/airflow/.local/lib/python3.8/site-packages/airflow/example_dags/example_skip_dag.py took 0.085 seconds
[2023-09-22T09:32:30.515+0000] {processor.py:157} INFO - Started process (PID=14204) to work on /home/airflow/.local/lib/python3.8/site-packages/airflow/example_dags/example_skip_dag.py
[2023-09-22T09:32:30.516+0000] {processor.py:829} INFO - Processing file /home/airflow/.local/lib/python3.8/site-packages/airflow/example_dags/example_skip_dag.py for tasks to queue
[2023-09-22T09:32:30.517+0000] {logging_mixin.py:151} INFO - [2023-09-22T09:32:30.517+0000] {dagbag.py:539} INFO - Filling up the DagBag from /home/airflow/.local/lib/python3.8/site-packages/airflow/example_dags/example_skip_dag.py
[2023-09-22T09:32:30.521+0000] {processor.py:839} INFO - DAG(s) dict_keys(['example_skip_dag']) retrieved from /home/airflow/.local/lib/python3.8/site-packages/airflow/example_dags/example_skip_dag.py
[2023-09-22T09:32:30.531+0000] {logging_mixin.py:151} INFO - [2023-09-22T09:32:30.531+0000] {dag.py:2907} INFO - Sync 1 DAGs
[2023-09-22T09:32:30.542+0000] {logging_mixin.py:151} INFO - [2023-09-22T09:32:30.542+0000] {dag.py:3677} INFO - Setting next_dagrun for example_skip_dag to 2023-09-21T09:32:30.541997+00:00, run_after=2023-09-22T09:32:30.541997+00:00
[2023-09-22T09:32:30.549+0000] {processor.py:179} INFO - Processing /home/airflow/.local/lib/python3.8/site-packages/airflow/example_dags/example_skip_dag.py took 0.036 seconds
[2023-09-22T09:50:52.450+0000] {processor.py:157} INFO - Started process (PID=14251) to work on /home/airflow/.local/lib/python3.8/site-packages/airflow/example_dags/example_skip_dag.py
[2023-09-22T09:50:52.451+0000] {processor.py:829} INFO - Processing file /home/airflow/.local/lib/python3.8/site-packages/airflow/example_dags/example_skip_dag.py for tasks to queue
[2023-09-22T09:50:52.452+0000] {logging_mixin.py:151} INFO - [2023-09-22T09:50:52.452+0000] {dagbag.py:539} INFO - Filling up the DagBag from /home/airflow/.local/lib/python3.8/site-packages/airflow/example_dags/example_skip_dag.py
[2023-09-22T09:50:52.456+0000] {processor.py:839} INFO - DAG(s) dict_keys(['example_skip_dag']) retrieved from /home/airflow/.local/lib/python3.8/site-packages/airflow/example_dags/example_skip_dag.py
[2023-09-22T09:50:52.467+0000] {logging_mixin.py:151} INFO - [2023-09-22T09:50:52.466+0000] {dag.py:2907} INFO - Sync 1 DAGs
[2023-09-22T09:50:52.477+0000] {logging_mixin.py:151} INFO - [2023-09-22T09:50:52.477+0000] {dag.py:3677} INFO - Setting next_dagrun for example_skip_dag to 2023-09-21T09:50:52.477054+00:00, run_after=2023-09-22T09:50:52.477054+00:00
[2023-09-22T09:50:52.484+0000] {processor.py:179} INFO - Processing /home/airflow/.local/lib/python3.8/site-packages/airflow/example_dags/example_skip_dag.py took 0.036 seconds
[2023-09-22T10:29:17.080+0000] {processor.py:157} INFO - Started process (PID=14298) to work on /home/airflow/.local/lib/python3.8/site-packages/airflow/example_dags/example_skip_dag.py
[2023-09-22T10:29:17.081+0000] {processor.py:829} INFO - Processing file /home/airflow/.local/lib/python3.8/site-packages/airflow/example_dags/example_skip_dag.py for tasks to queue
[2023-09-22T10:29:17.082+0000] {logging_mixin.py:151} INFO - [2023-09-22T10:29:17.082+0000] {dagbag.py:539} INFO - Filling up the DagBag from /home/airflow/.local/lib/python3.8/site-packages/airflow/example_dags/example_skip_dag.py
[2023-09-22T10:29:17.085+0000] {processor.py:839} INFO - DAG(s) dict_keys(['example_skip_dag']) retrieved from /home/airflow/.local/lib/python3.8/site-packages/airflow/example_dags/example_skip_dag.py
[2023-09-22T10:29:17.095+0000] {logging_mixin.py:151} INFO - [2023-09-22T10:29:17.095+0000] {dag.py:2907} INFO - Sync 1 DAGs
[2023-09-22T10:29:17.105+0000] {logging_mixin.py:151} INFO - [2023-09-22T10:29:17.104+0000] {dag.py:3677} INFO - Setting next_dagrun for example_skip_dag to 2023-09-21T10:29:17.104854+00:00, run_after=2023-09-22T10:29:17.104854+00:00
[2023-09-22T10:29:17.112+0000] {processor.py:179} INFO - Processing /home/airflow/.local/lib/python3.8/site-packages/airflow/example_dags/example_skip_dag.py took 0.033 seconds
[2023-09-22T11:35:44.937+0000] {processor.py:157} INFO - Started process (PID=14345) to work on /home/airflow/.local/lib/python3.8/site-packages/airflow/example_dags/example_skip_dag.py
[2023-09-22T11:35:44.938+0000] {processor.py:829} INFO - Processing file /home/airflow/.local/lib/python3.8/site-packages/airflow/example_dags/example_skip_dag.py for tasks to queue
[2023-09-22T11:35:44.939+0000] {logging_mixin.py:151} INFO - [2023-09-22T11:35:44.939+0000] {dagbag.py:539} INFO - Filling up the DagBag from /home/airflow/.local/lib/python3.8/site-packages/airflow/example_dags/example_skip_dag.py
[2023-09-22T11:35:44.943+0000] {processor.py:839} INFO - DAG(s) dict_keys(['example_skip_dag']) retrieved from /home/airflow/.local/lib/python3.8/site-packages/airflow/example_dags/example_skip_dag.py
[2023-09-22T11:35:44.953+0000] {logging_mixin.py:151} INFO - [2023-09-22T11:35:44.953+0000] {dag.py:2907} INFO - Sync 1 DAGs
[2023-09-22T11:35:44.964+0000] {logging_mixin.py:151} INFO - [2023-09-22T11:35:44.964+0000] {dag.py:3677} INFO - Setting next_dagrun for example_skip_dag to 2023-09-21T11:35:44.963986+00:00, run_after=2023-09-22T11:35:44.963986+00:00
[2023-09-22T11:35:44.972+0000] {processor.py:179} INFO - Processing /home/airflow/.local/lib/python3.8/site-packages/airflow/example_dags/example_skip_dag.py took 0.037 seconds
[2023-09-22T12:57:17.977+0000] {processor.py:157} INFO - Started process (PID=14392) to work on /home/airflow/.local/lib/python3.8/site-packages/airflow/example_dags/example_skip_dag.py
[2023-09-22T12:57:17.981+0000] {processor.py:829} INFO - Processing file /home/airflow/.local/lib/python3.8/site-packages/airflow/example_dags/example_skip_dag.py for tasks to queue
[2023-09-22T12:57:17.984+0000] {logging_mixin.py:151} INFO - [2023-09-22T12:57:17.984+0000] {dagbag.py:539} INFO - Filling up the DagBag from /home/airflow/.local/lib/python3.8/site-packages/airflow/example_dags/example_skip_dag.py
[2023-09-22T12:57:17.991+0000] {processor.py:839} INFO - DAG(s) dict_keys(['example_skip_dag']) retrieved from /home/airflow/.local/lib/python3.8/site-packages/airflow/example_dags/example_skip_dag.py
[2023-09-22T12:57:18.032+0000] {logging_mixin.py:151} INFO - [2023-09-22T12:57:18.032+0000] {dag.py:2907} INFO - Sync 1 DAGs
[2023-09-22T12:57:18.056+0000] {logging_mixin.py:151} INFO - [2023-09-22T12:57:18.056+0000] {dag.py:3677} INFO - Setting next_dagrun for example_skip_dag to 2023-09-21T12:57:18.056287+00:00, run_after=2023-09-22T12:57:18.056287+00:00
[2023-09-22T12:57:18.075+0000] {processor.py:179} INFO - Processing /home/airflow/.local/lib/python3.8/site-packages/airflow/example_dags/example_skip_dag.py took 0.102 seconds
[2023-09-22T14:36:57.508+0000] {processor.py:157} INFO - Started process (PID=14439) to work on /home/airflow/.local/lib/python3.8/site-packages/airflow/example_dags/example_skip_dag.py
[2023-09-22T14:36:57.509+0000] {processor.py:829} INFO - Processing file /home/airflow/.local/lib/python3.8/site-packages/airflow/example_dags/example_skip_dag.py for tasks to queue
[2023-09-22T14:36:57.510+0000] {logging_mixin.py:151} INFO - [2023-09-22T14:36:57.510+0000] {dagbag.py:539} INFO - Filling up the DagBag from /home/airflow/.local/lib/python3.8/site-packages/airflow/example_dags/example_skip_dag.py
[2023-09-22T14:36:57.514+0000] {processor.py:839} INFO - DAG(s) dict_keys(['example_skip_dag']) retrieved from /home/airflow/.local/lib/python3.8/site-packages/airflow/example_dags/example_skip_dag.py
[2023-09-22T14:36:57.525+0000] {logging_mixin.py:151} INFO - [2023-09-22T14:36:57.525+0000] {dag.py:2907} INFO - Sync 1 DAGs
[2023-09-22T14:36:57.535+0000] {logging_mixin.py:151} INFO - [2023-09-22T14:36:57.535+0000] {dag.py:3677} INFO - Setting next_dagrun for example_skip_dag to 2023-09-21T14:36:57.535685+00:00, run_after=2023-09-22T14:36:57.535685+00:00
[2023-09-22T14:36:57.543+0000] {processor.py:179} INFO - Processing /home/airflow/.local/lib/python3.8/site-packages/airflow/example_dags/example_skip_dag.py took 0.036 seconds
[2023-09-22T16:18:36.136+0000] {processor.py:157} INFO - Started process (PID=14486) to work on /home/airflow/.local/lib/python3.8/site-packages/airflow/example_dags/example_skip_dag.py
[2023-09-22T16:18:36.137+0000] {processor.py:829} INFO - Processing file /home/airflow/.local/lib/python3.8/site-packages/airflow/example_dags/example_skip_dag.py for tasks to queue
[2023-09-22T16:18:36.138+0000] {logging_mixin.py:151} INFO - [2023-09-22T16:18:36.138+0000] {dagbag.py:539} INFO - Filling up the DagBag from /home/airflow/.local/lib/python3.8/site-packages/airflow/example_dags/example_skip_dag.py
[2023-09-22T16:18:36.142+0000] {processor.py:839} INFO - DAG(s) dict_keys(['example_skip_dag']) retrieved from /home/airflow/.local/lib/python3.8/site-packages/airflow/example_dags/example_skip_dag.py
[2023-09-22T16:18:36.152+0000] {logging_mixin.py:151} INFO - [2023-09-22T16:18:36.152+0000] {dag.py:2907} INFO - Sync 1 DAGs
[2023-09-22T16:18:36.162+0000] {logging_mixin.py:151} INFO - [2023-09-22T16:18:36.162+0000] {dag.py:3677} INFO - Setting next_dagrun for example_skip_dag to 2023-09-21T16:18:36.161956+00:00, run_after=2023-09-22T16:18:36.161956+00:00
[2023-09-22T16:18:36.169+0000] {processor.py:179} INFO - Processing /home/airflow/.local/lib/python3.8/site-packages/airflow/example_dags/example_skip_dag.py took 0.035 seconds
[2023-09-22T17:42:59.309+0000] {processor.py:157} INFO - Started process (PID=14533) to work on /home/airflow/.local/lib/python3.8/site-packages/airflow/example_dags/example_skip_dag.py
[2023-09-22T17:42:59.310+0000] {processor.py:829} INFO - Processing file /home/airflow/.local/lib/python3.8/site-packages/airflow/example_dags/example_skip_dag.py for tasks to queue
[2023-09-22T17:42:59.311+0000] {logging_mixin.py:151} INFO - [2023-09-22T17:42:59.311+0000] {dagbag.py:539} INFO - Filling up the DagBag from /home/airflow/.local/lib/python3.8/site-packages/airflow/example_dags/example_skip_dag.py
[2023-09-22T17:42:59.315+0000] {processor.py:839} INFO - DAG(s) dict_keys(['example_skip_dag']) retrieved from /home/airflow/.local/lib/python3.8/site-packages/airflow/example_dags/example_skip_dag.py
[2023-09-22T17:42:59.325+0000] {logging_mixin.py:151} INFO - [2023-09-22T17:42:59.325+0000] {dag.py:2907} INFO - Sync 1 DAGs
[2023-09-22T17:42:59.334+0000] {logging_mixin.py:151} INFO - [2023-09-22T17:42:59.334+0000] {dag.py:3677} INFO - Setting next_dagrun for example_skip_dag to 2023-09-21T17:42:59.334466+00:00, run_after=2023-09-22T17:42:59.334466+00:00
[2023-09-22T17:42:59.342+0000] {processor.py:179} INFO - Processing /home/airflow/.local/lib/python3.8/site-packages/airflow/example_dags/example_skip_dag.py took 0.034 seconds
[2023-09-22T19:24:05.415+0000] {processor.py:157} INFO - Started process (PID=14580) to work on /home/airflow/.local/lib/python3.8/site-packages/airflow/example_dags/example_skip_dag.py
[2023-09-22T19:24:05.415+0000] {processor.py:829} INFO - Processing file /home/airflow/.local/lib/python3.8/site-packages/airflow/example_dags/example_skip_dag.py for tasks to queue
[2023-09-22T19:24:05.417+0000] {logging_mixin.py:151} INFO - [2023-09-22T19:24:05.416+0000] {dagbag.py:539} INFO - Filling up the DagBag from /home/airflow/.local/lib/python3.8/site-packages/airflow/example_dags/example_skip_dag.py
[2023-09-22T19:24:05.420+0000] {processor.py:839} INFO - DAG(s) dict_keys(['example_skip_dag']) retrieved from /home/airflow/.local/lib/python3.8/site-packages/airflow/example_dags/example_skip_dag.py
[2023-09-22T19:24:05.430+0000] {logging_mixin.py:151} INFO - [2023-09-22T19:24:05.430+0000] {dag.py:2907} INFO - Sync 1 DAGs
[2023-09-22T19:24:05.439+0000] {logging_mixin.py:151} INFO - [2023-09-22T19:24:05.439+0000] {dag.py:3677} INFO - Setting next_dagrun for example_skip_dag to 2023-09-21T19:24:05.439572+00:00, run_after=2023-09-22T19:24:05.439572+00:00
[2023-09-22T19:24:05.446+0000] {processor.py:179} INFO - Processing /home/airflow/.local/lib/python3.8/site-packages/airflow/example_dags/example_skip_dag.py took 0.033 seconds
[2023-09-22T21:00:33.762+0000] {processor.py:157} INFO - Started process (PID=14627) to work on /home/airflow/.local/lib/python3.8/site-packages/airflow/example_dags/example_skip_dag.py
[2023-09-22T21:00:33.763+0000] {processor.py:829} INFO - Processing file /home/airflow/.local/lib/python3.8/site-packages/airflow/example_dags/example_skip_dag.py for tasks to queue
[2023-09-22T21:00:33.764+0000] {logging_mixin.py:151} INFO - [2023-09-22T21:00:33.764+0000] {dagbag.py:539} INFO - Filling up the DagBag from /home/airflow/.local/lib/python3.8/site-packages/airflow/example_dags/example_skip_dag.py
[2023-09-22T21:00:33.768+0000] {processor.py:839} INFO - DAG(s) dict_keys(['example_skip_dag']) retrieved from /home/airflow/.local/lib/python3.8/site-packages/airflow/example_dags/example_skip_dag.py
[2023-09-22T21:00:33.779+0000] {logging_mixin.py:151} INFO - [2023-09-22T21:00:33.779+0000] {dag.py:2907} INFO - Sync 1 DAGs
[2023-09-22T21:00:33.789+0000] {logging_mixin.py:151} INFO - [2023-09-22T21:00:33.789+0000] {dag.py:3677} INFO - Setting next_dagrun for example_skip_dag to 2023-09-21T21:00:33.789013+00:00, run_after=2023-09-22T21:00:33.789013+00:00
[2023-09-22T21:00:33.796+0000] {processor.py:179} INFO - Processing /home/airflow/.local/lib/python3.8/site-packages/airflow/example_dags/example_skip_dag.py took 0.035 seconds
[2023-09-22T22:21:53.432+0000] {processor.py:157} INFO - Started process (PID=14674) to work on /home/airflow/.local/lib/python3.8/site-packages/airflow/example_dags/example_skip_dag.py
[2023-09-22T22:21:53.433+0000] {processor.py:829} INFO - Processing file /home/airflow/.local/lib/python3.8/site-packages/airflow/example_dags/example_skip_dag.py for tasks to queue
[2023-09-22T22:21:53.434+0000] {logging_mixin.py:151} INFO - [2023-09-22T22:21:53.434+0000] {dagbag.py:539} INFO - Filling up the DagBag from /home/airflow/.local/lib/python3.8/site-packages/airflow/example_dags/example_skip_dag.py
[2023-09-22T22:21:53.437+0000] {processor.py:839} INFO - DAG(s) dict_keys(['example_skip_dag']) retrieved from /home/airflow/.local/lib/python3.8/site-packages/airflow/example_dags/example_skip_dag.py
[2023-09-22T22:21:53.448+0000] {logging_mixin.py:151} INFO - [2023-09-22T22:21:53.448+0000] {dag.py:2907} INFO - Sync 1 DAGs
[2023-09-22T22:21:53.457+0000] {logging_mixin.py:151} INFO - [2023-09-22T22:21:53.457+0000] {dag.py:3677} INFO - Setting next_dagrun for example_skip_dag to 2023-09-21T22:21:53.457278+00:00, run_after=2023-09-22T22:21:53.457278+00:00
[2023-09-22T22:21:53.464+0000] {processor.py:179} INFO - Processing /home/airflow/.local/lib/python3.8/site-packages/airflow/example_dags/example_skip_dag.py took 0.033 seconds
[2023-09-22T23:59:52.017+0000] {processor.py:157} INFO - Started process (PID=14721) to work on /home/airflow/.local/lib/python3.8/site-packages/airflow/example_dags/example_skip_dag.py
[2023-09-22T23:59:52.018+0000] {processor.py:829} INFO - Processing file /home/airflow/.local/lib/python3.8/site-packages/airflow/example_dags/example_skip_dag.py for tasks to queue
[2023-09-22T23:59:52.019+0000] {logging_mixin.py:151} INFO - [2023-09-22T23:59:52.019+0000] {dagbag.py:539} INFO - Filling up the DagBag from /home/airflow/.local/lib/python3.8/site-packages/airflow/example_dags/example_skip_dag.py
[2023-09-22T23:59:52.022+0000] {processor.py:839} INFO - DAG(s) dict_keys(['example_skip_dag']) retrieved from /home/airflow/.local/lib/python3.8/site-packages/airflow/example_dags/example_skip_dag.py
[2023-09-22T23:59:52.033+0000] {logging_mixin.py:151} INFO - [2023-09-22T23:59:52.033+0000] {dag.py:2907} INFO - Sync 1 DAGs
[2023-09-22T23:59:52.043+0000] {logging_mixin.py:151} INFO - [2023-09-22T23:59:52.043+0000] {dag.py:3677} INFO - Setting next_dagrun for example_skip_dag to 2023-09-21T23:59:52.043761+00:00, run_after=2023-09-22T23:59:52.043761+00:00
[2023-09-22T23:59:52.052+0000] {processor.py:179} INFO - Processing /home/airflow/.local/lib/python3.8/site-packages/airflow/example_dags/example_skip_dag.py took 0.036 seconds
