[2023-09-22T01:06:21.307+0000] {processor.py:157} INFO - Started process (PID=13822) to work on /home/airflow/.local/lib/python3.8/site-packages/airflow/example_dags/example_xcomargs.py
[2023-09-22T01:06:21.310+0000] {processor.py:829} INFO - Processing file /home/airflow/.local/lib/python3.8/site-packages/airflow/example_dags/example_xcomargs.py for tasks to queue
[2023-09-22T01:06:21.314+0000] {logging_mixin.py:151} INFO - [2023-09-22T01:06:21.314+0000] {dagbag.py:539} INFO - Filling up the DagBag from /home/airflow/.local/lib/python3.8/site-packages/airflow/example_dags/example_xcomargs.py
[2023-09-22T01:06:21.320+0000] {processor.py:839} INFO - DAG(s) dict_keys(['example_xcom_args', 'example_xcom_args_with_operators']) retrieved from /home/airflow/.local/lib/python3.8/site-packages/airflow/example_dags/example_xcomargs.py
[2023-09-22T01:06:21.342+0000] {logging_mixin.py:151} INFO - [2023-09-22T01:06:21.341+0000] {dag.py:2907} INFO - Sync 2 DAGs
[2023-09-22T01:06:21.348+0000] {logging_mixin.py:151} INFO - [2023-09-22T01:06:21.348+0000] {dag.py:3677} INFO - Setting next_dagrun for example_xcom_args to None, run_after=None
[2023-09-22T01:06:21.350+0000] {logging_mixin.py:151} INFO - [2023-09-22T01:06:21.350+0000] {dag.py:3677} INFO - Setting next_dagrun for example_xcom_args_with_operators to None, run_after=None
[2023-09-22T01:06:21.356+0000] {processor.py:179} INFO - Processing /home/airflow/.local/lib/python3.8/site-packages/airflow/example_dags/example_xcomargs.py took 0.051 seconds
[2023-09-22T01:26:58.624+0000] {processor.py:157} INFO - Started process (PID=13869) to work on /home/airflow/.local/lib/python3.8/site-packages/airflow/example_dags/example_xcomargs.py
[2023-09-22T01:26:58.625+0000] {processor.py:829} INFO - Processing file /home/airflow/.local/lib/python3.8/site-packages/airflow/example_dags/example_xcomargs.py for tasks to queue
[2023-09-22T01:26:58.626+0000] {logging_mixin.py:151} INFO - [2023-09-22T01:26:58.626+0000] {dagbag.py:539} INFO - Filling up the DagBag from /home/airflow/.local/lib/python3.8/site-packages/airflow/example_dags/example_xcomargs.py
[2023-09-22T01:26:58.630+0000] {processor.py:839} INFO - DAG(s) dict_keys(['example_xcom_args_with_operators', 'example_xcom_args']) retrieved from /home/airflow/.local/lib/python3.8/site-packages/airflow/example_dags/example_xcomargs.py
[2023-09-22T01:26:58.643+0000] {logging_mixin.py:151} INFO - [2023-09-22T01:26:58.643+0000] {dag.py:2907} INFO - Sync 2 DAGs
[2023-09-22T01:26:58.650+0000] {logging_mixin.py:151} INFO - [2023-09-22T01:26:58.650+0000] {dag.py:3677} INFO - Setting next_dagrun for example_xcom_args to None, run_after=None
[2023-09-22T01:26:58.651+0000] {logging_mixin.py:151} INFO - [2023-09-22T01:26:58.651+0000] {dag.py:3677} INFO - Setting next_dagrun for example_xcom_args_with_operators to None, run_after=None
[2023-09-22T01:26:58.657+0000] {processor.py:179} INFO - Processing /home/airflow/.local/lib/python3.8/site-packages/airflow/example_dags/example_xcomargs.py took 0.035 seconds
[2023-09-22T01:35:28.203+0000] {processor.py:157} INFO - Started process (PID=13916) to work on /home/airflow/.local/lib/python3.8/site-packages/airflow/example_dags/example_xcomargs.py
[2023-09-22T01:35:28.203+0000] {processor.py:829} INFO - Processing file /home/airflow/.local/lib/python3.8/site-packages/airflow/example_dags/example_xcomargs.py for tasks to queue
[2023-09-22T01:35:28.205+0000] {logging_mixin.py:151} INFO - [2023-09-22T01:35:28.204+0000] {dagbag.py:539} INFO - Filling up the DagBag from /home/airflow/.local/lib/python3.8/site-packages/airflow/example_dags/example_xcomargs.py
[2023-09-22T01:35:28.209+0000] {processor.py:839} INFO - DAG(s) dict_keys(['example_xcom_args', 'example_xcom_args_with_operators']) retrieved from /home/airflow/.local/lib/python3.8/site-packages/airflow/example_dags/example_xcomargs.py
[2023-09-22T01:35:28.221+0000] {logging_mixin.py:151} INFO - [2023-09-22T01:35:28.221+0000] {dag.py:2907} INFO - Sync 2 DAGs
[2023-09-22T01:35:28.227+0000] {logging_mixin.py:151} INFO - [2023-09-22T01:35:28.227+0000] {dag.py:3677} INFO - Setting next_dagrun for example_xcom_args to None, run_after=None
[2023-09-22T01:35:28.228+0000] {logging_mixin.py:151} INFO - [2023-09-22T01:35:28.228+0000] {dag.py:3677} INFO - Setting next_dagrun for example_xcom_args_with_operators to None, run_after=None
[2023-09-22T01:35:28.234+0000] {processor.py:179} INFO - Processing /home/airflow/.local/lib/python3.8/site-packages/airflow/example_dags/example_xcomargs.py took 0.033 seconds
[2023-09-22T02:41:16.098+0000] {processor.py:157} INFO - Started process (PID=13963) to work on /home/airflow/.local/lib/python3.8/site-packages/airflow/example_dags/example_xcomargs.py
[2023-09-22T02:41:16.101+0000] {processor.py:829} INFO - Processing file /home/airflow/.local/lib/python3.8/site-packages/airflow/example_dags/example_xcomargs.py for tasks to queue
[2023-09-22T02:41:16.104+0000] {logging_mixin.py:151} INFO - [2023-09-22T02:41:16.103+0000] {dagbag.py:539} INFO - Filling up the DagBag from /home/airflow/.local/lib/python3.8/site-packages/airflow/example_dags/example_xcomargs.py
[2023-09-22T02:41:16.111+0000] {processor.py:839} INFO - DAG(s) dict_keys(['example_xcom_args_with_operators', 'example_xcom_args']) retrieved from /home/airflow/.local/lib/python3.8/site-packages/airflow/example_dags/example_xcomargs.py
[2023-09-22T02:41:16.132+0000] {logging_mixin.py:151} INFO - [2023-09-22T02:41:16.132+0000] {dag.py:2907} INFO - Sync 2 DAGs
[2023-09-22T02:41:16.141+0000] {logging_mixin.py:151} INFO - [2023-09-22T02:41:16.141+0000] {dag.py:3677} INFO - Setting next_dagrun for example_xcom_args to None, run_after=None
[2023-09-22T02:41:16.143+0000] {logging_mixin.py:151} INFO - [2023-09-22T02:41:16.143+0000] {dag.py:3677} INFO - Setting next_dagrun for example_xcom_args_with_operators to None, run_after=None
[2023-09-22T02:41:16.152+0000] {processor.py:179} INFO - Processing /home/airflow/.local/lib/python3.8/site-packages/airflow/example_dags/example_xcomargs.py took 0.058 seconds
[2023-09-22T04:02:54.762+0000] {processor.py:157} INFO - Started process (PID=14010) to work on /home/airflow/.local/lib/python3.8/site-packages/airflow/example_dags/example_xcomargs.py
[2023-09-22T04:02:54.762+0000] {processor.py:829} INFO - Processing file /home/airflow/.local/lib/python3.8/site-packages/airflow/example_dags/example_xcomargs.py for tasks to queue
[2023-09-22T04:02:54.764+0000] {logging_mixin.py:151} INFO - [2023-09-22T04:02:54.764+0000] {dagbag.py:539} INFO - Filling up the DagBag from /home/airflow/.local/lib/python3.8/site-packages/airflow/example_dags/example_xcomargs.py
[2023-09-22T04:02:54.768+0000] {processor.py:839} INFO - DAG(s) dict_keys(['example_xcom_args', 'example_xcom_args_with_operators']) retrieved from /home/airflow/.local/lib/python3.8/site-packages/airflow/example_dags/example_xcomargs.py
[2023-09-22T04:02:54.779+0000] {logging_mixin.py:151} INFO - [2023-09-22T04:02:54.779+0000] {dag.py:2907} INFO - Sync 2 DAGs
[2023-09-22T04:02:54.785+0000] {logging_mixin.py:151} INFO - [2023-09-22T04:02:54.785+0000] {dag.py:3677} INFO - Setting next_dagrun for example_xcom_args to None, run_after=None
[2023-09-22T04:02:54.788+0000] {logging_mixin.py:151} INFO - [2023-09-22T04:02:54.788+0000] {dag.py:3677} INFO - Setting next_dagrun for example_xcom_args_with_operators to None, run_after=None
[2023-09-22T04:02:54.794+0000] {processor.py:179} INFO - Processing /home/airflow/.local/lib/python3.8/site-packages/airflow/example_dags/example_xcomargs.py took 0.035 seconds
[2023-09-22T05:38:43.402+0000] {processor.py:157} INFO - Started process (PID=14057) to work on /home/airflow/.local/lib/python3.8/site-packages/airflow/example_dags/example_xcomargs.py
[2023-09-22T05:38:43.406+0000] {processor.py:829} INFO - Processing file /home/airflow/.local/lib/python3.8/site-packages/airflow/example_dags/example_xcomargs.py for tasks to queue
[2023-09-22T05:38:43.411+0000] {logging_mixin.py:151} INFO - [2023-09-22T05:38:43.411+0000] {dagbag.py:539} INFO - Filling up the DagBag from /home/airflow/.local/lib/python3.8/site-packages/airflow/example_dags/example_xcomargs.py
[2023-09-22T05:38:43.420+0000] {processor.py:839} INFO - DAG(s) dict_keys(['example_xcom_args_with_operators', 'example_xcom_args']) retrieved from /home/airflow/.local/lib/python3.8/site-packages/airflow/example_dags/example_xcomargs.py
[2023-09-22T05:38:43.449+0000] {logging_mixin.py:151} INFO - [2023-09-22T05:38:43.449+0000] {dag.py:2907} INFO - Sync 2 DAGs
[2023-09-22T05:38:43.487+0000] {logging_mixin.py:151} INFO - [2023-09-22T05:38:43.487+0000] {dag.py:3677} INFO - Setting next_dagrun for example_xcom_args to None, run_after=None
[2023-09-22T05:38:43.492+0000] {logging_mixin.py:151} INFO - [2023-09-22T05:38:43.492+0000] {dag.py:3677} INFO - Setting next_dagrun for example_xcom_args_with_operators to None, run_after=None
[2023-09-22T05:38:43.514+0000] {processor.py:179} INFO - Processing /home/airflow/.local/lib/python3.8/site-packages/airflow/example_dags/example_xcomargs.py took 0.115 seconds
[2023-09-22T07:01:38.336+0000] {processor.py:157} INFO - Started process (PID=14104) to work on /home/airflow/.local/lib/python3.8/site-packages/airflow/example_dags/example_xcomargs.py
[2023-09-22T07:01:38.336+0000] {processor.py:829} INFO - Processing file /home/airflow/.local/lib/python3.8/site-packages/airflow/example_dags/example_xcomargs.py for tasks to queue
[2023-09-22T07:01:38.338+0000] {logging_mixin.py:151} INFO - [2023-09-22T07:01:38.338+0000] {dagbag.py:539} INFO - Filling up the DagBag from /home/airflow/.local/lib/python3.8/site-packages/airflow/example_dags/example_xcomargs.py
[2023-09-22T07:01:38.343+0000] {processor.py:839} INFO - DAG(s) dict_keys(['example_xcom_args', 'example_xcom_args_with_operators']) retrieved from /home/airflow/.local/lib/python3.8/site-packages/airflow/example_dags/example_xcomargs.py
[2023-09-22T07:01:38.356+0000] {logging_mixin.py:151} INFO - [2023-09-22T07:01:38.356+0000] {dag.py:2907} INFO - Sync 2 DAGs
[2023-09-22T07:01:38.362+0000] {logging_mixin.py:151} INFO - [2023-09-22T07:01:38.362+0000] {dag.py:3677} INFO - Setting next_dagrun for example_xcom_args to None, run_after=None
[2023-09-22T07:01:38.364+0000] {logging_mixin.py:151} INFO - [2023-09-22T07:01:38.364+0000] {dag.py:3677} INFO - Setting next_dagrun for example_xcom_args_with_operators to None, run_after=None
[2023-09-22T07:01:38.370+0000] {processor.py:179} INFO - Processing /home/airflow/.local/lib/python3.8/site-packages/airflow/example_dags/example_xcomargs.py took 0.037 seconds
[2023-09-22T08:27:03.510+0000] {processor.py:157} INFO - Started process (PID=14151) to work on /home/airflow/.local/lib/python3.8/site-packages/airflow/example_dags/example_xcomargs.py
[2023-09-22T08:27:03.511+0000] {processor.py:829} INFO - Processing file /home/airflow/.local/lib/python3.8/site-packages/airflow/example_dags/example_xcomargs.py for tasks to queue
[2023-09-22T08:27:03.512+0000] {logging_mixin.py:151} INFO - [2023-09-22T08:27:03.512+0000] {dagbag.py:539} INFO - Filling up the DagBag from /home/airflow/.local/lib/python3.8/site-packages/airflow/example_dags/example_xcomargs.py
[2023-09-22T08:27:03.516+0000] {processor.py:839} INFO - DAG(s) dict_keys(['example_xcom_args', 'example_xcom_args_with_operators']) retrieved from /home/airflow/.local/lib/python3.8/site-packages/airflow/example_dags/example_xcomargs.py
[2023-09-22T08:27:03.530+0000] {logging_mixin.py:151} INFO - [2023-09-22T08:27:03.530+0000] {dag.py:2907} INFO - Sync 2 DAGs
[2023-09-22T08:27:03.536+0000] {logging_mixin.py:151} INFO - [2023-09-22T08:27:03.536+0000] {dag.py:3677} INFO - Setting next_dagrun for example_xcom_args to None, run_after=None
[2023-09-22T08:27:03.538+0000] {logging_mixin.py:151} INFO - [2023-09-22T08:27:03.538+0000] {dag.py:3677} INFO - Setting next_dagrun for example_xcom_args_with_operators to None, run_after=None
[2023-09-22T08:27:03.544+0000] {processor.py:179} INFO - Processing /home/airflow/.local/lib/python3.8/site-packages/airflow/example_dags/example_xcomargs.py took 0.036 seconds
[2023-09-22T09:32:30.273+0000] {processor.py:157} INFO - Started process (PID=14198) to work on /home/airflow/.local/lib/python3.8/site-packages/airflow/example_dags/example_xcomargs.py
[2023-09-22T09:32:30.273+0000] {processor.py:829} INFO - Processing file /home/airflow/.local/lib/python3.8/site-packages/airflow/example_dags/example_xcomargs.py for tasks to queue
[2023-09-22T09:32:30.275+0000] {logging_mixin.py:151} INFO - [2023-09-22T09:32:30.275+0000] {dagbag.py:539} INFO - Filling up the DagBag from /home/airflow/.local/lib/python3.8/site-packages/airflow/example_dags/example_xcomargs.py
[2023-09-22T09:32:30.279+0000] {processor.py:839} INFO - DAG(s) dict_keys(['example_xcom_args', 'example_xcom_args_with_operators']) retrieved from /home/airflow/.local/lib/python3.8/site-packages/airflow/example_dags/example_xcomargs.py
[2023-09-22T09:32:30.290+0000] {logging_mixin.py:151} INFO - [2023-09-22T09:32:30.290+0000] {dag.py:2907} INFO - Sync 2 DAGs
[2023-09-22T09:32:30.295+0000] {logging_mixin.py:151} INFO - [2023-09-22T09:32:30.295+0000] {dag.py:3677} INFO - Setting next_dagrun for example_xcom_args to None, run_after=None
[2023-09-22T09:32:30.297+0000] {logging_mixin.py:151} INFO - [2023-09-22T09:32:30.296+0000] {dag.py:3677} INFO - Setting next_dagrun for example_xcom_args_with_operators to None, run_after=None
[2023-09-22T09:32:30.303+0000] {processor.py:179} INFO - Processing /home/airflow/.local/lib/python3.8/site-packages/airflow/example_dags/example_xcomargs.py took 0.033 seconds
[2023-09-22T09:50:52.267+0000] {processor.py:157} INFO - Started process (PID=14245) to work on /home/airflow/.local/lib/python3.8/site-packages/airflow/example_dags/example_xcomargs.py
[2023-09-22T09:50:52.267+0000] {processor.py:829} INFO - Processing file /home/airflow/.local/lib/python3.8/site-packages/airflow/example_dags/example_xcomargs.py for tasks to queue
[2023-09-22T09:50:52.269+0000] {logging_mixin.py:151} INFO - [2023-09-22T09:50:52.268+0000] {dagbag.py:539} INFO - Filling up the DagBag from /home/airflow/.local/lib/python3.8/site-packages/airflow/example_dags/example_xcomargs.py
[2023-09-22T09:50:52.273+0000] {processor.py:839} INFO - DAG(s) dict_keys(['example_xcom_args_with_operators', 'example_xcom_args']) retrieved from /home/airflow/.local/lib/python3.8/site-packages/airflow/example_dags/example_xcomargs.py
[2023-09-22T09:50:52.286+0000] {logging_mixin.py:151} INFO - [2023-09-22T09:50:52.285+0000] {dag.py:2907} INFO - Sync 2 DAGs
[2023-09-22T09:50:52.292+0000] {logging_mixin.py:151} INFO - [2023-09-22T09:50:52.292+0000] {dag.py:3677} INFO - Setting next_dagrun for example_xcom_args to None, run_after=None
[2023-09-22T09:50:52.294+0000] {logging_mixin.py:151} INFO - [2023-09-22T09:50:52.293+0000] {dag.py:3677} INFO - Setting next_dagrun for example_xcom_args_with_operators to None, run_after=None
[2023-09-22T09:50:52.300+0000] {processor.py:179} INFO - Processing /home/airflow/.local/lib/python3.8/site-packages/airflow/example_dags/example_xcomargs.py took 0.036 seconds
[2023-09-22T10:29:16.885+0000] {processor.py:157} INFO - Started process (PID=14292) to work on /home/airflow/.local/lib/python3.8/site-packages/airflow/example_dags/example_xcomargs.py
[2023-09-22T10:29:16.886+0000] {processor.py:829} INFO - Processing file /home/airflow/.local/lib/python3.8/site-packages/airflow/example_dags/example_xcomargs.py for tasks to queue
[2023-09-22T10:29:16.887+0000] {logging_mixin.py:151} INFO - [2023-09-22T10:29:16.887+0000] {dagbag.py:539} INFO - Filling up the DagBag from /home/airflow/.local/lib/python3.8/site-packages/airflow/example_dags/example_xcomargs.py
[2023-09-22T10:29:16.892+0000] {processor.py:839} INFO - DAG(s) dict_keys(['example_xcom_args_with_operators', 'example_xcom_args']) retrieved from /home/airflow/.local/lib/python3.8/site-packages/airflow/example_dags/example_xcomargs.py
[2023-09-22T10:29:16.903+0000] {logging_mixin.py:151} INFO - [2023-09-22T10:29:16.903+0000] {dag.py:2907} INFO - Sync 2 DAGs
[2023-09-22T10:29:16.909+0000] {logging_mixin.py:151} INFO - [2023-09-22T10:29:16.909+0000] {dag.py:3677} INFO - Setting next_dagrun for example_xcom_args to None, run_after=None
[2023-09-22T10:29:16.911+0000] {logging_mixin.py:151} INFO - [2023-09-22T10:29:16.911+0000] {dag.py:3677} INFO - Setting next_dagrun for example_xcom_args_with_operators to None, run_after=None
[2023-09-22T10:29:16.918+0000] {processor.py:179} INFO - Processing /home/airflow/.local/lib/python3.8/site-packages/airflow/example_dags/example_xcomargs.py took 0.035 seconds
[2023-09-22T11:35:44.754+0000] {processor.py:157} INFO - Started process (PID=14339) to work on /home/airflow/.local/lib/python3.8/site-packages/airflow/example_dags/example_xcomargs.py
[2023-09-22T11:35:44.754+0000] {processor.py:829} INFO - Processing file /home/airflow/.local/lib/python3.8/site-packages/airflow/example_dags/example_xcomargs.py for tasks to queue
[2023-09-22T11:35:44.755+0000] {logging_mixin.py:151} INFO - [2023-09-22T11:35:44.755+0000] {dagbag.py:539} INFO - Filling up the DagBag from /home/airflow/.local/lib/python3.8/site-packages/airflow/example_dags/example_xcomargs.py
[2023-09-22T11:35:44.760+0000] {processor.py:839} INFO - DAG(s) dict_keys(['example_xcom_args', 'example_xcom_args_with_operators']) retrieved from /home/airflow/.local/lib/python3.8/site-packages/airflow/example_dags/example_xcomargs.py
[2023-09-22T11:35:44.772+0000] {logging_mixin.py:151} INFO - [2023-09-22T11:35:44.771+0000] {dag.py:2907} INFO - Sync 2 DAGs
[2023-09-22T11:35:44.778+0000] {logging_mixin.py:151} INFO - [2023-09-22T11:35:44.778+0000] {dag.py:3677} INFO - Setting next_dagrun for example_xcom_args to None, run_after=None
[2023-09-22T11:35:44.780+0000] {logging_mixin.py:151} INFO - [2023-09-22T11:35:44.780+0000] {dag.py:3677} INFO - Setting next_dagrun for example_xcom_args_with_operators to None, run_after=None
[2023-09-22T11:35:44.787+0000] {processor.py:179} INFO - Processing /home/airflow/.local/lib/python3.8/site-packages/airflow/example_dags/example_xcomargs.py took 0.035 seconds
[2023-09-22T12:57:17.291+0000] {processor.py:157} INFO - Started process (PID=14386) to work on /home/airflow/.local/lib/python3.8/site-packages/airflow/example_dags/example_xcomargs.py
[2023-09-22T12:57:17.292+0000] {processor.py:829} INFO - Processing file /home/airflow/.local/lib/python3.8/site-packages/airflow/example_dags/example_xcomargs.py for tasks to queue
[2023-09-22T12:57:17.293+0000] {logging_mixin.py:151} INFO - [2023-09-22T12:57:17.293+0000] {dagbag.py:539} INFO - Filling up the DagBag from /home/airflow/.local/lib/python3.8/site-packages/airflow/example_dags/example_xcomargs.py
[2023-09-22T12:57:17.297+0000] {processor.py:839} INFO - DAG(s) dict_keys(['example_xcom_args', 'example_xcom_args_with_operators']) retrieved from /home/airflow/.local/lib/python3.8/site-packages/airflow/example_dags/example_xcomargs.py
[2023-09-22T12:57:17.308+0000] {logging_mixin.py:151} INFO - [2023-09-22T12:57:17.307+0000] {dag.py:2907} INFO - Sync 2 DAGs
[2023-09-22T12:57:17.313+0000] {logging_mixin.py:151} INFO - [2023-09-22T12:57:17.313+0000] {dag.py:3677} INFO - Setting next_dagrun for example_xcom_args to None, run_after=None
[2023-09-22T12:57:17.314+0000] {logging_mixin.py:151} INFO - [2023-09-22T12:57:17.314+0000] {dag.py:3677} INFO - Setting next_dagrun for example_xcom_args_with_operators to None, run_after=None
[2023-09-22T12:57:17.321+0000] {processor.py:179} INFO - Processing /home/airflow/.local/lib/python3.8/site-packages/airflow/example_dags/example_xcomargs.py took 0.032 seconds
[2023-09-22T14:36:57.334+0000] {processor.py:157} INFO - Started process (PID=14433) to work on /home/airflow/.local/lib/python3.8/site-packages/airflow/example_dags/example_xcomargs.py
[2023-09-22T14:36:57.335+0000] {processor.py:829} INFO - Processing file /home/airflow/.local/lib/python3.8/site-packages/airflow/example_dags/example_xcomargs.py for tasks to queue
[2023-09-22T14:36:57.336+0000] {logging_mixin.py:151} INFO - [2023-09-22T14:36:57.336+0000] {dagbag.py:539} INFO - Filling up the DagBag from /home/airflow/.local/lib/python3.8/site-packages/airflow/example_dags/example_xcomargs.py
[2023-09-22T14:36:57.340+0000] {processor.py:839} INFO - DAG(s) dict_keys(['example_xcom_args', 'example_xcom_args_with_operators']) retrieved from /home/airflow/.local/lib/python3.8/site-packages/airflow/example_dags/example_xcomargs.py
[2023-09-22T14:36:57.353+0000] {logging_mixin.py:151} INFO - [2023-09-22T14:36:57.353+0000] {dag.py:2907} INFO - Sync 2 DAGs
[2023-09-22T14:36:57.358+0000] {logging_mixin.py:151} INFO - [2023-09-22T14:36:57.358+0000] {dag.py:3677} INFO - Setting next_dagrun for example_xcom_args to None, run_after=None
[2023-09-22T14:36:57.360+0000] {logging_mixin.py:151} INFO - [2023-09-22T14:36:57.360+0000] {dag.py:3677} INFO - Setting next_dagrun for example_xcom_args_with_operators to None, run_after=None
[2023-09-22T14:36:57.366+0000] {processor.py:179} INFO - Processing /home/airflow/.local/lib/python3.8/site-packages/airflow/example_dags/example_xcomargs.py took 0.033 seconds
[2023-09-22T16:18:35.976+0000] {processor.py:157} INFO - Started process (PID=14480) to work on /home/airflow/.local/lib/python3.8/site-packages/airflow/example_dags/example_xcomargs.py
[2023-09-22T16:18:35.977+0000] {processor.py:829} INFO - Processing file /home/airflow/.local/lib/python3.8/site-packages/airflow/example_dags/example_xcomargs.py for tasks to queue
[2023-09-22T16:18:35.978+0000] {logging_mixin.py:151} INFO - [2023-09-22T16:18:35.978+0000] {dagbag.py:539} INFO - Filling up the DagBag from /home/airflow/.local/lib/python3.8/site-packages/airflow/example_dags/example_xcomargs.py
[2023-09-22T16:18:35.983+0000] {processor.py:839} INFO - DAG(s) dict_keys(['example_xcom_args', 'example_xcom_args_with_operators']) retrieved from /home/airflow/.local/lib/python3.8/site-packages/airflow/example_dags/example_xcomargs.py
[2023-09-22T16:18:35.995+0000] {logging_mixin.py:151} INFO - [2023-09-22T16:18:35.995+0000] {dag.py:2907} INFO - Sync 2 DAGs
[2023-09-22T16:18:36.001+0000] {logging_mixin.py:151} INFO - [2023-09-22T16:18:36.001+0000] {dag.py:3677} INFO - Setting next_dagrun for example_xcom_args to None, run_after=None
[2023-09-22T16:18:36.002+0000] {logging_mixin.py:151} INFO - [2023-09-22T16:18:36.002+0000] {dag.py:3677} INFO - Setting next_dagrun for example_xcom_args_with_operators to None, run_after=None
[2023-09-22T16:18:36.009+0000] {processor.py:179} INFO - Processing /home/airflow/.local/lib/python3.8/site-packages/airflow/example_dags/example_xcomargs.py took 0.034 seconds
[2023-09-22T17:42:59.118+0000] {processor.py:157} INFO - Started process (PID=14527) to work on /home/airflow/.local/lib/python3.8/site-packages/airflow/example_dags/example_xcomargs.py
[2023-09-22T17:42:59.118+0000] {processor.py:829} INFO - Processing file /home/airflow/.local/lib/python3.8/site-packages/airflow/example_dags/example_xcomargs.py for tasks to queue
[2023-09-22T17:42:59.119+0000] {logging_mixin.py:151} INFO - [2023-09-22T17:42:59.119+0000] {dagbag.py:539} INFO - Filling up the DagBag from /home/airflow/.local/lib/python3.8/site-packages/airflow/example_dags/example_xcomargs.py
[2023-09-22T17:42:59.124+0000] {processor.py:839} INFO - DAG(s) dict_keys(['example_xcom_args_with_operators', 'example_xcom_args']) retrieved from /home/airflow/.local/lib/python3.8/site-packages/airflow/example_dags/example_xcomargs.py
[2023-09-22T17:42:59.137+0000] {logging_mixin.py:151} INFO - [2023-09-22T17:42:59.136+0000] {dag.py:2907} INFO - Sync 2 DAGs
[2023-09-22T17:42:59.143+0000] {logging_mixin.py:151} INFO - [2023-09-22T17:42:59.143+0000] {dag.py:3677} INFO - Setting next_dagrun for example_xcom_args to None, run_after=None
[2023-09-22T17:42:59.144+0000] {logging_mixin.py:151} INFO - [2023-09-22T17:42:59.144+0000] {dag.py:3677} INFO - Setting next_dagrun for example_xcom_args_with_operators to None, run_after=None
[2023-09-22T17:42:59.150+0000] {processor.py:179} INFO - Processing /home/airflow/.local/lib/python3.8/site-packages/airflow/example_dags/example_xcomargs.py took 0.035 seconds
[2023-09-22T19:24:05.204+0000] {processor.py:157} INFO - Started process (PID=14574) to work on /home/airflow/.local/lib/python3.8/site-packages/airflow/example_dags/example_xcomargs.py
[2023-09-22T19:24:05.205+0000] {processor.py:829} INFO - Processing file /home/airflow/.local/lib/python3.8/site-packages/airflow/example_dags/example_xcomargs.py for tasks to queue
[2023-09-22T19:24:05.206+0000] {logging_mixin.py:151} INFO - [2023-09-22T19:24:05.206+0000] {dagbag.py:539} INFO - Filling up the DagBag from /home/airflow/.local/lib/python3.8/site-packages/airflow/example_dags/example_xcomargs.py
[2023-09-22T19:24:05.210+0000] {processor.py:839} INFO - DAG(s) dict_keys(['example_xcom_args_with_operators', 'example_xcom_args']) retrieved from /home/airflow/.local/lib/python3.8/site-packages/airflow/example_dags/example_xcomargs.py
[2023-09-22T19:24:05.222+0000] {logging_mixin.py:151} INFO - [2023-09-22T19:24:05.222+0000] {dag.py:2907} INFO - Sync 2 DAGs
[2023-09-22T19:24:05.228+0000] {logging_mixin.py:151} INFO - [2023-09-22T19:24:05.228+0000] {dag.py:3677} INFO - Setting next_dagrun for example_xcom_args to None, run_after=None
[2023-09-22T19:24:05.229+0000] {logging_mixin.py:151} INFO - [2023-09-22T19:24:05.229+0000] {dag.py:3677} INFO - Setting next_dagrun for example_xcom_args_with_operators to None, run_after=None
[2023-09-22T19:24:05.237+0000] {processor.py:179} INFO - Processing /home/airflow/.local/lib/python3.8/site-packages/airflow/example_dags/example_xcomargs.py took 0.035 seconds
[2023-09-22T21:00:33.619+0000] {processor.py:157} INFO - Started process (PID=14621) to work on /home/airflow/.local/lib/python3.8/site-packages/airflow/example_dags/example_xcomargs.py
[2023-09-22T21:00:33.619+0000] {processor.py:829} INFO - Processing file /home/airflow/.local/lib/python3.8/site-packages/airflow/example_dags/example_xcomargs.py for tasks to queue
[2023-09-22T21:00:33.621+0000] {logging_mixin.py:151} INFO - [2023-09-22T21:00:33.621+0000] {dagbag.py:539} INFO - Filling up the DagBag from /home/airflow/.local/lib/python3.8/site-packages/airflow/example_dags/example_xcomargs.py
[2023-09-22T21:00:33.625+0000] {processor.py:839} INFO - DAG(s) dict_keys(['example_xcom_args_with_operators', 'example_xcom_args']) retrieved from /home/airflow/.local/lib/python3.8/site-packages/airflow/example_dags/example_xcomargs.py
[2023-09-22T21:00:33.638+0000] {logging_mixin.py:151} INFO - [2023-09-22T21:00:33.638+0000] {dag.py:2907} INFO - Sync 2 DAGs
[2023-09-22T21:00:33.644+0000] {logging_mixin.py:151} INFO - [2023-09-22T21:00:33.644+0000] {dag.py:3677} INFO - Setting next_dagrun for example_xcom_args to None, run_after=None
[2023-09-22T21:00:33.646+0000] {logging_mixin.py:151} INFO - [2023-09-22T21:00:33.646+0000] {dag.py:3677} INFO - Setting next_dagrun for example_xcom_args_with_operators to None, run_after=None
[2023-09-22T21:00:33.653+0000] {processor.py:179} INFO - Processing /home/airflow/.local/lib/python3.8/site-packages/airflow/example_dags/example_xcomargs.py took 0.036 seconds
[2023-09-22T22:21:53.274+0000] {processor.py:157} INFO - Started process (PID=14668) to work on /home/airflow/.local/lib/python3.8/site-packages/airflow/example_dags/example_xcomargs.py
[2023-09-22T22:21:53.275+0000] {processor.py:829} INFO - Processing file /home/airflow/.local/lib/python3.8/site-packages/airflow/example_dags/example_xcomargs.py for tasks to queue
[2023-09-22T22:21:53.276+0000] {logging_mixin.py:151} INFO - [2023-09-22T22:21:53.276+0000] {dagbag.py:539} INFO - Filling up the DagBag from /home/airflow/.local/lib/python3.8/site-packages/airflow/example_dags/example_xcomargs.py
[2023-09-22T22:21:53.281+0000] {processor.py:839} INFO - DAG(s) dict_keys(['example_xcom_args', 'example_xcom_args_with_operators']) retrieved from /home/airflow/.local/lib/python3.8/site-packages/airflow/example_dags/example_xcomargs.py
[2023-09-22T22:21:53.293+0000] {logging_mixin.py:151} INFO - [2023-09-22T22:21:53.292+0000] {dag.py:2907} INFO - Sync 2 DAGs
[2023-09-22T22:21:53.299+0000] {logging_mixin.py:151} INFO - [2023-09-22T22:21:53.299+0000] {dag.py:3677} INFO - Setting next_dagrun for example_xcom_args to None, run_after=None
[2023-09-22T22:21:53.300+0000] {logging_mixin.py:151} INFO - [2023-09-22T22:21:53.300+0000] {dag.py:3677} INFO - Setting next_dagrun for example_xcom_args_with_operators to None, run_after=None
[2023-09-22T22:21:53.307+0000] {processor.py:179} INFO - Processing /home/airflow/.local/lib/python3.8/site-packages/airflow/example_dags/example_xcomargs.py took 0.035 seconds
[2023-09-22T23:59:51.826+0000] {processor.py:157} INFO - Started process (PID=14715) to work on /home/airflow/.local/lib/python3.8/site-packages/airflow/example_dags/example_xcomargs.py
[2023-09-22T23:59:51.827+0000] {processor.py:829} INFO - Processing file /home/airflow/.local/lib/python3.8/site-packages/airflow/example_dags/example_xcomargs.py for tasks to queue
[2023-09-22T23:59:51.828+0000] {logging_mixin.py:151} INFO - [2023-09-22T23:59:51.828+0000] {dagbag.py:539} INFO - Filling up the DagBag from /home/airflow/.local/lib/python3.8/site-packages/airflow/example_dags/example_xcomargs.py
[2023-09-22T23:59:51.833+0000] {processor.py:839} INFO - DAG(s) dict_keys(['example_xcom_args_with_operators', 'example_xcom_args']) retrieved from /home/airflow/.local/lib/python3.8/site-packages/airflow/example_dags/example_xcomargs.py
[2023-09-22T23:59:51.846+0000] {logging_mixin.py:151} INFO - [2023-09-22T23:59:51.846+0000] {dag.py:2907} INFO - Sync 2 DAGs
[2023-09-22T23:59:51.853+0000] {logging_mixin.py:151} INFO - [2023-09-22T23:59:51.853+0000] {dag.py:3677} INFO - Setting next_dagrun for example_xcom_args to None, run_after=None
[2023-09-22T23:59:51.855+0000] {logging_mixin.py:151} INFO - [2023-09-22T23:59:51.855+0000] {dag.py:3677} INFO - Setting next_dagrun for example_xcom_args_with_operators to None, run_after=None
[2023-09-22T23:59:51.862+0000] {processor.py:179} INFO - Processing /home/airflow/.local/lib/python3.8/site-packages/airflow/example_dags/example_xcomargs.py took 0.038 seconds
