[2023-09-22T01:06:22.013+0000] {processor.py:157} INFO - Started process (PID=13845) to work on /home/airflow/.local/lib/python3.8/site-packages/airflow/example_dags/example_setup_teardown_taskflow.py
[2023-09-22T01:06:22.014+0000] {processor.py:829} INFO - Processing file /home/airflow/.local/lib/python3.8/site-packages/airflow/example_dags/example_setup_teardown_taskflow.py for tasks to queue
[2023-09-22T01:06:22.015+0000] {logging_mixin.py:151} INFO - [2023-09-22T01:06:22.015+0000] {dagbag.py:539} INFO - Filling up the DagBag from /home/airflow/.local/lib/python3.8/site-packages/airflow/example_dags/example_setup_teardown_taskflow.py
[2023-09-22T01:06:22.020+0000] {processor.py:839} INFO - DAG(s) dict_keys(['example_setup_teardown_taskflow']) retrieved from /home/airflow/.local/lib/python3.8/site-packages/airflow/example_dags/example_setup_teardown_taskflow.py
[2023-09-22T01:06:22.031+0000] {logging_mixin.py:151} INFO - [2023-09-22T01:06:22.031+0000] {dag.py:2907} INFO - Sync 1 DAGs
[2023-09-22T01:06:22.041+0000] {logging_mixin.py:151} INFO - [2023-09-22T01:06:22.041+0000] {dag.py:3677} INFO - Setting next_dagrun for example_setup_teardown_taskflow to 2023-09-21T01:06:22.041386+00:00, run_after=2023-09-22T01:06:22.041386+00:00
[2023-09-22T01:06:22.048+0000] {processor.py:179} INFO - Processing /home/airflow/.local/lib/python3.8/site-packages/airflow/example_dags/example_setup_teardown_taskflow.py took 0.037 seconds
[2023-09-22T01:26:59.788+0000] {processor.py:157} INFO - Started process (PID=13892) to work on /home/airflow/.local/lib/python3.8/site-packages/airflow/example_dags/example_setup_teardown_taskflow.py
[2023-09-22T01:26:59.789+0000] {processor.py:829} INFO - Processing file /home/airflow/.local/lib/python3.8/site-packages/airflow/example_dags/example_setup_teardown_taskflow.py for tasks to queue
[2023-09-22T01:26:59.791+0000] {logging_mixin.py:151} INFO - [2023-09-22T01:26:59.790+0000] {dagbag.py:539} INFO - Filling up the DagBag from /home/airflow/.local/lib/python3.8/site-packages/airflow/example_dags/example_setup_teardown_taskflow.py
[2023-09-22T01:26:59.800+0000] {processor.py:839} INFO - DAG(s) dict_keys(['example_setup_teardown_taskflow']) retrieved from /home/airflow/.local/lib/python3.8/site-packages/airflow/example_dags/example_setup_teardown_taskflow.py
[2023-09-22T01:26:59.811+0000] {logging_mixin.py:151} INFO - [2023-09-22T01:26:59.810+0000] {dag.py:2907} INFO - Sync 1 DAGs
[2023-09-22T01:26:59.821+0000] {logging_mixin.py:151} INFO - [2023-09-22T01:26:59.821+0000] {dag.py:3677} INFO - Setting next_dagrun for example_setup_teardown_taskflow to 2023-09-21T01:26:59.820998+00:00, run_after=2023-09-22T01:26:59.820998+00:00
[2023-09-22T01:26:59.828+0000] {processor.py:179} INFO - Processing /home/airflow/.local/lib/python3.8/site-packages/airflow/example_dags/example_setup_teardown_taskflow.py took 0.041 seconds
[2023-09-22T01:35:28.899+0000] {processor.py:157} INFO - Started process (PID=13939) to work on /home/airflow/.local/lib/python3.8/site-packages/airflow/example_dags/example_setup_teardown_taskflow.py
[2023-09-22T01:35:28.899+0000] {processor.py:829} INFO - Processing file /home/airflow/.local/lib/python3.8/site-packages/airflow/example_dags/example_setup_teardown_taskflow.py for tasks to queue
[2023-09-22T01:35:28.901+0000] {logging_mixin.py:151} INFO - [2023-09-22T01:35:28.901+0000] {dagbag.py:539} INFO - Filling up the DagBag from /home/airflow/.local/lib/python3.8/site-packages/airflow/example_dags/example_setup_teardown_taskflow.py
[2023-09-22T01:35:28.906+0000] {processor.py:839} INFO - DAG(s) dict_keys(['example_setup_teardown_taskflow']) retrieved from /home/airflow/.local/lib/python3.8/site-packages/airflow/example_dags/example_setup_teardown_taskflow.py
[2023-09-22T01:35:28.917+0000] {logging_mixin.py:151} INFO - [2023-09-22T01:35:28.917+0000] {dag.py:2907} INFO - Sync 1 DAGs
[2023-09-22T01:35:28.926+0000] {logging_mixin.py:151} INFO - [2023-09-22T01:35:28.926+0000] {dag.py:3677} INFO - Setting next_dagrun for example_setup_teardown_taskflow to 2023-09-21T01:35:28.926535+00:00, run_after=2023-09-22T01:35:28.926535+00:00
[2023-09-22T01:35:28.933+0000] {processor.py:179} INFO - Processing /home/airflow/.local/lib/python3.8/site-packages/airflow/example_dags/example_setup_teardown_taskflow.py took 0.037 seconds
[2023-09-22T02:41:17.161+0000] {processor.py:157} INFO - Started process (PID=13986) to work on /home/airflow/.local/lib/python3.8/site-packages/airflow/example_dags/example_setup_teardown_taskflow.py
[2023-09-22T02:41:17.162+0000] {processor.py:829} INFO - Processing file /home/airflow/.local/lib/python3.8/site-packages/airflow/example_dags/example_setup_teardown_taskflow.py for tasks to queue
[2023-09-22T02:41:17.163+0000] {logging_mixin.py:151} INFO - [2023-09-22T02:41:17.163+0000] {dagbag.py:539} INFO - Filling up the DagBag from /home/airflow/.local/lib/python3.8/site-packages/airflow/example_dags/example_setup_teardown_taskflow.py
[2023-09-22T02:41:17.168+0000] {processor.py:839} INFO - DAG(s) dict_keys(['example_setup_teardown_taskflow']) retrieved from /home/airflow/.local/lib/python3.8/site-packages/airflow/example_dags/example_setup_teardown_taskflow.py
[2023-09-22T02:41:17.178+0000] {logging_mixin.py:151} INFO - [2023-09-22T02:41:17.178+0000] {dag.py:2907} INFO - Sync 1 DAGs
[2023-09-22T02:41:17.188+0000] {logging_mixin.py:151} INFO - [2023-09-22T02:41:17.188+0000] {dag.py:3677} INFO - Setting next_dagrun for example_setup_teardown_taskflow to 2023-09-21T02:41:17.188708+00:00, run_after=2023-09-22T02:41:17.188708+00:00
[2023-09-22T02:41:17.196+0000] {processor.py:179} INFO - Processing /home/airflow/.local/lib/python3.8/site-packages/airflow/example_dags/example_setup_teardown_taskflow.py took 0.037 seconds
[2023-09-22T04:02:55.585+0000] {processor.py:157} INFO - Started process (PID=14033) to work on /home/airflow/.local/lib/python3.8/site-packages/airflow/example_dags/example_setup_teardown_taskflow.py
[2023-09-22T04:02:55.586+0000] {processor.py:829} INFO - Processing file /home/airflow/.local/lib/python3.8/site-packages/airflow/example_dags/example_setup_teardown_taskflow.py for tasks to queue
[2023-09-22T04:02:55.587+0000] {logging_mixin.py:151} INFO - [2023-09-22T04:02:55.587+0000] {dagbag.py:539} INFO - Filling up the DagBag from /home/airflow/.local/lib/python3.8/site-packages/airflow/example_dags/example_setup_teardown_taskflow.py
[2023-09-22T04:02:55.592+0000] {processor.py:839} INFO - DAG(s) dict_keys(['example_setup_teardown_taskflow']) retrieved from /home/airflow/.local/lib/python3.8/site-packages/airflow/example_dags/example_setup_teardown_taskflow.py
[2023-09-22T04:02:55.603+0000] {logging_mixin.py:151} INFO - [2023-09-22T04:02:55.603+0000] {dag.py:2907} INFO - Sync 1 DAGs
[2023-09-22T04:02:55.613+0000] {logging_mixin.py:151} INFO - [2023-09-22T04:02:55.613+0000] {dag.py:3677} INFO - Setting next_dagrun for example_setup_teardown_taskflow to 2023-09-21T04:02:55.613422+00:00, run_after=2023-09-22T04:02:55.613422+00:00
[2023-09-22T04:02:55.621+0000] {processor.py:179} INFO - Processing /home/airflow/.local/lib/python3.8/site-packages/airflow/example_dags/example_setup_teardown_taskflow.py took 0.037 seconds
[2023-09-22T05:38:44.459+0000] {processor.py:157} INFO - Started process (PID=14080) to work on /home/airflow/.local/lib/python3.8/site-packages/airflow/example_dags/example_setup_teardown_taskflow.py
[2023-09-22T05:38:44.459+0000] {processor.py:829} INFO - Processing file /home/airflow/.local/lib/python3.8/site-packages/airflow/example_dags/example_setup_teardown_taskflow.py for tasks to queue
[2023-09-22T05:38:44.460+0000] {logging_mixin.py:151} INFO - [2023-09-22T05:38:44.460+0000] {dagbag.py:539} INFO - Filling up the DagBag from /home/airflow/.local/lib/python3.8/site-packages/airflow/example_dags/example_setup_teardown_taskflow.py
[2023-09-22T05:38:44.465+0000] {processor.py:839} INFO - DAG(s) dict_keys(['example_setup_teardown_taskflow']) retrieved from /home/airflow/.local/lib/python3.8/site-packages/airflow/example_dags/example_setup_teardown_taskflow.py
[2023-09-22T05:38:44.475+0000] {logging_mixin.py:151} INFO - [2023-09-22T05:38:44.475+0000] {dag.py:2907} INFO - Sync 1 DAGs
[2023-09-22T05:38:44.485+0000] {logging_mixin.py:151} INFO - [2023-09-22T05:38:44.485+0000] {dag.py:3677} INFO - Setting next_dagrun for example_setup_teardown_taskflow to 2023-09-21T05:38:44.485060+00:00, run_after=2023-09-22T05:38:44.485060+00:00
[2023-09-22T05:38:44.492+0000] {processor.py:179} INFO - Processing /home/airflow/.local/lib/python3.8/site-packages/airflow/example_dags/example_setup_teardown_taskflow.py took 0.036 seconds
[2023-09-22T07:01:38.981+0000] {processor.py:157} INFO - Started process (PID=14127) to work on /home/airflow/.local/lib/python3.8/site-packages/airflow/example_dags/example_setup_teardown_taskflow.py
[2023-09-22T07:01:38.981+0000] {processor.py:829} INFO - Processing file /home/airflow/.local/lib/python3.8/site-packages/airflow/example_dags/example_setup_teardown_taskflow.py for tasks to queue
[2023-09-22T07:01:38.983+0000] {logging_mixin.py:151} INFO - [2023-09-22T07:01:38.982+0000] {dagbag.py:539} INFO - Filling up the DagBag from /home/airflow/.local/lib/python3.8/site-packages/airflow/example_dags/example_setup_teardown_taskflow.py
[2023-09-22T07:01:38.988+0000] {processor.py:839} INFO - DAG(s) dict_keys(['example_setup_teardown_taskflow']) retrieved from /home/airflow/.local/lib/python3.8/site-packages/airflow/example_dags/example_setup_teardown_taskflow.py
[2023-09-22T07:01:39.000+0000] {logging_mixin.py:151} INFO - [2023-09-22T07:01:39.000+0000] {dag.py:2907} INFO - Sync 1 DAGs
[2023-09-22T07:01:39.010+0000] {logging_mixin.py:151} INFO - [2023-09-22T07:01:39.010+0000] {dag.py:3677} INFO - Setting next_dagrun for example_setup_teardown_taskflow to 2023-09-21T07:01:39.010548+00:00, run_after=2023-09-22T07:01:39.010548+00:00
[2023-09-22T07:01:39.017+0000] {processor.py:179} INFO - Processing /home/airflow/.local/lib/python3.8/site-packages/airflow/example_dags/example_setup_teardown_taskflow.py took 0.038 seconds
[2023-09-22T08:27:04.832+0000] {processor.py:157} INFO - Started process (PID=14174) to work on /home/airflow/.local/lib/python3.8/site-packages/airflow/example_dags/example_setup_teardown_taskflow.py
[2023-09-22T08:27:04.833+0000] {processor.py:829} INFO - Processing file /home/airflow/.local/lib/python3.8/site-packages/airflow/example_dags/example_setup_teardown_taskflow.py for tasks to queue
[2023-09-22T08:27:04.834+0000] {logging_mixin.py:151} INFO - [2023-09-22T08:27:04.834+0000] {dagbag.py:539} INFO - Filling up the DagBag from /home/airflow/.local/lib/python3.8/site-packages/airflow/example_dags/example_setup_teardown_taskflow.py
[2023-09-22T08:27:04.839+0000] {processor.py:839} INFO - DAG(s) dict_keys(['example_setup_teardown_taskflow']) retrieved from /home/airflow/.local/lib/python3.8/site-packages/airflow/example_dags/example_setup_teardown_taskflow.py
[2023-09-22T08:27:04.850+0000] {logging_mixin.py:151} INFO - [2023-09-22T08:27:04.850+0000] {dag.py:2907} INFO - Sync 1 DAGs
[2023-09-22T08:27:04.860+0000] {logging_mixin.py:151} INFO - [2023-09-22T08:27:04.860+0000] {dag.py:3677} INFO - Setting next_dagrun for example_setup_teardown_taskflow to 2023-09-21T08:27:04.859928+00:00, run_after=2023-09-22T08:27:04.859928+00:00
[2023-09-22T08:27:04.867+0000] {processor.py:179} INFO - Processing /home/airflow/.local/lib/python3.8/site-packages/airflow/example_dags/example_setup_teardown_taskflow.py took 0.036 seconds
[2023-09-22T09:32:31.018+0000] {processor.py:157} INFO - Started process (PID=14221) to work on /home/airflow/.local/lib/python3.8/site-packages/airflow/example_dags/example_setup_teardown_taskflow.py
[2023-09-22T09:32:31.018+0000] {processor.py:829} INFO - Processing file /home/airflow/.local/lib/python3.8/site-packages/airflow/example_dags/example_setup_teardown_taskflow.py for tasks to queue
[2023-09-22T09:32:31.019+0000] {logging_mixin.py:151} INFO - [2023-09-22T09:32:31.019+0000] {dagbag.py:539} INFO - Filling up the DagBag from /home/airflow/.local/lib/python3.8/site-packages/airflow/example_dags/example_setup_teardown_taskflow.py
[2023-09-22T09:32:31.024+0000] {processor.py:839} INFO - DAG(s) dict_keys(['example_setup_teardown_taskflow']) retrieved from /home/airflow/.local/lib/python3.8/site-packages/airflow/example_dags/example_setup_teardown_taskflow.py
[2023-09-22T09:32:31.035+0000] {logging_mixin.py:151} INFO - [2023-09-22T09:32:31.035+0000] {dag.py:2907} INFO - Sync 1 DAGs
[2023-09-22T09:32:31.047+0000] {logging_mixin.py:151} INFO - [2023-09-22T09:32:31.047+0000] {dag.py:3677} INFO - Setting next_dagrun for example_setup_teardown_taskflow to 2023-09-21T09:32:31.047101+00:00, run_after=2023-09-22T09:32:31.047101+00:00
[2023-09-22T09:32:31.055+0000] {processor.py:179} INFO - Processing /home/airflow/.local/lib/python3.8/site-packages/airflow/example_dags/example_setup_teardown_taskflow.py took 0.039 seconds
[2023-09-22T09:50:52.977+0000] {processor.py:157} INFO - Started process (PID=14268) to work on /home/airflow/.local/lib/python3.8/site-packages/airflow/example_dags/example_setup_teardown_taskflow.py
[2023-09-22T09:50:52.978+0000] {processor.py:829} INFO - Processing file /home/airflow/.local/lib/python3.8/site-packages/airflow/example_dags/example_setup_teardown_taskflow.py for tasks to queue
[2023-09-22T09:50:52.979+0000] {logging_mixin.py:151} INFO - [2023-09-22T09:50:52.979+0000] {dagbag.py:539} INFO - Filling up the DagBag from /home/airflow/.local/lib/python3.8/site-packages/airflow/example_dags/example_setup_teardown_taskflow.py
[2023-09-22T09:50:52.987+0000] {processor.py:839} INFO - DAG(s) dict_keys(['example_setup_teardown_taskflow']) retrieved from /home/airflow/.local/lib/python3.8/site-packages/airflow/example_dags/example_setup_teardown_taskflow.py
[2023-09-22T09:50:52.999+0000] {logging_mixin.py:151} INFO - [2023-09-22T09:50:52.999+0000] {dag.py:2907} INFO - Sync 1 DAGs
[2023-09-22T09:50:53.019+0000] {logging_mixin.py:151} INFO - [2023-09-22T09:50:53.019+0000] {dag.py:3677} INFO - Setting next_dagrun for example_setup_teardown_taskflow to 2023-09-21T09:50:53.018921+00:00, run_after=2023-09-22T09:50:53.018921+00:00
[2023-09-22T09:50:53.028+0000] {processor.py:179} INFO - Processing /home/airflow/.local/lib/python3.8/site-packages/airflow/example_dags/example_setup_teardown_taskflow.py took 0.053 seconds
[2023-09-22T10:29:17.598+0000] {processor.py:157} INFO - Started process (PID=14315) to work on /home/airflow/.local/lib/python3.8/site-packages/airflow/example_dags/example_setup_teardown_taskflow.py
[2023-09-22T10:29:17.599+0000] {processor.py:829} INFO - Processing file /home/airflow/.local/lib/python3.8/site-packages/airflow/example_dags/example_setup_teardown_taskflow.py for tasks to queue
[2023-09-22T10:29:17.600+0000] {logging_mixin.py:151} INFO - [2023-09-22T10:29:17.600+0000] {dagbag.py:539} INFO - Filling up the DagBag from /home/airflow/.local/lib/python3.8/site-packages/airflow/example_dags/example_setup_teardown_taskflow.py
[2023-09-22T10:29:17.606+0000] {processor.py:839} INFO - DAG(s) dict_keys(['example_setup_teardown_taskflow']) retrieved from /home/airflow/.local/lib/python3.8/site-packages/airflow/example_dags/example_setup_teardown_taskflow.py
[2023-09-22T10:29:17.617+0000] {logging_mixin.py:151} INFO - [2023-09-22T10:29:17.617+0000] {dag.py:2907} INFO - Sync 1 DAGs
[2023-09-22T10:29:17.627+0000] {logging_mixin.py:151} INFO - [2023-09-22T10:29:17.627+0000] {dag.py:3677} INFO - Setting next_dagrun for example_setup_teardown_taskflow to 2023-09-21T10:29:17.627042+00:00, run_after=2023-09-22T10:29:17.627042+00:00
[2023-09-22T10:29:17.634+0000] {processor.py:179} INFO - Processing /home/airflow/.local/lib/python3.8/site-packages/airflow/example_dags/example_setup_teardown_taskflow.py took 0.038 seconds
[2023-09-22T11:35:45.421+0000] {processor.py:157} INFO - Started process (PID=14362) to work on /home/airflow/.local/lib/python3.8/site-packages/airflow/example_dags/example_setup_teardown_taskflow.py
[2023-09-22T11:35:45.421+0000] {processor.py:829} INFO - Processing file /home/airflow/.local/lib/python3.8/site-packages/airflow/example_dags/example_setup_teardown_taskflow.py for tasks to queue
[2023-09-22T11:35:45.422+0000] {logging_mixin.py:151} INFO - [2023-09-22T11:35:45.422+0000] {dagbag.py:539} INFO - Filling up the DagBag from /home/airflow/.local/lib/python3.8/site-packages/airflow/example_dags/example_setup_teardown_taskflow.py
[2023-09-22T11:35:45.428+0000] {processor.py:839} INFO - DAG(s) dict_keys(['example_setup_teardown_taskflow']) retrieved from /home/airflow/.local/lib/python3.8/site-packages/airflow/example_dags/example_setup_teardown_taskflow.py
[2023-09-22T11:35:45.439+0000] {logging_mixin.py:151} INFO - [2023-09-22T11:35:45.438+0000] {dag.py:2907} INFO - Sync 1 DAGs
[2023-09-22T11:35:45.449+0000] {logging_mixin.py:151} INFO - [2023-09-22T11:35:45.449+0000] {dag.py:3677} INFO - Setting next_dagrun for example_setup_teardown_taskflow to 2023-09-21T11:35:45.449246+00:00, run_after=2023-09-22T11:35:45.449246+00:00
[2023-09-22T11:35:45.456+0000] {processor.py:179} INFO - Processing /home/airflow/.local/lib/python3.8/site-packages/airflow/example_dags/example_setup_teardown_taskflow.py took 0.038 seconds
[2023-09-22T12:57:18.726+0000] {processor.py:157} INFO - Started process (PID=14409) to work on /home/airflow/.local/lib/python3.8/site-packages/airflow/example_dags/example_setup_teardown_taskflow.py
[2023-09-22T12:57:18.726+0000] {processor.py:829} INFO - Processing file /home/airflow/.local/lib/python3.8/site-packages/airflow/example_dags/example_setup_teardown_taskflow.py for tasks to queue
[2023-09-22T12:57:18.728+0000] {logging_mixin.py:151} INFO - [2023-09-22T12:57:18.727+0000] {dagbag.py:539} INFO - Filling up the DagBag from /home/airflow/.local/lib/python3.8/site-packages/airflow/example_dags/example_setup_teardown_taskflow.py
[2023-09-22T12:57:18.732+0000] {processor.py:839} INFO - DAG(s) dict_keys(['example_setup_teardown_taskflow']) retrieved from /home/airflow/.local/lib/python3.8/site-packages/airflow/example_dags/example_setup_teardown_taskflow.py
[2023-09-22T12:57:18.743+0000] {logging_mixin.py:151} INFO - [2023-09-22T12:57:18.743+0000] {dag.py:2907} INFO - Sync 1 DAGs
[2023-09-22T12:57:18.753+0000] {logging_mixin.py:151} INFO - [2023-09-22T12:57:18.752+0000] {dag.py:3677} INFO - Setting next_dagrun for example_setup_teardown_taskflow to 2023-09-21T12:57:18.752851+00:00, run_after=2023-09-22T12:57:18.752851+00:00
[2023-09-22T12:57:18.760+0000] {processor.py:179} INFO - Processing /home/airflow/.local/lib/python3.8/site-packages/airflow/example_dags/example_setup_teardown_taskflow.py took 0.036 seconds
[2023-09-22T14:36:58.045+0000] {processor.py:157} INFO - Started process (PID=14456) to work on /home/airflow/.local/lib/python3.8/site-packages/airflow/example_dags/example_setup_teardown_taskflow.py
[2023-09-22T14:36:58.045+0000] {processor.py:829} INFO - Processing file /home/airflow/.local/lib/python3.8/site-packages/airflow/example_dags/example_setup_teardown_taskflow.py for tasks to queue
[2023-09-22T14:36:58.046+0000] {logging_mixin.py:151} INFO - [2023-09-22T14:36:58.046+0000] {dagbag.py:539} INFO - Filling up the DagBag from /home/airflow/.local/lib/python3.8/site-packages/airflow/example_dags/example_setup_teardown_taskflow.py
[2023-09-22T14:36:58.051+0000] {processor.py:839} INFO - DAG(s) dict_keys(['example_setup_teardown_taskflow']) retrieved from /home/airflow/.local/lib/python3.8/site-packages/airflow/example_dags/example_setup_teardown_taskflow.py
[2023-09-22T14:36:58.062+0000] {logging_mixin.py:151} INFO - [2023-09-22T14:36:58.062+0000] {dag.py:2907} INFO - Sync 1 DAGs
[2023-09-22T14:36:58.072+0000] {logging_mixin.py:151} INFO - [2023-09-22T14:36:58.072+0000] {dag.py:3677} INFO - Setting next_dagrun for example_setup_teardown_taskflow to 2023-09-21T14:36:58.072613+00:00, run_after=2023-09-22T14:36:58.072613+00:00
[2023-09-22T14:36:58.080+0000] {processor.py:179} INFO - Processing /home/airflow/.local/lib/python3.8/site-packages/airflow/example_dags/example_setup_teardown_taskflow.py took 0.037 seconds
[2023-09-22T16:18:36.664+0000] {processor.py:157} INFO - Started process (PID=14503) to work on /home/airflow/.local/lib/python3.8/site-packages/airflow/example_dags/example_setup_teardown_taskflow.py
[2023-09-22T16:18:36.665+0000] {processor.py:829} INFO - Processing file /home/airflow/.local/lib/python3.8/site-packages/airflow/example_dags/example_setup_teardown_taskflow.py for tasks to queue
[2023-09-22T16:18:36.666+0000] {logging_mixin.py:151} INFO - [2023-09-22T16:18:36.666+0000] {dagbag.py:539} INFO - Filling up the DagBag from /home/airflow/.local/lib/python3.8/site-packages/airflow/example_dags/example_setup_teardown_taskflow.py
[2023-09-22T16:18:36.671+0000] {processor.py:839} INFO - DAG(s) dict_keys(['example_setup_teardown_taskflow']) retrieved from /home/airflow/.local/lib/python3.8/site-packages/airflow/example_dags/example_setup_teardown_taskflow.py
[2023-09-22T16:18:36.682+0000] {logging_mixin.py:151} INFO - [2023-09-22T16:18:36.681+0000] {dag.py:2907} INFO - Sync 1 DAGs
[2023-09-22T16:18:36.692+0000] {logging_mixin.py:151} INFO - [2023-09-22T16:18:36.692+0000] {dag.py:3677} INFO - Setting next_dagrun for example_setup_teardown_taskflow to 2023-09-21T16:18:36.691921+00:00, run_after=2023-09-22T16:18:36.691921+00:00
[2023-09-22T16:18:36.699+0000] {processor.py:179} INFO - Processing /home/airflow/.local/lib/python3.8/site-packages/airflow/example_dags/example_setup_teardown_taskflow.py took 0.037 seconds
[2023-09-22T17:42:59.876+0000] {processor.py:157} INFO - Started process (PID=14550) to work on /home/airflow/.local/lib/python3.8/site-packages/airflow/example_dags/example_setup_teardown_taskflow.py
[2023-09-22T17:42:59.877+0000] {processor.py:829} INFO - Processing file /home/airflow/.local/lib/python3.8/site-packages/airflow/example_dags/example_setup_teardown_taskflow.py for tasks to queue
[2023-09-22T17:42:59.879+0000] {logging_mixin.py:151} INFO - [2023-09-22T17:42:59.878+0000] {dagbag.py:539} INFO - Filling up the DagBag from /home/airflow/.local/lib/python3.8/site-packages/airflow/example_dags/example_setup_teardown_taskflow.py
[2023-09-22T17:42:59.883+0000] {processor.py:839} INFO - DAG(s) dict_keys(['example_setup_teardown_taskflow']) retrieved from /home/airflow/.local/lib/python3.8/site-packages/airflow/example_dags/example_setup_teardown_taskflow.py
[2023-09-22T17:42:59.894+0000] {logging_mixin.py:151} INFO - [2023-09-22T17:42:59.894+0000] {dag.py:2907} INFO - Sync 1 DAGs
[2023-09-22T17:42:59.904+0000] {logging_mixin.py:151} INFO - [2023-09-22T17:42:59.904+0000] {dag.py:3677} INFO - Setting next_dagrun for example_setup_teardown_taskflow to 2023-09-21T17:42:59.904435+00:00, run_after=2023-09-22T17:42:59.904435+00:00
[2023-09-22T17:42:59.912+0000] {processor.py:179} INFO - Processing /home/airflow/.local/lib/python3.8/site-packages/airflow/example_dags/example_setup_teardown_taskflow.py took 0.038 seconds
[2023-09-22T19:24:06.648+0000] {processor.py:157} INFO - Started process (PID=14597) to work on /home/airflow/.local/lib/python3.8/site-packages/airflow/example_dags/example_setup_teardown_taskflow.py
[2023-09-22T19:24:06.649+0000] {processor.py:829} INFO - Processing file /home/airflow/.local/lib/python3.8/site-packages/airflow/example_dags/example_setup_teardown_taskflow.py for tasks to queue
[2023-09-22T19:24:06.651+0000] {logging_mixin.py:151} INFO - [2023-09-22T19:24:06.650+0000] {dagbag.py:539} INFO - Filling up the DagBag from /home/airflow/.local/lib/python3.8/site-packages/airflow/example_dags/example_setup_teardown_taskflow.py
[2023-09-22T19:24:06.656+0000] {processor.py:839} INFO - DAG(s) dict_keys(['example_setup_teardown_taskflow']) retrieved from /home/airflow/.local/lib/python3.8/site-packages/airflow/example_dags/example_setup_teardown_taskflow.py
[2023-09-22T19:24:06.667+0000] {logging_mixin.py:151} INFO - [2023-09-22T19:24:06.667+0000] {dag.py:2907} INFO - Sync 1 DAGs
[2023-09-22T19:24:06.678+0000] {logging_mixin.py:151} INFO - [2023-09-22T19:24:06.678+0000] {dag.py:3677} INFO - Setting next_dagrun for example_setup_teardown_taskflow to 2023-09-21T19:24:06.677905+00:00, run_after=2023-09-22T19:24:06.677905+00:00
[2023-09-22T19:24:06.685+0000] {processor.py:179} INFO - Processing /home/airflow/.local/lib/python3.8/site-packages/airflow/example_dags/example_setup_teardown_taskflow.py took 0.040 seconds
[2023-09-22T21:00:34.330+0000] {processor.py:157} INFO - Started process (PID=14644) to work on /home/airflow/.local/lib/python3.8/site-packages/airflow/example_dags/example_setup_teardown_taskflow.py
[2023-09-22T21:00:34.331+0000] {processor.py:829} INFO - Processing file /home/airflow/.local/lib/python3.8/site-packages/airflow/example_dags/example_setup_teardown_taskflow.py for tasks to queue
[2023-09-22T21:00:34.332+0000] {logging_mixin.py:151} INFO - [2023-09-22T21:00:34.332+0000] {dagbag.py:539} INFO - Filling up the DagBag from /home/airflow/.local/lib/python3.8/site-packages/airflow/example_dags/example_setup_teardown_taskflow.py
[2023-09-22T21:00:34.337+0000] {processor.py:839} INFO - DAG(s) dict_keys(['example_setup_teardown_taskflow']) retrieved from /home/airflow/.local/lib/python3.8/site-packages/airflow/example_dags/example_setup_teardown_taskflow.py
[2023-09-22T21:00:34.347+0000] {logging_mixin.py:151} INFO - [2023-09-22T21:00:34.347+0000] {dag.py:2907} INFO - Sync 1 DAGs
[2023-09-22T21:00:34.357+0000] {logging_mixin.py:151} INFO - [2023-09-22T21:00:34.357+0000] {dag.py:3677} INFO - Setting next_dagrun for example_setup_teardown_taskflow to 2023-09-21T21:00:34.357268+00:00, run_after=2023-09-22T21:00:34.357268+00:00
[2023-09-22T21:00:34.364+0000] {processor.py:179} INFO - Processing /home/airflow/.local/lib/python3.8/site-packages/airflow/example_dags/example_setup_teardown_taskflow.py took 0.036 seconds
[2023-09-22T22:21:54.026+0000] {processor.py:157} INFO - Started process (PID=14691) to work on /home/airflow/.local/lib/python3.8/site-packages/airflow/example_dags/example_setup_teardown_taskflow.py
[2023-09-22T22:21:54.026+0000] {processor.py:829} INFO - Processing file /home/airflow/.local/lib/python3.8/site-packages/airflow/example_dags/example_setup_teardown_taskflow.py for tasks to queue
[2023-09-22T22:21:54.028+0000] {logging_mixin.py:151} INFO - [2023-09-22T22:21:54.028+0000] {dagbag.py:539} INFO - Filling up the DagBag from /home/airflow/.local/lib/python3.8/site-packages/airflow/example_dags/example_setup_teardown_taskflow.py
[2023-09-22T22:21:54.033+0000] {processor.py:839} INFO - DAG(s) dict_keys(['example_setup_teardown_taskflow']) retrieved from /home/airflow/.local/lib/python3.8/site-packages/airflow/example_dags/example_setup_teardown_taskflow.py
[2023-09-22T22:21:54.043+0000] {logging_mixin.py:151} INFO - [2023-09-22T22:21:54.043+0000] {dag.py:2907} INFO - Sync 1 DAGs
[2023-09-22T22:21:54.053+0000] {logging_mixin.py:151} INFO - [2023-09-22T22:21:54.053+0000] {dag.py:3677} INFO - Setting next_dagrun for example_setup_teardown_taskflow to 2023-09-21T22:21:54.053683+00:00, run_after=2023-09-22T22:21:54.053683+00:00
[2023-09-22T22:21:54.061+0000] {processor.py:179} INFO - Processing /home/airflow/.local/lib/python3.8/site-packages/airflow/example_dags/example_setup_teardown_taskflow.py took 0.037 seconds
[2023-09-22T23:59:52.536+0000] {processor.py:157} INFO - Started process (PID=14738) to work on /home/airflow/.local/lib/python3.8/site-packages/airflow/example_dags/example_setup_teardown_taskflow.py
[2023-09-22T23:59:52.537+0000] {processor.py:829} INFO - Processing file /home/airflow/.local/lib/python3.8/site-packages/airflow/example_dags/example_setup_teardown_taskflow.py for tasks to queue
[2023-09-22T23:59:52.538+0000] {logging_mixin.py:151} INFO - [2023-09-22T23:59:52.538+0000] {dagbag.py:539} INFO - Filling up the DagBag from /home/airflow/.local/lib/python3.8/site-packages/airflow/example_dags/example_setup_teardown_taskflow.py
[2023-09-22T23:59:52.543+0000] {processor.py:839} INFO - DAG(s) dict_keys(['example_setup_teardown_taskflow']) retrieved from /home/airflow/.local/lib/python3.8/site-packages/airflow/example_dags/example_setup_teardown_taskflow.py
[2023-09-22T23:59:52.553+0000] {logging_mixin.py:151} INFO - [2023-09-22T23:59:52.553+0000] {dag.py:2907} INFO - Sync 1 DAGs
[2023-09-22T23:59:52.563+0000] {logging_mixin.py:151} INFO - [2023-09-22T23:59:52.563+0000] {dag.py:3677} INFO - Setting next_dagrun for example_setup_teardown_taskflow to 2023-09-21T23:59:52.563636+00:00, run_after=2023-09-22T23:59:52.563636+00:00
[2023-09-22T23:59:52.571+0000] {processor.py:179} INFO - Processing /home/airflow/.local/lib/python3.8/site-packages/airflow/example_dags/example_setup_teardown_taskflow.py took 0.036 seconds
