[2023-09-22T01:06:21.618+0000] {processor.py:157} INFO - Started process (PID=13831) to work on /home/airflow/.local/lib/python3.8/site-packages/airflow/example_dags/example_short_circuit_operator.py
[2023-09-22T01:06:21.619+0000] {processor.py:829} INFO - Processing file /home/airflow/.local/lib/python3.8/site-packages/airflow/example_dags/example_short_circuit_operator.py for tasks to queue
[2023-09-22T01:06:21.620+0000] {logging_mixin.py:151} INFO - [2023-09-22T01:06:21.620+0000] {dagbag.py:539} INFO - Filling up the DagBag from /home/airflow/.local/lib/python3.8/site-packages/airflow/example_dags/example_short_circuit_operator.py
[2023-09-22T01:06:21.624+0000] {processor.py:839} INFO - DAG(s) dict_keys(['example_short_circuit_operator']) retrieved from /home/airflow/.local/lib/python3.8/site-packages/airflow/example_dags/example_short_circuit_operator.py
[2023-09-22T01:06:21.635+0000] {logging_mixin.py:151} INFO - [2023-09-22T01:06:21.635+0000] {dag.py:2907} INFO - Sync 1 DAGs
[2023-09-22T01:06:21.645+0000] {logging_mixin.py:151} INFO - [2023-09-22T01:06:21.645+0000] {dag.py:3677} INFO - Setting next_dagrun for example_short_circuit_operator to 2023-09-21T01:06:21.645188+00:00, run_after=2023-09-22T01:06:21.645188+00:00
[2023-09-22T01:06:21.652+0000] {processor.py:179} INFO - Processing /home/airflow/.local/lib/python3.8/site-packages/airflow/example_dags/example_short_circuit_operator.py took 0.035 seconds
[2023-09-22T01:26:59.126+0000] {processor.py:157} INFO - Started process (PID=13878) to work on /home/airflow/.local/lib/python3.8/site-packages/airflow/example_dags/example_short_circuit_operator.py
[2023-09-22T01:26:59.127+0000] {processor.py:829} INFO - Processing file /home/airflow/.local/lib/python3.8/site-packages/airflow/example_dags/example_short_circuit_operator.py for tasks to queue
[2023-09-22T01:26:59.129+0000] {logging_mixin.py:151} INFO - [2023-09-22T01:26:59.129+0000] {dagbag.py:539} INFO - Filling up the DagBag from /home/airflow/.local/lib/python3.8/site-packages/airflow/example_dags/example_short_circuit_operator.py
[2023-09-22T01:26:59.136+0000] {processor.py:839} INFO - DAG(s) dict_keys(['example_short_circuit_operator']) retrieved from /home/airflow/.local/lib/python3.8/site-packages/airflow/example_dags/example_short_circuit_operator.py
[2023-09-22T01:26:59.152+0000] {logging_mixin.py:151} INFO - [2023-09-22T01:26:59.152+0000] {dag.py:2907} INFO - Sync 1 DAGs
[2023-09-22T01:26:59.164+0000] {logging_mixin.py:151} INFO - [2023-09-22T01:26:59.164+0000] {dag.py:3677} INFO - Setting next_dagrun for example_short_circuit_operator to 2023-09-21T01:26:59.164034+00:00, run_after=2023-09-22T01:26:59.164034+00:00
[2023-09-22T01:26:59.171+0000] {processor.py:179} INFO - Processing /home/airflow/.local/lib/python3.8/site-packages/airflow/example_dags/example_short_circuit_operator.py took 0.049 seconds
[2023-09-22T01:35:28.485+0000] {processor.py:157} INFO - Started process (PID=13925) to work on /home/airflow/.local/lib/python3.8/site-packages/airflow/example_dags/example_short_circuit_operator.py
[2023-09-22T01:35:28.485+0000] {processor.py:829} INFO - Processing file /home/airflow/.local/lib/python3.8/site-packages/airflow/example_dags/example_short_circuit_operator.py for tasks to queue
[2023-09-22T01:35:28.487+0000] {logging_mixin.py:151} INFO - [2023-09-22T01:35:28.486+0000] {dagbag.py:539} INFO - Filling up the DagBag from /home/airflow/.local/lib/python3.8/site-packages/airflow/example_dags/example_short_circuit_operator.py
[2023-09-22T01:35:28.490+0000] {processor.py:839} INFO - DAG(s) dict_keys(['example_short_circuit_operator']) retrieved from /home/airflow/.local/lib/python3.8/site-packages/airflow/example_dags/example_short_circuit_operator.py
[2023-09-22T01:35:28.501+0000] {logging_mixin.py:151} INFO - [2023-09-22T01:35:28.501+0000] {dag.py:2907} INFO - Sync 1 DAGs
[2023-09-22T01:35:28.510+0000] {logging_mixin.py:151} INFO - [2023-09-22T01:35:28.510+0000] {dag.py:3677} INFO - Setting next_dagrun for example_short_circuit_operator to 2023-09-21T01:35:28.510387+00:00, run_after=2023-09-22T01:35:28.510387+00:00
[2023-09-22T01:35:28.517+0000] {processor.py:179} INFO - Processing /home/airflow/.local/lib/python3.8/site-packages/airflow/example_dags/example_short_circuit_operator.py took 0.034 seconds
[2023-09-22T02:41:16.666+0000] {processor.py:157} INFO - Started process (PID=13972) to work on /home/airflow/.local/lib/python3.8/site-packages/airflow/example_dags/example_short_circuit_operator.py
[2023-09-22T02:41:16.667+0000] {processor.py:829} INFO - Processing file /home/airflow/.local/lib/python3.8/site-packages/airflow/example_dags/example_short_circuit_operator.py for tasks to queue
[2023-09-22T02:41:16.668+0000] {logging_mixin.py:151} INFO - [2023-09-22T02:41:16.668+0000] {dagbag.py:539} INFO - Filling up the DagBag from /home/airflow/.local/lib/python3.8/site-packages/airflow/example_dags/example_short_circuit_operator.py
[2023-09-22T02:41:16.673+0000] {processor.py:839} INFO - DAG(s) dict_keys(['example_short_circuit_operator']) retrieved from /home/airflow/.local/lib/python3.8/site-packages/airflow/example_dags/example_short_circuit_operator.py
[2023-09-22T02:41:16.688+0000] {logging_mixin.py:151} INFO - [2023-09-22T02:41:16.688+0000] {dag.py:2907} INFO - Sync 1 DAGs
[2023-09-22T02:41:16.701+0000] {logging_mixin.py:151} INFO - [2023-09-22T02:41:16.701+0000] {dag.py:3677} INFO - Setting next_dagrun for example_short_circuit_operator to 2023-09-21T02:41:16.700987+00:00, run_after=2023-09-22T02:41:16.700987+00:00
[2023-09-22T02:41:16.708+0000] {processor.py:179} INFO - Processing /home/airflow/.local/lib/python3.8/site-packages/airflow/example_dags/example_short_circuit_operator.py took 0.044 seconds
[2023-09-22T04:02:55.043+0000] {processor.py:157} INFO - Started process (PID=14019) to work on /home/airflow/.local/lib/python3.8/site-packages/airflow/example_dags/example_short_circuit_operator.py
[2023-09-22T04:02:55.044+0000] {processor.py:829} INFO - Processing file /home/airflow/.local/lib/python3.8/site-packages/airflow/example_dags/example_short_circuit_operator.py for tasks to queue
[2023-09-22T04:02:55.045+0000] {logging_mixin.py:151} INFO - [2023-09-22T04:02:55.045+0000] {dagbag.py:539} INFO - Filling up the DagBag from /home/airflow/.local/lib/python3.8/site-packages/airflow/example_dags/example_short_circuit_operator.py
[2023-09-22T04:02:55.049+0000] {processor.py:839} INFO - DAG(s) dict_keys(['example_short_circuit_operator']) retrieved from /home/airflow/.local/lib/python3.8/site-packages/airflow/example_dags/example_short_circuit_operator.py
[2023-09-22T04:02:55.060+0000] {logging_mixin.py:151} INFO - [2023-09-22T04:02:55.059+0000] {dag.py:2907} INFO - Sync 1 DAGs
[2023-09-22T04:02:55.069+0000] {logging_mixin.py:151} INFO - [2023-09-22T04:02:55.069+0000] {dag.py:3677} INFO - Setting next_dagrun for example_short_circuit_operator to 2023-09-21T04:02:55.068908+00:00, run_after=2023-09-22T04:02:55.068908+00:00
[2023-09-22T04:02:55.076+0000] {processor.py:179} INFO - Processing /home/airflow/.local/lib/python3.8/site-packages/airflow/example_dags/example_short_circuit_operator.py took 0.035 seconds
[2023-09-22T05:38:43.991+0000] {processor.py:157} INFO - Started process (PID=14066) to work on /home/airflow/.local/lib/python3.8/site-packages/airflow/example_dags/example_short_circuit_operator.py
[2023-09-22T05:38:43.999+0000] {processor.py:829} INFO - Processing file /home/airflow/.local/lib/python3.8/site-packages/airflow/example_dags/example_short_circuit_operator.py for tasks to queue
[2023-09-22T05:38:44.004+0000] {logging_mixin.py:151} INFO - [2023-09-22T05:38:44.004+0000] {dagbag.py:539} INFO - Filling up the DagBag from /home/airflow/.local/lib/python3.8/site-packages/airflow/example_dags/example_short_circuit_operator.py
[2023-09-22T05:38:44.019+0000] {processor.py:839} INFO - DAG(s) dict_keys(['example_short_circuit_operator']) retrieved from /home/airflow/.local/lib/python3.8/site-packages/airflow/example_dags/example_short_circuit_operator.py
[2023-09-22T05:38:44.053+0000] {logging_mixin.py:151} INFO - [2023-09-22T05:38:44.053+0000] {dag.py:2907} INFO - Sync 1 DAGs
[2023-09-22T05:38:44.081+0000] {logging_mixin.py:151} INFO - [2023-09-22T05:38:44.081+0000] {dag.py:3677} INFO - Setting next_dagrun for example_short_circuit_operator to 2023-09-21T05:38:44.081286+00:00, run_after=2023-09-22T05:38:44.081286+00:00
[2023-09-22T05:38:44.098+0000] {processor.py:179} INFO - Processing /home/airflow/.local/lib/python3.8/site-packages/airflow/example_dags/example_short_circuit_operator.py took 0.113 seconds
[2023-09-22T07:01:38.537+0000] {processor.py:157} INFO - Started process (PID=14113) to work on /home/airflow/.local/lib/python3.8/site-packages/airflow/example_dags/example_short_circuit_operator.py
[2023-09-22T07:01:38.538+0000] {processor.py:829} INFO - Processing file /home/airflow/.local/lib/python3.8/site-packages/airflow/example_dags/example_short_circuit_operator.py for tasks to queue
[2023-09-22T07:01:38.539+0000] {logging_mixin.py:151} INFO - [2023-09-22T07:01:38.539+0000] {dagbag.py:539} INFO - Filling up the DagBag from /home/airflow/.local/lib/python3.8/site-packages/airflow/example_dags/example_short_circuit_operator.py
[2023-09-22T07:01:38.543+0000] {processor.py:839} INFO - DAG(s) dict_keys(['example_short_circuit_operator']) retrieved from /home/airflow/.local/lib/python3.8/site-packages/airflow/example_dags/example_short_circuit_operator.py
[2023-09-22T07:01:38.554+0000] {logging_mixin.py:151} INFO - [2023-09-22T07:01:38.554+0000] {dag.py:2907} INFO - Sync 1 DAGs
[2023-09-22T07:01:38.564+0000] {logging_mixin.py:151} INFO - [2023-09-22T07:01:38.564+0000] {dag.py:3677} INFO - Setting next_dagrun for example_short_circuit_operator to 2023-09-21T07:01:38.564109+00:00, run_after=2023-09-22T07:01:38.564109+00:00
[2023-09-22T07:01:38.571+0000] {processor.py:179} INFO - Processing /home/airflow/.local/lib/python3.8/site-packages/airflow/example_dags/example_short_circuit_operator.py took 0.036 seconds
[2023-09-22T08:27:03.987+0000] {processor.py:157} INFO - Started process (PID=14160) to work on /home/airflow/.local/lib/python3.8/site-packages/airflow/example_dags/example_short_circuit_operator.py
[2023-09-22T08:27:03.991+0000] {processor.py:829} INFO - Processing file /home/airflow/.local/lib/python3.8/site-packages/airflow/example_dags/example_short_circuit_operator.py for tasks to queue
[2023-09-22T08:27:03.995+0000] {logging_mixin.py:151} INFO - [2023-09-22T08:27:03.994+0000] {dagbag.py:539} INFO - Filling up the DagBag from /home/airflow/.local/lib/python3.8/site-packages/airflow/example_dags/example_short_circuit_operator.py
[2023-09-22T08:27:04.006+0000] {processor.py:839} INFO - DAG(s) dict_keys(['example_short_circuit_operator']) retrieved from /home/airflow/.local/lib/python3.8/site-packages/airflow/example_dags/example_short_circuit_operator.py
[2023-09-22T08:27:04.037+0000] {logging_mixin.py:151} INFO - [2023-09-22T08:27:04.037+0000] {dag.py:2907} INFO - Sync 1 DAGs
[2023-09-22T08:27:04.054+0000] {logging_mixin.py:151} INFO - [2023-09-22T08:27:04.054+0000] {dag.py:3677} INFO - Setting next_dagrun for example_short_circuit_operator to 2023-09-21T08:27:04.054237+00:00, run_after=2023-09-22T08:27:04.054237+00:00
[2023-09-22T08:27:04.073+0000] {processor.py:179} INFO - Processing /home/airflow/.local/lib/python3.8/site-packages/airflow/example_dags/example_short_circuit_operator.py took 0.090 seconds
[2023-09-22T09:32:30.578+0000] {processor.py:157} INFO - Started process (PID=14207) to work on /home/airflow/.local/lib/python3.8/site-packages/airflow/example_dags/example_short_circuit_operator.py
[2023-09-22T09:32:30.578+0000] {processor.py:829} INFO - Processing file /home/airflow/.local/lib/python3.8/site-packages/airflow/example_dags/example_short_circuit_operator.py for tasks to queue
[2023-09-22T09:32:30.579+0000] {logging_mixin.py:151} INFO - [2023-09-22T09:32:30.579+0000] {dagbag.py:539} INFO - Filling up the DagBag from /home/airflow/.local/lib/python3.8/site-packages/airflow/example_dags/example_short_circuit_operator.py
[2023-09-22T09:32:30.583+0000] {processor.py:839} INFO - DAG(s) dict_keys(['example_short_circuit_operator']) retrieved from /home/airflow/.local/lib/python3.8/site-packages/airflow/example_dags/example_short_circuit_operator.py
[2023-09-22T09:32:30.595+0000] {logging_mixin.py:151} INFO - [2023-09-22T09:32:30.595+0000] {dag.py:2907} INFO - Sync 1 DAGs
[2023-09-22T09:32:30.605+0000] {logging_mixin.py:151} INFO - [2023-09-22T09:32:30.605+0000] {dag.py:3677} INFO - Setting next_dagrun for example_short_circuit_operator to 2023-09-21T09:32:30.605133+00:00, run_after=2023-09-22T09:32:30.605133+00:00
[2023-09-22T09:32:30.612+0000] {processor.py:179} INFO - Processing /home/airflow/.local/lib/python3.8/site-packages/airflow/example_dags/example_short_circuit_operator.py took 0.037 seconds
[2023-09-22T09:50:52.502+0000] {processor.py:157} INFO - Started process (PID=14254) to work on /home/airflow/.local/lib/python3.8/site-packages/airflow/example_dags/example_short_circuit_operator.py
[2023-09-22T09:50:52.503+0000] {processor.py:829} INFO - Processing file /home/airflow/.local/lib/python3.8/site-packages/airflow/example_dags/example_short_circuit_operator.py for tasks to queue
[2023-09-22T09:50:52.504+0000] {logging_mixin.py:151} INFO - [2023-09-22T09:50:52.504+0000] {dagbag.py:539} INFO - Filling up the DagBag from /home/airflow/.local/lib/python3.8/site-packages/airflow/example_dags/example_short_circuit_operator.py
[2023-09-22T09:50:52.508+0000] {processor.py:839} INFO - DAG(s) dict_keys(['example_short_circuit_operator']) retrieved from /home/airflow/.local/lib/python3.8/site-packages/airflow/example_dags/example_short_circuit_operator.py
[2023-09-22T09:50:52.518+0000] {logging_mixin.py:151} INFO - [2023-09-22T09:50:52.518+0000] {dag.py:2907} INFO - Sync 1 DAGs
[2023-09-22T09:50:52.527+0000] {logging_mixin.py:151} INFO - [2023-09-22T09:50:52.527+0000] {dag.py:3677} INFO - Setting next_dagrun for example_short_circuit_operator to 2023-09-21T09:50:52.527747+00:00, run_after=2023-09-22T09:50:52.527747+00:00
[2023-09-22T09:50:52.534+0000] {processor.py:179} INFO - Processing /home/airflow/.local/lib/python3.8/site-packages/airflow/example_dags/example_short_circuit_operator.py took 0.034 seconds
[2023-09-22T10:29:17.167+0000] {processor.py:157} INFO - Started process (PID=14301) to work on /home/airflow/.local/lib/python3.8/site-packages/airflow/example_dags/example_short_circuit_operator.py
[2023-09-22T10:29:17.168+0000] {processor.py:829} INFO - Processing file /home/airflow/.local/lib/python3.8/site-packages/airflow/example_dags/example_short_circuit_operator.py for tasks to queue
[2023-09-22T10:29:17.169+0000] {logging_mixin.py:151} INFO - [2023-09-22T10:29:17.169+0000] {dagbag.py:539} INFO - Filling up the DagBag from /home/airflow/.local/lib/python3.8/site-packages/airflow/example_dags/example_short_circuit_operator.py
[2023-09-22T10:29:17.173+0000] {processor.py:839} INFO - DAG(s) dict_keys(['example_short_circuit_operator']) retrieved from /home/airflow/.local/lib/python3.8/site-packages/airflow/example_dags/example_short_circuit_operator.py
[2023-09-22T10:29:17.184+0000] {logging_mixin.py:151} INFO - [2023-09-22T10:29:17.183+0000] {dag.py:2907} INFO - Sync 1 DAGs
[2023-09-22T10:29:17.193+0000] {logging_mixin.py:151} INFO - [2023-09-22T10:29:17.193+0000] {dag.py:3677} INFO - Setting next_dagrun for example_short_circuit_operator to 2023-09-21T10:29:17.192924+00:00, run_after=2023-09-22T10:29:17.192924+00:00
[2023-09-22T10:29:17.200+0000] {processor.py:179} INFO - Processing /home/airflow/.local/lib/python3.8/site-packages/airflow/example_dags/example_short_circuit_operator.py took 0.035 seconds
[2023-09-22T11:35:45.000+0000] {processor.py:157} INFO - Started process (PID=14348) to work on /home/airflow/.local/lib/python3.8/site-packages/airflow/example_dags/example_short_circuit_operator.py
[2023-09-22T11:35:45.000+0000] {processor.py:829} INFO - Processing file /home/airflow/.local/lib/python3.8/site-packages/airflow/example_dags/example_short_circuit_operator.py for tasks to queue
[2023-09-22T11:35:45.002+0000] {logging_mixin.py:151} INFO - [2023-09-22T11:35:45.001+0000] {dagbag.py:539} INFO - Filling up the DagBag from /home/airflow/.local/lib/python3.8/site-packages/airflow/example_dags/example_short_circuit_operator.py
[2023-09-22T11:35:45.006+0000] {processor.py:839} INFO - DAG(s) dict_keys(['example_short_circuit_operator']) retrieved from /home/airflow/.local/lib/python3.8/site-packages/airflow/example_dags/example_short_circuit_operator.py
[2023-09-22T11:35:45.018+0000] {logging_mixin.py:151} INFO - [2023-09-22T11:35:45.018+0000] {dag.py:2907} INFO - Sync 1 DAGs
[2023-09-22T11:35:45.027+0000] {logging_mixin.py:151} INFO - [2023-09-22T11:35:45.027+0000] {dag.py:3677} INFO - Setting next_dagrun for example_short_circuit_operator to 2023-09-21T11:35:45.027634+00:00, run_after=2023-09-22T11:35:45.027634+00:00
[2023-09-22T11:35:45.034+0000] {processor.py:179} INFO - Processing /home/airflow/.local/lib/python3.8/site-packages/airflow/example_dags/example_short_circuit_operator.py took 0.037 seconds
[2023-09-22T12:57:18.164+0000] {processor.py:157} INFO - Started process (PID=14395) to work on /home/airflow/.local/lib/python3.8/site-packages/airflow/example_dags/example_short_circuit_operator.py
[2023-09-22T12:57:18.165+0000] {processor.py:829} INFO - Processing file /home/airflow/.local/lib/python3.8/site-packages/airflow/example_dags/example_short_circuit_operator.py for tasks to queue
[2023-09-22T12:57:18.167+0000] {logging_mixin.py:151} INFO - [2023-09-22T12:57:18.167+0000] {dagbag.py:539} INFO - Filling up the DagBag from /home/airflow/.local/lib/python3.8/site-packages/airflow/example_dags/example_short_circuit_operator.py
[2023-09-22T12:57:18.172+0000] {processor.py:839} INFO - DAG(s) dict_keys(['example_short_circuit_operator']) retrieved from /home/airflow/.local/lib/python3.8/site-packages/airflow/example_dags/example_short_circuit_operator.py
[2023-09-22T12:57:18.207+0000] {logging_mixin.py:151} INFO - [2023-09-22T12:57:18.207+0000] {dag.py:2907} INFO - Sync 1 DAGs
[2023-09-22T12:57:18.231+0000] {logging_mixin.py:151} INFO - [2023-09-22T12:57:18.231+0000] {dag.py:3677} INFO - Setting next_dagrun for example_short_circuit_operator to 2023-09-21T12:57:18.231450+00:00, run_after=2023-09-22T12:57:18.231450+00:00
[2023-09-22T12:57:18.252+0000] {processor.py:179} INFO - Processing /home/airflow/.local/lib/python3.8/site-packages/airflow/example_dags/example_short_circuit_operator.py took 0.091 seconds
[2023-09-22T14:36:57.570+0000] {processor.py:157} INFO - Started process (PID=14442) to work on /home/airflow/.local/lib/python3.8/site-packages/airflow/example_dags/example_short_circuit_operator.py
[2023-09-22T14:36:57.570+0000] {processor.py:829} INFO - Processing file /home/airflow/.local/lib/python3.8/site-packages/airflow/example_dags/example_short_circuit_operator.py for tasks to queue
[2023-09-22T14:36:57.572+0000] {logging_mixin.py:151} INFO - [2023-09-22T14:36:57.572+0000] {dagbag.py:539} INFO - Filling up the DagBag from /home/airflow/.local/lib/python3.8/site-packages/airflow/example_dags/example_short_circuit_operator.py
[2023-09-22T14:36:57.576+0000] {processor.py:839} INFO - DAG(s) dict_keys(['example_short_circuit_operator']) retrieved from /home/airflow/.local/lib/python3.8/site-packages/airflow/example_dags/example_short_circuit_operator.py
[2023-09-22T14:36:57.587+0000] {logging_mixin.py:151} INFO - [2023-09-22T14:36:57.587+0000] {dag.py:2907} INFO - Sync 1 DAGs
[2023-09-22T14:36:57.597+0000] {logging_mixin.py:151} INFO - [2023-09-22T14:36:57.597+0000] {dag.py:3677} INFO - Setting next_dagrun for example_short_circuit_operator to 2023-09-21T14:36:57.597721+00:00, run_after=2023-09-22T14:36:57.597721+00:00
[2023-09-22T14:36:57.605+0000] {processor.py:179} INFO - Processing /home/airflow/.local/lib/python3.8/site-packages/airflow/example_dags/example_short_circuit_operator.py took 0.037 seconds
[2023-09-22T16:18:36.223+0000] {processor.py:157} INFO - Started process (PID=14489) to work on /home/airflow/.local/lib/python3.8/site-packages/airflow/example_dags/example_short_circuit_operator.py
[2023-09-22T16:18:36.224+0000] {processor.py:829} INFO - Processing file /home/airflow/.local/lib/python3.8/site-packages/airflow/example_dags/example_short_circuit_operator.py for tasks to queue
[2023-09-22T16:18:36.225+0000] {logging_mixin.py:151} INFO - [2023-09-22T16:18:36.225+0000] {dagbag.py:539} INFO - Filling up the DagBag from /home/airflow/.local/lib/python3.8/site-packages/airflow/example_dags/example_short_circuit_operator.py
[2023-09-22T16:18:36.229+0000] {processor.py:839} INFO - DAG(s) dict_keys(['example_short_circuit_operator']) retrieved from /home/airflow/.local/lib/python3.8/site-packages/airflow/example_dags/example_short_circuit_operator.py
[2023-09-22T16:18:36.241+0000] {logging_mixin.py:151} INFO - [2023-09-22T16:18:36.241+0000] {dag.py:2907} INFO - Sync 1 DAGs
[2023-09-22T16:18:36.250+0000] {logging_mixin.py:151} INFO - [2023-09-22T16:18:36.250+0000] {dag.py:3677} INFO - Setting next_dagrun for example_short_circuit_operator to 2023-09-21T16:18:36.250666+00:00, run_after=2023-09-22T16:18:36.250666+00:00
[2023-09-22T16:18:36.258+0000] {processor.py:179} INFO - Processing /home/airflow/.local/lib/python3.8/site-packages/airflow/example_dags/example_short_circuit_operator.py took 0.037 seconds
[2023-09-22T17:42:59.396+0000] {processor.py:157} INFO - Started process (PID=14536) to work on /home/airflow/.local/lib/python3.8/site-packages/airflow/example_dags/example_short_circuit_operator.py
[2023-09-22T17:42:59.396+0000] {processor.py:829} INFO - Processing file /home/airflow/.local/lib/python3.8/site-packages/airflow/example_dags/example_short_circuit_operator.py for tasks to queue
[2023-09-22T17:42:59.398+0000] {logging_mixin.py:151} INFO - [2023-09-22T17:42:59.397+0000] {dagbag.py:539} INFO - Filling up the DagBag from /home/airflow/.local/lib/python3.8/site-packages/airflow/example_dags/example_short_circuit_operator.py
[2023-09-22T17:42:59.402+0000] {processor.py:839} INFO - DAG(s) dict_keys(['example_short_circuit_operator']) retrieved from /home/airflow/.local/lib/python3.8/site-packages/airflow/example_dags/example_short_circuit_operator.py
[2023-09-22T17:42:59.412+0000] {logging_mixin.py:151} INFO - [2023-09-22T17:42:59.412+0000] {dag.py:2907} INFO - Sync 1 DAGs
[2023-09-22T17:42:59.421+0000] {logging_mixin.py:151} INFO - [2023-09-22T17:42:59.421+0000] {dag.py:3677} INFO - Setting next_dagrun for example_short_circuit_operator to 2023-09-21T17:42:59.421420+00:00, run_after=2023-09-22T17:42:59.421420+00:00
[2023-09-22T17:42:59.428+0000] {processor.py:179} INFO - Processing /home/airflow/.local/lib/python3.8/site-packages/airflow/example_dags/example_short_circuit_operator.py took 0.034 seconds
[2023-09-22T19:24:05.502+0000] {processor.py:157} INFO - Started process (PID=14583) to work on /home/airflow/.local/lib/python3.8/site-packages/airflow/example_dags/example_short_circuit_operator.py
[2023-09-22T19:24:05.502+0000] {processor.py:829} INFO - Processing file /home/airflow/.local/lib/python3.8/site-packages/airflow/example_dags/example_short_circuit_operator.py for tasks to queue
[2023-09-22T19:24:05.503+0000] {logging_mixin.py:151} INFO - [2023-09-22T19:24:05.503+0000] {dagbag.py:539} INFO - Filling up the DagBag from /home/airflow/.local/lib/python3.8/site-packages/airflow/example_dags/example_short_circuit_operator.py
[2023-09-22T19:24:05.507+0000] {processor.py:839} INFO - DAG(s) dict_keys(['example_short_circuit_operator']) retrieved from /home/airflow/.local/lib/python3.8/site-packages/airflow/example_dags/example_short_circuit_operator.py
[2023-09-22T19:24:05.518+0000] {logging_mixin.py:151} INFO - [2023-09-22T19:24:05.518+0000] {dag.py:2907} INFO - Sync 1 DAGs
[2023-09-22T19:24:05.527+0000] {logging_mixin.py:151} INFO - [2023-09-22T19:24:05.527+0000] {dag.py:3677} INFO - Setting next_dagrun for example_short_circuit_operator to 2023-09-21T19:24:05.527239+00:00, run_after=2023-09-22T19:24:05.527239+00:00
[2023-09-22T19:24:05.534+0000] {processor.py:179} INFO - Processing /home/airflow/.local/lib/python3.8/site-packages/airflow/example_dags/example_short_circuit_operator.py took 0.034 seconds
[2023-09-22T21:00:33.816+0000] {processor.py:157} INFO - Started process (PID=14630) to work on /home/airflow/.local/lib/python3.8/site-packages/airflow/example_dags/example_short_circuit_operator.py
[2023-09-22T21:00:33.817+0000] {processor.py:829} INFO - Processing file /home/airflow/.local/lib/python3.8/site-packages/airflow/example_dags/example_short_circuit_operator.py for tasks to queue
[2023-09-22T21:00:33.818+0000] {logging_mixin.py:151} INFO - [2023-09-22T21:00:33.818+0000] {dagbag.py:539} INFO - Filling up the DagBag from /home/airflow/.local/lib/python3.8/site-packages/airflow/example_dags/example_short_circuit_operator.py
[2023-09-22T21:00:33.822+0000] {processor.py:839} INFO - DAG(s) dict_keys(['example_short_circuit_operator']) retrieved from /home/airflow/.local/lib/python3.8/site-packages/airflow/example_dags/example_short_circuit_operator.py
[2023-09-22T21:00:33.833+0000] {logging_mixin.py:151} INFO - [2023-09-22T21:00:33.833+0000] {dag.py:2907} INFO - Sync 1 DAGs
[2023-09-22T21:00:33.843+0000] {logging_mixin.py:151} INFO - [2023-09-22T21:00:33.843+0000] {dag.py:3677} INFO - Setting next_dagrun for example_short_circuit_operator to 2023-09-21T21:00:33.843266+00:00, run_after=2023-09-22T21:00:33.843266+00:00
[2023-09-22T21:00:33.850+0000] {processor.py:179} INFO - Processing /home/airflow/.local/lib/python3.8/site-packages/airflow/example_dags/example_short_circuit_operator.py took 0.036 seconds
[2023-09-22T22:21:53.530+0000] {processor.py:157} INFO - Started process (PID=14677) to work on /home/airflow/.local/lib/python3.8/site-packages/airflow/example_dags/example_short_circuit_operator.py
[2023-09-22T22:21:53.531+0000] {processor.py:829} INFO - Processing file /home/airflow/.local/lib/python3.8/site-packages/airflow/example_dags/example_short_circuit_operator.py for tasks to queue
[2023-09-22T22:21:53.532+0000] {logging_mixin.py:151} INFO - [2023-09-22T22:21:53.532+0000] {dagbag.py:539} INFO - Filling up the DagBag from /home/airflow/.local/lib/python3.8/site-packages/airflow/example_dags/example_short_circuit_operator.py
[2023-09-22T22:21:53.536+0000] {processor.py:839} INFO - DAG(s) dict_keys(['example_short_circuit_operator']) retrieved from /home/airflow/.local/lib/python3.8/site-packages/airflow/example_dags/example_short_circuit_operator.py
[2023-09-22T22:21:53.547+0000] {logging_mixin.py:151} INFO - [2023-09-22T22:21:53.547+0000] {dag.py:2907} INFO - Sync 1 DAGs
[2023-09-22T22:21:53.556+0000] {logging_mixin.py:151} INFO - [2023-09-22T22:21:53.555+0000] {dag.py:3677} INFO - Setting next_dagrun for example_short_circuit_operator to 2023-09-21T22:21:53.555877+00:00, run_after=2023-09-22T22:21:53.555877+00:00
[2023-09-22T22:21:53.562+0000] {processor.py:179} INFO - Processing /home/airflow/.local/lib/python3.8/site-packages/airflow/example_dags/example_short_circuit_operator.py took 0.034 seconds
[2023-09-22T23:59:52.076+0000] {processor.py:157} INFO - Started process (PID=14724) to work on /home/airflow/.local/lib/python3.8/site-packages/airflow/example_dags/example_short_circuit_operator.py
[2023-09-22T23:59:52.077+0000] {processor.py:829} INFO - Processing file /home/airflow/.local/lib/python3.8/site-packages/airflow/example_dags/example_short_circuit_operator.py for tasks to queue
[2023-09-22T23:59:52.078+0000] {logging_mixin.py:151} INFO - [2023-09-22T23:59:52.078+0000] {dagbag.py:539} INFO - Filling up the DagBag from /home/airflow/.local/lib/python3.8/site-packages/airflow/example_dags/example_short_circuit_operator.py
[2023-09-22T23:59:52.082+0000] {processor.py:839} INFO - DAG(s) dict_keys(['example_short_circuit_operator']) retrieved from /home/airflow/.local/lib/python3.8/site-packages/airflow/example_dags/example_short_circuit_operator.py
[2023-09-22T23:59:52.093+0000] {logging_mixin.py:151} INFO - [2023-09-22T23:59:52.093+0000] {dag.py:2907} INFO - Sync 1 DAGs
[2023-09-22T23:59:52.105+0000] {logging_mixin.py:151} INFO - [2023-09-22T23:59:52.105+0000] {dag.py:3677} INFO - Setting next_dagrun for example_short_circuit_operator to 2023-09-21T23:59:52.105150+00:00, run_after=2023-09-22T23:59:52.105150+00:00
[2023-09-22T23:59:52.114+0000] {processor.py:179} INFO - Processing /home/airflow/.local/lib/python3.8/site-packages/airflow/example_dags/example_short_circuit_operator.py took 0.040 seconds
