[2023-09-22T01:06:21.665+0000] {processor.py:157} INFO - Started process (PID=13833) to work on /home/airflow/.local/lib/python3.8/site-packages/airflow/example_dags/tutorial_taskflow_api_virtualenv.py
[2023-09-22T01:06:21.666+0000] {processor.py:829} INFO - Processing file /home/airflow/.local/lib/python3.8/site-packages/airflow/example_dags/tutorial_taskflow_api_virtualenv.py for tasks to queue
[2023-09-22T01:06:21.667+0000] {logging_mixin.py:151} INFO - [2023-09-22T01:06:21.667+0000] {dagbag.py:539} INFO - Filling up the DagBag from /home/airflow/.local/lib/python3.8/site-packages/airflow/example_dags/tutorial_taskflow_api_virtualenv.py
[2023-09-22T01:06:21.671+0000] {processor.py:839} INFO - DAG(s) dict_keys(['tutorial_taskflow_api_virtualenv']) retrieved from /home/airflow/.local/lib/python3.8/site-packages/airflow/example_dags/tutorial_taskflow_api_virtualenv.py
[2023-09-22T01:06:21.682+0000] {logging_mixin.py:151} INFO - [2023-09-22T01:06:21.682+0000] {dag.py:2907} INFO - Sync 1 DAGs
[2023-09-22T01:06:21.688+0000] {logging_mixin.py:151} INFO - [2023-09-22T01:06:21.688+0000] {dag.py:3677} INFO - Setting next_dagrun for tutorial_taskflow_api_virtualenv to None, run_after=None
[2023-09-22T01:06:21.696+0000] {processor.py:179} INFO - Processing /home/airflow/.local/lib/python3.8/site-packages/airflow/example_dags/tutorial_taskflow_api_virtualenv.py took 0.033 seconds
[2023-09-22T01:26:59.229+0000] {processor.py:157} INFO - Started process (PID=13880) to work on /home/airflow/.local/lib/python3.8/site-packages/airflow/example_dags/tutorial_taskflow_api_virtualenv.py
[2023-09-22T01:26:59.230+0000] {processor.py:829} INFO - Processing file /home/airflow/.local/lib/python3.8/site-packages/airflow/example_dags/tutorial_taskflow_api_virtualenv.py for tasks to queue
[2023-09-22T01:26:59.231+0000] {logging_mixin.py:151} INFO - [2023-09-22T01:26:59.231+0000] {dagbag.py:539} INFO - Filling up the DagBag from /home/airflow/.local/lib/python3.8/site-packages/airflow/example_dags/tutorial_taskflow_api_virtualenv.py
[2023-09-22T01:26:59.235+0000] {processor.py:839} INFO - DAG(s) dict_keys(['tutorial_taskflow_api_virtualenv']) retrieved from /home/airflow/.local/lib/python3.8/site-packages/airflow/example_dags/tutorial_taskflow_api_virtualenv.py
[2023-09-22T01:26:59.246+0000] {logging_mixin.py:151} INFO - [2023-09-22T01:26:59.246+0000] {dag.py:2907} INFO - Sync 1 DAGs
[2023-09-22T01:26:59.251+0000] {logging_mixin.py:151} INFO - [2023-09-22T01:26:59.251+0000] {dag.py:3677} INFO - Setting next_dagrun for tutorial_taskflow_api_virtualenv to None, run_after=None
[2023-09-22T01:26:59.259+0000] {processor.py:179} INFO - Processing /home/airflow/.local/lib/python3.8/site-packages/airflow/example_dags/tutorial_taskflow_api_virtualenv.py took 0.032 seconds
[2023-09-22T01:35:28.570+0000] {processor.py:157} INFO - Started process (PID=13927) to work on /home/airflow/.local/lib/python3.8/site-packages/airflow/example_dags/tutorial_taskflow_api_virtualenv.py
[2023-09-22T01:35:28.571+0000] {processor.py:829} INFO - Processing file /home/airflow/.local/lib/python3.8/site-packages/airflow/example_dags/tutorial_taskflow_api_virtualenv.py for tasks to queue
[2023-09-22T01:35:28.572+0000] {logging_mixin.py:151} INFO - [2023-09-22T01:35:28.572+0000] {dagbag.py:539} INFO - Filling up the DagBag from /home/airflow/.local/lib/python3.8/site-packages/airflow/example_dags/tutorial_taskflow_api_virtualenv.py
[2023-09-22T01:35:28.576+0000] {processor.py:839} INFO - DAG(s) dict_keys(['tutorial_taskflow_api_virtualenv']) retrieved from /home/airflow/.local/lib/python3.8/site-packages/airflow/example_dags/tutorial_taskflow_api_virtualenv.py
[2023-09-22T01:35:28.586+0000] {logging_mixin.py:151} INFO - [2023-09-22T01:35:28.586+0000] {dag.py:2907} INFO - Sync 1 DAGs
[2023-09-22T01:35:28.592+0000] {logging_mixin.py:151} INFO - [2023-09-22T01:35:28.592+0000] {dag.py:3677} INFO - Setting next_dagrun for tutorial_taskflow_api_virtualenv to None, run_after=None
[2023-09-22T01:35:28.599+0000] {processor.py:179} INFO - Processing /home/airflow/.local/lib/python3.8/site-packages/airflow/example_dags/tutorial_taskflow_api_virtualenv.py took 0.031 seconds
[2023-09-22T02:41:16.720+0000] {processor.py:157} INFO - Started process (PID=13974) to work on /home/airflow/.local/lib/python3.8/site-packages/airflow/example_dags/tutorial_taskflow_api_virtualenv.py
[2023-09-22T02:41:16.721+0000] {processor.py:829} INFO - Processing file /home/airflow/.local/lib/python3.8/site-packages/airflow/example_dags/tutorial_taskflow_api_virtualenv.py for tasks to queue
[2023-09-22T02:41:16.722+0000] {logging_mixin.py:151} INFO - [2023-09-22T02:41:16.722+0000] {dagbag.py:539} INFO - Filling up the DagBag from /home/airflow/.local/lib/python3.8/site-packages/airflow/example_dags/tutorial_taskflow_api_virtualenv.py
[2023-09-22T02:41:16.726+0000] {processor.py:839} INFO - DAG(s) dict_keys(['tutorial_taskflow_api_virtualenv']) retrieved from /home/airflow/.local/lib/python3.8/site-packages/airflow/example_dags/tutorial_taskflow_api_virtualenv.py
[2023-09-22T02:41:16.738+0000] {logging_mixin.py:151} INFO - [2023-09-22T02:41:16.738+0000] {dag.py:2907} INFO - Sync 1 DAGs
[2023-09-22T02:41:16.745+0000] {logging_mixin.py:151} INFO - [2023-09-22T02:41:16.745+0000] {dag.py:3677} INFO - Setting next_dagrun for tutorial_taskflow_api_virtualenv to None, run_after=None
[2023-09-22T02:41:16.754+0000] {processor.py:179} INFO - Processing /home/airflow/.local/lib/python3.8/site-packages/airflow/example_dags/tutorial_taskflow_api_virtualenv.py took 0.036 seconds
[2023-09-22T04:02:55.129+0000] {processor.py:157} INFO - Started process (PID=14021) to work on /home/airflow/.local/lib/python3.8/site-packages/airflow/example_dags/tutorial_taskflow_api_virtualenv.py
[2023-09-22T04:02:55.130+0000] {processor.py:829} INFO - Processing file /home/airflow/.local/lib/python3.8/site-packages/airflow/example_dags/tutorial_taskflow_api_virtualenv.py for tasks to queue
[2023-09-22T04:02:55.131+0000] {logging_mixin.py:151} INFO - [2023-09-22T04:02:55.131+0000] {dagbag.py:539} INFO - Filling up the DagBag from /home/airflow/.local/lib/python3.8/site-packages/airflow/example_dags/tutorial_taskflow_api_virtualenv.py
[2023-09-22T04:02:55.135+0000] {processor.py:839} INFO - DAG(s) dict_keys(['tutorial_taskflow_api_virtualenv']) retrieved from /home/airflow/.local/lib/python3.8/site-packages/airflow/example_dags/tutorial_taskflow_api_virtualenv.py
[2023-09-22T04:02:55.145+0000] {logging_mixin.py:151} INFO - [2023-09-22T04:02:55.145+0000] {dag.py:2907} INFO - Sync 1 DAGs
[2023-09-22T04:02:55.151+0000] {logging_mixin.py:151} INFO - [2023-09-22T04:02:55.150+0000] {dag.py:3677} INFO - Setting next_dagrun for tutorial_taskflow_api_virtualenv to None, run_after=None
[2023-09-22T04:02:55.158+0000] {processor.py:179} INFO - Processing /home/airflow/.local/lib/python3.8/site-packages/airflow/example_dags/tutorial_taskflow_api_virtualenv.py took 0.031 seconds
[2023-09-22T05:38:44.112+0000] {processor.py:157} INFO - Started process (PID=14068) to work on /home/airflow/.local/lib/python3.8/site-packages/airflow/example_dags/tutorial_taskflow_api_virtualenv.py
[2023-09-22T05:38:44.112+0000] {processor.py:829} INFO - Processing file /home/airflow/.local/lib/python3.8/site-packages/airflow/example_dags/tutorial_taskflow_api_virtualenv.py for tasks to queue
[2023-09-22T05:38:44.113+0000] {logging_mixin.py:151} INFO - [2023-09-22T05:38:44.113+0000] {dagbag.py:539} INFO - Filling up the DagBag from /home/airflow/.local/lib/python3.8/site-packages/airflow/example_dags/tutorial_taskflow_api_virtualenv.py
[2023-09-22T05:38:44.118+0000] {processor.py:839} INFO - DAG(s) dict_keys(['tutorial_taskflow_api_virtualenv']) retrieved from /home/airflow/.local/lib/python3.8/site-packages/airflow/example_dags/tutorial_taskflow_api_virtualenv.py
[2023-09-22T05:38:44.128+0000] {logging_mixin.py:151} INFO - [2023-09-22T05:38:44.128+0000] {dag.py:2907} INFO - Sync 1 DAGs
[2023-09-22T05:38:44.133+0000] {logging_mixin.py:151} INFO - [2023-09-22T05:38:44.133+0000] {dag.py:3677} INFO - Setting next_dagrun for tutorial_taskflow_api_virtualenv to None, run_after=None
[2023-09-22T05:38:44.141+0000] {processor.py:179} INFO - Processing /home/airflow/.local/lib/python3.8/site-packages/airflow/example_dags/tutorial_taskflow_api_virtualenv.py took 0.031 seconds
[2023-09-22T07:01:38.583+0000] {processor.py:157} INFO - Started process (PID=14115) to work on /home/airflow/.local/lib/python3.8/site-packages/airflow/example_dags/tutorial_taskflow_api_virtualenv.py
[2023-09-22T07:01:38.584+0000] {processor.py:829} INFO - Processing file /home/airflow/.local/lib/python3.8/site-packages/airflow/example_dags/tutorial_taskflow_api_virtualenv.py for tasks to queue
[2023-09-22T07:01:38.585+0000] {logging_mixin.py:151} INFO - [2023-09-22T07:01:38.585+0000] {dagbag.py:539} INFO - Filling up the DagBag from /home/airflow/.local/lib/python3.8/site-packages/airflow/example_dags/tutorial_taskflow_api_virtualenv.py
[2023-09-22T07:01:38.589+0000] {processor.py:839} INFO - DAG(s) dict_keys(['tutorial_taskflow_api_virtualenv']) retrieved from /home/airflow/.local/lib/python3.8/site-packages/airflow/example_dags/tutorial_taskflow_api_virtualenv.py
[2023-09-22T07:01:38.600+0000] {logging_mixin.py:151} INFO - [2023-09-22T07:01:38.600+0000] {dag.py:2907} INFO - Sync 1 DAGs
[2023-09-22T07:01:38.605+0000] {logging_mixin.py:151} INFO - [2023-09-22T07:01:38.605+0000] {dag.py:3677} INFO - Setting next_dagrun for tutorial_taskflow_api_virtualenv to None, run_after=None
[2023-09-22T07:01:38.612+0000] {processor.py:179} INFO - Processing /home/airflow/.local/lib/python3.8/site-packages/airflow/example_dags/tutorial_taskflow_api_virtualenv.py took 0.031 seconds
[2023-09-22T08:27:04.098+0000] {processor.py:157} INFO - Started process (PID=14162) to work on /home/airflow/.local/lib/python3.8/site-packages/airflow/example_dags/tutorial_taskflow_api_virtualenv.py
[2023-09-22T08:27:04.102+0000] {processor.py:829} INFO - Processing file /home/airflow/.local/lib/python3.8/site-packages/airflow/example_dags/tutorial_taskflow_api_virtualenv.py for tasks to queue
[2023-09-22T08:27:04.103+0000] {logging_mixin.py:151} INFO - [2023-09-22T08:27:04.103+0000] {dagbag.py:539} INFO - Filling up the DagBag from /home/airflow/.local/lib/python3.8/site-packages/airflow/example_dags/tutorial_taskflow_api_virtualenv.py
[2023-09-22T08:27:04.108+0000] {processor.py:839} INFO - DAG(s) dict_keys(['tutorial_taskflow_api_virtualenv']) retrieved from /home/airflow/.local/lib/python3.8/site-packages/airflow/example_dags/tutorial_taskflow_api_virtualenv.py
[2023-09-22T08:27:04.132+0000] {logging_mixin.py:151} INFO - [2023-09-22T08:27:04.132+0000] {dag.py:2907} INFO - Sync 1 DAGs
[2023-09-22T08:27:04.146+0000] {logging_mixin.py:151} INFO - [2023-09-22T08:27:04.146+0000] {dag.py:3677} INFO - Setting next_dagrun for tutorial_taskflow_api_virtualenv to None, run_after=None
[2023-09-22T08:27:04.165+0000] {processor.py:179} INFO - Processing /home/airflow/.local/lib/python3.8/site-packages/airflow/example_dags/tutorial_taskflow_api_virtualenv.py took 0.069 seconds
[2023-09-22T09:32:30.625+0000] {processor.py:157} INFO - Started process (PID=14209) to work on /home/airflow/.local/lib/python3.8/site-packages/airflow/example_dags/tutorial_taskflow_api_virtualenv.py
[2023-09-22T09:32:30.625+0000] {processor.py:829} INFO - Processing file /home/airflow/.local/lib/python3.8/site-packages/airflow/example_dags/tutorial_taskflow_api_virtualenv.py for tasks to queue
[2023-09-22T09:32:30.626+0000] {logging_mixin.py:151} INFO - [2023-09-22T09:32:30.626+0000] {dagbag.py:539} INFO - Filling up the DagBag from /home/airflow/.local/lib/python3.8/site-packages/airflow/example_dags/tutorial_taskflow_api_virtualenv.py
[2023-09-22T09:32:30.630+0000] {processor.py:839} INFO - DAG(s) dict_keys(['tutorial_taskflow_api_virtualenv']) retrieved from /home/airflow/.local/lib/python3.8/site-packages/airflow/example_dags/tutorial_taskflow_api_virtualenv.py
[2023-09-22T09:32:30.640+0000] {logging_mixin.py:151} INFO - [2023-09-22T09:32:30.640+0000] {dag.py:2907} INFO - Sync 1 DAGs
[2023-09-22T09:32:30.646+0000] {logging_mixin.py:151} INFO - [2023-09-22T09:32:30.646+0000] {dag.py:3677} INFO - Setting next_dagrun for tutorial_taskflow_api_virtualenv to None, run_after=None
[2023-09-22T09:32:30.662+0000] {processor.py:179} INFO - Processing /home/airflow/.local/lib/python3.8/site-packages/airflow/example_dags/tutorial_taskflow_api_virtualenv.py took 0.040 seconds
[2023-09-22T09:50:52.546+0000] {processor.py:157} INFO - Started process (PID=14256) to work on /home/airflow/.local/lib/python3.8/site-packages/airflow/example_dags/tutorial_taskflow_api_virtualenv.py
[2023-09-22T09:50:52.547+0000] {processor.py:829} INFO - Processing file /home/airflow/.local/lib/python3.8/site-packages/airflow/example_dags/tutorial_taskflow_api_virtualenv.py for tasks to queue
[2023-09-22T09:50:52.548+0000] {logging_mixin.py:151} INFO - [2023-09-22T09:50:52.548+0000] {dagbag.py:539} INFO - Filling up the DagBag from /home/airflow/.local/lib/python3.8/site-packages/airflow/example_dags/tutorial_taskflow_api_virtualenv.py
[2023-09-22T09:50:52.555+0000] {processor.py:839} INFO - DAG(s) dict_keys(['tutorial_taskflow_api_virtualenv']) retrieved from /home/airflow/.local/lib/python3.8/site-packages/airflow/example_dags/tutorial_taskflow_api_virtualenv.py
[2023-09-22T09:50:52.566+0000] {logging_mixin.py:151} INFO - [2023-09-22T09:50:52.566+0000] {dag.py:2907} INFO - Sync 1 DAGs
[2023-09-22T09:50:52.572+0000] {logging_mixin.py:151} INFO - [2023-09-22T09:50:52.572+0000] {dag.py:3677} INFO - Setting next_dagrun for tutorial_taskflow_api_virtualenv to None, run_after=None
[2023-09-22T09:50:52.580+0000] {processor.py:179} INFO - Processing /home/airflow/.local/lib/python3.8/site-packages/airflow/example_dags/tutorial_taskflow_api_virtualenv.py took 0.035 seconds
[2023-09-22T10:29:17.253+0000] {processor.py:157} INFO - Started process (PID=14303) to work on /home/airflow/.local/lib/python3.8/site-packages/airflow/example_dags/tutorial_taskflow_api_virtualenv.py
[2023-09-22T10:29:17.254+0000] {processor.py:829} INFO - Processing file /home/airflow/.local/lib/python3.8/site-packages/airflow/example_dags/tutorial_taskflow_api_virtualenv.py for tasks to queue
[2023-09-22T10:29:17.255+0000] {logging_mixin.py:151} INFO - [2023-09-22T10:29:17.255+0000] {dagbag.py:539} INFO - Filling up the DagBag from /home/airflow/.local/lib/python3.8/site-packages/airflow/example_dags/tutorial_taskflow_api_virtualenv.py
[2023-09-22T10:29:17.259+0000] {processor.py:839} INFO - DAG(s) dict_keys(['tutorial_taskflow_api_virtualenv']) retrieved from /home/airflow/.local/lib/python3.8/site-packages/airflow/example_dags/tutorial_taskflow_api_virtualenv.py
[2023-09-22T10:29:17.269+0000] {logging_mixin.py:151} INFO - [2023-09-22T10:29:17.269+0000] {dag.py:2907} INFO - Sync 1 DAGs
[2023-09-22T10:29:17.275+0000] {logging_mixin.py:151} INFO - [2023-09-22T10:29:17.275+0000] {dag.py:3677} INFO - Setting next_dagrun for tutorial_taskflow_api_virtualenv to None, run_after=None
[2023-09-22T10:29:17.282+0000] {processor.py:179} INFO - Processing /home/airflow/.local/lib/python3.8/site-packages/airflow/example_dags/tutorial_taskflow_api_virtualenv.py took 0.031 seconds
[2023-09-22T11:35:45.047+0000] {processor.py:157} INFO - Started process (PID=14350) to work on /home/airflow/.local/lib/python3.8/site-packages/airflow/example_dags/tutorial_taskflow_api_virtualenv.py
[2023-09-22T11:35:45.047+0000] {processor.py:829} INFO - Processing file /home/airflow/.local/lib/python3.8/site-packages/airflow/example_dags/tutorial_taskflow_api_virtualenv.py for tasks to queue
[2023-09-22T11:35:45.048+0000] {logging_mixin.py:151} INFO - [2023-09-22T11:35:45.048+0000] {dagbag.py:539} INFO - Filling up the DagBag from /home/airflow/.local/lib/python3.8/site-packages/airflow/example_dags/tutorial_taskflow_api_virtualenv.py
[2023-09-22T11:35:45.052+0000] {processor.py:839} INFO - DAG(s) dict_keys(['tutorial_taskflow_api_virtualenv']) retrieved from /home/airflow/.local/lib/python3.8/site-packages/airflow/example_dags/tutorial_taskflow_api_virtualenv.py
[2023-09-22T11:35:45.063+0000] {logging_mixin.py:151} INFO - [2023-09-22T11:35:45.063+0000] {dag.py:2907} INFO - Sync 1 DAGs
[2023-09-22T11:35:45.068+0000] {logging_mixin.py:151} INFO - [2023-09-22T11:35:45.068+0000] {dag.py:3677} INFO - Setting next_dagrun for tutorial_taskflow_api_virtualenv to None, run_after=None
[2023-09-22T11:35:45.075+0000] {processor.py:179} INFO - Processing /home/airflow/.local/lib/python3.8/site-packages/airflow/example_dags/tutorial_taskflow_api_virtualenv.py took 0.030 seconds
[2023-09-22T12:57:18.282+0000] {processor.py:157} INFO - Started process (PID=14397) to work on /home/airflow/.local/lib/python3.8/site-packages/airflow/example_dags/tutorial_taskflow_api_virtualenv.py
[2023-09-22T12:57:18.288+0000] {processor.py:829} INFO - Processing file /home/airflow/.local/lib/python3.8/site-packages/airflow/example_dags/tutorial_taskflow_api_virtualenv.py for tasks to queue
[2023-09-22T12:57:18.293+0000] {logging_mixin.py:151} INFO - [2023-09-22T12:57:18.293+0000] {dagbag.py:539} INFO - Filling up the DagBag from /home/airflow/.local/lib/python3.8/site-packages/airflow/example_dags/tutorial_taskflow_api_virtualenv.py
[2023-09-22T12:57:18.301+0000] {processor.py:839} INFO - DAG(s) dict_keys(['tutorial_taskflow_api_virtualenv']) retrieved from /home/airflow/.local/lib/python3.8/site-packages/airflow/example_dags/tutorial_taskflow_api_virtualenv.py
[2023-09-22T12:57:18.335+0000] {logging_mixin.py:151} INFO - [2023-09-22T12:57:18.335+0000] {dag.py:2907} INFO - Sync 1 DAGs
[2023-09-22T12:57:18.345+0000] {logging_mixin.py:151} INFO - [2023-09-22T12:57:18.345+0000] {dag.py:3677} INFO - Setting next_dagrun for tutorial_taskflow_api_virtualenv to None, run_after=None
[2023-09-22T12:57:18.373+0000] {processor.py:179} INFO - Processing /home/airflow/.local/lib/python3.8/site-packages/airflow/example_dags/tutorial_taskflow_api_virtualenv.py took 0.095 seconds
[2023-09-22T14:36:57.617+0000] {processor.py:157} INFO - Started process (PID=14444) to work on /home/airflow/.local/lib/python3.8/site-packages/airflow/example_dags/tutorial_taskflow_api_virtualenv.py
[2023-09-22T14:36:57.618+0000] {processor.py:829} INFO - Processing file /home/airflow/.local/lib/python3.8/site-packages/airflow/example_dags/tutorial_taskflow_api_virtualenv.py for tasks to queue
[2023-09-22T14:36:57.619+0000] {logging_mixin.py:151} INFO - [2023-09-22T14:36:57.619+0000] {dagbag.py:539} INFO - Filling up the DagBag from /home/airflow/.local/lib/python3.8/site-packages/airflow/example_dags/tutorial_taskflow_api_virtualenv.py
[2023-09-22T14:36:57.623+0000] {processor.py:839} INFO - DAG(s) dict_keys(['tutorial_taskflow_api_virtualenv']) retrieved from /home/airflow/.local/lib/python3.8/site-packages/airflow/example_dags/tutorial_taskflow_api_virtualenv.py
[2023-09-22T14:36:57.633+0000] {logging_mixin.py:151} INFO - [2023-09-22T14:36:57.633+0000] {dag.py:2907} INFO - Sync 1 DAGs
[2023-09-22T14:36:57.640+0000] {logging_mixin.py:151} INFO - [2023-09-22T14:36:57.640+0000] {dag.py:3677} INFO - Setting next_dagrun for tutorial_taskflow_api_virtualenv to None, run_after=None
[2023-09-22T14:36:57.649+0000] {processor.py:179} INFO - Processing /home/airflow/.local/lib/python3.8/site-packages/airflow/example_dags/tutorial_taskflow_api_virtualenv.py took 0.034 seconds
[2023-09-22T16:18:36.270+0000] {processor.py:157} INFO - Started process (PID=14491) to work on /home/airflow/.local/lib/python3.8/site-packages/airflow/example_dags/tutorial_taskflow_api_virtualenv.py
[2023-09-22T16:18:36.271+0000] {processor.py:829} INFO - Processing file /home/airflow/.local/lib/python3.8/site-packages/airflow/example_dags/tutorial_taskflow_api_virtualenv.py for tasks to queue
[2023-09-22T16:18:36.272+0000] {logging_mixin.py:151} INFO - [2023-09-22T16:18:36.272+0000] {dagbag.py:539} INFO - Filling up the DagBag from /home/airflow/.local/lib/python3.8/site-packages/airflow/example_dags/tutorial_taskflow_api_virtualenv.py
[2023-09-22T16:18:36.276+0000] {processor.py:839} INFO - DAG(s) dict_keys(['tutorial_taskflow_api_virtualenv']) retrieved from /home/airflow/.local/lib/python3.8/site-packages/airflow/example_dags/tutorial_taskflow_api_virtualenv.py
[2023-09-22T16:18:36.286+0000] {logging_mixin.py:151} INFO - [2023-09-22T16:18:36.286+0000] {dag.py:2907} INFO - Sync 1 DAGs
[2023-09-22T16:18:36.291+0000] {logging_mixin.py:151} INFO - [2023-09-22T16:18:36.291+0000] {dag.py:3677} INFO - Setting next_dagrun for tutorial_taskflow_api_virtualenv to None, run_after=None
[2023-09-22T16:18:36.297+0000] {processor.py:179} INFO - Processing /home/airflow/.local/lib/python3.8/site-packages/airflow/example_dags/tutorial_taskflow_api_virtualenv.py took 0.029 seconds
[2023-09-22T17:42:59.480+0000] {processor.py:157} INFO - Started process (PID=14538) to work on /home/airflow/.local/lib/python3.8/site-packages/airflow/example_dags/tutorial_taskflow_api_virtualenv.py
[2023-09-22T17:42:59.481+0000] {processor.py:829} INFO - Processing file /home/airflow/.local/lib/python3.8/site-packages/airflow/example_dags/tutorial_taskflow_api_virtualenv.py for tasks to queue
[2023-09-22T17:42:59.482+0000] {logging_mixin.py:151} INFO - [2023-09-22T17:42:59.482+0000] {dagbag.py:539} INFO - Filling up the DagBag from /home/airflow/.local/lib/python3.8/site-packages/airflow/example_dags/tutorial_taskflow_api_virtualenv.py
[2023-09-22T17:42:59.486+0000] {processor.py:839} INFO - DAG(s) dict_keys(['tutorial_taskflow_api_virtualenv']) retrieved from /home/airflow/.local/lib/python3.8/site-packages/airflow/example_dags/tutorial_taskflow_api_virtualenv.py
[2023-09-22T17:42:59.497+0000] {logging_mixin.py:151} INFO - [2023-09-22T17:42:59.497+0000] {dag.py:2907} INFO - Sync 1 DAGs
[2023-09-22T17:42:59.502+0000] {logging_mixin.py:151} INFO - [2023-09-22T17:42:59.502+0000] {dag.py:3677} INFO - Setting next_dagrun for tutorial_taskflow_api_virtualenv to None, run_after=None
[2023-09-22T17:42:59.509+0000] {processor.py:179} INFO - Processing /home/airflow/.local/lib/python3.8/site-packages/airflow/example_dags/tutorial_taskflow_api_virtualenv.py took 0.031 seconds
[2023-09-22T19:24:05.662+0000] {processor.py:157} INFO - Started process (PID=14585) to work on /home/airflow/.local/lib/python3.8/site-packages/airflow/example_dags/tutorial_taskflow_api_virtualenv.py
[2023-09-22T19:24:05.669+0000] {processor.py:829} INFO - Processing file /home/airflow/.local/lib/python3.8/site-packages/airflow/example_dags/tutorial_taskflow_api_virtualenv.py for tasks to queue
[2023-09-22T19:24:05.675+0000] {logging_mixin.py:151} INFO - [2023-09-22T19:24:05.675+0000] {dagbag.py:539} INFO - Filling up the DagBag from /home/airflow/.local/lib/python3.8/site-packages/airflow/example_dags/tutorial_taskflow_api_virtualenv.py
[2023-09-22T19:24:05.687+0000] {processor.py:839} INFO - DAG(s) dict_keys(['tutorial_taskflow_api_virtualenv']) retrieved from /home/airflow/.local/lib/python3.8/site-packages/airflow/example_dags/tutorial_taskflow_api_virtualenv.py
[2023-09-22T19:24:05.742+0000] {logging_mixin.py:151} INFO - [2023-09-22T19:24:05.742+0000] {dag.py:2907} INFO - Sync 1 DAGs
[2023-09-22T19:24:05.755+0000] {logging_mixin.py:151} INFO - [2023-09-22T19:24:05.755+0000] {dag.py:3677} INFO - Setting next_dagrun for tutorial_taskflow_api_virtualenv to None, run_after=None
[2023-09-22T19:24:05.779+0000] {processor.py:179} INFO - Processing /home/airflow/.local/lib/python3.8/site-packages/airflow/example_dags/tutorial_taskflow_api_virtualenv.py took 0.121 seconds
[2023-09-22T21:00:33.863+0000] {processor.py:157} INFO - Started process (PID=14632) to work on /home/airflow/.local/lib/python3.8/site-packages/airflow/example_dags/tutorial_taskflow_api_virtualenv.py
[2023-09-22T21:00:33.863+0000] {processor.py:829} INFO - Processing file /home/airflow/.local/lib/python3.8/site-packages/airflow/example_dags/tutorial_taskflow_api_virtualenv.py for tasks to queue
[2023-09-22T21:00:33.864+0000] {logging_mixin.py:151} INFO - [2023-09-22T21:00:33.864+0000] {dagbag.py:539} INFO - Filling up the DagBag from /home/airflow/.local/lib/python3.8/site-packages/airflow/example_dags/tutorial_taskflow_api_virtualenv.py
[2023-09-22T21:00:33.868+0000] {processor.py:839} INFO - DAG(s) dict_keys(['tutorial_taskflow_api_virtualenv']) retrieved from /home/airflow/.local/lib/python3.8/site-packages/airflow/example_dags/tutorial_taskflow_api_virtualenv.py
[2023-09-22T21:00:33.878+0000] {logging_mixin.py:151} INFO - [2023-09-22T21:00:33.878+0000] {dag.py:2907} INFO - Sync 1 DAGs
[2023-09-22T21:00:33.883+0000] {logging_mixin.py:151} INFO - [2023-09-22T21:00:33.883+0000] {dag.py:3677} INFO - Setting next_dagrun for tutorial_taskflow_api_virtualenv to None, run_after=None
[2023-09-22T21:00:33.890+0000] {processor.py:179} INFO - Processing /home/airflow/.local/lib/python3.8/site-packages/airflow/example_dags/tutorial_taskflow_api_virtualenv.py took 0.030 seconds
[2023-09-22T22:21:53.576+0000] {processor.py:157} INFO - Started process (PID=14679) to work on /home/airflow/.local/lib/python3.8/site-packages/airflow/example_dags/tutorial_taskflow_api_virtualenv.py
[2023-09-22T22:21:53.576+0000] {processor.py:829} INFO - Processing file /home/airflow/.local/lib/python3.8/site-packages/airflow/example_dags/tutorial_taskflow_api_virtualenv.py for tasks to queue
[2023-09-22T22:21:53.577+0000] {logging_mixin.py:151} INFO - [2023-09-22T22:21:53.577+0000] {dagbag.py:539} INFO - Filling up the DagBag from /home/airflow/.local/lib/python3.8/site-packages/airflow/example_dags/tutorial_taskflow_api_virtualenv.py
[2023-09-22T22:21:53.581+0000] {processor.py:839} INFO - DAG(s) dict_keys(['tutorial_taskflow_api_virtualenv']) retrieved from /home/airflow/.local/lib/python3.8/site-packages/airflow/example_dags/tutorial_taskflow_api_virtualenv.py
[2023-09-22T22:21:53.591+0000] {logging_mixin.py:151} INFO - [2023-09-22T22:21:53.591+0000] {dag.py:2907} INFO - Sync 1 DAGs
[2023-09-22T22:21:53.597+0000] {logging_mixin.py:151} INFO - [2023-09-22T22:21:53.597+0000] {dag.py:3677} INFO - Setting next_dagrun for tutorial_taskflow_api_virtualenv to None, run_after=None
[2023-09-22T22:21:53.604+0000] {processor.py:179} INFO - Processing /home/airflow/.local/lib/python3.8/site-packages/airflow/example_dags/tutorial_taskflow_api_virtualenv.py took 0.030 seconds
[2023-09-22T23:59:52.145+0000] {processor.py:157} INFO - Started process (PID=14726) to work on /home/airflow/.local/lib/python3.8/site-packages/airflow/example_dags/tutorial_taskflow_api_virtualenv.py
[2023-09-22T23:59:52.145+0000] {processor.py:829} INFO - Processing file /home/airflow/.local/lib/python3.8/site-packages/airflow/example_dags/tutorial_taskflow_api_virtualenv.py for tasks to queue
[2023-09-22T23:59:52.147+0000] {logging_mixin.py:151} INFO - [2023-09-22T23:59:52.146+0000] {dagbag.py:539} INFO - Filling up the DagBag from /home/airflow/.local/lib/python3.8/site-packages/airflow/example_dags/tutorial_taskflow_api_virtualenv.py
[2023-09-22T23:59:52.151+0000] {processor.py:839} INFO - DAG(s) dict_keys(['tutorial_taskflow_api_virtualenv']) retrieved from /home/airflow/.local/lib/python3.8/site-packages/airflow/example_dags/tutorial_taskflow_api_virtualenv.py
[2023-09-22T23:59:52.162+0000] {logging_mixin.py:151} INFO - [2023-09-22T23:59:52.161+0000] {dag.py:2907} INFO - Sync 1 DAGs
[2023-09-22T23:59:52.168+0000] {logging_mixin.py:151} INFO - [2023-09-22T23:59:52.167+0000] {dag.py:3677} INFO - Setting next_dagrun for tutorial_taskflow_api_virtualenv to None, run_after=None
[2023-09-22T23:59:52.174+0000] {processor.py:179} INFO - Processing /home/airflow/.local/lib/python3.8/site-packages/airflow/example_dags/tutorial_taskflow_api_virtualenv.py took 0.031 seconds
