[2023-10-08T00:10:25.532+0000] {processor.py:157} INFO - Started process (PID=89930) to work on /home/airflow/.local/lib/python3.8/site-packages/airflow/example_dags/example_local_kubernetes_executor.py
[2023-10-08T00:10:25.533+0000] {processor.py:829} INFO - Processing file /home/airflow/.local/lib/python3.8/site-packages/airflow/example_dags/example_local_kubernetes_executor.py for tasks to queue
[2023-10-08T00:10:25.533+0000] {logging_mixin.py:151} INFO - [2023-10-08T00:10:25.533+0000] {dagbag.py:539} INFO - Filling up the DagBag from /home/airflow/.local/lib/python3.8/site-packages/airflow/example_dags/example_local_kubernetes_executor.py
[2023-10-08T00:10:25.660+0000] {processor.py:839} INFO - DAG(s) dict_keys(['example_local_kubernetes_executor']) retrieved from /home/airflow/.local/lib/python3.8/site-packages/airflow/example_dags/example_local_kubernetes_executor.py
[2023-10-08T00:10:25.680+0000] {logging_mixin.py:151} INFO - [2023-10-08T00:10:25.680+0000] {dag.py:2907} INFO - Sync 1 DAGs
[2023-10-08T00:10:25.687+0000] {logging_mixin.py:151} INFO - [2023-10-08T00:10:25.687+0000] {dag.py:3677} INFO - Setting next_dagrun for example_local_kubernetes_executor to None, run_after=None
[2023-10-08T00:10:25.698+0000] {processor.py:179} INFO - Processing /home/airflow/.local/lib/python3.8/site-packages/airflow/example_dags/example_local_kubernetes_executor.py took 0.168 seconds
[2023-10-08T00:10:56.634+0000] {processor.py:157} INFO - Started process (PID=89981) to work on /home/airflow/.local/lib/python3.8/site-packages/airflow/example_dags/example_local_kubernetes_executor.py
[2023-10-08T00:10:56.635+0000] {processor.py:829} INFO - Processing file /home/airflow/.local/lib/python3.8/site-packages/airflow/example_dags/example_local_kubernetes_executor.py for tasks to queue
[2023-10-08T00:10:56.635+0000] {logging_mixin.py:151} INFO - [2023-10-08T00:10:56.635+0000] {dagbag.py:539} INFO - Filling up the DagBag from /home/airflow/.local/lib/python3.8/site-packages/airflow/example_dags/example_local_kubernetes_executor.py
[2023-10-08T00:10:56.753+0000] {processor.py:839} INFO - DAG(s) dict_keys(['example_local_kubernetes_executor']) retrieved from /home/airflow/.local/lib/python3.8/site-packages/airflow/example_dags/example_local_kubernetes_executor.py
[2023-10-08T00:10:56.771+0000] {logging_mixin.py:151} INFO - [2023-10-08T00:10:56.770+0000] {dag.py:2907} INFO - Sync 1 DAGs
[2023-10-08T00:10:56.776+0000] {logging_mixin.py:151} INFO - [2023-10-08T00:10:56.776+0000] {dag.py:3677} INFO - Setting next_dagrun for example_local_kubernetes_executor to None, run_after=None
[2023-10-08T00:10:56.786+0000] {processor.py:179} INFO - Processing /home/airflow/.local/lib/python3.8/site-packages/airflow/example_dags/example_local_kubernetes_executor.py took 0.156 seconds
[2023-10-08T00:26:23.364+0000] {processor.py:157} INFO - Started process (PID=90034) to work on /home/airflow/.local/lib/python3.8/site-packages/airflow/example_dags/example_local_kubernetes_executor.py
[2023-10-08T00:26:23.364+0000] {processor.py:829} INFO - Processing file /home/airflow/.local/lib/python3.8/site-packages/airflow/example_dags/example_local_kubernetes_executor.py for tasks to queue
[2023-10-08T00:26:23.365+0000] {logging_mixin.py:151} INFO - [2023-10-08T00:26:23.364+0000] {dagbag.py:539} INFO - Filling up the DagBag from /home/airflow/.local/lib/python3.8/site-packages/airflow/example_dags/example_local_kubernetes_executor.py
[2023-10-08T00:26:23.487+0000] {processor.py:839} INFO - DAG(s) dict_keys(['example_local_kubernetes_executor']) retrieved from /home/airflow/.local/lib/python3.8/site-packages/airflow/example_dags/example_local_kubernetes_executor.py
[2023-10-08T00:26:23.511+0000] {logging_mixin.py:151} INFO - [2023-10-08T00:26:23.510+0000] {dag.py:2907} INFO - Sync 1 DAGs
[2023-10-08T00:26:23.517+0000] {logging_mixin.py:151} INFO - [2023-10-08T00:26:23.517+0000] {dag.py:3677} INFO - Setting next_dagrun for example_local_kubernetes_executor to None, run_after=None
[2023-10-08T00:26:23.527+0000] {processor.py:179} INFO - Processing /home/airflow/.local/lib/python3.8/site-packages/airflow/example_dags/example_local_kubernetes_executor.py took 0.166 seconds
[2023-10-08T00:26:54.590+0000] {processor.py:157} INFO - Started process (PID=90085) to work on /home/airflow/.local/lib/python3.8/site-packages/airflow/example_dags/example_local_kubernetes_executor.py
[2023-10-08T00:26:54.591+0000] {processor.py:829} INFO - Processing file /home/airflow/.local/lib/python3.8/site-packages/airflow/example_dags/example_local_kubernetes_executor.py for tasks to queue
[2023-10-08T00:26:54.591+0000] {logging_mixin.py:151} INFO - [2023-10-08T00:26:54.591+0000] {dagbag.py:539} INFO - Filling up the DagBag from /home/airflow/.local/lib/python3.8/site-packages/airflow/example_dags/example_local_kubernetes_executor.py
[2023-10-08T00:26:54.713+0000] {processor.py:839} INFO - DAG(s) dict_keys(['example_local_kubernetes_executor']) retrieved from /home/airflow/.local/lib/python3.8/site-packages/airflow/example_dags/example_local_kubernetes_executor.py
[2023-10-08T00:26:54.731+0000] {logging_mixin.py:151} INFO - [2023-10-08T00:26:54.730+0000] {dag.py:2907} INFO - Sync 1 DAGs
[2023-10-08T00:26:54.738+0000] {logging_mixin.py:151} INFO - [2023-10-08T00:26:54.737+0000] {dag.py:3677} INFO - Setting next_dagrun for example_local_kubernetes_executor to None, run_after=None
[2023-10-08T00:26:54.751+0000] {processor.py:179} INFO - Processing /home/airflow/.local/lib/python3.8/site-packages/airflow/example_dags/example_local_kubernetes_executor.py took 0.163 seconds
[2023-10-08T00:43:23.573+0000] {processor.py:157} INFO - Started process (PID=90136) to work on /home/airflow/.local/lib/python3.8/site-packages/airflow/example_dags/example_local_kubernetes_executor.py
[2023-10-08T00:43:23.574+0000] {processor.py:829} INFO - Processing file /home/airflow/.local/lib/python3.8/site-packages/airflow/example_dags/example_local_kubernetes_executor.py for tasks to queue
[2023-10-08T00:43:23.574+0000] {logging_mixin.py:151} INFO - [2023-10-08T00:43:23.574+0000] {dagbag.py:539} INFO - Filling up the DagBag from /home/airflow/.local/lib/python3.8/site-packages/airflow/example_dags/example_local_kubernetes_executor.py
[2023-10-08T00:43:23.727+0000] {processor.py:839} INFO - DAG(s) dict_keys(['example_local_kubernetes_executor']) retrieved from /home/airflow/.local/lib/python3.8/site-packages/airflow/example_dags/example_local_kubernetes_executor.py
[2023-10-08T00:43:23.746+0000] {logging_mixin.py:151} INFO - [2023-10-08T00:43:23.745+0000] {dag.py:2907} INFO - Sync 1 DAGs
[2023-10-08T00:43:23.751+0000] {logging_mixin.py:151} INFO - [2023-10-08T00:43:23.751+0000] {dag.py:3677} INFO - Setting next_dagrun for example_local_kubernetes_executor to None, run_after=None
[2023-10-08T00:43:23.761+0000] {processor.py:179} INFO - Processing /home/airflow/.local/lib/python3.8/site-packages/airflow/example_dags/example_local_kubernetes_executor.py took 0.191 seconds
[2023-10-08T00:43:54.661+0000] {processor.py:157} INFO - Started process (PID=90187) to work on /home/airflow/.local/lib/python3.8/site-packages/airflow/example_dags/example_local_kubernetes_executor.py
[2023-10-08T00:43:54.662+0000] {processor.py:829} INFO - Processing file /home/airflow/.local/lib/python3.8/site-packages/airflow/example_dags/example_local_kubernetes_executor.py for tasks to queue
[2023-10-08T00:43:54.662+0000] {logging_mixin.py:151} INFO - [2023-10-08T00:43:54.662+0000] {dagbag.py:539} INFO - Filling up the DagBag from /home/airflow/.local/lib/python3.8/site-packages/airflow/example_dags/example_local_kubernetes_executor.py
[2023-10-08T00:43:54.782+0000] {processor.py:839} INFO - DAG(s) dict_keys(['example_local_kubernetes_executor']) retrieved from /home/airflow/.local/lib/python3.8/site-packages/airflow/example_dags/example_local_kubernetes_executor.py
[2023-10-08T00:43:54.822+0000] {logging_mixin.py:151} INFO - [2023-10-08T00:43:54.821+0000] {dag.py:2907} INFO - Sync 1 DAGs
[2023-10-08T00:43:54.828+0000] {logging_mixin.py:151} INFO - [2023-10-08T00:43:54.828+0000] {dag.py:3677} INFO - Setting next_dagrun for example_local_kubernetes_executor to None, run_after=None
[2023-10-08T00:43:54.839+0000] {processor.py:179} INFO - Processing /home/airflow/.local/lib/python3.8/site-packages/airflow/example_dags/example_local_kubernetes_executor.py took 0.180 seconds
[2023-10-08T00:44:25.010+0000] {processor.py:157} INFO - Started process (PID=90238) to work on /home/airflow/.local/lib/python3.8/site-packages/airflow/example_dags/example_local_kubernetes_executor.py
[2023-10-08T00:44:25.011+0000] {processor.py:829} INFO - Processing file /home/airflow/.local/lib/python3.8/site-packages/airflow/example_dags/example_local_kubernetes_executor.py for tasks to queue
[2023-10-08T00:44:25.011+0000] {logging_mixin.py:151} INFO - [2023-10-08T00:44:25.011+0000] {dagbag.py:539} INFO - Filling up the DagBag from /home/airflow/.local/lib/python3.8/site-packages/airflow/example_dags/example_local_kubernetes_executor.py
[2023-10-08T00:44:25.132+0000] {processor.py:839} INFO - DAG(s) dict_keys(['example_local_kubernetes_executor']) retrieved from /home/airflow/.local/lib/python3.8/site-packages/airflow/example_dags/example_local_kubernetes_executor.py
[2023-10-08T00:44:25.153+0000] {logging_mixin.py:151} INFO - [2023-10-08T00:44:25.152+0000] {dag.py:2907} INFO - Sync 1 DAGs
[2023-10-08T00:44:25.158+0000] {logging_mixin.py:151} INFO - [2023-10-08T00:44:25.158+0000] {dag.py:3677} INFO - Setting next_dagrun for example_local_kubernetes_executor to None, run_after=None
[2023-10-08T00:44:25.169+0000] {processor.py:179} INFO - Processing /home/airflow/.local/lib/python3.8/site-packages/airflow/example_dags/example_local_kubernetes_executor.py took 0.161 seconds
[2023-10-08T00:44:56.794+0000] {processor.py:157} INFO - Started process (PID=90289) to work on /home/airflow/.local/lib/python3.8/site-packages/airflow/example_dags/example_local_kubernetes_executor.py
[2023-10-08T00:44:56.795+0000] {processor.py:829} INFO - Processing file /home/airflow/.local/lib/python3.8/site-packages/airflow/example_dags/example_local_kubernetes_executor.py for tasks to queue
[2023-10-08T00:44:56.795+0000] {logging_mixin.py:151} INFO - [2023-10-08T00:44:56.795+0000] {dagbag.py:539} INFO - Filling up the DagBag from /home/airflow/.local/lib/python3.8/site-packages/airflow/example_dags/example_local_kubernetes_executor.py
[2023-10-08T00:44:56.917+0000] {processor.py:839} INFO - DAG(s) dict_keys(['example_local_kubernetes_executor']) retrieved from /home/airflow/.local/lib/python3.8/site-packages/airflow/example_dags/example_local_kubernetes_executor.py
[2023-10-08T00:44:56.979+0000] {logging_mixin.py:151} INFO - [2023-10-08T00:44:56.978+0000] {dag.py:2907} INFO - Sync 1 DAGs
[2023-10-08T00:44:56.985+0000] {logging_mixin.py:151} INFO - [2023-10-08T00:44:56.985+0000] {dag.py:3677} INFO - Setting next_dagrun for example_local_kubernetes_executor to None, run_after=None
[2023-10-08T00:44:56.996+0000] {processor.py:179} INFO - Processing /home/airflow/.local/lib/python3.8/site-packages/airflow/example_dags/example_local_kubernetes_executor.py took 0.203 seconds
[2023-10-08T00:45:27.566+0000] {processor.py:157} INFO - Started process (PID=90340) to work on /home/airflow/.local/lib/python3.8/site-packages/airflow/example_dags/example_local_kubernetes_executor.py
[2023-10-08T00:45:27.567+0000] {processor.py:829} INFO - Processing file /home/airflow/.local/lib/python3.8/site-packages/airflow/example_dags/example_local_kubernetes_executor.py for tasks to queue
[2023-10-08T00:45:27.567+0000] {logging_mixin.py:151} INFO - [2023-10-08T00:45:27.567+0000] {dagbag.py:539} INFO - Filling up the DagBag from /home/airflow/.local/lib/python3.8/site-packages/airflow/example_dags/example_local_kubernetes_executor.py
[2023-10-08T00:45:27.683+0000] {processor.py:839} INFO - DAG(s) dict_keys(['example_local_kubernetes_executor']) retrieved from /home/airflow/.local/lib/python3.8/site-packages/airflow/example_dags/example_local_kubernetes_executor.py
[2023-10-08T00:45:27.701+0000] {logging_mixin.py:151} INFO - [2023-10-08T00:45:27.701+0000] {dag.py:2907} INFO - Sync 1 DAGs
[2023-10-08T00:45:27.707+0000] {logging_mixin.py:151} INFO - [2023-10-08T00:45:27.707+0000] {dag.py:3677} INFO - Setting next_dagrun for example_local_kubernetes_executor to None, run_after=None
[2023-10-08T00:45:27.717+0000] {processor.py:179} INFO - Processing /home/airflow/.local/lib/python3.8/site-packages/airflow/example_dags/example_local_kubernetes_executor.py took 0.153 seconds
[2023-10-08T00:45:58.404+0000] {processor.py:157} INFO - Started process (PID=90391) to work on /home/airflow/.local/lib/python3.8/site-packages/airflow/example_dags/example_local_kubernetes_executor.py
[2023-10-08T00:45:58.405+0000] {processor.py:829} INFO - Processing file /home/airflow/.local/lib/python3.8/site-packages/airflow/example_dags/example_local_kubernetes_executor.py for tasks to queue
[2023-10-08T00:45:58.406+0000] {logging_mixin.py:151} INFO - [2023-10-08T00:45:58.406+0000] {dagbag.py:539} INFO - Filling up the DagBag from /home/airflow/.local/lib/python3.8/site-packages/airflow/example_dags/example_local_kubernetes_executor.py
[2023-10-08T00:45:58.524+0000] {processor.py:839} INFO - DAG(s) dict_keys(['example_local_kubernetes_executor']) retrieved from /home/airflow/.local/lib/python3.8/site-packages/airflow/example_dags/example_local_kubernetes_executor.py
[2023-10-08T00:45:58.542+0000] {logging_mixin.py:151} INFO - [2023-10-08T00:45:58.542+0000] {dag.py:2907} INFO - Sync 1 DAGs
[2023-10-08T00:45:58.548+0000] {logging_mixin.py:151} INFO - [2023-10-08T00:45:58.548+0000] {dag.py:3677} INFO - Setting next_dagrun for example_local_kubernetes_executor to None, run_after=None
[2023-10-08T00:45:58.558+0000] {processor.py:179} INFO - Processing /home/airflow/.local/lib/python3.8/site-packages/airflow/example_dags/example_local_kubernetes_executor.py took 0.155 seconds
[2023-10-08T00:46:28.942+0000] {processor.py:157} INFO - Started process (PID=90442) to work on /home/airflow/.local/lib/python3.8/site-packages/airflow/example_dags/example_local_kubernetes_executor.py
[2023-10-08T00:46:28.943+0000] {processor.py:829} INFO - Processing file /home/airflow/.local/lib/python3.8/site-packages/airflow/example_dags/example_local_kubernetes_executor.py for tasks to queue
[2023-10-08T00:46:28.944+0000] {logging_mixin.py:151} INFO - [2023-10-08T00:46:28.944+0000] {dagbag.py:539} INFO - Filling up the DagBag from /home/airflow/.local/lib/python3.8/site-packages/airflow/example_dags/example_local_kubernetes_executor.py
[2023-10-08T00:46:29.060+0000] {processor.py:839} INFO - DAG(s) dict_keys(['example_local_kubernetes_executor']) retrieved from /home/airflow/.local/lib/python3.8/site-packages/airflow/example_dags/example_local_kubernetes_executor.py
[2023-10-08T00:46:29.081+0000] {logging_mixin.py:151} INFO - [2023-10-08T00:46:29.080+0000] {dag.py:2907} INFO - Sync 1 DAGs
[2023-10-08T00:46:29.179+0000] {logging_mixin.py:151} INFO - [2023-10-08T00:46:29.179+0000] {dag.py:3677} INFO - Setting next_dagrun for example_local_kubernetes_executor to None, run_after=None
[2023-10-08T00:46:29.188+0000] {processor.py:179} INFO - Processing /home/airflow/.local/lib/python3.8/site-packages/airflow/example_dags/example_local_kubernetes_executor.py took 0.248 seconds
[2023-10-08T00:46:59.820+0000] {processor.py:157} INFO - Started process (PID=90493) to work on /home/airflow/.local/lib/python3.8/site-packages/airflow/example_dags/example_local_kubernetes_executor.py
[2023-10-08T00:46:59.820+0000] {processor.py:829} INFO - Processing file /home/airflow/.local/lib/python3.8/site-packages/airflow/example_dags/example_local_kubernetes_executor.py for tasks to queue
[2023-10-08T00:46:59.821+0000] {logging_mixin.py:151} INFO - [2023-10-08T00:46:59.820+0000] {dagbag.py:539} INFO - Filling up the DagBag from /home/airflow/.local/lib/python3.8/site-packages/airflow/example_dags/example_local_kubernetes_executor.py
[2023-10-08T00:46:59.950+0000] {processor.py:839} INFO - DAG(s) dict_keys(['example_local_kubernetes_executor']) retrieved from /home/airflow/.local/lib/python3.8/site-packages/airflow/example_dags/example_local_kubernetes_executor.py
[2023-10-08T00:46:59.968+0000] {logging_mixin.py:151} INFO - [2023-10-08T00:46:59.968+0000] {dag.py:2907} INFO - Sync 1 DAGs
[2023-10-08T00:46:59.977+0000] {logging_mixin.py:151} INFO - [2023-10-08T00:46:59.977+0000] {dag.py:3677} INFO - Setting next_dagrun for example_local_kubernetes_executor to None, run_after=None
[2023-10-08T00:46:59.988+0000] {processor.py:179} INFO - Processing /home/airflow/.local/lib/python3.8/site-packages/airflow/example_dags/example_local_kubernetes_executor.py took 0.171 seconds
[2023-10-08T00:47:30.340+0000] {processor.py:157} INFO - Started process (PID=90544) to work on /home/airflow/.local/lib/python3.8/site-packages/airflow/example_dags/example_local_kubernetes_executor.py
[2023-10-08T00:47:30.341+0000] {processor.py:829} INFO - Processing file /home/airflow/.local/lib/python3.8/site-packages/airflow/example_dags/example_local_kubernetes_executor.py for tasks to queue
[2023-10-08T00:47:30.341+0000] {logging_mixin.py:151} INFO - [2023-10-08T00:47:30.341+0000] {dagbag.py:539} INFO - Filling up the DagBag from /home/airflow/.local/lib/python3.8/site-packages/airflow/example_dags/example_local_kubernetes_executor.py
[2023-10-08T00:47:30.462+0000] {processor.py:839} INFO - DAG(s) dict_keys(['example_local_kubernetes_executor']) retrieved from /home/airflow/.local/lib/python3.8/site-packages/airflow/example_dags/example_local_kubernetes_executor.py
[2023-10-08T00:47:30.482+0000] {logging_mixin.py:151} INFO - [2023-10-08T00:47:30.481+0000] {dag.py:2907} INFO - Sync 1 DAGs
[2023-10-08T00:47:30.487+0000] {logging_mixin.py:151} INFO - [2023-10-08T00:47:30.487+0000] {dag.py:3677} INFO - Setting next_dagrun for example_local_kubernetes_executor to None, run_after=None
[2023-10-08T00:47:30.497+0000] {processor.py:179} INFO - Processing /home/airflow/.local/lib/python3.8/site-packages/airflow/example_dags/example_local_kubernetes_executor.py took 0.159 seconds
[2023-10-08T00:48:01.321+0000] {processor.py:157} INFO - Started process (PID=90595) to work on /home/airflow/.local/lib/python3.8/site-packages/airflow/example_dags/example_local_kubernetes_executor.py
[2023-10-08T00:48:01.321+0000] {processor.py:829} INFO - Processing file /home/airflow/.local/lib/python3.8/site-packages/airflow/example_dags/example_local_kubernetes_executor.py for tasks to queue
[2023-10-08T00:48:01.322+0000] {logging_mixin.py:151} INFO - [2023-10-08T00:48:01.322+0000] {dagbag.py:539} INFO - Filling up the DagBag from /home/airflow/.local/lib/python3.8/site-packages/airflow/example_dags/example_local_kubernetes_executor.py
[2023-10-08T00:48:01.440+0000] {processor.py:839} INFO - DAG(s) dict_keys(['example_local_kubernetes_executor']) retrieved from /home/airflow/.local/lib/python3.8/site-packages/airflow/example_dags/example_local_kubernetes_executor.py
[2023-10-08T00:48:01.556+0000] {logging_mixin.py:151} INFO - [2023-10-08T00:48:01.458+0000] {dag.py:2907} INFO - Sync 1 DAGs
[2023-10-08T00:48:01.562+0000] {logging_mixin.py:151} INFO - [2023-10-08T00:48:01.562+0000] {dag.py:3677} INFO - Setting next_dagrun for example_local_kubernetes_executor to None, run_after=None
[2023-10-08T00:48:01.572+0000] {processor.py:179} INFO - Processing /home/airflow/.local/lib/python3.8/site-packages/airflow/example_dags/example_local_kubernetes_executor.py took 0.253 seconds
[2023-10-08T00:48:31.899+0000] {processor.py:157} INFO - Started process (PID=90646) to work on /home/airflow/.local/lib/python3.8/site-packages/airflow/example_dags/example_local_kubernetes_executor.py
[2023-10-08T00:48:31.900+0000] {processor.py:829} INFO - Processing file /home/airflow/.local/lib/python3.8/site-packages/airflow/example_dags/example_local_kubernetes_executor.py for tasks to queue
[2023-10-08T00:48:31.901+0000] {logging_mixin.py:151} INFO - [2023-10-08T00:48:31.900+0000] {dagbag.py:539} INFO - Filling up the DagBag from /home/airflow/.local/lib/python3.8/site-packages/airflow/example_dags/example_local_kubernetes_executor.py
[2023-10-08T00:48:32.018+0000] {processor.py:839} INFO - DAG(s) dict_keys(['example_local_kubernetes_executor']) retrieved from /home/airflow/.local/lib/python3.8/site-packages/airflow/example_dags/example_local_kubernetes_executor.py
[2023-10-08T00:48:32.036+0000] {logging_mixin.py:151} INFO - [2023-10-08T00:48:32.035+0000] {dag.py:2907} INFO - Sync 1 DAGs
[2023-10-08T00:48:32.138+0000] {logging_mixin.py:151} INFO - [2023-10-08T00:48:32.137+0000] {dag.py:3677} INFO - Setting next_dagrun for example_local_kubernetes_executor to None, run_after=None
[2023-10-08T00:48:32.148+0000] {processor.py:179} INFO - Processing /home/airflow/.local/lib/python3.8/site-packages/airflow/example_dags/example_local_kubernetes_executor.py took 0.251 seconds
[2023-10-08T00:49:02.836+0000] {processor.py:157} INFO - Started process (PID=90697) to work on /home/airflow/.local/lib/python3.8/site-packages/airflow/example_dags/example_local_kubernetes_executor.py
[2023-10-08T00:49:02.837+0000] {processor.py:829} INFO - Processing file /home/airflow/.local/lib/python3.8/site-packages/airflow/example_dags/example_local_kubernetes_executor.py for tasks to queue
[2023-10-08T00:49:02.838+0000] {logging_mixin.py:151} INFO - [2023-10-08T00:49:02.837+0000] {dagbag.py:539} INFO - Filling up the DagBag from /home/airflow/.local/lib/python3.8/site-packages/airflow/example_dags/example_local_kubernetes_executor.py
[2023-10-08T00:49:02.966+0000] {processor.py:839} INFO - DAG(s) dict_keys(['example_local_kubernetes_executor']) retrieved from /home/airflow/.local/lib/python3.8/site-packages/airflow/example_dags/example_local_kubernetes_executor.py
[2023-10-08T00:49:02.984+0000] {logging_mixin.py:151} INFO - [2023-10-08T00:49:02.984+0000] {dag.py:2907} INFO - Sync 1 DAGs
[2023-10-08T00:49:02.990+0000] {logging_mixin.py:151} INFO - [2023-10-08T00:49:02.990+0000] {dag.py:3677} INFO - Setting next_dagrun for example_local_kubernetes_executor to None, run_after=None
[2023-10-08T00:49:03.001+0000] {processor.py:179} INFO - Processing /home/airflow/.local/lib/python3.8/site-packages/airflow/example_dags/example_local_kubernetes_executor.py took 0.166 seconds
[2023-10-08T00:49:33.778+0000] {processor.py:157} INFO - Started process (PID=90748) to work on /home/airflow/.local/lib/python3.8/site-packages/airflow/example_dags/example_local_kubernetes_executor.py
[2023-10-08T00:49:33.779+0000] {processor.py:829} INFO - Processing file /home/airflow/.local/lib/python3.8/site-packages/airflow/example_dags/example_local_kubernetes_executor.py for tasks to queue
[2023-10-08T00:49:33.779+0000] {logging_mixin.py:151} INFO - [2023-10-08T00:49:33.779+0000] {dagbag.py:539} INFO - Filling up the DagBag from /home/airflow/.local/lib/python3.8/site-packages/airflow/example_dags/example_local_kubernetes_executor.py
[2023-10-08T00:49:33.899+0000] {processor.py:839} INFO - DAG(s) dict_keys(['example_local_kubernetes_executor']) retrieved from /home/airflow/.local/lib/python3.8/site-packages/airflow/example_dags/example_local_kubernetes_executor.py
[2023-10-08T00:49:34.011+0000] {logging_mixin.py:151} INFO - [2023-10-08T00:49:34.011+0000] {dag.py:2907} INFO - Sync 1 DAGs
[2023-10-08T00:49:34.016+0000] {logging_mixin.py:151} INFO - [2023-10-08T00:49:34.016+0000] {dag.py:3677} INFO - Setting next_dagrun for example_local_kubernetes_executor to None, run_after=None
[2023-10-08T00:49:34.027+0000] {processor.py:179} INFO - Processing /home/airflow/.local/lib/python3.8/site-packages/airflow/example_dags/example_local_kubernetes_executor.py took 0.251 seconds
[2023-10-08T00:50:04.544+0000] {processor.py:157} INFO - Started process (PID=90799) to work on /home/airflow/.local/lib/python3.8/site-packages/airflow/example_dags/example_local_kubernetes_executor.py
[2023-10-08T00:50:04.544+0000] {processor.py:829} INFO - Processing file /home/airflow/.local/lib/python3.8/site-packages/airflow/example_dags/example_local_kubernetes_executor.py for tasks to queue
[2023-10-08T00:50:04.545+0000] {logging_mixin.py:151} INFO - [2023-10-08T00:50:04.545+0000] {dagbag.py:539} INFO - Filling up the DagBag from /home/airflow/.local/lib/python3.8/site-packages/airflow/example_dags/example_local_kubernetes_executor.py
[2023-10-08T00:50:04.661+0000] {processor.py:839} INFO - DAG(s) dict_keys(['example_local_kubernetes_executor']) retrieved from /home/airflow/.local/lib/python3.8/site-packages/airflow/example_dags/example_local_kubernetes_executor.py
[2023-10-08T00:50:04.679+0000] {logging_mixin.py:151} INFO - [2023-10-08T00:50:04.678+0000] {dag.py:2907} INFO - Sync 1 DAGs
[2023-10-08T00:50:04.786+0000] {logging_mixin.py:151} INFO - [2023-10-08T00:50:04.786+0000] {dag.py:3677} INFO - Setting next_dagrun for example_local_kubernetes_executor to None, run_after=None
[2023-10-08T00:50:04.797+0000] {processor.py:179} INFO - Processing /home/airflow/.local/lib/python3.8/site-packages/airflow/example_dags/example_local_kubernetes_executor.py took 0.255 seconds
[2023-10-08T00:50:35.170+0000] {processor.py:157} INFO - Started process (PID=90852) to work on /home/airflow/.local/lib/python3.8/site-packages/airflow/example_dags/example_local_kubernetes_executor.py
[2023-10-08T00:50:35.171+0000] {processor.py:829} INFO - Processing file /home/airflow/.local/lib/python3.8/site-packages/airflow/example_dags/example_local_kubernetes_executor.py for tasks to queue
[2023-10-08T00:50:35.172+0000] {logging_mixin.py:151} INFO - [2023-10-08T00:50:35.171+0000] {dagbag.py:539} INFO - Filling up the DagBag from /home/airflow/.local/lib/python3.8/site-packages/airflow/example_dags/example_local_kubernetes_executor.py
[2023-10-08T00:50:35.287+0000] {processor.py:839} INFO - DAG(s) dict_keys(['example_local_kubernetes_executor']) retrieved from /home/airflow/.local/lib/python3.8/site-packages/airflow/example_dags/example_local_kubernetes_executor.py
[2023-10-08T00:50:35.305+0000] {logging_mixin.py:151} INFO - [2023-10-08T00:50:35.305+0000] {dag.py:2907} INFO - Sync 1 DAGs
[2023-10-08T00:50:35.311+0000] {logging_mixin.py:151} INFO - [2023-10-08T00:50:35.311+0000] {dag.py:3677} INFO - Setting next_dagrun for example_local_kubernetes_executor to None, run_after=None
[2023-10-08T00:50:35.323+0000] {processor.py:179} INFO - Processing /home/airflow/.local/lib/python3.8/site-packages/airflow/example_dags/example_local_kubernetes_executor.py took 0.154 seconds
[2023-10-08T00:51:05.977+0000] {processor.py:157} INFO - Started process (PID=90901) to work on /home/airflow/.local/lib/python3.8/site-packages/airflow/example_dags/example_local_kubernetes_executor.py
[2023-10-08T00:51:05.978+0000] {processor.py:829} INFO - Processing file /home/airflow/.local/lib/python3.8/site-packages/airflow/example_dags/example_local_kubernetes_executor.py for tasks to queue
[2023-10-08T00:51:05.978+0000] {logging_mixin.py:151} INFO - [2023-10-08T00:51:05.978+0000] {dagbag.py:539} INFO - Filling up the DagBag from /home/airflow/.local/lib/python3.8/site-packages/airflow/example_dags/example_local_kubernetes_executor.py
[2023-10-08T00:51:06.201+0000] {processor.py:839} INFO - DAG(s) dict_keys(['example_local_kubernetes_executor']) retrieved from /home/airflow/.local/lib/python3.8/site-packages/airflow/example_dags/example_local_kubernetes_executor.py
[2023-10-08T00:51:06.217+0000] {logging_mixin.py:151} INFO - [2023-10-08T00:51:06.217+0000] {dag.py:2907} INFO - Sync 1 DAGs
[2023-10-08T00:51:06.222+0000] {logging_mixin.py:151} INFO - [2023-10-08T00:51:06.222+0000] {dag.py:3677} INFO - Setting next_dagrun for example_local_kubernetes_executor to None, run_after=None
[2023-10-08T00:51:06.230+0000] {processor.py:179} INFO - Processing /home/airflow/.local/lib/python3.8/site-packages/airflow/example_dags/example_local_kubernetes_executor.py took 0.255 seconds
[2023-10-08T00:51:36.463+0000] {processor.py:157} INFO - Started process (PID=90952) to work on /home/airflow/.local/lib/python3.8/site-packages/airflow/example_dags/example_local_kubernetes_executor.py
[2023-10-08T00:51:36.463+0000] {processor.py:829} INFO - Processing file /home/airflow/.local/lib/python3.8/site-packages/airflow/example_dags/example_local_kubernetes_executor.py for tasks to queue
[2023-10-08T00:51:36.464+0000] {logging_mixin.py:151} INFO - [2023-10-08T00:51:36.464+0000] {dagbag.py:539} INFO - Filling up the DagBag from /home/airflow/.local/lib/python3.8/site-packages/airflow/example_dags/example_local_kubernetes_executor.py
[2023-10-08T00:51:36.581+0000] {processor.py:839} INFO - DAG(s) dict_keys(['example_local_kubernetes_executor']) retrieved from /home/airflow/.local/lib/python3.8/site-packages/airflow/example_dags/example_local_kubernetes_executor.py
[2023-10-08T00:51:36.700+0000] {logging_mixin.py:151} INFO - [2023-10-08T00:51:36.699+0000] {dag.py:2907} INFO - Sync 1 DAGs
[2023-10-08T00:51:36.705+0000] {logging_mixin.py:151} INFO - [2023-10-08T00:51:36.704+0000] {dag.py:3677} INFO - Setting next_dagrun for example_local_kubernetes_executor to None, run_after=None
[2023-10-08T00:51:36.714+0000] {processor.py:179} INFO - Processing /home/airflow/.local/lib/python3.8/site-packages/airflow/example_dags/example_local_kubernetes_executor.py took 0.254 seconds
[2023-10-08T00:52:07.163+0000] {processor.py:157} INFO - Started process (PID=91003) to work on /home/airflow/.local/lib/python3.8/site-packages/airflow/example_dags/example_local_kubernetes_executor.py
[2023-10-08T00:52:07.164+0000] {processor.py:829} INFO - Processing file /home/airflow/.local/lib/python3.8/site-packages/airflow/example_dags/example_local_kubernetes_executor.py for tasks to queue
[2023-10-08T00:52:07.164+0000] {logging_mixin.py:151} INFO - [2023-10-08T00:52:07.164+0000] {dagbag.py:539} INFO - Filling up the DagBag from /home/airflow/.local/lib/python3.8/site-packages/airflow/example_dags/example_local_kubernetes_executor.py
[2023-10-08T00:52:07.397+0000] {processor.py:839} INFO - DAG(s) dict_keys(['example_local_kubernetes_executor']) retrieved from /home/airflow/.local/lib/python3.8/site-packages/airflow/example_dags/example_local_kubernetes_executor.py
[2023-10-08T00:52:07.414+0000] {logging_mixin.py:151} INFO - [2023-10-08T00:52:07.414+0000] {dag.py:2907} INFO - Sync 1 DAGs
[2023-10-08T00:52:07.420+0000] {logging_mixin.py:151} INFO - [2023-10-08T00:52:07.420+0000] {dag.py:3677} INFO - Setting next_dagrun for example_local_kubernetes_executor to None, run_after=None
[2023-10-08T00:52:07.430+0000] {processor.py:179} INFO - Processing /home/airflow/.local/lib/python3.8/site-packages/airflow/example_dags/example_local_kubernetes_executor.py took 0.270 seconds
[2023-10-08T00:52:37.633+0000] {processor.py:157} INFO - Started process (PID=91054) to work on /home/airflow/.local/lib/python3.8/site-packages/airflow/example_dags/example_local_kubernetes_executor.py
[2023-10-08T00:52:37.634+0000] {processor.py:829} INFO - Processing file /home/airflow/.local/lib/python3.8/site-packages/airflow/example_dags/example_local_kubernetes_executor.py for tasks to queue
[2023-10-08T00:52:37.634+0000] {logging_mixin.py:151} INFO - [2023-10-08T00:52:37.634+0000] {dagbag.py:539} INFO - Filling up the DagBag from /home/airflow/.local/lib/python3.8/site-packages/airflow/example_dags/example_local_kubernetes_executor.py
[2023-10-08T00:52:37.850+0000] {processor.py:839} INFO - DAG(s) dict_keys(['example_local_kubernetes_executor']) retrieved from /home/airflow/.local/lib/python3.8/site-packages/airflow/example_dags/example_local_kubernetes_executor.py
[2023-10-08T00:52:37.865+0000] {logging_mixin.py:151} INFO - [2023-10-08T00:52:37.865+0000] {dag.py:2907} INFO - Sync 1 DAGs
[2023-10-08T00:52:37.870+0000] {logging_mixin.py:151} INFO - [2023-10-08T00:52:37.869+0000] {dag.py:3677} INFO - Setting next_dagrun for example_local_kubernetes_executor to None, run_after=None
[2023-10-08T00:52:37.880+0000] {processor.py:179} INFO - Processing /home/airflow/.local/lib/python3.8/site-packages/airflow/example_dags/example_local_kubernetes_executor.py took 0.248 seconds
[2023-10-08T00:53:08.549+0000] {processor.py:157} INFO - Started process (PID=91108) to work on /home/airflow/.local/lib/python3.8/site-packages/airflow/example_dags/example_local_kubernetes_executor.py
[2023-10-08T00:53:08.550+0000] {processor.py:829} INFO - Processing file /home/airflow/.local/lib/python3.8/site-packages/airflow/example_dags/example_local_kubernetes_executor.py for tasks to queue
[2023-10-08T00:53:08.551+0000] {logging_mixin.py:151} INFO - [2023-10-08T00:53:08.551+0000] {dagbag.py:539} INFO - Filling up the DagBag from /home/airflow/.local/lib/python3.8/site-packages/airflow/example_dags/example_local_kubernetes_executor.py
[2023-10-08T00:53:08.775+0000] {processor.py:839} INFO - DAG(s) dict_keys(['example_local_kubernetes_executor']) retrieved from /home/airflow/.local/lib/python3.8/site-packages/airflow/example_dags/example_local_kubernetes_executor.py
[2023-10-08T00:53:08.791+0000] {logging_mixin.py:151} INFO - [2023-10-08T00:53:08.791+0000] {dag.py:2907} INFO - Sync 1 DAGs
[2023-10-08T00:53:08.797+0000] {logging_mixin.py:151} INFO - [2023-10-08T00:53:08.797+0000] {dag.py:3677} INFO - Setting next_dagrun for example_local_kubernetes_executor to None, run_after=None
[2023-10-08T00:53:08.806+0000] {processor.py:179} INFO - Processing /home/airflow/.local/lib/python3.8/site-packages/airflow/example_dags/example_local_kubernetes_executor.py took 0.259 seconds
[2023-10-08T00:53:39.087+0000] {processor.py:157} INFO - Started process (PID=91158) to work on /home/airflow/.local/lib/python3.8/site-packages/airflow/example_dags/example_local_kubernetes_executor.py
[2023-10-08T00:53:39.088+0000] {processor.py:829} INFO - Processing file /home/airflow/.local/lib/python3.8/site-packages/airflow/example_dags/example_local_kubernetes_executor.py for tasks to queue
[2023-10-08T00:53:39.088+0000] {logging_mixin.py:151} INFO - [2023-10-08T00:53:39.088+0000] {dagbag.py:539} INFO - Filling up the DagBag from /home/airflow/.local/lib/python3.8/site-packages/airflow/example_dags/example_local_kubernetes_executor.py
[2023-10-08T00:53:39.302+0000] {processor.py:839} INFO - DAG(s) dict_keys(['example_local_kubernetes_executor']) retrieved from /home/airflow/.local/lib/python3.8/site-packages/airflow/example_dags/example_local_kubernetes_executor.py
[2023-10-08T00:53:39.319+0000] {logging_mixin.py:151} INFO - [2023-10-08T00:53:39.318+0000] {dag.py:2907} INFO - Sync 1 DAGs
[2023-10-08T00:53:39.323+0000] {logging_mixin.py:151} INFO - [2023-10-08T00:53:39.323+0000] {dag.py:3677} INFO - Setting next_dagrun for example_local_kubernetes_executor to None, run_after=None
[2023-10-08T00:53:39.333+0000] {processor.py:179} INFO - Processing /home/airflow/.local/lib/python3.8/site-packages/airflow/example_dags/example_local_kubernetes_executor.py took 0.248 seconds
[2023-10-08T00:54:09.877+0000] {processor.py:157} INFO - Started process (PID=91207) to work on /home/airflow/.local/lib/python3.8/site-packages/airflow/example_dags/example_local_kubernetes_executor.py
[2023-10-08T00:54:09.877+0000] {processor.py:829} INFO - Processing file /home/airflow/.local/lib/python3.8/site-packages/airflow/example_dags/example_local_kubernetes_executor.py for tasks to queue
[2023-10-08T00:54:09.878+0000] {logging_mixin.py:151} INFO - [2023-10-08T00:54:09.878+0000] {dagbag.py:539} INFO - Filling up the DagBag from /home/airflow/.local/lib/python3.8/site-packages/airflow/example_dags/example_local_kubernetes_executor.py
[2023-10-08T00:54:10.090+0000] {processor.py:839} INFO - DAG(s) dict_keys(['example_local_kubernetes_executor']) retrieved from /home/airflow/.local/lib/python3.8/site-packages/airflow/example_dags/example_local_kubernetes_executor.py
[2023-10-08T00:54:10.106+0000] {logging_mixin.py:151} INFO - [2023-10-08T00:54:10.106+0000] {dag.py:2907} INFO - Sync 1 DAGs
[2023-10-08T00:54:10.112+0000] {logging_mixin.py:151} INFO - [2023-10-08T00:54:10.112+0000] {dag.py:3677} INFO - Setting next_dagrun for example_local_kubernetes_executor to None, run_after=None
[2023-10-08T00:54:10.121+0000] {processor.py:179} INFO - Processing /home/airflow/.local/lib/python3.8/site-packages/airflow/example_dags/example_local_kubernetes_executor.py took 0.247 seconds
[2023-10-08T00:54:40.398+0000] {processor.py:157} INFO - Started process (PID=91260) to work on /home/airflow/.local/lib/python3.8/site-packages/airflow/example_dags/example_local_kubernetes_executor.py
[2023-10-08T00:54:40.398+0000] {processor.py:829} INFO - Processing file /home/airflow/.local/lib/python3.8/site-packages/airflow/example_dags/example_local_kubernetes_executor.py for tasks to queue
[2023-10-08T00:54:40.399+0000] {logging_mixin.py:151} INFO - [2023-10-08T00:54:40.399+0000] {dagbag.py:539} INFO - Filling up the DagBag from /home/airflow/.local/lib/python3.8/site-packages/airflow/example_dags/example_local_kubernetes_executor.py
[2023-10-08T00:54:40.625+0000] {processor.py:839} INFO - DAG(s) dict_keys(['example_local_kubernetes_executor']) retrieved from /home/airflow/.local/lib/python3.8/site-packages/airflow/example_dags/example_local_kubernetes_executor.py
[2023-10-08T00:54:40.644+0000] {logging_mixin.py:151} INFO - [2023-10-08T00:54:40.644+0000] {dag.py:2907} INFO - Sync 1 DAGs
[2023-10-08T00:54:40.650+0000] {logging_mixin.py:151} INFO - [2023-10-08T00:54:40.650+0000] {dag.py:3677} INFO - Setting next_dagrun for example_local_kubernetes_executor to None, run_after=None
[2023-10-08T00:54:40.664+0000] {processor.py:179} INFO - Processing /home/airflow/.local/lib/python3.8/site-packages/airflow/example_dags/example_local_kubernetes_executor.py took 0.269 seconds
[2023-10-08T00:55:11.301+0000] {processor.py:157} INFO - Started process (PID=91309) to work on /home/airflow/.local/lib/python3.8/site-packages/airflow/example_dags/example_local_kubernetes_executor.py
[2023-10-08T00:55:11.301+0000] {processor.py:829} INFO - Processing file /home/airflow/.local/lib/python3.8/site-packages/airflow/example_dags/example_local_kubernetes_executor.py for tasks to queue
[2023-10-08T00:55:11.302+0000] {logging_mixin.py:151} INFO - [2023-10-08T00:55:11.302+0000] {dagbag.py:539} INFO - Filling up the DagBag from /home/airflow/.local/lib/python3.8/site-packages/airflow/example_dags/example_local_kubernetes_executor.py
[2023-10-08T00:55:11.534+0000] {processor.py:839} INFO - DAG(s) dict_keys(['example_local_kubernetes_executor']) retrieved from /home/airflow/.local/lib/python3.8/site-packages/airflow/example_dags/example_local_kubernetes_executor.py
[2023-10-08T00:55:11.550+0000] {logging_mixin.py:151} INFO - [2023-10-08T00:55:11.550+0000] {dag.py:2907} INFO - Sync 1 DAGs
[2023-10-08T00:55:11.555+0000] {logging_mixin.py:151} INFO - [2023-10-08T00:55:11.555+0000] {dag.py:3677} INFO - Setting next_dagrun for example_local_kubernetes_executor to None, run_after=None
[2023-10-08T00:55:11.563+0000] {processor.py:179} INFO - Processing /home/airflow/.local/lib/python3.8/site-packages/airflow/example_dags/example_local_kubernetes_executor.py took 0.265 seconds
[2023-10-08T00:55:41.707+0000] {processor.py:157} INFO - Started process (PID=91360) to work on /home/airflow/.local/lib/python3.8/site-packages/airflow/example_dags/example_local_kubernetes_executor.py
[2023-10-08T00:55:41.708+0000] {processor.py:829} INFO - Processing file /home/airflow/.local/lib/python3.8/site-packages/airflow/example_dags/example_local_kubernetes_executor.py for tasks to queue
[2023-10-08T00:55:41.709+0000] {logging_mixin.py:151} INFO - [2023-10-08T00:55:41.709+0000] {dagbag.py:539} INFO - Filling up the DagBag from /home/airflow/.local/lib/python3.8/site-packages/airflow/example_dags/example_local_kubernetes_executor.py
[2023-10-08T00:55:41.922+0000] {processor.py:839} INFO - DAG(s) dict_keys(['example_local_kubernetes_executor']) retrieved from /home/airflow/.local/lib/python3.8/site-packages/airflow/example_dags/example_local_kubernetes_executor.py
[2023-10-08T00:55:41.938+0000] {logging_mixin.py:151} INFO - [2023-10-08T00:55:41.938+0000] {dag.py:2907} INFO - Sync 1 DAGs
[2023-10-08T00:55:41.942+0000] {logging_mixin.py:151} INFO - [2023-10-08T00:55:41.942+0000] {dag.py:3677} INFO - Setting next_dagrun for example_local_kubernetes_executor to None, run_after=None
[2023-10-08T00:55:41.952+0000] {processor.py:179} INFO - Processing /home/airflow/.local/lib/python3.8/site-packages/airflow/example_dags/example_local_kubernetes_executor.py took 0.248 seconds
[2023-10-08T00:56:12.453+0000] {processor.py:157} INFO - Started process (PID=91411) to work on /home/airflow/.local/lib/python3.8/site-packages/airflow/example_dags/example_local_kubernetes_executor.py
[2023-10-08T00:56:12.454+0000] {processor.py:829} INFO - Processing file /home/airflow/.local/lib/python3.8/site-packages/airflow/example_dags/example_local_kubernetes_executor.py for tasks to queue
[2023-10-08T00:56:12.454+0000] {logging_mixin.py:151} INFO - [2023-10-08T00:56:12.454+0000] {dagbag.py:539} INFO - Filling up the DagBag from /home/airflow/.local/lib/python3.8/site-packages/airflow/example_dags/example_local_kubernetes_executor.py
[2023-10-08T00:56:12.643+0000] {processor.py:839} INFO - DAG(s) dict_keys(['example_local_kubernetes_executor']) retrieved from /home/airflow/.local/lib/python3.8/site-packages/airflow/example_dags/example_local_kubernetes_executor.py
[2023-10-08T00:56:12.659+0000] {logging_mixin.py:151} INFO - [2023-10-08T00:56:12.658+0000] {dag.py:2907} INFO - Sync 1 DAGs
[2023-10-08T00:56:12.664+0000] {logging_mixin.py:151} INFO - [2023-10-08T00:56:12.664+0000] {dag.py:3677} INFO - Setting next_dagrun for example_local_kubernetes_executor to None, run_after=None
[2023-10-08T00:56:12.674+0000] {processor.py:179} INFO - Processing /home/airflow/.local/lib/python3.8/site-packages/airflow/example_dags/example_local_kubernetes_executor.py took 0.223 seconds
[2023-10-08T00:56:43.453+0000] {processor.py:157} INFO - Started process (PID=91462) to work on /home/airflow/.local/lib/python3.8/site-packages/airflow/example_dags/example_local_kubernetes_executor.py
[2023-10-08T00:56:43.453+0000] {processor.py:829} INFO - Processing file /home/airflow/.local/lib/python3.8/site-packages/airflow/example_dags/example_local_kubernetes_executor.py for tasks to queue
[2023-10-08T00:56:43.454+0000] {logging_mixin.py:151} INFO - [2023-10-08T00:56:43.454+0000] {dagbag.py:539} INFO - Filling up the DagBag from /home/airflow/.local/lib/python3.8/site-packages/airflow/example_dags/example_local_kubernetes_executor.py
[2023-10-08T00:56:43.670+0000] {processor.py:839} INFO - DAG(s) dict_keys(['example_local_kubernetes_executor']) retrieved from /home/airflow/.local/lib/python3.8/site-packages/airflow/example_dags/example_local_kubernetes_executor.py
[2023-10-08T00:56:43.686+0000] {logging_mixin.py:151} INFO - [2023-10-08T00:56:43.686+0000] {dag.py:2907} INFO - Sync 1 DAGs
[2023-10-08T00:56:43.691+0000] {logging_mixin.py:151} INFO - [2023-10-08T00:56:43.690+0000] {dag.py:3677} INFO - Setting next_dagrun for example_local_kubernetes_executor to None, run_after=None
[2023-10-08T00:56:43.702+0000] {processor.py:179} INFO - Processing /home/airflow/.local/lib/python3.8/site-packages/airflow/example_dags/example_local_kubernetes_executor.py took 0.252 seconds
[2023-10-08T00:57:14.156+0000] {processor.py:157} INFO - Started process (PID=91513) to work on /home/airflow/.local/lib/python3.8/site-packages/airflow/example_dags/example_local_kubernetes_executor.py
[2023-10-08T00:57:14.156+0000] {processor.py:829} INFO - Processing file /home/airflow/.local/lib/python3.8/site-packages/airflow/example_dags/example_local_kubernetes_executor.py for tasks to queue
[2023-10-08T00:57:14.157+0000] {logging_mixin.py:151} INFO - [2023-10-08T00:57:14.156+0000] {dagbag.py:539} INFO - Filling up the DagBag from /home/airflow/.local/lib/python3.8/site-packages/airflow/example_dags/example_local_kubernetes_executor.py
[2023-10-08T00:57:14.370+0000] {processor.py:839} INFO - DAG(s) dict_keys(['example_local_kubernetes_executor']) retrieved from /home/airflow/.local/lib/python3.8/site-packages/airflow/example_dags/example_local_kubernetes_executor.py
[2023-10-08T00:57:14.387+0000] {logging_mixin.py:151} INFO - [2023-10-08T00:57:14.387+0000] {dag.py:2907} INFO - Sync 1 DAGs
[2023-10-08T00:57:14.392+0000] {logging_mixin.py:151} INFO - [2023-10-08T00:57:14.391+0000] {dag.py:3677} INFO - Setting next_dagrun for example_local_kubernetes_executor to None, run_after=None
[2023-10-08T00:57:14.404+0000] {processor.py:179} INFO - Processing /home/airflow/.local/lib/python3.8/site-packages/airflow/example_dags/example_local_kubernetes_executor.py took 0.250 seconds
[2023-10-08T00:57:44.445+0000] {processor.py:157} INFO - Started process (PID=91566) to work on /home/airflow/.local/lib/python3.8/site-packages/airflow/example_dags/example_local_kubernetes_executor.py
[2023-10-08T00:57:44.446+0000] {processor.py:829} INFO - Processing file /home/airflow/.local/lib/python3.8/site-packages/airflow/example_dags/example_local_kubernetes_executor.py for tasks to queue
[2023-10-08T00:57:44.446+0000] {logging_mixin.py:151} INFO - [2023-10-08T00:57:44.446+0000] {dagbag.py:539} INFO - Filling up the DagBag from /home/airflow/.local/lib/python3.8/site-packages/airflow/example_dags/example_local_kubernetes_executor.py
[2023-10-08T00:57:44.664+0000] {processor.py:839} INFO - DAG(s) dict_keys(['example_local_kubernetes_executor']) retrieved from /home/airflow/.local/lib/python3.8/site-packages/airflow/example_dags/example_local_kubernetes_executor.py
[2023-10-08T00:57:44.682+0000] {logging_mixin.py:151} INFO - [2023-10-08T00:57:44.681+0000] {dag.py:2907} INFO - Sync 1 DAGs
[2023-10-08T00:57:44.686+0000] {logging_mixin.py:151} INFO - [2023-10-08T00:57:44.686+0000] {dag.py:3677} INFO - Setting next_dagrun for example_local_kubernetes_executor to None, run_after=None
[2023-10-08T00:57:44.696+0000] {processor.py:179} INFO - Processing /home/airflow/.local/lib/python3.8/site-packages/airflow/example_dags/example_local_kubernetes_executor.py took 0.253 seconds
[2023-10-08T00:58:15.365+0000] {processor.py:157} INFO - Started process (PID=91616) to work on /home/airflow/.local/lib/python3.8/site-packages/airflow/example_dags/example_local_kubernetes_executor.py
[2023-10-08T00:58:15.366+0000] {processor.py:829} INFO - Processing file /home/airflow/.local/lib/python3.8/site-packages/airflow/example_dags/example_local_kubernetes_executor.py for tasks to queue
[2023-10-08T00:58:15.367+0000] {logging_mixin.py:151} INFO - [2023-10-08T00:58:15.367+0000] {dagbag.py:539} INFO - Filling up the DagBag from /home/airflow/.local/lib/python3.8/site-packages/airflow/example_dags/example_local_kubernetes_executor.py
[2023-10-08T00:58:15.590+0000] {processor.py:839} INFO - DAG(s) dict_keys(['example_local_kubernetes_executor']) retrieved from /home/airflow/.local/lib/python3.8/site-packages/airflow/example_dags/example_local_kubernetes_executor.py
[2023-10-08T00:58:15.608+0000] {logging_mixin.py:151} INFO - [2023-10-08T00:58:15.607+0000] {dag.py:2907} INFO - Sync 1 DAGs
[2023-10-08T00:58:15.614+0000] {logging_mixin.py:151} INFO - [2023-10-08T00:58:15.614+0000] {dag.py:3677} INFO - Setting next_dagrun for example_local_kubernetes_executor to None, run_after=None
[2023-10-08T00:58:15.627+0000] {processor.py:179} INFO - Processing /home/airflow/.local/lib/python3.8/site-packages/airflow/example_dags/example_local_kubernetes_executor.py took 0.263 seconds
[2023-10-08T01:14:40.412+0000] {processor.py:157} INFO - Started process (PID=91666) to work on /home/airflow/.local/lib/python3.8/site-packages/airflow/example_dags/example_local_kubernetes_executor.py
[2023-10-08T01:14:40.413+0000] {processor.py:829} INFO - Processing file /home/airflow/.local/lib/python3.8/site-packages/airflow/example_dags/example_local_kubernetes_executor.py for tasks to queue
[2023-10-08T01:14:40.414+0000] {logging_mixin.py:151} INFO - [2023-10-08T01:14:40.413+0000] {dagbag.py:539} INFO - Filling up the DagBag from /home/airflow/.local/lib/python3.8/site-packages/airflow/example_dags/example_local_kubernetes_executor.py
[2023-10-08T01:14:40.718+0000] {processor.py:839} INFO - DAG(s) dict_keys(['example_local_kubernetes_executor']) retrieved from /home/airflow/.local/lib/python3.8/site-packages/airflow/example_dags/example_local_kubernetes_executor.py
[2023-10-08T01:14:40.739+0000] {logging_mixin.py:151} INFO - [2023-10-08T01:14:40.738+0000] {dag.py:2907} INFO - Sync 1 DAGs
[2023-10-08T01:14:40.745+0000] {logging_mixin.py:151} INFO - [2023-10-08T01:14:40.745+0000] {dag.py:3677} INFO - Setting next_dagrun for example_local_kubernetes_executor to None, run_after=None
[2023-10-08T01:14:40.756+0000] {processor.py:179} INFO - Processing /home/airflow/.local/lib/python3.8/site-packages/airflow/example_dags/example_local_kubernetes_executor.py took 0.346 seconds
[2023-10-08T01:15:11.622+0000] {processor.py:157} INFO - Started process (PID=91717) to work on /home/airflow/.local/lib/python3.8/site-packages/airflow/example_dags/example_local_kubernetes_executor.py
[2023-10-08T01:15:11.623+0000] {processor.py:829} INFO - Processing file /home/airflow/.local/lib/python3.8/site-packages/airflow/example_dags/example_local_kubernetes_executor.py for tasks to queue
[2023-10-08T01:15:11.623+0000] {logging_mixin.py:151} INFO - [2023-10-08T01:15:11.623+0000] {dagbag.py:539} INFO - Filling up the DagBag from /home/airflow/.local/lib/python3.8/site-packages/airflow/example_dags/example_local_kubernetes_executor.py
[2023-10-08T01:15:11.834+0000] {processor.py:839} INFO - DAG(s) dict_keys(['example_local_kubernetes_executor']) retrieved from /home/airflow/.local/lib/python3.8/site-packages/airflow/example_dags/example_local_kubernetes_executor.py
[2023-10-08T01:15:11.851+0000] {logging_mixin.py:151} INFO - [2023-10-08T01:15:11.850+0000] {dag.py:2907} INFO - Sync 1 DAGs
[2023-10-08T01:15:11.855+0000] {logging_mixin.py:151} INFO - [2023-10-08T01:15:11.855+0000] {dag.py:3677} INFO - Setting next_dagrun for example_local_kubernetes_executor to None, run_after=None
[2023-10-08T01:15:11.865+0000] {processor.py:179} INFO - Processing /home/airflow/.local/lib/python3.8/site-packages/airflow/example_dags/example_local_kubernetes_executor.py took 0.245 seconds
[2023-10-08T01:15:44.881+0000] {processor.py:157} INFO - Started process (PID=91768) to work on /home/airflow/.local/lib/python3.8/site-packages/airflow/example_dags/example_local_kubernetes_executor.py
[2023-10-08T01:15:44.882+0000] {processor.py:829} INFO - Processing file /home/airflow/.local/lib/python3.8/site-packages/airflow/example_dags/example_local_kubernetes_executor.py for tasks to queue
[2023-10-08T01:15:44.882+0000] {logging_mixin.py:151} INFO - [2023-10-08T01:15:44.882+0000] {dagbag.py:539} INFO - Filling up the DagBag from /home/airflow/.local/lib/python3.8/site-packages/airflow/example_dags/example_local_kubernetes_executor.py
[2023-10-08T01:15:45.111+0000] {processor.py:839} INFO - DAG(s) dict_keys(['example_local_kubernetes_executor']) retrieved from /home/airflow/.local/lib/python3.8/site-packages/airflow/example_dags/example_local_kubernetes_executor.py
[2023-10-08T01:15:45.128+0000] {logging_mixin.py:151} INFO - [2023-10-08T01:15:45.128+0000] {dag.py:2907} INFO - Sync 1 DAGs
[2023-10-08T01:15:45.132+0000] {logging_mixin.py:151} INFO - [2023-10-08T01:15:45.132+0000] {dag.py:3677} INFO - Setting next_dagrun for example_local_kubernetes_executor to None, run_after=None
[2023-10-08T01:15:45.142+0000] {processor.py:179} INFO - Processing /home/airflow/.local/lib/python3.8/site-packages/airflow/example_dags/example_local_kubernetes_executor.py took 0.263 seconds
[2023-10-08T01:18:32.386+0000] {processor.py:157} INFO - Started process (PID=91819) to work on /home/airflow/.local/lib/python3.8/site-packages/airflow/example_dags/example_local_kubernetes_executor.py
[2023-10-08T01:18:32.387+0000] {processor.py:829} INFO - Processing file /home/airflow/.local/lib/python3.8/site-packages/airflow/example_dags/example_local_kubernetes_executor.py for tasks to queue
[2023-10-08T01:18:32.388+0000] {logging_mixin.py:151} INFO - [2023-10-08T01:18:32.388+0000] {dagbag.py:539} INFO - Filling up the DagBag from /home/airflow/.local/lib/python3.8/site-packages/airflow/example_dags/example_local_kubernetes_executor.py
[2023-10-08T01:18:32.607+0000] {processor.py:839} INFO - DAG(s) dict_keys(['example_local_kubernetes_executor']) retrieved from /home/airflow/.local/lib/python3.8/site-packages/airflow/example_dags/example_local_kubernetes_executor.py
[2023-10-08T01:18:32.624+0000] {logging_mixin.py:151} INFO - [2023-10-08T01:18:32.624+0000] {dag.py:2907} INFO - Sync 1 DAGs
[2023-10-08T01:18:32.630+0000] {logging_mixin.py:151} INFO - [2023-10-08T01:18:32.630+0000] {dag.py:3677} INFO - Setting next_dagrun for example_local_kubernetes_executor to None, run_after=None
[2023-10-08T01:18:32.640+0000] {processor.py:179} INFO - Processing /home/airflow/.local/lib/python3.8/site-packages/airflow/example_dags/example_local_kubernetes_executor.py took 0.256 seconds
[2023-10-08T01:19:03.703+0000] {processor.py:157} INFO - Started process (PID=91870) to work on /home/airflow/.local/lib/python3.8/site-packages/airflow/example_dags/example_local_kubernetes_executor.py
[2023-10-08T01:19:03.704+0000] {processor.py:829} INFO - Processing file /home/airflow/.local/lib/python3.8/site-packages/airflow/example_dags/example_local_kubernetes_executor.py for tasks to queue
[2023-10-08T01:19:03.705+0000] {logging_mixin.py:151} INFO - [2023-10-08T01:19:03.704+0000] {dagbag.py:539} INFO - Filling up the DagBag from /home/airflow/.local/lib/python3.8/site-packages/airflow/example_dags/example_local_kubernetes_executor.py
[2023-10-08T01:19:03.921+0000] {processor.py:839} INFO - DAG(s) dict_keys(['example_local_kubernetes_executor']) retrieved from /home/airflow/.local/lib/python3.8/site-packages/airflow/example_dags/example_local_kubernetes_executor.py
[2023-10-08T01:19:03.938+0000] {logging_mixin.py:151} INFO - [2023-10-08T01:19:03.938+0000] {dag.py:2907} INFO - Sync 1 DAGs
[2023-10-08T01:19:03.942+0000] {logging_mixin.py:151} INFO - [2023-10-08T01:19:03.942+0000] {dag.py:3677} INFO - Setting next_dagrun for example_local_kubernetes_executor to None, run_after=None
[2023-10-08T01:19:03.952+0000] {processor.py:179} INFO - Processing /home/airflow/.local/lib/python3.8/site-packages/airflow/example_dags/example_local_kubernetes_executor.py took 0.251 seconds
[2023-10-08T01:19:34.728+0000] {processor.py:157} INFO - Started process (PID=91921) to work on /home/airflow/.local/lib/python3.8/site-packages/airflow/example_dags/example_local_kubernetes_executor.py
[2023-10-08T01:19:34.728+0000] {processor.py:829} INFO - Processing file /home/airflow/.local/lib/python3.8/site-packages/airflow/example_dags/example_local_kubernetes_executor.py for tasks to queue
[2023-10-08T01:19:34.729+0000] {logging_mixin.py:151} INFO - [2023-10-08T01:19:34.729+0000] {dagbag.py:539} INFO - Filling up the DagBag from /home/airflow/.local/lib/python3.8/site-packages/airflow/example_dags/example_local_kubernetes_executor.py
[2023-10-08T01:19:35.018+0000] {processor.py:839} INFO - DAG(s) dict_keys(['example_local_kubernetes_executor']) retrieved from /home/airflow/.local/lib/python3.8/site-packages/airflow/example_dags/example_local_kubernetes_executor.py
[2023-10-08T01:19:35.050+0000] {logging_mixin.py:151} INFO - [2023-10-08T01:19:35.050+0000] {dag.py:2907} INFO - Sync 1 DAGs
[2023-10-08T01:19:35.056+0000] {logging_mixin.py:151} INFO - [2023-10-08T01:19:35.056+0000] {dag.py:3677} INFO - Setting next_dagrun for example_local_kubernetes_executor to None, run_after=None
[2023-10-08T01:19:35.067+0000] {processor.py:179} INFO - Processing /home/airflow/.local/lib/python3.8/site-packages/airflow/example_dags/example_local_kubernetes_executor.py took 0.342 seconds
[2023-10-08T01:20:06.065+0000] {processor.py:157} INFO - Started process (PID=91973) to work on /home/airflow/.local/lib/python3.8/site-packages/airflow/example_dags/example_local_kubernetes_executor.py
[2023-10-08T01:20:06.066+0000] {processor.py:829} INFO - Processing file /home/airflow/.local/lib/python3.8/site-packages/airflow/example_dags/example_local_kubernetes_executor.py for tasks to queue
[2023-10-08T01:20:06.066+0000] {logging_mixin.py:151} INFO - [2023-10-08T01:20:06.066+0000] {dagbag.py:539} INFO - Filling up the DagBag from /home/airflow/.local/lib/python3.8/site-packages/airflow/example_dags/example_local_kubernetes_executor.py
[2023-10-08T01:20:06.332+0000] {processor.py:839} INFO - DAG(s) dict_keys(['example_local_kubernetes_executor']) retrieved from /home/airflow/.local/lib/python3.8/site-packages/airflow/example_dags/example_local_kubernetes_executor.py
[2023-10-08T01:20:06.348+0000] {logging_mixin.py:151} INFO - [2023-10-08T01:20:06.348+0000] {dag.py:2907} INFO - Sync 1 DAGs
[2023-10-08T01:20:06.354+0000] {logging_mixin.py:151} INFO - [2023-10-08T01:20:06.354+0000] {dag.py:3677} INFO - Setting next_dagrun for example_local_kubernetes_executor to None, run_after=None
[2023-10-08T01:20:06.363+0000] {processor.py:179} INFO - Processing /home/airflow/.local/lib/python3.8/site-packages/airflow/example_dags/example_local_kubernetes_executor.py took 0.300 seconds
[2023-10-08T01:20:37.088+0000] {processor.py:157} INFO - Started process (PID=92023) to work on /home/airflow/.local/lib/python3.8/site-packages/airflow/example_dags/example_local_kubernetes_executor.py
[2023-10-08T01:20:37.089+0000] {processor.py:829} INFO - Processing file /home/airflow/.local/lib/python3.8/site-packages/airflow/example_dags/example_local_kubernetes_executor.py for tasks to queue
[2023-10-08T01:20:37.090+0000] {logging_mixin.py:151} INFO - [2023-10-08T01:20:37.089+0000] {dagbag.py:539} INFO - Filling up the DagBag from /home/airflow/.local/lib/python3.8/site-packages/airflow/example_dags/example_local_kubernetes_executor.py
[2023-10-08T01:20:37.304+0000] {processor.py:839} INFO - DAG(s) dict_keys(['example_local_kubernetes_executor']) retrieved from /home/airflow/.local/lib/python3.8/site-packages/airflow/example_dags/example_local_kubernetes_executor.py
[2023-10-08T01:20:37.321+0000] {logging_mixin.py:151} INFO - [2023-10-08T01:20:37.321+0000] {dag.py:2907} INFO - Sync 1 DAGs
[2023-10-08T01:20:37.325+0000] {logging_mixin.py:151} INFO - [2023-10-08T01:20:37.325+0000] {dag.py:3677} INFO - Setting next_dagrun for example_local_kubernetes_executor to None, run_after=None
[2023-10-08T01:20:37.338+0000] {processor.py:179} INFO - Processing /home/airflow/.local/lib/python3.8/site-packages/airflow/example_dags/example_local_kubernetes_executor.py took 0.253 seconds
[2023-10-08T01:21:07.787+0000] {processor.py:157} INFO - Started process (PID=92076) to work on /home/airflow/.local/lib/python3.8/site-packages/airflow/example_dags/example_local_kubernetes_executor.py
[2023-10-08T01:21:07.788+0000] {processor.py:829} INFO - Processing file /home/airflow/.local/lib/python3.8/site-packages/airflow/example_dags/example_local_kubernetes_executor.py for tasks to queue
[2023-10-08T01:21:07.788+0000] {logging_mixin.py:151} INFO - [2023-10-08T01:21:07.788+0000] {dagbag.py:539} INFO - Filling up the DagBag from /home/airflow/.local/lib/python3.8/site-packages/airflow/example_dags/example_local_kubernetes_executor.py
[2023-10-08T01:21:08.025+0000] {processor.py:839} INFO - DAG(s) dict_keys(['example_local_kubernetes_executor']) retrieved from /home/airflow/.local/lib/python3.8/site-packages/airflow/example_dags/example_local_kubernetes_executor.py
[2023-10-08T01:21:08.042+0000] {logging_mixin.py:151} INFO - [2023-10-08T01:21:08.042+0000] {dag.py:2907} INFO - Sync 1 DAGs
[2023-10-08T01:21:08.047+0000] {logging_mixin.py:151} INFO - [2023-10-08T01:21:08.047+0000] {dag.py:3677} INFO - Setting next_dagrun for example_local_kubernetes_executor to None, run_after=None
[2023-10-08T01:21:08.058+0000] {processor.py:179} INFO - Processing /home/airflow/.local/lib/python3.8/site-packages/airflow/example_dags/example_local_kubernetes_executor.py took 0.274 seconds
[2023-10-08T01:21:38.281+0000] {processor.py:157} INFO - Started process (PID=92128) to work on /home/airflow/.local/lib/python3.8/site-packages/airflow/example_dags/example_local_kubernetes_executor.py
[2023-10-08T01:21:38.282+0000] {processor.py:829} INFO - Processing file /home/airflow/.local/lib/python3.8/site-packages/airflow/example_dags/example_local_kubernetes_executor.py for tasks to queue
[2023-10-08T01:21:38.282+0000] {logging_mixin.py:151} INFO - [2023-10-08T01:21:38.282+0000] {dagbag.py:539} INFO - Filling up the DagBag from /home/airflow/.local/lib/python3.8/site-packages/airflow/example_dags/example_local_kubernetes_executor.py
[2023-10-08T01:21:38.500+0000] {processor.py:839} INFO - DAG(s) dict_keys(['example_local_kubernetes_executor']) retrieved from /home/airflow/.local/lib/python3.8/site-packages/airflow/example_dags/example_local_kubernetes_executor.py
[2023-10-08T01:21:38.517+0000] {logging_mixin.py:151} INFO - [2023-10-08T01:21:38.516+0000] {dag.py:2907} INFO - Sync 1 DAGs
[2023-10-08T01:21:38.521+0000] {logging_mixin.py:151} INFO - [2023-10-08T01:21:38.521+0000] {dag.py:3677} INFO - Setting next_dagrun for example_local_kubernetes_executor to None, run_after=None
[2023-10-08T01:21:38.530+0000] {processor.py:179} INFO - Processing /home/airflow/.local/lib/python3.8/site-packages/airflow/example_dags/example_local_kubernetes_executor.py took 0.251 seconds
[2023-10-08T01:22:08.610+0000] {processor.py:157} INFO - Started process (PID=92176) to work on /home/airflow/.local/lib/python3.8/site-packages/airflow/example_dags/example_local_kubernetes_executor.py
[2023-10-08T01:22:08.610+0000] {processor.py:829} INFO - Processing file /home/airflow/.local/lib/python3.8/site-packages/airflow/example_dags/example_local_kubernetes_executor.py for tasks to queue
[2023-10-08T01:22:08.611+0000] {logging_mixin.py:151} INFO - [2023-10-08T01:22:08.611+0000] {dagbag.py:539} INFO - Filling up the DagBag from /home/airflow/.local/lib/python3.8/site-packages/airflow/example_dags/example_local_kubernetes_executor.py
[2023-10-08T01:22:08.816+0000] {processor.py:839} INFO - DAG(s) dict_keys(['example_local_kubernetes_executor']) retrieved from /home/airflow/.local/lib/python3.8/site-packages/airflow/example_dags/example_local_kubernetes_executor.py
[2023-10-08T01:22:08.832+0000] {logging_mixin.py:151} INFO - [2023-10-08T01:22:08.832+0000] {dag.py:2907} INFO - Sync 1 DAGs
[2023-10-08T01:22:08.838+0000] {logging_mixin.py:151} INFO - [2023-10-08T01:22:08.838+0000] {dag.py:3677} INFO - Setting next_dagrun for example_local_kubernetes_executor to None, run_after=None
[2023-10-08T01:22:08.850+0000] {processor.py:179} INFO - Processing /home/airflow/.local/lib/python3.8/site-packages/airflow/example_dags/example_local_kubernetes_executor.py took 0.242 seconds
[2023-10-08T01:22:39.443+0000] {processor.py:157} INFO - Started process (PID=92230) to work on /home/airflow/.local/lib/python3.8/site-packages/airflow/example_dags/example_local_kubernetes_executor.py
[2023-10-08T01:22:39.444+0000] {processor.py:829} INFO - Processing file /home/airflow/.local/lib/python3.8/site-packages/airflow/example_dags/example_local_kubernetes_executor.py for tasks to queue
[2023-10-08T01:22:39.445+0000] {logging_mixin.py:151} INFO - [2023-10-08T01:22:39.445+0000] {dagbag.py:539} INFO - Filling up the DagBag from /home/airflow/.local/lib/python3.8/site-packages/airflow/example_dags/example_local_kubernetes_executor.py
[2023-10-08T01:22:39.746+0000] {processor.py:839} INFO - DAG(s) dict_keys(['example_local_kubernetes_executor']) retrieved from /home/airflow/.local/lib/python3.8/site-packages/airflow/example_dags/example_local_kubernetes_executor.py
[2023-10-08T01:22:39.767+0000] {logging_mixin.py:151} INFO - [2023-10-08T01:22:39.767+0000] {dag.py:2907} INFO - Sync 1 DAGs
[2023-10-08T01:22:39.772+0000] {logging_mixin.py:151} INFO - [2023-10-08T01:22:39.772+0000] {dag.py:3677} INFO - Setting next_dagrun for example_local_kubernetes_executor to None, run_after=None
[2023-10-08T01:22:39.783+0000] {processor.py:179} INFO - Processing /home/airflow/.local/lib/python3.8/site-packages/airflow/example_dags/example_local_kubernetes_executor.py took 0.342 seconds
[2023-10-08T01:23:09.850+0000] {processor.py:157} INFO - Started process (PID=92278) to work on /home/airflow/.local/lib/python3.8/site-packages/airflow/example_dags/example_local_kubernetes_executor.py
[2023-10-08T01:23:09.851+0000] {processor.py:829} INFO - Processing file /home/airflow/.local/lib/python3.8/site-packages/airflow/example_dags/example_local_kubernetes_executor.py for tasks to queue
[2023-10-08T01:23:09.851+0000] {logging_mixin.py:151} INFO - [2023-10-08T01:23:09.851+0000] {dagbag.py:539} INFO - Filling up the DagBag from /home/airflow/.local/lib/python3.8/site-packages/airflow/example_dags/example_local_kubernetes_executor.py
[2023-10-08T01:23:10.058+0000] {processor.py:839} INFO - DAG(s) dict_keys(['example_local_kubernetes_executor']) retrieved from /home/airflow/.local/lib/python3.8/site-packages/airflow/example_dags/example_local_kubernetes_executor.py
[2023-10-08T01:23:10.074+0000] {logging_mixin.py:151} INFO - [2023-10-08T01:23:10.074+0000] {dag.py:2907} INFO - Sync 1 DAGs
[2023-10-08T01:23:10.079+0000] {logging_mixin.py:151} INFO - [2023-10-08T01:23:10.079+0000] {dag.py:3677} INFO - Setting next_dagrun for example_local_kubernetes_executor to None, run_after=None
[2023-10-08T01:23:10.089+0000] {processor.py:179} INFO - Processing /home/airflow/.local/lib/python3.8/site-packages/airflow/example_dags/example_local_kubernetes_executor.py took 0.241 seconds
[2023-10-08T01:23:40.589+0000] {processor.py:157} INFO - Started process (PID=92331) to work on /home/airflow/.local/lib/python3.8/site-packages/airflow/example_dags/example_local_kubernetes_executor.py
[2023-10-08T01:23:40.590+0000] {processor.py:829} INFO - Processing file /home/airflow/.local/lib/python3.8/site-packages/airflow/example_dags/example_local_kubernetes_executor.py for tasks to queue
[2023-10-08T01:23:40.590+0000] {logging_mixin.py:151} INFO - [2023-10-08T01:23:40.590+0000] {dagbag.py:539} INFO - Filling up the DagBag from /home/airflow/.local/lib/python3.8/site-packages/airflow/example_dags/example_local_kubernetes_executor.py
[2023-10-08T01:23:40.813+0000] {processor.py:839} INFO - DAG(s) dict_keys(['example_local_kubernetes_executor']) retrieved from /home/airflow/.local/lib/python3.8/site-packages/airflow/example_dags/example_local_kubernetes_executor.py
[2023-10-08T01:23:40.830+0000] {logging_mixin.py:151} INFO - [2023-10-08T01:23:40.829+0000] {dag.py:2907} INFO - Sync 1 DAGs
[2023-10-08T01:23:40.834+0000] {logging_mixin.py:151} INFO - [2023-10-08T01:23:40.834+0000] {dag.py:3677} INFO - Setting next_dagrun for example_local_kubernetes_executor to None, run_after=None
[2023-10-08T01:23:40.846+0000] {processor.py:179} INFO - Processing /home/airflow/.local/lib/python3.8/site-packages/airflow/example_dags/example_local_kubernetes_executor.py took 0.259 seconds
[2023-10-08T01:24:10.987+0000] {processor.py:157} INFO - Started process (PID=92384) to work on /home/airflow/.local/lib/python3.8/site-packages/airflow/example_dags/example_local_kubernetes_executor.py
[2023-10-08T01:24:10.987+0000] {processor.py:829} INFO - Processing file /home/airflow/.local/lib/python3.8/site-packages/airflow/example_dags/example_local_kubernetes_executor.py for tasks to queue
[2023-10-08T01:24:10.988+0000] {logging_mixin.py:151} INFO - [2023-10-08T01:24:10.988+0000] {dagbag.py:539} INFO - Filling up the DagBag from /home/airflow/.local/lib/python3.8/site-packages/airflow/example_dags/example_local_kubernetes_executor.py
[2023-10-08T01:24:11.212+0000] {processor.py:839} INFO - DAG(s) dict_keys(['example_local_kubernetes_executor']) retrieved from /home/airflow/.local/lib/python3.8/site-packages/airflow/example_dags/example_local_kubernetes_executor.py
[2023-10-08T01:24:11.230+0000] {logging_mixin.py:151} INFO - [2023-10-08T01:24:11.229+0000] {dag.py:2907} INFO - Sync 1 DAGs
[2023-10-08T01:24:11.234+0000] {logging_mixin.py:151} INFO - [2023-10-08T01:24:11.234+0000] {dag.py:3677} INFO - Setting next_dagrun for example_local_kubernetes_executor to None, run_after=None
[2023-10-08T01:24:11.244+0000] {processor.py:179} INFO - Processing /home/airflow/.local/lib/python3.8/site-packages/airflow/example_dags/example_local_kubernetes_executor.py took 0.259 seconds
[2023-10-08T01:24:41.452+0000] {processor.py:157} INFO - Started process (PID=92431) to work on /home/airflow/.local/lib/python3.8/site-packages/airflow/example_dags/example_local_kubernetes_executor.py
[2023-10-08T01:24:41.453+0000] {processor.py:829} INFO - Processing file /home/airflow/.local/lib/python3.8/site-packages/airflow/example_dags/example_local_kubernetes_executor.py for tasks to queue
[2023-10-08T01:24:41.453+0000] {logging_mixin.py:151} INFO - [2023-10-08T01:24:41.453+0000] {dagbag.py:539} INFO - Filling up the DagBag from /home/airflow/.local/lib/python3.8/site-packages/airflow/example_dags/example_local_kubernetes_executor.py
[2023-10-08T01:24:41.660+0000] {processor.py:839} INFO - DAG(s) dict_keys(['example_local_kubernetes_executor']) retrieved from /home/airflow/.local/lib/python3.8/site-packages/airflow/example_dags/example_local_kubernetes_executor.py
[2023-10-08T01:24:41.676+0000] {logging_mixin.py:151} INFO - [2023-10-08T01:24:41.676+0000] {dag.py:2907} INFO - Sync 1 DAGs
[2023-10-08T01:24:41.681+0000] {logging_mixin.py:151} INFO - [2023-10-08T01:24:41.681+0000] {dag.py:3677} INFO - Setting next_dagrun for example_local_kubernetes_executor to None, run_after=None
[2023-10-08T01:24:41.691+0000] {processor.py:179} INFO - Processing /home/airflow/.local/lib/python3.8/site-packages/airflow/example_dags/example_local_kubernetes_executor.py took 0.241 seconds
[2023-10-08T01:25:11.899+0000] {processor.py:157} INFO - Started process (PID=92485) to work on /home/airflow/.local/lib/python3.8/site-packages/airflow/example_dags/example_local_kubernetes_executor.py
[2023-10-08T01:25:11.899+0000] {processor.py:829} INFO - Processing file /home/airflow/.local/lib/python3.8/site-packages/airflow/example_dags/example_local_kubernetes_executor.py for tasks to queue
[2023-10-08T01:25:11.900+0000] {logging_mixin.py:151} INFO - [2023-10-08T01:25:11.900+0000] {dagbag.py:539} INFO - Filling up the DagBag from /home/airflow/.local/lib/python3.8/site-packages/airflow/example_dags/example_local_kubernetes_executor.py
[2023-10-08T01:25:12.105+0000] {processor.py:839} INFO - DAG(s) dict_keys(['example_local_kubernetes_executor']) retrieved from /home/airflow/.local/lib/python3.8/site-packages/airflow/example_dags/example_local_kubernetes_executor.py
[2023-10-08T01:25:12.125+0000] {logging_mixin.py:151} INFO - [2023-10-08T01:25:12.125+0000] {dag.py:2907} INFO - Sync 1 DAGs
[2023-10-08T01:25:12.130+0000] {logging_mixin.py:151} INFO - [2023-10-08T01:25:12.130+0000] {dag.py:3677} INFO - Setting next_dagrun for example_local_kubernetes_executor to None, run_after=None
[2023-10-08T01:25:12.140+0000] {processor.py:179} INFO - Processing /home/airflow/.local/lib/python3.8/site-packages/airflow/example_dags/example_local_kubernetes_executor.py took 0.244 seconds
[2023-10-08T01:25:42.830+0000] {processor.py:157} INFO - Started process (PID=92538) to work on /home/airflow/.local/lib/python3.8/site-packages/airflow/example_dags/example_local_kubernetes_executor.py
[2023-10-08T01:25:42.830+0000] {processor.py:829} INFO - Processing file /home/airflow/.local/lib/python3.8/site-packages/airflow/example_dags/example_local_kubernetes_executor.py for tasks to queue
[2023-10-08T01:25:42.831+0000] {logging_mixin.py:151} INFO - [2023-10-08T01:25:42.830+0000] {dagbag.py:539} INFO - Filling up the DagBag from /home/airflow/.local/lib/python3.8/site-packages/airflow/example_dags/example_local_kubernetes_executor.py
[2023-10-08T01:25:43.039+0000] {processor.py:839} INFO - DAG(s) dict_keys(['example_local_kubernetes_executor']) retrieved from /home/airflow/.local/lib/python3.8/site-packages/airflow/example_dags/example_local_kubernetes_executor.py
[2023-10-08T01:25:43.055+0000] {logging_mixin.py:151} INFO - [2023-10-08T01:25:43.055+0000] {dag.py:2907} INFO - Sync 1 DAGs
[2023-10-08T01:25:43.060+0000] {logging_mixin.py:151} INFO - [2023-10-08T01:25:43.060+0000] {dag.py:3677} INFO - Setting next_dagrun for example_local_kubernetes_executor to None, run_after=None
[2023-10-08T01:25:43.070+0000] {processor.py:179} INFO - Processing /home/airflow/.local/lib/python3.8/site-packages/airflow/example_dags/example_local_kubernetes_executor.py took 0.242 seconds
[2023-10-08T01:28:34.057+0000] {processor.py:157} INFO - Started process (PID=64) to work on /home/airflow/.local/lib/python3.8/site-packages/airflow/example_dags/example_local_kubernetes_executor.py
[2023-10-08T01:28:34.058+0000] {processor.py:829} INFO - Processing file /home/airflow/.local/lib/python3.8/site-packages/airflow/example_dags/example_local_kubernetes_executor.py for tasks to queue
[2023-10-08T01:28:34.060+0000] {logging_mixin.py:151} INFO - [2023-10-08T01:28:34.059+0000] {dagbag.py:539} INFO - Filling up the DagBag from /home/airflow/.local/lib/python3.8/site-packages/airflow/example_dags/example_local_kubernetes_executor.py
[2023-10-08T01:28:34.301+0000] {processor.py:839} INFO - DAG(s) dict_keys(['example_local_kubernetes_executor']) retrieved from /home/airflow/.local/lib/python3.8/site-packages/airflow/example_dags/example_local_kubernetes_executor.py
[2023-10-08T01:28:34.324+0000] {logging_mixin.py:151} INFO - [2023-10-08T01:28:34.323+0000] {dag.py:2907} INFO - Sync 1 DAGs
[2023-10-08T01:28:34.332+0000] {logging_mixin.py:151} INFO - [2023-10-08T01:28:34.332+0000] {dag.py:3677} INFO - Setting next_dagrun for example_local_kubernetes_executor to None, run_after=None
[2023-10-08T01:28:34.346+0000] {processor.py:179} INFO - Processing /home/airflow/.local/lib/python3.8/site-packages/airflow/example_dags/example_local_kubernetes_executor.py took 0.291 seconds
[2023-10-08T01:29:04.653+0000] {processor.py:157} INFO - Started process (PID=115) to work on /home/airflow/.local/lib/python3.8/site-packages/airflow/example_dags/example_local_kubernetes_executor.py
[2023-10-08T01:29:04.654+0000] {processor.py:829} INFO - Processing file /home/airflow/.local/lib/python3.8/site-packages/airflow/example_dags/example_local_kubernetes_executor.py for tasks to queue
[2023-10-08T01:29:04.655+0000] {logging_mixin.py:151} INFO - [2023-10-08T01:29:04.655+0000] {dagbag.py:539} INFO - Filling up the DagBag from /home/airflow/.local/lib/python3.8/site-packages/airflow/example_dags/example_local_kubernetes_executor.py
[2023-10-08T01:29:04.766+0000] {processor.py:839} INFO - DAG(s) dict_keys(['example_local_kubernetes_executor']) retrieved from /home/airflow/.local/lib/python3.8/site-packages/airflow/example_dags/example_local_kubernetes_executor.py
[2023-10-08T01:29:04.785+0000] {logging_mixin.py:151} INFO - [2023-10-08T01:29:04.784+0000] {dag.py:2907} INFO - Sync 1 DAGs
[2023-10-08T01:29:04.790+0000] {logging_mixin.py:151} INFO - [2023-10-08T01:29:04.790+0000] {dag.py:3677} INFO - Setting next_dagrun for example_local_kubernetes_executor to None, run_after=None
[2023-10-08T01:29:04.799+0000] {processor.py:179} INFO - Processing /home/airflow/.local/lib/python3.8/site-packages/airflow/example_dags/example_local_kubernetes_executor.py took 0.148 seconds
[2023-10-08T01:29:34.850+0000] {processor.py:157} INFO - Started process (PID=166) to work on /home/airflow/.local/lib/python3.8/site-packages/airflow/example_dags/example_local_kubernetes_executor.py
[2023-10-08T01:29:34.851+0000] {processor.py:829} INFO - Processing file /home/airflow/.local/lib/python3.8/site-packages/airflow/example_dags/example_local_kubernetes_executor.py for tasks to queue
[2023-10-08T01:29:34.852+0000] {logging_mixin.py:151} INFO - [2023-10-08T01:29:34.852+0000] {dagbag.py:539} INFO - Filling up the DagBag from /home/airflow/.local/lib/python3.8/site-packages/airflow/example_dags/example_local_kubernetes_executor.py
[2023-10-08T01:29:34.969+0000] {processor.py:839} INFO - DAG(s) dict_keys(['example_local_kubernetes_executor']) retrieved from /home/airflow/.local/lib/python3.8/site-packages/airflow/example_dags/example_local_kubernetes_executor.py
[2023-10-08T01:29:34.989+0000] {logging_mixin.py:151} INFO - [2023-10-08T01:29:34.989+0000] {dag.py:2907} INFO - Sync 1 DAGs
[2023-10-08T01:29:34.998+0000] {logging_mixin.py:151} INFO - [2023-10-08T01:29:34.998+0000] {dag.py:3677} INFO - Setting next_dagrun for example_local_kubernetes_executor to None, run_after=None
[2023-10-08T01:29:35.016+0000] {processor.py:179} INFO - Processing /home/airflow/.local/lib/python3.8/site-packages/airflow/example_dags/example_local_kubernetes_executor.py took 0.168 seconds
[2023-10-08T01:30:05.316+0000] {processor.py:157} INFO - Started process (PID=218) to work on /home/airflow/.local/lib/python3.8/site-packages/airflow/example_dags/example_local_kubernetes_executor.py
[2023-10-08T01:30:05.316+0000] {processor.py:829} INFO - Processing file /home/airflow/.local/lib/python3.8/site-packages/airflow/example_dags/example_local_kubernetes_executor.py for tasks to queue
[2023-10-08T01:30:05.317+0000] {logging_mixin.py:151} INFO - [2023-10-08T01:30:05.317+0000] {dagbag.py:539} INFO - Filling up the DagBag from /home/airflow/.local/lib/python3.8/site-packages/airflow/example_dags/example_local_kubernetes_executor.py
[2023-10-08T01:30:05.433+0000] {processor.py:839} INFO - DAG(s) dict_keys(['example_local_kubernetes_executor']) retrieved from /home/airflow/.local/lib/python3.8/site-packages/airflow/example_dags/example_local_kubernetes_executor.py
[2023-10-08T01:30:05.454+0000] {logging_mixin.py:151} INFO - [2023-10-08T01:30:05.453+0000] {dag.py:2907} INFO - Sync 1 DAGs
[2023-10-08T01:30:05.461+0000] {logging_mixin.py:151} INFO - [2023-10-08T01:30:05.461+0000] {dag.py:3677} INFO - Setting next_dagrun for example_local_kubernetes_executor to None, run_after=None
[2023-10-08T01:30:05.472+0000] {processor.py:179} INFO - Processing /home/airflow/.local/lib/python3.8/site-packages/airflow/example_dags/example_local_kubernetes_executor.py took 0.159 seconds
[2023-10-08T01:30:36.334+0000] {processor.py:157} INFO - Started process (PID=269) to work on /home/airflow/.local/lib/python3.8/site-packages/airflow/example_dags/example_local_kubernetes_executor.py
[2023-10-08T01:30:36.336+0000] {processor.py:829} INFO - Processing file /home/airflow/.local/lib/python3.8/site-packages/airflow/example_dags/example_local_kubernetes_executor.py for tasks to queue
[2023-10-08T01:30:36.338+0000] {logging_mixin.py:151} INFO - [2023-10-08T01:30:36.338+0000] {dagbag.py:539} INFO - Filling up the DagBag from /home/airflow/.local/lib/python3.8/site-packages/airflow/example_dags/example_local_kubernetes_executor.py
[2023-10-08T01:30:36.457+0000] {processor.py:839} INFO - DAG(s) dict_keys(['example_local_kubernetes_executor']) retrieved from /home/airflow/.local/lib/python3.8/site-packages/airflow/example_dags/example_local_kubernetes_executor.py
[2023-10-08T01:30:36.486+0000] {logging_mixin.py:151} INFO - [2023-10-08T01:30:36.485+0000] {dag.py:2907} INFO - Sync 1 DAGs
[2023-10-08T01:30:36.493+0000] {logging_mixin.py:151} INFO - [2023-10-08T01:30:36.493+0000] {dag.py:3677} INFO - Setting next_dagrun for example_local_kubernetes_executor to None, run_after=None
[2023-10-08T01:30:36.506+0000] {processor.py:179} INFO - Processing /home/airflow/.local/lib/python3.8/site-packages/airflow/example_dags/example_local_kubernetes_executor.py took 0.176 seconds
