[2023-10-08T00:10:25.716+0000] {processor.py:157} INFO - Started process (PID=89934) to work on /home/airflow/.local/lib/python3.8/site-packages/airflow/example_dags/example_branch_python_dop_operator_3.py
[2023-10-08T00:10:25.717+0000] {processor.py:829} INFO - Processing file /home/airflow/.local/lib/python3.8/site-packages/airflow/example_dags/example_branch_python_dop_operator_3.py for tasks to queue
[2023-10-08T00:10:25.718+0000] {logging_mixin.py:151} INFO - [2023-10-08T00:10:25.718+0000] {dagbag.py:539} INFO - Filling up the DagBag from /home/airflow/.local/lib/python3.8/site-packages/airflow/example_dags/example_branch_python_dop_operator_3.py
[2023-10-08T00:10:25.723+0000] {processor.py:839} INFO - DAG(s) dict_keys(['example_branch_dop_operator_v3']) retrieved from /home/airflow/.local/lib/python3.8/site-packages/airflow/example_dags/example_branch_python_dop_operator_3.py
[2023-10-08T00:10:25.736+0000] {logging_mixin.py:151} INFO - [2023-10-08T00:10:25.736+0000] {dag.py:2907} INFO - Sync 1 DAGs
[2023-10-08T00:10:25.748+0000] {logging_mixin.py:151} INFO - [2023-10-08T00:10:25.748+0000] {dag.py:3677} INFO - Setting next_dagrun for example_branch_dop_operator_v3 to 2023-10-08T00:09:00+00:00, run_after=2023-10-08T00:10:00+00:00
[2023-10-08T00:10:25.759+0000] {processor.py:179} INFO - Processing /home/airflow/.local/lib/python3.8/site-packages/airflow/example_dags/example_branch_python_dop_operator_3.py took 0.045 seconds
[2023-10-08T00:10:56.865+0000] {processor.py:157} INFO - Started process (PID=89985) to work on /home/airflow/.local/lib/python3.8/site-packages/airflow/example_dags/example_branch_python_dop_operator_3.py
[2023-10-08T00:10:56.865+0000] {processor.py:829} INFO - Processing file /home/airflow/.local/lib/python3.8/site-packages/airflow/example_dags/example_branch_python_dop_operator_3.py for tasks to queue
[2023-10-08T00:10:56.866+0000] {logging_mixin.py:151} INFO - [2023-10-08T00:10:56.866+0000] {dagbag.py:539} INFO - Filling up the DagBag from /home/airflow/.local/lib/python3.8/site-packages/airflow/example_dags/example_branch_python_dop_operator_3.py
[2023-10-08T00:10:56.870+0000] {processor.py:839} INFO - DAG(s) dict_keys(['example_branch_dop_operator_v3']) retrieved from /home/airflow/.local/lib/python3.8/site-packages/airflow/example_dags/example_branch_python_dop_operator_3.py
[2023-10-08T00:10:56.883+0000] {logging_mixin.py:151} INFO - [2023-10-08T00:10:56.883+0000] {dag.py:2907} INFO - Sync 1 DAGs
[2023-10-08T00:10:56.894+0000] {logging_mixin.py:151} INFO - [2023-10-08T00:10:56.894+0000] {dag.py:3677} INFO - Setting next_dagrun for example_branch_dop_operator_v3 to 2023-10-08T00:09:00+00:00, run_after=2023-10-08T00:10:00+00:00
[2023-10-08T00:10:56.904+0000] {processor.py:179} INFO - Processing /home/airflow/.local/lib/python3.8/site-packages/airflow/example_dags/example_branch_python_dop_operator_3.py took 0.042 seconds
[2023-10-08T00:26:23.603+0000] {processor.py:157} INFO - Started process (PID=90038) to work on /home/airflow/.local/lib/python3.8/site-packages/airflow/example_dags/example_branch_python_dop_operator_3.py
[2023-10-08T00:26:23.603+0000] {processor.py:829} INFO - Processing file /home/airflow/.local/lib/python3.8/site-packages/airflow/example_dags/example_branch_python_dop_operator_3.py for tasks to queue
[2023-10-08T00:26:23.604+0000] {logging_mixin.py:151} INFO - [2023-10-08T00:26:23.604+0000] {dagbag.py:539} INFO - Filling up the DagBag from /home/airflow/.local/lib/python3.8/site-packages/airflow/example_dags/example_branch_python_dop_operator_3.py
[2023-10-08T00:26:23.608+0000] {processor.py:839} INFO - DAG(s) dict_keys(['example_branch_dop_operator_v3']) retrieved from /home/airflow/.local/lib/python3.8/site-packages/airflow/example_dags/example_branch_python_dop_operator_3.py
[2023-10-08T00:26:23.622+0000] {logging_mixin.py:151} INFO - [2023-10-08T00:26:23.621+0000] {dag.py:2907} INFO - Sync 1 DAGs
[2023-10-08T00:26:23.633+0000] {logging_mixin.py:151} INFO - [2023-10-08T00:26:23.633+0000] {dag.py:3677} INFO - Setting next_dagrun for example_branch_dop_operator_v3 to 2023-10-08T00:25:00+00:00, run_after=2023-10-08T00:26:00+00:00
[2023-10-08T00:26:23.644+0000] {processor.py:179} INFO - Processing /home/airflow/.local/lib/python3.8/site-packages/airflow/example_dags/example_branch_python_dop_operator_3.py took 0.043 seconds
[2023-10-08T00:26:54.770+0000] {processor.py:157} INFO - Started process (PID=90089) to work on /home/airflow/.local/lib/python3.8/site-packages/airflow/example_dags/example_branch_python_dop_operator_3.py
[2023-10-08T00:26:54.770+0000] {processor.py:829} INFO - Processing file /home/airflow/.local/lib/python3.8/site-packages/airflow/example_dags/example_branch_python_dop_operator_3.py for tasks to queue
[2023-10-08T00:26:54.771+0000] {logging_mixin.py:151} INFO - [2023-10-08T00:26:54.771+0000] {dagbag.py:539} INFO - Filling up the DagBag from /home/airflow/.local/lib/python3.8/site-packages/airflow/example_dags/example_branch_python_dop_operator_3.py
[2023-10-08T00:26:54.776+0000] {processor.py:839} INFO - DAG(s) dict_keys(['example_branch_dop_operator_v3']) retrieved from /home/airflow/.local/lib/python3.8/site-packages/airflow/example_dags/example_branch_python_dop_operator_3.py
[2023-10-08T00:26:54.788+0000] {logging_mixin.py:151} INFO - [2023-10-08T00:26:54.788+0000] {dag.py:2907} INFO - Sync 1 DAGs
[2023-10-08T00:26:54.799+0000] {logging_mixin.py:151} INFO - [2023-10-08T00:26:54.799+0000] {dag.py:3677} INFO - Setting next_dagrun for example_branch_dop_operator_v3 to 2023-10-08T00:25:00+00:00, run_after=2023-10-08T00:26:00+00:00
[2023-10-08T00:26:54.811+0000] {processor.py:179} INFO - Processing /home/airflow/.local/lib/python3.8/site-packages/airflow/example_dags/example_branch_python_dop_operator_3.py took 0.044 seconds
[2023-10-08T00:43:23.850+0000] {processor.py:157} INFO - Started process (PID=90140) to work on /home/airflow/.local/lib/python3.8/site-packages/airflow/example_dags/example_branch_python_dop_operator_3.py
[2023-10-08T00:43:23.851+0000] {processor.py:829} INFO - Processing file /home/airflow/.local/lib/python3.8/site-packages/airflow/example_dags/example_branch_python_dop_operator_3.py for tasks to queue
[2023-10-08T00:43:23.851+0000] {logging_mixin.py:151} INFO - [2023-10-08T00:43:23.851+0000] {dagbag.py:539} INFO - Filling up the DagBag from /home/airflow/.local/lib/python3.8/site-packages/airflow/example_dags/example_branch_python_dop_operator_3.py
[2023-10-08T00:43:23.856+0000] {processor.py:839} INFO - DAG(s) dict_keys(['example_branch_dop_operator_v3']) retrieved from /home/airflow/.local/lib/python3.8/site-packages/airflow/example_dags/example_branch_python_dop_operator_3.py
[2023-10-08T00:43:23.881+0000] {logging_mixin.py:151} INFO - [2023-10-08T00:43:23.881+0000] {dag.py:2907} INFO - Sync 1 DAGs
[2023-10-08T00:43:23.894+0000] {logging_mixin.py:151} INFO - [2023-10-08T00:43:23.894+0000] {dag.py:3677} INFO - Setting next_dagrun for example_branch_dop_operator_v3 to 2023-10-08T00:42:00+00:00, run_after=2023-10-08T00:43:00+00:00
[2023-10-08T00:43:23.904+0000] {processor.py:179} INFO - Processing /home/airflow/.local/lib/python3.8/site-packages/airflow/example_dags/example_branch_python_dop_operator_3.py took 0.056 seconds
[2023-10-08T00:43:54.857+0000] {processor.py:157} INFO - Started process (PID=90191) to work on /home/airflow/.local/lib/python3.8/site-packages/airflow/example_dags/example_branch_python_dop_operator_3.py
[2023-10-08T00:43:54.858+0000] {processor.py:829} INFO - Processing file /home/airflow/.local/lib/python3.8/site-packages/airflow/example_dags/example_branch_python_dop_operator_3.py for tasks to queue
[2023-10-08T00:43:54.858+0000] {logging_mixin.py:151} INFO - [2023-10-08T00:43:54.858+0000] {dagbag.py:539} INFO - Filling up the DagBag from /home/airflow/.local/lib/python3.8/site-packages/airflow/example_dags/example_branch_python_dop_operator_3.py
[2023-10-08T00:43:54.863+0000] {processor.py:839} INFO - DAG(s) dict_keys(['example_branch_dop_operator_v3']) retrieved from /home/airflow/.local/lib/python3.8/site-packages/airflow/example_dags/example_branch_python_dop_operator_3.py
[2023-10-08T00:43:54.875+0000] {logging_mixin.py:151} INFO - [2023-10-08T00:43:54.875+0000] {dag.py:2907} INFO - Sync 1 DAGs
[2023-10-08T00:43:54.887+0000] {logging_mixin.py:151} INFO - [2023-10-08T00:43:54.887+0000] {dag.py:3677} INFO - Setting next_dagrun for example_branch_dop_operator_v3 to 2023-10-08T00:42:00+00:00, run_after=2023-10-08T00:43:00+00:00
[2023-10-08T00:43:54.898+0000] {processor.py:179} INFO - Processing /home/airflow/.local/lib/python3.8/site-packages/airflow/example_dags/example_branch_python_dop_operator_3.py took 0.043 seconds
[2023-10-08T00:44:25.245+0000] {processor.py:157} INFO - Started process (PID=90242) to work on /home/airflow/.local/lib/python3.8/site-packages/airflow/example_dags/example_branch_python_dop_operator_3.py
[2023-10-08T00:44:25.245+0000] {processor.py:829} INFO - Processing file /home/airflow/.local/lib/python3.8/site-packages/airflow/example_dags/example_branch_python_dop_operator_3.py for tasks to queue
[2023-10-08T00:44:25.246+0000] {logging_mixin.py:151} INFO - [2023-10-08T00:44:25.246+0000] {dagbag.py:539} INFO - Filling up the DagBag from /home/airflow/.local/lib/python3.8/site-packages/airflow/example_dags/example_branch_python_dop_operator_3.py
[2023-10-08T00:44:25.250+0000] {processor.py:839} INFO - DAG(s) dict_keys(['example_branch_dop_operator_v3']) retrieved from /home/airflow/.local/lib/python3.8/site-packages/airflow/example_dags/example_branch_python_dop_operator_3.py
[2023-10-08T00:44:25.264+0000] {logging_mixin.py:151} INFO - [2023-10-08T00:44:25.264+0000] {dag.py:2907} INFO - Sync 1 DAGs
[2023-10-08T00:44:25.275+0000] {logging_mixin.py:151} INFO - [2023-10-08T00:44:25.275+0000] {dag.py:3677} INFO - Setting next_dagrun for example_branch_dop_operator_v3 to 2023-10-08T00:43:00+00:00, run_after=2023-10-08T00:44:00+00:00
[2023-10-08T00:44:25.286+0000] {processor.py:179} INFO - Processing /home/airflow/.local/lib/python3.8/site-packages/airflow/example_dags/example_branch_python_dop_operator_3.py took 0.043 seconds
[2023-10-08T00:44:57.014+0000] {processor.py:157} INFO - Started process (PID=90293) to work on /home/airflow/.local/lib/python3.8/site-packages/airflow/example_dags/example_branch_python_dop_operator_3.py
[2023-10-08T00:44:57.014+0000] {processor.py:829} INFO - Processing file /home/airflow/.local/lib/python3.8/site-packages/airflow/example_dags/example_branch_python_dop_operator_3.py for tasks to queue
[2023-10-08T00:44:57.015+0000] {logging_mixin.py:151} INFO - [2023-10-08T00:44:57.015+0000] {dagbag.py:539} INFO - Filling up the DagBag from /home/airflow/.local/lib/python3.8/site-packages/airflow/example_dags/example_branch_python_dop_operator_3.py
[2023-10-08T00:44:57.020+0000] {processor.py:839} INFO - DAG(s) dict_keys(['example_branch_dop_operator_v3']) retrieved from /home/airflow/.local/lib/python3.8/site-packages/airflow/example_dags/example_branch_python_dop_operator_3.py
[2023-10-08T00:44:57.039+0000] {logging_mixin.py:151} INFO - [2023-10-08T00:44:57.039+0000] {dag.py:2907} INFO - Sync 1 DAGs
[2023-10-08T00:44:57.051+0000] {logging_mixin.py:151} INFO - [2023-10-08T00:44:57.051+0000] {dag.py:3677} INFO - Setting next_dagrun for example_branch_dop_operator_v3 to 2023-10-08T00:43:00+00:00, run_after=2023-10-08T00:44:00+00:00
[2023-10-08T00:44:57.063+0000] {processor.py:179} INFO - Processing /home/airflow/.local/lib/python3.8/site-packages/airflow/example_dags/example_branch_python_dop_operator_3.py took 0.051 seconds
[2023-10-08T00:45:27.735+0000] {processor.py:157} INFO - Started process (PID=90344) to work on /home/airflow/.local/lib/python3.8/site-packages/airflow/example_dags/example_branch_python_dop_operator_3.py
[2023-10-08T00:45:27.735+0000] {processor.py:829} INFO - Processing file /home/airflow/.local/lib/python3.8/site-packages/airflow/example_dags/example_branch_python_dop_operator_3.py for tasks to queue
[2023-10-08T00:45:27.736+0000] {logging_mixin.py:151} INFO - [2023-10-08T00:45:27.736+0000] {dagbag.py:539} INFO - Filling up the DagBag from /home/airflow/.local/lib/python3.8/site-packages/airflow/example_dags/example_branch_python_dop_operator_3.py
[2023-10-08T00:45:27.740+0000] {processor.py:839} INFO - DAG(s) dict_keys(['example_branch_dop_operator_v3']) retrieved from /home/airflow/.local/lib/python3.8/site-packages/airflow/example_dags/example_branch_python_dop_operator_3.py
[2023-10-08T00:45:27.751+0000] {logging_mixin.py:151} INFO - [2023-10-08T00:45:27.751+0000] {dag.py:2907} INFO - Sync 1 DAGs
[2023-10-08T00:45:27.762+0000] {logging_mixin.py:151} INFO - [2023-10-08T00:45:27.762+0000] {dag.py:3677} INFO - Setting next_dagrun for example_branch_dop_operator_v3 to 2023-10-08T00:44:00+00:00, run_after=2023-10-08T00:45:00+00:00
[2023-10-08T00:45:27.773+0000] {processor.py:179} INFO - Processing /home/airflow/.local/lib/python3.8/site-packages/airflow/example_dags/example_branch_python_dop_operator_3.py took 0.041 seconds
[2023-10-08T00:45:58.647+0000] {processor.py:157} INFO - Started process (PID=90395) to work on /home/airflow/.local/lib/python3.8/site-packages/airflow/example_dags/example_branch_python_dop_operator_3.py
[2023-10-08T00:45:58.648+0000] {processor.py:829} INFO - Processing file /home/airflow/.local/lib/python3.8/site-packages/airflow/example_dags/example_branch_python_dop_operator_3.py for tasks to queue
[2023-10-08T00:45:58.648+0000] {logging_mixin.py:151} INFO - [2023-10-08T00:45:58.648+0000] {dagbag.py:539} INFO - Filling up the DagBag from /home/airflow/.local/lib/python3.8/site-packages/airflow/example_dags/example_branch_python_dop_operator_3.py
[2023-10-08T00:45:58.653+0000] {processor.py:839} INFO - DAG(s) dict_keys(['example_branch_dop_operator_v3']) retrieved from /home/airflow/.local/lib/python3.8/site-packages/airflow/example_dags/example_branch_python_dop_operator_3.py
[2023-10-08T00:45:58.666+0000] {logging_mixin.py:151} INFO - [2023-10-08T00:45:58.666+0000] {dag.py:2907} INFO - Sync 1 DAGs
[2023-10-08T00:45:58.677+0000] {logging_mixin.py:151} INFO - [2023-10-08T00:45:58.677+0000] {dag.py:3677} INFO - Setting next_dagrun for example_branch_dop_operator_v3 to 2023-10-08T00:44:00+00:00, run_after=2023-10-08T00:45:00+00:00
[2023-10-08T00:45:58.687+0000] {processor.py:179} INFO - Processing /home/airflow/.local/lib/python3.8/site-packages/airflow/example_dags/example_branch_python_dop_operator_3.py took 0.043 seconds
[2023-10-08T00:46:29.197+0000] {processor.py:157} INFO - Started process (PID=90446) to work on /home/airflow/.local/lib/python3.8/site-packages/airflow/example_dags/example_branch_python_dop_operator_3.py
[2023-10-08T00:46:29.198+0000] {processor.py:829} INFO - Processing file /home/airflow/.local/lib/python3.8/site-packages/airflow/example_dags/example_branch_python_dop_operator_3.py for tasks to queue
[2023-10-08T00:46:29.198+0000] {logging_mixin.py:151} INFO - [2023-10-08T00:46:29.198+0000] {dagbag.py:539} INFO - Filling up the DagBag from /home/airflow/.local/lib/python3.8/site-packages/airflow/example_dags/example_branch_python_dop_operator_3.py
[2023-10-08T00:46:29.203+0000] {processor.py:839} INFO - DAG(s) dict_keys(['example_branch_dop_operator_v3']) retrieved from /home/airflow/.local/lib/python3.8/site-packages/airflow/example_dags/example_branch_python_dop_operator_3.py
[2023-10-08T00:46:29.215+0000] {logging_mixin.py:151} INFO - [2023-10-08T00:46:29.214+0000] {dag.py:2907} INFO - Sync 1 DAGs
[2023-10-08T00:46:29.227+0000] {logging_mixin.py:151} INFO - [2023-10-08T00:46:29.226+0000] {dag.py:3677} INFO - Setting next_dagrun for example_branch_dop_operator_v3 to 2023-10-08T00:45:00+00:00, run_after=2023-10-08T00:46:00+00:00
[2023-10-08T00:46:29.237+0000] {processor.py:179} INFO - Processing /home/airflow/.local/lib/python3.8/site-packages/airflow/example_dags/example_branch_python_dop_operator_3.py took 0.043 seconds
[2023-10-08T00:47:00.006+0000] {processor.py:157} INFO - Started process (PID=90497) to work on /home/airflow/.local/lib/python3.8/site-packages/airflow/example_dags/example_branch_python_dop_operator_3.py
[2023-10-08T00:47:00.006+0000] {processor.py:829} INFO - Processing file /home/airflow/.local/lib/python3.8/site-packages/airflow/example_dags/example_branch_python_dop_operator_3.py for tasks to queue
[2023-10-08T00:47:00.007+0000] {logging_mixin.py:151} INFO - [2023-10-08T00:47:00.007+0000] {dagbag.py:539} INFO - Filling up the DagBag from /home/airflow/.local/lib/python3.8/site-packages/airflow/example_dags/example_branch_python_dop_operator_3.py
[2023-10-08T00:47:00.012+0000] {processor.py:839} INFO - DAG(s) dict_keys(['example_branch_dop_operator_v3']) retrieved from /home/airflow/.local/lib/python3.8/site-packages/airflow/example_dags/example_branch_python_dop_operator_3.py
[2023-10-08T00:47:00.025+0000] {logging_mixin.py:151} INFO - [2023-10-08T00:47:00.025+0000] {dag.py:2907} INFO - Sync 1 DAGs
[2023-10-08T00:47:00.037+0000] {logging_mixin.py:151} INFO - [2023-10-08T00:47:00.037+0000] {dag.py:3677} INFO - Setting next_dagrun for example_branch_dop_operator_v3 to 2023-10-08T00:46:00+00:00, run_after=2023-10-08T00:47:00+00:00
[2023-10-08T00:47:00.049+0000] {processor.py:179} INFO - Processing /home/airflow/.local/lib/python3.8/site-packages/airflow/example_dags/example_branch_python_dop_operator_3.py took 0.046 seconds
[2023-10-08T00:47:30.514+0000] {processor.py:157} INFO - Started process (PID=90548) to work on /home/airflow/.local/lib/python3.8/site-packages/airflow/example_dags/example_branch_python_dop_operator_3.py
[2023-10-08T00:47:30.515+0000] {processor.py:829} INFO - Processing file /home/airflow/.local/lib/python3.8/site-packages/airflow/example_dags/example_branch_python_dop_operator_3.py for tasks to queue
[2023-10-08T00:47:30.515+0000] {logging_mixin.py:151} INFO - [2023-10-08T00:47:30.515+0000] {dagbag.py:539} INFO - Filling up the DagBag from /home/airflow/.local/lib/python3.8/site-packages/airflow/example_dags/example_branch_python_dop_operator_3.py
[2023-10-08T00:47:30.520+0000] {processor.py:839} INFO - DAG(s) dict_keys(['example_branch_dop_operator_v3']) retrieved from /home/airflow/.local/lib/python3.8/site-packages/airflow/example_dags/example_branch_python_dop_operator_3.py
[2023-10-08T00:47:30.532+0000] {logging_mixin.py:151} INFO - [2023-10-08T00:47:30.532+0000] {dag.py:2907} INFO - Sync 1 DAGs
[2023-10-08T00:47:30.543+0000] {logging_mixin.py:151} INFO - [2023-10-08T00:47:30.543+0000] {dag.py:3677} INFO - Setting next_dagrun for example_branch_dop_operator_v3 to 2023-10-08T00:46:00+00:00, run_after=2023-10-08T00:47:00+00:00
[2023-10-08T00:47:30.553+0000] {processor.py:179} INFO - Processing /home/airflow/.local/lib/python3.8/site-packages/airflow/example_dags/example_branch_python_dop_operator_3.py took 0.041 seconds
[2023-10-08T00:48:01.566+0000] {processor.py:157} INFO - Started process (PID=90599) to work on /home/airflow/.local/lib/python3.8/site-packages/airflow/example_dags/example_branch_python_dop_operator_3.py
[2023-10-08T00:48:01.567+0000] {processor.py:829} INFO - Processing file /home/airflow/.local/lib/python3.8/site-packages/airflow/example_dags/example_branch_python_dop_operator_3.py for tasks to queue
[2023-10-08T00:48:01.568+0000] {logging_mixin.py:151} INFO - [2023-10-08T00:48:01.567+0000] {dagbag.py:539} INFO - Filling up the DagBag from /home/airflow/.local/lib/python3.8/site-packages/airflow/example_dags/example_branch_python_dop_operator_3.py
[2023-10-08T00:48:01.572+0000] {processor.py:839} INFO - DAG(s) dict_keys(['example_branch_dop_operator_v3']) retrieved from /home/airflow/.local/lib/python3.8/site-packages/airflow/example_dags/example_branch_python_dop_operator_3.py
[2023-10-08T00:48:01.585+0000] {logging_mixin.py:151} INFO - [2023-10-08T00:48:01.585+0000] {dag.py:2907} INFO - Sync 1 DAGs
[2023-10-08T00:48:01.597+0000] {logging_mixin.py:151} INFO - [2023-10-08T00:48:01.597+0000] {dag.py:3677} INFO - Setting next_dagrun for example_branch_dop_operator_v3 to 2023-10-08T00:47:00+00:00, run_after=2023-10-08T00:48:00+00:00
[2023-10-08T00:48:01.608+0000] {processor.py:179} INFO - Processing /home/airflow/.local/lib/python3.8/site-packages/airflow/example_dags/example_branch_python_dop_operator_3.py took 0.045 seconds
[2023-10-08T00:48:32.144+0000] {processor.py:157} INFO - Started process (PID=90650) to work on /home/airflow/.local/lib/python3.8/site-packages/airflow/example_dags/example_branch_python_dop_operator_3.py
[2023-10-08T00:48:32.145+0000] {processor.py:829} INFO - Processing file /home/airflow/.local/lib/python3.8/site-packages/airflow/example_dags/example_branch_python_dop_operator_3.py for tasks to queue
[2023-10-08T00:48:32.145+0000] {logging_mixin.py:151} INFO - [2023-10-08T00:48:32.145+0000] {dagbag.py:539} INFO - Filling up the DagBag from /home/airflow/.local/lib/python3.8/site-packages/airflow/example_dags/example_branch_python_dop_operator_3.py
[2023-10-08T00:48:32.150+0000] {processor.py:839} INFO - DAG(s) dict_keys(['example_branch_dop_operator_v3']) retrieved from /home/airflow/.local/lib/python3.8/site-packages/airflow/example_dags/example_branch_python_dop_operator_3.py
[2023-10-08T00:48:32.163+0000] {logging_mixin.py:151} INFO - [2023-10-08T00:48:32.163+0000] {dag.py:2907} INFO - Sync 1 DAGs
[2023-10-08T00:48:32.175+0000] {logging_mixin.py:151} INFO - [2023-10-08T00:48:32.175+0000] {dag.py:3677} INFO - Setting next_dagrun for example_branch_dop_operator_v3 to 2023-10-08T00:47:00+00:00, run_after=2023-10-08T00:48:00+00:00
[2023-10-08T00:48:32.187+0000] {processor.py:179} INFO - Processing /home/airflow/.local/lib/python3.8/site-packages/airflow/example_dags/example_branch_python_dop_operator_3.py took 0.046 seconds
[2023-10-08T00:49:03.082+0000] {processor.py:157} INFO - Started process (PID=90701) to work on /home/airflow/.local/lib/python3.8/site-packages/airflow/example_dags/example_branch_python_dop_operator_3.py
[2023-10-08T00:49:03.083+0000] {processor.py:829} INFO - Processing file /home/airflow/.local/lib/python3.8/site-packages/airflow/example_dags/example_branch_python_dop_operator_3.py for tasks to queue
[2023-10-08T00:49:03.083+0000] {logging_mixin.py:151} INFO - [2023-10-08T00:49:03.083+0000] {dagbag.py:539} INFO - Filling up the DagBag from /home/airflow/.local/lib/python3.8/site-packages/airflow/example_dags/example_branch_python_dop_operator_3.py
[2023-10-08T00:49:03.088+0000] {processor.py:839} INFO - DAG(s) dict_keys(['example_branch_dop_operator_v3']) retrieved from /home/airflow/.local/lib/python3.8/site-packages/airflow/example_dags/example_branch_python_dop_operator_3.py
[2023-10-08T00:49:03.101+0000] {logging_mixin.py:151} INFO - [2023-10-08T00:49:03.101+0000] {dag.py:2907} INFO - Sync 1 DAGs
[2023-10-08T00:49:03.112+0000] {logging_mixin.py:151} INFO - [2023-10-08T00:49:03.112+0000] {dag.py:3677} INFO - Setting next_dagrun for example_branch_dop_operator_v3 to 2023-10-08T00:48:00+00:00, run_after=2023-10-08T00:49:00+00:00
[2023-10-08T00:49:03.122+0000] {processor.py:179} INFO - Processing /home/airflow/.local/lib/python3.8/site-packages/airflow/example_dags/example_branch_python_dop_operator_3.py took 0.042 seconds
[2023-10-08T00:49:34.023+0000] {processor.py:157} INFO - Started process (PID=90752) to work on /home/airflow/.local/lib/python3.8/site-packages/airflow/example_dags/example_branch_python_dop_operator_3.py
[2023-10-08T00:49:34.024+0000] {processor.py:829} INFO - Processing file /home/airflow/.local/lib/python3.8/site-packages/airflow/example_dags/example_branch_python_dop_operator_3.py for tasks to queue
[2023-10-08T00:49:34.025+0000] {logging_mixin.py:151} INFO - [2023-10-08T00:49:34.024+0000] {dagbag.py:539} INFO - Filling up the DagBag from /home/airflow/.local/lib/python3.8/site-packages/airflow/example_dags/example_branch_python_dop_operator_3.py
[2023-10-08T00:49:34.029+0000] {processor.py:839} INFO - DAG(s) dict_keys(['example_branch_dop_operator_v3']) retrieved from /home/airflow/.local/lib/python3.8/site-packages/airflow/example_dags/example_branch_python_dop_operator_3.py
[2023-10-08T00:49:34.047+0000] {logging_mixin.py:151} INFO - [2023-10-08T00:49:34.047+0000] {dag.py:2907} INFO - Sync 1 DAGs
[2023-10-08T00:49:34.060+0000] {logging_mixin.py:151} INFO - [2023-10-08T00:49:34.060+0000] {dag.py:3677} INFO - Setting next_dagrun for example_branch_dop_operator_v3 to 2023-10-08T00:48:00+00:00, run_after=2023-10-08T00:49:00+00:00
[2023-10-08T00:49:34.074+0000] {processor.py:179} INFO - Processing /home/airflow/.local/lib/python3.8/site-packages/airflow/example_dags/example_branch_python_dop_operator_3.py took 0.053 seconds
[2023-10-08T00:50:04.741+0000] {processor.py:157} INFO - Started process (PID=90803) to work on /home/airflow/.local/lib/python3.8/site-packages/airflow/example_dags/example_branch_python_dop_operator_3.py
[2023-10-08T00:50:04.742+0000] {processor.py:829} INFO - Processing file /home/airflow/.local/lib/python3.8/site-packages/airflow/example_dags/example_branch_python_dop_operator_3.py for tasks to queue
[2023-10-08T00:50:04.742+0000] {logging_mixin.py:151} INFO - [2023-10-08T00:50:04.742+0000] {dagbag.py:539} INFO - Filling up the DagBag from /home/airflow/.local/lib/python3.8/site-packages/airflow/example_dags/example_branch_python_dop_operator_3.py
[2023-10-08T00:50:04.747+0000] {processor.py:839} INFO - DAG(s) dict_keys(['example_branch_dop_operator_v3']) retrieved from /home/airflow/.local/lib/python3.8/site-packages/airflow/example_dags/example_branch_python_dop_operator_3.py
[2023-10-08T00:50:04.769+0000] {logging_mixin.py:151} INFO - [2023-10-08T00:50:04.769+0000] {dag.py:2907} INFO - Sync 1 DAGs
[2023-10-08T00:50:04.784+0000] {logging_mixin.py:151} INFO - [2023-10-08T00:50:04.784+0000] {dag.py:3677} INFO - Setting next_dagrun for example_branch_dop_operator_v3 to 2023-10-08T00:49:00+00:00, run_after=2023-10-08T00:50:00+00:00
[2023-10-08T00:50:04.796+0000] {processor.py:179} INFO - Processing /home/airflow/.local/lib/python3.8/site-packages/airflow/example_dags/example_branch_python_dop_operator_3.py took 0.058 seconds
[2023-10-08T00:50:35.238+0000] {processor.py:157} INFO - Started process (PID=90854) to work on /home/airflow/.local/lib/python3.8/site-packages/airflow/example_dags/example_branch_python_dop_operator_3.py
[2023-10-08T00:50:35.238+0000] {processor.py:829} INFO - Processing file /home/airflow/.local/lib/python3.8/site-packages/airflow/example_dags/example_branch_python_dop_operator_3.py for tasks to queue
[2023-10-08T00:50:35.239+0000] {logging_mixin.py:151} INFO - [2023-10-08T00:50:35.239+0000] {dagbag.py:539} INFO - Filling up the DagBag from /home/airflow/.local/lib/python3.8/site-packages/airflow/example_dags/example_branch_python_dop_operator_3.py
[2023-10-08T00:50:35.243+0000] {processor.py:839} INFO - DAG(s) dict_keys(['example_branch_dop_operator_v3']) retrieved from /home/airflow/.local/lib/python3.8/site-packages/airflow/example_dags/example_branch_python_dop_operator_3.py
[2023-10-08T00:50:35.256+0000] {logging_mixin.py:151} INFO - [2023-10-08T00:50:35.256+0000] {dag.py:2907} INFO - Sync 1 DAGs
[2023-10-08T00:50:35.267+0000] {logging_mixin.py:151} INFO - [2023-10-08T00:50:35.267+0000] {dag.py:3677} INFO - Setting next_dagrun for example_branch_dop_operator_v3 to 2023-10-08T00:49:00+00:00, run_after=2023-10-08T00:50:00+00:00
[2023-10-08T00:50:35.278+0000] {processor.py:179} INFO - Processing /home/airflow/.local/lib/python3.8/site-packages/airflow/example_dags/example_branch_python_dop_operator_3.py took 0.043 seconds
[2023-10-08T00:51:06.234+0000] {processor.py:157} INFO - Started process (PID=90905) to work on /home/airflow/.local/lib/python3.8/site-packages/airflow/example_dags/example_branch_python_dop_operator_3.py
[2023-10-08T00:51:06.235+0000] {processor.py:829} INFO - Processing file /home/airflow/.local/lib/python3.8/site-packages/airflow/example_dags/example_branch_python_dop_operator_3.py for tasks to queue
[2023-10-08T00:51:06.236+0000] {logging_mixin.py:151} INFO - [2023-10-08T00:51:06.236+0000] {dagbag.py:539} INFO - Filling up the DagBag from /home/airflow/.local/lib/python3.8/site-packages/airflow/example_dags/example_branch_python_dop_operator_3.py
[2023-10-08T00:51:06.241+0000] {processor.py:839} INFO - DAG(s) dict_keys(['example_branch_dop_operator_v3']) retrieved from /home/airflow/.local/lib/python3.8/site-packages/airflow/example_dags/example_branch_python_dop_operator_3.py
[2023-10-08T00:51:06.253+0000] {logging_mixin.py:151} INFO - [2023-10-08T00:51:06.253+0000] {dag.py:2907} INFO - Sync 1 DAGs
[2023-10-08T00:51:06.267+0000] {logging_mixin.py:151} INFO - [2023-10-08T00:51:06.266+0000] {dag.py:3677} INFO - Setting next_dagrun for example_branch_dop_operator_v3 to 2023-10-08T00:50:00+00:00, run_after=2023-10-08T00:51:00+00:00
[2023-10-08T00:51:06.278+0000] {processor.py:179} INFO - Processing /home/airflow/.local/lib/python3.8/site-packages/airflow/example_dags/example_branch_python_dop_operator_3.py took 0.046 seconds
[2023-10-08T00:51:36.666+0000] {processor.py:157} INFO - Started process (PID=90956) to work on /home/airflow/.local/lib/python3.8/site-packages/airflow/example_dags/example_branch_python_dop_operator_3.py
[2023-10-08T00:51:36.666+0000] {processor.py:829} INFO - Processing file /home/airflow/.local/lib/python3.8/site-packages/airflow/example_dags/example_branch_python_dop_operator_3.py for tasks to queue
[2023-10-08T00:51:36.667+0000] {logging_mixin.py:151} INFO - [2023-10-08T00:51:36.667+0000] {dagbag.py:539} INFO - Filling up the DagBag from /home/airflow/.local/lib/python3.8/site-packages/airflow/example_dags/example_branch_python_dop_operator_3.py
[2023-10-08T00:51:36.672+0000] {processor.py:839} INFO - DAG(s) dict_keys(['example_branch_dop_operator_v3']) retrieved from /home/airflow/.local/lib/python3.8/site-packages/airflow/example_dags/example_branch_python_dop_operator_3.py
[2023-10-08T00:51:36.688+0000] {logging_mixin.py:151} INFO - [2023-10-08T00:51:36.688+0000] {dag.py:2907} INFO - Sync 1 DAGs
[2023-10-08T00:51:36.702+0000] {logging_mixin.py:151} INFO - [2023-10-08T00:51:36.702+0000] {dag.py:3677} INFO - Setting next_dagrun for example_branch_dop_operator_v3 to 2023-10-08T00:50:00+00:00, run_after=2023-10-08T00:51:00+00:00
[2023-10-08T00:51:36.713+0000] {processor.py:179} INFO - Processing /home/airflow/.local/lib/python3.8/site-packages/airflow/example_dags/example_branch_python_dop_operator_3.py took 0.050 seconds
[2023-10-08T00:52:07.422+0000] {processor.py:157} INFO - Started process (PID=91007) to work on /home/airflow/.local/lib/python3.8/site-packages/airflow/example_dags/example_branch_python_dop_operator_3.py
[2023-10-08T00:52:07.423+0000] {processor.py:829} INFO - Processing file /home/airflow/.local/lib/python3.8/site-packages/airflow/example_dags/example_branch_python_dop_operator_3.py for tasks to queue
[2023-10-08T00:52:07.424+0000] {logging_mixin.py:151} INFO - [2023-10-08T00:52:07.424+0000] {dagbag.py:539} INFO - Filling up the DagBag from /home/airflow/.local/lib/python3.8/site-packages/airflow/example_dags/example_branch_python_dop_operator_3.py
[2023-10-08T00:52:07.428+0000] {processor.py:839} INFO - DAG(s) dict_keys(['example_branch_dop_operator_v3']) retrieved from /home/airflow/.local/lib/python3.8/site-packages/airflow/example_dags/example_branch_python_dop_operator_3.py
[2023-10-08T00:52:07.441+0000] {logging_mixin.py:151} INFO - [2023-10-08T00:52:07.441+0000] {dag.py:2907} INFO - Sync 1 DAGs
[2023-10-08T00:52:07.452+0000] {logging_mixin.py:151} INFO - [2023-10-08T00:52:07.452+0000] {dag.py:3677} INFO - Setting next_dagrun for example_branch_dop_operator_v3 to 2023-10-08T00:51:00+00:00, run_after=2023-10-08T00:52:00+00:00
[2023-10-08T00:52:07.465+0000] {processor.py:179} INFO - Processing /home/airflow/.local/lib/python3.8/site-packages/airflow/example_dags/example_branch_python_dop_operator_3.py took 0.044 seconds
[2023-10-08T00:52:37.873+0000] {processor.py:157} INFO - Started process (PID=91058) to work on /home/airflow/.local/lib/python3.8/site-packages/airflow/example_dags/example_branch_python_dop_operator_3.py
[2023-10-08T00:52:37.874+0000] {processor.py:829} INFO - Processing file /home/airflow/.local/lib/python3.8/site-packages/airflow/example_dags/example_branch_python_dop_operator_3.py for tasks to queue
[2023-10-08T00:52:37.875+0000] {logging_mixin.py:151} INFO - [2023-10-08T00:52:37.875+0000] {dagbag.py:539} INFO - Filling up the DagBag from /home/airflow/.local/lib/python3.8/site-packages/airflow/example_dags/example_branch_python_dop_operator_3.py
[2023-10-08T00:52:37.879+0000] {processor.py:839} INFO - DAG(s) dict_keys(['example_branch_dop_operator_v3']) retrieved from /home/airflow/.local/lib/python3.8/site-packages/airflow/example_dags/example_branch_python_dop_operator_3.py
[2023-10-08T00:52:37.892+0000] {logging_mixin.py:151} INFO - [2023-10-08T00:52:37.892+0000] {dag.py:2907} INFO - Sync 1 DAGs
[2023-10-08T00:52:37.904+0000] {logging_mixin.py:151} INFO - [2023-10-08T00:52:37.903+0000] {dag.py:3677} INFO - Setting next_dagrun for example_branch_dop_operator_v3 to 2023-10-08T00:51:00+00:00, run_after=2023-10-08T00:52:00+00:00
[2023-10-08T00:52:37.916+0000] {processor.py:179} INFO - Processing /home/airflow/.local/lib/python3.8/site-packages/airflow/example_dags/example_branch_python_dop_operator_3.py took 0.045 seconds
[2023-10-08T00:53:08.599+0000] {processor.py:157} INFO - Started process (PID=91109) to work on /home/airflow/.local/lib/python3.8/site-packages/airflow/example_dags/example_branch_python_dop_operator_3.py
[2023-10-08T00:53:08.599+0000] {processor.py:829} INFO - Processing file /home/airflow/.local/lib/python3.8/site-packages/airflow/example_dags/example_branch_python_dop_operator_3.py for tasks to queue
[2023-10-08T00:53:08.600+0000] {logging_mixin.py:151} INFO - [2023-10-08T00:53:08.600+0000] {dagbag.py:539} INFO - Filling up the DagBag from /home/airflow/.local/lib/python3.8/site-packages/airflow/example_dags/example_branch_python_dop_operator_3.py
[2023-10-08T00:53:08.605+0000] {processor.py:839} INFO - DAG(s) dict_keys(['example_branch_dop_operator_v3']) retrieved from /home/airflow/.local/lib/python3.8/site-packages/airflow/example_dags/example_branch_python_dop_operator_3.py
[2023-10-08T00:53:08.619+0000] {logging_mixin.py:151} INFO - [2023-10-08T00:53:08.619+0000] {dag.py:2907} INFO - Sync 1 DAGs
[2023-10-08T00:53:08.633+0000] {logging_mixin.py:151} INFO - [2023-10-08T00:53:08.633+0000] {dag.py:3677} INFO - Setting next_dagrun for example_branch_dop_operator_v3 to 2023-10-08T00:52:00+00:00, run_after=2023-10-08T00:53:00+00:00
[2023-10-08T00:53:08.643+0000] {processor.py:179} INFO - Processing /home/airflow/.local/lib/python3.8/site-packages/airflow/example_dags/example_branch_python_dop_operator_3.py took 0.046 seconds
[2023-10-08T00:53:39.156+0000] {processor.py:157} INFO - Started process (PID=91160) to work on /home/airflow/.local/lib/python3.8/site-packages/airflow/example_dags/example_branch_python_dop_operator_3.py
[2023-10-08T00:53:39.157+0000] {processor.py:829} INFO - Processing file /home/airflow/.local/lib/python3.8/site-packages/airflow/example_dags/example_branch_python_dop_operator_3.py for tasks to queue
[2023-10-08T00:53:39.157+0000] {logging_mixin.py:151} INFO - [2023-10-08T00:53:39.157+0000] {dagbag.py:539} INFO - Filling up the DagBag from /home/airflow/.local/lib/python3.8/site-packages/airflow/example_dags/example_branch_python_dop_operator_3.py
[2023-10-08T00:53:39.162+0000] {processor.py:839} INFO - DAG(s) dict_keys(['example_branch_dop_operator_v3']) retrieved from /home/airflow/.local/lib/python3.8/site-packages/airflow/example_dags/example_branch_python_dop_operator_3.py
[2023-10-08T00:53:39.176+0000] {logging_mixin.py:151} INFO - [2023-10-08T00:53:39.176+0000] {dag.py:2907} INFO - Sync 1 DAGs
[2023-10-08T00:53:39.188+0000] {logging_mixin.py:151} INFO - [2023-10-08T00:53:39.188+0000] {dag.py:3677} INFO - Setting next_dagrun for example_branch_dop_operator_v3 to 2023-10-08T00:52:00+00:00, run_after=2023-10-08T00:53:00+00:00
[2023-10-08T00:53:39.200+0000] {processor.py:179} INFO - Processing /home/airflow/.local/lib/python3.8/site-packages/airflow/example_dags/example_branch_python_dop_operator_3.py took 0.046 seconds
[2023-10-08T00:54:10.084+0000] {processor.py:157} INFO - Started process (PID=91211) to work on /home/airflow/.local/lib/python3.8/site-packages/airflow/example_dags/example_branch_python_dop_operator_3.py
[2023-10-08T00:54:10.086+0000] {processor.py:829} INFO - Processing file /home/airflow/.local/lib/python3.8/site-packages/airflow/example_dags/example_branch_python_dop_operator_3.py for tasks to queue
[2023-10-08T00:54:10.086+0000] {logging_mixin.py:151} INFO - [2023-10-08T00:54:10.086+0000] {dagbag.py:539} INFO - Filling up the DagBag from /home/airflow/.local/lib/python3.8/site-packages/airflow/example_dags/example_branch_python_dop_operator_3.py
[2023-10-08T00:54:10.091+0000] {processor.py:839} INFO - DAG(s) dict_keys(['example_branch_dop_operator_v3']) retrieved from /home/airflow/.local/lib/python3.8/site-packages/airflow/example_dags/example_branch_python_dop_operator_3.py
[2023-10-08T00:54:10.103+0000] {logging_mixin.py:151} INFO - [2023-10-08T00:54:10.103+0000] {dag.py:2907} INFO - Sync 1 DAGs
[2023-10-08T00:54:10.115+0000] {logging_mixin.py:151} INFO - [2023-10-08T00:54:10.115+0000] {dag.py:3677} INFO - Setting next_dagrun for example_branch_dop_operator_v3 to 2023-10-08T00:53:00+00:00, run_after=2023-10-08T00:54:00+00:00
[2023-10-08T00:54:10.126+0000] {processor.py:179} INFO - Processing /home/airflow/.local/lib/python3.8/site-packages/airflow/example_dags/example_branch_python_dop_operator_3.py took 0.045 seconds
[2023-10-08T00:54:40.515+0000] {processor.py:157} INFO - Started process (PID=91262) to work on /home/airflow/.local/lib/python3.8/site-packages/airflow/example_dags/example_branch_python_dop_operator_3.py
[2023-10-08T00:54:40.516+0000] {processor.py:829} INFO - Processing file /home/airflow/.local/lib/python3.8/site-packages/airflow/example_dags/example_branch_python_dop_operator_3.py for tasks to queue
[2023-10-08T00:54:40.516+0000] {logging_mixin.py:151} INFO - [2023-10-08T00:54:40.516+0000] {dagbag.py:539} INFO - Filling up the DagBag from /home/airflow/.local/lib/python3.8/site-packages/airflow/example_dags/example_branch_python_dop_operator_3.py
[2023-10-08T00:54:40.521+0000] {processor.py:839} INFO - DAG(s) dict_keys(['example_branch_dop_operator_v3']) retrieved from /home/airflow/.local/lib/python3.8/site-packages/airflow/example_dags/example_branch_python_dop_operator_3.py
[2023-10-08T00:54:40.534+0000] {logging_mixin.py:151} INFO - [2023-10-08T00:54:40.534+0000] {dag.py:2907} INFO - Sync 1 DAGs
[2023-10-08T00:54:40.546+0000] {logging_mixin.py:151} INFO - [2023-10-08T00:54:40.546+0000] {dag.py:3677} INFO - Setting next_dagrun for example_branch_dop_operator_v3 to 2023-10-08T00:53:00+00:00, run_after=2023-10-08T00:54:00+00:00
[2023-10-08T00:54:40.558+0000] {processor.py:179} INFO - Processing /home/airflow/.local/lib/python3.8/site-packages/airflow/example_dags/example_branch_python_dop_operator_3.py took 0.045 seconds
[2023-10-08T00:55:11.567+0000] {processor.py:157} INFO - Started process (PID=91313) to work on /home/airflow/.local/lib/python3.8/site-packages/airflow/example_dags/example_branch_python_dop_operator_3.py
[2023-10-08T00:55:11.568+0000] {processor.py:829} INFO - Processing file /home/airflow/.local/lib/python3.8/site-packages/airflow/example_dags/example_branch_python_dop_operator_3.py for tasks to queue
[2023-10-08T00:55:11.569+0000] {logging_mixin.py:151} INFO - [2023-10-08T00:55:11.568+0000] {dagbag.py:539} INFO - Filling up the DagBag from /home/airflow/.local/lib/python3.8/site-packages/airflow/example_dags/example_branch_python_dop_operator_3.py
[2023-10-08T00:55:11.573+0000] {processor.py:839} INFO - DAG(s) dict_keys(['example_branch_dop_operator_v3']) retrieved from /home/airflow/.local/lib/python3.8/site-packages/airflow/example_dags/example_branch_python_dop_operator_3.py
[2023-10-08T00:55:11.587+0000] {logging_mixin.py:151} INFO - [2023-10-08T00:55:11.587+0000] {dag.py:2907} INFO - Sync 1 DAGs
[2023-10-08T00:55:11.600+0000] {logging_mixin.py:151} INFO - [2023-10-08T00:55:11.600+0000] {dag.py:3677} INFO - Setting next_dagrun for example_branch_dop_operator_v3 to 2023-10-08T00:54:00+00:00, run_after=2023-10-08T00:55:00+00:00
[2023-10-08T00:55:11.612+0000] {processor.py:179} INFO - Processing /home/airflow/.local/lib/python3.8/site-packages/airflow/example_dags/example_branch_python_dop_operator_3.py took 0.047 seconds
[2023-10-08T00:55:41.913+0000] {processor.py:157} INFO - Started process (PID=91364) to work on /home/airflow/.local/lib/python3.8/site-packages/airflow/example_dags/example_branch_python_dop_operator_3.py
[2023-10-08T00:55:41.913+0000] {processor.py:829} INFO - Processing file /home/airflow/.local/lib/python3.8/site-packages/airflow/example_dags/example_branch_python_dop_operator_3.py for tasks to queue
[2023-10-08T00:55:41.914+0000] {logging_mixin.py:151} INFO - [2023-10-08T00:55:41.914+0000] {dagbag.py:539} INFO - Filling up the DagBag from /home/airflow/.local/lib/python3.8/site-packages/airflow/example_dags/example_branch_python_dop_operator_3.py
[2023-10-08T00:55:41.918+0000] {processor.py:839} INFO - DAG(s) dict_keys(['example_branch_dop_operator_v3']) retrieved from /home/airflow/.local/lib/python3.8/site-packages/airflow/example_dags/example_branch_python_dop_operator_3.py
[2023-10-08T00:55:41.931+0000] {logging_mixin.py:151} INFO - [2023-10-08T00:55:41.931+0000] {dag.py:2907} INFO - Sync 1 DAGs
[2023-10-08T00:55:41.944+0000] {logging_mixin.py:151} INFO - [2023-10-08T00:55:41.943+0000] {dag.py:3677} INFO - Setting next_dagrun for example_branch_dop_operator_v3 to 2023-10-08T00:54:00+00:00, run_after=2023-10-08T00:55:00+00:00
[2023-10-08T00:55:41.954+0000] {processor.py:179} INFO - Processing /home/airflow/.local/lib/python3.8/site-packages/airflow/example_dags/example_branch_python_dop_operator_3.py took 0.044 seconds
[2023-10-08T00:56:12.779+0000] {processor.py:157} INFO - Started process (PID=91415) to work on /home/airflow/.local/lib/python3.8/site-packages/airflow/example_dags/example_branch_python_dop_operator_3.py
[2023-10-08T00:56:12.780+0000] {processor.py:829} INFO - Processing file /home/airflow/.local/lib/python3.8/site-packages/airflow/example_dags/example_branch_python_dop_operator_3.py for tasks to queue
[2023-10-08T00:56:12.781+0000] {logging_mixin.py:151} INFO - [2023-10-08T00:56:12.781+0000] {dagbag.py:539} INFO - Filling up the DagBag from /home/airflow/.local/lib/python3.8/site-packages/airflow/example_dags/example_branch_python_dop_operator_3.py
[2023-10-08T00:56:12.786+0000] {processor.py:839} INFO - DAG(s) dict_keys(['example_branch_dop_operator_v3']) retrieved from /home/airflow/.local/lib/python3.8/site-packages/airflow/example_dags/example_branch_python_dop_operator_3.py
[2023-10-08T00:56:12.797+0000] {logging_mixin.py:151} INFO - [2023-10-08T00:56:12.797+0000] {dag.py:2907} INFO - Sync 1 DAGs
[2023-10-08T00:56:12.809+0000] {logging_mixin.py:151} INFO - [2023-10-08T00:56:12.809+0000] {dag.py:3677} INFO - Setting next_dagrun for example_branch_dop_operator_v3 to 2023-10-08T00:55:00+00:00, run_after=2023-10-08T00:56:00+00:00
[2023-10-08T00:56:12.821+0000] {processor.py:179} INFO - Processing /home/airflow/.local/lib/python3.8/site-packages/airflow/example_dags/example_branch_python_dop_operator_3.py took 0.044 seconds
[2023-10-08T00:56:43.712+0000] {processor.py:157} INFO - Started process (PID=91466) to work on /home/airflow/.local/lib/python3.8/site-packages/airflow/example_dags/example_branch_python_dop_operator_3.py
[2023-10-08T00:56:43.713+0000] {processor.py:829} INFO - Processing file /home/airflow/.local/lib/python3.8/site-packages/airflow/example_dags/example_branch_python_dop_operator_3.py for tasks to queue
[2023-10-08T00:56:43.713+0000] {logging_mixin.py:151} INFO - [2023-10-08T00:56:43.713+0000] {dagbag.py:539} INFO - Filling up the DagBag from /home/airflow/.local/lib/python3.8/site-packages/airflow/example_dags/example_branch_python_dop_operator_3.py
[2023-10-08T00:56:43.718+0000] {processor.py:839} INFO - DAG(s) dict_keys(['example_branch_dop_operator_v3']) retrieved from /home/airflow/.local/lib/python3.8/site-packages/airflow/example_dags/example_branch_python_dop_operator_3.py
[2023-10-08T00:56:43.730+0000] {logging_mixin.py:151} INFO - [2023-10-08T00:56:43.730+0000] {dag.py:2907} INFO - Sync 1 DAGs
[2023-10-08T00:56:43.741+0000] {logging_mixin.py:151} INFO - [2023-10-08T00:56:43.741+0000] {dag.py:3677} INFO - Setting next_dagrun for example_branch_dop_operator_v3 to 2023-10-08T00:55:00+00:00, run_after=2023-10-08T00:56:00+00:00
[2023-10-08T00:56:43.752+0000] {processor.py:179} INFO - Processing /home/airflow/.local/lib/python3.8/site-packages/airflow/example_dags/example_branch_python_dop_operator_3.py took 0.042 seconds
[2023-10-08T00:57:14.407+0000] {processor.py:157} INFO - Started process (PID=91517) to work on /home/airflow/.local/lib/python3.8/site-packages/airflow/example_dags/example_branch_python_dop_operator_3.py
[2023-10-08T00:57:14.408+0000] {processor.py:829} INFO - Processing file /home/airflow/.local/lib/python3.8/site-packages/airflow/example_dags/example_branch_python_dop_operator_3.py for tasks to queue
[2023-10-08T00:57:14.408+0000] {logging_mixin.py:151} INFO - [2023-10-08T00:57:14.408+0000] {dagbag.py:539} INFO - Filling up the DagBag from /home/airflow/.local/lib/python3.8/site-packages/airflow/example_dags/example_branch_python_dop_operator_3.py
[2023-10-08T00:57:14.413+0000] {processor.py:839} INFO - DAG(s) dict_keys(['example_branch_dop_operator_v3']) retrieved from /home/airflow/.local/lib/python3.8/site-packages/airflow/example_dags/example_branch_python_dop_operator_3.py
[2023-10-08T00:57:14.426+0000] {logging_mixin.py:151} INFO - [2023-10-08T00:57:14.425+0000] {dag.py:2907} INFO - Sync 1 DAGs
[2023-10-08T00:57:14.438+0000] {logging_mixin.py:151} INFO - [2023-10-08T00:57:14.437+0000] {dag.py:3677} INFO - Setting next_dagrun for example_branch_dop_operator_v3 to 2023-10-08T00:56:00+00:00, run_after=2023-10-08T00:57:00+00:00
[2023-10-08T00:57:14.450+0000] {processor.py:179} INFO - Processing /home/airflow/.local/lib/python3.8/site-packages/airflow/example_dags/example_branch_python_dop_operator_3.py took 0.045 seconds
[2023-10-08T00:57:44.543+0000] {processor.py:157} INFO - Started process (PID=91568) to work on /home/airflow/.local/lib/python3.8/site-packages/airflow/example_dags/example_branch_python_dop_operator_3.py
[2023-10-08T00:57:44.543+0000] {processor.py:829} INFO - Processing file /home/airflow/.local/lib/python3.8/site-packages/airflow/example_dags/example_branch_python_dop_operator_3.py for tasks to queue
[2023-10-08T00:57:44.544+0000] {logging_mixin.py:151} INFO - [2023-10-08T00:57:44.544+0000] {dagbag.py:539} INFO - Filling up the DagBag from /home/airflow/.local/lib/python3.8/site-packages/airflow/example_dags/example_branch_python_dop_operator_3.py
[2023-10-08T00:57:44.549+0000] {processor.py:839} INFO - DAG(s) dict_keys(['example_branch_dop_operator_v3']) retrieved from /home/airflow/.local/lib/python3.8/site-packages/airflow/example_dags/example_branch_python_dop_operator_3.py
[2023-10-08T00:57:44.563+0000] {logging_mixin.py:151} INFO - [2023-10-08T00:57:44.563+0000] {dag.py:2907} INFO - Sync 1 DAGs
[2023-10-08T00:57:44.575+0000] {logging_mixin.py:151} INFO - [2023-10-08T00:57:44.575+0000] {dag.py:3677} INFO - Setting next_dagrun for example_branch_dop_operator_v3 to 2023-10-08T00:56:00+00:00, run_after=2023-10-08T00:57:00+00:00
[2023-10-08T00:57:44.587+0000] {processor.py:179} INFO - Processing /home/airflow/.local/lib/python3.8/site-packages/airflow/example_dags/example_branch_python_dop_operator_3.py took 0.047 seconds
[2023-10-08T00:58:15.526+0000] {processor.py:157} INFO - Started process (PID=91619) to work on /home/airflow/.local/lib/python3.8/site-packages/airflow/example_dags/example_branch_python_dop_operator_3.py
[2023-10-08T00:58:15.527+0000] {processor.py:829} INFO - Processing file /home/airflow/.local/lib/python3.8/site-packages/airflow/example_dags/example_branch_python_dop_operator_3.py for tasks to queue
[2023-10-08T00:58:15.527+0000] {logging_mixin.py:151} INFO - [2023-10-08T00:58:15.527+0000] {dagbag.py:539} INFO - Filling up the DagBag from /home/airflow/.local/lib/python3.8/site-packages/airflow/example_dags/example_branch_python_dop_operator_3.py
[2023-10-08T00:58:15.534+0000] {processor.py:839} INFO - DAG(s) dict_keys(['example_branch_dop_operator_v3']) retrieved from /home/airflow/.local/lib/python3.8/site-packages/airflow/example_dags/example_branch_python_dop_operator_3.py
[2023-10-08T00:58:15.549+0000] {logging_mixin.py:151} INFO - [2023-10-08T00:58:15.549+0000] {dag.py:2907} INFO - Sync 1 DAGs
[2023-10-08T00:58:15.560+0000] {logging_mixin.py:151} INFO - [2023-10-08T00:58:15.560+0000] {dag.py:3677} INFO - Setting next_dagrun for example_branch_dop_operator_v3 to 2023-10-08T00:57:00+00:00, run_after=2023-10-08T00:58:00+00:00
[2023-10-08T00:58:15.572+0000] {processor.py:179} INFO - Processing /home/airflow/.local/lib/python3.8/site-packages/airflow/example_dags/example_branch_python_dop_operator_3.py took 0.048 seconds
[2023-10-08T01:14:40.761+0000] {processor.py:157} INFO - Started process (PID=91670) to work on /home/airflow/.local/lib/python3.8/site-packages/airflow/example_dags/example_branch_python_dop_operator_3.py
[2023-10-08T01:14:40.761+0000] {processor.py:829} INFO - Processing file /home/airflow/.local/lib/python3.8/site-packages/airflow/example_dags/example_branch_python_dop_operator_3.py for tasks to queue
[2023-10-08T01:14:40.762+0000] {logging_mixin.py:151} INFO - [2023-10-08T01:14:40.762+0000] {dagbag.py:539} INFO - Filling up the DagBag from /home/airflow/.local/lib/python3.8/site-packages/airflow/example_dags/example_branch_python_dop_operator_3.py
[2023-10-08T01:14:40.767+0000] {processor.py:839} INFO - DAG(s) dict_keys(['example_branch_dop_operator_v3']) retrieved from /home/airflow/.local/lib/python3.8/site-packages/airflow/example_dags/example_branch_python_dop_operator_3.py
[2023-10-08T01:14:40.782+0000] {logging_mixin.py:151} INFO - [2023-10-08T01:14:40.782+0000] {dag.py:2907} INFO - Sync 1 DAGs
[2023-10-08T01:14:40.794+0000] {logging_mixin.py:151} INFO - [2023-10-08T01:14:40.794+0000] {dag.py:3677} INFO - Setting next_dagrun for example_branch_dop_operator_v3 to 2023-10-08T01:13:00+00:00, run_after=2023-10-08T01:14:00+00:00
[2023-10-08T01:14:40.806+0000] {processor.py:179} INFO - Processing /home/airflow/.local/lib/python3.8/site-packages/airflow/example_dags/example_branch_python_dop_operator_3.py took 0.048 seconds
[2023-10-08T01:15:12.011+0000] {processor.py:157} INFO - Started process (PID=91721) to work on /home/airflow/.local/lib/python3.8/site-packages/airflow/example_dags/example_branch_python_dop_operator_3.py
[2023-10-08T01:15:12.012+0000] {processor.py:829} INFO - Processing file /home/airflow/.local/lib/python3.8/site-packages/airflow/example_dags/example_branch_python_dop_operator_3.py for tasks to queue
[2023-10-08T01:15:12.013+0000] {logging_mixin.py:151} INFO - [2023-10-08T01:15:12.012+0000] {dagbag.py:539} INFO - Filling up the DagBag from /home/airflow/.local/lib/python3.8/site-packages/airflow/example_dags/example_branch_python_dop_operator_3.py
[2023-10-08T01:15:12.017+0000] {processor.py:839} INFO - DAG(s) dict_keys(['example_branch_dop_operator_v3']) retrieved from /home/airflow/.local/lib/python3.8/site-packages/airflow/example_dags/example_branch_python_dop_operator_3.py
[2023-10-08T01:15:12.031+0000] {logging_mixin.py:151} INFO - [2023-10-08T01:15:12.031+0000] {dag.py:2907} INFO - Sync 1 DAGs
[2023-10-08T01:15:12.042+0000] {logging_mixin.py:151} INFO - [2023-10-08T01:15:12.042+0000] {dag.py:3677} INFO - Setting next_dagrun for example_branch_dop_operator_v3 to 2023-10-08T01:14:00+00:00, run_after=2023-10-08T01:15:00+00:00
[2023-10-08T01:15:12.055+0000] {processor.py:179} INFO - Processing /home/airflow/.local/lib/python3.8/site-packages/airflow/example_dags/example_branch_python_dop_operator_3.py took 0.046 seconds
[2023-10-08T01:15:45.339+0000] {processor.py:157} INFO - Started process (PID=91772) to work on /home/airflow/.local/lib/python3.8/site-packages/airflow/example_dags/example_branch_python_dop_operator_3.py
[2023-10-08T01:15:45.340+0000] {processor.py:829} INFO - Processing file /home/airflow/.local/lib/python3.8/site-packages/airflow/example_dags/example_branch_python_dop_operator_3.py for tasks to queue
[2023-10-08T01:15:45.340+0000] {logging_mixin.py:151} INFO - [2023-10-08T01:15:45.340+0000] {dagbag.py:539} INFO - Filling up the DagBag from /home/airflow/.local/lib/python3.8/site-packages/airflow/example_dags/example_branch_python_dop_operator_3.py
[2023-10-08T01:15:45.346+0000] {processor.py:839} INFO - DAG(s) dict_keys(['example_branch_dop_operator_v3']) retrieved from /home/airflow/.local/lib/python3.8/site-packages/airflow/example_dags/example_branch_python_dop_operator_3.py
[2023-10-08T01:15:45.362+0000] {logging_mixin.py:151} INFO - [2023-10-08T01:15:45.362+0000] {dag.py:2907} INFO - Sync 1 DAGs
[2023-10-08T01:15:45.374+0000] {logging_mixin.py:151} INFO - [2023-10-08T01:15:45.374+0000] {dag.py:3677} INFO - Setting next_dagrun for example_branch_dop_operator_v3 to 2023-10-08T01:14:00+00:00, run_after=2023-10-08T01:15:00+00:00
[2023-10-08T01:15:45.384+0000] {processor.py:179} INFO - Processing /home/airflow/.local/lib/python3.8/site-packages/airflow/example_dags/example_branch_python_dop_operator_3.py took 0.047 seconds
[2023-10-08T01:18:32.610+0000] {processor.py:157} INFO - Started process (PID=91823) to work on /home/airflow/.local/lib/python3.8/site-packages/airflow/example_dags/example_branch_python_dop_operator_3.py
[2023-10-08T01:18:32.611+0000] {processor.py:829} INFO - Processing file /home/airflow/.local/lib/python3.8/site-packages/airflow/example_dags/example_branch_python_dop_operator_3.py for tasks to queue
[2023-10-08T01:18:32.612+0000] {logging_mixin.py:151} INFO - [2023-10-08T01:18:32.612+0000] {dagbag.py:539} INFO - Filling up the DagBag from /home/airflow/.local/lib/python3.8/site-packages/airflow/example_dags/example_branch_python_dop_operator_3.py
[2023-10-08T01:18:32.617+0000] {processor.py:839} INFO - DAG(s) dict_keys(['example_branch_dop_operator_v3']) retrieved from /home/airflow/.local/lib/python3.8/site-packages/airflow/example_dags/example_branch_python_dop_operator_3.py
[2023-10-08T01:18:32.629+0000] {logging_mixin.py:151} INFO - [2023-10-08T01:18:32.629+0000] {dag.py:2907} INFO - Sync 1 DAGs
[2023-10-08T01:18:32.641+0000] {logging_mixin.py:151} INFO - [2023-10-08T01:18:32.641+0000] {dag.py:3677} INFO - Setting next_dagrun for example_branch_dop_operator_v3 to 2023-10-08T01:17:00+00:00, run_after=2023-10-08T01:18:00+00:00
[2023-10-08T01:18:32.663+0000] {processor.py:179} INFO - Processing /home/airflow/.local/lib/python3.8/site-packages/airflow/example_dags/example_branch_python_dop_operator_3.py took 0.055 seconds
[2023-10-08T01:19:03.949+0000] {processor.py:157} INFO - Started process (PID=91874) to work on /home/airflow/.local/lib/python3.8/site-packages/airflow/example_dags/example_branch_python_dop_operator_3.py
[2023-10-08T01:19:03.950+0000] {processor.py:829} INFO - Processing file /home/airflow/.local/lib/python3.8/site-packages/airflow/example_dags/example_branch_python_dop_operator_3.py for tasks to queue
[2023-10-08T01:19:03.950+0000] {logging_mixin.py:151} INFO - [2023-10-08T01:19:03.950+0000] {dagbag.py:539} INFO - Filling up the DagBag from /home/airflow/.local/lib/python3.8/site-packages/airflow/example_dags/example_branch_python_dop_operator_3.py
[2023-10-08T01:19:03.955+0000] {processor.py:839} INFO - DAG(s) dict_keys(['example_branch_dop_operator_v3']) retrieved from /home/airflow/.local/lib/python3.8/site-packages/airflow/example_dags/example_branch_python_dop_operator_3.py
[2023-10-08T01:19:03.968+0000] {logging_mixin.py:151} INFO - [2023-10-08T01:19:03.968+0000] {dag.py:2907} INFO - Sync 1 DAGs
[2023-10-08T01:19:03.979+0000] {logging_mixin.py:151} INFO - [2023-10-08T01:19:03.979+0000] {dag.py:3677} INFO - Setting next_dagrun for example_branch_dop_operator_v3 to 2023-10-08T01:18:00+00:00, run_after=2023-10-08T01:19:00+00:00
[2023-10-08T01:19:03.991+0000] {processor.py:179} INFO - Processing /home/airflow/.local/lib/python3.8/site-packages/airflow/example_dags/example_branch_python_dop_operator_3.py took 0.044 seconds
[2023-10-08T01:19:35.090+0000] {processor.py:157} INFO - Started process (PID=91925) to work on /home/airflow/.local/lib/python3.8/site-packages/airflow/example_dags/example_branch_python_dop_operator_3.py
[2023-10-08T01:19:35.091+0000] {processor.py:829} INFO - Processing file /home/airflow/.local/lib/python3.8/site-packages/airflow/example_dags/example_branch_python_dop_operator_3.py for tasks to queue
[2023-10-08T01:19:35.091+0000] {logging_mixin.py:151} INFO - [2023-10-08T01:19:35.091+0000] {dagbag.py:539} INFO - Filling up the DagBag from /home/airflow/.local/lib/python3.8/site-packages/airflow/example_dags/example_branch_python_dop_operator_3.py
[2023-10-08T01:19:35.099+0000] {processor.py:839} INFO - DAG(s) dict_keys(['example_branch_dop_operator_v3']) retrieved from /home/airflow/.local/lib/python3.8/site-packages/airflow/example_dags/example_branch_python_dop_operator_3.py
[2023-10-08T01:19:35.126+0000] {logging_mixin.py:151} INFO - [2023-10-08T01:19:35.126+0000] {dag.py:2907} INFO - Sync 1 DAGs
[2023-10-08T01:19:35.139+0000] {logging_mixin.py:151} INFO - [2023-10-08T01:19:35.139+0000] {dag.py:3677} INFO - Setting next_dagrun for example_branch_dop_operator_v3 to 2023-10-08T01:18:00+00:00, run_after=2023-10-08T01:19:00+00:00
[2023-10-08T01:19:35.151+0000] {processor.py:179} INFO - Processing /home/airflow/.local/lib/python3.8/site-packages/airflow/example_dags/example_branch_python_dop_operator_3.py took 0.065 seconds
[2023-10-08T01:20:06.309+0000] {processor.py:157} INFO - Started process (PID=91976) to work on /home/airflow/.local/lib/python3.8/site-packages/airflow/example_dags/example_branch_python_dop_operator_3.py
[2023-10-08T01:20:06.310+0000] {processor.py:829} INFO - Processing file /home/airflow/.local/lib/python3.8/site-packages/airflow/example_dags/example_branch_python_dop_operator_3.py for tasks to queue
[2023-10-08T01:20:06.310+0000] {logging_mixin.py:151} INFO - [2023-10-08T01:20:06.310+0000] {dagbag.py:539} INFO - Filling up the DagBag from /home/airflow/.local/lib/python3.8/site-packages/airflow/example_dags/example_branch_python_dop_operator_3.py
[2023-10-08T01:20:06.317+0000] {processor.py:839} INFO - DAG(s) dict_keys(['example_branch_dop_operator_v3']) retrieved from /home/airflow/.local/lib/python3.8/site-packages/airflow/example_dags/example_branch_python_dop_operator_3.py
[2023-10-08T01:20:06.331+0000] {logging_mixin.py:151} INFO - [2023-10-08T01:20:06.331+0000] {dag.py:2907} INFO - Sync 1 DAGs
[2023-10-08T01:20:06.343+0000] {logging_mixin.py:151} INFO - [2023-10-08T01:20:06.343+0000] {dag.py:3677} INFO - Setting next_dagrun for example_branch_dop_operator_v3 to 2023-10-08T01:19:00+00:00, run_after=2023-10-08T01:20:00+00:00
[2023-10-08T01:20:06.355+0000] {processor.py:179} INFO - Processing /home/airflow/.local/lib/python3.8/site-packages/airflow/example_dags/example_branch_python_dop_operator_3.py took 0.049 seconds
[2023-10-08T01:20:37.297+0000] {processor.py:157} INFO - Started process (PID=92027) to work on /home/airflow/.local/lib/python3.8/site-packages/airflow/example_dags/example_branch_python_dop_operator_3.py
[2023-10-08T01:20:37.299+0000] {processor.py:829} INFO - Processing file /home/airflow/.local/lib/python3.8/site-packages/airflow/example_dags/example_branch_python_dop_operator_3.py for tasks to queue
[2023-10-08T01:20:37.299+0000] {logging_mixin.py:151} INFO - [2023-10-08T01:20:37.299+0000] {dagbag.py:539} INFO - Filling up the DagBag from /home/airflow/.local/lib/python3.8/site-packages/airflow/example_dags/example_branch_python_dop_operator_3.py
[2023-10-08T01:20:37.304+0000] {processor.py:839} INFO - DAG(s) dict_keys(['example_branch_dop_operator_v3']) retrieved from /home/airflow/.local/lib/python3.8/site-packages/airflow/example_dags/example_branch_python_dop_operator_3.py
[2023-10-08T01:20:37.317+0000] {logging_mixin.py:151} INFO - [2023-10-08T01:20:37.316+0000] {dag.py:2907} INFO - Sync 1 DAGs
[2023-10-08T01:20:37.328+0000] {logging_mixin.py:151} INFO - [2023-10-08T01:20:37.328+0000] {dag.py:3677} INFO - Setting next_dagrun for example_branch_dop_operator_v3 to 2023-10-08T01:19:00+00:00, run_after=2023-10-08T01:20:00+00:00
[2023-10-08T01:20:37.339+0000] {processor.py:179} INFO - Processing /home/airflow/.local/lib/python3.8/site-packages/airflow/example_dags/example_branch_python_dop_operator_3.py took 0.044 seconds
[2023-10-08T01:21:07.920+0000] {processor.py:157} INFO - Started process (PID=92078) to work on /home/airflow/.local/lib/python3.8/site-packages/airflow/example_dags/example_branch_python_dop_operator_3.py
[2023-10-08T01:21:07.921+0000] {processor.py:829} INFO - Processing file /home/airflow/.local/lib/python3.8/site-packages/airflow/example_dags/example_branch_python_dop_operator_3.py for tasks to queue
[2023-10-08T01:21:07.921+0000] {logging_mixin.py:151} INFO - [2023-10-08T01:21:07.921+0000] {dagbag.py:539} INFO - Filling up the DagBag from /home/airflow/.local/lib/python3.8/site-packages/airflow/example_dags/example_branch_python_dop_operator_3.py
[2023-10-08T01:21:07.928+0000] {processor.py:839} INFO - DAG(s) dict_keys(['example_branch_dop_operator_v3']) retrieved from /home/airflow/.local/lib/python3.8/site-packages/airflow/example_dags/example_branch_python_dop_operator_3.py
[2023-10-08T01:21:07.944+0000] {logging_mixin.py:151} INFO - [2023-10-08T01:21:07.944+0000] {dag.py:2907} INFO - Sync 1 DAGs
[2023-10-08T01:21:07.957+0000] {logging_mixin.py:151} INFO - [2023-10-08T01:21:07.956+0000] {dag.py:3677} INFO - Setting next_dagrun for example_branch_dop_operator_v3 to 2023-10-08T01:20:00+00:00, run_after=2023-10-08T01:21:00+00:00
[2023-10-08T01:21:07.971+0000] {processor.py:179} INFO - Processing /home/airflow/.local/lib/python3.8/site-packages/airflow/example_dags/example_branch_python_dop_operator_3.py took 0.054 seconds
[2023-10-08T01:21:38.338+0000] {processor.py:157} INFO - Started process (PID=92129) to work on /home/airflow/.local/lib/python3.8/site-packages/airflow/example_dags/example_branch_python_dop_operator_3.py
[2023-10-08T01:21:38.339+0000] {processor.py:829} INFO - Processing file /home/airflow/.local/lib/python3.8/site-packages/airflow/example_dags/example_branch_python_dop_operator_3.py for tasks to queue
[2023-10-08T01:21:38.340+0000] {logging_mixin.py:151} INFO - [2023-10-08T01:21:38.339+0000] {dagbag.py:539} INFO - Filling up the DagBag from /home/airflow/.local/lib/python3.8/site-packages/airflow/example_dags/example_branch_python_dop_operator_3.py
[2023-10-08T01:21:38.345+0000] {processor.py:839} INFO - DAG(s) dict_keys(['example_branch_dop_operator_v3']) retrieved from /home/airflow/.local/lib/python3.8/site-packages/airflow/example_dags/example_branch_python_dop_operator_3.py
[2023-10-08T01:21:38.358+0000] {logging_mixin.py:151} INFO - [2023-10-08T01:21:38.358+0000] {dag.py:2907} INFO - Sync 1 DAGs
[2023-10-08T01:21:38.371+0000] {logging_mixin.py:151} INFO - [2023-10-08T01:21:38.371+0000] {dag.py:3677} INFO - Setting next_dagrun for example_branch_dop_operator_v3 to 2023-10-08T01:20:00+00:00, run_after=2023-10-08T01:21:00+00:00
[2023-10-08T01:21:38.382+0000] {processor.py:179} INFO - Processing /home/airflow/.local/lib/python3.8/site-packages/airflow/example_dags/example_branch_python_dop_operator_3.py took 0.046 seconds
[2023-10-08T01:22:08.834+0000] {processor.py:157} INFO - Started process (PID=92180) to work on /home/airflow/.local/lib/python3.8/site-packages/airflow/example_dags/example_branch_python_dop_operator_3.py
[2023-10-08T01:22:08.835+0000] {processor.py:829} INFO - Processing file /home/airflow/.local/lib/python3.8/site-packages/airflow/example_dags/example_branch_python_dop_operator_3.py for tasks to queue
[2023-10-08T01:22:08.835+0000] {logging_mixin.py:151} INFO - [2023-10-08T01:22:08.835+0000] {dagbag.py:539} INFO - Filling up the DagBag from /home/airflow/.local/lib/python3.8/site-packages/airflow/example_dags/example_branch_python_dop_operator_3.py
[2023-10-08T01:22:08.840+0000] {processor.py:839} INFO - DAG(s) dict_keys(['example_branch_dop_operator_v3']) retrieved from /home/airflow/.local/lib/python3.8/site-packages/airflow/example_dags/example_branch_python_dop_operator_3.py
[2023-10-08T01:22:08.853+0000] {logging_mixin.py:151} INFO - [2023-10-08T01:22:08.853+0000] {dag.py:2907} INFO - Sync 1 DAGs
[2023-10-08T01:22:08.864+0000] {logging_mixin.py:151} INFO - [2023-10-08T01:22:08.864+0000] {dag.py:3677} INFO - Setting next_dagrun for example_branch_dop_operator_v3 to 2023-10-08T01:21:00+00:00, run_after=2023-10-08T01:22:00+00:00
[2023-10-08T01:22:08.876+0000] {processor.py:179} INFO - Processing /home/airflow/.local/lib/python3.8/site-packages/airflow/example_dags/example_branch_python_dop_operator_3.py took 0.043 seconds
[2023-10-08T01:22:39.461+0000] {processor.py:157} INFO - Started process (PID=92231) to work on /home/airflow/.local/lib/python3.8/site-packages/airflow/example_dags/example_branch_python_dop_operator_3.py
[2023-10-08T01:22:39.462+0000] {processor.py:829} INFO - Processing file /home/airflow/.local/lib/python3.8/site-packages/airflow/example_dags/example_branch_python_dop_operator_3.py for tasks to queue
[2023-10-08T01:22:39.463+0000] {logging_mixin.py:151} INFO - [2023-10-08T01:22:39.463+0000] {dagbag.py:539} INFO - Filling up the DagBag from /home/airflow/.local/lib/python3.8/site-packages/airflow/example_dags/example_branch_python_dop_operator_3.py
[2023-10-08T01:22:39.468+0000] {processor.py:839} INFO - DAG(s) dict_keys(['example_branch_dop_operator_v3']) retrieved from /home/airflow/.local/lib/python3.8/site-packages/airflow/example_dags/example_branch_python_dop_operator_3.py
[2023-10-08T01:22:39.486+0000] {logging_mixin.py:151} INFO - [2023-10-08T01:22:39.486+0000] {dag.py:2907} INFO - Sync 1 DAGs
[2023-10-08T01:22:39.499+0000] {logging_mixin.py:151} INFO - [2023-10-08T01:22:39.499+0000] {dag.py:3677} INFO - Setting next_dagrun for example_branch_dop_operator_v3 to 2023-10-08T01:21:00+00:00, run_after=2023-10-08T01:22:00+00:00
[2023-10-08T01:22:39.514+0000] {processor.py:179} INFO - Processing /home/airflow/.local/lib/python3.8/site-packages/airflow/example_dags/example_branch_python_dop_operator_3.py took 0.055 seconds
[2023-10-08T01:23:10.103+0000] {processor.py:157} INFO - Started process (PID=92282) to work on /home/airflow/.local/lib/python3.8/site-packages/airflow/example_dags/example_branch_python_dop_operator_3.py
[2023-10-08T01:23:10.103+0000] {processor.py:829} INFO - Processing file /home/airflow/.local/lib/python3.8/site-packages/airflow/example_dags/example_branch_python_dop_operator_3.py for tasks to queue
[2023-10-08T01:23:10.103+0000] {logging_mixin.py:151} INFO - [2023-10-08T01:23:10.103+0000] {dagbag.py:539} INFO - Filling up the DagBag from /home/airflow/.local/lib/python3.8/site-packages/airflow/example_dags/example_branch_python_dop_operator_3.py
[2023-10-08T01:23:10.108+0000] {processor.py:839} INFO - DAG(s) dict_keys(['example_branch_dop_operator_v3']) retrieved from /home/airflow/.local/lib/python3.8/site-packages/airflow/example_dags/example_branch_python_dop_operator_3.py
[2023-10-08T01:23:10.121+0000] {logging_mixin.py:151} INFO - [2023-10-08T01:23:10.120+0000] {dag.py:2907} INFO - Sync 1 DAGs
[2023-10-08T01:23:10.132+0000] {logging_mixin.py:151} INFO - [2023-10-08T01:23:10.132+0000] {dag.py:3677} INFO - Setting next_dagrun for example_branch_dop_operator_v3 to 2023-10-08T01:22:00+00:00, run_after=2023-10-08T01:23:00+00:00
[2023-10-08T01:23:10.144+0000] {processor.py:179} INFO - Processing /home/airflow/.local/lib/python3.8/site-packages/airflow/example_dags/example_branch_python_dop_operator_3.py took 0.044 seconds
[2023-10-08T01:23:40.709+0000] {processor.py:157} INFO - Started process (PID=92333) to work on /home/airflow/.local/lib/python3.8/site-packages/airflow/example_dags/example_branch_python_dop_operator_3.py
[2023-10-08T01:23:40.709+0000] {processor.py:829} INFO - Processing file /home/airflow/.local/lib/python3.8/site-packages/airflow/example_dags/example_branch_python_dop_operator_3.py for tasks to queue
[2023-10-08T01:23:40.710+0000] {logging_mixin.py:151} INFO - [2023-10-08T01:23:40.710+0000] {dagbag.py:539} INFO - Filling up the DagBag from /home/airflow/.local/lib/python3.8/site-packages/airflow/example_dags/example_branch_python_dop_operator_3.py
[2023-10-08T01:23:40.715+0000] {processor.py:839} INFO - DAG(s) dict_keys(['example_branch_dop_operator_v3']) retrieved from /home/airflow/.local/lib/python3.8/site-packages/airflow/example_dags/example_branch_python_dop_operator_3.py
[2023-10-08T01:23:40.729+0000] {logging_mixin.py:151} INFO - [2023-10-08T01:23:40.729+0000] {dag.py:2907} INFO - Sync 1 DAGs
[2023-10-08T01:23:40.741+0000] {logging_mixin.py:151} INFO - [2023-10-08T01:23:40.741+0000] {dag.py:3677} INFO - Setting next_dagrun for example_branch_dop_operator_v3 to 2023-10-08T01:22:00+00:00, run_after=2023-10-08T01:23:00+00:00
[2023-10-08T01:23:40.754+0000] {processor.py:179} INFO - Processing /home/airflow/.local/lib/python3.8/site-packages/airflow/example_dags/example_branch_python_dop_operator_3.py took 0.048 seconds
[2023-10-08T01:24:10.970+0000] {processor.py:157} INFO - Started process (PID=92383) to work on /home/airflow/.local/lib/python3.8/site-packages/airflow/example_dags/example_branch_python_dop_operator_3.py
[2023-10-08T01:24:10.971+0000] {processor.py:829} INFO - Processing file /home/airflow/.local/lib/python3.8/site-packages/airflow/example_dags/example_branch_python_dop_operator_3.py for tasks to queue
[2023-10-08T01:24:10.971+0000] {logging_mixin.py:151} INFO - [2023-10-08T01:24:10.971+0000] {dagbag.py:539} INFO - Filling up the DagBag from /home/airflow/.local/lib/python3.8/site-packages/airflow/example_dags/example_branch_python_dop_operator_3.py
[2023-10-08T01:24:10.976+0000] {processor.py:839} INFO - DAG(s) dict_keys(['example_branch_dop_operator_v3']) retrieved from /home/airflow/.local/lib/python3.8/site-packages/airflow/example_dags/example_branch_python_dop_operator_3.py
[2023-10-08T01:24:10.989+0000] {logging_mixin.py:151} INFO - [2023-10-08T01:24:10.989+0000] {dag.py:2907} INFO - Sync 1 DAGs
[2023-10-08T01:24:11.000+0000] {logging_mixin.py:151} INFO - [2023-10-08T01:24:11.000+0000] {dag.py:3677} INFO - Setting next_dagrun for example_branch_dop_operator_v3 to 2023-10-08T01:23:00+00:00, run_after=2023-10-08T01:24:00+00:00
[2023-10-08T01:24:11.012+0000] {processor.py:179} INFO - Processing /home/airflow/.local/lib/python3.8/site-packages/airflow/example_dags/example_branch_python_dop_operator_3.py took 0.044 seconds
[2023-10-08T01:24:41.658+0000] {processor.py:157} INFO - Started process (PID=92435) to work on /home/airflow/.local/lib/python3.8/site-packages/airflow/example_dags/example_branch_python_dop_operator_3.py
[2023-10-08T01:24:41.658+0000] {processor.py:829} INFO - Processing file /home/airflow/.local/lib/python3.8/site-packages/airflow/example_dags/example_branch_python_dop_operator_3.py for tasks to queue
[2023-10-08T01:24:41.659+0000] {logging_mixin.py:151} INFO - [2023-10-08T01:24:41.659+0000] {dagbag.py:539} INFO - Filling up the DagBag from /home/airflow/.local/lib/python3.8/site-packages/airflow/example_dags/example_branch_python_dop_operator_3.py
[2023-10-08T01:24:41.664+0000] {processor.py:839} INFO - DAG(s) dict_keys(['example_branch_dop_operator_v3']) retrieved from /home/airflow/.local/lib/python3.8/site-packages/airflow/example_dags/example_branch_python_dop_operator_3.py
[2023-10-08T01:24:41.677+0000] {logging_mixin.py:151} INFO - [2023-10-08T01:24:41.676+0000] {dag.py:2907} INFO - Sync 1 DAGs
[2023-10-08T01:24:41.687+0000] {logging_mixin.py:151} INFO - [2023-10-08T01:24:41.687+0000] {dag.py:3677} INFO - Setting next_dagrun for example_branch_dop_operator_v3 to 2023-10-08T01:23:00+00:00, run_after=2023-10-08T01:24:00+00:00
[2023-10-08T01:24:41.698+0000] {processor.py:179} INFO - Processing /home/airflow/.local/lib/python3.8/site-packages/airflow/example_dags/example_branch_python_dop_operator_3.py took 0.043 seconds
[2023-10-08T01:25:11.928+0000] {processor.py:157} INFO - Started process (PID=92486) to work on /home/airflow/.local/lib/python3.8/site-packages/airflow/example_dags/example_branch_python_dop_operator_3.py
[2023-10-08T01:25:11.928+0000] {processor.py:829} INFO - Processing file /home/airflow/.local/lib/python3.8/site-packages/airflow/example_dags/example_branch_python_dop_operator_3.py for tasks to queue
[2023-10-08T01:25:11.929+0000] {logging_mixin.py:151} INFO - [2023-10-08T01:25:11.929+0000] {dagbag.py:539} INFO - Filling up the DagBag from /home/airflow/.local/lib/python3.8/site-packages/airflow/example_dags/example_branch_python_dop_operator_3.py
[2023-10-08T01:25:11.934+0000] {processor.py:839} INFO - DAG(s) dict_keys(['example_branch_dop_operator_v3']) retrieved from /home/airflow/.local/lib/python3.8/site-packages/airflow/example_dags/example_branch_python_dop_operator_3.py
[2023-10-08T01:25:11.947+0000] {logging_mixin.py:151} INFO - [2023-10-08T01:25:11.947+0000] {dag.py:2907} INFO - Sync 1 DAGs
[2023-10-08T01:25:11.959+0000] {logging_mixin.py:151} INFO - [2023-10-08T01:25:11.959+0000] {dag.py:3677} INFO - Setting next_dagrun for example_branch_dop_operator_v3 to 2023-10-08T01:24:00+00:00, run_after=2023-10-08T01:25:00+00:00
[2023-10-08T01:25:11.970+0000] {processor.py:179} INFO - Processing /home/airflow/.local/lib/python3.8/site-packages/airflow/example_dags/example_branch_python_dop_operator_3.py took 0.045 seconds
[2023-10-08T01:25:42.771+0000] {processor.py:157} INFO - Started process (PID=92536) to work on /home/airflow/.local/lib/python3.8/site-packages/airflow/example_dags/example_branch_python_dop_operator_3.py
[2023-10-08T01:25:42.772+0000] {processor.py:829} INFO - Processing file /home/airflow/.local/lib/python3.8/site-packages/airflow/example_dags/example_branch_python_dop_operator_3.py for tasks to queue
[2023-10-08T01:25:42.773+0000] {logging_mixin.py:151} INFO - [2023-10-08T01:25:42.773+0000] {dagbag.py:539} INFO - Filling up the DagBag from /home/airflow/.local/lib/python3.8/site-packages/airflow/example_dags/example_branch_python_dop_operator_3.py
[2023-10-08T01:25:42.777+0000] {processor.py:839} INFO - DAG(s) dict_keys(['example_branch_dop_operator_v3']) retrieved from /home/airflow/.local/lib/python3.8/site-packages/airflow/example_dags/example_branch_python_dop_operator_3.py
[2023-10-08T01:25:42.790+0000] {logging_mixin.py:151} INFO - [2023-10-08T01:25:42.790+0000] {dag.py:2907} INFO - Sync 1 DAGs
[2023-10-08T01:25:42.803+0000] {logging_mixin.py:151} INFO - [2023-10-08T01:25:42.803+0000] {dag.py:3677} INFO - Setting next_dagrun for example_branch_dop_operator_v3 to 2023-10-08T01:24:00+00:00, run_after=2023-10-08T01:25:00+00:00
[2023-10-08T01:25:42.815+0000] {processor.py:179} INFO - Processing /home/airflow/.local/lib/python3.8/site-packages/airflow/example_dags/example_branch_python_dop_operator_3.py took 0.045 seconds
[2023-10-08T01:28:34.646+0000] {processor.py:157} INFO - Started process (PID=68) to work on /home/airflow/.local/lib/python3.8/site-packages/airflow/example_dags/example_branch_python_dop_operator_3.py
[2023-10-08T01:28:34.647+0000] {processor.py:829} INFO - Processing file /home/airflow/.local/lib/python3.8/site-packages/airflow/example_dags/example_branch_python_dop_operator_3.py for tasks to queue
[2023-10-08T01:28:34.649+0000] {logging_mixin.py:151} INFO - [2023-10-08T01:28:34.649+0000] {dagbag.py:539} INFO - Filling up the DagBag from /home/airflow/.local/lib/python3.8/site-packages/airflow/example_dags/example_branch_python_dop_operator_3.py
[2023-10-08T01:28:34.654+0000] {processor.py:839} INFO - DAG(s) dict_keys(['example_branch_dop_operator_v3']) retrieved from /home/airflow/.local/lib/python3.8/site-packages/airflow/example_dags/example_branch_python_dop_operator_3.py
[2023-10-08T01:28:34.669+0000] {logging_mixin.py:151} INFO - [2023-10-08T01:28:34.669+0000] {dag.py:2907} INFO - Sync 1 DAGs
[2023-10-08T01:28:34.686+0000] {logging_mixin.py:151} INFO - [2023-10-08T01:28:34.686+0000] {dag.py:3677} INFO - Setting next_dagrun for example_branch_dop_operator_v3 to 2023-10-08T01:27:00+00:00, run_after=2023-10-08T01:28:00+00:00
[2023-10-08T01:28:34.701+0000] {processor.py:179} INFO - Processing /home/airflow/.local/lib/python3.8/site-packages/airflow/example_dags/example_branch_python_dop_operator_3.py took 0.057 seconds
[2023-10-08T01:29:04.873+0000] {processor.py:157} INFO - Started process (PID=119) to work on /home/airflow/.local/lib/python3.8/site-packages/airflow/example_dags/example_branch_python_dop_operator_3.py
[2023-10-08T01:29:04.874+0000] {processor.py:829} INFO - Processing file /home/airflow/.local/lib/python3.8/site-packages/airflow/example_dags/example_branch_python_dop_operator_3.py for tasks to queue
[2023-10-08T01:29:04.875+0000] {logging_mixin.py:151} INFO - [2023-10-08T01:29:04.875+0000] {dagbag.py:539} INFO - Filling up the DagBag from /home/airflow/.local/lib/python3.8/site-packages/airflow/example_dags/example_branch_python_dop_operator_3.py
[2023-10-08T01:29:04.881+0000] {processor.py:839} INFO - DAG(s) dict_keys(['example_branch_dop_operator_v3']) retrieved from /home/airflow/.local/lib/python3.8/site-packages/airflow/example_dags/example_branch_python_dop_operator_3.py
[2023-10-08T01:29:04.893+0000] {logging_mixin.py:151} INFO - [2023-10-08T01:29:04.893+0000] {dag.py:2907} INFO - Sync 1 DAGs
[2023-10-08T01:29:04.906+0000] {logging_mixin.py:151} INFO - [2023-10-08T01:29:04.906+0000] {dag.py:3677} INFO - Setting next_dagrun for example_branch_dop_operator_v3 to 2023-10-08T01:28:00+00:00, run_after=2023-10-08T01:29:00+00:00
[2023-10-08T01:29:04.916+0000] {processor.py:179} INFO - Processing /home/airflow/.local/lib/python3.8/site-packages/airflow/example_dags/example_branch_python_dop_operator_3.py took 0.045 seconds
[2023-10-08T01:29:35.116+0000] {processor.py:157} INFO - Started process (PID=170) to work on /home/airflow/.local/lib/python3.8/site-packages/airflow/example_dags/example_branch_python_dop_operator_3.py
[2023-10-08T01:29:35.116+0000] {processor.py:829} INFO - Processing file /home/airflow/.local/lib/python3.8/site-packages/airflow/example_dags/example_branch_python_dop_operator_3.py for tasks to queue
[2023-10-08T01:29:35.118+0000] {logging_mixin.py:151} INFO - [2023-10-08T01:29:35.118+0000] {dagbag.py:539} INFO - Filling up the DagBag from /home/airflow/.local/lib/python3.8/site-packages/airflow/example_dags/example_branch_python_dop_operator_3.py
[2023-10-08T01:29:35.123+0000] {processor.py:839} INFO - DAG(s) dict_keys(['example_branch_dop_operator_v3']) retrieved from /home/airflow/.local/lib/python3.8/site-packages/airflow/example_dags/example_branch_python_dop_operator_3.py
[2023-10-08T01:29:35.138+0000] {logging_mixin.py:151} INFO - [2023-10-08T01:29:35.138+0000] {dag.py:2907} INFO - Sync 1 DAGs
[2023-10-08T01:29:35.153+0000] {logging_mixin.py:151} INFO - [2023-10-08T01:29:35.153+0000] {dag.py:3677} INFO - Setting next_dagrun for example_branch_dop_operator_v3 to 2023-10-08T01:28:00+00:00, run_after=2023-10-08T01:29:00+00:00
[2023-10-08T01:29:35.165+0000] {processor.py:179} INFO - Processing /home/airflow/.local/lib/python3.8/site-packages/airflow/example_dags/example_branch_python_dop_operator_3.py took 0.053 seconds
[2023-10-08T01:30:05.452+0000] {processor.py:157} INFO - Started process (PID=221) to work on /home/airflow/.local/lib/python3.8/site-packages/airflow/example_dags/example_branch_python_dop_operator_3.py
[2023-10-08T01:30:05.453+0000] {processor.py:829} INFO - Processing file /home/airflow/.local/lib/python3.8/site-packages/airflow/example_dags/example_branch_python_dop_operator_3.py for tasks to queue
[2023-10-08T01:30:05.455+0000] {logging_mixin.py:151} INFO - [2023-10-08T01:30:05.454+0000] {dagbag.py:539} INFO - Filling up the DagBag from /home/airflow/.local/lib/python3.8/site-packages/airflow/example_dags/example_branch_python_dop_operator_3.py
[2023-10-08T01:30:05.461+0000] {processor.py:839} INFO - DAG(s) dict_keys(['example_branch_dop_operator_v3']) retrieved from /home/airflow/.local/lib/python3.8/site-packages/airflow/example_dags/example_branch_python_dop_operator_3.py
[2023-10-08T01:30:05.473+0000] {logging_mixin.py:151} INFO - [2023-10-08T01:30:05.473+0000] {dag.py:2907} INFO - Sync 1 DAGs
[2023-10-08T01:30:05.485+0000] {logging_mixin.py:151} INFO - [2023-10-08T01:30:05.485+0000] {dag.py:3677} INFO - Setting next_dagrun for example_branch_dop_operator_v3 to 2023-10-08T01:29:00+00:00, run_after=2023-10-08T01:30:00+00:00
[2023-10-08T01:30:05.497+0000] {processor.py:179} INFO - Processing /home/airflow/.local/lib/python3.8/site-packages/airflow/example_dags/example_branch_python_dop_operator_3.py took 0.048 seconds
[2023-10-08T01:30:36.480+0000] {processor.py:157} INFO - Started process (PID=272) to work on /home/airflow/.local/lib/python3.8/site-packages/airflow/example_dags/example_branch_python_dop_operator_3.py
[2023-10-08T01:30:36.481+0000] {processor.py:829} INFO - Processing file /home/airflow/.local/lib/python3.8/site-packages/airflow/example_dags/example_branch_python_dop_operator_3.py for tasks to queue
[2023-10-08T01:30:36.482+0000] {logging_mixin.py:151} INFO - [2023-10-08T01:30:36.482+0000] {dagbag.py:539} INFO - Filling up the DagBag from /home/airflow/.local/lib/python3.8/site-packages/airflow/example_dags/example_branch_python_dop_operator_3.py
[2023-10-08T01:30:36.490+0000] {processor.py:839} INFO - DAG(s) dict_keys(['example_branch_dop_operator_v3']) retrieved from /home/airflow/.local/lib/python3.8/site-packages/airflow/example_dags/example_branch_python_dop_operator_3.py
[2023-10-08T01:30:36.504+0000] {logging_mixin.py:151} INFO - [2023-10-08T01:30:36.504+0000] {dag.py:2907} INFO - Sync 1 DAGs
[2023-10-08T01:30:36.518+0000] {logging_mixin.py:151} INFO - [2023-10-08T01:30:36.518+0000] {dag.py:3677} INFO - Setting next_dagrun for example_branch_dop_operator_v3 to 2023-10-08T01:29:00+00:00, run_after=2023-10-08T01:30:00+00:00
[2023-10-08T01:30:36.534+0000] {processor.py:179} INFO - Processing /home/airflow/.local/lib/python3.8/site-packages/airflow/example_dags/example_branch_python_dop_operator_3.py took 0.058 seconds
