[2023-10-08T00:10:24.838+0000] {processor.py:157} INFO - Started process (PID=89909) to work on /home/airflow/.local/lib/python3.8/site-packages/airflow/example_dags/example_task_group.py
[2023-10-08T00:10:24.839+0000] {processor.py:829} INFO - Processing file /home/airflow/.local/lib/python3.8/site-packages/airflow/example_dags/example_task_group.py for tasks to queue
[2023-10-08T00:10:24.839+0000] {logging_mixin.py:151} INFO - [2023-10-08T00:10:24.839+0000] {dagbag.py:539} INFO - Filling up the DagBag from /home/airflow/.local/lib/python3.8/site-packages/airflow/example_dags/example_task_group.py
[2023-10-08T00:10:24.843+0000] {processor.py:839} INFO - DAG(s) dict_keys(['example_task_group']) retrieved from /home/airflow/.local/lib/python3.8/site-packages/airflow/example_dags/example_task_group.py
[2023-10-08T00:10:24.857+0000] {logging_mixin.py:151} INFO - [2023-10-08T00:10:24.857+0000] {dag.py:2907} INFO - Sync 1 DAGs
[2023-10-08T00:10:24.867+0000] {logging_mixin.py:151} INFO - [2023-10-08T00:10:24.867+0000] {dag.py:3677} INFO - Setting next_dagrun for example_task_group to 2023-10-07T00:10:24.867151+00:00, run_after=2023-10-08T00:10:24.867151+00:00
[2023-10-08T00:10:24.878+0000] {processor.py:179} INFO - Processing /home/airflow/.local/lib/python3.8/site-packages/airflow/example_dags/example_task_group.py took 0.042 seconds
[2023-10-08T00:10:55.915+0000] {processor.py:157} INFO - Started process (PID=89960) to work on /home/airflow/.local/lib/python3.8/site-packages/airflow/example_dags/example_task_group.py
[2023-10-08T00:10:55.916+0000] {processor.py:829} INFO - Processing file /home/airflow/.local/lib/python3.8/site-packages/airflow/example_dags/example_task_group.py for tasks to queue
[2023-10-08T00:10:55.916+0000] {logging_mixin.py:151} INFO - [2023-10-08T00:10:55.916+0000] {dagbag.py:539} INFO - Filling up the DagBag from /home/airflow/.local/lib/python3.8/site-packages/airflow/example_dags/example_task_group.py
[2023-10-08T00:10:55.921+0000] {processor.py:839} INFO - DAG(s) dict_keys(['example_task_group']) retrieved from /home/airflow/.local/lib/python3.8/site-packages/airflow/example_dags/example_task_group.py
[2023-10-08T00:10:55.936+0000] {logging_mixin.py:151} INFO - [2023-10-08T00:10:55.936+0000] {dag.py:2907} INFO - Sync 1 DAGs
[2023-10-08T00:10:55.949+0000] {logging_mixin.py:151} INFO - [2023-10-08T00:10:55.949+0000] {dag.py:3677} INFO - Setting next_dagrun for example_task_group to 2023-10-07T00:10:55.948886+00:00, run_after=2023-10-08T00:10:55.948886+00:00
[2023-10-08T00:10:55.961+0000] {processor.py:179} INFO - Processing /home/airflow/.local/lib/python3.8/site-packages/airflow/example_dags/example_task_group.py took 0.048 seconds
[2023-10-08T00:26:22.783+0000] {processor.py:157} INFO - Started process (PID=90013) to work on /home/airflow/.local/lib/python3.8/site-packages/airflow/example_dags/example_task_group.py
[2023-10-08T00:26:22.783+0000] {processor.py:829} INFO - Processing file /home/airflow/.local/lib/python3.8/site-packages/airflow/example_dags/example_task_group.py for tasks to queue
[2023-10-08T00:26:22.784+0000] {logging_mixin.py:151} INFO - [2023-10-08T00:26:22.783+0000] {dagbag.py:539} INFO - Filling up the DagBag from /home/airflow/.local/lib/python3.8/site-packages/airflow/example_dags/example_task_group.py
[2023-10-08T00:26:22.788+0000] {processor.py:839} INFO - DAG(s) dict_keys(['example_task_group']) retrieved from /home/airflow/.local/lib/python3.8/site-packages/airflow/example_dags/example_task_group.py
[2023-10-08T00:26:22.802+0000] {logging_mixin.py:151} INFO - [2023-10-08T00:26:22.801+0000] {dag.py:2907} INFO - Sync 1 DAGs
[2023-10-08T00:26:22.811+0000] {logging_mixin.py:151} INFO - [2023-10-08T00:26:22.811+0000] {dag.py:3677} INFO - Setting next_dagrun for example_task_group to 2023-10-07T00:26:22.811515+00:00, run_after=2023-10-08T00:26:22.811515+00:00
[2023-10-08T00:26:22.822+0000] {processor.py:179} INFO - Processing /home/airflow/.local/lib/python3.8/site-packages/airflow/example_dags/example_task_group.py took 0.042 seconds
[2023-10-08T00:26:53.909+0000] {processor.py:157} INFO - Started process (PID=90064) to work on /home/airflow/.local/lib/python3.8/site-packages/airflow/example_dags/example_task_group.py
[2023-10-08T00:26:53.910+0000] {processor.py:829} INFO - Processing file /home/airflow/.local/lib/python3.8/site-packages/airflow/example_dags/example_task_group.py for tasks to queue
[2023-10-08T00:26:53.911+0000] {logging_mixin.py:151} INFO - [2023-10-08T00:26:53.911+0000] {dagbag.py:539} INFO - Filling up the DagBag from /home/airflow/.local/lib/python3.8/site-packages/airflow/example_dags/example_task_group.py
[2023-10-08T00:26:53.915+0000] {processor.py:839} INFO - DAG(s) dict_keys(['example_task_group']) retrieved from /home/airflow/.local/lib/python3.8/site-packages/airflow/example_dags/example_task_group.py
[2023-10-08T00:26:53.929+0000] {logging_mixin.py:151} INFO - [2023-10-08T00:26:53.929+0000] {dag.py:2907} INFO - Sync 1 DAGs
[2023-10-08T00:26:53.940+0000] {logging_mixin.py:151} INFO - [2023-10-08T00:26:53.940+0000] {dag.py:3677} INFO - Setting next_dagrun for example_task_group to 2023-10-07T00:26:53.940319+00:00, run_after=2023-10-08T00:26:53.940319+00:00
[2023-10-08T00:26:53.951+0000] {processor.py:179} INFO - Processing /home/airflow/.local/lib/python3.8/site-packages/airflow/example_dags/example_task_group.py took 0.045 seconds
[2023-10-08T00:43:22.900+0000] {processor.py:157} INFO - Started process (PID=90115) to work on /home/airflow/.local/lib/python3.8/site-packages/airflow/example_dags/example_task_group.py
[2023-10-08T00:43:22.901+0000] {processor.py:829} INFO - Processing file /home/airflow/.local/lib/python3.8/site-packages/airflow/example_dags/example_task_group.py for tasks to queue
[2023-10-08T00:43:22.901+0000] {logging_mixin.py:151} INFO - [2023-10-08T00:43:22.901+0000] {dagbag.py:539} INFO - Filling up the DagBag from /home/airflow/.local/lib/python3.8/site-packages/airflow/example_dags/example_task_group.py
[2023-10-08T00:43:22.905+0000] {processor.py:839} INFO - DAG(s) dict_keys(['example_task_group']) retrieved from /home/airflow/.local/lib/python3.8/site-packages/airflow/example_dags/example_task_group.py
[2023-10-08T00:43:22.918+0000] {logging_mixin.py:151} INFO - [2023-10-08T00:43:22.918+0000] {dag.py:2907} INFO - Sync 1 DAGs
[2023-10-08T00:43:22.928+0000] {logging_mixin.py:151} INFO - [2023-10-08T00:43:22.928+0000] {dag.py:3677} INFO - Setting next_dagrun for example_task_group to 2023-10-07T00:43:22.927899+00:00, run_after=2023-10-08T00:43:22.927899+00:00
[2023-10-08T00:43:22.939+0000] {processor.py:179} INFO - Processing /home/airflow/.local/lib/python3.8/site-packages/airflow/example_dags/example_task_group.py took 0.041 seconds
[2023-10-08T00:43:53.875+0000] {processor.py:157} INFO - Started process (PID=90166) to work on /home/airflow/.local/lib/python3.8/site-packages/airflow/example_dags/example_task_group.py
[2023-10-08T00:43:53.879+0000] {processor.py:829} INFO - Processing file /home/airflow/.local/lib/python3.8/site-packages/airflow/example_dags/example_task_group.py for tasks to queue
[2023-10-08T00:43:53.879+0000] {logging_mixin.py:151} INFO - [2023-10-08T00:43:53.879+0000] {dagbag.py:539} INFO - Filling up the DagBag from /home/airflow/.local/lib/python3.8/site-packages/airflow/example_dags/example_task_group.py
[2023-10-08T00:43:53.885+0000] {processor.py:839} INFO - DAG(s) dict_keys(['example_task_group']) retrieved from /home/airflow/.local/lib/python3.8/site-packages/airflow/example_dags/example_task_group.py
[2023-10-08T00:43:53.906+0000] {logging_mixin.py:151} INFO - [2023-10-08T00:43:53.906+0000] {dag.py:2907} INFO - Sync 1 DAGs
[2023-10-08T00:43:53.921+0000] {logging_mixin.py:151} INFO - [2023-10-08T00:43:53.921+0000] {dag.py:3677} INFO - Setting next_dagrun for example_task_group to 2023-10-07T00:43:53.921388+00:00, run_after=2023-10-08T00:43:53.921388+00:00
[2023-10-08T00:43:53.936+0000] {processor.py:179} INFO - Processing /home/airflow/.local/lib/python3.8/site-packages/airflow/example_dags/example_task_group.py took 0.063 seconds
[2023-10-08T00:44:24.424+0000] {processor.py:157} INFO - Started process (PID=90217) to work on /home/airflow/.local/lib/python3.8/site-packages/airflow/example_dags/example_task_group.py
[2023-10-08T00:44:24.425+0000] {processor.py:829} INFO - Processing file /home/airflow/.local/lib/python3.8/site-packages/airflow/example_dags/example_task_group.py for tasks to queue
[2023-10-08T00:44:24.425+0000] {logging_mixin.py:151} INFO - [2023-10-08T00:44:24.425+0000] {dagbag.py:539} INFO - Filling up the DagBag from /home/airflow/.local/lib/python3.8/site-packages/airflow/example_dags/example_task_group.py
[2023-10-08T00:44:24.430+0000] {processor.py:839} INFO - DAG(s) dict_keys(['example_task_group']) retrieved from /home/airflow/.local/lib/python3.8/site-packages/airflow/example_dags/example_task_group.py
[2023-10-08T00:44:24.442+0000] {logging_mixin.py:151} INFO - [2023-10-08T00:44:24.442+0000] {dag.py:2907} INFO - Sync 1 DAGs
[2023-10-08T00:44:24.451+0000] {logging_mixin.py:151} INFO - [2023-10-08T00:44:24.451+0000] {dag.py:3677} INFO - Setting next_dagrun for example_task_group to 2023-10-07T00:44:24.451634+00:00, run_after=2023-10-08T00:44:24.451634+00:00
[2023-10-08T00:44:24.461+0000] {processor.py:179} INFO - Processing /home/airflow/.local/lib/python3.8/site-packages/airflow/example_dags/example_task_group.py took 0.039 seconds
[2023-10-08T00:44:56.153+0000] {processor.py:157} INFO - Started process (PID=90268) to work on /home/airflow/.local/lib/python3.8/site-packages/airflow/example_dags/example_task_group.py
[2023-10-08T00:44:56.154+0000] {processor.py:829} INFO - Processing file /home/airflow/.local/lib/python3.8/site-packages/airflow/example_dags/example_task_group.py for tasks to queue
[2023-10-08T00:44:56.154+0000] {logging_mixin.py:151} INFO - [2023-10-08T00:44:56.154+0000] {dagbag.py:539} INFO - Filling up the DagBag from /home/airflow/.local/lib/python3.8/site-packages/airflow/example_dags/example_task_group.py
[2023-10-08T00:44:56.159+0000] {processor.py:839} INFO - DAG(s) dict_keys(['example_task_group']) retrieved from /home/airflow/.local/lib/python3.8/site-packages/airflow/example_dags/example_task_group.py
[2023-10-08T00:44:56.172+0000] {logging_mixin.py:151} INFO - [2023-10-08T00:44:56.172+0000] {dag.py:2907} INFO - Sync 1 DAGs
[2023-10-08T00:44:56.182+0000] {logging_mixin.py:151} INFO - [2023-10-08T00:44:56.182+0000] {dag.py:3677} INFO - Setting next_dagrun for example_task_group to 2023-10-07T00:44:56.182235+00:00, run_after=2023-10-08T00:44:56.182235+00:00
[2023-10-08T00:44:56.193+0000] {processor.py:179} INFO - Processing /home/airflow/.local/lib/python3.8/site-packages/airflow/example_dags/example_task_group.py took 0.042 seconds
[2023-10-08T00:45:26.950+0000] {processor.py:157} INFO - Started process (PID=90319) to work on /home/airflow/.local/lib/python3.8/site-packages/airflow/example_dags/example_task_group.py
[2023-10-08T00:45:26.951+0000] {processor.py:829} INFO - Processing file /home/airflow/.local/lib/python3.8/site-packages/airflow/example_dags/example_task_group.py for tasks to queue
[2023-10-08T00:45:26.951+0000] {logging_mixin.py:151} INFO - [2023-10-08T00:45:26.951+0000] {dagbag.py:539} INFO - Filling up the DagBag from /home/airflow/.local/lib/python3.8/site-packages/airflow/example_dags/example_task_group.py
[2023-10-08T00:45:26.956+0000] {processor.py:839} INFO - DAG(s) dict_keys(['example_task_group']) retrieved from /home/airflow/.local/lib/python3.8/site-packages/airflow/example_dags/example_task_group.py
[2023-10-08T00:45:26.968+0000] {logging_mixin.py:151} INFO - [2023-10-08T00:45:26.968+0000] {dag.py:2907} INFO - Sync 1 DAGs
[2023-10-08T00:45:26.977+0000] {logging_mixin.py:151} INFO - [2023-10-08T00:45:26.977+0000] {dag.py:3677} INFO - Setting next_dagrun for example_task_group to 2023-10-07T00:45:26.977259+00:00, run_after=2023-10-08T00:45:26.977259+00:00
[2023-10-08T00:45:26.988+0000] {processor.py:179} INFO - Processing /home/airflow/.local/lib/python3.8/site-packages/airflow/example_dags/example_task_group.py took 0.040 seconds
[2023-10-08T00:45:57.740+0000] {processor.py:157} INFO - Started process (PID=90370) to work on /home/airflow/.local/lib/python3.8/site-packages/airflow/example_dags/example_task_group.py
[2023-10-08T00:45:57.741+0000] {processor.py:829} INFO - Processing file /home/airflow/.local/lib/python3.8/site-packages/airflow/example_dags/example_task_group.py for tasks to queue
[2023-10-08T00:45:57.741+0000] {logging_mixin.py:151} INFO - [2023-10-08T00:45:57.741+0000] {dagbag.py:539} INFO - Filling up the DagBag from /home/airflow/.local/lib/python3.8/site-packages/airflow/example_dags/example_task_group.py
[2023-10-08T00:45:57.745+0000] {processor.py:839} INFO - DAG(s) dict_keys(['example_task_group']) retrieved from /home/airflow/.local/lib/python3.8/site-packages/airflow/example_dags/example_task_group.py
[2023-10-08T00:45:57.758+0000] {logging_mixin.py:151} INFO - [2023-10-08T00:45:57.757+0000] {dag.py:2907} INFO - Sync 1 DAGs
[2023-10-08T00:45:57.767+0000] {logging_mixin.py:151} INFO - [2023-10-08T00:45:57.767+0000] {dag.py:3677} INFO - Setting next_dagrun for example_task_group to 2023-10-07T00:45:57.767518+00:00, run_after=2023-10-08T00:45:57.767518+00:00
[2023-10-08T00:45:57.778+0000] {processor.py:179} INFO - Processing /home/airflow/.local/lib/python3.8/site-packages/airflow/example_dags/example_task_group.py took 0.041 seconds
[2023-10-08T00:46:28.157+0000] {processor.py:157} INFO - Started process (PID=90421) to work on /home/airflow/.local/lib/python3.8/site-packages/airflow/example_dags/example_task_group.py
[2023-10-08T00:46:28.158+0000] {processor.py:829} INFO - Processing file /home/airflow/.local/lib/python3.8/site-packages/airflow/example_dags/example_task_group.py for tasks to queue
[2023-10-08T00:46:28.159+0000] {logging_mixin.py:151} INFO - [2023-10-08T00:46:28.158+0000] {dagbag.py:539} INFO - Filling up the DagBag from /home/airflow/.local/lib/python3.8/site-packages/airflow/example_dags/example_task_group.py
[2023-10-08T00:46:28.164+0000] {processor.py:839} INFO - DAG(s) dict_keys(['example_task_group']) retrieved from /home/airflow/.local/lib/python3.8/site-packages/airflow/example_dags/example_task_group.py
[2023-10-08T00:46:28.181+0000] {logging_mixin.py:151} INFO - [2023-10-08T00:46:28.181+0000] {dag.py:2907} INFO - Sync 1 DAGs
[2023-10-08T00:46:28.191+0000] {logging_mixin.py:151} INFO - [2023-10-08T00:46:28.191+0000] {dag.py:3677} INFO - Setting next_dagrun for example_task_group to 2023-10-07T00:46:28.191434+00:00, run_after=2023-10-08T00:46:28.191434+00:00
[2023-10-08T00:46:28.202+0000] {processor.py:179} INFO - Processing /home/airflow/.local/lib/python3.8/site-packages/airflow/example_dags/example_task_group.py took 0.047 seconds
[2023-10-08T00:46:59.110+0000] {processor.py:157} INFO - Started process (PID=90472) to work on /home/airflow/.local/lib/python3.8/site-packages/airflow/example_dags/example_task_group.py
[2023-10-08T00:46:59.111+0000] {processor.py:829} INFO - Processing file /home/airflow/.local/lib/python3.8/site-packages/airflow/example_dags/example_task_group.py for tasks to queue
[2023-10-08T00:46:59.112+0000] {logging_mixin.py:151} INFO - [2023-10-08T00:46:59.111+0000] {dagbag.py:539} INFO - Filling up the DagBag from /home/airflow/.local/lib/python3.8/site-packages/airflow/example_dags/example_task_group.py
[2023-10-08T00:46:59.116+0000] {processor.py:839} INFO - DAG(s) dict_keys(['example_task_group']) retrieved from /home/airflow/.local/lib/python3.8/site-packages/airflow/example_dags/example_task_group.py
[2023-10-08T00:46:59.130+0000] {logging_mixin.py:151} INFO - [2023-10-08T00:46:59.129+0000] {dag.py:2907} INFO - Sync 1 DAGs
[2023-10-08T00:46:59.139+0000] {logging_mixin.py:151} INFO - [2023-10-08T00:46:59.139+0000] {dag.py:3677} INFO - Setting next_dagrun for example_task_group to 2023-10-07T00:46:59.139462+00:00, run_after=2023-10-08T00:46:59.139462+00:00
[2023-10-08T00:46:59.151+0000] {processor.py:179} INFO - Processing /home/airflow/.local/lib/python3.8/site-packages/airflow/example_dags/example_task_group.py took 0.042 seconds
[2023-10-08T00:47:29.717+0000] {processor.py:157} INFO - Started process (PID=90523) to work on /home/airflow/.local/lib/python3.8/site-packages/airflow/example_dags/example_task_group.py
[2023-10-08T00:47:29.718+0000] {processor.py:829} INFO - Processing file /home/airflow/.local/lib/python3.8/site-packages/airflow/example_dags/example_task_group.py for tasks to queue
[2023-10-08T00:47:29.718+0000] {logging_mixin.py:151} INFO - [2023-10-08T00:47:29.718+0000] {dagbag.py:539} INFO - Filling up the DagBag from /home/airflow/.local/lib/python3.8/site-packages/airflow/example_dags/example_task_group.py
[2023-10-08T00:47:29.723+0000] {processor.py:839} INFO - DAG(s) dict_keys(['example_task_group']) retrieved from /home/airflow/.local/lib/python3.8/site-packages/airflow/example_dags/example_task_group.py
[2023-10-08T00:47:29.737+0000] {logging_mixin.py:151} INFO - [2023-10-08T00:47:29.737+0000] {dag.py:2907} INFO - Sync 1 DAGs
[2023-10-08T00:47:29.748+0000] {logging_mixin.py:151} INFO - [2023-10-08T00:47:29.747+0000] {dag.py:3677} INFO - Setting next_dagrun for example_task_group to 2023-10-07T00:47:29.747764+00:00, run_after=2023-10-08T00:47:29.747764+00:00
[2023-10-08T00:47:29.759+0000] {processor.py:179} INFO - Processing /home/airflow/.local/lib/python3.8/site-packages/airflow/example_dags/example_task_group.py took 0.045 seconds
[2023-10-08T00:48:00.608+0000] {processor.py:157} INFO - Started process (PID=90574) to work on /home/airflow/.local/lib/python3.8/site-packages/airflow/example_dags/example_task_group.py
[2023-10-08T00:48:00.609+0000] {processor.py:829} INFO - Processing file /home/airflow/.local/lib/python3.8/site-packages/airflow/example_dags/example_task_group.py for tasks to queue
[2023-10-08T00:48:00.610+0000] {logging_mixin.py:151} INFO - [2023-10-08T00:48:00.609+0000] {dagbag.py:539} INFO - Filling up the DagBag from /home/airflow/.local/lib/python3.8/site-packages/airflow/example_dags/example_task_group.py
[2023-10-08T00:48:00.614+0000] {processor.py:839} INFO - DAG(s) dict_keys(['example_task_group']) retrieved from /home/airflow/.local/lib/python3.8/site-packages/airflow/example_dags/example_task_group.py
[2023-10-08T00:48:00.641+0000] {logging_mixin.py:151} INFO - [2023-10-08T00:48:00.641+0000] {dag.py:2907} INFO - Sync 1 DAGs
[2023-10-08T00:48:00.654+0000] {logging_mixin.py:151} INFO - [2023-10-08T00:48:00.654+0000] {dag.py:3677} INFO - Setting next_dagrun for example_task_group to 2023-10-07T00:48:00.654160+00:00, run_after=2023-10-08T00:48:00.654160+00:00
[2023-10-08T00:48:00.672+0000] {processor.py:179} INFO - Processing /home/airflow/.local/lib/python3.8/site-packages/airflow/example_dags/example_task_group.py took 0.067 seconds
[2023-10-08T00:48:31.250+0000] {processor.py:157} INFO - Started process (PID=90625) to work on /home/airflow/.local/lib/python3.8/site-packages/airflow/example_dags/example_task_group.py
[2023-10-08T00:48:31.251+0000] {processor.py:829} INFO - Processing file /home/airflow/.local/lib/python3.8/site-packages/airflow/example_dags/example_task_group.py for tasks to queue
[2023-10-08T00:48:31.251+0000] {logging_mixin.py:151} INFO - [2023-10-08T00:48:31.251+0000] {dagbag.py:539} INFO - Filling up the DagBag from /home/airflow/.local/lib/python3.8/site-packages/airflow/example_dags/example_task_group.py
[2023-10-08T00:48:31.255+0000] {processor.py:839} INFO - DAG(s) dict_keys(['example_task_group']) retrieved from /home/airflow/.local/lib/python3.8/site-packages/airflow/example_dags/example_task_group.py
[2023-10-08T00:48:31.269+0000] {logging_mixin.py:151} INFO - [2023-10-08T00:48:31.268+0000] {dag.py:2907} INFO - Sync 1 DAGs
[2023-10-08T00:48:31.278+0000] {logging_mixin.py:151} INFO - [2023-10-08T00:48:31.278+0000] {dag.py:3677} INFO - Setting next_dagrun for example_task_group to 2023-10-07T00:48:31.278228+00:00, run_after=2023-10-08T00:48:31.278228+00:00
[2023-10-08T00:48:31.288+0000] {processor.py:179} INFO - Processing /home/airflow/.local/lib/python3.8/site-packages/airflow/example_dags/example_task_group.py took 0.040 seconds
[2023-10-08T00:49:02.130+0000] {processor.py:157} INFO - Started process (PID=90676) to work on /home/airflow/.local/lib/python3.8/site-packages/airflow/example_dags/example_task_group.py
[2023-10-08T00:49:02.131+0000] {processor.py:829} INFO - Processing file /home/airflow/.local/lib/python3.8/site-packages/airflow/example_dags/example_task_group.py for tasks to queue
[2023-10-08T00:49:02.131+0000] {logging_mixin.py:151} INFO - [2023-10-08T00:49:02.131+0000] {dagbag.py:539} INFO - Filling up the DagBag from /home/airflow/.local/lib/python3.8/site-packages/airflow/example_dags/example_task_group.py
[2023-10-08T00:49:02.135+0000] {processor.py:839} INFO - DAG(s) dict_keys(['example_task_group']) retrieved from /home/airflow/.local/lib/python3.8/site-packages/airflow/example_dags/example_task_group.py
[2023-10-08T00:49:02.148+0000] {logging_mixin.py:151} INFO - [2023-10-08T00:49:02.148+0000] {dag.py:2907} INFO - Sync 1 DAGs
[2023-10-08T00:49:02.158+0000] {logging_mixin.py:151} INFO - [2023-10-08T00:49:02.158+0000] {dag.py:3677} INFO - Setting next_dagrun for example_task_group to 2023-10-07T00:49:02.157870+00:00, run_after=2023-10-08T00:49:02.157870+00:00
[2023-10-08T00:49:02.169+0000] {processor.py:179} INFO - Processing /home/airflow/.local/lib/python3.8/site-packages/airflow/example_dags/example_task_group.py took 0.040 seconds
[2023-10-08T00:49:33.138+0000] {processor.py:157} INFO - Started process (PID=90727) to work on /home/airflow/.local/lib/python3.8/site-packages/airflow/example_dags/example_task_group.py
[2023-10-08T00:49:33.138+0000] {processor.py:829} INFO - Processing file /home/airflow/.local/lib/python3.8/site-packages/airflow/example_dags/example_task_group.py for tasks to queue
[2023-10-08T00:49:33.139+0000] {logging_mixin.py:151} INFO - [2023-10-08T00:49:33.139+0000] {dagbag.py:539} INFO - Filling up the DagBag from /home/airflow/.local/lib/python3.8/site-packages/airflow/example_dags/example_task_group.py
[2023-10-08T00:49:33.143+0000] {processor.py:839} INFO - DAG(s) dict_keys(['example_task_group']) retrieved from /home/airflow/.local/lib/python3.8/site-packages/airflow/example_dags/example_task_group.py
[2023-10-08T00:49:33.155+0000] {logging_mixin.py:151} INFO - [2023-10-08T00:49:33.155+0000] {dag.py:2907} INFO - Sync 1 DAGs
[2023-10-08T00:49:33.166+0000] {logging_mixin.py:151} INFO - [2023-10-08T00:49:33.166+0000] {dag.py:3677} INFO - Setting next_dagrun for example_task_group to 2023-10-07T00:49:33.165994+00:00, run_after=2023-10-08T00:49:33.165994+00:00
[2023-10-08T00:49:33.176+0000] {processor.py:179} INFO - Processing /home/airflow/.local/lib/python3.8/site-packages/airflow/example_dags/example_task_group.py took 0.041 seconds
[2023-10-08T00:50:03.833+0000] {processor.py:157} INFO - Started process (PID=90778) to work on /home/airflow/.local/lib/python3.8/site-packages/airflow/example_dags/example_task_group.py
[2023-10-08T00:50:03.834+0000] {processor.py:829} INFO - Processing file /home/airflow/.local/lib/python3.8/site-packages/airflow/example_dags/example_task_group.py for tasks to queue
[2023-10-08T00:50:03.834+0000] {logging_mixin.py:151} INFO - [2023-10-08T00:50:03.834+0000] {dagbag.py:539} INFO - Filling up the DagBag from /home/airflow/.local/lib/python3.8/site-packages/airflow/example_dags/example_task_group.py
[2023-10-08T00:50:03.839+0000] {processor.py:839} INFO - DAG(s) dict_keys(['example_task_group']) retrieved from /home/airflow/.local/lib/python3.8/site-packages/airflow/example_dags/example_task_group.py
[2023-10-08T00:50:03.854+0000] {logging_mixin.py:151} INFO - [2023-10-08T00:50:03.854+0000] {dag.py:2907} INFO - Sync 1 DAGs
[2023-10-08T00:50:03.864+0000] {logging_mixin.py:151} INFO - [2023-10-08T00:50:03.864+0000] {dag.py:3677} INFO - Setting next_dagrun for example_task_group to 2023-10-07T00:50:03.864503+00:00, run_after=2023-10-08T00:50:03.864503+00:00
[2023-10-08T00:50:03.877+0000] {processor.py:179} INFO - Processing /home/airflow/.local/lib/python3.8/site-packages/airflow/example_dags/example_task_group.py took 0.047 seconds
[2023-10-08T00:50:34.369+0000] {processor.py:157} INFO - Started process (PID=90829) to work on /home/airflow/.local/lib/python3.8/site-packages/airflow/example_dags/example_task_group.py
[2023-10-08T00:50:34.370+0000] {processor.py:829} INFO - Processing file /home/airflow/.local/lib/python3.8/site-packages/airflow/example_dags/example_task_group.py for tasks to queue
[2023-10-08T00:50:34.371+0000] {logging_mixin.py:151} INFO - [2023-10-08T00:50:34.370+0000] {dagbag.py:539} INFO - Filling up the DagBag from /home/airflow/.local/lib/python3.8/site-packages/airflow/example_dags/example_task_group.py
[2023-10-08T00:50:34.375+0000] {processor.py:839} INFO - DAG(s) dict_keys(['example_task_group']) retrieved from /home/airflow/.local/lib/python3.8/site-packages/airflow/example_dags/example_task_group.py
[2023-10-08T00:50:34.390+0000] {logging_mixin.py:151} INFO - [2023-10-08T00:50:34.389+0000] {dag.py:2907} INFO - Sync 1 DAGs
[2023-10-08T00:50:34.400+0000] {logging_mixin.py:151} INFO - [2023-10-08T00:50:34.399+0000] {dag.py:3677} INFO - Setting next_dagrun for example_task_group to 2023-10-07T00:50:34.399795+00:00, run_after=2023-10-08T00:50:34.399795+00:00
[2023-10-08T00:50:34.412+0000] {processor.py:179} INFO - Processing /home/airflow/.local/lib/python3.8/site-packages/airflow/example_dags/example_task_group.py took 0.045 seconds
[2023-10-08T00:51:05.225+0000] {processor.py:157} INFO - Started process (PID=90880) to work on /home/airflow/.local/lib/python3.8/site-packages/airflow/example_dags/example_task_group.py
[2023-10-08T00:51:05.226+0000] {processor.py:829} INFO - Processing file /home/airflow/.local/lib/python3.8/site-packages/airflow/example_dags/example_task_group.py for tasks to queue
[2023-10-08T00:51:05.227+0000] {logging_mixin.py:151} INFO - [2023-10-08T00:51:05.227+0000] {dagbag.py:539} INFO - Filling up the DagBag from /home/airflow/.local/lib/python3.8/site-packages/airflow/example_dags/example_task_group.py
[2023-10-08T00:51:05.233+0000] {processor.py:839} INFO - DAG(s) dict_keys(['example_task_group']) retrieved from /home/airflow/.local/lib/python3.8/site-packages/airflow/example_dags/example_task_group.py
[2023-10-08T00:51:05.248+0000] {logging_mixin.py:151} INFO - [2023-10-08T00:51:05.247+0000] {dag.py:2907} INFO - Sync 1 DAGs
[2023-10-08T00:51:05.258+0000] {logging_mixin.py:151} INFO - [2023-10-08T00:51:05.258+0000] {dag.py:3677} INFO - Setting next_dagrun for example_task_group to 2023-10-07T00:51:05.258397+00:00, run_after=2023-10-08T00:51:05.258397+00:00
[2023-10-08T00:51:05.270+0000] {processor.py:179} INFO - Processing /home/airflow/.local/lib/python3.8/site-packages/airflow/example_dags/example_task_group.py took 0.048 seconds
[2023-10-08T00:51:35.744+0000] {processor.py:157} INFO - Started process (PID=90931) to work on /home/airflow/.local/lib/python3.8/site-packages/airflow/example_dags/example_task_group.py
[2023-10-08T00:51:35.745+0000] {processor.py:829} INFO - Processing file /home/airflow/.local/lib/python3.8/site-packages/airflow/example_dags/example_task_group.py for tasks to queue
[2023-10-08T00:51:35.746+0000] {logging_mixin.py:151} INFO - [2023-10-08T00:51:35.746+0000] {dagbag.py:539} INFO - Filling up the DagBag from /home/airflow/.local/lib/python3.8/site-packages/airflow/example_dags/example_task_group.py
[2023-10-08T00:51:35.751+0000] {processor.py:839} INFO - DAG(s) dict_keys(['example_task_group']) retrieved from /home/airflow/.local/lib/python3.8/site-packages/airflow/example_dags/example_task_group.py
[2023-10-08T00:51:35.768+0000] {logging_mixin.py:151} INFO - [2023-10-08T00:51:35.768+0000] {dag.py:2907} INFO - Sync 1 DAGs
[2023-10-08T00:51:35.777+0000] {logging_mixin.py:151} INFO - [2023-10-08T00:51:35.777+0000] {dag.py:3677} INFO - Setting next_dagrun for example_task_group to 2023-10-07T00:51:35.777373+00:00, run_after=2023-10-08T00:51:35.777373+00:00
[2023-10-08T00:51:35.789+0000] {processor.py:179} INFO - Processing /home/airflow/.local/lib/python3.8/site-packages/airflow/example_dags/example_task_group.py took 0.047 seconds
[2023-10-08T00:52:06.482+0000] {processor.py:157} INFO - Started process (PID=90982) to work on /home/airflow/.local/lib/python3.8/site-packages/airflow/example_dags/example_task_group.py
[2023-10-08T00:52:06.483+0000] {processor.py:829} INFO - Processing file /home/airflow/.local/lib/python3.8/site-packages/airflow/example_dags/example_task_group.py for tasks to queue
[2023-10-08T00:52:06.483+0000] {logging_mixin.py:151} INFO - [2023-10-08T00:52:06.483+0000] {dagbag.py:539} INFO - Filling up the DagBag from /home/airflow/.local/lib/python3.8/site-packages/airflow/example_dags/example_task_group.py
[2023-10-08T00:52:06.488+0000] {processor.py:839} INFO - DAG(s) dict_keys(['example_task_group']) retrieved from /home/airflow/.local/lib/python3.8/site-packages/airflow/example_dags/example_task_group.py
[2023-10-08T00:52:06.511+0000] {logging_mixin.py:151} INFO - [2023-10-08T00:52:06.511+0000] {dag.py:2907} INFO - Sync 1 DAGs
[2023-10-08T00:52:06.522+0000] {logging_mixin.py:151} INFO - [2023-10-08T00:52:06.522+0000] {dag.py:3677} INFO - Setting next_dagrun for example_task_group to 2023-10-07T00:52:06.522663+00:00, run_after=2023-10-08T00:52:06.522663+00:00
[2023-10-08T00:52:06.534+0000] {processor.py:179} INFO - Processing /home/airflow/.local/lib/python3.8/site-packages/airflow/example_dags/example_task_group.py took 0.055 seconds
[2023-10-08T00:52:36.942+0000] {processor.py:157} INFO - Started process (PID=91033) to work on /home/airflow/.local/lib/python3.8/site-packages/airflow/example_dags/example_task_group.py
[2023-10-08T00:52:36.943+0000] {processor.py:829} INFO - Processing file /home/airflow/.local/lib/python3.8/site-packages/airflow/example_dags/example_task_group.py for tasks to queue
[2023-10-08T00:52:36.943+0000] {logging_mixin.py:151} INFO - [2023-10-08T00:52:36.943+0000] {dagbag.py:539} INFO - Filling up the DagBag from /home/airflow/.local/lib/python3.8/site-packages/airflow/example_dags/example_task_group.py
[2023-10-08T00:52:36.948+0000] {processor.py:839} INFO - DAG(s) dict_keys(['example_task_group']) retrieved from /home/airflow/.local/lib/python3.8/site-packages/airflow/example_dags/example_task_group.py
[2023-10-08T00:52:36.960+0000] {logging_mixin.py:151} INFO - [2023-10-08T00:52:36.960+0000] {dag.py:2907} INFO - Sync 1 DAGs
[2023-10-08T00:52:36.970+0000] {logging_mixin.py:151} INFO - [2023-10-08T00:52:36.969+0000] {dag.py:3677} INFO - Setting next_dagrun for example_task_group to 2023-10-07T00:52:36.969799+00:00, run_after=2023-10-08T00:52:36.969799+00:00
[2023-10-08T00:52:36.980+0000] {processor.py:179} INFO - Processing /home/airflow/.local/lib/python3.8/site-packages/airflow/example_dags/example_task_group.py took 0.040 seconds
[2023-10-08T00:53:07.653+0000] {processor.py:157} INFO - Started process (PID=91084) to work on /home/airflow/.local/lib/python3.8/site-packages/airflow/example_dags/example_task_group.py
[2023-10-08T00:53:07.654+0000] {processor.py:829} INFO - Processing file /home/airflow/.local/lib/python3.8/site-packages/airflow/example_dags/example_task_group.py for tasks to queue
[2023-10-08T00:53:07.654+0000] {logging_mixin.py:151} INFO - [2023-10-08T00:53:07.654+0000] {dagbag.py:539} INFO - Filling up the DagBag from /home/airflow/.local/lib/python3.8/site-packages/airflow/example_dags/example_task_group.py
[2023-10-08T00:53:07.659+0000] {processor.py:839} INFO - DAG(s) dict_keys(['example_task_group']) retrieved from /home/airflow/.local/lib/python3.8/site-packages/airflow/example_dags/example_task_group.py
[2023-10-08T00:53:07.672+0000] {logging_mixin.py:151} INFO - [2023-10-08T00:53:07.672+0000] {dag.py:2907} INFO - Sync 1 DAGs
[2023-10-08T00:53:07.683+0000] {logging_mixin.py:151} INFO - [2023-10-08T00:53:07.683+0000] {dag.py:3677} INFO - Setting next_dagrun for example_task_group to 2023-10-07T00:53:07.683266+00:00, run_after=2023-10-08T00:53:07.683266+00:00
[2023-10-08T00:53:07.695+0000] {processor.py:179} INFO - Processing /home/airflow/.local/lib/python3.8/site-packages/airflow/example_dags/example_task_group.py took 0.045 seconds
[2023-10-08T00:53:38.225+0000] {processor.py:157} INFO - Started process (PID=91135) to work on /home/airflow/.local/lib/python3.8/site-packages/airflow/example_dags/example_task_group.py
[2023-10-08T00:53:38.226+0000] {processor.py:829} INFO - Processing file /home/airflow/.local/lib/python3.8/site-packages/airflow/example_dags/example_task_group.py for tasks to queue
[2023-10-08T00:53:38.226+0000] {logging_mixin.py:151} INFO - [2023-10-08T00:53:38.226+0000] {dagbag.py:539} INFO - Filling up the DagBag from /home/airflow/.local/lib/python3.8/site-packages/airflow/example_dags/example_task_group.py
[2023-10-08T00:53:38.231+0000] {processor.py:839} INFO - DAG(s) dict_keys(['example_task_group']) retrieved from /home/airflow/.local/lib/python3.8/site-packages/airflow/example_dags/example_task_group.py
[2023-10-08T00:53:38.248+0000] {logging_mixin.py:151} INFO - [2023-10-08T00:53:38.248+0000] {dag.py:2907} INFO - Sync 1 DAGs
[2023-10-08T00:53:38.257+0000] {logging_mixin.py:151} INFO - [2023-10-08T00:53:38.257+0000] {dag.py:3677} INFO - Setting next_dagrun for example_task_group to 2023-10-07T00:53:38.257470+00:00, run_after=2023-10-08T00:53:38.257470+00:00
[2023-10-08T00:53:38.268+0000] {processor.py:179} INFO - Processing /home/airflow/.local/lib/python3.8/site-packages/airflow/example_dags/example_task_group.py took 0.046 seconds
[2023-10-08T00:54:09.093+0000] {processor.py:157} INFO - Started process (PID=91186) to work on /home/airflow/.local/lib/python3.8/site-packages/airflow/example_dags/example_task_group.py
[2023-10-08T00:54:09.094+0000] {processor.py:829} INFO - Processing file /home/airflow/.local/lib/python3.8/site-packages/airflow/example_dags/example_task_group.py for tasks to queue
[2023-10-08T00:54:09.094+0000] {logging_mixin.py:151} INFO - [2023-10-08T00:54:09.094+0000] {dagbag.py:539} INFO - Filling up the DagBag from /home/airflow/.local/lib/python3.8/site-packages/airflow/example_dags/example_task_group.py
[2023-10-08T00:54:09.101+0000] {processor.py:839} INFO - DAG(s) dict_keys(['example_task_group']) retrieved from /home/airflow/.local/lib/python3.8/site-packages/airflow/example_dags/example_task_group.py
[2023-10-08T00:54:09.117+0000] {logging_mixin.py:151} INFO - [2023-10-08T00:54:09.117+0000] {dag.py:2907} INFO - Sync 1 DAGs
[2023-10-08T00:54:09.128+0000] {logging_mixin.py:151} INFO - [2023-10-08T00:54:09.128+0000] {dag.py:3677} INFO - Setting next_dagrun for example_task_group to 2023-10-07T00:54:09.128491+00:00, run_after=2023-10-08T00:54:09.128491+00:00
[2023-10-08T00:54:09.140+0000] {processor.py:179} INFO - Processing /home/airflow/.local/lib/python3.8/site-packages/airflow/example_dags/example_task_group.py took 0.051 seconds
[2023-10-08T00:54:39.701+0000] {processor.py:157} INFO - Started process (PID=91237) to work on /home/airflow/.local/lib/python3.8/site-packages/airflow/example_dags/example_task_group.py
[2023-10-08T00:54:39.702+0000] {processor.py:829} INFO - Processing file /home/airflow/.local/lib/python3.8/site-packages/airflow/example_dags/example_task_group.py for tasks to queue
[2023-10-08T00:54:39.703+0000] {logging_mixin.py:151} INFO - [2023-10-08T00:54:39.702+0000] {dagbag.py:539} INFO - Filling up the DagBag from /home/airflow/.local/lib/python3.8/site-packages/airflow/example_dags/example_task_group.py
[2023-10-08T00:54:39.710+0000] {processor.py:839} INFO - DAG(s) dict_keys(['example_task_group']) retrieved from /home/airflow/.local/lib/python3.8/site-packages/airflow/example_dags/example_task_group.py
[2023-10-08T00:54:39.724+0000] {logging_mixin.py:151} INFO - [2023-10-08T00:54:39.724+0000] {dag.py:2907} INFO - Sync 1 DAGs
[2023-10-08T00:54:39.733+0000] {logging_mixin.py:151} INFO - [2023-10-08T00:54:39.733+0000] {dag.py:3677} INFO - Setting next_dagrun for example_task_group to 2023-10-07T00:54:39.733574+00:00, run_after=2023-10-08T00:54:39.733574+00:00
[2023-10-08T00:54:39.744+0000] {processor.py:179} INFO - Processing /home/airflow/.local/lib/python3.8/site-packages/airflow/example_dags/example_task_group.py took 0.046 seconds
[2023-10-08T00:55:10.689+0000] {processor.py:157} INFO - Started process (PID=91288) to work on /home/airflow/.local/lib/python3.8/site-packages/airflow/example_dags/example_task_group.py
[2023-10-08T00:55:10.690+0000] {processor.py:829} INFO - Processing file /home/airflow/.local/lib/python3.8/site-packages/airflow/example_dags/example_task_group.py for tasks to queue
[2023-10-08T00:55:10.690+0000] {logging_mixin.py:151} INFO - [2023-10-08T00:55:10.690+0000] {dagbag.py:539} INFO - Filling up the DagBag from /home/airflow/.local/lib/python3.8/site-packages/airflow/example_dags/example_task_group.py
[2023-10-08T00:55:10.694+0000] {processor.py:839} INFO - DAG(s) dict_keys(['example_task_group']) retrieved from /home/airflow/.local/lib/python3.8/site-packages/airflow/example_dags/example_task_group.py
[2023-10-08T00:55:10.707+0000] {logging_mixin.py:151} INFO - [2023-10-08T00:55:10.707+0000] {dag.py:2907} INFO - Sync 1 DAGs
[2023-10-08T00:55:10.723+0000] {logging_mixin.py:151} INFO - [2023-10-08T00:55:10.723+0000] {dag.py:3677} INFO - Setting next_dagrun for example_task_group to 2023-10-07T00:55:10.723045+00:00, run_after=2023-10-08T00:55:10.723045+00:00
[2023-10-08T00:55:10.735+0000] {processor.py:179} INFO - Processing /home/airflow/.local/lib/python3.8/site-packages/airflow/example_dags/example_task_group.py took 0.048 seconds
[2023-10-08T00:55:41.031+0000] {processor.py:157} INFO - Started process (PID=91339) to work on /home/airflow/.local/lib/python3.8/site-packages/airflow/example_dags/example_task_group.py
[2023-10-08T00:55:41.032+0000] {processor.py:829} INFO - Processing file /home/airflow/.local/lib/python3.8/site-packages/airflow/example_dags/example_task_group.py for tasks to queue
[2023-10-08T00:55:41.032+0000] {logging_mixin.py:151} INFO - [2023-10-08T00:55:41.032+0000] {dagbag.py:539} INFO - Filling up the DagBag from /home/airflow/.local/lib/python3.8/site-packages/airflow/example_dags/example_task_group.py
[2023-10-08T00:55:41.036+0000] {processor.py:839} INFO - DAG(s) dict_keys(['example_task_group']) retrieved from /home/airflow/.local/lib/python3.8/site-packages/airflow/example_dags/example_task_group.py
[2023-10-08T00:55:41.049+0000] {logging_mixin.py:151} INFO - [2023-10-08T00:55:41.049+0000] {dag.py:2907} INFO - Sync 1 DAGs
[2023-10-08T00:55:41.058+0000] {logging_mixin.py:151} INFO - [2023-10-08T00:55:41.058+0000] {dag.py:3677} INFO - Setting next_dagrun for example_task_group to 2023-10-07T00:55:41.058772+00:00, run_after=2023-10-08T00:55:41.058772+00:00
[2023-10-08T00:55:41.070+0000] {processor.py:179} INFO - Processing /home/airflow/.local/lib/python3.8/site-packages/airflow/example_dags/example_task_group.py took 0.041 seconds
[2023-10-08T00:56:11.670+0000] {processor.py:157} INFO - Started process (PID=91390) to work on /home/airflow/.local/lib/python3.8/site-packages/airflow/example_dags/example_task_group.py
[2023-10-08T00:56:11.671+0000] {processor.py:829} INFO - Processing file /home/airflow/.local/lib/python3.8/site-packages/airflow/example_dags/example_task_group.py for tasks to queue
[2023-10-08T00:56:11.672+0000] {logging_mixin.py:151} INFO - [2023-10-08T00:56:11.671+0000] {dagbag.py:539} INFO - Filling up the DagBag from /home/airflow/.local/lib/python3.8/site-packages/airflow/example_dags/example_task_group.py
[2023-10-08T00:56:11.676+0000] {processor.py:839} INFO - DAG(s) dict_keys(['example_task_group']) retrieved from /home/airflow/.local/lib/python3.8/site-packages/airflow/example_dags/example_task_group.py
[2023-10-08T00:56:11.690+0000] {logging_mixin.py:151} INFO - [2023-10-08T00:56:11.690+0000] {dag.py:2907} INFO - Sync 1 DAGs
[2023-10-08T00:56:11.701+0000] {logging_mixin.py:151} INFO - [2023-10-08T00:56:11.701+0000] {dag.py:3677} INFO - Setting next_dagrun for example_task_group to 2023-10-07T00:56:11.701306+00:00, run_after=2023-10-08T00:56:11.701306+00:00
[2023-10-08T00:56:11.719+0000] {processor.py:179} INFO - Processing /home/airflow/.local/lib/python3.8/site-packages/airflow/example_dags/example_task_group.py took 0.051 seconds
[2023-10-08T00:56:42.660+0000] {processor.py:157} INFO - Started process (PID=91441) to work on /home/airflow/.local/lib/python3.8/site-packages/airflow/example_dags/example_task_group.py
[2023-10-08T00:56:42.661+0000] {processor.py:829} INFO - Processing file /home/airflow/.local/lib/python3.8/site-packages/airflow/example_dags/example_task_group.py for tasks to queue
[2023-10-08T00:56:42.661+0000] {logging_mixin.py:151} INFO - [2023-10-08T00:56:42.661+0000] {dagbag.py:539} INFO - Filling up the DagBag from /home/airflow/.local/lib/python3.8/site-packages/airflow/example_dags/example_task_group.py
[2023-10-08T00:56:42.665+0000] {processor.py:839} INFO - DAG(s) dict_keys(['example_task_group']) retrieved from /home/airflow/.local/lib/python3.8/site-packages/airflow/example_dags/example_task_group.py
[2023-10-08T00:56:42.679+0000] {logging_mixin.py:151} INFO - [2023-10-08T00:56:42.679+0000] {dag.py:2907} INFO - Sync 1 DAGs
[2023-10-08T00:56:42.689+0000] {logging_mixin.py:151} INFO - [2023-10-08T00:56:42.689+0000] {dag.py:3677} INFO - Setting next_dagrun for example_task_group to 2023-10-07T00:56:42.689136+00:00, run_after=2023-10-08T00:56:42.689136+00:00
[2023-10-08T00:56:42.703+0000] {processor.py:179} INFO - Processing /home/airflow/.local/lib/python3.8/site-packages/airflow/example_dags/example_task_group.py took 0.045 seconds
[2023-10-08T00:57:13.461+0000] {processor.py:157} INFO - Started process (PID=91492) to work on /home/airflow/.local/lib/python3.8/site-packages/airflow/example_dags/example_task_group.py
[2023-10-08T00:57:13.462+0000] {processor.py:829} INFO - Processing file /home/airflow/.local/lib/python3.8/site-packages/airflow/example_dags/example_task_group.py for tasks to queue
[2023-10-08T00:57:13.463+0000] {logging_mixin.py:151} INFO - [2023-10-08T00:57:13.462+0000] {dagbag.py:539} INFO - Filling up the DagBag from /home/airflow/.local/lib/python3.8/site-packages/airflow/example_dags/example_task_group.py
[2023-10-08T00:57:13.467+0000] {processor.py:839} INFO - DAG(s) dict_keys(['example_task_group']) retrieved from /home/airflow/.local/lib/python3.8/site-packages/airflow/example_dags/example_task_group.py
[2023-10-08T00:57:13.481+0000] {logging_mixin.py:151} INFO - [2023-10-08T00:57:13.481+0000] {dag.py:2907} INFO - Sync 1 DAGs
[2023-10-08T00:57:13.496+0000] {logging_mixin.py:151} INFO - [2023-10-08T00:57:13.496+0000] {dag.py:3677} INFO - Setting next_dagrun for example_task_group to 2023-10-07T00:57:13.496454+00:00, run_after=2023-10-08T00:57:13.496454+00:00
[2023-10-08T00:57:13.510+0000] {processor.py:179} INFO - Processing /home/airflow/.local/lib/python3.8/site-packages/airflow/example_dags/example_task_group.py took 0.051 seconds
[2023-10-08T00:57:43.734+0000] {processor.py:157} INFO - Started process (PID=91543) to work on /home/airflow/.local/lib/python3.8/site-packages/airflow/example_dags/example_task_group.py
[2023-10-08T00:57:43.735+0000] {processor.py:829} INFO - Processing file /home/airflow/.local/lib/python3.8/site-packages/airflow/example_dags/example_task_group.py for tasks to queue
[2023-10-08T00:57:43.735+0000] {logging_mixin.py:151} INFO - [2023-10-08T00:57:43.735+0000] {dagbag.py:539} INFO - Filling up the DagBag from /home/airflow/.local/lib/python3.8/site-packages/airflow/example_dags/example_task_group.py
[2023-10-08T00:57:43.740+0000] {processor.py:839} INFO - DAG(s) dict_keys(['example_task_group']) retrieved from /home/airflow/.local/lib/python3.8/site-packages/airflow/example_dags/example_task_group.py
[2023-10-08T00:57:43.752+0000] {logging_mixin.py:151} INFO - [2023-10-08T00:57:43.752+0000] {dag.py:2907} INFO - Sync 1 DAGs
[2023-10-08T00:57:43.762+0000] {logging_mixin.py:151} INFO - [2023-10-08T00:57:43.762+0000] {dag.py:3677} INFO - Setting next_dagrun for example_task_group to 2023-10-07T00:57:43.762158+00:00, run_after=2023-10-08T00:57:43.762158+00:00
[2023-10-08T00:57:43.774+0000] {processor.py:179} INFO - Processing /home/airflow/.local/lib/python3.8/site-packages/airflow/example_dags/example_task_group.py took 0.041 seconds
[2023-10-08T00:58:14.656+0000] {processor.py:157} INFO - Started process (PID=91594) to work on /home/airflow/.local/lib/python3.8/site-packages/airflow/example_dags/example_task_group.py
[2023-10-08T00:58:14.657+0000] {processor.py:829} INFO - Processing file /home/airflow/.local/lib/python3.8/site-packages/airflow/example_dags/example_task_group.py for tasks to queue
[2023-10-08T00:58:14.657+0000] {logging_mixin.py:151} INFO - [2023-10-08T00:58:14.657+0000] {dagbag.py:539} INFO - Filling up the DagBag from /home/airflow/.local/lib/python3.8/site-packages/airflow/example_dags/example_task_group.py
[2023-10-08T00:58:14.663+0000] {processor.py:839} INFO - DAG(s) dict_keys(['example_task_group']) retrieved from /home/airflow/.local/lib/python3.8/site-packages/airflow/example_dags/example_task_group.py
[2023-10-08T00:58:14.679+0000] {logging_mixin.py:151} INFO - [2023-10-08T00:58:14.679+0000] {dag.py:2907} INFO - Sync 1 DAGs
[2023-10-08T00:58:14.695+0000] {logging_mixin.py:151} INFO - [2023-10-08T00:58:14.695+0000] {dag.py:3677} INFO - Setting next_dagrun for example_task_group to 2023-10-07T00:58:14.695096+00:00, run_after=2023-10-08T00:58:14.695096+00:00
[2023-10-08T00:58:14.708+0000] {processor.py:179} INFO - Processing /home/airflow/.local/lib/python3.8/site-packages/airflow/example_dags/example_task_group.py took 0.054 seconds
[2023-10-08T01:14:39.584+0000] {processor.py:157} INFO - Started process (PID=91645) to work on /home/airflow/.local/lib/python3.8/site-packages/airflow/example_dags/example_task_group.py
[2023-10-08T01:14:39.585+0000] {processor.py:829} INFO - Processing file /home/airflow/.local/lib/python3.8/site-packages/airflow/example_dags/example_task_group.py for tasks to queue
[2023-10-08T01:14:39.586+0000] {logging_mixin.py:151} INFO - [2023-10-08T01:14:39.586+0000] {dagbag.py:539} INFO - Filling up the DagBag from /home/airflow/.local/lib/python3.8/site-packages/airflow/example_dags/example_task_group.py
[2023-10-08T01:14:39.593+0000] {processor.py:839} INFO - DAG(s) dict_keys(['example_task_group']) retrieved from /home/airflow/.local/lib/python3.8/site-packages/airflow/example_dags/example_task_group.py
[2023-10-08T01:14:39.616+0000] {logging_mixin.py:151} INFO - [2023-10-08T01:14:39.615+0000] {dag.py:2907} INFO - Sync 1 DAGs
[2023-10-08T01:14:39.630+0000] {logging_mixin.py:151} INFO - [2023-10-08T01:14:39.630+0000] {dag.py:3677} INFO - Setting next_dagrun for example_task_group to 2023-10-07T01:14:39.629844+00:00, run_after=2023-10-08T01:14:39.629844+00:00
[2023-10-08T01:14:39.651+0000] {processor.py:179} INFO - Processing /home/airflow/.local/lib/python3.8/site-packages/airflow/example_dags/example_task_group.py took 0.071 seconds
[2023-10-08T01:15:10.859+0000] {processor.py:157} INFO - Started process (PID=91696) to work on /home/airflow/.local/lib/python3.8/site-packages/airflow/example_dags/example_task_group.py
[2023-10-08T01:15:10.861+0000] {processor.py:829} INFO - Processing file /home/airflow/.local/lib/python3.8/site-packages/airflow/example_dags/example_task_group.py for tasks to queue
[2023-10-08T01:15:10.861+0000] {logging_mixin.py:151} INFO - [2023-10-08T01:15:10.861+0000] {dagbag.py:539} INFO - Filling up the DagBag from /home/airflow/.local/lib/python3.8/site-packages/airflow/example_dags/example_task_group.py
[2023-10-08T01:15:10.866+0000] {processor.py:839} INFO - DAG(s) dict_keys(['example_task_group']) retrieved from /home/airflow/.local/lib/python3.8/site-packages/airflow/example_dags/example_task_group.py
[2023-10-08T01:15:10.894+0000] {logging_mixin.py:151} INFO - [2023-10-08T01:15:10.894+0000] {dag.py:2907} INFO - Sync 1 DAGs
[2023-10-08T01:15:10.927+0000] {logging_mixin.py:151} INFO - [2023-10-08T01:15:10.927+0000] {dag.py:3677} INFO - Setting next_dagrun for example_task_group to 2023-10-07T01:15:10.927331+00:00, run_after=2023-10-08T01:15:10.927331+00:00
[2023-10-08T01:15:10.943+0000] {processor.py:179} INFO - Processing /home/airflow/.local/lib/python3.8/site-packages/airflow/example_dags/example_task_group.py took 0.087 seconds
[2023-10-08T01:15:43.966+0000] {processor.py:157} INFO - Started process (PID=91747) to work on /home/airflow/.local/lib/python3.8/site-packages/airflow/example_dags/example_task_group.py
[2023-10-08T01:15:43.967+0000] {processor.py:829} INFO - Processing file /home/airflow/.local/lib/python3.8/site-packages/airflow/example_dags/example_task_group.py for tasks to queue
[2023-10-08T01:15:43.968+0000] {logging_mixin.py:151} INFO - [2023-10-08T01:15:43.968+0000] {dagbag.py:539} INFO - Filling up the DagBag from /home/airflow/.local/lib/python3.8/site-packages/airflow/example_dags/example_task_group.py
[2023-10-08T01:15:43.972+0000] {processor.py:839} INFO - DAG(s) dict_keys(['example_task_group']) retrieved from /home/airflow/.local/lib/python3.8/site-packages/airflow/example_dags/example_task_group.py
[2023-10-08T01:15:43.990+0000] {logging_mixin.py:151} INFO - [2023-10-08T01:15:43.990+0000] {dag.py:2907} INFO - Sync 1 DAGs
[2023-10-08T01:15:44.002+0000] {logging_mixin.py:151} INFO - [2023-10-08T01:15:44.001+0000] {dag.py:3677} INFO - Setting next_dagrun for example_task_group to 2023-10-07T01:15:44.001797+00:00, run_after=2023-10-08T01:15:44.001797+00:00
[2023-10-08T01:15:44.014+0000] {processor.py:179} INFO - Processing /home/airflow/.local/lib/python3.8/site-packages/airflow/example_dags/example_task_group.py took 0.050 seconds
[2023-10-08T01:18:31.522+0000] {processor.py:157} INFO - Started process (PID=91798) to work on /home/airflow/.local/lib/python3.8/site-packages/airflow/example_dags/example_task_group.py
[2023-10-08T01:18:31.523+0000] {processor.py:829} INFO - Processing file /home/airflow/.local/lib/python3.8/site-packages/airflow/example_dags/example_task_group.py for tasks to queue
[2023-10-08T01:18:31.523+0000] {logging_mixin.py:151} INFO - [2023-10-08T01:18:31.523+0000] {dagbag.py:539} INFO - Filling up the DagBag from /home/airflow/.local/lib/python3.8/site-packages/airflow/example_dags/example_task_group.py
[2023-10-08T01:18:31.528+0000] {processor.py:839} INFO - DAG(s) dict_keys(['example_task_group']) retrieved from /home/airflow/.local/lib/python3.8/site-packages/airflow/example_dags/example_task_group.py
[2023-10-08T01:18:31.545+0000] {logging_mixin.py:151} INFO - [2023-10-08T01:18:31.545+0000] {dag.py:2907} INFO - Sync 1 DAGs
[2023-10-08T01:18:31.556+0000] {logging_mixin.py:151} INFO - [2023-10-08T01:18:31.556+0000] {dag.py:3677} INFO - Setting next_dagrun for example_task_group to 2023-10-07T01:18:31.556289+00:00, run_after=2023-10-08T01:18:31.556289+00:00
[2023-10-08T01:18:31.568+0000] {processor.py:179} INFO - Processing /home/airflow/.local/lib/python3.8/site-packages/airflow/example_dags/example_task_group.py took 0.049 seconds
[2023-10-08T01:19:02.889+0000] {processor.py:157} INFO - Started process (PID=91849) to work on /home/airflow/.local/lib/python3.8/site-packages/airflow/example_dags/example_task_group.py
[2023-10-08T01:19:02.890+0000] {processor.py:829} INFO - Processing file /home/airflow/.local/lib/python3.8/site-packages/airflow/example_dags/example_task_group.py for tasks to queue
[2023-10-08T01:19:02.891+0000] {logging_mixin.py:151} INFO - [2023-10-08T01:19:02.890+0000] {dagbag.py:539} INFO - Filling up the DagBag from /home/airflow/.local/lib/python3.8/site-packages/airflow/example_dags/example_task_group.py
[2023-10-08T01:19:02.896+0000] {processor.py:839} INFO - DAG(s) dict_keys(['example_task_group']) retrieved from /home/airflow/.local/lib/python3.8/site-packages/airflow/example_dags/example_task_group.py
[2023-10-08T01:19:02.914+0000] {logging_mixin.py:151} INFO - [2023-10-08T01:19:02.913+0000] {dag.py:2907} INFO - Sync 1 DAGs
[2023-10-08T01:19:02.923+0000] {logging_mixin.py:151} INFO - [2023-10-08T01:19:02.923+0000] {dag.py:3677} INFO - Setting next_dagrun for example_task_group to 2023-10-07T01:19:02.923602+00:00, run_after=2023-10-08T01:19:02.923602+00:00
[2023-10-08T01:19:02.936+0000] {processor.py:179} INFO - Processing /home/airflow/.local/lib/python3.8/site-packages/airflow/example_dags/example_task_group.py took 0.051 seconds
[2023-10-08T01:19:33.883+0000] {processor.py:157} INFO - Started process (PID=91900) to work on /home/airflow/.local/lib/python3.8/site-packages/airflow/example_dags/example_task_group.py
[2023-10-08T01:19:33.884+0000] {processor.py:829} INFO - Processing file /home/airflow/.local/lib/python3.8/site-packages/airflow/example_dags/example_task_group.py for tasks to queue
[2023-10-08T01:19:33.885+0000] {logging_mixin.py:151} INFO - [2023-10-08T01:19:33.885+0000] {dagbag.py:539} INFO - Filling up the DagBag from /home/airflow/.local/lib/python3.8/site-packages/airflow/example_dags/example_task_group.py
[2023-10-08T01:19:33.890+0000] {processor.py:839} INFO - DAG(s) dict_keys(['example_task_group']) retrieved from /home/airflow/.local/lib/python3.8/site-packages/airflow/example_dags/example_task_group.py
[2023-10-08T01:19:33.905+0000] {logging_mixin.py:151} INFO - [2023-10-08T01:19:33.905+0000] {dag.py:2907} INFO - Sync 1 DAGs
[2023-10-08T01:19:33.915+0000] {logging_mixin.py:151} INFO - [2023-10-08T01:19:33.915+0000] {dag.py:3677} INFO - Setting next_dagrun for example_task_group to 2023-10-07T01:19:33.915521+00:00, run_after=2023-10-08T01:19:33.915521+00:00
[2023-10-08T01:19:33.928+0000] {processor.py:179} INFO - Processing /home/airflow/.local/lib/python3.8/site-packages/airflow/example_dags/example_task_group.py took 0.047 seconds
[2023-10-08T01:20:04.985+0000] {processor.py:157} INFO - Started process (PID=91951) to work on /home/airflow/.local/lib/python3.8/site-packages/airflow/example_dags/example_task_group.py
[2023-10-08T01:20:04.986+0000] {processor.py:829} INFO - Processing file /home/airflow/.local/lib/python3.8/site-packages/airflow/example_dags/example_task_group.py for tasks to queue
[2023-10-08T01:20:04.986+0000] {logging_mixin.py:151} INFO - [2023-10-08T01:20:04.986+0000] {dagbag.py:539} INFO - Filling up the DagBag from /home/airflow/.local/lib/python3.8/site-packages/airflow/example_dags/example_task_group.py
[2023-10-08T01:20:04.991+0000] {processor.py:839} INFO - DAG(s) dict_keys(['example_task_group']) retrieved from /home/airflow/.local/lib/python3.8/site-packages/airflow/example_dags/example_task_group.py
[2023-10-08T01:20:05.007+0000] {logging_mixin.py:151} INFO - [2023-10-08T01:20:05.007+0000] {dag.py:2907} INFO - Sync 1 DAGs
[2023-10-08T01:20:05.018+0000] {logging_mixin.py:151} INFO - [2023-10-08T01:20:05.018+0000] {dag.py:3677} INFO - Setting next_dagrun for example_task_group to 2023-10-07T01:20:05.018373+00:00, run_after=2023-10-08T01:20:05.018373+00:00
[2023-10-08T01:20:05.030+0000] {processor.py:179} INFO - Processing /home/airflow/.local/lib/python3.8/site-packages/airflow/example_dags/example_task_group.py took 0.048 seconds
[2023-10-08T01:20:36.397+0000] {processor.py:157} INFO - Started process (PID=92002) to work on /home/airflow/.local/lib/python3.8/site-packages/airflow/example_dags/example_task_group.py
[2023-10-08T01:20:36.398+0000] {processor.py:829} INFO - Processing file /home/airflow/.local/lib/python3.8/site-packages/airflow/example_dags/example_task_group.py for tasks to queue
[2023-10-08T01:20:36.398+0000] {logging_mixin.py:151} INFO - [2023-10-08T01:20:36.398+0000] {dagbag.py:539} INFO - Filling up the DagBag from /home/airflow/.local/lib/python3.8/site-packages/airflow/example_dags/example_task_group.py
[2023-10-08T01:20:36.402+0000] {processor.py:839} INFO - DAG(s) dict_keys(['example_task_group']) retrieved from /home/airflow/.local/lib/python3.8/site-packages/airflow/example_dags/example_task_group.py
[2023-10-08T01:20:36.417+0000] {logging_mixin.py:151} INFO - [2023-10-08T01:20:36.416+0000] {dag.py:2907} INFO - Sync 1 DAGs
[2023-10-08T01:20:36.427+0000] {logging_mixin.py:151} INFO - [2023-10-08T01:20:36.427+0000] {dag.py:3677} INFO - Setting next_dagrun for example_task_group to 2023-10-07T01:20:36.427181+00:00, run_after=2023-10-08T01:20:36.427181+00:00
[2023-10-08T01:20:36.439+0000] {processor.py:179} INFO - Processing /home/airflow/.local/lib/python3.8/site-packages/airflow/example_dags/example_task_group.py took 0.045 seconds
[2023-10-08T01:21:06.931+0000] {processor.py:157} INFO - Started process (PID=92053) to work on /home/airflow/.local/lib/python3.8/site-packages/airflow/example_dags/example_task_group.py
[2023-10-08T01:21:06.932+0000] {processor.py:829} INFO - Processing file /home/airflow/.local/lib/python3.8/site-packages/airflow/example_dags/example_task_group.py for tasks to queue
[2023-10-08T01:21:06.932+0000] {logging_mixin.py:151} INFO - [2023-10-08T01:21:06.932+0000] {dagbag.py:539} INFO - Filling up the DagBag from /home/airflow/.local/lib/python3.8/site-packages/airflow/example_dags/example_task_group.py
[2023-10-08T01:21:06.937+0000] {processor.py:839} INFO - DAG(s) dict_keys(['example_task_group']) retrieved from /home/airflow/.local/lib/python3.8/site-packages/airflow/example_dags/example_task_group.py
[2023-10-08T01:21:06.954+0000] {logging_mixin.py:151} INFO - [2023-10-08T01:21:06.954+0000] {dag.py:2907} INFO - Sync 1 DAGs
[2023-10-08T01:21:06.966+0000] {logging_mixin.py:151} INFO - [2023-10-08T01:21:06.966+0000] {dag.py:3677} INFO - Setting next_dagrun for example_task_group to 2023-10-07T01:21:06.966147+00:00, run_after=2023-10-08T01:21:06.966147+00:00
[2023-10-08T01:21:06.981+0000] {processor.py:179} INFO - Processing /home/airflow/.local/lib/python3.8/site-packages/airflow/example_dags/example_task_group.py took 0.052 seconds
[2023-10-08T01:21:37.458+0000] {processor.py:157} INFO - Started process (PID=92104) to work on /home/airflow/.local/lib/python3.8/site-packages/airflow/example_dags/example_task_group.py
[2023-10-08T01:21:37.459+0000] {processor.py:829} INFO - Processing file /home/airflow/.local/lib/python3.8/site-packages/airflow/example_dags/example_task_group.py for tasks to queue
[2023-10-08T01:21:37.459+0000] {logging_mixin.py:151} INFO - [2023-10-08T01:21:37.459+0000] {dagbag.py:539} INFO - Filling up the DagBag from /home/airflow/.local/lib/python3.8/site-packages/airflow/example_dags/example_task_group.py
[2023-10-08T01:21:37.464+0000] {processor.py:839} INFO - DAG(s) dict_keys(['example_task_group']) retrieved from /home/airflow/.local/lib/python3.8/site-packages/airflow/example_dags/example_task_group.py
[2023-10-08T01:21:37.477+0000] {logging_mixin.py:151} INFO - [2023-10-08T01:21:37.477+0000] {dag.py:2907} INFO - Sync 1 DAGs
[2023-10-08T01:21:37.487+0000] {logging_mixin.py:151} INFO - [2023-10-08T01:21:37.487+0000] {dag.py:3677} INFO - Setting next_dagrun for example_task_group to 2023-10-07T01:21:37.487229+00:00, run_after=2023-10-08T01:21:37.487229+00:00
[2023-10-08T01:21:37.497+0000] {processor.py:179} INFO - Processing /home/airflow/.local/lib/python3.8/site-packages/airflow/example_dags/example_task_group.py took 0.040 seconds
[2023-10-08T01:22:07.962+0000] {processor.py:157} INFO - Started process (PID=92155) to work on /home/airflow/.local/lib/python3.8/site-packages/airflow/example_dags/example_task_group.py
[2023-10-08T01:22:07.963+0000] {processor.py:829} INFO - Processing file /home/airflow/.local/lib/python3.8/site-packages/airflow/example_dags/example_task_group.py for tasks to queue
[2023-10-08T01:22:07.963+0000] {logging_mixin.py:151} INFO - [2023-10-08T01:22:07.963+0000] {dagbag.py:539} INFO - Filling up the DagBag from /home/airflow/.local/lib/python3.8/site-packages/airflow/example_dags/example_task_group.py
[2023-10-08T01:22:07.968+0000] {processor.py:839} INFO - DAG(s) dict_keys(['example_task_group']) retrieved from /home/airflow/.local/lib/python3.8/site-packages/airflow/example_dags/example_task_group.py
[2023-10-08T01:22:07.983+0000] {logging_mixin.py:151} INFO - [2023-10-08T01:22:07.983+0000] {dag.py:2907} INFO - Sync 1 DAGs
[2023-10-08T01:22:07.993+0000] {logging_mixin.py:151} INFO - [2023-10-08T01:22:07.993+0000] {dag.py:3677} INFO - Setting next_dagrun for example_task_group to 2023-10-07T01:22:07.992884+00:00, run_after=2023-10-08T01:22:07.992884+00:00
[2023-10-08T01:22:08.005+0000] {processor.py:179} INFO - Processing /home/airflow/.local/lib/python3.8/site-packages/airflow/example_dags/example_task_group.py took 0.046 seconds
[2023-10-08T01:22:38.661+0000] {processor.py:157} INFO - Started process (PID=92206) to work on /home/airflow/.local/lib/python3.8/site-packages/airflow/example_dags/example_task_group.py
[2023-10-08T01:22:38.662+0000] {processor.py:829} INFO - Processing file /home/airflow/.local/lib/python3.8/site-packages/airflow/example_dags/example_task_group.py for tasks to queue
[2023-10-08T01:22:38.662+0000] {logging_mixin.py:151} INFO - [2023-10-08T01:22:38.662+0000] {dagbag.py:539} INFO - Filling up the DagBag from /home/airflow/.local/lib/python3.8/site-packages/airflow/example_dags/example_task_group.py
[2023-10-08T01:22:38.667+0000] {processor.py:839} INFO - DAG(s) dict_keys(['example_task_group']) retrieved from /home/airflow/.local/lib/python3.8/site-packages/airflow/example_dags/example_task_group.py
[2023-10-08T01:22:38.680+0000] {logging_mixin.py:151} INFO - [2023-10-08T01:22:38.680+0000] {dag.py:2907} INFO - Sync 1 DAGs
[2023-10-08T01:22:38.689+0000] {logging_mixin.py:151} INFO - [2023-10-08T01:22:38.689+0000] {dag.py:3677} INFO - Setting next_dagrun for example_task_group to 2023-10-07T01:22:38.689283+00:00, run_after=2023-10-08T01:22:38.689283+00:00
[2023-10-08T01:22:38.701+0000] {processor.py:179} INFO - Processing /home/airflow/.local/lib/python3.8/site-packages/airflow/example_dags/example_task_group.py took 0.042 seconds
[2023-10-08T01:23:09.115+0000] {processor.py:157} INFO - Started process (PID=92257) to work on /home/airflow/.local/lib/python3.8/site-packages/airflow/example_dags/example_task_group.py
[2023-10-08T01:23:09.116+0000] {processor.py:829} INFO - Processing file /home/airflow/.local/lib/python3.8/site-packages/airflow/example_dags/example_task_group.py for tasks to queue
[2023-10-08T01:23:09.116+0000] {logging_mixin.py:151} INFO - [2023-10-08T01:23:09.116+0000] {dagbag.py:539} INFO - Filling up the DagBag from /home/airflow/.local/lib/python3.8/site-packages/airflow/example_dags/example_task_group.py
[2023-10-08T01:23:09.120+0000] {processor.py:839} INFO - DAG(s) dict_keys(['example_task_group']) retrieved from /home/airflow/.local/lib/python3.8/site-packages/airflow/example_dags/example_task_group.py
[2023-10-08T01:23:09.133+0000] {logging_mixin.py:151} INFO - [2023-10-08T01:23:09.133+0000] {dag.py:2907} INFO - Sync 1 DAGs
[2023-10-08T01:23:09.143+0000] {logging_mixin.py:151} INFO - [2023-10-08T01:23:09.143+0000] {dag.py:3677} INFO - Setting next_dagrun for example_task_group to 2023-10-07T01:23:09.143330+00:00, run_after=2023-10-08T01:23:09.143330+00:00
[2023-10-08T01:23:09.154+0000] {processor.py:179} INFO - Processing /home/airflow/.local/lib/python3.8/site-packages/airflow/example_dags/example_task_group.py took 0.041 seconds
[2023-10-08T01:23:39.795+0000] {processor.py:157} INFO - Started process (PID=92308) to work on /home/airflow/.local/lib/python3.8/site-packages/airflow/example_dags/example_task_group.py
[2023-10-08T01:23:39.796+0000] {processor.py:829} INFO - Processing file /home/airflow/.local/lib/python3.8/site-packages/airflow/example_dags/example_task_group.py for tasks to queue
[2023-10-08T01:23:39.796+0000] {logging_mixin.py:151} INFO - [2023-10-08T01:23:39.796+0000] {dagbag.py:539} INFO - Filling up the DagBag from /home/airflow/.local/lib/python3.8/site-packages/airflow/example_dags/example_task_group.py
[2023-10-08T01:23:39.802+0000] {processor.py:839} INFO - DAG(s) dict_keys(['example_task_group']) retrieved from /home/airflow/.local/lib/python3.8/site-packages/airflow/example_dags/example_task_group.py
[2023-10-08T01:23:39.817+0000] {logging_mixin.py:151} INFO - [2023-10-08T01:23:39.817+0000] {dag.py:2907} INFO - Sync 1 DAGs
[2023-10-08T01:23:39.828+0000] {logging_mixin.py:151} INFO - [2023-10-08T01:23:39.827+0000] {dag.py:3677} INFO - Setting next_dagrun for example_task_group to 2023-10-07T01:23:39.827793+00:00, run_after=2023-10-08T01:23:39.827793+00:00
[2023-10-08T01:23:39.839+0000] {processor.py:179} INFO - Processing /home/airflow/.local/lib/python3.8/site-packages/airflow/example_dags/example_task_group.py took 0.046 seconds
[2023-10-08T01:24:10.146+0000] {processor.py:157} INFO - Started process (PID=92359) to work on /home/airflow/.local/lib/python3.8/site-packages/airflow/example_dags/example_task_group.py
[2023-10-08T01:24:10.147+0000] {processor.py:829} INFO - Processing file /home/airflow/.local/lib/python3.8/site-packages/airflow/example_dags/example_task_group.py for tasks to queue
[2023-10-08T01:24:10.148+0000] {logging_mixin.py:151} INFO - [2023-10-08T01:24:10.147+0000] {dagbag.py:539} INFO - Filling up the DagBag from /home/airflow/.local/lib/python3.8/site-packages/airflow/example_dags/example_task_group.py
[2023-10-08T01:24:10.152+0000] {processor.py:839} INFO - DAG(s) dict_keys(['example_task_group']) retrieved from /home/airflow/.local/lib/python3.8/site-packages/airflow/example_dags/example_task_group.py
[2023-10-08T01:24:10.168+0000] {logging_mixin.py:151} INFO - [2023-10-08T01:24:10.168+0000] {dag.py:2907} INFO - Sync 1 DAGs
[2023-10-08T01:24:10.179+0000] {logging_mixin.py:151} INFO - [2023-10-08T01:24:10.178+0000] {dag.py:3677} INFO - Setting next_dagrun for example_task_group to 2023-10-07T01:24:10.178695+00:00, run_after=2023-10-08T01:24:10.178695+00:00
[2023-10-08T01:24:10.190+0000] {processor.py:179} INFO - Processing /home/airflow/.local/lib/python3.8/site-packages/airflow/example_dags/example_task_group.py took 0.046 seconds
[2023-10-08T01:24:40.769+0000] {processor.py:157} INFO - Started process (PID=92410) to work on /home/airflow/.local/lib/python3.8/site-packages/airflow/example_dags/example_task_group.py
[2023-10-08T01:24:40.769+0000] {processor.py:829} INFO - Processing file /home/airflow/.local/lib/python3.8/site-packages/airflow/example_dags/example_task_group.py for tasks to queue
[2023-10-08T01:24:40.770+0000] {logging_mixin.py:151} INFO - [2023-10-08T01:24:40.770+0000] {dagbag.py:539} INFO - Filling up the DagBag from /home/airflow/.local/lib/python3.8/site-packages/airflow/example_dags/example_task_group.py
[2023-10-08T01:24:40.774+0000] {processor.py:839} INFO - DAG(s) dict_keys(['example_task_group']) retrieved from /home/airflow/.local/lib/python3.8/site-packages/airflow/example_dags/example_task_group.py
[2023-10-08T01:24:40.789+0000] {logging_mixin.py:151} INFO - [2023-10-08T01:24:40.789+0000] {dag.py:2907} INFO - Sync 1 DAGs
[2023-10-08T01:24:40.798+0000] {logging_mixin.py:151} INFO - [2023-10-08T01:24:40.798+0000] {dag.py:3677} INFO - Setting next_dagrun for example_task_group to 2023-10-07T01:24:40.798245+00:00, run_after=2023-10-08T01:24:40.798245+00:00
[2023-10-08T01:24:40.808+0000] {processor.py:179} INFO - Processing /home/airflow/.local/lib/python3.8/site-packages/airflow/example_dags/example_task_group.py took 0.042 seconds
[2023-10-08T01:25:11.152+0000] {processor.py:157} INFO - Started process (PID=92461) to work on /home/airflow/.local/lib/python3.8/site-packages/airflow/example_dags/example_task_group.py
[2023-10-08T01:25:11.152+0000] {processor.py:829} INFO - Processing file /home/airflow/.local/lib/python3.8/site-packages/airflow/example_dags/example_task_group.py for tasks to queue
[2023-10-08T01:25:11.153+0000] {logging_mixin.py:151} INFO - [2023-10-08T01:25:11.153+0000] {dagbag.py:539} INFO - Filling up the DagBag from /home/airflow/.local/lib/python3.8/site-packages/airflow/example_dags/example_task_group.py
[2023-10-08T01:25:11.157+0000] {processor.py:839} INFO - DAG(s) dict_keys(['example_task_group']) retrieved from /home/airflow/.local/lib/python3.8/site-packages/airflow/example_dags/example_task_group.py
[2023-10-08T01:25:11.170+0000] {logging_mixin.py:151} INFO - [2023-10-08T01:25:11.170+0000] {dag.py:2907} INFO - Sync 1 DAGs
[2023-10-08T01:25:11.179+0000] {logging_mixin.py:151} INFO - [2023-10-08T01:25:11.179+0000] {dag.py:3677} INFO - Setting next_dagrun for example_task_group to 2023-10-07T01:25:11.179720+00:00, run_after=2023-10-08T01:25:11.179720+00:00
[2023-10-08T01:25:11.190+0000] {processor.py:179} INFO - Processing /home/airflow/.local/lib/python3.8/site-packages/airflow/example_dags/example_task_group.py took 0.041 seconds
[2023-10-08T01:25:42.061+0000] {processor.py:157} INFO - Started process (PID=92512) to work on /home/airflow/.local/lib/python3.8/site-packages/airflow/example_dags/example_task_group.py
[2023-10-08T01:25:42.061+0000] {processor.py:829} INFO - Processing file /home/airflow/.local/lib/python3.8/site-packages/airflow/example_dags/example_task_group.py for tasks to queue
[2023-10-08T01:25:42.062+0000] {logging_mixin.py:151} INFO - [2023-10-08T01:25:42.062+0000] {dagbag.py:539} INFO - Filling up the DagBag from /home/airflow/.local/lib/python3.8/site-packages/airflow/example_dags/example_task_group.py
[2023-10-08T01:25:42.066+0000] {processor.py:839} INFO - DAG(s) dict_keys(['example_task_group']) retrieved from /home/airflow/.local/lib/python3.8/site-packages/airflow/example_dags/example_task_group.py
[2023-10-08T01:25:42.080+0000] {logging_mixin.py:151} INFO - [2023-10-08T01:25:42.080+0000] {dag.py:2907} INFO - Sync 1 DAGs
[2023-10-08T01:25:42.090+0000] {logging_mixin.py:151} INFO - [2023-10-08T01:25:42.090+0000] {dag.py:3677} INFO - Setting next_dagrun for example_task_group to 2023-10-07T01:25:42.090060+00:00, run_after=2023-10-08T01:25:42.090060+00:00
[2023-10-08T01:25:42.102+0000] {processor.py:179} INFO - Processing /home/airflow/.local/lib/python3.8/site-packages/airflow/example_dags/example_task_group.py took 0.043 seconds
[2023-10-08T01:28:32.059+0000] {processor.py:157} INFO - Started process (PID=43) to work on /home/airflow/.local/lib/python3.8/site-packages/airflow/example_dags/example_task_group.py
[2023-10-08T01:28:32.060+0000] {processor.py:829} INFO - Processing file /home/airflow/.local/lib/python3.8/site-packages/airflow/example_dags/example_task_group.py for tasks to queue
[2023-10-08T01:28:32.062+0000] {logging_mixin.py:151} INFO - [2023-10-08T01:28:32.061+0000] {dagbag.py:539} INFO - Filling up the DagBag from /home/airflow/.local/lib/python3.8/site-packages/airflow/example_dags/example_task_group.py
[2023-10-08T01:28:32.068+0000] {processor.py:839} INFO - DAG(s) dict_keys(['example_task_group']) retrieved from /home/airflow/.local/lib/python3.8/site-packages/airflow/example_dags/example_task_group.py
[2023-10-08T01:28:32.093+0000] {logging_mixin.py:151} INFO - [2023-10-08T01:28:32.092+0000] {dag.py:2907} INFO - Sync 1 DAGs
[2023-10-08T01:28:32.209+0000] {logging_mixin.py:151} INFO - [2023-10-08T01:28:32.209+0000] {dag.py:3677} INFO - Setting next_dagrun for example_task_group to 2023-10-07T01:28:32.209665+00:00, run_after=2023-10-08T01:28:32.209665+00:00
[2023-10-08T01:28:32.223+0000] {processor.py:179} INFO - Processing /home/airflow/.local/lib/python3.8/site-packages/airflow/example_dags/example_task_group.py took 0.166 seconds
[2023-10-08T01:29:02.878+0000] {processor.py:157} INFO - Started process (PID=94) to work on /home/airflow/.local/lib/python3.8/site-packages/airflow/example_dags/example_task_group.py
[2023-10-08T01:29:02.879+0000] {processor.py:829} INFO - Processing file /home/airflow/.local/lib/python3.8/site-packages/airflow/example_dags/example_task_group.py for tasks to queue
[2023-10-08T01:29:02.880+0000] {logging_mixin.py:151} INFO - [2023-10-08T01:29:02.880+0000] {dagbag.py:539} INFO - Filling up the DagBag from /home/airflow/.local/lib/python3.8/site-packages/airflow/example_dags/example_task_group.py
[2023-10-08T01:29:02.884+0000] {processor.py:839} INFO - DAG(s) dict_keys(['example_task_group']) retrieved from /home/airflow/.local/lib/python3.8/site-packages/airflow/example_dags/example_task_group.py
[2023-10-08T01:29:02.897+0000] {logging_mixin.py:151} INFO - [2023-10-08T01:29:02.897+0000] {dag.py:2907} INFO - Sync 1 DAGs
[2023-10-08T01:29:02.909+0000] {logging_mixin.py:151} INFO - [2023-10-08T01:29:02.909+0000] {dag.py:3677} INFO - Setting next_dagrun for example_task_group to 2023-10-07T01:29:02.909231+00:00, run_after=2023-10-08T01:29:02.909231+00:00
[2023-10-08T01:29:02.921+0000] {processor.py:179} INFO - Processing /home/airflow/.local/lib/python3.8/site-packages/airflow/example_dags/example_task_group.py took 0.045 seconds
[2023-10-08T01:29:33.253+0000] {processor.py:157} INFO - Started process (PID=145) to work on /home/airflow/.local/lib/python3.8/site-packages/airflow/example_dags/example_task_group.py
[2023-10-08T01:29:33.253+0000] {processor.py:829} INFO - Processing file /home/airflow/.local/lib/python3.8/site-packages/airflow/example_dags/example_task_group.py for tasks to queue
[2023-10-08T01:29:33.254+0000] {logging_mixin.py:151} INFO - [2023-10-08T01:29:33.254+0000] {dagbag.py:539} INFO - Filling up the DagBag from /home/airflow/.local/lib/python3.8/site-packages/airflow/example_dags/example_task_group.py
[2023-10-08T01:29:33.258+0000] {processor.py:839} INFO - DAG(s) dict_keys(['example_task_group']) retrieved from /home/airflow/.local/lib/python3.8/site-packages/airflow/example_dags/example_task_group.py
[2023-10-08T01:29:33.270+0000] {logging_mixin.py:151} INFO - [2023-10-08T01:29:33.270+0000] {dag.py:2907} INFO - Sync 1 DAGs
[2023-10-08T01:29:33.281+0000] {logging_mixin.py:151} INFO - [2023-10-08T01:29:33.281+0000] {dag.py:3677} INFO - Setting next_dagrun for example_task_group to 2023-10-07T01:29:33.281288+00:00, run_after=2023-10-08T01:29:33.281288+00:00
[2023-10-08T01:29:33.291+0000] {processor.py:179} INFO - Processing /home/airflow/.local/lib/python3.8/site-packages/airflow/example_dags/example_task_group.py took 0.040 seconds
[2023-10-08T01:30:03.512+0000] {processor.py:157} INFO - Started process (PID=196) to work on /home/airflow/.local/lib/python3.8/site-packages/airflow/example_dags/example_task_group.py
[2023-10-08T01:30:03.513+0000] {processor.py:829} INFO - Processing file /home/airflow/.local/lib/python3.8/site-packages/airflow/example_dags/example_task_group.py for tasks to queue
[2023-10-08T01:30:03.514+0000] {logging_mixin.py:151} INFO - [2023-10-08T01:30:03.514+0000] {dagbag.py:539} INFO - Filling up the DagBag from /home/airflow/.local/lib/python3.8/site-packages/airflow/example_dags/example_task_group.py
[2023-10-08T01:30:03.518+0000] {processor.py:839} INFO - DAG(s) dict_keys(['example_task_group']) retrieved from /home/airflow/.local/lib/python3.8/site-packages/airflow/example_dags/example_task_group.py
[2023-10-08T01:30:03.530+0000] {logging_mixin.py:151} INFO - [2023-10-08T01:30:03.530+0000] {dag.py:2907} INFO - Sync 1 DAGs
[2023-10-08T01:30:03.540+0000] {logging_mixin.py:151} INFO - [2023-10-08T01:30:03.540+0000] {dag.py:3677} INFO - Setting next_dagrun for example_task_group to 2023-10-07T01:30:03.540520+00:00, run_after=2023-10-08T01:30:03.540520+00:00
[2023-10-08T01:30:03.552+0000] {processor.py:179} INFO - Processing /home/airflow/.local/lib/python3.8/site-packages/airflow/example_dags/example_task_group.py took 0.042 seconds
[2023-10-08T01:30:34.327+0000] {processor.py:157} INFO - Started process (PID=247) to work on /home/airflow/.local/lib/python3.8/site-packages/airflow/example_dags/example_task_group.py
[2023-10-08T01:30:34.328+0000] {processor.py:829} INFO - Processing file /home/airflow/.local/lib/python3.8/site-packages/airflow/example_dags/example_task_group.py for tasks to queue
[2023-10-08T01:30:34.331+0000] {logging_mixin.py:151} INFO - [2023-10-08T01:30:34.330+0000] {dagbag.py:539} INFO - Filling up the DagBag from /home/airflow/.local/lib/python3.8/site-packages/airflow/example_dags/example_task_group.py
[2023-10-08T01:30:34.346+0000] {processor.py:839} INFO - DAG(s) dict_keys(['example_task_group']) retrieved from /home/airflow/.local/lib/python3.8/site-packages/airflow/example_dags/example_task_group.py
[2023-10-08T01:30:34.447+0000] {logging_mixin.py:151} INFO - [2023-10-08T01:30:34.447+0000] {dag.py:2907} INFO - Sync 1 DAGs
[2023-10-08T01:30:34.473+0000] {logging_mixin.py:151} INFO - [2023-10-08T01:30:34.473+0000] {dag.py:3677} INFO - Setting next_dagrun for example_task_group to 2023-10-07T01:30:34.473634+00:00, run_after=2023-10-08T01:30:34.473634+00:00
[2023-10-08T01:30:34.498+0000] {processor.py:179} INFO - Processing /home/airflow/.local/lib/python3.8/site-packages/airflow/example_dags/example_task_group.py took 0.174 seconds
