[2023-10-08T00:10:24.893+0000] {processor.py:157} INFO - Started process (PID=89911) to work on /home/airflow/.local/lib/python3.8/site-packages/airflow/example_dags/example_dynamic_task_mapping_with_no_taskflow_operators.py
[2023-10-08T00:10:24.894+0000] {processor.py:829} INFO - Processing file /home/airflow/.local/lib/python3.8/site-packages/airflow/example_dags/example_dynamic_task_mapping_with_no_taskflow_operators.py for tasks to queue
[2023-10-08T00:10:24.895+0000] {logging_mixin.py:151} INFO - [2023-10-08T00:10:24.894+0000] {dagbag.py:539} INFO - Filling up the DagBag from /home/airflow/.local/lib/python3.8/site-packages/airflow/example_dags/example_dynamic_task_mapping_with_no_taskflow_operators.py
[2023-10-08T00:10:24.898+0000] {processor.py:839} INFO - DAG(s) dict_keys(['example_dynamic_task_mapping_with_no_taskflow_operators']) retrieved from /home/airflow/.local/lib/python3.8/site-packages/airflow/example_dags/example_dynamic_task_mapping_with_no_taskflow_operators.py
[2023-10-08T00:10:24.911+0000] {logging_mixin.py:151} INFO - [2023-10-08T00:10:24.911+0000] {dag.py:2907} INFO - Sync 1 DAGs
[2023-10-08T00:10:24.921+0000] {logging_mixin.py:151} INFO - [2023-10-08T00:10:24.921+0000] {dag.py:3677} INFO - Setting next_dagrun for example_dynamic_task_mapping_with_no_taskflow_operators to 2023-10-07T00:10:24.921362+00:00, run_after=2023-10-08T00:10:24.921362+00:00
[2023-10-08T00:10:24.932+0000] {processor.py:179} INFO - Processing /home/airflow/.local/lib/python3.8/site-packages/airflow/example_dags/example_dynamic_task_mapping_with_no_taskflow_operators.py took 0.041 seconds
[2023-10-08T00:10:56.029+0000] {processor.py:157} INFO - Started process (PID=89962) to work on /home/airflow/.local/lib/python3.8/site-packages/airflow/example_dags/example_dynamic_task_mapping_with_no_taskflow_operators.py
[2023-10-08T00:10:56.029+0000] {processor.py:829} INFO - Processing file /home/airflow/.local/lib/python3.8/site-packages/airflow/example_dags/example_dynamic_task_mapping_with_no_taskflow_operators.py for tasks to queue
[2023-10-08T00:10:56.030+0000] {logging_mixin.py:151} INFO - [2023-10-08T00:10:56.030+0000] {dagbag.py:539} INFO - Filling up the DagBag from /home/airflow/.local/lib/python3.8/site-packages/airflow/example_dags/example_dynamic_task_mapping_with_no_taskflow_operators.py
[2023-10-08T00:10:56.033+0000] {processor.py:839} INFO - DAG(s) dict_keys(['example_dynamic_task_mapping_with_no_taskflow_operators']) retrieved from /home/airflow/.local/lib/python3.8/site-packages/airflow/example_dags/example_dynamic_task_mapping_with_no_taskflow_operators.py
[2023-10-08T00:10:56.050+0000] {logging_mixin.py:151} INFO - [2023-10-08T00:10:56.050+0000] {dag.py:2907} INFO - Sync 1 DAGs
[2023-10-08T00:10:56.060+0000] {logging_mixin.py:151} INFO - [2023-10-08T00:10:56.059+0000] {dag.py:3677} INFO - Setting next_dagrun for example_dynamic_task_mapping_with_no_taskflow_operators to 2023-10-07T00:10:56.059844+00:00, run_after=2023-10-08T00:10:56.059844+00:00
[2023-10-08T00:10:56.070+0000] {processor.py:179} INFO - Processing /home/airflow/.local/lib/python3.8/site-packages/airflow/example_dags/example_dynamic_task_mapping_with_no_taskflow_operators.py took 0.044 seconds
[2023-10-08T00:26:22.836+0000] {processor.py:157} INFO - Started process (PID=90015) to work on /home/airflow/.local/lib/python3.8/site-packages/airflow/example_dags/example_dynamic_task_mapping_with_no_taskflow_operators.py
[2023-10-08T00:26:22.837+0000] {processor.py:829} INFO - Processing file /home/airflow/.local/lib/python3.8/site-packages/airflow/example_dags/example_dynamic_task_mapping_with_no_taskflow_operators.py for tasks to queue
[2023-10-08T00:26:22.837+0000] {logging_mixin.py:151} INFO - [2023-10-08T00:26:22.837+0000] {dagbag.py:539} INFO - Filling up the DagBag from /home/airflow/.local/lib/python3.8/site-packages/airflow/example_dags/example_dynamic_task_mapping_with_no_taskflow_operators.py
[2023-10-08T00:26:22.841+0000] {processor.py:839} INFO - DAG(s) dict_keys(['example_dynamic_task_mapping_with_no_taskflow_operators']) retrieved from /home/airflow/.local/lib/python3.8/site-packages/airflow/example_dags/example_dynamic_task_mapping_with_no_taskflow_operators.py
[2023-10-08T00:26:22.853+0000] {logging_mixin.py:151} INFO - [2023-10-08T00:26:22.853+0000] {dag.py:2907} INFO - Sync 1 DAGs
[2023-10-08T00:26:22.862+0000] {logging_mixin.py:151} INFO - [2023-10-08T00:26:22.862+0000] {dag.py:3677} INFO - Setting next_dagrun for example_dynamic_task_mapping_with_no_taskflow_operators to 2023-10-07T00:26:22.862425+00:00, run_after=2023-10-08T00:26:22.862425+00:00
[2023-10-08T00:26:22.873+0000] {processor.py:179} INFO - Processing /home/airflow/.local/lib/python3.8/site-packages/airflow/example_dags/example_dynamic_task_mapping_with_no_taskflow_operators.py took 0.038 seconds
[2023-10-08T00:26:53.975+0000] {processor.py:157} INFO - Started process (PID=90066) to work on /home/airflow/.local/lib/python3.8/site-packages/airflow/example_dags/example_dynamic_task_mapping_with_no_taskflow_operators.py
[2023-10-08T00:26:53.976+0000] {processor.py:829} INFO - Processing file /home/airflow/.local/lib/python3.8/site-packages/airflow/example_dags/example_dynamic_task_mapping_with_no_taskflow_operators.py for tasks to queue
[2023-10-08T00:26:53.976+0000] {logging_mixin.py:151} INFO - [2023-10-08T00:26:53.976+0000] {dagbag.py:539} INFO - Filling up the DagBag from /home/airflow/.local/lib/python3.8/site-packages/airflow/example_dags/example_dynamic_task_mapping_with_no_taskflow_operators.py
[2023-10-08T00:26:53.980+0000] {processor.py:839} INFO - DAG(s) dict_keys(['example_dynamic_task_mapping_with_no_taskflow_operators']) retrieved from /home/airflow/.local/lib/python3.8/site-packages/airflow/example_dags/example_dynamic_task_mapping_with_no_taskflow_operators.py
[2023-10-08T00:26:53.992+0000] {logging_mixin.py:151} INFO - [2023-10-08T00:26:53.991+0000] {dag.py:2907} INFO - Sync 1 DAGs
[2023-10-08T00:26:54.001+0000] {logging_mixin.py:151} INFO - [2023-10-08T00:26:54.001+0000] {dag.py:3677} INFO - Setting next_dagrun for example_dynamic_task_mapping_with_no_taskflow_operators to 2023-10-07T00:26:54.001648+00:00, run_after=2023-10-08T00:26:54.001648+00:00
[2023-10-08T00:26:54.012+0000] {processor.py:179} INFO - Processing /home/airflow/.local/lib/python3.8/site-packages/airflow/example_dags/example_dynamic_task_mapping_with_no_taskflow_operators.py took 0.040 seconds
[2023-10-08T00:43:22.956+0000] {processor.py:157} INFO - Started process (PID=90117) to work on /home/airflow/.local/lib/python3.8/site-packages/airflow/example_dags/example_dynamic_task_mapping_with_no_taskflow_operators.py
[2023-10-08T00:43:22.957+0000] {processor.py:829} INFO - Processing file /home/airflow/.local/lib/python3.8/site-packages/airflow/example_dags/example_dynamic_task_mapping_with_no_taskflow_operators.py for tasks to queue
[2023-10-08T00:43:22.957+0000] {logging_mixin.py:151} INFO - [2023-10-08T00:43:22.957+0000] {dagbag.py:539} INFO - Filling up the DagBag from /home/airflow/.local/lib/python3.8/site-packages/airflow/example_dags/example_dynamic_task_mapping_with_no_taskflow_operators.py
[2023-10-08T00:43:22.961+0000] {processor.py:839} INFO - DAG(s) dict_keys(['example_dynamic_task_mapping_with_no_taskflow_operators']) retrieved from /home/airflow/.local/lib/python3.8/site-packages/airflow/example_dags/example_dynamic_task_mapping_with_no_taskflow_operators.py
[2023-10-08T00:43:22.973+0000] {logging_mixin.py:151} INFO - [2023-10-08T00:43:22.973+0000] {dag.py:2907} INFO - Sync 1 DAGs
[2023-10-08T00:43:22.982+0000] {logging_mixin.py:151} INFO - [2023-10-08T00:43:22.982+0000] {dag.py:3677} INFO - Setting next_dagrun for example_dynamic_task_mapping_with_no_taskflow_operators to 2023-10-07T00:43:22.982751+00:00, run_after=2023-10-08T00:43:22.982751+00:00
[2023-10-08T00:43:22.996+0000] {processor.py:179} INFO - Processing /home/airflow/.local/lib/python3.8/site-packages/airflow/example_dags/example_dynamic_task_mapping_with_no_taskflow_operators.py took 0.043 seconds
[2023-10-08T00:43:54.014+0000] {processor.py:157} INFO - Started process (PID=90168) to work on /home/airflow/.local/lib/python3.8/site-packages/airflow/example_dags/example_dynamic_task_mapping_with_no_taskflow_operators.py
[2023-10-08T00:43:54.015+0000] {processor.py:829} INFO - Processing file /home/airflow/.local/lib/python3.8/site-packages/airflow/example_dags/example_dynamic_task_mapping_with_no_taskflow_operators.py for tasks to queue
[2023-10-08T00:43:54.016+0000] {logging_mixin.py:151} INFO - [2023-10-08T00:43:54.016+0000] {dagbag.py:539} INFO - Filling up the DagBag from /home/airflow/.local/lib/python3.8/site-packages/airflow/example_dags/example_dynamic_task_mapping_with_no_taskflow_operators.py
[2023-10-08T00:43:54.019+0000] {processor.py:839} INFO - DAG(s) dict_keys(['example_dynamic_task_mapping_with_no_taskflow_operators']) retrieved from /home/airflow/.local/lib/python3.8/site-packages/airflow/example_dags/example_dynamic_task_mapping_with_no_taskflow_operators.py
[2023-10-08T00:43:54.031+0000] {logging_mixin.py:151} INFO - [2023-10-08T00:43:54.031+0000] {dag.py:2907} INFO - Sync 1 DAGs
[2023-10-08T00:43:54.042+0000] {logging_mixin.py:151} INFO - [2023-10-08T00:43:54.042+0000] {dag.py:3677} INFO - Setting next_dagrun for example_dynamic_task_mapping_with_no_taskflow_operators to 2023-10-07T00:43:54.042259+00:00, run_after=2023-10-08T00:43:54.042259+00:00
[2023-10-08T00:43:54.053+0000] {processor.py:179} INFO - Processing /home/airflow/.local/lib/python3.8/site-packages/airflow/example_dags/example_dynamic_task_mapping_with_no_taskflow_operators.py took 0.041 seconds
[2023-10-08T00:44:24.476+0000] {processor.py:157} INFO - Started process (PID=90219) to work on /home/airflow/.local/lib/python3.8/site-packages/airflow/example_dags/example_dynamic_task_mapping_with_no_taskflow_operators.py
[2023-10-08T00:44:24.476+0000] {processor.py:829} INFO - Processing file /home/airflow/.local/lib/python3.8/site-packages/airflow/example_dags/example_dynamic_task_mapping_with_no_taskflow_operators.py for tasks to queue
[2023-10-08T00:44:24.477+0000] {logging_mixin.py:151} INFO - [2023-10-08T00:44:24.477+0000] {dagbag.py:539} INFO - Filling up the DagBag from /home/airflow/.local/lib/python3.8/site-packages/airflow/example_dags/example_dynamic_task_mapping_with_no_taskflow_operators.py
[2023-10-08T00:44:24.481+0000] {processor.py:839} INFO - DAG(s) dict_keys(['example_dynamic_task_mapping_with_no_taskflow_operators']) retrieved from /home/airflow/.local/lib/python3.8/site-packages/airflow/example_dags/example_dynamic_task_mapping_with_no_taskflow_operators.py
[2023-10-08T00:44:24.492+0000] {logging_mixin.py:151} INFO - [2023-10-08T00:44:24.492+0000] {dag.py:2907} INFO - Sync 1 DAGs
[2023-10-08T00:44:24.502+0000] {logging_mixin.py:151} INFO - [2023-10-08T00:44:24.502+0000] {dag.py:3677} INFO - Setting next_dagrun for example_dynamic_task_mapping_with_no_taskflow_operators to 2023-10-07T00:44:24.501898+00:00, run_after=2023-10-08T00:44:24.501898+00:00
[2023-10-08T00:44:24.512+0000] {processor.py:179} INFO - Processing /home/airflow/.local/lib/python3.8/site-packages/airflow/example_dags/example_dynamic_task_mapping_with_no_taskflow_operators.py took 0.038 seconds
[2023-10-08T00:44:56.207+0000] {processor.py:157} INFO - Started process (PID=90270) to work on /home/airflow/.local/lib/python3.8/site-packages/airflow/example_dags/example_dynamic_task_mapping_with_no_taskflow_operators.py
[2023-10-08T00:44:56.208+0000] {processor.py:829} INFO - Processing file /home/airflow/.local/lib/python3.8/site-packages/airflow/example_dags/example_dynamic_task_mapping_with_no_taskflow_operators.py for tasks to queue
[2023-10-08T00:44:56.209+0000] {logging_mixin.py:151} INFO - [2023-10-08T00:44:56.209+0000] {dagbag.py:539} INFO - Filling up the DagBag from /home/airflow/.local/lib/python3.8/site-packages/airflow/example_dags/example_dynamic_task_mapping_with_no_taskflow_operators.py
[2023-10-08T00:44:56.213+0000] {processor.py:839} INFO - DAG(s) dict_keys(['example_dynamic_task_mapping_with_no_taskflow_operators']) retrieved from /home/airflow/.local/lib/python3.8/site-packages/airflow/example_dags/example_dynamic_task_mapping_with_no_taskflow_operators.py
[2023-10-08T00:44:56.232+0000] {logging_mixin.py:151} INFO - [2023-10-08T00:44:56.232+0000] {dag.py:2907} INFO - Sync 1 DAGs
[2023-10-08T00:44:56.242+0000] {logging_mixin.py:151} INFO - [2023-10-08T00:44:56.242+0000] {dag.py:3677} INFO - Setting next_dagrun for example_dynamic_task_mapping_with_no_taskflow_operators to 2023-10-07T00:44:56.242613+00:00, run_after=2023-10-08T00:44:56.242613+00:00
[2023-10-08T00:44:56.252+0000] {processor.py:179} INFO - Processing /home/airflow/.local/lib/python3.8/site-packages/airflow/example_dags/example_dynamic_task_mapping_with_no_taskflow_operators.py took 0.047 seconds
[2023-10-08T00:45:27.002+0000] {processor.py:157} INFO - Started process (PID=90321) to work on /home/airflow/.local/lib/python3.8/site-packages/airflow/example_dags/example_dynamic_task_mapping_with_no_taskflow_operators.py
[2023-10-08T00:45:27.003+0000] {processor.py:829} INFO - Processing file /home/airflow/.local/lib/python3.8/site-packages/airflow/example_dags/example_dynamic_task_mapping_with_no_taskflow_operators.py for tasks to queue
[2023-10-08T00:45:27.003+0000] {logging_mixin.py:151} INFO - [2023-10-08T00:45:27.003+0000] {dagbag.py:539} INFO - Filling up the DagBag from /home/airflow/.local/lib/python3.8/site-packages/airflow/example_dags/example_dynamic_task_mapping_with_no_taskflow_operators.py
[2023-10-08T00:45:27.007+0000] {processor.py:839} INFO - DAG(s) dict_keys(['example_dynamic_task_mapping_with_no_taskflow_operators']) retrieved from /home/airflow/.local/lib/python3.8/site-packages/airflow/example_dags/example_dynamic_task_mapping_with_no_taskflow_operators.py
[2023-10-08T00:45:27.019+0000] {logging_mixin.py:151} INFO - [2023-10-08T00:45:27.019+0000] {dag.py:2907} INFO - Sync 1 DAGs
[2023-10-08T00:45:27.031+0000] {logging_mixin.py:151} INFO - [2023-10-08T00:45:27.031+0000] {dag.py:3677} INFO - Setting next_dagrun for example_dynamic_task_mapping_with_no_taskflow_operators to 2023-10-07T00:45:27.031284+00:00, run_after=2023-10-08T00:45:27.031284+00:00
[2023-10-08T00:45:27.042+0000] {processor.py:179} INFO - Processing /home/airflow/.local/lib/python3.8/site-packages/airflow/example_dags/example_dynamic_task_mapping_with_no_taskflow_operators.py took 0.042 seconds
[2023-10-08T00:45:57.794+0000] {processor.py:157} INFO - Started process (PID=90372) to work on /home/airflow/.local/lib/python3.8/site-packages/airflow/example_dags/example_dynamic_task_mapping_with_no_taskflow_operators.py
[2023-10-08T00:45:57.795+0000] {processor.py:829} INFO - Processing file /home/airflow/.local/lib/python3.8/site-packages/airflow/example_dags/example_dynamic_task_mapping_with_no_taskflow_operators.py for tasks to queue
[2023-10-08T00:45:57.795+0000] {logging_mixin.py:151} INFO - [2023-10-08T00:45:57.795+0000] {dagbag.py:539} INFO - Filling up the DagBag from /home/airflow/.local/lib/python3.8/site-packages/airflow/example_dags/example_dynamic_task_mapping_with_no_taskflow_operators.py
[2023-10-08T00:45:57.799+0000] {processor.py:839} INFO - DAG(s) dict_keys(['example_dynamic_task_mapping_with_no_taskflow_operators']) retrieved from /home/airflow/.local/lib/python3.8/site-packages/airflow/example_dags/example_dynamic_task_mapping_with_no_taskflow_operators.py
[2023-10-08T00:45:57.810+0000] {logging_mixin.py:151} INFO - [2023-10-08T00:45:57.810+0000] {dag.py:2907} INFO - Sync 1 DAGs
[2023-10-08T00:45:57.824+0000] {logging_mixin.py:151} INFO - [2023-10-08T00:45:57.824+0000] {dag.py:3677} INFO - Setting next_dagrun for example_dynamic_task_mapping_with_no_taskflow_operators to 2023-10-07T00:45:57.823871+00:00, run_after=2023-10-08T00:45:57.823871+00:00
[2023-10-08T00:45:57.834+0000] {processor.py:179} INFO - Processing /home/airflow/.local/lib/python3.8/site-packages/airflow/example_dags/example_dynamic_task_mapping_with_no_taskflow_operators.py took 0.042 seconds
[2023-10-08T00:46:28.266+0000] {processor.py:157} INFO - Started process (PID=90423) to work on /home/airflow/.local/lib/python3.8/site-packages/airflow/example_dags/example_dynamic_task_mapping_with_no_taskflow_operators.py
[2023-10-08T00:46:28.267+0000] {processor.py:829} INFO - Processing file /home/airflow/.local/lib/python3.8/site-packages/airflow/example_dags/example_dynamic_task_mapping_with_no_taskflow_operators.py for tasks to queue
[2023-10-08T00:46:28.268+0000] {logging_mixin.py:151} INFO - [2023-10-08T00:46:28.267+0000] {dagbag.py:539} INFO - Filling up the DagBag from /home/airflow/.local/lib/python3.8/site-packages/airflow/example_dags/example_dynamic_task_mapping_with_no_taskflow_operators.py
[2023-10-08T00:46:28.272+0000] {processor.py:839} INFO - DAG(s) dict_keys(['example_dynamic_task_mapping_with_no_taskflow_operators']) retrieved from /home/airflow/.local/lib/python3.8/site-packages/airflow/example_dags/example_dynamic_task_mapping_with_no_taskflow_operators.py
[2023-10-08T00:46:28.285+0000] {logging_mixin.py:151} INFO - [2023-10-08T00:46:28.285+0000] {dag.py:2907} INFO - Sync 1 DAGs
[2023-10-08T00:46:28.294+0000] {logging_mixin.py:151} INFO - [2023-10-08T00:46:28.294+0000] {dag.py:3677} INFO - Setting next_dagrun for example_dynamic_task_mapping_with_no_taskflow_operators to 2023-10-07T00:46:28.294754+00:00, run_after=2023-10-08T00:46:28.294754+00:00
[2023-10-08T00:46:28.305+0000] {processor.py:179} INFO - Processing /home/airflow/.local/lib/python3.8/site-packages/airflow/example_dags/example_dynamic_task_mapping_with_no_taskflow_operators.py took 0.041 seconds
[2023-10-08T00:46:59.166+0000] {processor.py:157} INFO - Started process (PID=90474) to work on /home/airflow/.local/lib/python3.8/site-packages/airflow/example_dags/example_dynamic_task_mapping_with_no_taskflow_operators.py
[2023-10-08T00:46:59.167+0000] {processor.py:829} INFO - Processing file /home/airflow/.local/lib/python3.8/site-packages/airflow/example_dags/example_dynamic_task_mapping_with_no_taskflow_operators.py for tasks to queue
[2023-10-08T00:46:59.167+0000] {logging_mixin.py:151} INFO - [2023-10-08T00:46:59.167+0000] {dagbag.py:539} INFO - Filling up the DagBag from /home/airflow/.local/lib/python3.8/site-packages/airflow/example_dags/example_dynamic_task_mapping_with_no_taskflow_operators.py
[2023-10-08T00:46:59.171+0000] {processor.py:839} INFO - DAG(s) dict_keys(['example_dynamic_task_mapping_with_no_taskflow_operators']) retrieved from /home/airflow/.local/lib/python3.8/site-packages/airflow/example_dags/example_dynamic_task_mapping_with_no_taskflow_operators.py
[2023-10-08T00:46:59.182+0000] {logging_mixin.py:151} INFO - [2023-10-08T00:46:59.182+0000] {dag.py:2907} INFO - Sync 1 DAGs
[2023-10-08T00:46:59.192+0000] {logging_mixin.py:151} INFO - [2023-10-08T00:46:59.192+0000] {dag.py:3677} INFO - Setting next_dagrun for example_dynamic_task_mapping_with_no_taskflow_operators to 2023-10-07T00:46:59.192187+00:00, run_after=2023-10-08T00:46:59.192187+00:00
[2023-10-08T00:46:59.203+0000] {processor.py:179} INFO - Processing /home/airflow/.local/lib/python3.8/site-packages/airflow/example_dags/example_dynamic_task_mapping_with_no_taskflow_operators.py took 0.039 seconds
[2023-10-08T00:47:29.827+0000] {processor.py:157} INFO - Started process (PID=90525) to work on /home/airflow/.local/lib/python3.8/site-packages/airflow/example_dags/example_dynamic_task_mapping_with_no_taskflow_operators.py
[2023-10-08T00:47:29.828+0000] {processor.py:829} INFO - Processing file /home/airflow/.local/lib/python3.8/site-packages/airflow/example_dags/example_dynamic_task_mapping_with_no_taskflow_operators.py for tasks to queue
[2023-10-08T00:47:29.828+0000] {logging_mixin.py:151} INFO - [2023-10-08T00:47:29.828+0000] {dagbag.py:539} INFO - Filling up the DagBag from /home/airflow/.local/lib/python3.8/site-packages/airflow/example_dags/example_dynamic_task_mapping_with_no_taskflow_operators.py
[2023-10-08T00:47:29.832+0000] {processor.py:839} INFO - DAG(s) dict_keys(['example_dynamic_task_mapping_with_no_taskflow_operators']) retrieved from /home/airflow/.local/lib/python3.8/site-packages/airflow/example_dags/example_dynamic_task_mapping_with_no_taskflow_operators.py
[2023-10-08T00:47:29.847+0000] {logging_mixin.py:151} INFO - [2023-10-08T00:47:29.847+0000] {dag.py:2907} INFO - Sync 1 DAGs
[2023-10-08T00:47:29.857+0000] {logging_mixin.py:151} INFO - [2023-10-08T00:47:29.857+0000] {dag.py:3677} INFO - Setting next_dagrun for example_dynamic_task_mapping_with_no_taskflow_operators to 2023-10-07T00:47:29.856895+00:00, run_after=2023-10-08T00:47:29.856895+00:00
[2023-10-08T00:47:29.868+0000] {processor.py:179} INFO - Processing /home/airflow/.local/lib/python3.8/site-packages/airflow/example_dags/example_dynamic_task_mapping_with_no_taskflow_operators.py took 0.043 seconds
[2023-10-08T00:48:00.709+0000] {processor.py:157} INFO - Started process (PID=90576) to work on /home/airflow/.local/lib/python3.8/site-packages/airflow/example_dags/example_dynamic_task_mapping_with_no_taskflow_operators.py
[2023-10-08T00:48:00.709+0000] {processor.py:829} INFO - Processing file /home/airflow/.local/lib/python3.8/site-packages/airflow/example_dags/example_dynamic_task_mapping_with_no_taskflow_operators.py for tasks to queue
[2023-10-08T00:48:00.710+0000] {logging_mixin.py:151} INFO - [2023-10-08T00:48:00.710+0000] {dagbag.py:539} INFO - Filling up the DagBag from /home/airflow/.local/lib/python3.8/site-packages/airflow/example_dags/example_dynamic_task_mapping_with_no_taskflow_operators.py
[2023-10-08T00:48:00.715+0000] {processor.py:839} INFO - DAG(s) dict_keys(['example_dynamic_task_mapping_with_no_taskflow_operators']) retrieved from /home/airflow/.local/lib/python3.8/site-packages/airflow/example_dags/example_dynamic_task_mapping_with_no_taskflow_operators.py
[2023-10-08T00:48:00.728+0000] {logging_mixin.py:151} INFO - [2023-10-08T00:48:00.728+0000] {dag.py:2907} INFO - Sync 1 DAGs
[2023-10-08T00:48:00.738+0000] {logging_mixin.py:151} INFO - [2023-10-08T00:48:00.737+0000] {dag.py:3677} INFO - Setting next_dagrun for example_dynamic_task_mapping_with_no_taskflow_operators to 2023-10-07T00:48:00.737828+00:00, run_after=2023-10-08T00:48:00.737828+00:00
[2023-10-08T00:48:00.748+0000] {processor.py:179} INFO - Processing /home/airflow/.local/lib/python3.8/site-packages/airflow/example_dags/example_dynamic_task_mapping_with_no_taskflow_operators.py took 0.042 seconds
[2023-10-08T00:48:31.356+0000] {processor.py:157} INFO - Started process (PID=90627) to work on /home/airflow/.local/lib/python3.8/site-packages/airflow/example_dags/example_dynamic_task_mapping_with_no_taskflow_operators.py
[2023-10-08T00:48:31.357+0000] {processor.py:829} INFO - Processing file /home/airflow/.local/lib/python3.8/site-packages/airflow/example_dags/example_dynamic_task_mapping_with_no_taskflow_operators.py for tasks to queue
[2023-10-08T00:48:31.358+0000] {logging_mixin.py:151} INFO - [2023-10-08T00:48:31.357+0000] {dagbag.py:539} INFO - Filling up the DagBag from /home/airflow/.local/lib/python3.8/site-packages/airflow/example_dags/example_dynamic_task_mapping_with_no_taskflow_operators.py
[2023-10-08T00:48:31.361+0000] {processor.py:839} INFO - DAG(s) dict_keys(['example_dynamic_task_mapping_with_no_taskflow_operators']) retrieved from /home/airflow/.local/lib/python3.8/site-packages/airflow/example_dags/example_dynamic_task_mapping_with_no_taskflow_operators.py
[2023-10-08T00:48:31.374+0000] {logging_mixin.py:151} INFO - [2023-10-08T00:48:31.373+0000] {dag.py:2907} INFO - Sync 1 DAGs
[2023-10-08T00:48:31.383+0000] {logging_mixin.py:151} INFO - [2023-10-08T00:48:31.383+0000] {dag.py:3677} INFO - Setting next_dagrun for example_dynamic_task_mapping_with_no_taskflow_operators to 2023-10-07T00:48:31.383355+00:00, run_after=2023-10-08T00:48:31.383355+00:00
[2023-10-08T00:48:31.394+0000] {processor.py:179} INFO - Processing /home/airflow/.local/lib/python3.8/site-packages/airflow/example_dags/example_dynamic_task_mapping_with_no_taskflow_operators.py took 0.040 seconds
[2023-10-08T00:49:02.184+0000] {processor.py:157} INFO - Started process (PID=90678) to work on /home/airflow/.local/lib/python3.8/site-packages/airflow/example_dags/example_dynamic_task_mapping_with_no_taskflow_operators.py
[2023-10-08T00:49:02.185+0000] {processor.py:829} INFO - Processing file /home/airflow/.local/lib/python3.8/site-packages/airflow/example_dags/example_dynamic_task_mapping_with_no_taskflow_operators.py for tasks to queue
[2023-10-08T00:49:02.186+0000] {logging_mixin.py:151} INFO - [2023-10-08T00:49:02.185+0000] {dagbag.py:539} INFO - Filling up the DagBag from /home/airflow/.local/lib/python3.8/site-packages/airflow/example_dags/example_dynamic_task_mapping_with_no_taskflow_operators.py
[2023-10-08T00:49:02.189+0000] {processor.py:839} INFO - DAG(s) dict_keys(['example_dynamic_task_mapping_with_no_taskflow_operators']) retrieved from /home/airflow/.local/lib/python3.8/site-packages/airflow/example_dags/example_dynamic_task_mapping_with_no_taskflow_operators.py
[2023-10-08T00:49:02.201+0000] {logging_mixin.py:151} INFO - [2023-10-08T00:49:02.201+0000] {dag.py:2907} INFO - Sync 1 DAGs
[2023-10-08T00:49:02.212+0000] {logging_mixin.py:151} INFO - [2023-10-08T00:49:02.212+0000] {dag.py:3677} INFO - Setting next_dagrun for example_dynamic_task_mapping_with_no_taskflow_operators to 2023-10-07T00:49:02.212003+00:00, run_after=2023-10-08T00:49:02.212003+00:00
[2023-10-08T00:49:02.223+0000] {processor.py:179} INFO - Processing /home/airflow/.local/lib/python3.8/site-packages/airflow/example_dags/example_dynamic_task_mapping_with_no_taskflow_operators.py took 0.040 seconds
[2023-10-08T00:49:33.191+0000] {processor.py:157} INFO - Started process (PID=90729) to work on /home/airflow/.local/lib/python3.8/site-packages/airflow/example_dags/example_dynamic_task_mapping_with_no_taskflow_operators.py
[2023-10-08T00:49:33.191+0000] {processor.py:829} INFO - Processing file /home/airflow/.local/lib/python3.8/site-packages/airflow/example_dags/example_dynamic_task_mapping_with_no_taskflow_operators.py for tasks to queue
[2023-10-08T00:49:33.192+0000] {logging_mixin.py:151} INFO - [2023-10-08T00:49:33.192+0000] {dagbag.py:539} INFO - Filling up the DagBag from /home/airflow/.local/lib/python3.8/site-packages/airflow/example_dags/example_dynamic_task_mapping_with_no_taskflow_operators.py
[2023-10-08T00:49:33.196+0000] {processor.py:839} INFO - DAG(s) dict_keys(['example_dynamic_task_mapping_with_no_taskflow_operators']) retrieved from /home/airflow/.local/lib/python3.8/site-packages/airflow/example_dags/example_dynamic_task_mapping_with_no_taskflow_operators.py
[2023-10-08T00:49:33.211+0000] {logging_mixin.py:151} INFO - [2023-10-08T00:49:33.211+0000] {dag.py:2907} INFO - Sync 1 DAGs
[2023-10-08T00:49:33.221+0000] {logging_mixin.py:151} INFO - [2023-10-08T00:49:33.220+0000] {dag.py:3677} INFO - Setting next_dagrun for example_dynamic_task_mapping_with_no_taskflow_operators to 2023-10-07T00:49:33.220795+00:00, run_after=2023-10-08T00:49:33.220795+00:00
[2023-10-08T00:49:33.231+0000] {processor.py:179} INFO - Processing /home/airflow/.local/lib/python3.8/site-packages/airflow/example_dags/example_dynamic_task_mapping_with_no_taskflow_operators.py took 0.043 seconds
[2023-10-08T00:50:03.932+0000] {processor.py:157} INFO - Started process (PID=90780) to work on /home/airflow/.local/lib/python3.8/site-packages/airflow/example_dags/example_dynamic_task_mapping_with_no_taskflow_operators.py
[2023-10-08T00:50:03.933+0000] {processor.py:829} INFO - Processing file /home/airflow/.local/lib/python3.8/site-packages/airflow/example_dags/example_dynamic_task_mapping_with_no_taskflow_operators.py for tasks to queue
[2023-10-08T00:50:03.934+0000] {logging_mixin.py:151} INFO - [2023-10-08T00:50:03.934+0000] {dagbag.py:539} INFO - Filling up the DagBag from /home/airflow/.local/lib/python3.8/site-packages/airflow/example_dags/example_dynamic_task_mapping_with_no_taskflow_operators.py
[2023-10-08T00:50:03.938+0000] {processor.py:839} INFO - DAG(s) dict_keys(['example_dynamic_task_mapping_with_no_taskflow_operators']) retrieved from /home/airflow/.local/lib/python3.8/site-packages/airflow/example_dags/example_dynamic_task_mapping_with_no_taskflow_operators.py
[2023-10-08T00:50:03.949+0000] {logging_mixin.py:151} INFO - [2023-10-08T00:50:03.949+0000] {dag.py:2907} INFO - Sync 1 DAGs
[2023-10-08T00:50:03.961+0000] {logging_mixin.py:151} INFO - [2023-10-08T00:50:03.961+0000] {dag.py:3677} INFO - Setting next_dagrun for example_dynamic_task_mapping_with_no_taskflow_operators to 2023-10-07T00:50:03.961181+00:00, run_after=2023-10-08T00:50:03.961181+00:00
[2023-10-08T00:50:03.972+0000] {processor.py:179} INFO - Processing /home/airflow/.local/lib/python3.8/site-packages/airflow/example_dags/example_dynamic_task_mapping_with_no_taskflow_operators.py took 0.042 seconds
[2023-10-08T00:50:34.470+0000] {processor.py:157} INFO - Started process (PID=90831) to work on /home/airflow/.local/lib/python3.8/site-packages/airflow/example_dags/example_dynamic_task_mapping_with_no_taskflow_operators.py
[2023-10-08T00:50:34.470+0000] {processor.py:829} INFO - Processing file /home/airflow/.local/lib/python3.8/site-packages/airflow/example_dags/example_dynamic_task_mapping_with_no_taskflow_operators.py for tasks to queue
[2023-10-08T00:50:34.471+0000] {logging_mixin.py:151} INFO - [2023-10-08T00:50:34.471+0000] {dagbag.py:539} INFO - Filling up the DagBag from /home/airflow/.local/lib/python3.8/site-packages/airflow/example_dags/example_dynamic_task_mapping_with_no_taskflow_operators.py
[2023-10-08T00:50:34.475+0000] {processor.py:839} INFO - DAG(s) dict_keys(['example_dynamic_task_mapping_with_no_taskflow_operators']) retrieved from /home/airflow/.local/lib/python3.8/site-packages/airflow/example_dags/example_dynamic_task_mapping_with_no_taskflow_operators.py
[2023-10-08T00:50:34.487+0000] {logging_mixin.py:151} INFO - [2023-10-08T00:50:34.487+0000] {dag.py:2907} INFO - Sync 1 DAGs
[2023-10-08T00:50:34.497+0000] {logging_mixin.py:151} INFO - [2023-10-08T00:50:34.496+0000] {dag.py:3677} INFO - Setting next_dagrun for example_dynamic_task_mapping_with_no_taskflow_operators to 2023-10-07T00:50:34.496808+00:00, run_after=2023-10-08T00:50:34.496808+00:00
[2023-10-08T00:50:34.507+0000] {processor.py:179} INFO - Processing /home/airflow/.local/lib/python3.8/site-packages/airflow/example_dags/example_dynamic_task_mapping_with_no_taskflow_operators.py took 0.039 seconds
[2023-10-08T00:51:05.316+0000] {processor.py:157} INFO - Started process (PID=90882) to work on /home/airflow/.local/lib/python3.8/site-packages/airflow/example_dags/example_dynamic_task_mapping_with_no_taskflow_operators.py
[2023-10-08T00:51:05.317+0000] {processor.py:829} INFO - Processing file /home/airflow/.local/lib/python3.8/site-packages/airflow/example_dags/example_dynamic_task_mapping_with_no_taskflow_operators.py for tasks to queue
[2023-10-08T00:51:05.317+0000] {logging_mixin.py:151} INFO - [2023-10-08T00:51:05.317+0000] {dagbag.py:539} INFO - Filling up the DagBag from /home/airflow/.local/lib/python3.8/site-packages/airflow/example_dags/example_dynamic_task_mapping_with_no_taskflow_operators.py
[2023-10-08T00:51:05.321+0000] {processor.py:839} INFO - DAG(s) dict_keys(['example_dynamic_task_mapping_with_no_taskflow_operators']) retrieved from /home/airflow/.local/lib/python3.8/site-packages/airflow/example_dags/example_dynamic_task_mapping_with_no_taskflow_operators.py
[2023-10-08T00:51:05.334+0000] {logging_mixin.py:151} INFO - [2023-10-08T00:51:05.334+0000] {dag.py:2907} INFO - Sync 1 DAGs
[2023-10-08T00:51:05.346+0000] {logging_mixin.py:151} INFO - [2023-10-08T00:51:05.346+0000] {dag.py:3677} INFO - Setting next_dagrun for example_dynamic_task_mapping_with_no_taskflow_operators to 2023-10-07T00:51:05.346514+00:00, run_after=2023-10-08T00:51:05.346514+00:00
[2023-10-08T00:51:05.358+0000] {processor.py:179} INFO - Processing /home/airflow/.local/lib/python3.8/site-packages/airflow/example_dags/example_dynamic_task_mapping_with_no_taskflow_operators.py took 0.045 seconds
[2023-10-08T00:51:35.856+0000] {processor.py:157} INFO - Started process (PID=90933) to work on /home/airflow/.local/lib/python3.8/site-packages/airflow/example_dags/example_dynamic_task_mapping_with_no_taskflow_operators.py
[2023-10-08T00:51:35.856+0000] {processor.py:829} INFO - Processing file /home/airflow/.local/lib/python3.8/site-packages/airflow/example_dags/example_dynamic_task_mapping_with_no_taskflow_operators.py for tasks to queue
[2023-10-08T00:51:35.857+0000] {logging_mixin.py:151} INFO - [2023-10-08T00:51:35.857+0000] {dagbag.py:539} INFO - Filling up the DagBag from /home/airflow/.local/lib/python3.8/site-packages/airflow/example_dags/example_dynamic_task_mapping_with_no_taskflow_operators.py
[2023-10-08T00:51:35.861+0000] {processor.py:839} INFO - DAG(s) dict_keys(['example_dynamic_task_mapping_with_no_taskflow_operators']) retrieved from /home/airflow/.local/lib/python3.8/site-packages/airflow/example_dags/example_dynamic_task_mapping_with_no_taskflow_operators.py
[2023-10-08T00:51:35.873+0000] {logging_mixin.py:151} INFO - [2023-10-08T00:51:35.873+0000] {dag.py:2907} INFO - Sync 1 DAGs
[2023-10-08T00:51:35.883+0000] {logging_mixin.py:151} INFO - [2023-10-08T00:51:35.883+0000] {dag.py:3677} INFO - Setting next_dagrun for example_dynamic_task_mapping_with_no_taskflow_operators to 2023-10-07T00:51:35.882877+00:00, run_after=2023-10-08T00:51:35.882877+00:00
[2023-10-08T00:51:35.894+0000] {processor.py:179} INFO - Processing /home/airflow/.local/lib/python3.8/site-packages/airflow/example_dags/example_dynamic_task_mapping_with_no_taskflow_operators.py took 0.040 seconds
[2023-10-08T00:52:06.584+0000] {processor.py:157} INFO - Started process (PID=90984) to work on /home/airflow/.local/lib/python3.8/site-packages/airflow/example_dags/example_dynamic_task_mapping_with_no_taskflow_operators.py
[2023-10-08T00:52:06.584+0000] {processor.py:829} INFO - Processing file /home/airflow/.local/lib/python3.8/site-packages/airflow/example_dags/example_dynamic_task_mapping_with_no_taskflow_operators.py for tasks to queue
[2023-10-08T00:52:06.585+0000] {logging_mixin.py:151} INFO - [2023-10-08T00:52:06.585+0000] {dagbag.py:539} INFO - Filling up the DagBag from /home/airflow/.local/lib/python3.8/site-packages/airflow/example_dags/example_dynamic_task_mapping_with_no_taskflow_operators.py
[2023-10-08T00:52:06.589+0000] {processor.py:839} INFO - DAG(s) dict_keys(['example_dynamic_task_mapping_with_no_taskflow_operators']) retrieved from /home/airflow/.local/lib/python3.8/site-packages/airflow/example_dags/example_dynamic_task_mapping_with_no_taskflow_operators.py
[2023-10-08T00:52:06.601+0000] {logging_mixin.py:151} INFO - [2023-10-08T00:52:06.601+0000] {dag.py:2907} INFO - Sync 1 DAGs
[2023-10-08T00:52:06.611+0000] {logging_mixin.py:151} INFO - [2023-10-08T00:52:06.611+0000] {dag.py:3677} INFO - Setting next_dagrun for example_dynamic_task_mapping_with_no_taskflow_operators to 2023-10-07T00:52:06.611543+00:00, run_after=2023-10-08T00:52:06.611543+00:00
[2023-10-08T00:52:06.623+0000] {processor.py:179} INFO - Processing /home/airflow/.local/lib/python3.8/site-packages/airflow/example_dags/example_dynamic_task_mapping_with_no_taskflow_operators.py took 0.041 seconds
[2023-10-08T00:52:37.042+0000] {processor.py:157} INFO - Started process (PID=91035) to work on /home/airflow/.local/lib/python3.8/site-packages/airflow/example_dags/example_dynamic_task_mapping_with_no_taskflow_operators.py
[2023-10-08T00:52:37.042+0000] {processor.py:829} INFO - Processing file /home/airflow/.local/lib/python3.8/site-packages/airflow/example_dags/example_dynamic_task_mapping_with_no_taskflow_operators.py for tasks to queue
[2023-10-08T00:52:37.043+0000] {logging_mixin.py:151} INFO - [2023-10-08T00:52:37.043+0000] {dagbag.py:539} INFO - Filling up the DagBag from /home/airflow/.local/lib/python3.8/site-packages/airflow/example_dags/example_dynamic_task_mapping_with_no_taskflow_operators.py
[2023-10-08T00:52:37.047+0000] {processor.py:839} INFO - DAG(s) dict_keys(['example_dynamic_task_mapping_with_no_taskflow_operators']) retrieved from /home/airflow/.local/lib/python3.8/site-packages/airflow/example_dags/example_dynamic_task_mapping_with_no_taskflow_operators.py
[2023-10-08T00:52:37.060+0000] {logging_mixin.py:151} INFO - [2023-10-08T00:52:37.060+0000] {dag.py:2907} INFO - Sync 1 DAGs
[2023-10-08T00:52:37.069+0000] {logging_mixin.py:151} INFO - [2023-10-08T00:52:37.069+0000] {dag.py:3677} INFO - Setting next_dagrun for example_dynamic_task_mapping_with_no_taskflow_operators to 2023-10-07T00:52:37.069102+00:00, run_after=2023-10-08T00:52:37.069102+00:00
[2023-10-08T00:52:37.079+0000] {processor.py:179} INFO - Processing /home/airflow/.local/lib/python3.8/site-packages/airflow/example_dags/example_dynamic_task_mapping_with_no_taskflow_operators.py took 0.040 seconds
[2023-10-08T00:53:07.751+0000] {processor.py:157} INFO - Started process (PID=91086) to work on /home/airflow/.local/lib/python3.8/site-packages/airflow/example_dags/example_dynamic_task_mapping_with_no_taskflow_operators.py
[2023-10-08T00:53:07.752+0000] {processor.py:829} INFO - Processing file /home/airflow/.local/lib/python3.8/site-packages/airflow/example_dags/example_dynamic_task_mapping_with_no_taskflow_operators.py for tasks to queue
[2023-10-08T00:53:07.752+0000] {logging_mixin.py:151} INFO - [2023-10-08T00:53:07.752+0000] {dagbag.py:539} INFO - Filling up the DagBag from /home/airflow/.local/lib/python3.8/site-packages/airflow/example_dags/example_dynamic_task_mapping_with_no_taskflow_operators.py
[2023-10-08T00:53:07.756+0000] {processor.py:839} INFO - DAG(s) dict_keys(['example_dynamic_task_mapping_with_no_taskflow_operators']) retrieved from /home/airflow/.local/lib/python3.8/site-packages/airflow/example_dags/example_dynamic_task_mapping_with_no_taskflow_operators.py
[2023-10-08T00:53:07.769+0000] {logging_mixin.py:151} INFO - [2023-10-08T00:53:07.769+0000] {dag.py:2907} INFO - Sync 1 DAGs
[2023-10-08T00:53:07.779+0000] {logging_mixin.py:151} INFO - [2023-10-08T00:53:07.779+0000] {dag.py:3677} INFO - Setting next_dagrun for example_dynamic_task_mapping_with_no_taskflow_operators to 2023-10-07T00:53:07.779119+00:00, run_after=2023-10-08T00:53:07.779119+00:00
[2023-10-08T00:53:07.790+0000] {processor.py:179} INFO - Processing /home/airflow/.local/lib/python3.8/site-packages/airflow/example_dags/example_dynamic_task_mapping_with_no_taskflow_operators.py took 0.041 seconds
[2023-10-08T00:53:38.322+0000] {processor.py:157} INFO - Started process (PID=91137) to work on /home/airflow/.local/lib/python3.8/site-packages/airflow/example_dags/example_dynamic_task_mapping_with_no_taskflow_operators.py
[2023-10-08T00:53:38.323+0000] {processor.py:829} INFO - Processing file /home/airflow/.local/lib/python3.8/site-packages/airflow/example_dags/example_dynamic_task_mapping_with_no_taskflow_operators.py for tasks to queue
[2023-10-08T00:53:38.324+0000] {logging_mixin.py:151} INFO - [2023-10-08T00:53:38.323+0000] {dagbag.py:539} INFO - Filling up the DagBag from /home/airflow/.local/lib/python3.8/site-packages/airflow/example_dags/example_dynamic_task_mapping_with_no_taskflow_operators.py
[2023-10-08T00:53:38.328+0000] {processor.py:839} INFO - DAG(s) dict_keys(['example_dynamic_task_mapping_with_no_taskflow_operators']) retrieved from /home/airflow/.local/lib/python3.8/site-packages/airflow/example_dags/example_dynamic_task_mapping_with_no_taskflow_operators.py
[2023-10-08T00:53:38.339+0000] {logging_mixin.py:151} INFO - [2023-10-08T00:53:38.339+0000] {dag.py:2907} INFO - Sync 1 DAGs
[2023-10-08T00:53:38.349+0000] {logging_mixin.py:151} INFO - [2023-10-08T00:53:38.349+0000] {dag.py:3677} INFO - Setting next_dagrun for example_dynamic_task_mapping_with_no_taskflow_operators to 2023-10-07T00:53:38.349375+00:00, run_after=2023-10-08T00:53:38.349375+00:00
[2023-10-08T00:53:38.360+0000] {processor.py:179} INFO - Processing /home/airflow/.local/lib/python3.8/site-packages/airflow/example_dags/example_dynamic_task_mapping_with_no_taskflow_operators.py took 0.040 seconds
[2023-10-08T00:54:09.226+0000] {processor.py:157} INFO - Started process (PID=91188) to work on /home/airflow/.local/lib/python3.8/site-packages/airflow/example_dags/example_dynamic_task_mapping_with_no_taskflow_operators.py
[2023-10-08T00:54:09.226+0000] {processor.py:829} INFO - Processing file /home/airflow/.local/lib/python3.8/site-packages/airflow/example_dags/example_dynamic_task_mapping_with_no_taskflow_operators.py for tasks to queue
[2023-10-08T00:54:09.227+0000] {logging_mixin.py:151} INFO - [2023-10-08T00:54:09.227+0000] {dagbag.py:539} INFO - Filling up the DagBag from /home/airflow/.local/lib/python3.8/site-packages/airflow/example_dags/example_dynamic_task_mapping_with_no_taskflow_operators.py
[2023-10-08T00:54:09.231+0000] {processor.py:839} INFO - DAG(s) dict_keys(['example_dynamic_task_mapping_with_no_taskflow_operators']) retrieved from /home/airflow/.local/lib/python3.8/site-packages/airflow/example_dags/example_dynamic_task_mapping_with_no_taskflow_operators.py
[2023-10-08T00:54:09.242+0000] {logging_mixin.py:151} INFO - [2023-10-08T00:54:09.242+0000] {dag.py:2907} INFO - Sync 1 DAGs
[2023-10-08T00:54:09.252+0000] {logging_mixin.py:151} INFO - [2023-10-08T00:54:09.252+0000] {dag.py:3677} INFO - Setting next_dagrun for example_dynamic_task_mapping_with_no_taskflow_operators to 2023-10-07T00:54:09.252677+00:00, run_after=2023-10-08T00:54:09.252677+00:00
[2023-10-08T00:54:09.263+0000] {processor.py:179} INFO - Processing /home/airflow/.local/lib/python3.8/site-packages/airflow/example_dags/example_dynamic_task_mapping_with_no_taskflow_operators.py took 0.040 seconds
[2023-10-08T00:54:39.803+0000] {processor.py:157} INFO - Started process (PID=91239) to work on /home/airflow/.local/lib/python3.8/site-packages/airflow/example_dags/example_dynamic_task_mapping_with_no_taskflow_operators.py
[2023-10-08T00:54:39.803+0000] {processor.py:829} INFO - Processing file /home/airflow/.local/lib/python3.8/site-packages/airflow/example_dags/example_dynamic_task_mapping_with_no_taskflow_operators.py for tasks to queue
[2023-10-08T00:54:39.804+0000] {logging_mixin.py:151} INFO - [2023-10-08T00:54:39.804+0000] {dagbag.py:539} INFO - Filling up the DagBag from /home/airflow/.local/lib/python3.8/site-packages/airflow/example_dags/example_dynamic_task_mapping_with_no_taskflow_operators.py
[2023-10-08T00:54:39.808+0000] {processor.py:839} INFO - DAG(s) dict_keys(['example_dynamic_task_mapping_with_no_taskflow_operators']) retrieved from /home/airflow/.local/lib/python3.8/site-packages/airflow/example_dags/example_dynamic_task_mapping_with_no_taskflow_operators.py
[2023-10-08T00:54:39.820+0000] {logging_mixin.py:151} INFO - [2023-10-08T00:54:39.820+0000] {dag.py:2907} INFO - Sync 1 DAGs
[2023-10-08T00:54:39.829+0000] {logging_mixin.py:151} INFO - [2023-10-08T00:54:39.829+0000] {dag.py:3677} INFO - Setting next_dagrun for example_dynamic_task_mapping_with_no_taskflow_operators to 2023-10-07T00:54:39.829561+00:00, run_after=2023-10-08T00:54:39.829561+00:00
[2023-10-08T00:54:39.840+0000] {processor.py:179} INFO - Processing /home/airflow/.local/lib/python3.8/site-packages/airflow/example_dags/example_dynamic_task_mapping_with_no_taskflow_operators.py took 0.039 seconds
[2023-10-08T00:55:10.750+0000] {processor.py:157} INFO - Started process (PID=91290) to work on /home/airflow/.local/lib/python3.8/site-packages/airflow/example_dags/example_dynamic_task_mapping_with_no_taskflow_operators.py
[2023-10-08T00:55:10.751+0000] {processor.py:829} INFO - Processing file /home/airflow/.local/lib/python3.8/site-packages/airflow/example_dags/example_dynamic_task_mapping_with_no_taskflow_operators.py for tasks to queue
[2023-10-08T00:55:10.751+0000] {logging_mixin.py:151} INFO - [2023-10-08T00:55:10.751+0000] {dagbag.py:539} INFO - Filling up the DagBag from /home/airflow/.local/lib/python3.8/site-packages/airflow/example_dags/example_dynamic_task_mapping_with_no_taskflow_operators.py
[2023-10-08T00:55:10.755+0000] {processor.py:839} INFO - DAG(s) dict_keys(['example_dynamic_task_mapping_with_no_taskflow_operators']) retrieved from /home/airflow/.local/lib/python3.8/site-packages/airflow/example_dags/example_dynamic_task_mapping_with_no_taskflow_operators.py
[2023-10-08T00:55:10.768+0000] {logging_mixin.py:151} INFO - [2023-10-08T00:55:10.768+0000] {dag.py:2907} INFO - Sync 1 DAGs
[2023-10-08T00:55:10.777+0000] {logging_mixin.py:151} INFO - [2023-10-08T00:55:10.777+0000] {dag.py:3677} INFO - Setting next_dagrun for example_dynamic_task_mapping_with_no_taskflow_operators to 2023-10-07T00:55:10.777567+00:00, run_after=2023-10-08T00:55:10.777567+00:00
[2023-10-08T00:55:10.787+0000] {processor.py:179} INFO - Processing /home/airflow/.local/lib/python3.8/site-packages/airflow/example_dags/example_dynamic_task_mapping_with_no_taskflow_operators.py took 0.039 seconds
[2023-10-08T00:55:41.084+0000] {processor.py:157} INFO - Started process (PID=91341) to work on /home/airflow/.local/lib/python3.8/site-packages/airflow/example_dags/example_dynamic_task_mapping_with_no_taskflow_operators.py
[2023-10-08T00:55:41.084+0000] {processor.py:829} INFO - Processing file /home/airflow/.local/lib/python3.8/site-packages/airflow/example_dags/example_dynamic_task_mapping_with_no_taskflow_operators.py for tasks to queue
[2023-10-08T00:55:41.085+0000] {logging_mixin.py:151} INFO - [2023-10-08T00:55:41.085+0000] {dagbag.py:539} INFO - Filling up the DagBag from /home/airflow/.local/lib/python3.8/site-packages/airflow/example_dags/example_dynamic_task_mapping_with_no_taskflow_operators.py
[2023-10-08T00:55:41.089+0000] {processor.py:839} INFO - DAG(s) dict_keys(['example_dynamic_task_mapping_with_no_taskflow_operators']) retrieved from /home/airflow/.local/lib/python3.8/site-packages/airflow/example_dags/example_dynamic_task_mapping_with_no_taskflow_operators.py
[2023-10-08T00:55:41.101+0000] {logging_mixin.py:151} INFO - [2023-10-08T00:55:41.101+0000] {dag.py:2907} INFO - Sync 1 DAGs
[2023-10-08T00:55:41.109+0000] {logging_mixin.py:151} INFO - [2023-10-08T00:55:41.109+0000] {dag.py:3677} INFO - Setting next_dagrun for example_dynamic_task_mapping_with_no_taskflow_operators to 2023-10-07T00:55:41.109511+00:00, run_after=2023-10-08T00:55:41.109511+00:00
[2023-10-08T00:55:41.120+0000] {processor.py:179} INFO - Processing /home/airflow/.local/lib/python3.8/site-packages/airflow/example_dags/example_dynamic_task_mapping_with_no_taskflow_operators.py took 0.038 seconds
[2023-10-08T00:56:11.793+0000] {processor.py:157} INFO - Started process (PID=91392) to work on /home/airflow/.local/lib/python3.8/site-packages/airflow/example_dags/example_dynamic_task_mapping_with_no_taskflow_operators.py
[2023-10-08T00:56:11.794+0000] {processor.py:829} INFO - Processing file /home/airflow/.local/lib/python3.8/site-packages/airflow/example_dags/example_dynamic_task_mapping_with_no_taskflow_operators.py for tasks to queue
[2023-10-08T00:56:11.795+0000] {logging_mixin.py:151} INFO - [2023-10-08T00:56:11.794+0000] {dagbag.py:539} INFO - Filling up the DagBag from /home/airflow/.local/lib/python3.8/site-packages/airflow/example_dags/example_dynamic_task_mapping_with_no_taskflow_operators.py
[2023-10-08T00:56:11.799+0000] {processor.py:839} INFO - DAG(s) dict_keys(['example_dynamic_task_mapping_with_no_taskflow_operators']) retrieved from /home/airflow/.local/lib/python3.8/site-packages/airflow/example_dags/example_dynamic_task_mapping_with_no_taskflow_operators.py
[2023-10-08T00:56:11.811+0000] {logging_mixin.py:151} INFO - [2023-10-08T00:56:11.811+0000] {dag.py:2907} INFO - Sync 1 DAGs
[2023-10-08T00:56:11.821+0000] {logging_mixin.py:151} INFO - [2023-10-08T00:56:11.821+0000] {dag.py:3677} INFO - Setting next_dagrun for example_dynamic_task_mapping_with_no_taskflow_operators to 2023-10-07T00:56:11.820841+00:00, run_after=2023-10-08T00:56:11.820841+00:00
[2023-10-08T00:56:11.831+0000] {processor.py:179} INFO - Processing /home/airflow/.local/lib/python3.8/site-packages/airflow/example_dags/example_dynamic_task_mapping_with_no_taskflow_operators.py took 0.040 seconds
[2023-10-08T00:56:42.778+0000] {processor.py:157} INFO - Started process (PID=91443) to work on /home/airflow/.local/lib/python3.8/site-packages/airflow/example_dags/example_dynamic_task_mapping_with_no_taskflow_operators.py
[2023-10-08T00:56:42.779+0000] {processor.py:829} INFO - Processing file /home/airflow/.local/lib/python3.8/site-packages/airflow/example_dags/example_dynamic_task_mapping_with_no_taskflow_operators.py for tasks to queue
[2023-10-08T00:56:42.780+0000] {logging_mixin.py:151} INFO - [2023-10-08T00:56:42.779+0000] {dagbag.py:539} INFO - Filling up the DagBag from /home/airflow/.local/lib/python3.8/site-packages/airflow/example_dags/example_dynamic_task_mapping_with_no_taskflow_operators.py
[2023-10-08T00:56:42.784+0000] {processor.py:839} INFO - DAG(s) dict_keys(['example_dynamic_task_mapping_with_no_taskflow_operators']) retrieved from /home/airflow/.local/lib/python3.8/site-packages/airflow/example_dags/example_dynamic_task_mapping_with_no_taskflow_operators.py
[2023-10-08T00:56:42.804+0000] {logging_mixin.py:151} INFO - [2023-10-08T00:56:42.804+0000] {dag.py:2907} INFO - Sync 1 DAGs
[2023-10-08T00:56:42.815+0000] {logging_mixin.py:151} INFO - [2023-10-08T00:56:42.815+0000] {dag.py:3677} INFO - Setting next_dagrun for example_dynamic_task_mapping_with_no_taskflow_operators to 2023-10-07T00:56:42.815096+00:00, run_after=2023-10-08T00:56:42.815096+00:00
[2023-10-08T00:56:42.826+0000] {processor.py:179} INFO - Processing /home/airflow/.local/lib/python3.8/site-packages/airflow/example_dags/example_dynamic_task_mapping_with_no_taskflow_operators.py took 0.050 seconds
[2023-10-08T00:57:13.534+0000] {processor.py:157} INFO - Started process (PID=91494) to work on /home/airflow/.local/lib/python3.8/site-packages/airflow/example_dags/example_dynamic_task_mapping_with_no_taskflow_operators.py
[2023-10-08T00:57:13.535+0000] {processor.py:829} INFO - Processing file /home/airflow/.local/lib/python3.8/site-packages/airflow/example_dags/example_dynamic_task_mapping_with_no_taskflow_operators.py for tasks to queue
[2023-10-08T00:57:13.535+0000] {logging_mixin.py:151} INFO - [2023-10-08T00:57:13.535+0000] {dagbag.py:539} INFO - Filling up the DagBag from /home/airflow/.local/lib/python3.8/site-packages/airflow/example_dags/example_dynamic_task_mapping_with_no_taskflow_operators.py
[2023-10-08T00:57:13.539+0000] {processor.py:839} INFO - DAG(s) dict_keys(['example_dynamic_task_mapping_with_no_taskflow_operators']) retrieved from /home/airflow/.local/lib/python3.8/site-packages/airflow/example_dags/example_dynamic_task_mapping_with_no_taskflow_operators.py
[2023-10-08T00:57:13.551+0000] {logging_mixin.py:151} INFO - [2023-10-08T00:57:13.551+0000] {dag.py:2907} INFO - Sync 1 DAGs
[2023-10-08T00:57:13.560+0000] {logging_mixin.py:151} INFO - [2023-10-08T00:57:13.560+0000] {dag.py:3677} INFO - Setting next_dagrun for example_dynamic_task_mapping_with_no_taskflow_operators to 2023-10-07T00:57:13.559921+00:00, run_after=2023-10-08T00:57:13.559921+00:00
[2023-10-08T00:57:13.570+0000] {processor.py:179} INFO - Processing /home/airflow/.local/lib/python3.8/site-packages/airflow/example_dags/example_dynamic_task_mapping_with_no_taskflow_operators.py took 0.038 seconds
[2023-10-08T00:57:43.817+0000] {processor.py:157} INFO - Started process (PID=91545) to work on /home/airflow/.local/lib/python3.8/site-packages/airflow/example_dags/example_dynamic_task_mapping_with_no_taskflow_operators.py
[2023-10-08T00:57:43.818+0000] {processor.py:829} INFO - Processing file /home/airflow/.local/lib/python3.8/site-packages/airflow/example_dags/example_dynamic_task_mapping_with_no_taskflow_operators.py for tasks to queue
[2023-10-08T00:57:43.819+0000] {logging_mixin.py:151} INFO - [2023-10-08T00:57:43.819+0000] {dagbag.py:539} INFO - Filling up the DagBag from /home/airflow/.local/lib/python3.8/site-packages/airflow/example_dags/example_dynamic_task_mapping_with_no_taskflow_operators.py
[2023-10-08T00:57:43.823+0000] {processor.py:839} INFO - DAG(s) dict_keys(['example_dynamic_task_mapping_with_no_taskflow_operators']) retrieved from /home/airflow/.local/lib/python3.8/site-packages/airflow/example_dags/example_dynamic_task_mapping_with_no_taskflow_operators.py
[2023-10-08T00:57:43.835+0000] {logging_mixin.py:151} INFO - [2023-10-08T00:57:43.835+0000] {dag.py:2907} INFO - Sync 1 DAGs
[2023-10-08T00:57:43.844+0000] {logging_mixin.py:151} INFO - [2023-10-08T00:57:43.844+0000] {dag.py:3677} INFO - Setting next_dagrun for example_dynamic_task_mapping_with_no_taskflow_operators to 2023-10-07T00:57:43.844450+00:00, run_after=2023-10-08T00:57:43.844450+00:00
[2023-10-08T00:57:43.859+0000] {processor.py:179} INFO - Processing /home/airflow/.local/lib/python3.8/site-packages/airflow/example_dags/example_dynamic_task_mapping_with_no_taskflow_operators.py took 0.044 seconds
[2023-10-08T00:58:14.782+0000] {processor.py:157} INFO - Started process (PID=91596) to work on /home/airflow/.local/lib/python3.8/site-packages/airflow/example_dags/example_dynamic_task_mapping_with_no_taskflow_operators.py
[2023-10-08T00:58:14.783+0000] {processor.py:829} INFO - Processing file /home/airflow/.local/lib/python3.8/site-packages/airflow/example_dags/example_dynamic_task_mapping_with_no_taskflow_operators.py for tasks to queue
[2023-10-08T00:58:14.783+0000] {logging_mixin.py:151} INFO - [2023-10-08T00:58:14.783+0000] {dagbag.py:539} INFO - Filling up the DagBag from /home/airflow/.local/lib/python3.8/site-packages/airflow/example_dags/example_dynamic_task_mapping_with_no_taskflow_operators.py
[2023-10-08T00:58:14.787+0000] {processor.py:839} INFO - DAG(s) dict_keys(['example_dynamic_task_mapping_with_no_taskflow_operators']) retrieved from /home/airflow/.local/lib/python3.8/site-packages/airflow/example_dags/example_dynamic_task_mapping_with_no_taskflow_operators.py
[2023-10-08T00:58:14.809+0000] {logging_mixin.py:151} INFO - [2023-10-08T00:58:14.809+0000] {dag.py:2907} INFO - Sync 1 DAGs
[2023-10-08T00:58:14.820+0000] {logging_mixin.py:151} INFO - [2023-10-08T00:58:14.820+0000] {dag.py:3677} INFO - Setting next_dagrun for example_dynamic_task_mapping_with_no_taskflow_operators to 2023-10-07T00:58:14.820234+00:00, run_after=2023-10-08T00:58:14.820234+00:00
[2023-10-08T00:58:14.831+0000] {processor.py:179} INFO - Processing /home/airflow/.local/lib/python3.8/site-packages/airflow/example_dags/example_dynamic_task_mapping_with_no_taskflow_operators.py took 0.052 seconds
[2023-10-08T01:14:39.672+0000] {processor.py:157} INFO - Started process (PID=91647) to work on /home/airflow/.local/lib/python3.8/site-packages/airflow/example_dags/example_dynamic_task_mapping_with_no_taskflow_operators.py
[2023-10-08T01:14:39.672+0000] {processor.py:829} INFO - Processing file /home/airflow/.local/lib/python3.8/site-packages/airflow/example_dags/example_dynamic_task_mapping_with_no_taskflow_operators.py for tasks to queue
[2023-10-08T01:14:39.673+0000] {logging_mixin.py:151} INFO - [2023-10-08T01:14:39.673+0000] {dagbag.py:539} INFO - Filling up the DagBag from /home/airflow/.local/lib/python3.8/site-packages/airflow/example_dags/example_dynamic_task_mapping_with_no_taskflow_operators.py
[2023-10-08T01:14:39.678+0000] {processor.py:839} INFO - DAG(s) dict_keys(['example_dynamic_task_mapping_with_no_taskflow_operators']) retrieved from /home/airflow/.local/lib/python3.8/site-packages/airflow/example_dags/example_dynamic_task_mapping_with_no_taskflow_operators.py
[2023-10-08T01:14:39.694+0000] {logging_mixin.py:151} INFO - [2023-10-08T01:14:39.694+0000] {dag.py:2907} INFO - Sync 1 DAGs
[2023-10-08T01:14:39.706+0000] {logging_mixin.py:151} INFO - [2023-10-08T01:14:39.706+0000] {dag.py:3677} INFO - Setting next_dagrun for example_dynamic_task_mapping_with_no_taskflow_operators to 2023-10-07T01:14:39.705837+00:00, run_after=2023-10-08T01:14:39.705837+00:00
[2023-10-08T01:14:39.717+0000] {processor.py:179} INFO - Processing /home/airflow/.local/lib/python3.8/site-packages/airflow/example_dags/example_dynamic_task_mapping_with_no_taskflow_operators.py took 0.048 seconds
[2023-10-08T01:15:10.986+0000] {processor.py:157} INFO - Started process (PID=91698) to work on /home/airflow/.local/lib/python3.8/site-packages/airflow/example_dags/example_dynamic_task_mapping_with_no_taskflow_operators.py
[2023-10-08T01:15:10.987+0000] {processor.py:829} INFO - Processing file /home/airflow/.local/lib/python3.8/site-packages/airflow/example_dags/example_dynamic_task_mapping_with_no_taskflow_operators.py for tasks to queue
[2023-10-08T01:15:10.987+0000] {logging_mixin.py:151} INFO - [2023-10-08T01:15:10.987+0000] {dagbag.py:539} INFO - Filling up the DagBag from /home/airflow/.local/lib/python3.8/site-packages/airflow/example_dags/example_dynamic_task_mapping_with_no_taskflow_operators.py
[2023-10-08T01:15:10.992+0000] {processor.py:839} INFO - DAG(s) dict_keys(['example_dynamic_task_mapping_with_no_taskflow_operators']) retrieved from /home/airflow/.local/lib/python3.8/site-packages/airflow/example_dags/example_dynamic_task_mapping_with_no_taskflow_operators.py
[2023-10-08T01:15:11.004+0000] {logging_mixin.py:151} INFO - [2023-10-08T01:15:11.004+0000] {dag.py:2907} INFO - Sync 1 DAGs
[2023-10-08T01:15:11.014+0000] {logging_mixin.py:151} INFO - [2023-10-08T01:15:11.014+0000] {dag.py:3677} INFO - Setting next_dagrun for example_dynamic_task_mapping_with_no_taskflow_operators to 2023-10-07T01:15:11.014289+00:00, run_after=2023-10-08T01:15:11.014289+00:00
[2023-10-08T01:15:11.024+0000] {processor.py:179} INFO - Processing /home/airflow/.local/lib/python3.8/site-packages/airflow/example_dags/example_dynamic_task_mapping_with_no_taskflow_operators.py took 0.041 seconds
[2023-10-08T01:15:44.031+0000] {processor.py:157} INFO - Started process (PID=91749) to work on /home/airflow/.local/lib/python3.8/site-packages/airflow/example_dags/example_dynamic_task_mapping_with_no_taskflow_operators.py
[2023-10-08T01:15:44.032+0000] {processor.py:829} INFO - Processing file /home/airflow/.local/lib/python3.8/site-packages/airflow/example_dags/example_dynamic_task_mapping_with_no_taskflow_operators.py for tasks to queue
[2023-10-08T01:15:44.032+0000] {logging_mixin.py:151} INFO - [2023-10-08T01:15:44.032+0000] {dagbag.py:539} INFO - Filling up the DagBag from /home/airflow/.local/lib/python3.8/site-packages/airflow/example_dags/example_dynamic_task_mapping_with_no_taskflow_operators.py
[2023-10-08T01:15:44.036+0000] {processor.py:839} INFO - DAG(s) dict_keys(['example_dynamic_task_mapping_with_no_taskflow_operators']) retrieved from /home/airflow/.local/lib/python3.8/site-packages/airflow/example_dags/example_dynamic_task_mapping_with_no_taskflow_operators.py
[2023-10-08T01:15:44.049+0000] {logging_mixin.py:151} INFO - [2023-10-08T01:15:44.049+0000] {dag.py:2907} INFO - Sync 1 DAGs
[2023-10-08T01:15:44.059+0000] {logging_mixin.py:151} INFO - [2023-10-08T01:15:44.059+0000] {dag.py:3677} INFO - Setting next_dagrun for example_dynamic_task_mapping_with_no_taskflow_operators to 2023-10-07T01:15:44.059334+00:00, run_after=2023-10-08T01:15:44.059334+00:00
[2023-10-08T01:15:44.080+0000] {processor.py:179} INFO - Processing /home/airflow/.local/lib/python3.8/site-packages/airflow/example_dags/example_dynamic_task_mapping_with_no_taskflow_operators.py took 0.051 seconds
[2023-10-08T01:18:31.652+0000] {processor.py:157} INFO - Started process (PID=91800) to work on /home/airflow/.local/lib/python3.8/site-packages/airflow/example_dags/example_dynamic_task_mapping_with_no_taskflow_operators.py
[2023-10-08T01:18:31.653+0000] {processor.py:829} INFO - Processing file /home/airflow/.local/lib/python3.8/site-packages/airflow/example_dags/example_dynamic_task_mapping_with_no_taskflow_operators.py for tasks to queue
[2023-10-08T01:18:31.654+0000] {logging_mixin.py:151} INFO - [2023-10-08T01:18:31.654+0000] {dagbag.py:539} INFO - Filling up the DagBag from /home/airflow/.local/lib/python3.8/site-packages/airflow/example_dags/example_dynamic_task_mapping_with_no_taskflow_operators.py
[2023-10-08T01:18:31.658+0000] {processor.py:839} INFO - DAG(s) dict_keys(['example_dynamic_task_mapping_with_no_taskflow_operators']) retrieved from /home/airflow/.local/lib/python3.8/site-packages/airflow/example_dags/example_dynamic_task_mapping_with_no_taskflow_operators.py
[2023-10-08T01:18:31.671+0000] {logging_mixin.py:151} INFO - [2023-10-08T01:18:31.671+0000] {dag.py:2907} INFO - Sync 1 DAGs
[2023-10-08T01:18:31.685+0000] {logging_mixin.py:151} INFO - [2023-10-08T01:18:31.684+0000] {dag.py:3677} INFO - Setting next_dagrun for example_dynamic_task_mapping_with_no_taskflow_operators to 2023-10-07T01:18:31.684621+00:00, run_after=2023-10-08T01:18:31.684621+00:00
[2023-10-08T01:18:31.696+0000] {processor.py:179} INFO - Processing /home/airflow/.local/lib/python3.8/site-packages/airflow/example_dags/example_dynamic_task_mapping_with_no_taskflow_operators.py took 0.046 seconds
[2023-10-08T01:19:03.009+0000] {processor.py:157} INFO - Started process (PID=91851) to work on /home/airflow/.local/lib/python3.8/site-packages/airflow/example_dags/example_dynamic_task_mapping_with_no_taskflow_operators.py
[2023-10-08T01:19:03.010+0000] {processor.py:829} INFO - Processing file /home/airflow/.local/lib/python3.8/site-packages/airflow/example_dags/example_dynamic_task_mapping_with_no_taskflow_operators.py for tasks to queue
[2023-10-08T01:19:03.011+0000] {logging_mixin.py:151} INFO - [2023-10-08T01:19:03.011+0000] {dagbag.py:539} INFO - Filling up the DagBag from /home/airflow/.local/lib/python3.8/site-packages/airflow/example_dags/example_dynamic_task_mapping_with_no_taskflow_operators.py
[2023-10-08T01:19:03.015+0000] {processor.py:839} INFO - DAG(s) dict_keys(['example_dynamic_task_mapping_with_no_taskflow_operators']) retrieved from /home/airflow/.local/lib/python3.8/site-packages/airflow/example_dags/example_dynamic_task_mapping_with_no_taskflow_operators.py
[2023-10-08T01:19:03.034+0000] {logging_mixin.py:151} INFO - [2023-10-08T01:19:03.034+0000] {dag.py:2907} INFO - Sync 1 DAGs
[2023-10-08T01:19:03.045+0000] {logging_mixin.py:151} INFO - [2023-10-08T01:19:03.045+0000] {dag.py:3677} INFO - Setting next_dagrun for example_dynamic_task_mapping_with_no_taskflow_operators to 2023-10-07T01:19:03.045524+00:00, run_after=2023-10-08T01:19:03.045524+00:00
[2023-10-08T01:19:03.058+0000] {processor.py:179} INFO - Processing /home/airflow/.local/lib/python3.8/site-packages/airflow/example_dags/example_dynamic_task_mapping_with_no_taskflow_operators.py took 0.051 seconds
[2023-10-08T01:19:33.999+0000] {processor.py:157} INFO - Started process (PID=91902) to work on /home/airflow/.local/lib/python3.8/site-packages/airflow/example_dags/example_dynamic_task_mapping_with_no_taskflow_operators.py
[2023-10-08T01:19:34.000+0000] {processor.py:829} INFO - Processing file /home/airflow/.local/lib/python3.8/site-packages/airflow/example_dags/example_dynamic_task_mapping_with_no_taskflow_operators.py for tasks to queue
[2023-10-08T01:19:34.001+0000] {logging_mixin.py:151} INFO - [2023-10-08T01:19:34.001+0000] {dagbag.py:539} INFO - Filling up the DagBag from /home/airflow/.local/lib/python3.8/site-packages/airflow/example_dags/example_dynamic_task_mapping_with_no_taskflow_operators.py
[2023-10-08T01:19:34.005+0000] {processor.py:839} INFO - DAG(s) dict_keys(['example_dynamic_task_mapping_with_no_taskflow_operators']) retrieved from /home/airflow/.local/lib/python3.8/site-packages/airflow/example_dags/example_dynamic_task_mapping_with_no_taskflow_operators.py
[2023-10-08T01:19:34.036+0000] {logging_mixin.py:151} INFO - [2023-10-08T01:19:34.036+0000] {dag.py:2907} INFO - Sync 1 DAGs
[2023-10-08T01:19:34.049+0000] {logging_mixin.py:151} INFO - [2023-10-08T01:19:34.049+0000] {dag.py:3677} INFO - Setting next_dagrun for example_dynamic_task_mapping_with_no_taskflow_operators to 2023-10-07T01:19:34.049419+00:00, run_after=2023-10-08T01:19:34.049419+00:00
[2023-10-08T01:19:34.064+0000] {processor.py:179} INFO - Processing /home/airflow/.local/lib/python3.8/site-packages/airflow/example_dags/example_dynamic_task_mapping_with_no_taskflow_operators.py took 0.066 seconds
[2023-10-08T01:20:05.144+0000] {processor.py:157} INFO - Started process (PID=91953) to work on /home/airflow/.local/lib/python3.8/site-packages/airflow/example_dags/example_dynamic_task_mapping_with_no_taskflow_operators.py
[2023-10-08T01:20:05.145+0000] {processor.py:829} INFO - Processing file /home/airflow/.local/lib/python3.8/site-packages/airflow/example_dags/example_dynamic_task_mapping_with_no_taskflow_operators.py for tasks to queue
[2023-10-08T01:20:05.146+0000] {logging_mixin.py:151} INFO - [2023-10-08T01:20:05.145+0000] {dagbag.py:539} INFO - Filling up the DagBag from /home/airflow/.local/lib/python3.8/site-packages/airflow/example_dags/example_dynamic_task_mapping_with_no_taskflow_operators.py
[2023-10-08T01:20:05.152+0000] {processor.py:839} INFO - DAG(s) dict_keys(['example_dynamic_task_mapping_with_no_taskflow_operators']) retrieved from /home/airflow/.local/lib/python3.8/site-packages/airflow/example_dags/example_dynamic_task_mapping_with_no_taskflow_operators.py
[2023-10-08T01:20:05.184+0000] {logging_mixin.py:151} INFO - [2023-10-08T01:20:05.184+0000] {dag.py:2907} INFO - Sync 1 DAGs
[2023-10-08T01:20:05.198+0000] {logging_mixin.py:151} INFO - [2023-10-08T01:20:05.198+0000] {dag.py:3677} INFO - Setting next_dagrun for example_dynamic_task_mapping_with_no_taskflow_operators to 2023-10-07T01:20:05.197922+00:00, run_after=2023-10-08T01:20:05.197922+00:00
[2023-10-08T01:20:05.217+0000] {processor.py:179} INFO - Processing /home/airflow/.local/lib/python3.8/site-packages/airflow/example_dags/example_dynamic_task_mapping_with_no_taskflow_operators.py took 0.083 seconds
[2023-10-08T01:20:36.471+0000] {processor.py:157} INFO - Started process (PID=92004) to work on /home/airflow/.local/lib/python3.8/site-packages/airflow/example_dags/example_dynamic_task_mapping_with_no_taskflow_operators.py
[2023-10-08T01:20:36.472+0000] {processor.py:829} INFO - Processing file /home/airflow/.local/lib/python3.8/site-packages/airflow/example_dags/example_dynamic_task_mapping_with_no_taskflow_operators.py for tasks to queue
[2023-10-08T01:20:36.472+0000] {logging_mixin.py:151} INFO - [2023-10-08T01:20:36.472+0000] {dagbag.py:539} INFO - Filling up the DagBag from /home/airflow/.local/lib/python3.8/site-packages/airflow/example_dags/example_dynamic_task_mapping_with_no_taskflow_operators.py
[2023-10-08T01:20:36.476+0000] {processor.py:839} INFO - DAG(s) dict_keys(['example_dynamic_task_mapping_with_no_taskflow_operators']) retrieved from /home/airflow/.local/lib/python3.8/site-packages/airflow/example_dags/example_dynamic_task_mapping_with_no_taskflow_operators.py
[2023-10-08T01:20:36.488+0000] {logging_mixin.py:151} INFO - [2023-10-08T01:20:36.488+0000] {dag.py:2907} INFO - Sync 1 DAGs
[2023-10-08T01:20:36.498+0000] {logging_mixin.py:151} INFO - [2023-10-08T01:20:36.498+0000] {dag.py:3677} INFO - Setting next_dagrun for example_dynamic_task_mapping_with_no_taskflow_operators to 2023-10-07T01:20:36.498092+00:00, run_after=2023-10-08T01:20:36.498092+00:00
[2023-10-08T01:20:36.508+0000] {processor.py:179} INFO - Processing /home/airflow/.local/lib/python3.8/site-packages/airflow/example_dags/example_dynamic_task_mapping_with_no_taskflow_operators.py took 0.039 seconds
[2023-10-08T01:21:06.999+0000] {processor.py:157} INFO - Started process (PID=92055) to work on /home/airflow/.local/lib/python3.8/site-packages/airflow/example_dags/example_dynamic_task_mapping_with_no_taskflow_operators.py
[2023-10-08T01:21:07.000+0000] {processor.py:829} INFO - Processing file /home/airflow/.local/lib/python3.8/site-packages/airflow/example_dags/example_dynamic_task_mapping_with_no_taskflow_operators.py for tasks to queue
[2023-10-08T01:21:07.001+0000] {logging_mixin.py:151} INFO - [2023-10-08T01:21:07.001+0000] {dagbag.py:539} INFO - Filling up the DagBag from /home/airflow/.local/lib/python3.8/site-packages/airflow/example_dags/example_dynamic_task_mapping_with_no_taskflow_operators.py
[2023-10-08T01:21:07.005+0000] {processor.py:839} INFO - DAG(s) dict_keys(['example_dynamic_task_mapping_with_no_taskflow_operators']) retrieved from /home/airflow/.local/lib/python3.8/site-packages/airflow/example_dags/example_dynamic_task_mapping_with_no_taskflow_operators.py
[2023-10-08T01:21:07.019+0000] {logging_mixin.py:151} INFO - [2023-10-08T01:21:07.019+0000] {dag.py:2907} INFO - Sync 1 DAGs
[2023-10-08T01:21:07.030+0000] {logging_mixin.py:151} INFO - [2023-10-08T01:21:07.030+0000] {dag.py:3677} INFO - Setting next_dagrun for example_dynamic_task_mapping_with_no_taskflow_operators to 2023-10-07T01:21:07.030138+00:00, run_after=2023-10-08T01:21:07.030138+00:00
[2023-10-08T01:21:07.042+0000] {processor.py:179} INFO - Processing /home/airflow/.local/lib/python3.8/site-packages/airflow/example_dags/example_dynamic_task_mapping_with_no_taskflow_operators.py took 0.045 seconds
[2023-10-08T01:21:37.532+0000] {processor.py:157} INFO - Started process (PID=92106) to work on /home/airflow/.local/lib/python3.8/site-packages/airflow/example_dags/example_dynamic_task_mapping_with_no_taskflow_operators.py
[2023-10-08T01:21:37.533+0000] {processor.py:829} INFO - Processing file /home/airflow/.local/lib/python3.8/site-packages/airflow/example_dags/example_dynamic_task_mapping_with_no_taskflow_operators.py for tasks to queue
[2023-10-08T01:21:37.534+0000] {logging_mixin.py:151} INFO - [2023-10-08T01:21:37.533+0000] {dagbag.py:539} INFO - Filling up the DagBag from /home/airflow/.local/lib/python3.8/site-packages/airflow/example_dags/example_dynamic_task_mapping_with_no_taskflow_operators.py
[2023-10-08T01:21:37.538+0000] {processor.py:839} INFO - DAG(s) dict_keys(['example_dynamic_task_mapping_with_no_taskflow_operators']) retrieved from /home/airflow/.local/lib/python3.8/site-packages/airflow/example_dags/example_dynamic_task_mapping_with_no_taskflow_operators.py
[2023-10-08T01:21:37.549+0000] {logging_mixin.py:151} INFO - [2023-10-08T01:21:37.549+0000] {dag.py:2907} INFO - Sync 1 DAGs
[2023-10-08T01:21:37.558+0000] {logging_mixin.py:151} INFO - [2023-10-08T01:21:37.558+0000] {dag.py:3677} INFO - Setting next_dagrun for example_dynamic_task_mapping_with_no_taskflow_operators to 2023-10-07T01:21:37.558428+00:00, run_after=2023-10-08T01:21:37.558428+00:00
[2023-10-08T01:21:37.569+0000] {processor.py:179} INFO - Processing /home/airflow/.local/lib/python3.8/site-packages/airflow/example_dags/example_dynamic_task_mapping_with_no_taskflow_operators.py took 0.038 seconds
[2023-10-08T01:22:08.019+0000] {processor.py:157} INFO - Started process (PID=92157) to work on /home/airflow/.local/lib/python3.8/site-packages/airflow/example_dags/example_dynamic_task_mapping_with_no_taskflow_operators.py
[2023-10-08T01:22:08.020+0000] {processor.py:829} INFO - Processing file /home/airflow/.local/lib/python3.8/site-packages/airflow/example_dags/example_dynamic_task_mapping_with_no_taskflow_operators.py for tasks to queue
[2023-10-08T01:22:08.020+0000] {logging_mixin.py:151} INFO - [2023-10-08T01:22:08.020+0000] {dagbag.py:539} INFO - Filling up the DagBag from /home/airflow/.local/lib/python3.8/site-packages/airflow/example_dags/example_dynamic_task_mapping_with_no_taskflow_operators.py
[2023-10-08T01:22:08.024+0000] {processor.py:839} INFO - DAG(s) dict_keys(['example_dynamic_task_mapping_with_no_taskflow_operators']) retrieved from /home/airflow/.local/lib/python3.8/site-packages/airflow/example_dags/example_dynamic_task_mapping_with_no_taskflow_operators.py
[2023-10-08T01:22:08.036+0000] {logging_mixin.py:151} INFO - [2023-10-08T01:22:08.036+0000] {dag.py:2907} INFO - Sync 1 DAGs
[2023-10-08T01:22:08.044+0000] {logging_mixin.py:151} INFO - [2023-10-08T01:22:08.044+0000] {dag.py:3677} INFO - Setting next_dagrun for example_dynamic_task_mapping_with_no_taskflow_operators to 2023-10-07T01:22:08.044343+00:00, run_after=2023-10-08T01:22:08.044343+00:00
[2023-10-08T01:22:08.054+0000] {processor.py:179} INFO - Processing /home/airflow/.local/lib/python3.8/site-packages/airflow/example_dags/example_dynamic_task_mapping_with_no_taskflow_operators.py took 0.037 seconds
[2023-10-08T01:22:38.715+0000] {processor.py:157} INFO - Started process (PID=92208) to work on /home/airflow/.local/lib/python3.8/site-packages/airflow/example_dags/example_dynamic_task_mapping_with_no_taskflow_operators.py
[2023-10-08T01:22:38.716+0000] {processor.py:829} INFO - Processing file /home/airflow/.local/lib/python3.8/site-packages/airflow/example_dags/example_dynamic_task_mapping_with_no_taskflow_operators.py for tasks to queue
[2023-10-08T01:22:38.716+0000] {logging_mixin.py:151} INFO - [2023-10-08T01:22:38.716+0000] {dagbag.py:539} INFO - Filling up the DagBag from /home/airflow/.local/lib/python3.8/site-packages/airflow/example_dags/example_dynamic_task_mapping_with_no_taskflow_operators.py
[2023-10-08T01:22:38.720+0000] {processor.py:839} INFO - DAG(s) dict_keys(['example_dynamic_task_mapping_with_no_taskflow_operators']) retrieved from /home/airflow/.local/lib/python3.8/site-packages/airflow/example_dags/example_dynamic_task_mapping_with_no_taskflow_operators.py
[2023-10-08T01:22:38.733+0000] {logging_mixin.py:151} INFO - [2023-10-08T01:22:38.732+0000] {dag.py:2907} INFO - Sync 1 DAGs
[2023-10-08T01:22:38.742+0000] {logging_mixin.py:151} INFO - [2023-10-08T01:22:38.742+0000] {dag.py:3677} INFO - Setting next_dagrun for example_dynamic_task_mapping_with_no_taskflow_operators to 2023-10-07T01:22:38.742735+00:00, run_after=2023-10-08T01:22:38.742735+00:00
[2023-10-08T01:22:38.754+0000] {processor.py:179} INFO - Processing /home/airflow/.local/lib/python3.8/site-packages/airflow/example_dags/example_dynamic_task_mapping_with_no_taskflow_operators.py took 0.041 seconds
[2023-10-08T01:23:09.205+0000] {processor.py:157} INFO - Started process (PID=92259) to work on /home/airflow/.local/lib/python3.8/site-packages/airflow/example_dags/example_dynamic_task_mapping_with_no_taskflow_operators.py
[2023-10-08T01:23:09.205+0000] {processor.py:829} INFO - Processing file /home/airflow/.local/lib/python3.8/site-packages/airflow/example_dags/example_dynamic_task_mapping_with_no_taskflow_operators.py for tasks to queue
[2023-10-08T01:23:09.206+0000] {logging_mixin.py:151} INFO - [2023-10-08T01:23:09.206+0000] {dagbag.py:539} INFO - Filling up the DagBag from /home/airflow/.local/lib/python3.8/site-packages/airflow/example_dags/example_dynamic_task_mapping_with_no_taskflow_operators.py
[2023-10-08T01:23:09.210+0000] {processor.py:839} INFO - DAG(s) dict_keys(['example_dynamic_task_mapping_with_no_taskflow_operators']) retrieved from /home/airflow/.local/lib/python3.8/site-packages/airflow/example_dags/example_dynamic_task_mapping_with_no_taskflow_operators.py
[2023-10-08T01:23:09.222+0000] {logging_mixin.py:151} INFO - [2023-10-08T01:23:09.222+0000] {dag.py:2907} INFO - Sync 1 DAGs
[2023-10-08T01:23:09.232+0000] {logging_mixin.py:151} INFO - [2023-10-08T01:23:09.232+0000] {dag.py:3677} INFO - Setting next_dagrun for example_dynamic_task_mapping_with_no_taskflow_operators to 2023-10-07T01:23:09.232717+00:00, run_after=2023-10-08T01:23:09.232717+00:00
[2023-10-08T01:23:09.243+0000] {processor.py:179} INFO - Processing /home/airflow/.local/lib/python3.8/site-packages/airflow/example_dags/example_dynamic_task_mapping_with_no_taskflow_operators.py took 0.040 seconds
[2023-10-08T01:23:39.862+0000] {processor.py:157} INFO - Started process (PID=92310) to work on /home/airflow/.local/lib/python3.8/site-packages/airflow/example_dags/example_dynamic_task_mapping_with_no_taskflow_operators.py
[2023-10-08T01:23:39.863+0000] {processor.py:829} INFO - Processing file /home/airflow/.local/lib/python3.8/site-packages/airflow/example_dags/example_dynamic_task_mapping_with_no_taskflow_operators.py for tasks to queue
[2023-10-08T01:23:39.863+0000] {logging_mixin.py:151} INFO - [2023-10-08T01:23:39.863+0000] {dagbag.py:539} INFO - Filling up the DagBag from /home/airflow/.local/lib/python3.8/site-packages/airflow/example_dags/example_dynamic_task_mapping_with_no_taskflow_operators.py
[2023-10-08T01:23:39.868+0000] {processor.py:839} INFO - DAG(s) dict_keys(['example_dynamic_task_mapping_with_no_taskflow_operators']) retrieved from /home/airflow/.local/lib/python3.8/site-packages/airflow/example_dags/example_dynamic_task_mapping_with_no_taskflow_operators.py
[2023-10-08T01:23:39.879+0000] {logging_mixin.py:151} INFO - [2023-10-08T01:23:39.879+0000] {dag.py:2907} INFO - Sync 1 DAGs
[2023-10-08T01:23:39.889+0000] {logging_mixin.py:151} INFO - [2023-10-08T01:23:39.889+0000] {dag.py:3677} INFO - Setting next_dagrun for example_dynamic_task_mapping_with_no_taskflow_operators to 2023-10-07T01:23:39.888875+00:00, run_after=2023-10-08T01:23:39.888875+00:00
[2023-10-08T01:23:39.898+0000] {processor.py:179} INFO - Processing /home/airflow/.local/lib/python3.8/site-packages/airflow/example_dags/example_dynamic_task_mapping_with_no_taskflow_operators.py took 0.039 seconds
[2023-10-08T01:24:10.247+0000] {processor.py:157} INFO - Started process (PID=92361) to work on /home/airflow/.local/lib/python3.8/site-packages/airflow/example_dags/example_dynamic_task_mapping_with_no_taskflow_operators.py
[2023-10-08T01:24:10.248+0000] {processor.py:829} INFO - Processing file /home/airflow/.local/lib/python3.8/site-packages/airflow/example_dags/example_dynamic_task_mapping_with_no_taskflow_operators.py for tasks to queue
[2023-10-08T01:24:10.248+0000] {logging_mixin.py:151} INFO - [2023-10-08T01:24:10.248+0000] {dagbag.py:539} INFO - Filling up the DagBag from /home/airflow/.local/lib/python3.8/site-packages/airflow/example_dags/example_dynamic_task_mapping_with_no_taskflow_operators.py
[2023-10-08T01:24:10.253+0000] {processor.py:839} INFO - DAG(s) dict_keys(['example_dynamic_task_mapping_with_no_taskflow_operators']) retrieved from /home/airflow/.local/lib/python3.8/site-packages/airflow/example_dags/example_dynamic_task_mapping_with_no_taskflow_operators.py
[2023-10-08T01:24:10.266+0000] {logging_mixin.py:151} INFO - [2023-10-08T01:24:10.266+0000] {dag.py:2907} INFO - Sync 1 DAGs
[2023-10-08T01:24:10.276+0000] {logging_mixin.py:151} INFO - [2023-10-08T01:24:10.276+0000] {dag.py:3677} INFO - Setting next_dagrun for example_dynamic_task_mapping_with_no_taskflow_operators to 2023-10-07T01:24:10.276065+00:00, run_after=2023-10-08T01:24:10.276065+00:00
[2023-10-08T01:24:10.291+0000] {processor.py:179} INFO - Processing /home/airflow/.local/lib/python3.8/site-packages/airflow/example_dags/example_dynamic_task_mapping_with_no_taskflow_operators.py took 0.046 seconds
[2023-10-08T01:24:40.823+0000] {processor.py:157} INFO - Started process (PID=92412) to work on /home/airflow/.local/lib/python3.8/site-packages/airflow/example_dags/example_dynamic_task_mapping_with_no_taskflow_operators.py
[2023-10-08T01:24:40.824+0000] {processor.py:829} INFO - Processing file /home/airflow/.local/lib/python3.8/site-packages/airflow/example_dags/example_dynamic_task_mapping_with_no_taskflow_operators.py for tasks to queue
[2023-10-08T01:24:40.824+0000] {logging_mixin.py:151} INFO - [2023-10-08T01:24:40.824+0000] {dagbag.py:539} INFO - Filling up the DagBag from /home/airflow/.local/lib/python3.8/site-packages/airflow/example_dags/example_dynamic_task_mapping_with_no_taskflow_operators.py
[2023-10-08T01:24:40.828+0000] {processor.py:839} INFO - DAG(s) dict_keys(['example_dynamic_task_mapping_with_no_taskflow_operators']) retrieved from /home/airflow/.local/lib/python3.8/site-packages/airflow/example_dags/example_dynamic_task_mapping_with_no_taskflow_operators.py
[2023-10-08T01:24:40.840+0000] {logging_mixin.py:151} INFO - [2023-10-08T01:24:40.840+0000] {dag.py:2907} INFO - Sync 1 DAGs
[2023-10-08T01:24:40.849+0000] {logging_mixin.py:151} INFO - [2023-10-08T01:24:40.849+0000] {dag.py:3677} INFO - Setting next_dagrun for example_dynamic_task_mapping_with_no_taskflow_operators to 2023-10-07T01:24:40.849795+00:00, run_after=2023-10-08T01:24:40.849795+00:00
[2023-10-08T01:24:40.860+0000] {processor.py:179} INFO - Processing /home/airflow/.local/lib/python3.8/site-packages/airflow/example_dags/example_dynamic_task_mapping_with_no_taskflow_operators.py took 0.039 seconds
[2023-10-08T01:25:11.237+0000] {processor.py:157} INFO - Started process (PID=92463) to work on /home/airflow/.local/lib/python3.8/site-packages/airflow/example_dags/example_dynamic_task_mapping_with_no_taskflow_operators.py
[2023-10-08T01:25:11.238+0000] {processor.py:829} INFO - Processing file /home/airflow/.local/lib/python3.8/site-packages/airflow/example_dags/example_dynamic_task_mapping_with_no_taskflow_operators.py for tasks to queue
[2023-10-08T01:25:11.238+0000] {logging_mixin.py:151} INFO - [2023-10-08T01:25:11.238+0000] {dagbag.py:539} INFO - Filling up the DagBag from /home/airflow/.local/lib/python3.8/site-packages/airflow/example_dags/example_dynamic_task_mapping_with_no_taskflow_operators.py
[2023-10-08T01:25:11.243+0000] {processor.py:839} INFO - DAG(s) dict_keys(['example_dynamic_task_mapping_with_no_taskflow_operators']) retrieved from /home/airflow/.local/lib/python3.8/site-packages/airflow/example_dags/example_dynamic_task_mapping_with_no_taskflow_operators.py
[2023-10-08T01:25:11.254+0000] {logging_mixin.py:151} INFO - [2023-10-08T01:25:11.254+0000] {dag.py:2907} INFO - Sync 1 DAGs
[2023-10-08T01:25:11.264+0000] {logging_mixin.py:151} INFO - [2023-10-08T01:25:11.264+0000] {dag.py:3677} INFO - Setting next_dagrun for example_dynamic_task_mapping_with_no_taskflow_operators to 2023-10-07T01:25:11.264428+00:00, run_after=2023-10-08T01:25:11.264428+00:00
[2023-10-08T01:25:11.275+0000] {processor.py:179} INFO - Processing /home/airflow/.local/lib/python3.8/site-packages/airflow/example_dags/example_dynamic_task_mapping_with_no_taskflow_operators.py took 0.040 seconds
[2023-10-08T01:25:42.118+0000] {processor.py:157} INFO - Started process (PID=92514) to work on /home/airflow/.local/lib/python3.8/site-packages/airflow/example_dags/example_dynamic_task_mapping_with_no_taskflow_operators.py
[2023-10-08T01:25:42.119+0000] {processor.py:829} INFO - Processing file /home/airflow/.local/lib/python3.8/site-packages/airflow/example_dags/example_dynamic_task_mapping_with_no_taskflow_operators.py for tasks to queue
[2023-10-08T01:25:42.119+0000] {logging_mixin.py:151} INFO - [2023-10-08T01:25:42.119+0000] {dagbag.py:539} INFO - Filling up the DagBag from /home/airflow/.local/lib/python3.8/site-packages/airflow/example_dags/example_dynamic_task_mapping_with_no_taskflow_operators.py
[2023-10-08T01:25:42.123+0000] {processor.py:839} INFO - DAG(s) dict_keys(['example_dynamic_task_mapping_with_no_taskflow_operators']) retrieved from /home/airflow/.local/lib/python3.8/site-packages/airflow/example_dags/example_dynamic_task_mapping_with_no_taskflow_operators.py
[2023-10-08T01:25:42.137+0000] {logging_mixin.py:151} INFO - [2023-10-08T01:25:42.137+0000] {dag.py:2907} INFO - Sync 1 DAGs
[2023-10-08T01:25:42.148+0000] {logging_mixin.py:151} INFO - [2023-10-08T01:25:42.148+0000] {dag.py:3677} INFO - Setting next_dagrun for example_dynamic_task_mapping_with_no_taskflow_operators to 2023-10-07T01:25:42.147895+00:00, run_after=2023-10-08T01:25:42.147895+00:00
[2023-10-08T01:25:42.161+0000] {processor.py:179} INFO - Processing /home/airflow/.local/lib/python3.8/site-packages/airflow/example_dags/example_dynamic_task_mapping_with_no_taskflow_operators.py took 0.045 seconds
[2023-10-08T01:28:32.242+0000] {processor.py:157} INFO - Started process (PID=45) to work on /home/airflow/.local/lib/python3.8/site-packages/airflow/example_dags/example_dynamic_task_mapping_with_no_taskflow_operators.py
[2023-10-08T01:28:32.243+0000] {processor.py:829} INFO - Processing file /home/airflow/.local/lib/python3.8/site-packages/airflow/example_dags/example_dynamic_task_mapping_with_no_taskflow_operators.py for tasks to queue
[2023-10-08T01:28:32.245+0000] {logging_mixin.py:151} INFO - [2023-10-08T01:28:32.245+0000] {dagbag.py:539} INFO - Filling up the DagBag from /home/airflow/.local/lib/python3.8/site-packages/airflow/example_dags/example_dynamic_task_mapping_with_no_taskflow_operators.py
[2023-10-08T01:28:32.250+0000] {processor.py:839} INFO - DAG(s) dict_keys(['example_dynamic_task_mapping_with_no_taskflow_operators']) retrieved from /home/airflow/.local/lib/python3.8/site-packages/airflow/example_dags/example_dynamic_task_mapping_with_no_taskflow_operators.py
[2023-10-08T01:28:32.271+0000] {logging_mixin.py:151} INFO - [2023-10-08T01:28:32.271+0000] {dag.py:2907} INFO - Sync 1 DAGs
[2023-10-08T01:28:32.376+0000] {logging_mixin.py:151} INFO - [2023-10-08T01:28:32.376+0000] {dag.py:3677} INFO - Setting next_dagrun for example_dynamic_task_mapping_with_no_taskflow_operators to 2023-10-07T01:28:32.376441+00:00, run_after=2023-10-08T01:28:32.376441+00:00
[2023-10-08T01:28:32.387+0000] {processor.py:179} INFO - Processing /home/airflow/.local/lib/python3.8/site-packages/airflow/example_dags/example_dynamic_task_mapping_with_no_taskflow_operators.py took 0.148 seconds
[2023-10-08T01:29:02.936+0000] {processor.py:157} INFO - Started process (PID=96) to work on /home/airflow/.local/lib/python3.8/site-packages/airflow/example_dags/example_dynamic_task_mapping_with_no_taskflow_operators.py
[2023-10-08T01:29:02.937+0000] {processor.py:829} INFO - Processing file /home/airflow/.local/lib/python3.8/site-packages/airflow/example_dags/example_dynamic_task_mapping_with_no_taskflow_operators.py for tasks to queue
[2023-10-08T01:29:02.938+0000] {logging_mixin.py:151} INFO - [2023-10-08T01:29:02.938+0000] {dagbag.py:539} INFO - Filling up the DagBag from /home/airflow/.local/lib/python3.8/site-packages/airflow/example_dags/example_dynamic_task_mapping_with_no_taskflow_operators.py
[2023-10-08T01:29:02.942+0000] {processor.py:839} INFO - DAG(s) dict_keys(['example_dynamic_task_mapping_with_no_taskflow_operators']) retrieved from /home/airflow/.local/lib/python3.8/site-packages/airflow/example_dags/example_dynamic_task_mapping_with_no_taskflow_operators.py
[2023-10-08T01:29:02.954+0000] {logging_mixin.py:151} INFO - [2023-10-08T01:29:02.954+0000] {dag.py:2907} INFO - Sync 1 DAGs
[2023-10-08T01:29:02.965+0000] {logging_mixin.py:151} INFO - [2023-10-08T01:29:02.965+0000] {dag.py:3677} INFO - Setting next_dagrun for example_dynamic_task_mapping_with_no_taskflow_operators to 2023-10-07T01:29:02.965369+00:00, run_after=2023-10-08T01:29:02.965369+00:00
[2023-10-08T01:29:02.976+0000] {processor.py:179} INFO - Processing /home/airflow/.local/lib/python3.8/site-packages/airflow/example_dags/example_dynamic_task_mapping_with_no_taskflow_operators.py took 0.042 seconds
[2023-10-08T01:29:33.303+0000] {processor.py:157} INFO - Started process (PID=147) to work on /home/airflow/.local/lib/python3.8/site-packages/airflow/example_dags/example_dynamic_task_mapping_with_no_taskflow_operators.py
[2023-10-08T01:29:33.304+0000] {processor.py:829} INFO - Processing file /home/airflow/.local/lib/python3.8/site-packages/airflow/example_dags/example_dynamic_task_mapping_with_no_taskflow_operators.py for tasks to queue
[2023-10-08T01:29:33.305+0000] {logging_mixin.py:151} INFO - [2023-10-08T01:29:33.305+0000] {dagbag.py:539} INFO - Filling up the DagBag from /home/airflow/.local/lib/python3.8/site-packages/airflow/example_dags/example_dynamic_task_mapping_with_no_taskflow_operators.py
[2023-10-08T01:29:33.309+0000] {processor.py:839} INFO - DAG(s) dict_keys(['example_dynamic_task_mapping_with_no_taskflow_operators']) retrieved from /home/airflow/.local/lib/python3.8/site-packages/airflow/example_dags/example_dynamic_task_mapping_with_no_taskflow_operators.py
[2023-10-08T01:29:33.319+0000] {logging_mixin.py:151} INFO - [2023-10-08T01:29:33.319+0000] {dag.py:2907} INFO - Sync 1 DAGs
[2023-10-08T01:29:33.330+0000] {logging_mixin.py:151} INFO - [2023-10-08T01:29:33.330+0000] {dag.py:3677} INFO - Setting next_dagrun for example_dynamic_task_mapping_with_no_taskflow_operators to 2023-10-07T01:29:33.330259+00:00, run_after=2023-10-08T01:29:33.330259+00:00
[2023-10-08T01:29:33.341+0000] {processor.py:179} INFO - Processing /home/airflow/.local/lib/python3.8/site-packages/airflow/example_dags/example_dynamic_task_mapping_with_no_taskflow_operators.py took 0.039 seconds
[2023-10-08T01:30:03.620+0000] {processor.py:157} INFO - Started process (PID=198) to work on /home/airflow/.local/lib/python3.8/site-packages/airflow/example_dags/example_dynamic_task_mapping_with_no_taskflow_operators.py
[2023-10-08T01:30:03.621+0000] {processor.py:829} INFO - Processing file /home/airflow/.local/lib/python3.8/site-packages/airflow/example_dags/example_dynamic_task_mapping_with_no_taskflow_operators.py for tasks to queue
[2023-10-08T01:30:03.622+0000] {logging_mixin.py:151} INFO - [2023-10-08T01:30:03.622+0000] {dagbag.py:539} INFO - Filling up the DagBag from /home/airflow/.local/lib/python3.8/site-packages/airflow/example_dags/example_dynamic_task_mapping_with_no_taskflow_operators.py
[2023-10-08T01:30:03.626+0000] {processor.py:839} INFO - DAG(s) dict_keys(['example_dynamic_task_mapping_with_no_taskflow_operators']) retrieved from /home/airflow/.local/lib/python3.8/site-packages/airflow/example_dags/example_dynamic_task_mapping_with_no_taskflow_operators.py
[2023-10-08T01:30:03.638+0000] {logging_mixin.py:151} INFO - [2023-10-08T01:30:03.638+0000] {dag.py:2907} INFO - Sync 1 DAGs
[2023-10-08T01:30:03.649+0000] {logging_mixin.py:151} INFO - [2023-10-08T01:30:03.649+0000] {dag.py:3677} INFO - Setting next_dagrun for example_dynamic_task_mapping_with_no_taskflow_operators to 2023-10-07T01:30:03.648996+00:00, run_after=2023-10-08T01:30:03.648996+00:00
[2023-10-08T01:30:03.659+0000] {processor.py:179} INFO - Processing /home/airflow/.local/lib/python3.8/site-packages/airflow/example_dags/example_dynamic_task_mapping_with_no_taskflow_operators.py took 0.041 seconds
[2023-10-08T01:30:34.521+0000] {processor.py:157} INFO - Started process (PID=249) to work on /home/airflow/.local/lib/python3.8/site-packages/airflow/example_dags/example_dynamic_task_mapping_with_no_taskflow_operators.py
[2023-10-08T01:30:34.521+0000] {processor.py:829} INFO - Processing file /home/airflow/.local/lib/python3.8/site-packages/airflow/example_dags/example_dynamic_task_mapping_with_no_taskflow_operators.py for tasks to queue
[2023-10-08T01:30:34.523+0000] {logging_mixin.py:151} INFO - [2023-10-08T01:30:34.523+0000] {dagbag.py:539} INFO - Filling up the DagBag from /home/airflow/.local/lib/python3.8/site-packages/airflow/example_dags/example_dynamic_task_mapping_with_no_taskflow_operators.py
[2023-10-08T01:30:34.528+0000] {processor.py:839} INFO - DAG(s) dict_keys(['example_dynamic_task_mapping_with_no_taskflow_operators']) retrieved from /home/airflow/.local/lib/python3.8/site-packages/airflow/example_dags/example_dynamic_task_mapping_with_no_taskflow_operators.py
[2023-10-08T01:30:34.563+0000] {logging_mixin.py:151} INFO - [2023-10-08T01:30:34.563+0000] {dag.py:2907} INFO - Sync 1 DAGs
[2023-10-08T01:30:34.576+0000] {logging_mixin.py:151} INFO - [2023-10-08T01:30:34.575+0000] {dag.py:3677} INFO - Setting next_dagrun for example_dynamic_task_mapping_with_no_taskflow_operators to 2023-10-07T01:30:34.575854+00:00, run_after=2023-10-08T01:30:34.575854+00:00
[2023-10-08T01:30:34.590+0000] {processor.py:179} INFO - Processing /home/airflow/.local/lib/python3.8/site-packages/airflow/example_dags/example_dynamic_task_mapping_with_no_taskflow_operators.py took 0.072 seconds
