[2023-10-08T00:10:24.043+0000] {processor.py:157} INFO - Started process (PID=89902) to work on /home/airflow/.local/lib/python3.8/site-packages/airflow/example_dags/example_sensor_decorator.py
[2023-10-08T00:10:24.047+0000] {processor.py:829} INFO - Processing file /home/airflow/.local/lib/python3.8/site-packages/airflow/example_dags/example_sensor_decorator.py for tasks to queue
[2023-10-08T00:10:24.052+0000] {logging_mixin.py:151} INFO - [2023-10-08T00:10:24.051+0000] {dagbag.py:539} INFO - Filling up the DagBag from /home/airflow/.local/lib/python3.8/site-packages/airflow/example_dags/example_sensor_decorator.py
[2023-10-08T00:10:24.072+0000] {processor.py:839} INFO - DAG(s) dict_keys(['example_sensor_decorator']) retrieved from /home/airflow/.local/lib/python3.8/site-packages/airflow/example_dags/example_sensor_decorator.py
[2023-10-08T00:10:24.173+0000] {logging_mixin.py:151} INFO - [2023-10-08T00:10:24.173+0000] {dag.py:2907} INFO - Sync 1 DAGs
[2023-10-08T00:10:24.200+0000] {logging_mixin.py:151} INFO - [2023-10-08T00:10:24.200+0000] {dag.py:3677} INFO - Setting next_dagrun for example_sensor_decorator to None, run_after=None
[2023-10-08T00:10:24.223+0000] {processor.py:179} INFO - Processing /home/airflow/.local/lib/python3.8/site-packages/airflow/example_dags/example_sensor_decorator.py took 0.191 seconds
[2023-10-08T00:10:54.609+0000] {processor.py:157} INFO - Started process (PID=89953) to work on /home/airflow/.local/lib/python3.8/site-packages/airflow/example_dags/example_sensor_decorator.py
[2023-10-08T00:10:54.610+0000] {processor.py:829} INFO - Processing file /home/airflow/.local/lib/python3.8/site-packages/airflow/example_dags/example_sensor_decorator.py for tasks to queue
[2023-10-08T00:10:54.611+0000] {logging_mixin.py:151} INFO - [2023-10-08T00:10:54.611+0000] {dagbag.py:539} INFO - Filling up the DagBag from /home/airflow/.local/lib/python3.8/site-packages/airflow/example_dags/example_sensor_decorator.py
[2023-10-08T00:10:54.615+0000] {processor.py:839} INFO - DAG(s) dict_keys(['example_sensor_decorator']) retrieved from /home/airflow/.local/lib/python3.8/site-packages/airflow/example_dags/example_sensor_decorator.py
[2023-10-08T00:10:54.628+0000] {logging_mixin.py:151} INFO - [2023-10-08T00:10:54.627+0000] {dag.py:2907} INFO - Sync 1 DAGs
[2023-10-08T00:10:54.634+0000] {logging_mixin.py:151} INFO - [2023-10-08T00:10:54.633+0000] {dag.py:3677} INFO - Setting next_dagrun for example_sensor_decorator to None, run_after=None
[2023-10-08T00:10:54.645+0000] {processor.py:179} INFO - Processing /home/airflow/.local/lib/python3.8/site-packages/airflow/example_dags/example_sensor_decorator.py took 0.040 seconds
[2023-10-08T00:26:22.189+0000] {processor.py:157} INFO - Started process (PID=90006) to work on /home/airflow/.local/lib/python3.8/site-packages/airflow/example_dags/example_sensor_decorator.py
[2023-10-08T00:26:22.194+0000] {processor.py:829} INFO - Processing file /home/airflow/.local/lib/python3.8/site-packages/airflow/example_dags/example_sensor_decorator.py for tasks to queue
[2023-10-08T00:26:22.196+0000] {logging_mixin.py:151} INFO - [2023-10-08T00:26:22.196+0000] {dagbag.py:539} INFO - Filling up the DagBag from /home/airflow/.local/lib/python3.8/site-packages/airflow/example_dags/example_sensor_decorator.py
[2023-10-08T00:26:22.208+0000] {processor.py:839} INFO - DAG(s) dict_keys(['example_sensor_decorator']) retrieved from /home/airflow/.local/lib/python3.8/site-packages/airflow/example_dags/example_sensor_decorator.py
[2023-10-08T00:26:22.229+0000] {logging_mixin.py:151} INFO - [2023-10-08T00:26:22.229+0000] {dag.py:2907} INFO - Sync 1 DAGs
[2023-10-08T00:26:22.239+0000] {logging_mixin.py:151} INFO - [2023-10-08T00:26:22.239+0000] {dag.py:3677} INFO - Setting next_dagrun for example_sensor_decorator to None, run_after=None
[2023-10-08T00:26:22.280+0000] {processor.py:179} INFO - Processing /home/airflow/.local/lib/python3.8/site-packages/airflow/example_dags/example_sensor_decorator.py took 0.095 seconds
[2023-10-08T00:26:53.531+0000] {processor.py:157} INFO - Started process (PID=90057) to work on /home/airflow/.local/lib/python3.8/site-packages/airflow/example_dags/example_sensor_decorator.py
[2023-10-08T00:26:53.532+0000] {processor.py:829} INFO - Processing file /home/airflow/.local/lib/python3.8/site-packages/airflow/example_dags/example_sensor_decorator.py for tasks to queue
[2023-10-08T00:26:53.533+0000] {logging_mixin.py:151} INFO - [2023-10-08T00:26:53.532+0000] {dagbag.py:539} INFO - Filling up the DagBag from /home/airflow/.local/lib/python3.8/site-packages/airflow/example_dags/example_sensor_decorator.py
[2023-10-08T00:26:53.537+0000] {processor.py:839} INFO - DAG(s) dict_keys(['example_sensor_decorator']) retrieved from /home/airflow/.local/lib/python3.8/site-packages/airflow/example_dags/example_sensor_decorator.py
[2023-10-08T00:26:53.549+0000] {logging_mixin.py:151} INFO - [2023-10-08T00:26:53.549+0000] {dag.py:2907} INFO - Sync 1 DAGs
[2023-10-08T00:26:53.555+0000] {logging_mixin.py:151} INFO - [2023-10-08T00:26:53.555+0000] {dag.py:3677} INFO - Setting next_dagrun for example_sensor_decorator to None, run_after=None
[2023-10-08T00:26:53.566+0000] {processor.py:179} INFO - Processing /home/airflow/.local/lib/python3.8/site-packages/airflow/example_dags/example_sensor_decorator.py took 0.036 seconds
[2023-10-08T00:43:22.178+0000] {processor.py:157} INFO - Started process (PID=90108) to work on /home/airflow/.local/lib/python3.8/site-packages/airflow/example_dags/example_sensor_decorator.py
[2023-10-08T00:43:22.185+0000] {processor.py:829} INFO - Processing file /home/airflow/.local/lib/python3.8/site-packages/airflow/example_dags/example_sensor_decorator.py for tasks to queue
[2023-10-08T00:43:22.186+0000] {logging_mixin.py:151} INFO - [2023-10-08T00:43:22.185+0000] {dagbag.py:539} INFO - Filling up the DagBag from /home/airflow/.local/lib/python3.8/site-packages/airflow/example_dags/example_sensor_decorator.py
[2023-10-08T00:43:22.198+0000] {processor.py:839} INFO - DAG(s) dict_keys(['example_sensor_decorator']) retrieved from /home/airflow/.local/lib/python3.8/site-packages/airflow/example_dags/example_sensor_decorator.py
[2023-10-08T00:43:22.233+0000] {logging_mixin.py:151} INFO - [2023-10-08T00:43:22.233+0000] {dag.py:2907} INFO - Sync 1 DAGs
[2023-10-08T00:43:22.249+0000] {logging_mixin.py:151} INFO - [2023-10-08T00:43:22.249+0000] {dag.py:3677} INFO - Setting next_dagrun for example_sensor_decorator to None, run_after=None
[2023-10-08T00:43:22.275+0000] {processor.py:179} INFO - Processing /home/airflow/.local/lib/python3.8/site-packages/airflow/example_dags/example_sensor_decorator.py took 0.105 seconds
[2023-10-08T00:43:53.581+0000] {processor.py:157} INFO - Started process (PID=90159) to work on /home/airflow/.local/lib/python3.8/site-packages/airflow/example_dags/example_sensor_decorator.py
[2023-10-08T00:43:53.582+0000] {processor.py:829} INFO - Processing file /home/airflow/.local/lib/python3.8/site-packages/airflow/example_dags/example_sensor_decorator.py for tasks to queue
[2023-10-08T00:43:53.582+0000] {logging_mixin.py:151} INFO - [2023-10-08T00:43:53.582+0000] {dagbag.py:539} INFO - Filling up the DagBag from /home/airflow/.local/lib/python3.8/site-packages/airflow/example_dags/example_sensor_decorator.py
[2023-10-08T00:43:53.586+0000] {processor.py:839} INFO - DAG(s) dict_keys(['example_sensor_decorator']) retrieved from /home/airflow/.local/lib/python3.8/site-packages/airflow/example_dags/example_sensor_decorator.py
[2023-10-08T00:43:53.598+0000] {logging_mixin.py:151} INFO - [2023-10-08T00:43:53.598+0000] {dag.py:2907} INFO - Sync 1 DAGs
[2023-10-08T00:43:53.604+0000] {logging_mixin.py:151} INFO - [2023-10-08T00:43:53.604+0000] {dag.py:3677} INFO - Setting next_dagrun for example_sensor_decorator to None, run_after=None
[2023-10-08T00:43:53.616+0000] {processor.py:179} INFO - Processing /home/airflow/.local/lib/python3.8/site-packages/airflow/example_dags/example_sensor_decorator.py took 0.037 seconds
[2023-10-08T00:44:24.156+0000] {processor.py:157} INFO - Started process (PID=90210) to work on /home/airflow/.local/lib/python3.8/site-packages/airflow/example_dags/example_sensor_decorator.py
[2023-10-08T00:44:24.157+0000] {processor.py:829} INFO - Processing file /home/airflow/.local/lib/python3.8/site-packages/airflow/example_dags/example_sensor_decorator.py for tasks to queue
[2023-10-08T00:44:24.158+0000] {logging_mixin.py:151} INFO - [2023-10-08T00:44:24.158+0000] {dagbag.py:539} INFO - Filling up the DagBag from /home/airflow/.local/lib/python3.8/site-packages/airflow/example_dags/example_sensor_decorator.py
[2023-10-08T00:44:24.161+0000] {processor.py:839} INFO - DAG(s) dict_keys(['example_sensor_decorator']) retrieved from /home/airflow/.local/lib/python3.8/site-packages/airflow/example_dags/example_sensor_decorator.py
[2023-10-08T00:44:24.174+0000] {logging_mixin.py:151} INFO - [2023-10-08T00:44:24.174+0000] {dag.py:2907} INFO - Sync 1 DAGs
[2023-10-08T00:44:24.179+0000] {logging_mixin.py:151} INFO - [2023-10-08T00:44:24.179+0000] {dag.py:3677} INFO - Setting next_dagrun for example_sensor_decorator to None, run_after=None
[2023-10-08T00:44:24.189+0000] {processor.py:179} INFO - Processing /home/airflow/.local/lib/python3.8/site-packages/airflow/example_dags/example_sensor_decorator.py took 0.035 seconds
[2023-10-08T00:44:55.861+0000] {processor.py:157} INFO - Started process (PID=90261) to work on /home/airflow/.local/lib/python3.8/site-packages/airflow/example_dags/example_sensor_decorator.py
[2023-10-08T00:44:55.862+0000] {processor.py:829} INFO - Processing file /home/airflow/.local/lib/python3.8/site-packages/airflow/example_dags/example_sensor_decorator.py for tasks to queue
[2023-10-08T00:44:55.862+0000] {logging_mixin.py:151} INFO - [2023-10-08T00:44:55.862+0000] {dagbag.py:539} INFO - Filling up the DagBag from /home/airflow/.local/lib/python3.8/site-packages/airflow/example_dags/example_sensor_decorator.py
[2023-10-08T00:44:55.866+0000] {processor.py:839} INFO - DAG(s) dict_keys(['example_sensor_decorator']) retrieved from /home/airflow/.local/lib/python3.8/site-packages/airflow/example_dags/example_sensor_decorator.py
[2023-10-08T00:44:55.879+0000] {logging_mixin.py:151} INFO - [2023-10-08T00:44:55.879+0000] {dag.py:2907} INFO - Sync 1 DAGs
[2023-10-08T00:44:55.887+0000] {logging_mixin.py:151} INFO - [2023-10-08T00:44:55.887+0000] {dag.py:3677} INFO - Setting next_dagrun for example_sensor_decorator to None, run_after=None
[2023-10-08T00:44:55.898+0000] {processor.py:179} INFO - Processing /home/airflow/.local/lib/python3.8/site-packages/airflow/example_dags/example_sensor_decorator.py took 0.039 seconds
[2023-10-08T00:45:26.606+0000] {processor.py:157} INFO - Started process (PID=90312) to work on /home/airflow/.local/lib/python3.8/site-packages/airflow/example_dags/example_sensor_decorator.py
[2023-10-08T00:45:26.607+0000] {processor.py:829} INFO - Processing file /home/airflow/.local/lib/python3.8/site-packages/airflow/example_dags/example_sensor_decorator.py for tasks to queue
[2023-10-08T00:45:26.608+0000] {logging_mixin.py:151} INFO - [2023-10-08T00:45:26.607+0000] {dagbag.py:539} INFO - Filling up the DagBag from /home/airflow/.local/lib/python3.8/site-packages/airflow/example_dags/example_sensor_decorator.py
[2023-10-08T00:45:26.612+0000] {processor.py:839} INFO - DAG(s) dict_keys(['example_sensor_decorator']) retrieved from /home/airflow/.local/lib/python3.8/site-packages/airflow/example_dags/example_sensor_decorator.py
[2023-10-08T00:45:26.629+0000] {logging_mixin.py:151} INFO - [2023-10-08T00:45:26.629+0000] {dag.py:2907} INFO - Sync 1 DAGs
[2023-10-08T00:45:26.635+0000] {logging_mixin.py:151} INFO - [2023-10-08T00:45:26.635+0000] {dag.py:3677} INFO - Setting next_dagrun for example_sensor_decorator to None, run_after=None
[2023-10-08T00:45:26.646+0000] {processor.py:179} INFO - Processing /home/airflow/.local/lib/python3.8/site-packages/airflow/example_dags/example_sensor_decorator.py took 0.042 seconds
[2023-10-08T00:45:57.392+0000] {processor.py:157} INFO - Started process (PID=90363) to work on /home/airflow/.local/lib/python3.8/site-packages/airflow/example_dags/example_sensor_decorator.py
[2023-10-08T00:45:57.394+0000] {processor.py:829} INFO - Processing file /home/airflow/.local/lib/python3.8/site-packages/airflow/example_dags/example_sensor_decorator.py for tasks to queue
[2023-10-08T00:45:57.395+0000] {logging_mixin.py:151} INFO - [2023-10-08T00:45:57.394+0000] {dagbag.py:539} INFO - Filling up the DagBag from /home/airflow/.local/lib/python3.8/site-packages/airflow/example_dags/example_sensor_decorator.py
[2023-10-08T00:45:57.400+0000] {processor.py:839} INFO - DAG(s) dict_keys(['example_sensor_decorator']) retrieved from /home/airflow/.local/lib/python3.8/site-packages/airflow/example_dags/example_sensor_decorator.py
[2023-10-08T00:45:57.411+0000] {logging_mixin.py:151} INFO - [2023-10-08T00:45:57.411+0000] {dag.py:2907} INFO - Sync 1 DAGs
[2023-10-08T00:45:57.417+0000] {logging_mixin.py:151} INFO - [2023-10-08T00:45:57.417+0000] {dag.py:3677} INFO - Setting next_dagrun for example_sensor_decorator to None, run_after=None
[2023-10-08T00:45:57.428+0000] {processor.py:179} INFO - Processing /home/airflow/.local/lib/python3.8/site-packages/airflow/example_dags/example_sensor_decorator.py took 0.038 seconds
[2023-10-08T00:46:27.843+0000] {processor.py:157} INFO - Started process (PID=90414) to work on /home/airflow/.local/lib/python3.8/site-packages/airflow/example_dags/example_sensor_decorator.py
[2023-10-08T00:46:27.844+0000] {processor.py:829} INFO - Processing file /home/airflow/.local/lib/python3.8/site-packages/airflow/example_dags/example_sensor_decorator.py for tasks to queue
[2023-10-08T00:46:27.844+0000] {logging_mixin.py:151} INFO - [2023-10-08T00:46:27.844+0000] {dagbag.py:539} INFO - Filling up the DagBag from /home/airflow/.local/lib/python3.8/site-packages/airflow/example_dags/example_sensor_decorator.py
[2023-10-08T00:46:27.848+0000] {processor.py:839} INFO - DAG(s) dict_keys(['example_sensor_decorator']) retrieved from /home/airflow/.local/lib/python3.8/site-packages/airflow/example_dags/example_sensor_decorator.py
[2023-10-08T00:46:27.860+0000] {logging_mixin.py:151} INFO - [2023-10-08T00:46:27.860+0000] {dag.py:2907} INFO - Sync 1 DAGs
[2023-10-08T00:46:27.866+0000] {logging_mixin.py:151} INFO - [2023-10-08T00:46:27.866+0000] {dag.py:3677} INFO - Setting next_dagrun for example_sensor_decorator to None, run_after=None
[2023-10-08T00:46:27.878+0000] {processor.py:179} INFO - Processing /home/airflow/.local/lib/python3.8/site-packages/airflow/example_dags/example_sensor_decorator.py took 0.037 seconds
[2023-10-08T00:46:58.748+0000] {processor.py:157} INFO - Started process (PID=90465) to work on /home/airflow/.local/lib/python3.8/site-packages/airflow/example_dags/example_sensor_decorator.py
[2023-10-08T00:46:58.749+0000] {processor.py:829} INFO - Processing file /home/airflow/.local/lib/python3.8/site-packages/airflow/example_dags/example_sensor_decorator.py for tasks to queue
[2023-10-08T00:46:58.749+0000] {logging_mixin.py:151} INFO - [2023-10-08T00:46:58.749+0000] {dagbag.py:539} INFO - Filling up the DagBag from /home/airflow/.local/lib/python3.8/site-packages/airflow/example_dags/example_sensor_decorator.py
[2023-10-08T00:46:58.753+0000] {processor.py:839} INFO - DAG(s) dict_keys(['example_sensor_decorator']) retrieved from /home/airflow/.local/lib/python3.8/site-packages/airflow/example_dags/example_sensor_decorator.py
[2023-10-08T00:46:58.766+0000] {logging_mixin.py:151} INFO - [2023-10-08T00:46:58.766+0000] {dag.py:2907} INFO - Sync 1 DAGs
[2023-10-08T00:46:58.772+0000] {logging_mixin.py:151} INFO - [2023-10-08T00:46:58.772+0000] {dag.py:3677} INFO - Setting next_dagrun for example_sensor_decorator to None, run_after=None
[2023-10-08T00:46:58.784+0000] {processor.py:179} INFO - Processing /home/airflow/.local/lib/python3.8/site-packages/airflow/example_dags/example_sensor_decorator.py took 0.038 seconds
[2023-10-08T00:47:29.398+0000] {processor.py:157} INFO - Started process (PID=90516) to work on /home/airflow/.local/lib/python3.8/site-packages/airflow/example_dags/example_sensor_decorator.py
[2023-10-08T00:47:29.398+0000] {processor.py:829} INFO - Processing file /home/airflow/.local/lib/python3.8/site-packages/airflow/example_dags/example_sensor_decorator.py for tasks to queue
[2023-10-08T00:47:29.399+0000] {logging_mixin.py:151} INFO - [2023-10-08T00:47:29.399+0000] {dagbag.py:539} INFO - Filling up the DagBag from /home/airflow/.local/lib/python3.8/site-packages/airflow/example_dags/example_sensor_decorator.py
[2023-10-08T00:47:29.403+0000] {processor.py:839} INFO - DAG(s) dict_keys(['example_sensor_decorator']) retrieved from /home/airflow/.local/lib/python3.8/site-packages/airflow/example_dags/example_sensor_decorator.py
[2023-10-08T00:47:29.415+0000] {logging_mixin.py:151} INFO - [2023-10-08T00:47:29.415+0000] {dag.py:2907} INFO - Sync 1 DAGs
[2023-10-08T00:47:29.420+0000] {logging_mixin.py:151} INFO - [2023-10-08T00:47:29.420+0000] {dag.py:3677} INFO - Setting next_dagrun for example_sensor_decorator to None, run_after=None
[2023-10-08T00:47:29.431+0000] {processor.py:179} INFO - Processing /home/airflow/.local/lib/python3.8/site-packages/airflow/example_dags/example_sensor_decorator.py took 0.035 seconds
[2023-10-08T00:48:00.264+0000] {processor.py:157} INFO - Started process (PID=90567) to work on /home/airflow/.local/lib/python3.8/site-packages/airflow/example_dags/example_sensor_decorator.py
[2023-10-08T00:48:00.265+0000] {processor.py:829} INFO - Processing file /home/airflow/.local/lib/python3.8/site-packages/airflow/example_dags/example_sensor_decorator.py for tasks to queue
[2023-10-08T00:48:00.265+0000] {logging_mixin.py:151} INFO - [2023-10-08T00:48:00.265+0000] {dagbag.py:539} INFO - Filling up the DagBag from /home/airflow/.local/lib/python3.8/site-packages/airflow/example_dags/example_sensor_decorator.py
[2023-10-08T00:48:00.269+0000] {processor.py:839} INFO - DAG(s) dict_keys(['example_sensor_decorator']) retrieved from /home/airflow/.local/lib/python3.8/site-packages/airflow/example_dags/example_sensor_decorator.py
[2023-10-08T00:48:00.280+0000] {logging_mixin.py:151} INFO - [2023-10-08T00:48:00.280+0000] {dag.py:2907} INFO - Sync 1 DAGs
[2023-10-08T00:48:00.291+0000] {logging_mixin.py:151} INFO - [2023-10-08T00:48:00.291+0000] {dag.py:3677} INFO - Setting next_dagrun for example_sensor_decorator to None, run_after=None
[2023-10-08T00:48:00.301+0000] {processor.py:179} INFO - Processing /home/airflow/.local/lib/python3.8/site-packages/airflow/example_dags/example_sensor_decorator.py took 0.040 seconds
[2023-10-08T00:48:30.994+0000] {processor.py:157} INFO - Started process (PID=90618) to work on /home/airflow/.local/lib/python3.8/site-packages/airflow/example_dags/example_sensor_decorator.py
[2023-10-08T00:48:30.994+0000] {processor.py:829} INFO - Processing file /home/airflow/.local/lib/python3.8/site-packages/airflow/example_dags/example_sensor_decorator.py for tasks to queue
[2023-10-08T00:48:30.995+0000] {logging_mixin.py:151} INFO - [2023-10-08T00:48:30.994+0000] {dagbag.py:539} INFO - Filling up the DagBag from /home/airflow/.local/lib/python3.8/site-packages/airflow/example_dags/example_sensor_decorator.py
[2023-10-08T00:48:30.998+0000] {processor.py:839} INFO - DAG(s) dict_keys(['example_sensor_decorator']) retrieved from /home/airflow/.local/lib/python3.8/site-packages/airflow/example_dags/example_sensor_decorator.py
[2023-10-08T00:48:31.010+0000] {logging_mixin.py:151} INFO - [2023-10-08T00:48:31.010+0000] {dag.py:2907} INFO - Sync 1 DAGs
[2023-10-08T00:48:31.015+0000] {logging_mixin.py:151} INFO - [2023-10-08T00:48:31.015+0000] {dag.py:3677} INFO - Setting next_dagrun for example_sensor_decorator to None, run_after=None
[2023-10-08T00:48:31.025+0000] {processor.py:179} INFO - Processing /home/airflow/.local/lib/python3.8/site-packages/airflow/example_dags/example_sensor_decorator.py took 0.034 seconds
[2023-10-08T00:49:01.773+0000] {processor.py:157} INFO - Started process (PID=90669) to work on /home/airflow/.local/lib/python3.8/site-packages/airflow/example_dags/example_sensor_decorator.py
[2023-10-08T00:49:01.774+0000] {processor.py:829} INFO - Processing file /home/airflow/.local/lib/python3.8/site-packages/airflow/example_dags/example_sensor_decorator.py for tasks to queue
[2023-10-08T00:49:01.775+0000] {logging_mixin.py:151} INFO - [2023-10-08T00:49:01.774+0000] {dagbag.py:539} INFO - Filling up the DagBag from /home/airflow/.local/lib/python3.8/site-packages/airflow/example_dags/example_sensor_decorator.py
[2023-10-08T00:49:01.779+0000] {processor.py:839} INFO - DAG(s) dict_keys(['example_sensor_decorator']) retrieved from /home/airflow/.local/lib/python3.8/site-packages/airflow/example_dags/example_sensor_decorator.py
[2023-10-08T00:49:01.791+0000] {logging_mixin.py:151} INFO - [2023-10-08T00:49:01.791+0000] {dag.py:2907} INFO - Sync 1 DAGs
[2023-10-08T00:49:01.797+0000] {logging_mixin.py:151} INFO - [2023-10-08T00:49:01.797+0000] {dag.py:3677} INFO - Setting next_dagrun for example_sensor_decorator to None, run_after=None
[2023-10-08T00:49:01.808+0000] {processor.py:179} INFO - Processing /home/airflow/.local/lib/python3.8/site-packages/airflow/example_dags/example_sensor_decorator.py took 0.038 seconds
[2023-10-08T00:49:32.741+0000] {processor.py:157} INFO - Started process (PID=90720) to work on /home/airflow/.local/lib/python3.8/site-packages/airflow/example_dags/example_sensor_decorator.py
[2023-10-08T00:49:32.741+0000] {processor.py:829} INFO - Processing file /home/airflow/.local/lib/python3.8/site-packages/airflow/example_dags/example_sensor_decorator.py for tasks to queue
[2023-10-08T00:49:32.742+0000] {logging_mixin.py:151} INFO - [2023-10-08T00:49:32.742+0000] {dagbag.py:539} INFO - Filling up the DagBag from /home/airflow/.local/lib/python3.8/site-packages/airflow/example_dags/example_sensor_decorator.py
[2023-10-08T00:49:32.745+0000] {processor.py:839} INFO - DAG(s) dict_keys(['example_sensor_decorator']) retrieved from /home/airflow/.local/lib/python3.8/site-packages/airflow/example_dags/example_sensor_decorator.py
[2023-10-08T00:49:32.757+0000] {logging_mixin.py:151} INFO - [2023-10-08T00:49:32.757+0000] {dag.py:2907} INFO - Sync 1 DAGs
[2023-10-08T00:49:32.763+0000] {logging_mixin.py:151} INFO - [2023-10-08T00:49:32.763+0000] {dag.py:3677} INFO - Setting next_dagrun for example_sensor_decorator to None, run_after=None
[2023-10-08T00:49:32.773+0000] {processor.py:179} INFO - Processing /home/airflow/.local/lib/python3.8/site-packages/airflow/example_dags/example_sensor_decorator.py took 0.035 seconds
[2023-10-08T00:50:03.487+0000] {processor.py:157} INFO - Started process (PID=90771) to work on /home/airflow/.local/lib/python3.8/site-packages/airflow/example_dags/example_sensor_decorator.py
[2023-10-08T00:50:03.487+0000] {processor.py:829} INFO - Processing file /home/airflow/.local/lib/python3.8/site-packages/airflow/example_dags/example_sensor_decorator.py for tasks to queue
[2023-10-08T00:50:03.488+0000] {logging_mixin.py:151} INFO - [2023-10-08T00:50:03.488+0000] {dagbag.py:539} INFO - Filling up the DagBag from /home/airflow/.local/lib/python3.8/site-packages/airflow/example_dags/example_sensor_decorator.py
[2023-10-08T00:50:03.492+0000] {processor.py:839} INFO - DAG(s) dict_keys(['example_sensor_decorator']) retrieved from /home/airflow/.local/lib/python3.8/site-packages/airflow/example_dags/example_sensor_decorator.py
[2023-10-08T00:50:03.503+0000] {logging_mixin.py:151} INFO - [2023-10-08T00:50:03.503+0000] {dag.py:2907} INFO - Sync 1 DAGs
[2023-10-08T00:50:03.510+0000] {logging_mixin.py:151} INFO - [2023-10-08T00:50:03.510+0000] {dag.py:3677} INFO - Setting next_dagrun for example_sensor_decorator to None, run_after=None
[2023-10-08T00:50:03.522+0000] {processor.py:179} INFO - Processing /home/airflow/.local/lib/python3.8/site-packages/airflow/example_dags/example_sensor_decorator.py took 0.038 seconds
[2023-10-08T00:50:34.055+0000] {processor.py:157} INFO - Started process (PID=90822) to work on /home/airflow/.local/lib/python3.8/site-packages/airflow/example_dags/example_sensor_decorator.py
[2023-10-08T00:50:34.055+0000] {processor.py:829} INFO - Processing file /home/airflow/.local/lib/python3.8/site-packages/airflow/example_dags/example_sensor_decorator.py for tasks to queue
[2023-10-08T00:50:34.056+0000] {logging_mixin.py:151} INFO - [2023-10-08T00:50:34.056+0000] {dagbag.py:539} INFO - Filling up the DagBag from /home/airflow/.local/lib/python3.8/site-packages/airflow/example_dags/example_sensor_decorator.py
[2023-10-08T00:50:34.059+0000] {processor.py:839} INFO - DAG(s) dict_keys(['example_sensor_decorator']) retrieved from /home/airflow/.local/lib/python3.8/site-packages/airflow/example_dags/example_sensor_decorator.py
[2023-10-08T00:50:34.071+0000] {logging_mixin.py:151} INFO - [2023-10-08T00:50:34.071+0000] {dag.py:2907} INFO - Sync 1 DAGs
[2023-10-08T00:50:34.076+0000] {logging_mixin.py:151} INFO - [2023-10-08T00:50:34.076+0000] {dag.py:3677} INFO - Setting next_dagrun for example_sensor_decorator to None, run_after=None
[2023-10-08T00:50:34.087+0000] {processor.py:179} INFO - Processing /home/airflow/.local/lib/python3.8/site-packages/airflow/example_dags/example_sensor_decorator.py took 0.034 seconds
[2023-10-08T00:51:04.873+0000] {processor.py:157} INFO - Started process (PID=90873) to work on /home/airflow/.local/lib/python3.8/site-packages/airflow/example_dags/example_sensor_decorator.py
[2023-10-08T00:51:04.873+0000] {processor.py:829} INFO - Processing file /home/airflow/.local/lib/python3.8/site-packages/airflow/example_dags/example_sensor_decorator.py for tasks to queue
[2023-10-08T00:51:04.874+0000] {logging_mixin.py:151} INFO - [2023-10-08T00:51:04.874+0000] {dagbag.py:539} INFO - Filling up the DagBag from /home/airflow/.local/lib/python3.8/site-packages/airflow/example_dags/example_sensor_decorator.py
[2023-10-08T00:51:04.878+0000] {processor.py:839} INFO - DAG(s) dict_keys(['example_sensor_decorator']) retrieved from /home/airflow/.local/lib/python3.8/site-packages/airflow/example_dags/example_sensor_decorator.py
[2023-10-08T00:51:04.889+0000] {logging_mixin.py:151} INFO - [2023-10-08T00:51:04.889+0000] {dag.py:2907} INFO - Sync 1 DAGs
[2023-10-08T00:51:04.895+0000] {logging_mixin.py:151} INFO - [2023-10-08T00:51:04.895+0000] {dag.py:3677} INFO - Setting next_dagrun for example_sensor_decorator to None, run_after=None
[2023-10-08T00:51:04.911+0000] {processor.py:179} INFO - Processing /home/airflow/.local/lib/python3.8/site-packages/airflow/example_dags/example_sensor_decorator.py took 0.041 seconds
[2023-10-08T00:51:35.434+0000] {processor.py:157} INFO - Started process (PID=90924) to work on /home/airflow/.local/lib/python3.8/site-packages/airflow/example_dags/example_sensor_decorator.py
[2023-10-08T00:51:35.435+0000] {processor.py:829} INFO - Processing file /home/airflow/.local/lib/python3.8/site-packages/airflow/example_dags/example_sensor_decorator.py for tasks to queue
[2023-10-08T00:51:35.435+0000] {logging_mixin.py:151} INFO - [2023-10-08T00:51:35.435+0000] {dagbag.py:539} INFO - Filling up the DagBag from /home/airflow/.local/lib/python3.8/site-packages/airflow/example_dags/example_sensor_decorator.py
[2023-10-08T00:51:35.439+0000] {processor.py:839} INFO - DAG(s) dict_keys(['example_sensor_decorator']) retrieved from /home/airflow/.local/lib/python3.8/site-packages/airflow/example_dags/example_sensor_decorator.py
[2023-10-08T00:51:35.450+0000] {logging_mixin.py:151} INFO - [2023-10-08T00:51:35.450+0000] {dag.py:2907} INFO - Sync 1 DAGs
[2023-10-08T00:51:35.456+0000] {logging_mixin.py:151} INFO - [2023-10-08T00:51:35.456+0000] {dag.py:3677} INFO - Setting next_dagrun for example_sensor_decorator to None, run_after=None
[2023-10-08T00:51:35.466+0000] {processor.py:179} INFO - Processing /home/airflow/.local/lib/python3.8/site-packages/airflow/example_dags/example_sensor_decorator.py took 0.035 seconds
[2023-10-08T00:52:06.125+0000] {processor.py:157} INFO - Started process (PID=90975) to work on /home/airflow/.local/lib/python3.8/site-packages/airflow/example_dags/example_sensor_decorator.py
[2023-10-08T00:52:06.126+0000] {processor.py:829} INFO - Processing file /home/airflow/.local/lib/python3.8/site-packages/airflow/example_dags/example_sensor_decorator.py for tasks to queue
[2023-10-08T00:52:06.127+0000] {logging_mixin.py:151} INFO - [2023-10-08T00:52:06.126+0000] {dagbag.py:539} INFO - Filling up the DagBag from /home/airflow/.local/lib/python3.8/site-packages/airflow/example_dags/example_sensor_decorator.py
[2023-10-08T00:52:06.130+0000] {processor.py:839} INFO - DAG(s) dict_keys(['example_sensor_decorator']) retrieved from /home/airflow/.local/lib/python3.8/site-packages/airflow/example_dags/example_sensor_decorator.py
[2023-10-08T00:52:06.142+0000] {logging_mixin.py:151} INFO - [2023-10-08T00:52:06.142+0000] {dag.py:2907} INFO - Sync 1 DAGs
[2023-10-08T00:52:06.148+0000] {logging_mixin.py:151} INFO - [2023-10-08T00:52:06.148+0000] {dag.py:3677} INFO - Setting next_dagrun for example_sensor_decorator to None, run_after=None
[2023-10-08T00:52:06.158+0000] {processor.py:179} INFO - Processing /home/airflow/.local/lib/python3.8/site-packages/airflow/example_dags/example_sensor_decorator.py took 0.035 seconds
[2023-10-08T00:52:36.620+0000] {processor.py:157} INFO - Started process (PID=91026) to work on /home/airflow/.local/lib/python3.8/site-packages/airflow/example_dags/example_sensor_decorator.py
[2023-10-08T00:52:36.621+0000] {processor.py:829} INFO - Processing file /home/airflow/.local/lib/python3.8/site-packages/airflow/example_dags/example_sensor_decorator.py for tasks to queue
[2023-10-08T00:52:36.621+0000] {logging_mixin.py:151} INFO - [2023-10-08T00:52:36.621+0000] {dagbag.py:539} INFO - Filling up the DagBag from /home/airflow/.local/lib/python3.8/site-packages/airflow/example_dags/example_sensor_decorator.py
[2023-10-08T00:52:36.625+0000] {processor.py:839} INFO - DAG(s) dict_keys(['example_sensor_decorator']) retrieved from /home/airflow/.local/lib/python3.8/site-packages/airflow/example_dags/example_sensor_decorator.py
[2023-10-08T00:52:36.636+0000] {logging_mixin.py:151} INFO - [2023-10-08T00:52:36.636+0000] {dag.py:2907} INFO - Sync 1 DAGs
[2023-10-08T00:52:36.642+0000] {logging_mixin.py:151} INFO - [2023-10-08T00:52:36.642+0000] {dag.py:3677} INFO - Setting next_dagrun for example_sensor_decorator to None, run_after=None
[2023-10-08T00:52:36.652+0000] {processor.py:179} INFO - Processing /home/airflow/.local/lib/python3.8/site-packages/airflow/example_dags/example_sensor_decorator.py took 0.034 seconds
[2023-10-08T00:53:07.316+0000] {processor.py:157} INFO - Started process (PID=91077) to work on /home/airflow/.local/lib/python3.8/site-packages/airflow/example_dags/example_sensor_decorator.py
[2023-10-08T00:53:07.316+0000] {processor.py:829} INFO - Processing file /home/airflow/.local/lib/python3.8/site-packages/airflow/example_dags/example_sensor_decorator.py for tasks to queue
[2023-10-08T00:53:07.317+0000] {logging_mixin.py:151} INFO - [2023-10-08T00:53:07.317+0000] {dagbag.py:539} INFO - Filling up the DagBag from /home/airflow/.local/lib/python3.8/site-packages/airflow/example_dags/example_sensor_decorator.py
[2023-10-08T00:53:07.320+0000] {processor.py:839} INFO - DAG(s) dict_keys(['example_sensor_decorator']) retrieved from /home/airflow/.local/lib/python3.8/site-packages/airflow/example_dags/example_sensor_decorator.py
[2023-10-08T00:53:07.332+0000] {logging_mixin.py:151} INFO - [2023-10-08T00:53:07.332+0000] {dag.py:2907} INFO - Sync 1 DAGs
[2023-10-08T00:53:07.338+0000] {logging_mixin.py:151} INFO - [2023-10-08T00:53:07.337+0000] {dag.py:3677} INFO - Setting next_dagrun for example_sensor_decorator to None, run_after=None
[2023-10-08T00:53:07.349+0000] {processor.py:179} INFO - Processing /home/airflow/.local/lib/python3.8/site-packages/airflow/example_dags/example_sensor_decorator.py took 0.035 seconds
[2023-10-08T00:53:37.899+0000] {processor.py:157} INFO - Started process (PID=91128) to work on /home/airflow/.local/lib/python3.8/site-packages/airflow/example_dags/example_sensor_decorator.py
[2023-10-08T00:53:37.900+0000] {processor.py:829} INFO - Processing file /home/airflow/.local/lib/python3.8/site-packages/airflow/example_dags/example_sensor_decorator.py for tasks to queue
[2023-10-08T00:53:37.900+0000] {logging_mixin.py:151} INFO - [2023-10-08T00:53:37.900+0000] {dagbag.py:539} INFO - Filling up the DagBag from /home/airflow/.local/lib/python3.8/site-packages/airflow/example_dags/example_sensor_decorator.py
[2023-10-08T00:53:37.904+0000] {processor.py:839} INFO - DAG(s) dict_keys(['example_sensor_decorator']) retrieved from /home/airflow/.local/lib/python3.8/site-packages/airflow/example_dags/example_sensor_decorator.py
[2023-10-08T00:53:37.915+0000] {logging_mixin.py:151} INFO - [2023-10-08T00:53:37.915+0000] {dag.py:2907} INFO - Sync 1 DAGs
[2023-10-08T00:53:37.920+0000] {logging_mixin.py:151} INFO - [2023-10-08T00:53:37.920+0000] {dag.py:3677} INFO - Setting next_dagrun for example_sensor_decorator to None, run_after=None
[2023-10-08T00:53:37.930+0000] {processor.py:179} INFO - Processing /home/airflow/.local/lib/python3.8/site-packages/airflow/example_dags/example_sensor_decorator.py took 0.034 seconds
[2023-10-08T00:54:08.783+0000] {processor.py:157} INFO - Started process (PID=91179) to work on /home/airflow/.local/lib/python3.8/site-packages/airflow/example_dags/example_sensor_decorator.py
[2023-10-08T00:54:08.783+0000] {processor.py:829} INFO - Processing file /home/airflow/.local/lib/python3.8/site-packages/airflow/example_dags/example_sensor_decorator.py for tasks to queue
[2023-10-08T00:54:08.784+0000] {logging_mixin.py:151} INFO - [2023-10-08T00:54:08.784+0000] {dagbag.py:539} INFO - Filling up the DagBag from /home/airflow/.local/lib/python3.8/site-packages/airflow/example_dags/example_sensor_decorator.py
[2023-10-08T00:54:08.788+0000] {processor.py:839} INFO - DAG(s) dict_keys(['example_sensor_decorator']) retrieved from /home/airflow/.local/lib/python3.8/site-packages/airflow/example_dags/example_sensor_decorator.py
[2023-10-08T00:54:08.801+0000] {logging_mixin.py:151} INFO - [2023-10-08T00:54:08.801+0000] {dag.py:2907} INFO - Sync 1 DAGs
[2023-10-08T00:54:08.807+0000] {logging_mixin.py:151} INFO - [2023-10-08T00:54:08.807+0000] {dag.py:3677} INFO - Setting next_dagrun for example_sensor_decorator to None, run_after=None
[2023-10-08T00:54:08.819+0000] {processor.py:179} INFO - Processing /home/airflow/.local/lib/python3.8/site-packages/airflow/example_dags/example_sensor_decorator.py took 0.039 seconds
[2023-10-08T00:54:39.374+0000] {processor.py:157} INFO - Started process (PID=91230) to work on /home/airflow/.local/lib/python3.8/site-packages/airflow/example_dags/example_sensor_decorator.py
[2023-10-08T00:54:39.375+0000] {processor.py:829} INFO - Processing file /home/airflow/.local/lib/python3.8/site-packages/airflow/example_dags/example_sensor_decorator.py for tasks to queue
[2023-10-08T00:54:39.375+0000] {logging_mixin.py:151} INFO - [2023-10-08T00:54:39.375+0000] {dagbag.py:539} INFO - Filling up the DagBag from /home/airflow/.local/lib/python3.8/site-packages/airflow/example_dags/example_sensor_decorator.py
[2023-10-08T00:54:39.379+0000] {processor.py:839} INFO - DAG(s) dict_keys(['example_sensor_decorator']) retrieved from /home/airflow/.local/lib/python3.8/site-packages/airflow/example_dags/example_sensor_decorator.py
[2023-10-08T00:54:39.390+0000] {logging_mixin.py:151} INFO - [2023-10-08T00:54:39.390+0000] {dag.py:2907} INFO - Sync 1 DAGs
[2023-10-08T00:54:39.395+0000] {logging_mixin.py:151} INFO - [2023-10-08T00:54:39.395+0000] {dag.py:3677} INFO - Setting next_dagrun for example_sensor_decorator to None, run_after=None
[2023-10-08T00:54:39.406+0000] {processor.py:179} INFO - Processing /home/airflow/.local/lib/python3.8/site-packages/airflow/example_dags/example_sensor_decorator.py took 0.034 seconds
[2023-10-08T00:55:10.205+0000] {processor.py:157} INFO - Started process (PID=91281) to work on /home/airflow/.local/lib/python3.8/site-packages/airflow/example_dags/example_sensor_decorator.py
[2023-10-08T00:55:10.206+0000] {processor.py:829} INFO - Processing file /home/airflow/.local/lib/python3.8/site-packages/airflow/example_dags/example_sensor_decorator.py for tasks to queue
[2023-10-08T00:55:10.206+0000] {logging_mixin.py:151} INFO - [2023-10-08T00:55:10.206+0000] {dagbag.py:539} INFO - Filling up the DagBag from /home/airflow/.local/lib/python3.8/site-packages/airflow/example_dags/example_sensor_decorator.py
[2023-10-08T00:55:10.210+0000] {processor.py:839} INFO - DAG(s) dict_keys(['example_sensor_decorator']) retrieved from /home/airflow/.local/lib/python3.8/site-packages/airflow/example_dags/example_sensor_decorator.py
[2023-10-08T00:55:10.222+0000] {logging_mixin.py:151} INFO - [2023-10-08T00:55:10.222+0000] {dag.py:2907} INFO - Sync 1 DAGs
[2023-10-08T00:55:10.228+0000] {logging_mixin.py:151} INFO - [2023-10-08T00:55:10.228+0000] {dag.py:3677} INFO - Setting next_dagrun for example_sensor_decorator to None, run_after=None
[2023-10-08T00:55:10.240+0000] {processor.py:179} INFO - Processing /home/airflow/.local/lib/python3.8/site-packages/airflow/example_dags/example_sensor_decorator.py took 0.037 seconds
[2023-10-08T00:55:40.701+0000] {processor.py:157} INFO - Started process (PID=91332) to work on /home/airflow/.local/lib/python3.8/site-packages/airflow/example_dags/example_sensor_decorator.py
[2023-10-08T00:55:40.701+0000] {processor.py:829} INFO - Processing file /home/airflow/.local/lib/python3.8/site-packages/airflow/example_dags/example_sensor_decorator.py for tasks to queue
[2023-10-08T00:55:40.702+0000] {logging_mixin.py:151} INFO - [2023-10-08T00:55:40.702+0000] {dagbag.py:539} INFO - Filling up the DagBag from /home/airflow/.local/lib/python3.8/site-packages/airflow/example_dags/example_sensor_decorator.py
[2023-10-08T00:55:40.706+0000] {processor.py:839} INFO - DAG(s) dict_keys(['example_sensor_decorator']) retrieved from /home/airflow/.local/lib/python3.8/site-packages/airflow/example_dags/example_sensor_decorator.py
[2023-10-08T00:55:40.717+0000] {logging_mixin.py:151} INFO - [2023-10-08T00:55:40.717+0000] {dag.py:2907} INFO - Sync 1 DAGs
[2023-10-08T00:55:40.722+0000] {logging_mixin.py:151} INFO - [2023-10-08T00:55:40.722+0000] {dag.py:3677} INFO - Setting next_dagrun for example_sensor_decorator to None, run_after=None
[2023-10-08T00:55:40.732+0000] {processor.py:179} INFO - Processing /home/airflow/.local/lib/python3.8/site-packages/airflow/example_dags/example_sensor_decorator.py took 0.034 seconds
[2023-10-08T00:56:11.328+0000] {processor.py:157} INFO - Started process (PID=91383) to work on /home/airflow/.local/lib/python3.8/site-packages/airflow/example_dags/example_sensor_decorator.py
[2023-10-08T00:56:11.329+0000] {processor.py:829} INFO - Processing file /home/airflow/.local/lib/python3.8/site-packages/airflow/example_dags/example_sensor_decorator.py for tasks to queue
[2023-10-08T00:56:11.329+0000] {logging_mixin.py:151} INFO - [2023-10-08T00:56:11.329+0000] {dagbag.py:539} INFO - Filling up the DagBag from /home/airflow/.local/lib/python3.8/site-packages/airflow/example_dags/example_sensor_decorator.py
[2023-10-08T00:56:11.333+0000] {processor.py:839} INFO - DAG(s) dict_keys(['example_sensor_decorator']) retrieved from /home/airflow/.local/lib/python3.8/site-packages/airflow/example_dags/example_sensor_decorator.py
[2023-10-08T00:56:11.344+0000] {logging_mixin.py:151} INFO - [2023-10-08T00:56:11.344+0000] {dag.py:2907} INFO - Sync 1 DAGs
[2023-10-08T00:56:11.349+0000] {logging_mixin.py:151} INFO - [2023-10-08T00:56:11.349+0000] {dag.py:3677} INFO - Setting next_dagrun for example_sensor_decorator to None, run_after=None
[2023-10-08T00:56:11.360+0000] {processor.py:179} INFO - Processing /home/airflow/.local/lib/python3.8/site-packages/airflow/example_dags/example_sensor_decorator.py took 0.035 seconds
[2023-10-08T00:56:42.408+0000] {processor.py:157} INFO - Started process (PID=91434) to work on /home/airflow/.local/lib/python3.8/site-packages/airflow/example_dags/example_sensor_decorator.py
[2023-10-08T00:56:42.408+0000] {processor.py:829} INFO - Processing file /home/airflow/.local/lib/python3.8/site-packages/airflow/example_dags/example_sensor_decorator.py for tasks to queue
[2023-10-08T00:56:42.409+0000] {logging_mixin.py:151} INFO - [2023-10-08T00:56:42.409+0000] {dagbag.py:539} INFO - Filling up the DagBag from /home/airflow/.local/lib/python3.8/site-packages/airflow/example_dags/example_sensor_decorator.py
[2023-10-08T00:56:42.412+0000] {processor.py:839} INFO - DAG(s) dict_keys(['example_sensor_decorator']) retrieved from /home/airflow/.local/lib/python3.8/site-packages/airflow/example_dags/example_sensor_decorator.py
[2023-10-08T00:56:42.424+0000] {logging_mixin.py:151} INFO - [2023-10-08T00:56:42.424+0000] {dag.py:2907} INFO - Sync 1 DAGs
[2023-10-08T00:56:42.430+0000] {logging_mixin.py:151} INFO - [2023-10-08T00:56:42.430+0000] {dag.py:3677} INFO - Setting next_dagrun for example_sensor_decorator to None, run_after=None
[2023-10-08T00:56:42.440+0000] {processor.py:179} INFO - Processing /home/airflow/.local/lib/python3.8/site-packages/airflow/example_dags/example_sensor_decorator.py took 0.035 seconds
[2023-10-08T00:57:13.108+0000] {processor.py:157} INFO - Started process (PID=91485) to work on /home/airflow/.local/lib/python3.8/site-packages/airflow/example_dags/example_sensor_decorator.py
[2023-10-08T00:57:13.109+0000] {processor.py:829} INFO - Processing file /home/airflow/.local/lib/python3.8/site-packages/airflow/example_dags/example_sensor_decorator.py for tasks to queue
[2023-10-08T00:57:13.109+0000] {logging_mixin.py:151} INFO - [2023-10-08T00:57:13.109+0000] {dagbag.py:539} INFO - Filling up the DagBag from /home/airflow/.local/lib/python3.8/site-packages/airflow/example_dags/example_sensor_decorator.py
[2023-10-08T00:57:13.113+0000] {processor.py:839} INFO - DAG(s) dict_keys(['example_sensor_decorator']) retrieved from /home/airflow/.local/lib/python3.8/site-packages/airflow/example_dags/example_sensor_decorator.py
[2023-10-08T00:57:13.125+0000] {logging_mixin.py:151} INFO - [2023-10-08T00:57:13.125+0000] {dag.py:2907} INFO - Sync 1 DAGs
[2023-10-08T00:57:13.131+0000] {logging_mixin.py:151} INFO - [2023-10-08T00:57:13.131+0000] {dag.py:3677} INFO - Setting next_dagrun for example_sensor_decorator to None, run_after=None
[2023-10-08T00:57:13.141+0000] {processor.py:179} INFO - Processing /home/airflow/.local/lib/python3.8/site-packages/airflow/example_dags/example_sensor_decorator.py took 0.035 seconds
[2023-10-08T00:57:43.462+0000] {processor.py:157} INFO - Started process (PID=91536) to work on /home/airflow/.local/lib/python3.8/site-packages/airflow/example_dags/example_sensor_decorator.py
[2023-10-08T00:57:43.462+0000] {processor.py:829} INFO - Processing file /home/airflow/.local/lib/python3.8/site-packages/airflow/example_dags/example_sensor_decorator.py for tasks to queue
[2023-10-08T00:57:43.463+0000] {logging_mixin.py:151} INFO - [2023-10-08T00:57:43.463+0000] {dagbag.py:539} INFO - Filling up the DagBag from /home/airflow/.local/lib/python3.8/site-packages/airflow/example_dags/example_sensor_decorator.py
[2023-10-08T00:57:43.466+0000] {processor.py:839} INFO - DAG(s) dict_keys(['example_sensor_decorator']) retrieved from /home/airflow/.local/lib/python3.8/site-packages/airflow/example_dags/example_sensor_decorator.py
[2023-10-08T00:57:43.478+0000] {logging_mixin.py:151} INFO - [2023-10-08T00:57:43.478+0000] {dag.py:2907} INFO - Sync 1 DAGs
[2023-10-08T00:57:43.485+0000] {logging_mixin.py:151} INFO - [2023-10-08T00:57:43.485+0000] {dag.py:3677} INFO - Setting next_dagrun for example_sensor_decorator to None, run_after=None
[2023-10-08T00:57:43.496+0000] {processor.py:179} INFO - Processing /home/airflow/.local/lib/python3.8/site-packages/airflow/example_dags/example_sensor_decorator.py took 0.036 seconds
[2023-10-08T00:58:14.307+0000] {processor.py:157} INFO - Started process (PID=91587) to work on /home/airflow/.local/lib/python3.8/site-packages/airflow/example_dags/example_sensor_decorator.py
[2023-10-08T00:58:14.308+0000] {processor.py:829} INFO - Processing file /home/airflow/.local/lib/python3.8/site-packages/airflow/example_dags/example_sensor_decorator.py for tasks to queue
[2023-10-08T00:58:14.308+0000] {logging_mixin.py:151} INFO - [2023-10-08T00:58:14.308+0000] {dagbag.py:539} INFO - Filling up the DagBag from /home/airflow/.local/lib/python3.8/site-packages/airflow/example_dags/example_sensor_decorator.py
[2023-10-08T00:58:14.312+0000] {processor.py:839} INFO - DAG(s) dict_keys(['example_sensor_decorator']) retrieved from /home/airflow/.local/lib/python3.8/site-packages/airflow/example_dags/example_sensor_decorator.py
[2023-10-08T00:58:14.323+0000] {logging_mixin.py:151} INFO - [2023-10-08T00:58:14.322+0000] {dag.py:2907} INFO - Sync 1 DAGs
[2023-10-08T00:58:14.328+0000] {logging_mixin.py:151} INFO - [2023-10-08T00:58:14.328+0000] {dag.py:3677} INFO - Setting next_dagrun for example_sensor_decorator to None, run_after=None
[2023-10-08T00:58:14.340+0000] {processor.py:179} INFO - Processing /home/airflow/.local/lib/python3.8/site-packages/airflow/example_dags/example_sensor_decorator.py took 0.035 seconds
[2023-10-08T01:14:39.021+0000] {processor.py:157} INFO - Started process (PID=91638) to work on /home/airflow/.local/lib/python3.8/site-packages/airflow/example_dags/example_sensor_decorator.py
[2023-10-08T01:14:39.022+0000] {processor.py:829} INFO - Processing file /home/airflow/.local/lib/python3.8/site-packages/airflow/example_dags/example_sensor_decorator.py for tasks to queue
[2023-10-08T01:14:39.022+0000] {logging_mixin.py:151} INFO - [2023-10-08T01:14:39.022+0000] {dagbag.py:539} INFO - Filling up the DagBag from /home/airflow/.local/lib/python3.8/site-packages/airflow/example_dags/example_sensor_decorator.py
[2023-10-08T01:14:39.026+0000] {processor.py:839} INFO - DAG(s) dict_keys(['example_sensor_decorator']) retrieved from /home/airflow/.local/lib/python3.8/site-packages/airflow/example_dags/example_sensor_decorator.py
[2023-10-08T01:14:39.040+0000] {logging_mixin.py:151} INFO - [2023-10-08T01:14:39.040+0000] {dag.py:2907} INFO - Sync 1 DAGs
[2023-10-08T01:14:39.047+0000] {logging_mixin.py:151} INFO - [2023-10-08T01:14:39.047+0000] {dag.py:3677} INFO - Setting next_dagrun for example_sensor_decorator to None, run_after=None
[2023-10-08T01:14:39.058+0000] {processor.py:179} INFO - Processing /home/airflow/.local/lib/python3.8/site-packages/airflow/example_dags/example_sensor_decorator.py took 0.040 seconds
[2023-10-08T01:15:10.491+0000] {processor.py:157} INFO - Started process (PID=91689) to work on /home/airflow/.local/lib/python3.8/site-packages/airflow/example_dags/example_sensor_decorator.py
[2023-10-08T01:15:10.492+0000] {processor.py:829} INFO - Processing file /home/airflow/.local/lib/python3.8/site-packages/airflow/example_dags/example_sensor_decorator.py for tasks to queue
[2023-10-08T01:15:10.493+0000] {logging_mixin.py:151} INFO - [2023-10-08T01:15:10.493+0000] {dagbag.py:539} INFO - Filling up the DagBag from /home/airflow/.local/lib/python3.8/site-packages/airflow/example_dags/example_sensor_decorator.py
[2023-10-08T01:15:10.497+0000] {processor.py:839} INFO - DAG(s) dict_keys(['example_sensor_decorator']) retrieved from /home/airflow/.local/lib/python3.8/site-packages/airflow/example_dags/example_sensor_decorator.py
[2023-10-08T01:15:10.510+0000] {logging_mixin.py:151} INFO - [2023-10-08T01:15:10.510+0000] {dag.py:2907} INFO - Sync 1 DAGs
[2023-10-08T01:15:10.516+0000] {logging_mixin.py:151} INFO - [2023-10-08T01:15:10.516+0000] {dag.py:3677} INFO - Setting next_dagrun for example_sensor_decorator to None, run_after=None
[2023-10-08T01:15:10.527+0000] {processor.py:179} INFO - Processing /home/airflow/.local/lib/python3.8/site-packages/airflow/example_dags/example_sensor_decorator.py took 0.038 seconds
[2023-10-08T01:15:43.369+0000] {processor.py:157} INFO - Started process (PID=91740) to work on /home/airflow/.local/lib/python3.8/site-packages/airflow/example_dags/example_sensor_decorator.py
[2023-10-08T01:15:43.374+0000] {processor.py:829} INFO - Processing file /home/airflow/.local/lib/python3.8/site-packages/airflow/example_dags/example_sensor_decorator.py for tasks to queue
[2023-10-08T01:15:43.376+0000] {logging_mixin.py:151} INFO - [2023-10-08T01:15:43.376+0000] {dagbag.py:539} INFO - Filling up the DagBag from /home/airflow/.local/lib/python3.8/site-packages/airflow/example_dags/example_sensor_decorator.py
[2023-10-08T01:15:43.392+0000] {processor.py:839} INFO - DAG(s) dict_keys(['example_sensor_decorator']) retrieved from /home/airflow/.local/lib/python3.8/site-packages/airflow/example_dags/example_sensor_decorator.py
[2023-10-08T01:15:43.425+0000] {logging_mixin.py:151} INFO - [2023-10-08T01:15:43.425+0000] {dag.py:2907} INFO - Sync 1 DAGs
[2023-10-08T01:15:43.433+0000] {logging_mixin.py:151} INFO - [2023-10-08T01:15:43.433+0000] {dag.py:3677} INFO - Setting next_dagrun for example_sensor_decorator to None, run_after=None
[2023-10-08T01:15:43.455+0000] {processor.py:179} INFO - Processing /home/airflow/.local/lib/python3.8/site-packages/airflow/example_dags/example_sensor_decorator.py took 0.094 seconds
[2023-10-08T01:18:31.182+0000] {processor.py:157} INFO - Started process (PID=91791) to work on /home/airflow/.local/lib/python3.8/site-packages/airflow/example_dags/example_sensor_decorator.py
[2023-10-08T01:18:31.183+0000] {processor.py:829} INFO - Processing file /home/airflow/.local/lib/python3.8/site-packages/airflow/example_dags/example_sensor_decorator.py for tasks to queue
[2023-10-08T01:18:31.184+0000] {logging_mixin.py:151} INFO - [2023-10-08T01:18:31.184+0000] {dagbag.py:539} INFO - Filling up the DagBag from /home/airflow/.local/lib/python3.8/site-packages/airflow/example_dags/example_sensor_decorator.py
[2023-10-08T01:18:31.190+0000] {processor.py:839} INFO - DAG(s) dict_keys(['example_sensor_decorator']) retrieved from /home/airflow/.local/lib/python3.8/site-packages/airflow/example_dags/example_sensor_decorator.py
[2023-10-08T01:18:31.215+0000] {logging_mixin.py:151} INFO - [2023-10-08T01:18:31.215+0000] {dag.py:2907} INFO - Sync 1 DAGs
[2023-10-08T01:18:31.224+0000] {logging_mixin.py:151} INFO - [2023-10-08T01:18:31.223+0000] {dag.py:3677} INFO - Setting next_dagrun for example_sensor_decorator to None, run_after=None
[2023-10-08T01:18:31.236+0000] {processor.py:179} INFO - Processing /home/airflow/.local/lib/python3.8/site-packages/airflow/example_dags/example_sensor_decorator.py took 0.056 seconds
[2023-10-08T01:19:02.459+0000] {processor.py:157} INFO - Started process (PID=91842) to work on /home/airflow/.local/lib/python3.8/site-packages/airflow/example_dags/example_sensor_decorator.py
[2023-10-08T01:19:02.460+0000] {processor.py:829} INFO - Processing file /home/airflow/.local/lib/python3.8/site-packages/airflow/example_dags/example_sensor_decorator.py for tasks to queue
[2023-10-08T01:19:02.460+0000] {logging_mixin.py:151} INFO - [2023-10-08T01:19:02.460+0000] {dagbag.py:539} INFO - Filling up the DagBag from /home/airflow/.local/lib/python3.8/site-packages/airflow/example_dags/example_sensor_decorator.py
[2023-10-08T01:19:02.464+0000] {processor.py:839} INFO - DAG(s) dict_keys(['example_sensor_decorator']) retrieved from /home/airflow/.local/lib/python3.8/site-packages/airflow/example_dags/example_sensor_decorator.py
[2023-10-08T01:19:02.489+0000] {logging_mixin.py:151} INFO - [2023-10-08T01:19:02.489+0000] {dag.py:2907} INFO - Sync 1 DAGs
[2023-10-08T01:19:02.498+0000] {logging_mixin.py:151} INFO - [2023-10-08T01:19:02.498+0000] {dag.py:3677} INFO - Setting next_dagrun for example_sensor_decorator to None, run_after=None
[2023-10-08T01:19:02.513+0000] {processor.py:179} INFO - Processing /home/airflow/.local/lib/python3.8/site-packages/airflow/example_dags/example_sensor_decorator.py took 0.057 seconds
[2023-10-08T01:19:33.498+0000] {processor.py:157} INFO - Started process (PID=91893) to work on /home/airflow/.local/lib/python3.8/site-packages/airflow/example_dags/example_sensor_decorator.py
[2023-10-08T01:19:33.498+0000] {processor.py:829} INFO - Processing file /home/airflow/.local/lib/python3.8/site-packages/airflow/example_dags/example_sensor_decorator.py for tasks to queue
[2023-10-08T01:19:33.499+0000] {logging_mixin.py:151} INFO - [2023-10-08T01:19:33.499+0000] {dagbag.py:539} INFO - Filling up the DagBag from /home/airflow/.local/lib/python3.8/site-packages/airflow/example_dags/example_sensor_decorator.py
[2023-10-08T01:19:33.503+0000] {processor.py:839} INFO - DAG(s) dict_keys(['example_sensor_decorator']) retrieved from /home/airflow/.local/lib/python3.8/site-packages/airflow/example_dags/example_sensor_decorator.py
[2023-10-08T01:19:33.516+0000] {logging_mixin.py:151} INFO - [2023-10-08T01:19:33.516+0000] {dag.py:2907} INFO - Sync 1 DAGs
[2023-10-08T01:19:33.522+0000] {logging_mixin.py:151} INFO - [2023-10-08T01:19:33.522+0000] {dag.py:3677} INFO - Setting next_dagrun for example_sensor_decorator to None, run_after=None
[2023-10-08T01:19:33.534+0000] {processor.py:179} INFO - Processing /home/airflow/.local/lib/python3.8/site-packages/airflow/example_dags/example_sensor_decorator.py took 0.040 seconds
[2023-10-08T01:20:04.717+0000] {processor.py:157} INFO - Started process (PID=91944) to work on /home/airflow/.local/lib/python3.8/site-packages/airflow/example_dags/example_sensor_decorator.py
[2023-10-08T01:20:04.718+0000] {processor.py:829} INFO - Processing file /home/airflow/.local/lib/python3.8/site-packages/airflow/example_dags/example_sensor_decorator.py for tasks to queue
[2023-10-08T01:20:04.719+0000] {logging_mixin.py:151} INFO - [2023-10-08T01:20:04.719+0000] {dagbag.py:539} INFO - Filling up the DagBag from /home/airflow/.local/lib/python3.8/site-packages/airflow/example_dags/example_sensor_decorator.py
[2023-10-08T01:20:04.723+0000] {processor.py:839} INFO - DAG(s) dict_keys(['example_sensor_decorator']) retrieved from /home/airflow/.local/lib/python3.8/site-packages/airflow/example_dags/example_sensor_decorator.py
[2023-10-08T01:20:04.740+0000] {logging_mixin.py:151} INFO - [2023-10-08T01:20:04.740+0000] {dag.py:2907} INFO - Sync 1 DAGs
[2023-10-08T01:20:04.749+0000] {logging_mixin.py:151} INFO - [2023-10-08T01:20:04.749+0000] {dag.py:3677} INFO - Setting next_dagrun for example_sensor_decorator to None, run_after=None
[2023-10-08T01:20:04.774+0000] {processor.py:179} INFO - Processing /home/airflow/.local/lib/python3.8/site-packages/airflow/example_dags/example_sensor_decorator.py took 0.060 seconds
[2023-10-08T01:20:36.037+0000] {processor.py:157} INFO - Started process (PID=91995) to work on /home/airflow/.local/lib/python3.8/site-packages/airflow/example_dags/example_sensor_decorator.py
[2023-10-08T01:20:36.038+0000] {processor.py:829} INFO - Processing file /home/airflow/.local/lib/python3.8/site-packages/airflow/example_dags/example_sensor_decorator.py for tasks to queue
[2023-10-08T01:20:36.039+0000] {logging_mixin.py:151} INFO - [2023-10-08T01:20:36.039+0000] {dagbag.py:539} INFO - Filling up the DagBag from /home/airflow/.local/lib/python3.8/site-packages/airflow/example_dags/example_sensor_decorator.py
[2023-10-08T01:20:36.043+0000] {processor.py:839} INFO - DAG(s) dict_keys(['example_sensor_decorator']) retrieved from /home/airflow/.local/lib/python3.8/site-packages/airflow/example_dags/example_sensor_decorator.py
[2023-10-08T01:20:36.055+0000] {logging_mixin.py:151} INFO - [2023-10-08T01:20:36.055+0000] {dag.py:2907} INFO - Sync 1 DAGs
[2023-10-08T01:20:36.061+0000] {logging_mixin.py:151} INFO - [2023-10-08T01:20:36.061+0000] {dag.py:3677} INFO - Setting next_dagrun for example_sensor_decorator to None, run_after=None
[2023-10-08T01:20:36.071+0000] {processor.py:179} INFO - Processing /home/airflow/.local/lib/python3.8/site-packages/airflow/example_dags/example_sensor_decorator.py took 0.036 seconds
[2023-10-08T01:21:06.601+0000] {processor.py:157} INFO - Started process (PID=92046) to work on /home/airflow/.local/lib/python3.8/site-packages/airflow/example_dags/example_sensor_decorator.py
[2023-10-08T01:21:06.602+0000] {processor.py:829} INFO - Processing file /home/airflow/.local/lib/python3.8/site-packages/airflow/example_dags/example_sensor_decorator.py for tasks to queue
[2023-10-08T01:21:06.602+0000] {logging_mixin.py:151} INFO - [2023-10-08T01:21:06.602+0000] {dagbag.py:539} INFO - Filling up the DagBag from /home/airflow/.local/lib/python3.8/site-packages/airflow/example_dags/example_sensor_decorator.py
[2023-10-08T01:21:06.605+0000] {processor.py:839} INFO - DAG(s) dict_keys(['example_sensor_decorator']) retrieved from /home/airflow/.local/lib/python3.8/site-packages/airflow/example_dags/example_sensor_decorator.py
[2023-10-08T01:21:06.617+0000] {logging_mixin.py:151} INFO - [2023-10-08T01:21:06.617+0000] {dag.py:2907} INFO - Sync 1 DAGs
[2023-10-08T01:21:06.623+0000] {logging_mixin.py:151} INFO - [2023-10-08T01:21:06.623+0000] {dag.py:3677} INFO - Setting next_dagrun for example_sensor_decorator to None, run_after=None
[2023-10-08T01:21:06.633+0000] {processor.py:179} INFO - Processing /home/airflow/.local/lib/python3.8/site-packages/airflow/example_dags/example_sensor_decorator.py took 0.034 seconds
[2023-10-08T01:21:37.098+0000] {processor.py:157} INFO - Started process (PID=92097) to work on /home/airflow/.local/lib/python3.8/site-packages/airflow/example_dags/example_sensor_decorator.py
[2023-10-08T01:21:37.099+0000] {processor.py:829} INFO - Processing file /home/airflow/.local/lib/python3.8/site-packages/airflow/example_dags/example_sensor_decorator.py for tasks to queue
[2023-10-08T01:21:37.100+0000] {logging_mixin.py:151} INFO - [2023-10-08T01:21:37.099+0000] {dagbag.py:539} INFO - Filling up the DagBag from /home/airflow/.local/lib/python3.8/site-packages/airflow/example_dags/example_sensor_decorator.py
[2023-10-08T01:21:37.103+0000] {processor.py:839} INFO - DAG(s) dict_keys(['example_sensor_decorator']) retrieved from /home/airflow/.local/lib/python3.8/site-packages/airflow/example_dags/example_sensor_decorator.py
[2023-10-08T01:21:37.115+0000] {logging_mixin.py:151} INFO - [2023-10-08T01:21:37.115+0000] {dag.py:2907} INFO - Sync 1 DAGs
[2023-10-08T01:21:37.120+0000] {logging_mixin.py:151} INFO - [2023-10-08T01:21:37.120+0000] {dag.py:3677} INFO - Setting next_dagrun for example_sensor_decorator to None, run_after=None
[2023-10-08T01:21:37.133+0000] {processor.py:179} INFO - Processing /home/airflow/.local/lib/python3.8/site-packages/airflow/example_dags/example_sensor_decorator.py took 0.037 seconds
[2023-10-08T01:22:07.643+0000] {processor.py:157} INFO - Started process (PID=92148) to work on /home/airflow/.local/lib/python3.8/site-packages/airflow/example_dags/example_sensor_decorator.py
[2023-10-08T01:22:07.644+0000] {processor.py:829} INFO - Processing file /home/airflow/.local/lib/python3.8/site-packages/airflow/example_dags/example_sensor_decorator.py for tasks to queue
[2023-10-08T01:22:07.644+0000] {logging_mixin.py:151} INFO - [2023-10-08T01:22:07.644+0000] {dagbag.py:539} INFO - Filling up the DagBag from /home/airflow/.local/lib/python3.8/site-packages/airflow/example_dags/example_sensor_decorator.py
[2023-10-08T01:22:07.648+0000] {processor.py:839} INFO - DAG(s) dict_keys(['example_sensor_decorator']) retrieved from /home/airflow/.local/lib/python3.8/site-packages/airflow/example_dags/example_sensor_decorator.py
[2023-10-08T01:22:07.659+0000] {logging_mixin.py:151} INFO - [2023-10-08T01:22:07.659+0000] {dag.py:2907} INFO - Sync 1 DAGs
[2023-10-08T01:22:07.664+0000] {logging_mixin.py:151} INFO - [2023-10-08T01:22:07.664+0000] {dag.py:3677} INFO - Setting next_dagrun for example_sensor_decorator to None, run_after=None
[2023-10-08T01:22:07.675+0000] {processor.py:179} INFO - Processing /home/airflow/.local/lib/python3.8/site-packages/airflow/example_dags/example_sensor_decorator.py took 0.034 seconds
[2023-10-08T01:22:38.248+0000] {processor.py:157} INFO - Started process (PID=92199) to work on /home/airflow/.local/lib/python3.8/site-packages/airflow/example_dags/example_sensor_decorator.py
[2023-10-08T01:22:38.249+0000] {processor.py:829} INFO - Processing file /home/airflow/.local/lib/python3.8/site-packages/airflow/example_dags/example_sensor_decorator.py for tasks to queue
[2023-10-08T01:22:38.250+0000] {logging_mixin.py:151} INFO - [2023-10-08T01:22:38.250+0000] {dagbag.py:539} INFO - Filling up the DagBag from /home/airflow/.local/lib/python3.8/site-packages/airflow/example_dags/example_sensor_decorator.py
[2023-10-08T01:22:38.254+0000] {processor.py:839} INFO - DAG(s) dict_keys(['example_sensor_decorator']) retrieved from /home/airflow/.local/lib/python3.8/site-packages/airflow/example_dags/example_sensor_decorator.py
[2023-10-08T01:22:38.269+0000] {logging_mixin.py:151} INFO - [2023-10-08T01:22:38.269+0000] {dag.py:2907} INFO - Sync 1 DAGs
[2023-10-08T01:22:38.275+0000] {logging_mixin.py:151} INFO - [2023-10-08T01:22:38.275+0000] {dag.py:3677} INFO - Setting next_dagrun for example_sensor_decorator to None, run_after=None
[2023-10-08T01:22:38.287+0000] {processor.py:179} INFO - Processing /home/airflow/.local/lib/python3.8/site-packages/airflow/example_dags/example_sensor_decorator.py took 0.041 seconds
[2023-10-08T01:23:08.839+0000] {processor.py:157} INFO - Started process (PID=92250) to work on /home/airflow/.local/lib/python3.8/site-packages/airflow/example_dags/example_sensor_decorator.py
[2023-10-08T01:23:08.840+0000] {processor.py:829} INFO - Processing file /home/airflow/.local/lib/python3.8/site-packages/airflow/example_dags/example_sensor_decorator.py for tasks to queue
[2023-10-08T01:23:08.840+0000] {logging_mixin.py:151} INFO - [2023-10-08T01:23:08.840+0000] {dagbag.py:539} INFO - Filling up the DagBag from /home/airflow/.local/lib/python3.8/site-packages/airflow/example_dags/example_sensor_decorator.py
[2023-10-08T01:23:08.844+0000] {processor.py:839} INFO - DAG(s) dict_keys(['example_sensor_decorator']) retrieved from /home/airflow/.local/lib/python3.8/site-packages/airflow/example_dags/example_sensor_decorator.py
[2023-10-08T01:23:08.857+0000] {logging_mixin.py:151} INFO - [2023-10-08T01:23:08.857+0000] {dag.py:2907} INFO - Sync 1 DAGs
[2023-10-08T01:23:08.862+0000] {logging_mixin.py:151} INFO - [2023-10-08T01:23:08.862+0000] {dag.py:3677} INFO - Setting next_dagrun for example_sensor_decorator to None, run_after=None
[2023-10-08T01:23:08.873+0000] {processor.py:179} INFO - Processing /home/airflow/.local/lib/python3.8/site-packages/airflow/example_dags/example_sensor_decorator.py took 0.035 seconds
[2023-10-08T01:23:39.410+0000] {processor.py:157} INFO - Started process (PID=92301) to work on /home/airflow/.local/lib/python3.8/site-packages/airflow/example_dags/example_sensor_decorator.py
[2023-10-08T01:23:39.411+0000] {processor.py:829} INFO - Processing file /home/airflow/.local/lib/python3.8/site-packages/airflow/example_dags/example_sensor_decorator.py for tasks to queue
[2023-10-08T01:23:39.411+0000] {logging_mixin.py:151} INFO - [2023-10-08T01:23:39.411+0000] {dagbag.py:539} INFO - Filling up the DagBag from /home/airflow/.local/lib/python3.8/site-packages/airflow/example_dags/example_sensor_decorator.py
[2023-10-08T01:23:39.415+0000] {processor.py:839} INFO - DAG(s) dict_keys(['example_sensor_decorator']) retrieved from /home/airflow/.local/lib/python3.8/site-packages/airflow/example_dags/example_sensor_decorator.py
[2023-10-08T01:23:39.427+0000] {logging_mixin.py:151} INFO - [2023-10-08T01:23:39.427+0000] {dag.py:2907} INFO - Sync 1 DAGs
[2023-10-08T01:23:39.435+0000] {logging_mixin.py:151} INFO - [2023-10-08T01:23:39.435+0000] {dag.py:3677} INFO - Setting next_dagrun for example_sensor_decorator to None, run_after=None
[2023-10-08T01:23:39.449+0000] {processor.py:179} INFO - Processing /home/airflow/.local/lib/python3.8/site-packages/airflow/example_dags/example_sensor_decorator.py took 0.041 seconds
[2023-10-08T01:24:09.843+0000] {processor.py:157} INFO - Started process (PID=92352) to work on /home/airflow/.local/lib/python3.8/site-packages/airflow/example_dags/example_sensor_decorator.py
[2023-10-08T01:24:09.844+0000] {processor.py:829} INFO - Processing file /home/airflow/.local/lib/python3.8/site-packages/airflow/example_dags/example_sensor_decorator.py for tasks to queue
[2023-10-08T01:24:09.844+0000] {logging_mixin.py:151} INFO - [2023-10-08T01:24:09.844+0000] {dagbag.py:539} INFO - Filling up the DagBag from /home/airflow/.local/lib/python3.8/site-packages/airflow/example_dags/example_sensor_decorator.py
[2023-10-08T01:24:09.848+0000] {processor.py:839} INFO - DAG(s) dict_keys(['example_sensor_decorator']) retrieved from /home/airflow/.local/lib/python3.8/site-packages/airflow/example_dags/example_sensor_decorator.py
[2023-10-08T01:24:09.861+0000] {logging_mixin.py:151} INFO - [2023-10-08T01:24:09.861+0000] {dag.py:2907} INFO - Sync 1 DAGs
[2023-10-08T01:24:09.866+0000] {logging_mixin.py:151} INFO - [2023-10-08T01:24:09.866+0000] {dag.py:3677} INFO - Setting next_dagrun for example_sensor_decorator to None, run_after=None
[2023-10-08T01:24:09.877+0000] {processor.py:179} INFO - Processing /home/airflow/.local/lib/python3.8/site-packages/airflow/example_dags/example_sensor_decorator.py took 0.037 seconds
[2023-10-08T01:24:40.299+0000] {processor.py:157} INFO - Started process (PID=92403) to work on /home/airflow/.local/lib/python3.8/site-packages/airflow/example_dags/example_sensor_decorator.py
[2023-10-08T01:24:40.300+0000] {processor.py:829} INFO - Processing file /home/airflow/.local/lib/python3.8/site-packages/airflow/example_dags/example_sensor_decorator.py for tasks to queue
[2023-10-08T01:24:40.300+0000] {logging_mixin.py:151} INFO - [2023-10-08T01:24:40.300+0000] {dagbag.py:539} INFO - Filling up the DagBag from /home/airflow/.local/lib/python3.8/site-packages/airflow/example_dags/example_sensor_decorator.py
[2023-10-08T01:24:40.304+0000] {processor.py:839} INFO - DAG(s) dict_keys(['example_sensor_decorator']) retrieved from /home/airflow/.local/lib/python3.8/site-packages/airflow/example_dags/example_sensor_decorator.py
[2023-10-08T01:24:40.317+0000] {logging_mixin.py:151} INFO - [2023-10-08T01:24:40.317+0000] {dag.py:2907} INFO - Sync 1 DAGs
[2023-10-08T01:24:40.323+0000] {logging_mixin.py:151} INFO - [2023-10-08T01:24:40.323+0000] {dag.py:3677} INFO - Setting next_dagrun for example_sensor_decorator to None, run_after=None
[2023-10-08T01:24:40.333+0000] {processor.py:179} INFO - Processing /home/airflow/.local/lib/python3.8/site-packages/airflow/example_dags/example_sensor_decorator.py took 0.037 seconds
[2023-10-08T01:25:10.829+0000] {processor.py:157} INFO - Started process (PID=92454) to work on /home/airflow/.local/lib/python3.8/site-packages/airflow/example_dags/example_sensor_decorator.py
[2023-10-08T01:25:10.830+0000] {processor.py:829} INFO - Processing file /home/airflow/.local/lib/python3.8/site-packages/airflow/example_dags/example_sensor_decorator.py for tasks to queue
[2023-10-08T01:25:10.830+0000] {logging_mixin.py:151} INFO - [2023-10-08T01:25:10.830+0000] {dagbag.py:539} INFO - Filling up the DagBag from /home/airflow/.local/lib/python3.8/site-packages/airflow/example_dags/example_sensor_decorator.py
[2023-10-08T01:25:10.834+0000] {processor.py:839} INFO - DAG(s) dict_keys(['example_sensor_decorator']) retrieved from /home/airflow/.local/lib/python3.8/site-packages/airflow/example_dags/example_sensor_decorator.py
[2023-10-08T01:25:10.847+0000] {logging_mixin.py:151} INFO - [2023-10-08T01:25:10.847+0000] {dag.py:2907} INFO - Sync 1 DAGs
[2023-10-08T01:25:10.853+0000] {logging_mixin.py:151} INFO - [2023-10-08T01:25:10.853+0000] {dag.py:3677} INFO - Setting next_dagrun for example_sensor_decorator to None, run_after=None
[2023-10-08T01:25:10.863+0000] {processor.py:179} INFO - Processing /home/airflow/.local/lib/python3.8/site-packages/airflow/example_dags/example_sensor_decorator.py took 0.037 seconds
[2023-10-08T01:25:41.734+0000] {processor.py:157} INFO - Started process (PID=92505) to work on /home/airflow/.local/lib/python3.8/site-packages/airflow/example_dags/example_sensor_decorator.py
[2023-10-08T01:25:41.735+0000] {processor.py:829} INFO - Processing file /home/airflow/.local/lib/python3.8/site-packages/airflow/example_dags/example_sensor_decorator.py for tasks to queue
[2023-10-08T01:25:41.736+0000] {logging_mixin.py:151} INFO - [2023-10-08T01:25:41.736+0000] {dagbag.py:539} INFO - Filling up the DagBag from /home/airflow/.local/lib/python3.8/site-packages/airflow/example_dags/example_sensor_decorator.py
[2023-10-08T01:25:41.741+0000] {processor.py:839} INFO - DAG(s) dict_keys(['example_sensor_decorator']) retrieved from /home/airflow/.local/lib/python3.8/site-packages/airflow/example_dags/example_sensor_decorator.py
[2023-10-08T01:25:41.755+0000] {logging_mixin.py:151} INFO - [2023-10-08T01:25:41.754+0000] {dag.py:2907} INFO - Sync 1 DAGs
[2023-10-08T01:25:41.760+0000] {logging_mixin.py:151} INFO - [2023-10-08T01:25:41.760+0000] {dag.py:3677} INFO - Setting next_dagrun for example_sensor_decorator to None, run_after=None
[2023-10-08T01:25:41.771+0000] {processor.py:179} INFO - Processing /home/airflow/.local/lib/python3.8/site-packages/airflow/example_dags/example_sensor_decorator.py took 0.041 seconds
[2023-10-08T01:28:31.240+0000] {processor.py:157} INFO - Started process (PID=36) to work on /home/airflow/.local/lib/python3.8/site-packages/airflow/example_dags/example_sensor_decorator.py
[2023-10-08T01:28:31.241+0000] {processor.py:829} INFO - Processing file /home/airflow/.local/lib/python3.8/site-packages/airflow/example_dags/example_sensor_decorator.py for tasks to queue
[2023-10-08T01:28:31.243+0000] {logging_mixin.py:151} INFO - [2023-10-08T01:28:31.242+0000] {dagbag.py:539} INFO - Filling up the DagBag from /home/airflow/.local/lib/python3.8/site-packages/airflow/example_dags/example_sensor_decorator.py
[2023-10-08T01:28:31.248+0000] {processor.py:839} INFO - DAG(s) dict_keys(['example_sensor_decorator']) retrieved from /home/airflow/.local/lib/python3.8/site-packages/airflow/example_dags/example_sensor_decorator.py
[2023-10-08T01:28:31.272+0000] {logging_mixin.py:151} INFO - [2023-10-08T01:28:31.271+0000] {dag.py:2907} INFO - Sync 1 DAGs
[2023-10-08T01:28:31.418+0000] {logging_mixin.py:151} INFO - [2023-10-08T01:28:31.418+0000] {dag.py:3677} INFO - Setting next_dagrun for example_sensor_decorator to None, run_after=None
[2023-10-08T01:28:31.440+0000] {processor.py:179} INFO - Processing /home/airflow/.local/lib/python3.8/site-packages/airflow/example_dags/example_sensor_decorator.py took 0.202 seconds
[2023-10-08T01:29:01.611+0000] {processor.py:157} INFO - Started process (PID=87) to work on /home/airflow/.local/lib/python3.8/site-packages/airflow/example_dags/example_sensor_decorator.py
[2023-10-08T01:29:01.611+0000] {processor.py:829} INFO - Processing file /home/airflow/.local/lib/python3.8/site-packages/airflow/example_dags/example_sensor_decorator.py for tasks to queue
[2023-10-08T01:29:01.613+0000] {logging_mixin.py:151} INFO - [2023-10-08T01:29:01.612+0000] {dagbag.py:539} INFO - Filling up the DagBag from /home/airflow/.local/lib/python3.8/site-packages/airflow/example_dags/example_sensor_decorator.py
[2023-10-08T01:29:01.617+0000] {processor.py:839} INFO - DAG(s) dict_keys(['example_sensor_decorator']) retrieved from /home/airflow/.local/lib/python3.8/site-packages/airflow/example_dags/example_sensor_decorator.py
[2023-10-08T01:29:01.629+0000] {logging_mixin.py:151} INFO - [2023-10-08T01:29:01.629+0000] {dag.py:2907} INFO - Sync 1 DAGs
[2023-10-08T01:29:01.637+0000] {logging_mixin.py:151} INFO - [2023-10-08T01:29:01.636+0000] {dag.py:3677} INFO - Setting next_dagrun for example_sensor_decorator to None, run_after=None
[2023-10-08T01:29:01.649+0000] {processor.py:179} INFO - Processing /home/airflow/.local/lib/python3.8/site-packages/airflow/example_dags/example_sensor_decorator.py took 0.040 seconds
[2023-10-08T01:29:31.966+0000] {processor.py:157} INFO - Started process (PID=138) to work on /home/airflow/.local/lib/python3.8/site-packages/airflow/example_dags/example_sensor_decorator.py
[2023-10-08T01:29:31.967+0000] {processor.py:829} INFO - Processing file /home/airflow/.local/lib/python3.8/site-packages/airflow/example_dags/example_sensor_decorator.py for tasks to queue
[2023-10-08T01:29:31.968+0000] {logging_mixin.py:151} INFO - [2023-10-08T01:29:31.968+0000] {dagbag.py:539} INFO - Filling up the DagBag from /home/airflow/.local/lib/python3.8/site-packages/airflow/example_dags/example_sensor_decorator.py
[2023-10-08T01:29:31.971+0000] {processor.py:839} INFO - DAG(s) dict_keys(['example_sensor_decorator']) retrieved from /home/airflow/.local/lib/python3.8/site-packages/airflow/example_dags/example_sensor_decorator.py
[2023-10-08T01:29:31.983+0000] {logging_mixin.py:151} INFO - [2023-10-08T01:29:31.983+0000] {dag.py:2907} INFO - Sync 1 DAGs
[2023-10-08T01:29:31.989+0000] {logging_mixin.py:151} INFO - [2023-10-08T01:29:31.989+0000] {dag.py:3677} INFO - Setting next_dagrun for example_sensor_decorator to None, run_after=None
[2023-10-08T01:29:32.000+0000] {processor.py:179} INFO - Processing /home/airflow/.local/lib/python3.8/site-packages/airflow/example_dags/example_sensor_decorator.py took 0.036 seconds
[2023-10-08T01:30:02.240+0000] {processor.py:157} INFO - Started process (PID=189) to work on /home/airflow/.local/lib/python3.8/site-packages/airflow/example_dags/example_sensor_decorator.py
[2023-10-08T01:30:02.240+0000] {processor.py:829} INFO - Processing file /home/airflow/.local/lib/python3.8/site-packages/airflow/example_dags/example_sensor_decorator.py for tasks to queue
[2023-10-08T01:30:02.242+0000] {logging_mixin.py:151} INFO - [2023-10-08T01:30:02.241+0000] {dagbag.py:539} INFO - Filling up the DagBag from /home/airflow/.local/lib/python3.8/site-packages/airflow/example_dags/example_sensor_decorator.py
[2023-10-08T01:30:02.245+0000] {processor.py:839} INFO - DAG(s) dict_keys(['example_sensor_decorator']) retrieved from /home/airflow/.local/lib/python3.8/site-packages/airflow/example_dags/example_sensor_decorator.py
[2023-10-08T01:30:02.256+0000] {logging_mixin.py:151} INFO - [2023-10-08T01:30:02.256+0000] {dag.py:2907} INFO - Sync 1 DAGs
[2023-10-08T01:30:02.262+0000] {logging_mixin.py:151} INFO - [2023-10-08T01:30:02.262+0000] {dag.py:3677} INFO - Setting next_dagrun for example_sensor_decorator to None, run_after=None
[2023-10-08T01:30:02.272+0000] {processor.py:179} INFO - Processing /home/airflow/.local/lib/python3.8/site-packages/airflow/example_dags/example_sensor_decorator.py took 0.034 seconds
[2023-10-08T01:30:33.616+0000] {processor.py:157} INFO - Started process (PID=240) to work on /home/airflow/.local/lib/python3.8/site-packages/airflow/example_dags/example_sensor_decorator.py
[2023-10-08T01:30:33.617+0000] {processor.py:829} INFO - Processing file /home/airflow/.local/lib/python3.8/site-packages/airflow/example_dags/example_sensor_decorator.py for tasks to queue
[2023-10-08T01:30:33.621+0000] {logging_mixin.py:151} INFO - [2023-10-08T01:30:33.621+0000] {dagbag.py:539} INFO - Filling up the DagBag from /home/airflow/.local/lib/python3.8/site-packages/airflow/example_dags/example_sensor_decorator.py
[2023-10-08T01:30:33.625+0000] {processor.py:839} INFO - DAG(s) dict_keys(['example_sensor_decorator']) retrieved from /home/airflow/.local/lib/python3.8/site-packages/airflow/example_dags/example_sensor_decorator.py
[2023-10-08T01:30:33.655+0000] {logging_mixin.py:151} INFO - [2023-10-08T01:30:33.655+0000] {dag.py:2907} INFO - Sync 1 DAGs
[2023-10-08T01:30:33.663+0000] {logging_mixin.py:151} INFO - [2023-10-08T01:30:33.663+0000] {dag.py:3677} INFO - Setting next_dagrun for example_sensor_decorator to None, run_after=None
[2023-10-08T01:30:33.708+0000] {processor.py:179} INFO - Processing /home/airflow/.local/lib/python3.8/site-packages/airflow/example_dags/example_sensor_decorator.py took 0.095 seconds
