[2023-10-08T00:10:25.458+0000] {processor.py:157} INFO - Started process (PID=89928) to work on /home/airflow/.local/lib/python3.8/site-packages/airflow/example_dags/tutorial_taskflow_api_virtualenv.py
[2023-10-08T00:10:25.459+0000] {processor.py:829} INFO - Processing file /home/airflow/.local/lib/python3.8/site-packages/airflow/example_dags/tutorial_taskflow_api_virtualenv.py for tasks to queue
[2023-10-08T00:10:25.460+0000] {logging_mixin.py:151} INFO - [2023-10-08T00:10:25.459+0000] {dagbag.py:539} INFO - Filling up the DagBag from /home/airflow/.local/lib/python3.8/site-packages/airflow/example_dags/tutorial_taskflow_api_virtualenv.py
[2023-10-08T00:10:25.466+0000] {processor.py:839} INFO - DAG(s) dict_keys(['tutorial_taskflow_api_virtualenv']) retrieved from /home/airflow/.local/lib/python3.8/site-packages/airflow/example_dags/tutorial_taskflow_api_virtualenv.py
[2023-10-08T00:10:25.483+0000] {logging_mixin.py:151} INFO - [2023-10-08T00:10:25.483+0000] {dag.py:2907} INFO - Sync 1 DAGs
[2023-10-08T00:10:25.492+0000] {logging_mixin.py:151} INFO - [2023-10-08T00:10:25.492+0000] {dag.py:3677} INFO - Setting next_dagrun for tutorial_taskflow_api_virtualenv to None, run_after=None
[2023-10-08T00:10:25.511+0000] {processor.py:179} INFO - Processing /home/airflow/.local/lib/python3.8/site-packages/airflow/example_dags/tutorial_taskflow_api_virtualenv.py took 0.056 seconds
[2023-10-08T00:10:56.552+0000] {processor.py:157} INFO - Started process (PID=89979) to work on /home/airflow/.local/lib/python3.8/site-packages/airflow/example_dags/tutorial_taskflow_api_virtualenv.py
[2023-10-08T00:10:56.553+0000] {processor.py:829} INFO - Processing file /home/airflow/.local/lib/python3.8/site-packages/airflow/example_dags/tutorial_taskflow_api_virtualenv.py for tasks to queue
[2023-10-08T00:10:56.553+0000] {logging_mixin.py:151} INFO - [2023-10-08T00:10:56.553+0000] {dagbag.py:539} INFO - Filling up the DagBag from /home/airflow/.local/lib/python3.8/site-packages/airflow/example_dags/tutorial_taskflow_api_virtualenv.py
[2023-10-08T00:10:56.557+0000] {processor.py:839} INFO - DAG(s) dict_keys(['tutorial_taskflow_api_virtualenv']) retrieved from /home/airflow/.local/lib/python3.8/site-packages/airflow/example_dags/tutorial_taskflow_api_virtualenv.py
[2023-10-08T00:10:56.570+0000] {logging_mixin.py:151} INFO - [2023-10-08T00:10:56.570+0000] {dag.py:2907} INFO - Sync 1 DAGs
[2023-10-08T00:10:56.576+0000] {logging_mixin.py:151} INFO - [2023-10-08T00:10:56.576+0000] {dag.py:3677} INFO - Setting next_dagrun for tutorial_taskflow_api_virtualenv to None, run_after=None
[2023-10-08T00:10:56.615+0000] {processor.py:179} INFO - Processing /home/airflow/.local/lib/python3.8/site-packages/airflow/example_dags/tutorial_taskflow_api_virtualenv.py took 0.065 seconds
[2023-10-08T00:26:23.314+0000] {processor.py:157} INFO - Started process (PID=90032) to work on /home/airflow/.local/lib/python3.8/site-packages/airflow/example_dags/tutorial_taskflow_api_virtualenv.py
[2023-10-08T00:26:23.314+0000] {processor.py:829} INFO - Processing file /home/airflow/.local/lib/python3.8/site-packages/airflow/example_dags/tutorial_taskflow_api_virtualenv.py for tasks to queue
[2023-10-08T00:26:23.315+0000] {logging_mixin.py:151} INFO - [2023-10-08T00:26:23.315+0000] {dagbag.py:539} INFO - Filling up the DagBag from /home/airflow/.local/lib/python3.8/site-packages/airflow/example_dags/tutorial_taskflow_api_virtualenv.py
[2023-10-08T00:26:23.319+0000] {processor.py:839} INFO - DAG(s) dict_keys(['tutorial_taskflow_api_virtualenv']) retrieved from /home/airflow/.local/lib/python3.8/site-packages/airflow/example_dags/tutorial_taskflow_api_virtualenv.py
[2023-10-08T00:26:23.332+0000] {logging_mixin.py:151} INFO - [2023-10-08T00:26:23.332+0000] {dag.py:2907} INFO - Sync 1 DAGs
[2023-10-08T00:26:23.338+0000] {logging_mixin.py:151} INFO - [2023-10-08T00:26:23.338+0000] {dag.py:3677} INFO - Setting next_dagrun for tutorial_taskflow_api_virtualenv to None, run_after=None
[2023-10-08T00:26:23.348+0000] {processor.py:179} INFO - Processing /home/airflow/.local/lib/python3.8/site-packages/airflow/example_dags/tutorial_taskflow_api_virtualenv.py took 0.037 seconds
[2023-10-08T00:26:54.494+0000] {processor.py:157} INFO - Started process (PID=90083) to work on /home/airflow/.local/lib/python3.8/site-packages/airflow/example_dags/tutorial_taskflow_api_virtualenv.py
[2023-10-08T00:26:54.494+0000] {processor.py:829} INFO - Processing file /home/airflow/.local/lib/python3.8/site-packages/airflow/example_dags/tutorial_taskflow_api_virtualenv.py for tasks to queue
[2023-10-08T00:26:54.495+0000] {logging_mixin.py:151} INFO - [2023-10-08T00:26:54.495+0000] {dagbag.py:539} INFO - Filling up the DagBag from /home/airflow/.local/lib/python3.8/site-packages/airflow/example_dags/tutorial_taskflow_api_virtualenv.py
[2023-10-08T00:26:54.499+0000] {processor.py:839} INFO - DAG(s) dict_keys(['tutorial_taskflow_api_virtualenv']) retrieved from /home/airflow/.local/lib/python3.8/site-packages/airflow/example_dags/tutorial_taskflow_api_virtualenv.py
[2023-10-08T00:26:54.510+0000] {logging_mixin.py:151} INFO - [2023-10-08T00:26:54.510+0000] {dag.py:2907} INFO - Sync 1 DAGs
[2023-10-08T00:26:54.515+0000] {logging_mixin.py:151} INFO - [2023-10-08T00:26:54.515+0000] {dag.py:3677} INFO - Setting next_dagrun for tutorial_taskflow_api_virtualenv to None, run_after=None
[2023-10-08T00:26:54.526+0000] {processor.py:179} INFO - Processing /home/airflow/.local/lib/python3.8/site-packages/airflow/example_dags/tutorial_taskflow_api_virtualenv.py took 0.034 seconds
[2023-10-08T00:43:23.515+0000] {processor.py:157} INFO - Started process (PID=90134) to work on /home/airflow/.local/lib/python3.8/site-packages/airflow/example_dags/tutorial_taskflow_api_virtualenv.py
[2023-10-08T00:43:23.516+0000] {processor.py:829} INFO - Processing file /home/airflow/.local/lib/python3.8/site-packages/airflow/example_dags/tutorial_taskflow_api_virtualenv.py for tasks to queue
[2023-10-08T00:43:23.516+0000] {logging_mixin.py:151} INFO - [2023-10-08T00:43:23.516+0000] {dagbag.py:539} INFO - Filling up the DagBag from /home/airflow/.local/lib/python3.8/site-packages/airflow/example_dags/tutorial_taskflow_api_virtualenv.py
[2023-10-08T00:43:23.520+0000] {processor.py:839} INFO - DAG(s) dict_keys(['tutorial_taskflow_api_virtualenv']) retrieved from /home/airflow/.local/lib/python3.8/site-packages/airflow/example_dags/tutorial_taskflow_api_virtualenv.py
[2023-10-08T00:43:23.532+0000] {logging_mixin.py:151} INFO - [2023-10-08T00:43:23.532+0000] {dag.py:2907} INFO - Sync 1 DAGs
[2023-10-08T00:43:23.538+0000] {logging_mixin.py:151} INFO - [2023-10-08T00:43:23.538+0000] {dag.py:3677} INFO - Setting next_dagrun for tutorial_taskflow_api_virtualenv to None, run_after=None
[2023-10-08T00:43:23.555+0000] {processor.py:179} INFO - Processing /home/airflow/.local/lib/python3.8/site-packages/airflow/example_dags/tutorial_taskflow_api_virtualenv.py took 0.042 seconds
[2023-10-08T00:43:54.561+0000] {processor.py:157} INFO - Started process (PID=90185) to work on /home/airflow/.local/lib/python3.8/site-packages/airflow/example_dags/tutorial_taskflow_api_virtualenv.py
[2023-10-08T00:43:54.562+0000] {processor.py:829} INFO - Processing file /home/airflow/.local/lib/python3.8/site-packages/airflow/example_dags/tutorial_taskflow_api_virtualenv.py for tasks to queue
[2023-10-08T00:43:54.563+0000] {logging_mixin.py:151} INFO - [2023-10-08T00:43:54.563+0000] {dagbag.py:539} INFO - Filling up the DagBag from /home/airflow/.local/lib/python3.8/site-packages/airflow/example_dags/tutorial_taskflow_api_virtualenv.py
[2023-10-08T00:43:54.567+0000] {processor.py:839} INFO - DAG(s) dict_keys(['tutorial_taskflow_api_virtualenv']) retrieved from /home/airflow/.local/lib/python3.8/site-packages/airflow/example_dags/tutorial_taskflow_api_virtualenv.py
[2023-10-08T00:43:54.579+0000] {logging_mixin.py:151} INFO - [2023-10-08T00:43:54.579+0000] {dag.py:2907} INFO - Sync 1 DAGs
[2023-10-08T00:43:54.584+0000] {logging_mixin.py:151} INFO - [2023-10-08T00:43:54.584+0000] {dag.py:3677} INFO - Setting next_dagrun for tutorial_taskflow_api_virtualenv to None, run_after=None
[2023-10-08T00:43:54.596+0000] {processor.py:179} INFO - Processing /home/airflow/.local/lib/python3.8/site-packages/airflow/example_dags/tutorial_taskflow_api_virtualenv.py took 0.037 seconds
[2023-10-08T00:44:24.963+0000] {processor.py:157} INFO - Started process (PID=90236) to work on /home/airflow/.local/lib/python3.8/site-packages/airflow/example_dags/tutorial_taskflow_api_virtualenv.py
[2023-10-08T00:44:24.963+0000] {processor.py:829} INFO - Processing file /home/airflow/.local/lib/python3.8/site-packages/airflow/example_dags/tutorial_taskflow_api_virtualenv.py for tasks to queue
[2023-10-08T00:44:24.964+0000] {logging_mixin.py:151} INFO - [2023-10-08T00:44:24.963+0000] {dagbag.py:539} INFO - Filling up the DagBag from /home/airflow/.local/lib/python3.8/site-packages/airflow/example_dags/tutorial_taskflow_api_virtualenv.py
[2023-10-08T00:44:24.967+0000] {processor.py:839} INFO - DAG(s) dict_keys(['tutorial_taskflow_api_virtualenv']) retrieved from /home/airflow/.local/lib/python3.8/site-packages/airflow/example_dags/tutorial_taskflow_api_virtualenv.py
[2023-10-08T00:44:24.980+0000] {logging_mixin.py:151} INFO - [2023-10-08T00:44:24.980+0000] {dag.py:2907} INFO - Sync 1 DAGs
[2023-10-08T00:44:24.985+0000] {logging_mixin.py:151} INFO - [2023-10-08T00:44:24.985+0000] {dag.py:3677} INFO - Setting next_dagrun for tutorial_taskflow_api_virtualenv to None, run_after=None
[2023-10-08T00:44:24.996+0000] {processor.py:179} INFO - Processing /home/airflow/.local/lib/python3.8/site-packages/airflow/example_dags/tutorial_taskflow_api_virtualenv.py took 0.035 seconds
[2023-10-08T00:44:56.742+0000] {processor.py:157} INFO - Started process (PID=90287) to work on /home/airflow/.local/lib/python3.8/site-packages/airflow/example_dags/tutorial_taskflow_api_virtualenv.py
[2023-10-08T00:44:56.743+0000] {processor.py:829} INFO - Processing file /home/airflow/.local/lib/python3.8/site-packages/airflow/example_dags/tutorial_taskflow_api_virtualenv.py for tasks to queue
[2023-10-08T00:44:56.743+0000] {logging_mixin.py:151} INFO - [2023-10-08T00:44:56.743+0000] {dagbag.py:539} INFO - Filling up the DagBag from /home/airflow/.local/lib/python3.8/site-packages/airflow/example_dags/tutorial_taskflow_api_virtualenv.py
[2023-10-08T00:44:56.747+0000] {processor.py:839} INFO - DAG(s) dict_keys(['tutorial_taskflow_api_virtualenv']) retrieved from /home/airflow/.local/lib/python3.8/site-packages/airflow/example_dags/tutorial_taskflow_api_virtualenv.py
[2023-10-08T00:44:56.764+0000] {logging_mixin.py:151} INFO - [2023-10-08T00:44:56.764+0000] {dag.py:2907} INFO - Sync 1 DAGs
[2023-10-08T00:44:56.770+0000] {logging_mixin.py:151} INFO - [2023-10-08T00:44:56.770+0000] {dag.py:3677} INFO - Setting next_dagrun for tutorial_taskflow_api_virtualenv to None, run_after=None
[2023-10-08T00:44:56.779+0000] {processor.py:179} INFO - Processing /home/airflow/.local/lib/python3.8/site-packages/airflow/example_dags/tutorial_taskflow_api_virtualenv.py took 0.040 seconds
[2023-10-08T00:45:27.517+0000] {processor.py:157} INFO - Started process (PID=90338) to work on /home/airflow/.local/lib/python3.8/site-packages/airflow/example_dags/tutorial_taskflow_api_virtualenv.py
[2023-10-08T00:45:27.518+0000] {processor.py:829} INFO - Processing file /home/airflow/.local/lib/python3.8/site-packages/airflow/example_dags/tutorial_taskflow_api_virtualenv.py for tasks to queue
[2023-10-08T00:45:27.518+0000] {logging_mixin.py:151} INFO - [2023-10-08T00:45:27.518+0000] {dagbag.py:539} INFO - Filling up the DagBag from /home/airflow/.local/lib/python3.8/site-packages/airflow/example_dags/tutorial_taskflow_api_virtualenv.py
[2023-10-08T00:45:27.522+0000] {processor.py:839} INFO - DAG(s) dict_keys(['tutorial_taskflow_api_virtualenv']) retrieved from /home/airflow/.local/lib/python3.8/site-packages/airflow/example_dags/tutorial_taskflow_api_virtualenv.py
[2023-10-08T00:45:27.535+0000] {logging_mixin.py:151} INFO - [2023-10-08T00:45:27.534+0000] {dag.py:2907} INFO - Sync 1 DAGs
[2023-10-08T00:45:27.541+0000] {logging_mixin.py:151} INFO - [2023-10-08T00:45:27.541+0000] {dag.py:3677} INFO - Setting next_dagrun for tutorial_taskflow_api_virtualenv to None, run_after=None
[2023-10-08T00:45:27.552+0000] {processor.py:179} INFO - Processing /home/airflow/.local/lib/python3.8/site-packages/airflow/example_dags/tutorial_taskflow_api_virtualenv.py took 0.037 seconds
[2023-10-08T00:45:58.354+0000] {processor.py:157} INFO - Started process (PID=90389) to work on /home/airflow/.local/lib/python3.8/site-packages/airflow/example_dags/tutorial_taskflow_api_virtualenv.py
[2023-10-08T00:45:58.354+0000] {processor.py:829} INFO - Processing file /home/airflow/.local/lib/python3.8/site-packages/airflow/example_dags/tutorial_taskflow_api_virtualenv.py for tasks to queue
[2023-10-08T00:45:58.355+0000] {logging_mixin.py:151} INFO - [2023-10-08T00:45:58.355+0000] {dagbag.py:539} INFO - Filling up the DagBag from /home/airflow/.local/lib/python3.8/site-packages/airflow/example_dags/tutorial_taskflow_api_virtualenv.py
[2023-10-08T00:45:58.359+0000] {processor.py:839} INFO - DAG(s) dict_keys(['tutorial_taskflow_api_virtualenv']) retrieved from /home/airflow/.local/lib/python3.8/site-packages/airflow/example_dags/tutorial_taskflow_api_virtualenv.py
[2023-10-08T00:45:58.370+0000] {logging_mixin.py:151} INFO - [2023-10-08T00:45:58.370+0000] {dag.py:2907} INFO - Sync 1 DAGs
[2023-10-08T00:45:58.376+0000] {logging_mixin.py:151} INFO - [2023-10-08T00:45:58.376+0000] {dag.py:3677} INFO - Setting next_dagrun for tutorial_taskflow_api_virtualenv to None, run_after=None
[2023-10-08T00:45:58.387+0000] {processor.py:179} INFO - Processing /home/airflow/.local/lib/python3.8/site-packages/airflow/example_dags/tutorial_taskflow_api_virtualenv.py took 0.035 seconds
[2023-10-08T00:46:28.895+0000] {processor.py:157} INFO - Started process (PID=90440) to work on /home/airflow/.local/lib/python3.8/site-packages/airflow/example_dags/tutorial_taskflow_api_virtualenv.py
[2023-10-08T00:46:28.895+0000] {processor.py:829} INFO - Processing file /home/airflow/.local/lib/python3.8/site-packages/airflow/example_dags/tutorial_taskflow_api_virtualenv.py for tasks to queue
[2023-10-08T00:46:28.896+0000] {logging_mixin.py:151} INFO - [2023-10-08T00:46:28.896+0000] {dagbag.py:539} INFO - Filling up the DagBag from /home/airflow/.local/lib/python3.8/site-packages/airflow/example_dags/tutorial_taskflow_api_virtualenv.py
[2023-10-08T00:46:28.900+0000] {processor.py:839} INFO - DAG(s) dict_keys(['tutorial_taskflow_api_virtualenv']) retrieved from /home/airflow/.local/lib/python3.8/site-packages/airflow/example_dags/tutorial_taskflow_api_virtualenv.py
[2023-10-08T00:46:28.911+0000] {logging_mixin.py:151} INFO - [2023-10-08T00:46:28.911+0000] {dag.py:2907} INFO - Sync 1 DAGs
[2023-10-08T00:46:28.916+0000] {logging_mixin.py:151} INFO - [2023-10-08T00:46:28.916+0000] {dag.py:3677} INFO - Setting next_dagrun for tutorial_taskflow_api_virtualenv to None, run_after=None
[2023-10-08T00:46:28.927+0000] {processor.py:179} INFO - Processing /home/airflow/.local/lib/python3.8/site-packages/airflow/example_dags/tutorial_taskflow_api_virtualenv.py took 0.034 seconds
[2023-10-08T00:46:59.719+0000] {processor.py:157} INFO - Started process (PID=90491) to work on /home/airflow/.local/lib/python3.8/site-packages/airflow/example_dags/tutorial_taskflow_api_virtualenv.py
[2023-10-08T00:46:59.719+0000] {processor.py:829} INFO - Processing file /home/airflow/.local/lib/python3.8/site-packages/airflow/example_dags/tutorial_taskflow_api_virtualenv.py for tasks to queue
[2023-10-08T00:46:59.720+0000] {logging_mixin.py:151} INFO - [2023-10-08T00:46:59.720+0000] {dagbag.py:539} INFO - Filling up the DagBag from /home/airflow/.local/lib/python3.8/site-packages/airflow/example_dags/tutorial_taskflow_api_virtualenv.py
[2023-10-08T00:46:59.724+0000] {processor.py:839} INFO - DAG(s) dict_keys(['tutorial_taskflow_api_virtualenv']) retrieved from /home/airflow/.local/lib/python3.8/site-packages/airflow/example_dags/tutorial_taskflow_api_virtualenv.py
[2023-10-08T00:46:59.736+0000] {logging_mixin.py:151} INFO - [2023-10-08T00:46:59.736+0000] {dag.py:2907} INFO - Sync 1 DAGs
[2023-10-08T00:46:59.741+0000] {logging_mixin.py:151} INFO - [2023-10-08T00:46:59.741+0000] {dag.py:3677} INFO - Setting next_dagrun for tutorial_taskflow_api_virtualenv to None, run_after=None
[2023-10-08T00:46:59.751+0000] {processor.py:179} INFO - Processing /home/airflow/.local/lib/python3.8/site-packages/airflow/example_dags/tutorial_taskflow_api_virtualenv.py took 0.035 seconds
[2023-10-08T00:47:30.293+0000] {processor.py:157} INFO - Started process (PID=90542) to work on /home/airflow/.local/lib/python3.8/site-packages/airflow/example_dags/tutorial_taskflow_api_virtualenv.py
[2023-10-08T00:47:30.294+0000] {processor.py:829} INFO - Processing file /home/airflow/.local/lib/python3.8/site-packages/airflow/example_dags/tutorial_taskflow_api_virtualenv.py for tasks to queue
[2023-10-08T00:47:30.294+0000] {logging_mixin.py:151} INFO - [2023-10-08T00:47:30.294+0000] {dagbag.py:539} INFO - Filling up the DagBag from /home/airflow/.local/lib/python3.8/site-packages/airflow/example_dags/tutorial_taskflow_api_virtualenv.py
[2023-10-08T00:47:30.298+0000] {processor.py:839} INFO - DAG(s) dict_keys(['tutorial_taskflow_api_virtualenv']) retrieved from /home/airflow/.local/lib/python3.8/site-packages/airflow/example_dags/tutorial_taskflow_api_virtualenv.py
[2023-10-08T00:47:30.310+0000] {logging_mixin.py:151} INFO - [2023-10-08T00:47:30.310+0000] {dag.py:2907} INFO - Sync 1 DAGs
[2023-10-08T00:47:30.316+0000] {logging_mixin.py:151} INFO - [2023-10-08T00:47:30.316+0000] {dag.py:3677} INFO - Setting next_dagrun for tutorial_taskflow_api_virtualenv to None, run_after=None
[2023-10-08T00:47:30.326+0000] {processor.py:179} INFO - Processing /home/airflow/.local/lib/python3.8/site-packages/airflow/example_dags/tutorial_taskflow_api_virtualenv.py took 0.035 seconds
[2023-10-08T00:48:01.272+0000] {processor.py:157} INFO - Started process (PID=90593) to work on /home/airflow/.local/lib/python3.8/site-packages/airflow/example_dags/tutorial_taskflow_api_virtualenv.py
[2023-10-08T00:48:01.273+0000] {processor.py:829} INFO - Processing file /home/airflow/.local/lib/python3.8/site-packages/airflow/example_dags/tutorial_taskflow_api_virtualenv.py for tasks to queue
[2023-10-08T00:48:01.273+0000] {logging_mixin.py:151} INFO - [2023-10-08T00:48:01.273+0000] {dagbag.py:539} INFO - Filling up the DagBag from /home/airflow/.local/lib/python3.8/site-packages/airflow/example_dags/tutorial_taskflow_api_virtualenv.py
[2023-10-08T00:48:01.277+0000] {processor.py:839} INFO - DAG(s) dict_keys(['tutorial_taskflow_api_virtualenv']) retrieved from /home/airflow/.local/lib/python3.8/site-packages/airflow/example_dags/tutorial_taskflow_api_virtualenv.py
[2023-10-08T00:48:01.290+0000] {logging_mixin.py:151} INFO - [2023-10-08T00:48:01.290+0000] {dag.py:2907} INFO - Sync 1 DAGs
[2023-10-08T00:48:01.295+0000] {logging_mixin.py:151} INFO - [2023-10-08T00:48:01.295+0000] {dag.py:3677} INFO - Setting next_dagrun for tutorial_taskflow_api_virtualenv to None, run_after=None
[2023-10-08T00:48:01.306+0000] {processor.py:179} INFO - Processing /home/airflow/.local/lib/python3.8/site-packages/airflow/example_dags/tutorial_taskflow_api_virtualenv.py took 0.036 seconds
[2023-10-08T00:48:31.851+0000] {processor.py:157} INFO - Started process (PID=90644) to work on /home/airflow/.local/lib/python3.8/site-packages/airflow/example_dags/tutorial_taskflow_api_virtualenv.py
[2023-10-08T00:48:31.851+0000] {processor.py:829} INFO - Processing file /home/airflow/.local/lib/python3.8/site-packages/airflow/example_dags/tutorial_taskflow_api_virtualenv.py for tasks to queue
[2023-10-08T00:48:31.852+0000] {logging_mixin.py:151} INFO - [2023-10-08T00:48:31.852+0000] {dagbag.py:539} INFO - Filling up the DagBag from /home/airflow/.local/lib/python3.8/site-packages/airflow/example_dags/tutorial_taskflow_api_virtualenv.py
[2023-10-08T00:48:31.856+0000] {processor.py:839} INFO - DAG(s) dict_keys(['tutorial_taskflow_api_virtualenv']) retrieved from /home/airflow/.local/lib/python3.8/site-packages/airflow/example_dags/tutorial_taskflow_api_virtualenv.py
[2023-10-08T00:48:31.868+0000] {logging_mixin.py:151} INFO - [2023-10-08T00:48:31.868+0000] {dag.py:2907} INFO - Sync 1 DAGs
[2023-10-08T00:48:31.874+0000] {logging_mixin.py:151} INFO - [2023-10-08T00:48:31.874+0000] {dag.py:3677} INFO - Setting next_dagrun for tutorial_taskflow_api_virtualenv to None, run_after=None
[2023-10-08T00:48:31.884+0000] {processor.py:179} INFO - Processing /home/airflow/.local/lib/python3.8/site-packages/airflow/example_dags/tutorial_taskflow_api_virtualenv.py took 0.036 seconds
[2023-10-08T00:49:02.786+0000] {processor.py:157} INFO - Started process (PID=90695) to work on /home/airflow/.local/lib/python3.8/site-packages/airflow/example_dags/tutorial_taskflow_api_virtualenv.py
[2023-10-08T00:49:02.787+0000] {processor.py:829} INFO - Processing file /home/airflow/.local/lib/python3.8/site-packages/airflow/example_dags/tutorial_taskflow_api_virtualenv.py for tasks to queue
[2023-10-08T00:49:02.787+0000] {logging_mixin.py:151} INFO - [2023-10-08T00:49:02.787+0000] {dagbag.py:539} INFO - Filling up the DagBag from /home/airflow/.local/lib/python3.8/site-packages/airflow/example_dags/tutorial_taskflow_api_virtualenv.py
[2023-10-08T00:49:02.791+0000] {processor.py:839} INFO - DAG(s) dict_keys(['tutorial_taskflow_api_virtualenv']) retrieved from /home/airflow/.local/lib/python3.8/site-packages/airflow/example_dags/tutorial_taskflow_api_virtualenv.py
[2023-10-08T00:49:02.804+0000] {logging_mixin.py:151} INFO - [2023-10-08T00:49:02.804+0000] {dag.py:2907} INFO - Sync 1 DAGs
[2023-10-08T00:49:02.809+0000] {logging_mixin.py:151} INFO - [2023-10-08T00:49:02.809+0000] {dag.py:3677} INFO - Setting next_dagrun for tutorial_taskflow_api_virtualenv to None, run_after=None
[2023-10-08T00:49:02.820+0000] {processor.py:179} INFO - Processing /home/airflow/.local/lib/python3.8/site-packages/airflow/example_dags/tutorial_taskflow_api_virtualenv.py took 0.036 seconds
[2023-10-08T00:49:33.730+0000] {processor.py:157} INFO - Started process (PID=90746) to work on /home/airflow/.local/lib/python3.8/site-packages/airflow/example_dags/tutorial_taskflow_api_virtualenv.py
[2023-10-08T00:49:33.731+0000] {processor.py:829} INFO - Processing file /home/airflow/.local/lib/python3.8/site-packages/airflow/example_dags/tutorial_taskflow_api_virtualenv.py for tasks to queue
[2023-10-08T00:49:33.731+0000] {logging_mixin.py:151} INFO - [2023-10-08T00:49:33.731+0000] {dagbag.py:539} INFO - Filling up the DagBag from /home/airflow/.local/lib/python3.8/site-packages/airflow/example_dags/tutorial_taskflow_api_virtualenv.py
[2023-10-08T00:49:33.736+0000] {processor.py:839} INFO - DAG(s) dict_keys(['tutorial_taskflow_api_virtualenv']) retrieved from /home/airflow/.local/lib/python3.8/site-packages/airflow/example_dags/tutorial_taskflow_api_virtualenv.py
[2023-10-08T00:49:33.748+0000] {logging_mixin.py:151} INFO - [2023-10-08T00:49:33.748+0000] {dag.py:2907} INFO - Sync 1 DAGs
[2023-10-08T00:49:33.753+0000] {logging_mixin.py:151} INFO - [2023-10-08T00:49:33.753+0000] {dag.py:3677} INFO - Setting next_dagrun for tutorial_taskflow_api_virtualenv to None, run_after=None
[2023-10-08T00:49:33.764+0000] {processor.py:179} INFO - Processing /home/airflow/.local/lib/python3.8/site-packages/airflow/example_dags/tutorial_taskflow_api_virtualenv.py took 0.037 seconds
[2023-10-08T00:50:04.443+0000] {processor.py:157} INFO - Started process (PID=90797) to work on /home/airflow/.local/lib/python3.8/site-packages/airflow/example_dags/tutorial_taskflow_api_virtualenv.py
[2023-10-08T00:50:04.444+0000] {processor.py:829} INFO - Processing file /home/airflow/.local/lib/python3.8/site-packages/airflow/example_dags/tutorial_taskflow_api_virtualenv.py for tasks to queue
[2023-10-08T00:50:04.445+0000] {logging_mixin.py:151} INFO - [2023-10-08T00:50:04.445+0000] {dagbag.py:539} INFO - Filling up the DagBag from /home/airflow/.local/lib/python3.8/site-packages/airflow/example_dags/tutorial_taskflow_api_virtualenv.py
[2023-10-08T00:50:04.449+0000] {processor.py:839} INFO - DAG(s) dict_keys(['tutorial_taskflow_api_virtualenv']) retrieved from /home/airflow/.local/lib/python3.8/site-packages/airflow/example_dags/tutorial_taskflow_api_virtualenv.py
[2023-10-08T00:50:04.460+0000] {logging_mixin.py:151} INFO - [2023-10-08T00:50:04.460+0000] {dag.py:2907} INFO - Sync 1 DAGs
[2023-10-08T00:50:04.465+0000] {logging_mixin.py:151} INFO - [2023-10-08T00:50:04.465+0000] {dag.py:3677} INFO - Setting next_dagrun for tutorial_taskflow_api_virtualenv to None, run_after=None
[2023-10-08T00:50:04.476+0000] {processor.py:179} INFO - Processing /home/airflow/.local/lib/python3.8/site-packages/airflow/example_dags/tutorial_taskflow_api_virtualenv.py took 0.035 seconds
[2023-10-08T00:50:35.009+0000] {processor.py:157} INFO - Started process (PID=90848) to work on /home/airflow/.local/lib/python3.8/site-packages/airflow/example_dags/tutorial_taskflow_api_virtualenv.py
[2023-10-08T00:50:35.009+0000] {processor.py:829} INFO - Processing file /home/airflow/.local/lib/python3.8/site-packages/airflow/example_dags/tutorial_taskflow_api_virtualenv.py for tasks to queue
[2023-10-08T00:50:35.009+0000] {logging_mixin.py:151} INFO - [2023-10-08T00:50:35.009+0000] {dagbag.py:539} INFO - Filling up the DagBag from /home/airflow/.local/lib/python3.8/site-packages/airflow/example_dags/tutorial_taskflow_api_virtualenv.py
[2023-10-08T00:50:35.013+0000] {processor.py:839} INFO - DAG(s) dict_keys(['tutorial_taskflow_api_virtualenv']) retrieved from /home/airflow/.local/lib/python3.8/site-packages/airflow/example_dags/tutorial_taskflow_api_virtualenv.py
[2023-10-08T00:50:35.026+0000] {logging_mixin.py:151} INFO - [2023-10-08T00:50:35.026+0000] {dag.py:2907} INFO - Sync 1 DAGs
[2023-10-08T00:50:35.031+0000] {logging_mixin.py:151} INFO - [2023-10-08T00:50:35.031+0000] {dag.py:3677} INFO - Setting next_dagrun for tutorial_taskflow_api_virtualenv to None, run_after=None
[2023-10-08T00:50:35.042+0000] {processor.py:179} INFO - Processing /home/airflow/.local/lib/python3.8/site-packages/airflow/example_dags/tutorial_taskflow_api_virtualenv.py took 0.036 seconds
[2023-10-08T00:51:05.928+0000] {processor.py:157} INFO - Started process (PID=90899) to work on /home/airflow/.local/lib/python3.8/site-packages/airflow/example_dags/tutorial_taskflow_api_virtualenv.py
[2023-10-08T00:51:05.928+0000] {processor.py:829} INFO - Processing file /home/airflow/.local/lib/python3.8/site-packages/airflow/example_dags/tutorial_taskflow_api_virtualenv.py for tasks to queue
[2023-10-08T00:51:05.929+0000] {logging_mixin.py:151} INFO - [2023-10-08T00:51:05.929+0000] {dagbag.py:539} INFO - Filling up the DagBag from /home/airflow/.local/lib/python3.8/site-packages/airflow/example_dags/tutorial_taskflow_api_virtualenv.py
[2023-10-08T00:51:05.932+0000] {processor.py:839} INFO - DAG(s) dict_keys(['tutorial_taskflow_api_virtualenv']) retrieved from /home/airflow/.local/lib/python3.8/site-packages/airflow/example_dags/tutorial_taskflow_api_virtualenv.py
[2023-10-08T00:51:05.945+0000] {logging_mixin.py:151} INFO - [2023-10-08T00:51:05.944+0000] {dag.py:2907} INFO - Sync 1 DAGs
[2023-10-08T00:51:05.950+0000] {logging_mixin.py:151} INFO - [2023-10-08T00:51:05.950+0000] {dag.py:3677} INFO - Setting next_dagrun for tutorial_taskflow_api_virtualenv to None, run_after=None
[2023-10-08T00:51:05.961+0000] {processor.py:179} INFO - Processing /home/airflow/.local/lib/python3.8/site-packages/airflow/example_dags/tutorial_taskflow_api_virtualenv.py took 0.035 seconds
[2023-10-08T00:51:36.369+0000] {processor.py:157} INFO - Started process (PID=90950) to work on /home/airflow/.local/lib/python3.8/site-packages/airflow/example_dags/tutorial_taskflow_api_virtualenv.py
[2023-10-08T00:51:36.370+0000] {processor.py:829} INFO - Processing file /home/airflow/.local/lib/python3.8/site-packages/airflow/example_dags/tutorial_taskflow_api_virtualenv.py for tasks to queue
[2023-10-08T00:51:36.371+0000] {logging_mixin.py:151} INFO - [2023-10-08T00:51:36.370+0000] {dagbag.py:539} INFO - Filling up the DagBag from /home/airflow/.local/lib/python3.8/site-packages/airflow/example_dags/tutorial_taskflow_api_virtualenv.py
[2023-10-08T00:51:36.374+0000] {processor.py:839} INFO - DAG(s) dict_keys(['tutorial_taskflow_api_virtualenv']) retrieved from /home/airflow/.local/lib/python3.8/site-packages/airflow/example_dags/tutorial_taskflow_api_virtualenv.py
[2023-10-08T00:51:36.386+0000] {logging_mixin.py:151} INFO - [2023-10-08T00:51:36.386+0000] {dag.py:2907} INFO - Sync 1 DAGs
[2023-10-08T00:51:36.391+0000] {logging_mixin.py:151} INFO - [2023-10-08T00:51:36.391+0000] {dag.py:3677} INFO - Setting next_dagrun for tutorial_taskflow_api_virtualenv to None, run_after=None
[2023-10-08T00:51:36.402+0000] {processor.py:179} INFO - Processing /home/airflow/.local/lib/python3.8/site-packages/airflow/example_dags/tutorial_taskflow_api_virtualenv.py took 0.035 seconds
[2023-10-08T00:52:07.111+0000] {processor.py:157} INFO - Started process (PID=91001) to work on /home/airflow/.local/lib/python3.8/site-packages/airflow/example_dags/tutorial_taskflow_api_virtualenv.py
[2023-10-08T00:52:07.112+0000] {processor.py:829} INFO - Processing file /home/airflow/.local/lib/python3.8/site-packages/airflow/example_dags/tutorial_taskflow_api_virtualenv.py for tasks to queue
[2023-10-08T00:52:07.113+0000] {logging_mixin.py:151} INFO - [2023-10-08T00:52:07.113+0000] {dagbag.py:539} INFO - Filling up the DagBag from /home/airflow/.local/lib/python3.8/site-packages/airflow/example_dags/tutorial_taskflow_api_virtualenv.py
[2023-10-08T00:52:07.117+0000] {processor.py:839} INFO - DAG(s) dict_keys(['tutorial_taskflow_api_virtualenv']) retrieved from /home/airflow/.local/lib/python3.8/site-packages/airflow/example_dags/tutorial_taskflow_api_virtualenv.py
[2023-10-08T00:52:07.130+0000] {logging_mixin.py:151} INFO - [2023-10-08T00:52:07.130+0000] {dag.py:2907} INFO - Sync 1 DAGs
[2023-10-08T00:52:07.135+0000] {logging_mixin.py:151} INFO - [2023-10-08T00:52:07.135+0000] {dag.py:3677} INFO - Setting next_dagrun for tutorial_taskflow_api_virtualenv to None, run_after=None
[2023-10-08T00:52:07.147+0000] {processor.py:179} INFO - Processing /home/airflow/.local/lib/python3.8/site-packages/airflow/example_dags/tutorial_taskflow_api_virtualenv.py took 0.038 seconds
[2023-10-08T00:52:37.584+0000] {processor.py:157} INFO - Started process (PID=91052) to work on /home/airflow/.local/lib/python3.8/site-packages/airflow/example_dags/tutorial_taskflow_api_virtualenv.py
[2023-10-08T00:52:37.585+0000] {processor.py:829} INFO - Processing file /home/airflow/.local/lib/python3.8/site-packages/airflow/example_dags/tutorial_taskflow_api_virtualenv.py for tasks to queue
[2023-10-08T00:52:37.585+0000] {logging_mixin.py:151} INFO - [2023-10-08T00:52:37.585+0000] {dagbag.py:539} INFO - Filling up the DagBag from /home/airflow/.local/lib/python3.8/site-packages/airflow/example_dags/tutorial_taskflow_api_virtualenv.py
[2023-10-08T00:52:37.589+0000] {processor.py:839} INFO - DAG(s) dict_keys(['tutorial_taskflow_api_virtualenv']) retrieved from /home/airflow/.local/lib/python3.8/site-packages/airflow/example_dags/tutorial_taskflow_api_virtualenv.py
[2023-10-08T00:52:37.602+0000] {logging_mixin.py:151} INFO - [2023-10-08T00:52:37.602+0000] {dag.py:2907} INFO - Sync 1 DAGs
[2023-10-08T00:52:37.608+0000] {logging_mixin.py:151} INFO - [2023-10-08T00:52:37.608+0000] {dag.py:3677} INFO - Setting next_dagrun for tutorial_taskflow_api_virtualenv to None, run_after=None
[2023-10-08T00:52:37.619+0000] {processor.py:179} INFO - Processing /home/airflow/.local/lib/python3.8/site-packages/airflow/example_dags/tutorial_taskflow_api_virtualenv.py took 0.037 seconds
[2023-10-08T00:53:08.421+0000] {processor.py:157} INFO - Started process (PID=91103) to work on /home/airflow/.local/lib/python3.8/site-packages/airflow/example_dags/tutorial_taskflow_api_virtualenv.py
[2023-10-08T00:53:08.422+0000] {processor.py:829} INFO - Processing file /home/airflow/.local/lib/python3.8/site-packages/airflow/example_dags/tutorial_taskflow_api_virtualenv.py for tasks to queue
[2023-10-08T00:53:08.422+0000] {logging_mixin.py:151} INFO - [2023-10-08T00:53:08.422+0000] {dagbag.py:539} INFO - Filling up the DagBag from /home/airflow/.local/lib/python3.8/site-packages/airflow/example_dags/tutorial_taskflow_api_virtualenv.py
[2023-10-08T00:53:08.427+0000] {processor.py:839} INFO - DAG(s) dict_keys(['tutorial_taskflow_api_virtualenv']) retrieved from /home/airflow/.local/lib/python3.8/site-packages/airflow/example_dags/tutorial_taskflow_api_virtualenv.py
[2023-10-08T00:53:08.441+0000] {logging_mixin.py:151} INFO - [2023-10-08T00:53:08.441+0000] {dag.py:2907} INFO - Sync 1 DAGs
[2023-10-08T00:53:08.447+0000] {logging_mixin.py:151} INFO - [2023-10-08T00:53:08.447+0000] {dag.py:3677} INFO - Setting next_dagrun for tutorial_taskflow_api_virtualenv to None, run_after=None
[2023-10-08T00:53:08.458+0000] {processor.py:179} INFO - Processing /home/airflow/.local/lib/python3.8/site-packages/airflow/example_dags/tutorial_taskflow_api_virtualenv.py took 0.039 seconds
[2023-10-08T00:53:38.912+0000] {processor.py:157} INFO - Started process (PID=91154) to work on /home/airflow/.local/lib/python3.8/site-packages/airflow/example_dags/tutorial_taskflow_api_virtualenv.py
[2023-10-08T00:53:38.912+0000] {processor.py:829} INFO - Processing file /home/airflow/.local/lib/python3.8/site-packages/airflow/example_dags/tutorial_taskflow_api_virtualenv.py for tasks to queue
[2023-10-08T00:53:38.913+0000] {logging_mixin.py:151} INFO - [2023-10-08T00:53:38.913+0000] {dagbag.py:539} INFO - Filling up the DagBag from /home/airflow/.local/lib/python3.8/site-packages/airflow/example_dags/tutorial_taskflow_api_virtualenv.py
[2023-10-08T00:53:38.917+0000] {processor.py:839} INFO - DAG(s) dict_keys(['tutorial_taskflow_api_virtualenv']) retrieved from /home/airflow/.local/lib/python3.8/site-packages/airflow/example_dags/tutorial_taskflow_api_virtualenv.py
[2023-10-08T00:53:38.936+0000] {logging_mixin.py:151} INFO - [2023-10-08T00:53:38.936+0000] {dag.py:2907} INFO - Sync 1 DAGs
[2023-10-08T00:53:38.942+0000] {logging_mixin.py:151} INFO - [2023-10-08T00:53:38.942+0000] {dag.py:3677} INFO - Setting next_dagrun for tutorial_taskflow_api_virtualenv to None, run_after=None
[2023-10-08T00:53:38.954+0000] {processor.py:179} INFO - Processing /home/airflow/.local/lib/python3.8/site-packages/airflow/example_dags/tutorial_taskflow_api_virtualenv.py took 0.044 seconds
[2023-10-08T00:54:09.825+0000] {processor.py:157} INFO - Started process (PID=91205) to work on /home/airflow/.local/lib/python3.8/site-packages/airflow/example_dags/tutorial_taskflow_api_virtualenv.py
[2023-10-08T00:54:09.826+0000] {processor.py:829} INFO - Processing file /home/airflow/.local/lib/python3.8/site-packages/airflow/example_dags/tutorial_taskflow_api_virtualenv.py for tasks to queue
[2023-10-08T00:54:09.827+0000] {logging_mixin.py:151} INFO - [2023-10-08T00:54:09.826+0000] {dagbag.py:539} INFO - Filling up the DagBag from /home/airflow/.local/lib/python3.8/site-packages/airflow/example_dags/tutorial_taskflow_api_virtualenv.py
[2023-10-08T00:54:09.831+0000] {processor.py:839} INFO - DAG(s) dict_keys(['tutorial_taskflow_api_virtualenv']) retrieved from /home/airflow/.local/lib/python3.8/site-packages/airflow/example_dags/tutorial_taskflow_api_virtualenv.py
[2023-10-08T00:54:09.843+0000] {logging_mixin.py:151} INFO - [2023-10-08T00:54:09.843+0000] {dag.py:2907} INFO - Sync 1 DAGs
[2023-10-08T00:54:09.849+0000] {logging_mixin.py:151} INFO - [2023-10-08T00:54:09.849+0000] {dag.py:3677} INFO - Setting next_dagrun for tutorial_taskflow_api_virtualenv to None, run_after=None
[2023-10-08T00:54:09.862+0000] {processor.py:179} INFO - Processing /home/airflow/.local/lib/python3.8/site-packages/airflow/example_dags/tutorial_taskflow_api_virtualenv.py took 0.039 seconds
[2023-10-08T00:54:40.291+0000] {processor.py:157} INFO - Started process (PID=91256) to work on /home/airflow/.local/lib/python3.8/site-packages/airflow/example_dags/tutorial_taskflow_api_virtualenv.py
[2023-10-08T00:54:40.292+0000] {processor.py:829} INFO - Processing file /home/airflow/.local/lib/python3.8/site-packages/airflow/example_dags/tutorial_taskflow_api_virtualenv.py for tasks to queue
[2023-10-08T00:54:40.293+0000] {logging_mixin.py:151} INFO - [2023-10-08T00:54:40.292+0000] {dagbag.py:539} INFO - Filling up the DagBag from /home/airflow/.local/lib/python3.8/site-packages/airflow/example_dags/tutorial_taskflow_api_virtualenv.py
[2023-10-08T00:54:40.296+0000] {processor.py:839} INFO - DAG(s) dict_keys(['tutorial_taskflow_api_virtualenv']) retrieved from /home/airflow/.local/lib/python3.8/site-packages/airflow/example_dags/tutorial_taskflow_api_virtualenv.py
[2023-10-08T00:54:40.309+0000] {logging_mixin.py:151} INFO - [2023-10-08T00:54:40.309+0000] {dag.py:2907} INFO - Sync 1 DAGs
[2023-10-08T00:54:40.315+0000] {logging_mixin.py:151} INFO - [2023-10-08T00:54:40.315+0000] {dag.py:3677} INFO - Setting next_dagrun for tutorial_taskflow_api_virtualenv to None, run_after=None
[2023-10-08T00:54:40.325+0000] {processor.py:179} INFO - Processing /home/airflow/.local/lib/python3.8/site-packages/airflow/example_dags/tutorial_taskflow_api_virtualenv.py took 0.036 seconds
[2023-10-08T00:55:11.251+0000] {processor.py:157} INFO - Started process (PID=91307) to work on /home/airflow/.local/lib/python3.8/site-packages/airflow/example_dags/tutorial_taskflow_api_virtualenv.py
[2023-10-08T00:55:11.252+0000] {processor.py:829} INFO - Processing file /home/airflow/.local/lib/python3.8/site-packages/airflow/example_dags/tutorial_taskflow_api_virtualenv.py for tasks to queue
[2023-10-08T00:55:11.252+0000] {logging_mixin.py:151} INFO - [2023-10-08T00:55:11.252+0000] {dagbag.py:539} INFO - Filling up the DagBag from /home/airflow/.local/lib/python3.8/site-packages/airflow/example_dags/tutorial_taskflow_api_virtualenv.py
[2023-10-08T00:55:11.257+0000] {processor.py:839} INFO - DAG(s) dict_keys(['tutorial_taskflow_api_virtualenv']) retrieved from /home/airflow/.local/lib/python3.8/site-packages/airflow/example_dags/tutorial_taskflow_api_virtualenv.py
[2023-10-08T00:55:11.270+0000] {logging_mixin.py:151} INFO - [2023-10-08T00:55:11.270+0000] {dag.py:2907} INFO - Sync 1 DAGs
[2023-10-08T00:55:11.276+0000] {logging_mixin.py:151} INFO - [2023-10-08T00:55:11.275+0000] {dag.py:3677} INFO - Setting next_dagrun for tutorial_taskflow_api_virtualenv to None, run_after=None
[2023-10-08T00:55:11.286+0000] {processor.py:179} INFO - Processing /home/airflow/.local/lib/python3.8/site-packages/airflow/example_dags/tutorial_taskflow_api_virtualenv.py took 0.038 seconds
[2023-10-08T00:55:41.613+0000] {processor.py:157} INFO - Started process (PID=91358) to work on /home/airflow/.local/lib/python3.8/site-packages/airflow/example_dags/tutorial_taskflow_api_virtualenv.py
[2023-10-08T00:55:41.613+0000] {processor.py:829} INFO - Processing file /home/airflow/.local/lib/python3.8/site-packages/airflow/example_dags/tutorial_taskflow_api_virtualenv.py for tasks to queue
[2023-10-08T00:55:41.614+0000] {logging_mixin.py:151} INFO - [2023-10-08T00:55:41.613+0000] {dagbag.py:539} INFO - Filling up the DagBag from /home/airflow/.local/lib/python3.8/site-packages/airflow/example_dags/tutorial_taskflow_api_virtualenv.py
[2023-10-08T00:55:41.618+0000] {processor.py:839} INFO - DAG(s) dict_keys(['tutorial_taskflow_api_virtualenv']) retrieved from /home/airflow/.local/lib/python3.8/site-packages/airflow/example_dags/tutorial_taskflow_api_virtualenv.py
[2023-10-08T00:55:41.629+0000] {logging_mixin.py:151} INFO - [2023-10-08T00:55:41.629+0000] {dag.py:2907} INFO - Sync 1 DAGs
[2023-10-08T00:55:41.635+0000] {logging_mixin.py:151} INFO - [2023-10-08T00:55:41.635+0000] {dag.py:3677} INFO - Setting next_dagrun for tutorial_taskflow_api_virtualenv to None, run_after=None
[2023-10-08T00:55:41.645+0000] {processor.py:179} INFO - Processing /home/airflow/.local/lib/python3.8/site-packages/airflow/example_dags/tutorial_taskflow_api_virtualenv.py took 0.034 seconds
[2023-10-08T00:56:12.405+0000] {processor.py:157} INFO - Started process (PID=91409) to work on /home/airflow/.local/lib/python3.8/site-packages/airflow/example_dags/tutorial_taskflow_api_virtualenv.py
[2023-10-08T00:56:12.406+0000] {processor.py:829} INFO - Processing file /home/airflow/.local/lib/python3.8/site-packages/airflow/example_dags/tutorial_taskflow_api_virtualenv.py for tasks to queue
[2023-10-08T00:56:12.406+0000] {logging_mixin.py:151} INFO - [2023-10-08T00:56:12.406+0000] {dagbag.py:539} INFO - Filling up the DagBag from /home/airflow/.local/lib/python3.8/site-packages/airflow/example_dags/tutorial_taskflow_api_virtualenv.py
[2023-10-08T00:56:12.410+0000] {processor.py:839} INFO - DAG(s) dict_keys(['tutorial_taskflow_api_virtualenv']) retrieved from /home/airflow/.local/lib/python3.8/site-packages/airflow/example_dags/tutorial_taskflow_api_virtualenv.py
[2023-10-08T00:56:12.423+0000] {logging_mixin.py:151} INFO - [2023-10-08T00:56:12.423+0000] {dag.py:2907} INFO - Sync 1 DAGs
[2023-10-08T00:56:12.429+0000] {logging_mixin.py:151} INFO - [2023-10-08T00:56:12.429+0000] {dag.py:3677} INFO - Setting next_dagrun for tutorial_taskflow_api_virtualenv to None, run_after=None
[2023-10-08T00:56:12.440+0000] {processor.py:179} INFO - Processing /home/airflow/.local/lib/python3.8/site-packages/airflow/example_dags/tutorial_taskflow_api_virtualenv.py took 0.036 seconds
[2023-10-08T00:56:43.404+0000] {processor.py:157} INFO - Started process (PID=91460) to work on /home/airflow/.local/lib/python3.8/site-packages/airflow/example_dags/tutorial_taskflow_api_virtualenv.py
[2023-10-08T00:56:43.404+0000] {processor.py:829} INFO - Processing file /home/airflow/.local/lib/python3.8/site-packages/airflow/example_dags/tutorial_taskflow_api_virtualenv.py for tasks to queue
[2023-10-08T00:56:43.405+0000] {logging_mixin.py:151} INFO - [2023-10-08T00:56:43.405+0000] {dagbag.py:539} INFO - Filling up the DagBag from /home/airflow/.local/lib/python3.8/site-packages/airflow/example_dags/tutorial_taskflow_api_virtualenv.py
[2023-10-08T00:56:43.409+0000] {processor.py:839} INFO - DAG(s) dict_keys(['tutorial_taskflow_api_virtualenv']) retrieved from /home/airflow/.local/lib/python3.8/site-packages/airflow/example_dags/tutorial_taskflow_api_virtualenv.py
[2023-10-08T00:56:43.420+0000] {logging_mixin.py:151} INFO - [2023-10-08T00:56:43.420+0000] {dag.py:2907} INFO - Sync 1 DAGs
[2023-10-08T00:56:43.425+0000] {logging_mixin.py:151} INFO - [2023-10-08T00:56:43.425+0000] {dag.py:3677} INFO - Setting next_dagrun for tutorial_taskflow_api_virtualenv to None, run_after=None
[2023-10-08T00:56:43.435+0000] {processor.py:179} INFO - Processing /home/airflow/.local/lib/python3.8/site-packages/airflow/example_dags/tutorial_taskflow_api_virtualenv.py took 0.034 seconds
[2023-10-08T00:57:14.109+0000] {processor.py:157} INFO - Started process (PID=91511) to work on /home/airflow/.local/lib/python3.8/site-packages/airflow/example_dags/tutorial_taskflow_api_virtualenv.py
[2023-10-08T00:57:14.109+0000] {processor.py:829} INFO - Processing file /home/airflow/.local/lib/python3.8/site-packages/airflow/example_dags/tutorial_taskflow_api_virtualenv.py for tasks to queue
[2023-10-08T00:57:14.110+0000] {logging_mixin.py:151} INFO - [2023-10-08T00:57:14.109+0000] {dagbag.py:539} INFO - Filling up the DagBag from /home/airflow/.local/lib/python3.8/site-packages/airflow/example_dags/tutorial_taskflow_api_virtualenv.py
[2023-10-08T00:57:14.113+0000] {processor.py:839} INFO - DAG(s) dict_keys(['tutorial_taskflow_api_virtualenv']) retrieved from /home/airflow/.local/lib/python3.8/site-packages/airflow/example_dags/tutorial_taskflow_api_virtualenv.py
[2023-10-08T00:57:14.126+0000] {logging_mixin.py:151} INFO - [2023-10-08T00:57:14.126+0000] {dag.py:2907} INFO - Sync 1 DAGs
[2023-10-08T00:57:14.131+0000] {logging_mixin.py:151} INFO - [2023-10-08T00:57:14.131+0000] {dag.py:3677} INFO - Setting next_dagrun for tutorial_taskflow_api_virtualenv to None, run_after=None
[2023-10-08T00:57:14.141+0000] {processor.py:179} INFO - Processing /home/airflow/.local/lib/python3.8/site-packages/airflow/example_dags/tutorial_taskflow_api_virtualenv.py took 0.035 seconds
[2023-10-08T00:57:44.333+0000] {processor.py:157} INFO - Started process (PID=91562) to work on /home/airflow/.local/lib/python3.8/site-packages/airflow/example_dags/tutorial_taskflow_api_virtualenv.py
[2023-10-08T00:57:44.333+0000] {processor.py:829} INFO - Processing file /home/airflow/.local/lib/python3.8/site-packages/airflow/example_dags/tutorial_taskflow_api_virtualenv.py for tasks to queue
[2023-10-08T00:57:44.334+0000] {logging_mixin.py:151} INFO - [2023-10-08T00:57:44.334+0000] {dagbag.py:539} INFO - Filling up the DagBag from /home/airflow/.local/lib/python3.8/site-packages/airflow/example_dags/tutorial_taskflow_api_virtualenv.py
[2023-10-08T00:57:44.338+0000] {processor.py:839} INFO - DAG(s) dict_keys(['tutorial_taskflow_api_virtualenv']) retrieved from /home/airflow/.local/lib/python3.8/site-packages/airflow/example_dags/tutorial_taskflow_api_virtualenv.py
[2023-10-08T00:57:44.350+0000] {logging_mixin.py:151} INFO - [2023-10-08T00:57:44.350+0000] {dag.py:2907} INFO - Sync 1 DAGs
[2023-10-08T00:57:44.356+0000] {logging_mixin.py:151} INFO - [2023-10-08T00:57:44.356+0000] {dag.py:3677} INFO - Setting next_dagrun for tutorial_taskflow_api_virtualenv to None, run_after=None
[2023-10-08T00:57:44.368+0000] {processor.py:179} INFO - Processing /home/airflow/.local/lib/python3.8/site-packages/airflow/example_dags/tutorial_taskflow_api_virtualenv.py took 0.037 seconds
[2023-10-08T00:58:15.270+0000] {processor.py:157} INFO - Started process (PID=91613) to work on /home/airflow/.local/lib/python3.8/site-packages/airflow/example_dags/tutorial_taskflow_api_virtualenv.py
[2023-10-08T00:58:15.271+0000] {processor.py:829} INFO - Processing file /home/airflow/.local/lib/python3.8/site-packages/airflow/example_dags/tutorial_taskflow_api_virtualenv.py for tasks to queue
[2023-10-08T00:58:15.271+0000] {logging_mixin.py:151} INFO - [2023-10-08T00:58:15.271+0000] {dagbag.py:539} INFO - Filling up the DagBag from /home/airflow/.local/lib/python3.8/site-packages/airflow/example_dags/tutorial_taskflow_api_virtualenv.py
[2023-10-08T00:58:15.276+0000] {processor.py:839} INFO - DAG(s) dict_keys(['tutorial_taskflow_api_virtualenv']) retrieved from /home/airflow/.local/lib/python3.8/site-packages/airflow/example_dags/tutorial_taskflow_api_virtualenv.py
[2023-10-08T00:58:15.289+0000] {logging_mixin.py:151} INFO - [2023-10-08T00:58:15.289+0000] {dag.py:2907} INFO - Sync 1 DAGs
[2023-10-08T00:58:15.295+0000] {logging_mixin.py:151} INFO - [2023-10-08T00:58:15.295+0000] {dag.py:3677} INFO - Setting next_dagrun for tutorial_taskflow_api_virtualenv to None, run_after=None
[2023-10-08T00:58:15.306+0000] {processor.py:179} INFO - Processing /home/airflow/.local/lib/python3.8/site-packages/airflow/example_dags/tutorial_taskflow_api_virtualenv.py took 0.039 seconds
[2023-10-08T01:14:40.362+0000] {processor.py:157} INFO - Started process (PID=91664) to work on /home/airflow/.local/lib/python3.8/site-packages/airflow/example_dags/tutorial_taskflow_api_virtualenv.py
[2023-10-08T01:14:40.363+0000] {processor.py:829} INFO - Processing file /home/airflow/.local/lib/python3.8/site-packages/airflow/example_dags/tutorial_taskflow_api_virtualenv.py for tasks to queue
[2023-10-08T01:14:40.363+0000] {logging_mixin.py:151} INFO - [2023-10-08T01:14:40.363+0000] {dagbag.py:539} INFO - Filling up the DagBag from /home/airflow/.local/lib/python3.8/site-packages/airflow/example_dags/tutorial_taskflow_api_virtualenv.py
[2023-10-08T01:14:40.368+0000] {processor.py:839} INFO - DAG(s) dict_keys(['tutorial_taskflow_api_virtualenv']) retrieved from /home/airflow/.local/lib/python3.8/site-packages/airflow/example_dags/tutorial_taskflow_api_virtualenv.py
[2023-10-08T01:14:40.380+0000] {logging_mixin.py:151} INFO - [2023-10-08T01:14:40.380+0000] {dag.py:2907} INFO - Sync 1 DAGs
[2023-10-08T01:14:40.386+0000] {logging_mixin.py:151} INFO - [2023-10-08T01:14:40.386+0000] {dag.py:3677} INFO - Setting next_dagrun for tutorial_taskflow_api_virtualenv to None, run_after=None
[2023-10-08T01:14:40.396+0000] {processor.py:179} INFO - Processing /home/airflow/.local/lib/python3.8/site-packages/airflow/example_dags/tutorial_taskflow_api_virtualenv.py took 0.036 seconds
[2023-10-08T01:15:11.561+0000] {processor.py:157} INFO - Started process (PID=91715) to work on /home/airflow/.local/lib/python3.8/site-packages/airflow/example_dags/tutorial_taskflow_api_virtualenv.py
[2023-10-08T01:15:11.561+0000] {processor.py:829} INFO - Processing file /home/airflow/.local/lib/python3.8/site-packages/airflow/example_dags/tutorial_taskflow_api_virtualenv.py for tasks to queue
[2023-10-08T01:15:11.562+0000] {logging_mixin.py:151} INFO - [2023-10-08T01:15:11.562+0000] {dagbag.py:539} INFO - Filling up the DagBag from /home/airflow/.local/lib/python3.8/site-packages/airflow/example_dags/tutorial_taskflow_api_virtualenv.py
[2023-10-08T01:15:11.566+0000] {processor.py:839} INFO - DAG(s) dict_keys(['tutorial_taskflow_api_virtualenv']) retrieved from /home/airflow/.local/lib/python3.8/site-packages/airflow/example_dags/tutorial_taskflow_api_virtualenv.py
[2023-10-08T01:15:11.580+0000] {logging_mixin.py:151} INFO - [2023-10-08T01:15:11.580+0000] {dag.py:2907} INFO - Sync 1 DAGs
[2023-10-08T01:15:11.590+0000] {logging_mixin.py:151} INFO - [2023-10-08T01:15:11.590+0000] {dag.py:3677} INFO - Setting next_dagrun for tutorial_taskflow_api_virtualenv to None, run_after=None
[2023-10-08T01:15:11.606+0000] {processor.py:179} INFO - Processing /home/airflow/.local/lib/python3.8/site-packages/airflow/example_dags/tutorial_taskflow_api_virtualenv.py took 0.048 seconds
[2023-10-08T01:15:44.767+0000] {processor.py:157} INFO - Started process (PID=91766) to work on /home/airflow/.local/lib/python3.8/site-packages/airflow/example_dags/tutorial_taskflow_api_virtualenv.py
[2023-10-08T01:15:44.769+0000] {processor.py:829} INFO - Processing file /home/airflow/.local/lib/python3.8/site-packages/airflow/example_dags/tutorial_taskflow_api_virtualenv.py for tasks to queue
[2023-10-08T01:15:44.770+0000] {logging_mixin.py:151} INFO - [2023-10-08T01:15:44.769+0000] {dagbag.py:539} INFO - Filling up the DagBag from /home/airflow/.local/lib/python3.8/site-packages/airflow/example_dags/tutorial_taskflow_api_virtualenv.py
[2023-10-08T01:15:44.778+0000] {processor.py:839} INFO - DAG(s) dict_keys(['tutorial_taskflow_api_virtualenv']) retrieved from /home/airflow/.local/lib/python3.8/site-packages/airflow/example_dags/tutorial_taskflow_api_virtualenv.py
[2023-10-08T01:15:44.810+0000] {logging_mixin.py:151} INFO - [2023-10-08T01:15:44.810+0000] {dag.py:2907} INFO - Sync 1 DAGs
[2023-10-08T01:15:44.825+0000] {logging_mixin.py:151} INFO - [2023-10-08T01:15:44.825+0000] {dag.py:3677} INFO - Setting next_dagrun for tutorial_taskflow_api_virtualenv to None, run_after=None
[2023-10-08T01:15:44.861+0000] {processor.py:179} INFO - Processing /home/airflow/.local/lib/python3.8/site-packages/airflow/example_dags/tutorial_taskflow_api_virtualenv.py took 0.096 seconds
[2023-10-08T01:18:32.280+0000] {processor.py:157} INFO - Started process (PID=91817) to work on /home/airflow/.local/lib/python3.8/site-packages/airflow/example_dags/tutorial_taskflow_api_virtualenv.py
[2023-10-08T01:18:32.281+0000] {processor.py:829} INFO - Processing file /home/airflow/.local/lib/python3.8/site-packages/airflow/example_dags/tutorial_taskflow_api_virtualenv.py for tasks to queue
[2023-10-08T01:18:32.281+0000] {logging_mixin.py:151} INFO - [2023-10-08T01:18:32.281+0000] {dagbag.py:539} INFO - Filling up the DagBag from /home/airflow/.local/lib/python3.8/site-packages/airflow/example_dags/tutorial_taskflow_api_virtualenv.py
[2023-10-08T01:18:32.285+0000] {processor.py:839} INFO - DAG(s) dict_keys(['tutorial_taskflow_api_virtualenv']) retrieved from /home/airflow/.local/lib/python3.8/site-packages/airflow/example_dags/tutorial_taskflow_api_virtualenv.py
[2023-10-08T01:18:32.302+0000] {logging_mixin.py:151} INFO - [2023-10-08T01:18:32.302+0000] {dag.py:2907} INFO - Sync 1 DAGs
[2023-10-08T01:18:32.308+0000] {logging_mixin.py:151} INFO - [2023-10-08T01:18:32.308+0000] {dag.py:3677} INFO - Setting next_dagrun for tutorial_taskflow_api_virtualenv to None, run_after=None
[2023-10-08T01:18:32.320+0000] {processor.py:179} INFO - Processing /home/airflow/.local/lib/python3.8/site-packages/airflow/example_dags/tutorial_taskflow_api_virtualenv.py took 0.042 seconds
[2023-10-08T01:19:03.649+0000] {processor.py:157} INFO - Started process (PID=91868) to work on /home/airflow/.local/lib/python3.8/site-packages/airflow/example_dags/tutorial_taskflow_api_virtualenv.py
[2023-10-08T01:19:03.650+0000] {processor.py:829} INFO - Processing file /home/airflow/.local/lib/python3.8/site-packages/airflow/example_dags/tutorial_taskflow_api_virtualenv.py for tasks to queue
[2023-10-08T01:19:03.651+0000] {logging_mixin.py:151} INFO - [2023-10-08T01:19:03.651+0000] {dagbag.py:539} INFO - Filling up the DagBag from /home/airflow/.local/lib/python3.8/site-packages/airflow/example_dags/tutorial_taskflow_api_virtualenv.py
[2023-10-08T01:19:03.656+0000] {processor.py:839} INFO - DAG(s) dict_keys(['tutorial_taskflow_api_virtualenv']) retrieved from /home/airflow/.local/lib/python3.8/site-packages/airflow/example_dags/tutorial_taskflow_api_virtualenv.py
[2023-10-08T01:19:03.670+0000] {logging_mixin.py:151} INFO - [2023-10-08T01:19:03.670+0000] {dag.py:2907} INFO - Sync 1 DAGs
[2023-10-08T01:19:03.676+0000] {logging_mixin.py:151} INFO - [2023-10-08T01:19:03.676+0000] {dag.py:3677} INFO - Setting next_dagrun for tutorial_taskflow_api_virtualenv to None, run_after=None
[2023-10-08T01:19:03.688+0000] {processor.py:179} INFO - Processing /home/airflow/.local/lib/python3.8/site-packages/airflow/example_dags/tutorial_taskflow_api_virtualenv.py took 0.041 seconds
[2023-10-08T01:19:34.650+0000] {processor.py:157} INFO - Started process (PID=91919) to work on /home/airflow/.local/lib/python3.8/site-packages/airflow/example_dags/tutorial_taskflow_api_virtualenv.py
[2023-10-08T01:19:34.651+0000] {processor.py:829} INFO - Processing file /home/airflow/.local/lib/python3.8/site-packages/airflow/example_dags/tutorial_taskflow_api_virtualenv.py for tasks to queue
[2023-10-08T01:19:34.651+0000] {logging_mixin.py:151} INFO - [2023-10-08T01:19:34.651+0000] {dagbag.py:539} INFO - Filling up the DagBag from /home/airflow/.local/lib/python3.8/site-packages/airflow/example_dags/tutorial_taskflow_api_virtualenv.py
[2023-10-08T01:19:34.656+0000] {processor.py:839} INFO - DAG(s) dict_keys(['tutorial_taskflow_api_virtualenv']) retrieved from /home/airflow/.local/lib/python3.8/site-packages/airflow/example_dags/tutorial_taskflow_api_virtualenv.py
[2023-10-08T01:19:34.684+0000] {logging_mixin.py:151} INFO - [2023-10-08T01:19:34.684+0000] {dag.py:2907} INFO - Sync 1 DAGs
[2023-10-08T01:19:34.691+0000] {logging_mixin.py:151} INFO - [2023-10-08T01:19:34.691+0000] {dag.py:3677} INFO - Setting next_dagrun for tutorial_taskflow_api_virtualenv to None, run_after=None
[2023-10-08T01:19:34.708+0000] {processor.py:179} INFO - Processing /home/airflow/.local/lib/python3.8/site-packages/airflow/example_dags/tutorial_taskflow_api_virtualenv.py took 0.061 seconds
[2023-10-08T01:20:05.946+0000] {processor.py:157} INFO - Started process (PID=91970) to work on /home/airflow/.local/lib/python3.8/site-packages/airflow/example_dags/tutorial_taskflow_api_virtualenv.py
[2023-10-08T01:20:05.947+0000] {processor.py:829} INFO - Processing file /home/airflow/.local/lib/python3.8/site-packages/airflow/example_dags/tutorial_taskflow_api_virtualenv.py for tasks to queue
[2023-10-08T01:20:05.947+0000] {logging_mixin.py:151} INFO - [2023-10-08T01:20:05.947+0000] {dagbag.py:539} INFO - Filling up the DagBag from /home/airflow/.local/lib/python3.8/site-packages/airflow/example_dags/tutorial_taskflow_api_virtualenv.py
[2023-10-08T01:20:05.951+0000] {processor.py:839} INFO - DAG(s) dict_keys(['tutorial_taskflow_api_virtualenv']) retrieved from /home/airflow/.local/lib/python3.8/site-packages/airflow/example_dags/tutorial_taskflow_api_virtualenv.py
[2023-10-08T01:20:05.964+0000] {logging_mixin.py:151} INFO - [2023-10-08T01:20:05.963+0000] {dag.py:2907} INFO - Sync 1 DAGs
[2023-10-08T01:20:05.970+0000] {logging_mixin.py:151} INFO - [2023-10-08T01:20:05.970+0000] {dag.py:3677} INFO - Setting next_dagrun for tutorial_taskflow_api_virtualenv to None, run_after=None
[2023-10-08T01:20:05.981+0000] {processor.py:179} INFO - Processing /home/airflow/.local/lib/python3.8/site-packages/airflow/example_dags/tutorial_taskflow_api_virtualenv.py took 0.037 seconds
[2023-10-08T01:20:36.982+0000] {processor.py:157} INFO - Started process (PID=92021) to work on /home/airflow/.local/lib/python3.8/site-packages/airflow/example_dags/tutorial_taskflow_api_virtualenv.py
[2023-10-08T01:20:36.983+0000] {processor.py:829} INFO - Processing file /home/airflow/.local/lib/python3.8/site-packages/airflow/example_dags/tutorial_taskflow_api_virtualenv.py for tasks to queue
[2023-10-08T01:20:36.983+0000] {logging_mixin.py:151} INFO - [2023-10-08T01:20:36.983+0000] {dagbag.py:539} INFO - Filling up the DagBag from /home/airflow/.local/lib/python3.8/site-packages/airflow/example_dags/tutorial_taskflow_api_virtualenv.py
[2023-10-08T01:20:36.987+0000] {processor.py:839} INFO - DAG(s) dict_keys(['tutorial_taskflow_api_virtualenv']) retrieved from /home/airflow/.local/lib/python3.8/site-packages/airflow/example_dags/tutorial_taskflow_api_virtualenv.py
[2023-10-08T01:20:36.998+0000] {logging_mixin.py:151} INFO - [2023-10-08T01:20:36.998+0000] {dag.py:2907} INFO - Sync 1 DAGs
[2023-10-08T01:20:37.003+0000] {logging_mixin.py:151} INFO - [2023-10-08T01:20:37.003+0000] {dag.py:3677} INFO - Setting next_dagrun for tutorial_taskflow_api_virtualenv to None, run_after=None
[2023-10-08T01:20:37.014+0000] {processor.py:179} INFO - Processing /home/airflow/.local/lib/python3.8/site-packages/airflow/example_dags/tutorial_taskflow_api_virtualenv.py took 0.035 seconds
[2023-10-08T01:21:07.640+0000] {processor.py:157} INFO - Started process (PID=92072) to work on /home/airflow/.local/lib/python3.8/site-packages/airflow/example_dags/tutorial_taskflow_api_virtualenv.py
[2023-10-08T01:21:07.641+0000] {processor.py:829} INFO - Processing file /home/airflow/.local/lib/python3.8/site-packages/airflow/example_dags/tutorial_taskflow_api_virtualenv.py for tasks to queue
[2023-10-08T01:21:07.642+0000] {logging_mixin.py:151} INFO - [2023-10-08T01:21:07.641+0000] {dagbag.py:539} INFO - Filling up the DagBag from /home/airflow/.local/lib/python3.8/site-packages/airflow/example_dags/tutorial_taskflow_api_virtualenv.py
[2023-10-08T01:21:07.646+0000] {processor.py:839} INFO - DAG(s) dict_keys(['tutorial_taskflow_api_virtualenv']) retrieved from /home/airflow/.local/lib/python3.8/site-packages/airflow/example_dags/tutorial_taskflow_api_virtualenv.py
[2023-10-08T01:21:07.662+0000] {logging_mixin.py:151} INFO - [2023-10-08T01:21:07.661+0000] {dag.py:2907} INFO - Sync 1 DAGs
[2023-10-08T01:21:07.675+0000] {logging_mixin.py:151} INFO - [2023-10-08T01:21:07.675+0000] {dag.py:3677} INFO - Setting next_dagrun for tutorial_taskflow_api_virtualenv to None, run_after=None
[2023-10-08T01:21:07.693+0000] {processor.py:179} INFO - Processing /home/airflow/.local/lib/python3.8/site-packages/airflow/example_dags/tutorial_taskflow_api_virtualenv.py took 0.055 seconds
[2023-10-08T01:21:38.056+0000] {processor.py:157} INFO - Started process (PID=92123) to work on /home/airflow/.local/lib/python3.8/site-packages/airflow/example_dags/tutorial_taskflow_api_virtualenv.py
[2023-10-08T01:21:38.070+0000] {processor.py:829} INFO - Processing file /home/airflow/.local/lib/python3.8/site-packages/airflow/example_dags/tutorial_taskflow_api_virtualenv.py for tasks to queue
[2023-10-08T01:21:38.071+0000] {logging_mixin.py:151} INFO - [2023-10-08T01:21:38.071+0000] {dagbag.py:539} INFO - Filling up the DagBag from /home/airflow/.local/lib/python3.8/site-packages/airflow/example_dags/tutorial_taskflow_api_virtualenv.py
[2023-10-08T01:21:38.075+0000] {processor.py:839} INFO - DAG(s) dict_keys(['tutorial_taskflow_api_virtualenv']) retrieved from /home/airflow/.local/lib/python3.8/site-packages/airflow/example_dags/tutorial_taskflow_api_virtualenv.py
[2023-10-08T01:21:38.117+0000] {logging_mixin.py:151} INFO - [2023-10-08T01:21:38.117+0000] {dag.py:2907} INFO - Sync 1 DAGs
[2023-10-08T01:21:38.130+0000] {logging_mixin.py:151} INFO - [2023-10-08T01:21:38.130+0000] {dag.py:3677} INFO - Setting next_dagrun for tutorial_taskflow_api_virtualenv to None, run_after=None
[2023-10-08T01:21:38.153+0000] {processor.py:179} INFO - Processing /home/airflow/.local/lib/python3.8/site-packages/airflow/example_dags/tutorial_taskflow_api_virtualenv.py took 0.099 seconds
[2023-10-08T01:22:08.556+0000] {processor.py:157} INFO - Started process (PID=92174) to work on /home/airflow/.local/lib/python3.8/site-packages/airflow/example_dags/tutorial_taskflow_api_virtualenv.py
[2023-10-08T01:22:08.557+0000] {processor.py:829} INFO - Processing file /home/airflow/.local/lib/python3.8/site-packages/airflow/example_dags/tutorial_taskflow_api_virtualenv.py for tasks to queue
[2023-10-08T01:22:08.558+0000] {logging_mixin.py:151} INFO - [2023-10-08T01:22:08.557+0000] {dagbag.py:539} INFO - Filling up the DagBag from /home/airflow/.local/lib/python3.8/site-packages/airflow/example_dags/tutorial_taskflow_api_virtualenv.py
[2023-10-08T01:22:08.563+0000] {processor.py:839} INFO - DAG(s) dict_keys(['tutorial_taskflow_api_virtualenv']) retrieved from /home/airflow/.local/lib/python3.8/site-packages/airflow/example_dags/tutorial_taskflow_api_virtualenv.py
[2023-10-08T01:22:08.578+0000] {logging_mixin.py:151} INFO - [2023-10-08T01:22:08.577+0000] {dag.py:2907} INFO - Sync 1 DAGs
[2023-10-08T01:22:08.583+0000] {logging_mixin.py:151} INFO - [2023-10-08T01:22:08.583+0000] {dag.py:3677} INFO - Setting next_dagrun for tutorial_taskflow_api_virtualenv to None, run_after=None
[2023-10-08T01:22:08.595+0000] {processor.py:179} INFO - Processing /home/airflow/.local/lib/python3.8/site-packages/airflow/example_dags/tutorial_taskflow_api_virtualenv.py took 0.041 seconds
[2023-10-08T01:22:39.269+0000] {processor.py:157} INFO - Started process (PID=92225) to work on /home/airflow/.local/lib/python3.8/site-packages/airflow/example_dags/tutorial_taskflow_api_virtualenv.py
[2023-10-08T01:22:39.270+0000] {processor.py:829} INFO - Processing file /home/airflow/.local/lib/python3.8/site-packages/airflow/example_dags/tutorial_taskflow_api_virtualenv.py for tasks to queue
[2023-10-08T01:22:39.270+0000] {logging_mixin.py:151} INFO - [2023-10-08T01:22:39.270+0000] {dagbag.py:539} INFO - Filling up the DagBag from /home/airflow/.local/lib/python3.8/site-packages/airflow/example_dags/tutorial_taskflow_api_virtualenv.py
[2023-10-08T01:22:39.274+0000] {processor.py:839} INFO - DAG(s) dict_keys(['tutorial_taskflow_api_virtualenv']) retrieved from /home/airflow/.local/lib/python3.8/site-packages/airflow/example_dags/tutorial_taskflow_api_virtualenv.py
[2023-10-08T01:22:39.286+0000] {logging_mixin.py:151} INFO - [2023-10-08T01:22:39.286+0000] {dag.py:2907} INFO - Sync 1 DAGs
[2023-10-08T01:22:39.292+0000] {logging_mixin.py:151} INFO - [2023-10-08T01:22:39.292+0000] {dag.py:3677} INFO - Setting next_dagrun for tutorial_taskflow_api_virtualenv to None, run_after=None
[2023-10-08T01:22:39.303+0000] {processor.py:179} INFO - Processing /home/airflow/.local/lib/python3.8/site-packages/airflow/example_dags/tutorial_taskflow_api_virtualenv.py took 0.037 seconds
[2023-10-08T01:23:09.800+0000] {processor.py:157} INFO - Started process (PID=92276) to work on /home/airflow/.local/lib/python3.8/site-packages/airflow/example_dags/tutorial_taskflow_api_virtualenv.py
[2023-10-08T01:23:09.801+0000] {processor.py:829} INFO - Processing file /home/airflow/.local/lib/python3.8/site-packages/airflow/example_dags/tutorial_taskflow_api_virtualenv.py for tasks to queue
[2023-10-08T01:23:09.801+0000] {logging_mixin.py:151} INFO - [2023-10-08T01:23:09.801+0000] {dagbag.py:539} INFO - Filling up the DagBag from /home/airflow/.local/lib/python3.8/site-packages/airflow/example_dags/tutorial_taskflow_api_virtualenv.py
[2023-10-08T01:23:09.805+0000] {processor.py:839} INFO - DAG(s) dict_keys(['tutorial_taskflow_api_virtualenv']) retrieved from /home/airflow/.local/lib/python3.8/site-packages/airflow/example_dags/tutorial_taskflow_api_virtualenv.py
[2023-10-08T01:23:09.818+0000] {logging_mixin.py:151} INFO - [2023-10-08T01:23:09.818+0000] {dag.py:2907} INFO - Sync 1 DAGs
[2023-10-08T01:23:09.823+0000] {logging_mixin.py:151} INFO - [2023-10-08T01:23:09.823+0000] {dag.py:3677} INFO - Setting next_dagrun for tutorial_taskflow_api_virtualenv to None, run_after=None
[2023-10-08T01:23:09.834+0000] {processor.py:179} INFO - Processing /home/airflow/.local/lib/python3.8/site-packages/airflow/example_dags/tutorial_taskflow_api_virtualenv.py took 0.036 seconds
[2023-10-08T01:23:40.475+0000] {processor.py:157} INFO - Started process (PID=92327) to work on /home/airflow/.local/lib/python3.8/site-packages/airflow/example_dags/tutorial_taskflow_api_virtualenv.py
[2023-10-08T01:23:40.476+0000] {processor.py:829} INFO - Processing file /home/airflow/.local/lib/python3.8/site-packages/airflow/example_dags/tutorial_taskflow_api_virtualenv.py for tasks to queue
[2023-10-08T01:23:40.476+0000] {logging_mixin.py:151} INFO - [2023-10-08T01:23:40.476+0000] {dagbag.py:539} INFO - Filling up the DagBag from /home/airflow/.local/lib/python3.8/site-packages/airflow/example_dags/tutorial_taskflow_api_virtualenv.py
[2023-10-08T01:23:40.481+0000] {processor.py:839} INFO - DAG(s) dict_keys(['tutorial_taskflow_api_virtualenv']) retrieved from /home/airflow/.local/lib/python3.8/site-packages/airflow/example_dags/tutorial_taskflow_api_virtualenv.py
[2023-10-08T01:23:40.495+0000] {logging_mixin.py:151} INFO - [2023-10-08T01:23:40.495+0000] {dag.py:2907} INFO - Sync 1 DAGs
[2023-10-08T01:23:40.501+0000] {logging_mixin.py:151} INFO - [2023-10-08T01:23:40.501+0000] {dag.py:3677} INFO - Setting next_dagrun for tutorial_taskflow_api_virtualenv to None, run_after=None
[2023-10-08T01:23:40.512+0000] {processor.py:179} INFO - Processing /home/airflow/.local/lib/python3.8/site-packages/airflow/example_dags/tutorial_taskflow_api_virtualenv.py took 0.039 seconds
[2023-10-08T01:24:10.811+0000] {processor.py:157} INFO - Started process (PID=92378) to work on /home/airflow/.local/lib/python3.8/site-packages/airflow/example_dags/tutorial_taskflow_api_virtualenv.py
[2023-10-08T01:24:10.812+0000] {processor.py:829} INFO - Processing file /home/airflow/.local/lib/python3.8/site-packages/airflow/example_dags/tutorial_taskflow_api_virtualenv.py for tasks to queue
[2023-10-08T01:24:10.812+0000] {logging_mixin.py:151} INFO - [2023-10-08T01:24:10.812+0000] {dagbag.py:539} INFO - Filling up the DagBag from /home/airflow/.local/lib/python3.8/site-packages/airflow/example_dags/tutorial_taskflow_api_virtualenv.py
[2023-10-08T01:24:10.817+0000] {processor.py:839} INFO - DAG(s) dict_keys(['tutorial_taskflow_api_virtualenv']) retrieved from /home/airflow/.local/lib/python3.8/site-packages/airflow/example_dags/tutorial_taskflow_api_virtualenv.py
[2023-10-08T01:24:10.830+0000] {logging_mixin.py:151} INFO - [2023-10-08T01:24:10.830+0000] {dag.py:2907} INFO - Sync 1 DAGs
[2023-10-08T01:24:10.836+0000] {logging_mixin.py:151} INFO - [2023-10-08T01:24:10.836+0000] {dag.py:3677} INFO - Setting next_dagrun for tutorial_taskflow_api_virtualenv to None, run_after=None
[2023-10-08T01:24:10.847+0000] {processor.py:179} INFO - Processing /home/airflow/.local/lib/python3.8/site-packages/airflow/example_dags/tutorial_taskflow_api_virtualenv.py took 0.038 seconds
[2023-10-08T01:24:41.355+0000] {processor.py:157} INFO - Started process (PID=92429) to work on /home/airflow/.local/lib/python3.8/site-packages/airflow/example_dags/tutorial_taskflow_api_virtualenv.py
[2023-10-08T01:24:41.355+0000] {processor.py:829} INFO - Processing file /home/airflow/.local/lib/python3.8/site-packages/airflow/example_dags/tutorial_taskflow_api_virtualenv.py for tasks to queue
[2023-10-08T01:24:41.356+0000] {logging_mixin.py:151} INFO - [2023-10-08T01:24:41.356+0000] {dagbag.py:539} INFO - Filling up the DagBag from /home/airflow/.local/lib/python3.8/site-packages/airflow/example_dags/tutorial_taskflow_api_virtualenv.py
[2023-10-08T01:24:41.360+0000] {processor.py:839} INFO - DAG(s) dict_keys(['tutorial_taskflow_api_virtualenv']) retrieved from /home/airflow/.local/lib/python3.8/site-packages/airflow/example_dags/tutorial_taskflow_api_virtualenv.py
[2023-10-08T01:24:41.372+0000] {logging_mixin.py:151} INFO - [2023-10-08T01:24:41.372+0000] {dag.py:2907} INFO - Sync 1 DAGs
[2023-10-08T01:24:41.377+0000] {logging_mixin.py:151} INFO - [2023-10-08T01:24:41.377+0000] {dag.py:3677} INFO - Setting next_dagrun for tutorial_taskflow_api_virtualenv to None, run_after=None
[2023-10-08T01:24:41.388+0000] {processor.py:179} INFO - Processing /home/airflow/.local/lib/python3.8/site-packages/airflow/example_dags/tutorial_taskflow_api_virtualenv.py took 0.035 seconds
[2023-10-08T01:25:11.746+0000] {processor.py:157} INFO - Started process (PID=92480) to work on /home/airflow/.local/lib/python3.8/site-packages/airflow/example_dags/tutorial_taskflow_api_virtualenv.py
[2023-10-08T01:25:11.746+0000] {processor.py:829} INFO - Processing file /home/airflow/.local/lib/python3.8/site-packages/airflow/example_dags/tutorial_taskflow_api_virtualenv.py for tasks to queue
[2023-10-08T01:25:11.747+0000] {logging_mixin.py:151} INFO - [2023-10-08T01:25:11.747+0000] {dagbag.py:539} INFO - Filling up the DagBag from /home/airflow/.local/lib/python3.8/site-packages/airflow/example_dags/tutorial_taskflow_api_virtualenv.py
[2023-10-08T01:25:11.751+0000] {processor.py:839} INFO - DAG(s) dict_keys(['tutorial_taskflow_api_virtualenv']) retrieved from /home/airflow/.local/lib/python3.8/site-packages/airflow/example_dags/tutorial_taskflow_api_virtualenv.py
[2023-10-08T01:25:11.765+0000] {logging_mixin.py:151} INFO - [2023-10-08T01:25:11.764+0000] {dag.py:2907} INFO - Sync 1 DAGs
[2023-10-08T01:25:11.771+0000] {logging_mixin.py:151} INFO - [2023-10-08T01:25:11.771+0000] {dag.py:3677} INFO - Setting next_dagrun for tutorial_taskflow_api_virtualenv to None, run_after=None
[2023-10-08T01:25:11.782+0000] {processor.py:179} INFO - Processing /home/airflow/.local/lib/python3.8/site-packages/airflow/example_dags/tutorial_taskflow_api_virtualenv.py took 0.039 seconds
[2023-10-08T01:25:42.610+0000] {processor.py:157} INFO - Started process (PID=92531) to work on /home/airflow/.local/lib/python3.8/site-packages/airflow/example_dags/tutorial_taskflow_api_virtualenv.py
[2023-10-08T01:25:42.611+0000] {processor.py:829} INFO - Processing file /home/airflow/.local/lib/python3.8/site-packages/airflow/example_dags/tutorial_taskflow_api_virtualenv.py for tasks to queue
[2023-10-08T01:25:42.611+0000] {logging_mixin.py:151} INFO - [2023-10-08T01:25:42.611+0000] {dagbag.py:539} INFO - Filling up the DagBag from /home/airflow/.local/lib/python3.8/site-packages/airflow/example_dags/tutorial_taskflow_api_virtualenv.py
[2023-10-08T01:25:42.615+0000] {processor.py:839} INFO - DAG(s) dict_keys(['tutorial_taskflow_api_virtualenv']) retrieved from /home/airflow/.local/lib/python3.8/site-packages/airflow/example_dags/tutorial_taskflow_api_virtualenv.py
[2023-10-08T01:25:42.627+0000] {logging_mixin.py:151} INFO - [2023-10-08T01:25:42.627+0000] {dag.py:2907} INFO - Sync 1 DAGs
[2023-10-08T01:25:42.633+0000] {logging_mixin.py:151} INFO - [2023-10-08T01:25:42.633+0000] {dag.py:3677} INFO - Setting next_dagrun for tutorial_taskflow_api_virtualenv to None, run_after=None
[2023-10-08T01:25:42.644+0000] {processor.py:179} INFO - Processing /home/airflow/.local/lib/python3.8/site-packages/airflow/example_dags/tutorial_taskflow_api_virtualenv.py took 0.037 seconds
[2023-10-08T01:28:33.888+0000] {processor.py:157} INFO - Started process (PID=62) to work on /home/airflow/.local/lib/python3.8/site-packages/airflow/example_dags/tutorial_taskflow_api_virtualenv.py
[2023-10-08T01:28:33.888+0000] {processor.py:829} INFO - Processing file /home/airflow/.local/lib/python3.8/site-packages/airflow/example_dags/tutorial_taskflow_api_virtualenv.py for tasks to queue
[2023-10-08T01:28:33.890+0000] {logging_mixin.py:151} INFO - [2023-10-08T01:28:33.890+0000] {dagbag.py:539} INFO - Filling up the DagBag from /home/airflow/.local/lib/python3.8/site-packages/airflow/example_dags/tutorial_taskflow_api_virtualenv.py
[2023-10-08T01:28:34.004+0000] {processor.py:839} INFO - DAG(s) dict_keys(['tutorial_taskflow_api_virtualenv']) retrieved from /home/airflow/.local/lib/python3.8/site-packages/airflow/example_dags/tutorial_taskflow_api_virtualenv.py
[2023-10-08T01:28:34.018+0000] {logging_mixin.py:151} INFO - [2023-10-08T01:28:34.018+0000] {dag.py:2907} INFO - Sync 1 DAGs
[2023-10-08T01:28:34.023+0000] {logging_mixin.py:151} INFO - [2023-10-08T01:28:34.023+0000] {dag.py:3677} INFO - Setting next_dagrun for tutorial_taskflow_api_virtualenv to None, run_after=None
[2023-10-08T01:28:34.038+0000] {processor.py:179} INFO - Processing /home/airflow/.local/lib/python3.8/site-packages/airflow/example_dags/tutorial_taskflow_api_virtualenv.py took 0.153 seconds
[2023-10-08T01:29:04.600+0000] {processor.py:157} INFO - Started process (PID=113) to work on /home/airflow/.local/lib/python3.8/site-packages/airflow/example_dags/tutorial_taskflow_api_virtualenv.py
[2023-10-08T01:29:04.601+0000] {processor.py:829} INFO - Processing file /home/airflow/.local/lib/python3.8/site-packages/airflow/example_dags/tutorial_taskflow_api_virtualenv.py for tasks to queue
[2023-10-08T01:29:04.602+0000] {logging_mixin.py:151} INFO - [2023-10-08T01:29:04.602+0000] {dagbag.py:539} INFO - Filling up the DagBag from /home/airflow/.local/lib/python3.8/site-packages/airflow/example_dags/tutorial_taskflow_api_virtualenv.py
[2023-10-08T01:29:04.607+0000] {processor.py:839} INFO - DAG(s) dict_keys(['tutorial_taskflow_api_virtualenv']) retrieved from /home/airflow/.local/lib/python3.8/site-packages/airflow/example_dags/tutorial_taskflow_api_virtualenv.py
[2023-10-08T01:29:04.620+0000] {logging_mixin.py:151} INFO - [2023-10-08T01:29:04.620+0000] {dag.py:2907} INFO - Sync 1 DAGs
[2023-10-08T01:29:04.627+0000] {logging_mixin.py:151} INFO - [2023-10-08T01:29:04.627+0000] {dag.py:3677} INFO - Setting next_dagrun for tutorial_taskflow_api_virtualenv to None, run_after=None
[2023-10-08T01:29:04.638+0000] {processor.py:179} INFO - Processing /home/airflow/.local/lib/python3.8/site-packages/airflow/example_dags/tutorial_taskflow_api_virtualenv.py took 0.039 seconds
[2023-10-08T01:29:34.786+0000] {processor.py:157} INFO - Started process (PID=164) to work on /home/airflow/.local/lib/python3.8/site-packages/airflow/example_dags/tutorial_taskflow_api_virtualenv.py
[2023-10-08T01:29:34.786+0000] {processor.py:829} INFO - Processing file /home/airflow/.local/lib/python3.8/site-packages/airflow/example_dags/tutorial_taskflow_api_virtualenv.py for tasks to queue
[2023-10-08T01:29:34.788+0000] {logging_mixin.py:151} INFO - [2023-10-08T01:29:34.788+0000] {dagbag.py:539} INFO - Filling up the DagBag from /home/airflow/.local/lib/python3.8/site-packages/airflow/example_dags/tutorial_taskflow_api_virtualenv.py
[2023-10-08T01:29:34.792+0000] {processor.py:839} INFO - DAG(s) dict_keys(['tutorial_taskflow_api_virtualenv']) retrieved from /home/airflow/.local/lib/python3.8/site-packages/airflow/example_dags/tutorial_taskflow_api_virtualenv.py
[2023-10-08T01:29:34.816+0000] {logging_mixin.py:151} INFO - [2023-10-08T01:29:34.816+0000] {dag.py:2907} INFO - Sync 1 DAGs
[2023-10-08T01:29:34.823+0000] {logging_mixin.py:151} INFO - [2023-10-08T01:29:34.823+0000] {dag.py:3677} INFO - Setting next_dagrun for tutorial_taskflow_api_virtualenv to None, run_after=None
[2023-10-08T01:29:34.837+0000] {processor.py:179} INFO - Processing /home/airflow/.local/lib/python3.8/site-packages/airflow/example_dags/tutorial_taskflow_api_virtualenv.py took 0.053 seconds
[2023-10-08T01:30:05.148+0000] {processor.py:157} INFO - Started process (PID=215) to work on /home/airflow/.local/lib/python3.8/site-packages/airflow/example_dags/tutorial_taskflow_api_virtualenv.py
[2023-10-08T01:30:05.149+0000] {processor.py:829} INFO - Processing file /home/airflow/.local/lib/python3.8/site-packages/airflow/example_dags/tutorial_taskflow_api_virtualenv.py for tasks to queue
[2023-10-08T01:30:05.150+0000] {logging_mixin.py:151} INFO - [2023-10-08T01:30:05.150+0000] {dagbag.py:539} INFO - Filling up the DagBag from /home/airflow/.local/lib/python3.8/site-packages/airflow/example_dags/tutorial_taskflow_api_virtualenv.py
[2023-10-08T01:30:05.154+0000] {processor.py:839} INFO - DAG(s) dict_keys(['tutorial_taskflow_api_virtualenv']) retrieved from /home/airflow/.local/lib/python3.8/site-packages/airflow/example_dags/tutorial_taskflow_api_virtualenv.py
[2023-10-08T01:30:05.166+0000] {logging_mixin.py:151} INFO - [2023-10-08T01:30:05.166+0000] {dag.py:2907} INFO - Sync 1 DAGs
[2023-10-08T01:30:05.171+0000] {logging_mixin.py:151} INFO - [2023-10-08T01:30:05.171+0000] {dag.py:3677} INFO - Setting next_dagrun for tutorial_taskflow_api_virtualenv to None, run_after=None
[2023-10-08T01:30:05.181+0000] {processor.py:179} INFO - Processing /home/airflow/.local/lib/python3.8/site-packages/airflow/example_dags/tutorial_taskflow_api_virtualenv.py took 0.035 seconds
[2023-10-08T01:30:35.239+0000] {processor.py:157} INFO - Started process (PID=266) to work on /home/airflow/.local/lib/python3.8/site-packages/airflow/example_dags/tutorial_taskflow_api_virtualenv.py
[2023-10-08T01:30:35.240+0000] {processor.py:829} INFO - Processing file /home/airflow/.local/lib/python3.8/site-packages/airflow/example_dags/tutorial_taskflow_api_virtualenv.py for tasks to queue
[2023-10-08T01:30:35.241+0000] {logging_mixin.py:151} INFO - [2023-10-08T01:30:35.241+0000] {dagbag.py:539} INFO - Filling up the DagBag from /home/airflow/.local/lib/python3.8/site-packages/airflow/example_dags/tutorial_taskflow_api_virtualenv.py
[2023-10-08T01:30:35.245+0000] {processor.py:839} INFO - DAG(s) dict_keys(['tutorial_taskflow_api_virtualenv']) retrieved from /home/airflow/.local/lib/python3.8/site-packages/airflow/example_dags/tutorial_taskflow_api_virtualenv.py
[2023-10-08T01:30:35.258+0000] {logging_mixin.py:151} INFO - [2023-10-08T01:30:35.258+0000] {dag.py:2907} INFO - Sync 1 DAGs
[2023-10-08T01:30:35.263+0000] {logging_mixin.py:151} INFO - [2023-10-08T01:30:35.263+0000] {dag.py:3677} INFO - Setting next_dagrun for tutorial_taskflow_api_virtualenv to None, run_after=None
[2023-10-08T01:30:35.275+0000] {processor.py:179} INFO - Processing /home/airflow/.local/lib/python3.8/site-packages/airflow/example_dags/tutorial_taskflow_api_virtualenv.py took 0.038 seconds
