[2023-10-09T06:35:57.079+0000] {warnings.py:109} WARNING - /home/airflow/.local/lib/python3.8/site-packages/airflow/utils/sqlalchemy.py:124: DeprecationWarning: The sql_alchemy_conn option in [core] has been moved to the sql_alchemy_conn option in [database] - the old setting has been used, but please update your config.
  return not conf.get("database", "sql_alchemy_conn").startswith("mssql")

[2023-10-09T06:35:57.111+0000] {taskinstance.py:1159} INFO - Dependencies all met for dep_context=non-requeueable deps ti=<TaskInstance: ETL.transform_data scheduled__2023-10-09T05:00:00+00:00 [queued]>
[2023-10-09T06:35:57.207+0000] {taskinstance.py:1159} INFO - Dependencies all met for dep_context=requeueable deps ti=<TaskInstance: ETL.transform_data scheduled__2023-10-09T05:00:00+00:00 [queued]>
[2023-10-09T06:35:57.207+0000] {taskinstance.py:1361} INFO - Starting attempt 1 of 1
[2023-10-09T06:35:57.215+0000] {taskinstance.py:1382} INFO - Executing <Task(PythonOperator): transform_data> on 2023-10-09 05:00:00+00:00
[2023-10-09T06:35:57.219+0000] {standard_task_runner.py:57} INFO - Started process 127 to run task
[2023-10-09T06:35:57.221+0000] {standard_task_runner.py:84} INFO - Running: ['airflow', 'tasks', 'run', 'ETL', 'transform_data', 'scheduled__2023-10-09T05:00:00+00:00', '--job-id', '384', '--raw', '--subdir', 'DAGS_FOLDER/pipeline.py', '--cfg-path', '/tmp/tmpgxfvlczu']
[2023-10-09T06:35:57.223+0000] {standard_task_runner.py:85} INFO - Job 384: Subtask transform_data
[2023-10-09T06:35:57.232+0000] {warnings.py:109} WARNING - /home/airflow/.local/lib/python3.8/site-packages/airflow/settings.py:195: DeprecationWarning: The sql_alchemy_conn option in [core] has been moved to the sql_alchemy_conn option in [database] - the old setting has been used, but please update your config.
  SQL_ALCHEMY_CONN = conf.get("database", "SQL_ALCHEMY_CONN")

[2023-10-09T06:35:57.253+0000] {task_command.py:415} INFO - Running <TaskInstance: ETL.transform_data scheduled__2023-10-09T05:00:00+00:00 [running]> on host cba2d0d235e2
[2023-10-09T06:35:57.260+0000] {warnings.py:109} WARNING - /home/airflow/.local/lib/python3.8/site-packages/airflow/utils/sqlalchemy.py:124: DeprecationWarning: The sql_alchemy_conn option in [core] has been moved to the sql_alchemy_conn option in [database] - the old setting has been used, but please update your config.
  return not conf.get("database", "sql_alchemy_conn").startswith("mssql")

[2023-10-09T06:35:57.297+0000] {taskinstance.py:1660} INFO - Exporting env vars: AIRFLOW_CTX_DAG_OWNER='airflow' AIRFLOW_CTX_DAG_ID='ETL' AIRFLOW_CTX_TASK_ID='transform_data' AIRFLOW_CTX_EXECUTION_DATE='2023-10-09T05:00:00+00:00' AIRFLOW_CTX_TRY_NUMBER='1' AIRFLOW_CTX_DAG_RUN_ID='scheduled__2023-10-09T05:00:00+00:00'
[2023-10-09T06:35:58.422+0000] {logging_mixin.py:151} INFO - len data before clean=== 8362
[2023-10-09T06:35:59.361+0000] {logging_mixin.py:151} INFO - done save data --------- 
[2023-10-09T06:35:59.362+0000] {python.py:194} INFO - Done. Returned value was: None
[2023-10-09T06:35:59.366+0000] {taskinstance.py:1400} INFO - Marking task as SUCCESS. dag_id=ETL, task_id=transform_data, execution_date=20231009T050000, start_date=20231009T063557, end_date=20231009T063559
[2023-10-09T06:35:59.417+0000] {local_task_job_runner.py:228} INFO - Task exited with return code 0
[2023-10-09T06:35:59.431+0000] {taskinstance.py:2784} INFO - 1 downstream tasks scheduled from follow-on schedule check
