[2023-09-27T00:25:50.679+0000] {processor.py:157} INFO - Started process (PID=52357) to work on /home/airflow/.local/lib/python3.8/site-packages/airflow/example_dags/example_dynamic_task_mapping.py
[2023-09-27T00:25:50.680+0000] {processor.py:829} INFO - Processing file /home/airflow/.local/lib/python3.8/site-packages/airflow/example_dags/example_dynamic_task_mapping.py for tasks to queue
[2023-09-27T00:25:50.681+0000] {logging_mixin.py:151} INFO - [2023-09-27T00:25:50.681+0000] {dagbag.py:539} INFO - Filling up the DagBag from /home/airflow/.local/lib/python3.8/site-packages/airflow/example_dags/example_dynamic_task_mapping.py
[2023-09-27T00:25:50.686+0000] {processor.py:839} INFO - DAG(s) dict_keys(['example_dynamic_task_mapping']) retrieved from /home/airflow/.local/lib/python3.8/site-packages/airflow/example_dags/example_dynamic_task_mapping.py
[2023-09-27T00:25:50.701+0000] {logging_mixin.py:151} INFO - [2023-09-27T00:25:50.701+0000] {dag.py:2907} INFO - Sync 1 DAGs
[2023-09-27T00:25:50.714+0000] {logging_mixin.py:151} INFO - [2023-09-27T00:25:50.714+0000] {dag.py:3677} INFO - Setting next_dagrun for example_dynamic_task_mapping to 2022-03-04T00:00:00+00:00, run_after=2022-03-05T00:00:00+00:00
[2023-09-27T00:25:50.723+0000] {processor.py:179} INFO - Processing /home/airflow/.local/lib/python3.8/site-packages/airflow/example_dags/example_dynamic_task_mapping.py took 0.046 seconds
[2023-09-27T01:50:14.908+0000] {processor.py:157} INFO - Started process (PID=52406) to work on /home/airflow/.local/lib/python3.8/site-packages/airflow/example_dags/example_dynamic_task_mapping.py
[2023-09-27T01:50:14.908+0000] {processor.py:829} INFO - Processing file /home/airflow/.local/lib/python3.8/site-packages/airflow/example_dags/example_dynamic_task_mapping.py for tasks to queue
[2023-09-27T01:50:14.910+0000] {logging_mixin.py:151} INFO - [2023-09-27T01:50:14.909+0000] {dagbag.py:539} INFO - Filling up the DagBag from /home/airflow/.local/lib/python3.8/site-packages/airflow/example_dags/example_dynamic_task_mapping.py
[2023-09-27T01:50:14.914+0000] {processor.py:839} INFO - DAG(s) dict_keys(['example_dynamic_task_mapping']) retrieved from /home/airflow/.local/lib/python3.8/site-packages/airflow/example_dags/example_dynamic_task_mapping.py
[2023-09-27T01:50:14.923+0000] {logging_mixin.py:151} INFO - [2023-09-27T01:50:14.923+0000] {dag.py:2907} INFO - Sync 1 DAGs
[2023-09-27T01:50:14.934+0000] {logging_mixin.py:151} INFO - [2023-09-27T01:50:14.934+0000] {dag.py:3677} INFO - Setting next_dagrun for example_dynamic_task_mapping to 2022-03-04T00:00:00+00:00, run_after=2022-03-05T00:00:00+00:00
[2023-09-27T01:50:14.942+0000] {processor.py:179} INFO - Processing /home/airflow/.local/lib/python3.8/site-packages/airflow/example_dags/example_dynamic_task_mapping.py took 0.037 seconds
[2023-09-27T03:14:02.619+0000] {processor.py:157} INFO - Started process (PID=52455) to work on /home/airflow/.local/lib/python3.8/site-packages/airflow/example_dags/example_dynamic_task_mapping.py
[2023-09-27T03:14:02.623+0000] {processor.py:829} INFO - Processing file /home/airflow/.local/lib/python3.8/site-packages/airflow/example_dags/example_dynamic_task_mapping.py for tasks to queue
[2023-09-27T03:14:02.624+0000] {logging_mixin.py:151} INFO - [2023-09-27T03:14:02.624+0000] {dagbag.py:539} INFO - Filling up the DagBag from /home/airflow/.local/lib/python3.8/site-packages/airflow/example_dags/example_dynamic_task_mapping.py
[2023-09-27T03:14:02.629+0000] {processor.py:839} INFO - DAG(s) dict_keys(['example_dynamic_task_mapping']) retrieved from /home/airflow/.local/lib/python3.8/site-packages/airflow/example_dags/example_dynamic_task_mapping.py
[2023-09-27T03:14:02.657+0000] {logging_mixin.py:151} INFO - [2023-09-27T03:14:02.657+0000] {dag.py:2907} INFO - Sync 1 DAGs
[2023-09-27T03:14:02.683+0000] {logging_mixin.py:151} INFO - [2023-09-27T03:14:02.683+0000] {dag.py:3677} INFO - Setting next_dagrun for example_dynamic_task_mapping to 2022-03-04T00:00:00+00:00, run_after=2022-03-05T00:00:00+00:00
[2023-09-27T03:14:02.702+0000] {processor.py:179} INFO - Processing /home/airflow/.local/lib/python3.8/site-packages/airflow/example_dags/example_dynamic_task_mapping.py took 0.086 seconds
[2023-09-27T04:39:56.181+0000] {processor.py:157} INFO - Started process (PID=52504) to work on /home/airflow/.local/lib/python3.8/site-packages/airflow/example_dags/example_dynamic_task_mapping.py
[2023-09-27T04:39:56.182+0000] {processor.py:829} INFO - Processing file /home/airflow/.local/lib/python3.8/site-packages/airflow/example_dags/example_dynamic_task_mapping.py for tasks to queue
[2023-09-27T04:39:56.183+0000] {logging_mixin.py:151} INFO - [2023-09-27T04:39:56.183+0000] {dagbag.py:539} INFO - Filling up the DagBag from /home/airflow/.local/lib/python3.8/site-packages/airflow/example_dags/example_dynamic_task_mapping.py
[2023-09-27T04:39:56.190+0000] {processor.py:839} INFO - DAG(s) dict_keys(['example_dynamic_task_mapping']) retrieved from /home/airflow/.local/lib/python3.8/site-packages/airflow/example_dags/example_dynamic_task_mapping.py
[2023-09-27T04:39:56.202+0000] {logging_mixin.py:151} INFO - [2023-09-27T04:39:56.201+0000] {dag.py:2907} INFO - Sync 1 DAGs
[2023-09-27T04:39:56.213+0000] {logging_mixin.py:151} INFO - [2023-09-27T04:39:56.212+0000] {dag.py:3677} INFO - Setting next_dagrun for example_dynamic_task_mapping to 2022-03-04T00:00:00+00:00, run_after=2022-03-05T00:00:00+00:00
[2023-09-27T04:39:56.220+0000] {processor.py:179} INFO - Processing /home/airflow/.local/lib/python3.8/site-packages/airflow/example_dags/example_dynamic_task_mapping.py took 0.041 seconds
[2023-09-27T06:04:02.321+0000] {processor.py:157} INFO - Started process (PID=52553) to work on /home/airflow/.local/lib/python3.8/site-packages/airflow/example_dags/example_dynamic_task_mapping.py
[2023-09-27T06:04:02.325+0000] {processor.py:829} INFO - Processing file /home/airflow/.local/lib/python3.8/site-packages/airflow/example_dags/example_dynamic_task_mapping.py for tasks to queue
[2023-09-27T06:04:02.329+0000] {logging_mixin.py:151} INFO - [2023-09-27T06:04:02.329+0000] {dagbag.py:539} INFO - Filling up the DagBag from /home/airflow/.local/lib/python3.8/site-packages/airflow/example_dags/example_dynamic_task_mapping.py
[2023-09-27T06:04:02.334+0000] {processor.py:839} INFO - DAG(s) dict_keys(['example_dynamic_task_mapping']) retrieved from /home/airflow/.local/lib/python3.8/site-packages/airflow/example_dags/example_dynamic_task_mapping.py
[2023-09-27T06:04:02.361+0000] {logging_mixin.py:151} INFO - [2023-09-27T06:04:02.361+0000] {dag.py:2907} INFO - Sync 1 DAGs
[2023-09-27T06:04:02.379+0000] {logging_mixin.py:151} INFO - [2023-09-27T06:04:02.379+0000] {dag.py:3677} INFO - Setting next_dagrun for example_dynamic_task_mapping to 2022-03-04T00:00:00+00:00, run_after=2022-03-05T00:00:00+00:00
[2023-09-27T06:04:02.402+0000] {processor.py:179} INFO - Processing /home/airflow/.local/lib/python3.8/site-packages/airflow/example_dags/example_dynamic_task_mapping.py took 0.084 seconds
[2023-09-27T07:26:00.127+0000] {processor.py:157} INFO - Started process (PID=52602) to work on /home/airflow/.local/lib/python3.8/site-packages/airflow/example_dags/example_dynamic_task_mapping.py
[2023-09-27T07:26:00.128+0000] {processor.py:829} INFO - Processing file /home/airflow/.local/lib/python3.8/site-packages/airflow/example_dags/example_dynamic_task_mapping.py for tasks to queue
[2023-09-27T07:26:00.129+0000] {logging_mixin.py:151} INFO - [2023-09-27T07:26:00.129+0000] {dagbag.py:539} INFO - Filling up the DagBag from /home/airflow/.local/lib/python3.8/site-packages/airflow/example_dags/example_dynamic_task_mapping.py
[2023-09-27T07:26:00.133+0000] {processor.py:839} INFO - DAG(s) dict_keys(['example_dynamic_task_mapping']) retrieved from /home/airflow/.local/lib/python3.8/site-packages/airflow/example_dags/example_dynamic_task_mapping.py
[2023-09-27T07:26:00.143+0000] {logging_mixin.py:151} INFO - [2023-09-27T07:26:00.143+0000] {dag.py:2907} INFO - Sync 1 DAGs
[2023-09-27T07:26:00.153+0000] {logging_mixin.py:151} INFO - [2023-09-27T07:26:00.153+0000] {dag.py:3677} INFO - Setting next_dagrun for example_dynamic_task_mapping to 2022-03-04T00:00:00+00:00, run_after=2022-03-05T00:00:00+00:00
[2023-09-27T07:26:00.160+0000] {processor.py:179} INFO - Processing /home/airflow/.local/lib/python3.8/site-packages/airflow/example_dags/example_dynamic_task_mapping.py took 0.035 seconds
[2023-09-27T08:48:24.554+0000] {processor.py:157} INFO - Started process (PID=52651) to work on /home/airflow/.local/lib/python3.8/site-packages/airflow/example_dags/example_dynamic_task_mapping.py
[2023-09-27T08:48:24.556+0000] {processor.py:829} INFO - Processing file /home/airflow/.local/lib/python3.8/site-packages/airflow/example_dags/example_dynamic_task_mapping.py for tasks to queue
[2023-09-27T08:48:24.557+0000] {logging_mixin.py:151} INFO - [2023-09-27T08:48:24.557+0000] {dagbag.py:539} INFO - Filling up the DagBag from /home/airflow/.local/lib/python3.8/site-packages/airflow/example_dags/example_dynamic_task_mapping.py
[2023-09-27T08:48:24.567+0000] {processor.py:839} INFO - DAG(s) dict_keys(['example_dynamic_task_mapping']) retrieved from /home/airflow/.local/lib/python3.8/site-packages/airflow/example_dags/example_dynamic_task_mapping.py
[2023-09-27T08:48:24.589+0000] {logging_mixin.py:151} INFO - [2023-09-27T08:48:24.589+0000] {dag.py:2907} INFO - Sync 1 DAGs
[2023-09-27T08:48:24.610+0000] {logging_mixin.py:151} INFO - [2023-09-27T08:48:24.610+0000] {dag.py:3677} INFO - Setting next_dagrun for example_dynamic_task_mapping to 2022-03-04T00:00:00+00:00, run_after=2022-03-05T00:00:00+00:00
[2023-09-27T08:48:24.633+0000] {processor.py:179} INFO - Processing /home/airflow/.local/lib/python3.8/site-packages/airflow/example_dags/example_dynamic_task_mapping.py took 0.088 seconds
[2023-09-27T10:11:53.215+0000] {processor.py:157} INFO - Started process (PID=52700) to work on /home/airflow/.local/lib/python3.8/site-packages/airflow/example_dags/example_dynamic_task_mapping.py
[2023-09-27T10:11:53.216+0000] {processor.py:829} INFO - Processing file /home/airflow/.local/lib/python3.8/site-packages/airflow/example_dags/example_dynamic_task_mapping.py for tasks to queue
[2023-09-27T10:11:53.217+0000] {logging_mixin.py:151} INFO - [2023-09-27T10:11:53.217+0000] {dagbag.py:539} INFO - Filling up the DagBag from /home/airflow/.local/lib/python3.8/site-packages/airflow/example_dags/example_dynamic_task_mapping.py
[2023-09-27T10:11:53.221+0000] {processor.py:839} INFO - DAG(s) dict_keys(['example_dynamic_task_mapping']) retrieved from /home/airflow/.local/lib/python3.8/site-packages/airflow/example_dags/example_dynamic_task_mapping.py
[2023-09-27T10:11:53.232+0000] {logging_mixin.py:151} INFO - [2023-09-27T10:11:53.232+0000] {dag.py:2907} INFO - Sync 1 DAGs
[2023-09-27T10:11:53.243+0000] {logging_mixin.py:151} INFO - [2023-09-27T10:11:53.243+0000] {dag.py:3677} INFO - Setting next_dagrun for example_dynamic_task_mapping to 2022-03-04T00:00:00+00:00, run_after=2022-03-05T00:00:00+00:00
[2023-09-27T10:11:53.250+0000] {processor.py:179} INFO - Processing /home/airflow/.local/lib/python3.8/site-packages/airflow/example_dags/example_dynamic_task_mapping.py took 0.036 seconds
[2023-09-27T11:36:51.320+0000] {processor.py:157} INFO - Started process (PID=52749) to work on /home/airflow/.local/lib/python3.8/site-packages/airflow/example_dags/example_dynamic_task_mapping.py
[2023-09-27T11:36:51.321+0000] {processor.py:829} INFO - Processing file /home/airflow/.local/lib/python3.8/site-packages/airflow/example_dags/example_dynamic_task_mapping.py for tasks to queue
[2023-09-27T11:36:51.322+0000] {logging_mixin.py:151} INFO - [2023-09-27T11:36:51.322+0000] {dagbag.py:539} INFO - Filling up the DagBag from /home/airflow/.local/lib/python3.8/site-packages/airflow/example_dags/example_dynamic_task_mapping.py
[2023-09-27T11:36:51.326+0000] {processor.py:839} INFO - DAG(s) dict_keys(['example_dynamic_task_mapping']) retrieved from /home/airflow/.local/lib/python3.8/site-packages/airflow/example_dags/example_dynamic_task_mapping.py
[2023-09-27T11:36:51.337+0000] {logging_mixin.py:151} INFO - [2023-09-27T11:36:51.337+0000] {dag.py:2907} INFO - Sync 1 DAGs
[2023-09-27T11:36:51.348+0000] {logging_mixin.py:151} INFO - [2023-09-27T11:36:51.348+0000] {dag.py:3677} INFO - Setting next_dagrun for example_dynamic_task_mapping to 2022-03-04T00:00:00+00:00, run_after=2022-03-05T00:00:00+00:00
[2023-09-27T11:36:51.356+0000] {processor.py:179} INFO - Processing /home/airflow/.local/lib/python3.8/site-packages/airflow/example_dags/example_dynamic_task_mapping.py took 0.038 seconds
[2023-09-27T12:57:37.310+0000] {processor.py:157} INFO - Started process (PID=52798) to work on /home/airflow/.local/lib/python3.8/site-packages/airflow/example_dags/example_dynamic_task_mapping.py
[2023-09-27T12:57:37.311+0000] {processor.py:829} INFO - Processing file /home/airflow/.local/lib/python3.8/site-packages/airflow/example_dags/example_dynamic_task_mapping.py for tasks to queue
[2023-09-27T12:57:37.312+0000] {logging_mixin.py:151} INFO - [2023-09-27T12:57:37.312+0000] {dagbag.py:539} INFO - Filling up the DagBag from /home/airflow/.local/lib/python3.8/site-packages/airflow/example_dags/example_dynamic_task_mapping.py
[2023-09-27T12:57:37.317+0000] {processor.py:839} INFO - DAG(s) dict_keys(['example_dynamic_task_mapping']) retrieved from /home/airflow/.local/lib/python3.8/site-packages/airflow/example_dags/example_dynamic_task_mapping.py
[2023-09-27T12:57:37.328+0000] {logging_mixin.py:151} INFO - [2023-09-27T12:57:37.328+0000] {dag.py:2907} INFO - Sync 1 DAGs
[2023-09-27T12:57:37.337+0000] {logging_mixin.py:151} INFO - [2023-09-27T12:57:37.337+0000] {dag.py:3677} INFO - Setting next_dagrun for example_dynamic_task_mapping to 2022-03-04T00:00:00+00:00, run_after=2022-03-05T00:00:00+00:00
[2023-09-27T12:57:37.344+0000] {processor.py:179} INFO - Processing /home/airflow/.local/lib/python3.8/site-packages/airflow/example_dags/example_dynamic_task_mapping.py took 0.036 seconds
[2023-09-27T14:21:40.633+0000] {processor.py:157} INFO - Started process (PID=52847) to work on /home/airflow/.local/lib/python3.8/site-packages/airflow/example_dags/example_dynamic_task_mapping.py
[2023-09-27T14:21:40.633+0000] {processor.py:829} INFO - Processing file /home/airflow/.local/lib/python3.8/site-packages/airflow/example_dags/example_dynamic_task_mapping.py for tasks to queue
[2023-09-27T14:21:40.634+0000] {logging_mixin.py:151} INFO - [2023-09-27T14:21:40.634+0000] {dagbag.py:539} INFO - Filling up the DagBag from /home/airflow/.local/lib/python3.8/site-packages/airflow/example_dags/example_dynamic_task_mapping.py
[2023-09-27T14:21:40.638+0000] {processor.py:839} INFO - DAG(s) dict_keys(['example_dynamic_task_mapping']) retrieved from /home/airflow/.local/lib/python3.8/site-packages/airflow/example_dags/example_dynamic_task_mapping.py
[2023-09-27T14:21:40.649+0000] {logging_mixin.py:151} INFO - [2023-09-27T14:21:40.649+0000] {dag.py:2907} INFO - Sync 1 DAGs
[2023-09-27T14:21:40.659+0000] {logging_mixin.py:151} INFO - [2023-09-27T14:21:40.659+0000] {dag.py:3677} INFO - Setting next_dagrun for example_dynamic_task_mapping to 2022-03-04T00:00:00+00:00, run_after=2022-03-05T00:00:00+00:00
[2023-09-27T14:21:40.672+0000] {processor.py:179} INFO - Processing /home/airflow/.local/lib/python3.8/site-packages/airflow/example_dags/example_dynamic_task_mapping.py took 0.041 seconds
[2023-09-27T15:45:07.606+0000] {processor.py:157} INFO - Started process (PID=52896) to work on /home/airflow/.local/lib/python3.8/site-packages/airflow/example_dags/example_dynamic_task_mapping.py
[2023-09-27T15:45:07.609+0000] {processor.py:829} INFO - Processing file /home/airflow/.local/lib/python3.8/site-packages/airflow/example_dags/example_dynamic_task_mapping.py for tasks to queue
[2023-09-27T15:45:07.610+0000] {logging_mixin.py:151} INFO - [2023-09-27T15:45:07.610+0000] {dagbag.py:539} INFO - Filling up the DagBag from /home/airflow/.local/lib/python3.8/site-packages/airflow/example_dags/example_dynamic_task_mapping.py
[2023-09-27T15:45:07.615+0000] {processor.py:839} INFO - DAG(s) dict_keys(['example_dynamic_task_mapping']) retrieved from /home/airflow/.local/lib/python3.8/site-packages/airflow/example_dags/example_dynamic_task_mapping.py
[2023-09-27T15:45:07.626+0000] {logging_mixin.py:151} INFO - [2023-09-27T15:45:07.626+0000] {dag.py:2907} INFO - Sync 1 DAGs
[2023-09-27T15:45:07.637+0000] {logging_mixin.py:151} INFO - [2023-09-27T15:45:07.637+0000] {dag.py:3677} INFO - Setting next_dagrun for example_dynamic_task_mapping to 2022-03-04T00:00:00+00:00, run_after=2022-03-05T00:00:00+00:00
[2023-09-27T15:45:07.646+0000] {processor.py:179} INFO - Processing /home/airflow/.local/lib/python3.8/site-packages/airflow/example_dags/example_dynamic_task_mapping.py took 0.043 seconds
[2023-09-27T17:10:40.179+0000] {processor.py:157} INFO - Started process (PID=52945) to work on /home/airflow/.local/lib/python3.8/site-packages/airflow/example_dags/example_dynamic_task_mapping.py
[2023-09-27T17:10:40.185+0000] {processor.py:829} INFO - Processing file /home/airflow/.local/lib/python3.8/site-packages/airflow/example_dags/example_dynamic_task_mapping.py for tasks to queue
[2023-09-27T17:10:40.190+0000] {logging_mixin.py:151} INFO - [2023-09-27T17:10:40.190+0000] {dagbag.py:539} INFO - Filling up the DagBag from /home/airflow/.local/lib/python3.8/site-packages/airflow/example_dags/example_dynamic_task_mapping.py
[2023-09-27T17:10:40.201+0000] {processor.py:839} INFO - DAG(s) dict_keys(['example_dynamic_task_mapping']) retrieved from /home/airflow/.local/lib/python3.8/site-packages/airflow/example_dags/example_dynamic_task_mapping.py
[2023-09-27T17:10:40.234+0000] {logging_mixin.py:151} INFO - [2023-09-27T17:10:40.234+0000] {dag.py:2907} INFO - Sync 1 DAGs
[2023-09-27T17:10:40.265+0000] {logging_mixin.py:151} INFO - [2023-09-27T17:10:40.265+0000] {dag.py:3677} INFO - Setting next_dagrun for example_dynamic_task_mapping to 2022-03-04T00:00:00+00:00, run_after=2022-03-05T00:00:00+00:00
[2023-09-27T17:10:40.284+0000] {processor.py:179} INFO - Processing /home/airflow/.local/lib/python3.8/site-packages/airflow/example_dags/example_dynamic_task_mapping.py took 0.110 seconds
[2023-09-27T18:32:44.822+0000] {processor.py:157} INFO - Started process (PID=52994) to work on /home/airflow/.local/lib/python3.8/site-packages/airflow/example_dags/example_dynamic_task_mapping.py
[2023-09-27T18:32:44.823+0000] {processor.py:829} INFO - Processing file /home/airflow/.local/lib/python3.8/site-packages/airflow/example_dags/example_dynamic_task_mapping.py for tasks to queue
[2023-09-27T18:32:44.824+0000] {logging_mixin.py:151} INFO - [2023-09-27T18:32:44.824+0000] {dagbag.py:539} INFO - Filling up the DagBag from /home/airflow/.local/lib/python3.8/site-packages/airflow/example_dags/example_dynamic_task_mapping.py
[2023-09-27T18:32:44.828+0000] {processor.py:839} INFO - DAG(s) dict_keys(['example_dynamic_task_mapping']) retrieved from /home/airflow/.local/lib/python3.8/site-packages/airflow/example_dags/example_dynamic_task_mapping.py
[2023-09-27T18:32:44.840+0000] {logging_mixin.py:151} INFO - [2023-09-27T18:32:44.840+0000] {dag.py:2907} INFO - Sync 1 DAGs
[2023-09-27T18:32:44.855+0000] {logging_mixin.py:151} INFO - [2023-09-27T18:32:44.855+0000] {dag.py:3677} INFO - Setting next_dagrun for example_dynamic_task_mapping to 2022-03-04T00:00:00+00:00, run_after=2022-03-05T00:00:00+00:00
[2023-09-27T18:32:44.862+0000] {processor.py:179} INFO - Processing /home/airflow/.local/lib/python3.8/site-packages/airflow/example_dags/example_dynamic_task_mapping.py took 0.042 seconds
[2023-09-27T19:51:34.098+0000] {processor.py:157} INFO - Started process (PID=53043) to work on /home/airflow/.local/lib/python3.8/site-packages/airflow/example_dags/example_dynamic_task_mapping.py
[2023-09-27T19:51:34.098+0000] {processor.py:829} INFO - Processing file /home/airflow/.local/lib/python3.8/site-packages/airflow/example_dags/example_dynamic_task_mapping.py for tasks to queue
[2023-09-27T19:51:34.100+0000] {logging_mixin.py:151} INFO - [2023-09-27T19:51:34.099+0000] {dagbag.py:539} INFO - Filling up the DagBag from /home/airflow/.local/lib/python3.8/site-packages/airflow/example_dags/example_dynamic_task_mapping.py
[2023-09-27T19:51:34.104+0000] {processor.py:839} INFO - DAG(s) dict_keys(['example_dynamic_task_mapping']) retrieved from /home/airflow/.local/lib/python3.8/site-packages/airflow/example_dags/example_dynamic_task_mapping.py
[2023-09-27T19:51:34.113+0000] {logging_mixin.py:151} INFO - [2023-09-27T19:51:34.113+0000] {dag.py:2907} INFO - Sync 1 DAGs
[2023-09-27T19:51:34.123+0000] {logging_mixin.py:151} INFO - [2023-09-27T19:51:34.123+0000] {dag.py:3677} INFO - Setting next_dagrun for example_dynamic_task_mapping to 2022-03-04T00:00:00+00:00, run_after=2022-03-05T00:00:00+00:00
[2023-09-27T19:51:34.130+0000] {processor.py:179} INFO - Processing /home/airflow/.local/lib/python3.8/site-packages/airflow/example_dags/example_dynamic_task_mapping.py took 0.034 seconds
[2023-09-27T21:17:12.089+0000] {processor.py:157} INFO - Started process (PID=53092) to work on /home/airflow/.local/lib/python3.8/site-packages/airflow/example_dags/example_dynamic_task_mapping.py
[2023-09-27T21:17:12.090+0000] {processor.py:829} INFO - Processing file /home/airflow/.local/lib/python3.8/site-packages/airflow/example_dags/example_dynamic_task_mapping.py for tasks to queue
[2023-09-27T21:17:12.091+0000] {logging_mixin.py:151} INFO - [2023-09-27T21:17:12.091+0000] {dagbag.py:539} INFO - Filling up the DagBag from /home/airflow/.local/lib/python3.8/site-packages/airflow/example_dags/example_dynamic_task_mapping.py
[2023-09-27T21:17:12.095+0000] {processor.py:839} INFO - DAG(s) dict_keys(['example_dynamic_task_mapping']) retrieved from /home/airflow/.local/lib/python3.8/site-packages/airflow/example_dags/example_dynamic_task_mapping.py
[2023-09-27T21:17:12.105+0000] {logging_mixin.py:151} INFO - [2023-09-27T21:17:12.105+0000] {dag.py:2907} INFO - Sync 1 DAGs
[2023-09-27T21:17:12.115+0000] {logging_mixin.py:151} INFO - [2023-09-27T21:17:12.115+0000] {dag.py:3677} INFO - Setting next_dagrun for example_dynamic_task_mapping to 2022-03-04T00:00:00+00:00, run_after=2022-03-05T00:00:00+00:00
[2023-09-27T21:17:12.122+0000] {processor.py:179} INFO - Processing /home/airflow/.local/lib/python3.8/site-packages/airflow/example_dags/example_dynamic_task_mapping.py took 0.035 seconds
[2023-09-27T22:39:10.064+0000] {processor.py:157} INFO - Started process (PID=53141) to work on /home/airflow/.local/lib/python3.8/site-packages/airflow/example_dags/example_dynamic_task_mapping.py
[2023-09-27T22:39:10.069+0000] {processor.py:829} INFO - Processing file /home/airflow/.local/lib/python3.8/site-packages/airflow/example_dags/example_dynamic_task_mapping.py for tasks to queue
[2023-09-27T22:39:10.078+0000] {logging_mixin.py:151} INFO - [2023-09-27T22:39:10.078+0000] {dagbag.py:539} INFO - Filling up the DagBag from /home/airflow/.local/lib/python3.8/site-packages/airflow/example_dags/example_dynamic_task_mapping.py
[2023-09-27T22:39:10.088+0000] {processor.py:839} INFO - DAG(s) dict_keys(['example_dynamic_task_mapping']) retrieved from /home/airflow/.local/lib/python3.8/site-packages/airflow/example_dags/example_dynamic_task_mapping.py
[2023-09-27T22:39:10.111+0000] {logging_mixin.py:151} INFO - [2023-09-27T22:39:10.111+0000] {dag.py:2907} INFO - Sync 1 DAGs
[2023-09-27T22:39:10.129+0000] {logging_mixin.py:151} INFO - [2023-09-27T22:39:10.129+0000] {dag.py:3677} INFO - Setting next_dagrun for example_dynamic_task_mapping to 2022-03-04T00:00:00+00:00, run_after=2022-03-05T00:00:00+00:00
[2023-09-27T22:39:10.141+0000] {processor.py:179} INFO - Processing /home/airflow/.local/lib/python3.8/site-packages/airflow/example_dags/example_dynamic_task_mapping.py took 0.080 seconds
