[2023-09-27T00:25:50.163+0000] {processor.py:157} INFO - Started process (PID=52354) to work on /home/airflow/.local/lib/python3.8/site-packages/airflow/example_dags/example_time_delta_sensor_async.py
[2023-09-27T00:25:50.167+0000] {processor.py:829} INFO - Processing file /home/airflow/.local/lib/python3.8/site-packages/airflow/example_dags/example_time_delta_sensor_async.py for tasks to queue
[2023-09-27T00:25:50.175+0000] {logging_mixin.py:151} INFO - [2023-09-27T00:25:50.175+0000] {dagbag.py:539} INFO - Filling up the DagBag from /home/airflow/.local/lib/python3.8/site-packages/airflow/example_dags/example_time_delta_sensor_async.py
[2023-09-27T00:25:50.185+0000] {processor.py:839} INFO - DAG(s) dict_keys(['example_time_delta_sensor_async']) retrieved from /home/airflow/.local/lib/python3.8/site-packages/airflow/example_dags/example_time_delta_sensor_async.py
[2023-09-27T00:25:50.230+0000] {logging_mixin.py:151} INFO - [2023-09-27T00:25:50.230+0000] {dag.py:2907} INFO - Sync 1 DAGs
[2023-09-27T00:25:50.249+0000] {logging_mixin.py:151} INFO - [2023-09-27T00:25:50.249+0000] {dag.py:3677} INFO - Setting next_dagrun for example_time_delta_sensor_async to None, run_after=None
[2023-09-27T00:25:50.276+0000] {processor.py:179} INFO - Processing /home/airflow/.local/lib/python3.8/site-packages/airflow/example_dags/example_time_delta_sensor_async.py took 0.116 seconds
[2023-09-27T01:50:14.759+0000] {processor.py:157} INFO - Started process (PID=52403) to work on /home/airflow/.local/lib/python3.8/site-packages/airflow/example_dags/example_time_delta_sensor_async.py
[2023-09-27T01:50:14.759+0000] {processor.py:829} INFO - Processing file /home/airflow/.local/lib/python3.8/site-packages/airflow/example_dags/example_time_delta_sensor_async.py for tasks to queue
[2023-09-27T01:50:14.761+0000] {logging_mixin.py:151} INFO - [2023-09-27T01:50:14.761+0000] {dagbag.py:539} INFO - Filling up the DagBag from /home/airflow/.local/lib/python3.8/site-packages/airflow/example_dags/example_time_delta_sensor_async.py
[2023-09-27T01:50:14.764+0000] {processor.py:839} INFO - DAG(s) dict_keys(['example_time_delta_sensor_async']) retrieved from /home/airflow/.local/lib/python3.8/site-packages/airflow/example_dags/example_time_delta_sensor_async.py
[2023-09-27T01:50:14.777+0000] {logging_mixin.py:151} INFO - [2023-09-27T01:50:14.777+0000] {dag.py:2907} INFO - Sync 1 DAGs
[2023-09-27T01:50:14.786+0000] {logging_mixin.py:151} INFO - [2023-09-27T01:50:14.786+0000] {dag.py:3677} INFO - Setting next_dagrun for example_time_delta_sensor_async to None, run_after=None
[2023-09-27T01:50:14.799+0000] {processor.py:179} INFO - Processing /home/airflow/.local/lib/python3.8/site-packages/airflow/example_dags/example_time_delta_sensor_async.py took 0.042 seconds
[2023-09-27T03:14:02.284+0000] {processor.py:157} INFO - Started process (PID=52452) to work on /home/airflow/.local/lib/python3.8/site-packages/airflow/example_dags/example_time_delta_sensor_async.py
[2023-09-27T03:14:02.285+0000] {processor.py:829} INFO - Processing file /home/airflow/.local/lib/python3.8/site-packages/airflow/example_dags/example_time_delta_sensor_async.py for tasks to queue
[2023-09-27T03:14:02.288+0000] {logging_mixin.py:151} INFO - [2023-09-27T03:14:02.288+0000] {dagbag.py:539} INFO - Filling up the DagBag from /home/airflow/.local/lib/python3.8/site-packages/airflow/example_dags/example_time_delta_sensor_async.py
[2023-09-27T03:14:02.305+0000] {processor.py:839} INFO - DAG(s) dict_keys(['example_time_delta_sensor_async']) retrieved from /home/airflow/.local/lib/python3.8/site-packages/airflow/example_dags/example_time_delta_sensor_async.py
[2023-09-27T03:14:02.346+0000] {logging_mixin.py:151} INFO - [2023-09-27T03:14:02.346+0000] {dag.py:2907} INFO - Sync 1 DAGs
[2023-09-27T03:14:02.362+0000] {logging_mixin.py:151} INFO - [2023-09-27T03:14:02.362+0000] {dag.py:3677} INFO - Setting next_dagrun for example_time_delta_sensor_async to None, run_after=None
[2023-09-27T03:14:02.386+0000] {processor.py:179} INFO - Processing /home/airflow/.local/lib/python3.8/site-packages/airflow/example_dags/example_time_delta_sensor_async.py took 0.113 seconds
[2023-09-27T04:39:56.034+0000] {processor.py:157} INFO - Started process (PID=52501) to work on /home/airflow/.local/lib/python3.8/site-packages/airflow/example_dags/example_time_delta_sensor_async.py
[2023-09-27T04:39:56.035+0000] {processor.py:829} INFO - Processing file /home/airflow/.local/lib/python3.8/site-packages/airflow/example_dags/example_time_delta_sensor_async.py for tasks to queue
[2023-09-27T04:39:56.037+0000] {logging_mixin.py:151} INFO - [2023-09-27T04:39:56.037+0000] {dagbag.py:539} INFO - Filling up the DagBag from /home/airflow/.local/lib/python3.8/site-packages/airflow/example_dags/example_time_delta_sensor_async.py
[2023-09-27T04:39:56.041+0000] {processor.py:839} INFO - DAG(s) dict_keys(['example_time_delta_sensor_async']) retrieved from /home/airflow/.local/lib/python3.8/site-packages/airflow/example_dags/example_time_delta_sensor_async.py
[2023-09-27T04:39:56.055+0000] {logging_mixin.py:151} INFO - [2023-09-27T04:39:56.054+0000] {dag.py:2907} INFO - Sync 1 DAGs
[2023-09-27T04:39:56.062+0000] {logging_mixin.py:151} INFO - [2023-09-27T04:39:56.062+0000] {dag.py:3677} INFO - Setting next_dagrun for example_time_delta_sensor_async to None, run_after=None
[2023-09-27T04:39:56.075+0000] {processor.py:179} INFO - Processing /home/airflow/.local/lib/python3.8/site-packages/airflow/example_dags/example_time_delta_sensor_async.py took 0.044 seconds
[2023-09-27T06:04:01.976+0000] {processor.py:157} INFO - Started process (PID=52550) to work on /home/airflow/.local/lib/python3.8/site-packages/airflow/example_dags/example_time_delta_sensor_async.py
[2023-09-27T06:04:01.981+0000] {processor.py:829} INFO - Processing file /home/airflow/.local/lib/python3.8/site-packages/airflow/example_dags/example_time_delta_sensor_async.py for tasks to queue
[2023-09-27T06:04:01.985+0000] {logging_mixin.py:151} INFO - [2023-09-27T06:04:01.984+0000] {dagbag.py:539} INFO - Filling up the DagBag from /home/airflow/.local/lib/python3.8/site-packages/airflow/example_dags/example_time_delta_sensor_async.py
[2023-09-27T06:04:01.988+0000] {processor.py:839} INFO - DAG(s) dict_keys(['example_time_delta_sensor_async']) retrieved from /home/airflow/.local/lib/python3.8/site-packages/airflow/example_dags/example_time_delta_sensor_async.py
[2023-09-27T06:04:02.014+0000] {logging_mixin.py:151} INFO - [2023-09-27T06:04:02.014+0000] {dag.py:2907} INFO - Sync 1 DAGs
[2023-09-27T06:04:02.025+0000] {logging_mixin.py:151} INFO - [2023-09-27T06:04:02.025+0000] {dag.py:3677} INFO - Setting next_dagrun for example_time_delta_sensor_async to None, run_after=None
[2023-09-27T06:04:02.048+0000] {processor.py:179} INFO - Processing /home/airflow/.local/lib/python3.8/site-packages/airflow/example_dags/example_time_delta_sensor_async.py took 0.074 seconds
[2023-09-27T07:25:59.974+0000] {processor.py:157} INFO - Started process (PID=52599) to work on /home/airflow/.local/lib/python3.8/site-packages/airflow/example_dags/example_time_delta_sensor_async.py
[2023-09-27T07:25:59.975+0000] {processor.py:829} INFO - Processing file /home/airflow/.local/lib/python3.8/site-packages/airflow/example_dags/example_time_delta_sensor_async.py for tasks to queue
[2023-09-27T07:25:59.976+0000] {logging_mixin.py:151} INFO - [2023-09-27T07:25:59.976+0000] {dagbag.py:539} INFO - Filling up the DagBag from /home/airflow/.local/lib/python3.8/site-packages/airflow/example_dags/example_time_delta_sensor_async.py
[2023-09-27T07:25:59.979+0000] {processor.py:839} INFO - DAG(s) dict_keys(['example_time_delta_sensor_async']) retrieved from /home/airflow/.local/lib/python3.8/site-packages/airflow/example_dags/example_time_delta_sensor_async.py
[2023-09-27T07:25:59.997+0000] {logging_mixin.py:151} INFO - [2023-09-27T07:25:59.997+0000] {dag.py:2907} INFO - Sync 1 DAGs
[2023-09-27T07:26:00.006+0000] {logging_mixin.py:151} INFO - [2023-09-27T07:26:00.005+0000] {dag.py:3677} INFO - Setting next_dagrun for example_time_delta_sensor_async to None, run_after=None
[2023-09-27T07:26:00.018+0000] {processor.py:179} INFO - Processing /home/airflow/.local/lib/python3.8/site-packages/airflow/example_dags/example_time_delta_sensor_async.py took 0.046 seconds
[2023-09-27T08:48:24.094+0000] {processor.py:157} INFO - Started process (PID=52648) to work on /home/airflow/.local/lib/python3.8/site-packages/airflow/example_dags/example_time_delta_sensor_async.py
[2023-09-27T08:48:24.098+0000] {processor.py:829} INFO - Processing file /home/airflow/.local/lib/python3.8/site-packages/airflow/example_dags/example_time_delta_sensor_async.py for tasks to queue
[2023-09-27T08:48:24.113+0000] {logging_mixin.py:151} INFO - [2023-09-27T08:48:24.113+0000] {dagbag.py:539} INFO - Filling up the DagBag from /home/airflow/.local/lib/python3.8/site-packages/airflow/example_dags/example_time_delta_sensor_async.py
[2023-09-27T08:48:24.121+0000] {processor.py:839} INFO - DAG(s) dict_keys(['example_time_delta_sensor_async']) retrieved from /home/airflow/.local/lib/python3.8/site-packages/airflow/example_dags/example_time_delta_sensor_async.py
[2023-09-27T08:48:24.157+0000] {logging_mixin.py:151} INFO - [2023-09-27T08:48:24.157+0000] {dag.py:2907} INFO - Sync 1 DAGs
[2023-09-27T08:48:24.181+0000] {logging_mixin.py:151} INFO - [2023-09-27T08:48:24.181+0000] {dag.py:3677} INFO - Setting next_dagrun for example_time_delta_sensor_async to None, run_after=None
[2023-09-27T08:48:24.212+0000] {processor.py:179} INFO - Processing /home/airflow/.local/lib/python3.8/site-packages/airflow/example_dags/example_time_delta_sensor_async.py took 0.133 seconds
[2023-09-27T10:11:53.013+0000] {processor.py:157} INFO - Started process (PID=52697) to work on /home/airflow/.local/lib/python3.8/site-packages/airflow/example_dags/example_time_delta_sensor_async.py
[2023-09-27T10:11:53.014+0000] {processor.py:829} INFO - Processing file /home/airflow/.local/lib/python3.8/site-packages/airflow/example_dags/example_time_delta_sensor_async.py for tasks to queue
[2023-09-27T10:11:53.016+0000] {logging_mixin.py:151} INFO - [2023-09-27T10:11:53.016+0000] {dagbag.py:539} INFO - Filling up the DagBag from /home/airflow/.local/lib/python3.8/site-packages/airflow/example_dags/example_time_delta_sensor_async.py
[2023-09-27T10:11:53.027+0000] {processor.py:839} INFO - DAG(s) dict_keys(['example_time_delta_sensor_async']) retrieved from /home/airflow/.local/lib/python3.8/site-packages/airflow/example_dags/example_time_delta_sensor_async.py
[2023-09-27T10:11:53.073+0000] {logging_mixin.py:151} INFO - [2023-09-27T10:11:53.073+0000] {dag.py:2907} INFO - Sync 1 DAGs
[2023-09-27T10:11:53.081+0000] {logging_mixin.py:151} INFO - [2023-09-27T10:11:53.080+0000] {dag.py:3677} INFO - Setting next_dagrun for example_time_delta_sensor_async to None, run_after=None
[2023-09-27T10:11:53.092+0000] {processor.py:179} INFO - Processing /home/airflow/.local/lib/python3.8/site-packages/airflow/example_dags/example_time_delta_sensor_async.py took 0.087 seconds
[2023-09-27T11:36:51.187+0000] {processor.py:157} INFO - Started process (PID=52746) to work on /home/airflow/.local/lib/python3.8/site-packages/airflow/example_dags/example_time_delta_sensor_async.py
[2023-09-27T11:36:51.188+0000] {processor.py:829} INFO - Processing file /home/airflow/.local/lib/python3.8/site-packages/airflow/example_dags/example_time_delta_sensor_async.py for tasks to queue
[2023-09-27T11:36:51.189+0000] {logging_mixin.py:151} INFO - [2023-09-27T11:36:51.189+0000] {dagbag.py:539} INFO - Filling up the DagBag from /home/airflow/.local/lib/python3.8/site-packages/airflow/example_dags/example_time_delta_sensor_async.py
[2023-09-27T11:36:51.192+0000] {processor.py:839} INFO - DAG(s) dict_keys(['example_time_delta_sensor_async']) retrieved from /home/airflow/.local/lib/python3.8/site-packages/airflow/example_dags/example_time_delta_sensor_async.py
[2023-09-27T11:36:51.204+0000] {logging_mixin.py:151} INFO - [2023-09-27T11:36:51.204+0000] {dag.py:2907} INFO - Sync 1 DAGs
[2023-09-27T11:36:51.210+0000] {logging_mixin.py:151} INFO - [2023-09-27T11:36:51.210+0000] {dag.py:3677} INFO - Setting next_dagrun for example_time_delta_sensor_async to None, run_after=None
[2023-09-27T11:36:51.217+0000] {processor.py:179} INFO - Processing /home/airflow/.local/lib/python3.8/site-packages/airflow/example_dags/example_time_delta_sensor_async.py took 0.032 seconds
[2023-09-27T12:57:36.961+0000] {processor.py:157} INFO - Started process (PID=52795) to work on /home/airflow/.local/lib/python3.8/site-packages/airflow/example_dags/example_time_delta_sensor_async.py
[2023-09-27T12:57:36.969+0000] {processor.py:829} INFO - Processing file /home/airflow/.local/lib/python3.8/site-packages/airflow/example_dags/example_time_delta_sensor_async.py for tasks to queue
[2023-09-27T12:57:36.974+0000] {logging_mixin.py:151} INFO - [2023-09-27T12:57:36.973+0000] {dagbag.py:539} INFO - Filling up the DagBag from /home/airflow/.local/lib/python3.8/site-packages/airflow/example_dags/example_time_delta_sensor_async.py
[2023-09-27T12:57:36.986+0000] {processor.py:839} INFO - DAG(s) dict_keys(['example_time_delta_sensor_async']) retrieved from /home/airflow/.local/lib/python3.8/site-packages/airflow/example_dags/example_time_delta_sensor_async.py
[2023-09-27T12:57:37.033+0000] {logging_mixin.py:151} INFO - [2023-09-27T12:57:37.032+0000] {dag.py:2907} INFO - Sync 1 DAGs
[2023-09-27T12:57:37.046+0000] {logging_mixin.py:151} INFO - [2023-09-27T12:57:37.046+0000] {dag.py:3677} INFO - Setting next_dagrun for example_time_delta_sensor_async to None, run_after=None
[2023-09-27T12:57:37.069+0000] {processor.py:179} INFO - Processing /home/airflow/.local/lib/python3.8/site-packages/airflow/example_dags/example_time_delta_sensor_async.py took 0.111 seconds
[2023-09-27T14:21:40.490+0000] {processor.py:157} INFO - Started process (PID=52844) to work on /home/airflow/.local/lib/python3.8/site-packages/airflow/example_dags/example_time_delta_sensor_async.py
[2023-09-27T14:21:40.491+0000] {processor.py:829} INFO - Processing file /home/airflow/.local/lib/python3.8/site-packages/airflow/example_dags/example_time_delta_sensor_async.py for tasks to queue
[2023-09-27T14:21:40.492+0000] {logging_mixin.py:151} INFO - [2023-09-27T14:21:40.492+0000] {dagbag.py:539} INFO - Filling up the DagBag from /home/airflow/.local/lib/python3.8/site-packages/airflow/example_dags/example_time_delta_sensor_async.py
[2023-09-27T14:21:40.495+0000] {processor.py:839} INFO - DAG(s) dict_keys(['example_time_delta_sensor_async']) retrieved from /home/airflow/.local/lib/python3.8/site-packages/airflow/example_dags/example_time_delta_sensor_async.py
[2023-09-27T14:21:40.510+0000] {logging_mixin.py:151} INFO - [2023-09-27T14:21:40.510+0000] {dag.py:2907} INFO - Sync 1 DAGs
[2023-09-27T14:21:40.516+0000] {logging_mixin.py:151} INFO - [2023-09-27T14:21:40.516+0000] {dag.py:3677} INFO - Setting next_dagrun for example_time_delta_sensor_async to None, run_after=None
[2023-09-27T14:21:40.524+0000] {processor.py:179} INFO - Processing /home/airflow/.local/lib/python3.8/site-packages/airflow/example_dags/example_time_delta_sensor_async.py took 0.037 seconds
[2023-09-27T15:45:07.455+0000] {processor.py:157} INFO - Started process (PID=52893) to work on /home/airflow/.local/lib/python3.8/site-packages/airflow/example_dags/example_time_delta_sensor_async.py
[2023-09-27T15:45:07.456+0000] {processor.py:829} INFO - Processing file /home/airflow/.local/lib/python3.8/site-packages/airflow/example_dags/example_time_delta_sensor_async.py for tasks to queue
[2023-09-27T15:45:07.457+0000] {logging_mixin.py:151} INFO - [2023-09-27T15:45:07.457+0000] {dagbag.py:539} INFO - Filling up the DagBag from /home/airflow/.local/lib/python3.8/site-packages/airflow/example_dags/example_time_delta_sensor_async.py
[2023-09-27T15:45:07.461+0000] {processor.py:839} INFO - DAG(s) dict_keys(['example_time_delta_sensor_async']) retrieved from /home/airflow/.local/lib/python3.8/site-packages/airflow/example_dags/example_time_delta_sensor_async.py
[2023-09-27T15:45:07.474+0000] {logging_mixin.py:151} INFO - [2023-09-27T15:45:07.474+0000] {dag.py:2907} INFO - Sync 1 DAGs
[2023-09-27T15:45:07.480+0000] {logging_mixin.py:151} INFO - [2023-09-27T15:45:07.480+0000] {dag.py:3677} INFO - Setting next_dagrun for example_time_delta_sensor_async to None, run_after=None
[2023-09-27T15:45:07.488+0000] {processor.py:179} INFO - Processing /home/airflow/.local/lib/python3.8/site-packages/airflow/example_dags/example_time_delta_sensor_async.py took 0.037 seconds
[2023-09-27T17:10:39.810+0000] {processor.py:157} INFO - Started process (PID=52942) to work on /home/airflow/.local/lib/python3.8/site-packages/airflow/example_dags/example_time_delta_sensor_async.py
[2023-09-27T17:10:39.811+0000] {processor.py:829} INFO - Processing file /home/airflow/.local/lib/python3.8/site-packages/airflow/example_dags/example_time_delta_sensor_async.py for tasks to queue
[2023-09-27T17:10:39.812+0000] {logging_mixin.py:151} INFO - [2023-09-27T17:10:39.812+0000] {dagbag.py:539} INFO - Filling up the DagBag from /home/airflow/.local/lib/python3.8/site-packages/airflow/example_dags/example_time_delta_sensor_async.py
[2023-09-27T17:10:39.815+0000] {processor.py:839} INFO - DAG(s) dict_keys(['example_time_delta_sensor_async']) retrieved from /home/airflow/.local/lib/python3.8/site-packages/airflow/example_dags/example_time_delta_sensor_async.py
[2023-09-27T17:10:39.831+0000] {logging_mixin.py:151} INFO - [2023-09-27T17:10:39.831+0000] {dag.py:2907} INFO - Sync 1 DAGs
[2023-09-27T17:10:39.841+0000] {logging_mixin.py:151} INFO - [2023-09-27T17:10:39.841+0000] {dag.py:3677} INFO - Setting next_dagrun for example_time_delta_sensor_async to None, run_after=None
[2023-09-27T17:10:39.850+0000] {processor.py:179} INFO - Processing /home/airflow/.local/lib/python3.8/site-packages/airflow/example_dags/example_time_delta_sensor_async.py took 0.042 seconds
[2023-09-27T18:32:44.671+0000] {processor.py:157} INFO - Started process (PID=52991) to work on /home/airflow/.local/lib/python3.8/site-packages/airflow/example_dags/example_time_delta_sensor_async.py
[2023-09-27T18:32:44.671+0000] {processor.py:829} INFO - Processing file /home/airflow/.local/lib/python3.8/site-packages/airflow/example_dags/example_time_delta_sensor_async.py for tasks to queue
[2023-09-27T18:32:44.673+0000] {logging_mixin.py:151} INFO - [2023-09-27T18:32:44.673+0000] {dagbag.py:539} INFO - Filling up the DagBag from /home/airflow/.local/lib/python3.8/site-packages/airflow/example_dags/example_time_delta_sensor_async.py
[2023-09-27T18:32:44.677+0000] {processor.py:839} INFO - DAG(s) dict_keys(['example_time_delta_sensor_async']) retrieved from /home/airflow/.local/lib/python3.8/site-packages/airflow/example_dags/example_time_delta_sensor_async.py
[2023-09-27T18:32:44.691+0000] {logging_mixin.py:151} INFO - [2023-09-27T18:32:44.690+0000] {dag.py:2907} INFO - Sync 1 DAGs
[2023-09-27T18:32:44.702+0000] {logging_mixin.py:151} INFO - [2023-09-27T18:32:44.702+0000] {dag.py:3677} INFO - Setting next_dagrun for example_time_delta_sensor_async to None, run_after=None
[2023-09-27T18:32:44.710+0000] {processor.py:179} INFO - Processing /home/airflow/.local/lib/python3.8/site-packages/airflow/example_dags/example_time_delta_sensor_async.py took 0.042 seconds
[2023-09-27T19:51:33.692+0000] {processor.py:157} INFO - Started process (PID=53039) to work on /home/airflow/.local/lib/python3.8/site-packages/airflow/example_dags/example_time_delta_sensor_async.py
[2023-09-27T19:51:33.699+0000] {processor.py:829} INFO - Processing file /home/airflow/.local/lib/python3.8/site-packages/airflow/example_dags/example_time_delta_sensor_async.py for tasks to queue
[2023-09-27T19:51:33.714+0000] {logging_mixin.py:151} INFO - [2023-09-27T19:51:33.708+0000] {dagbag.py:539} INFO - Filling up the DagBag from /home/airflow/.local/lib/python3.8/site-packages/airflow/example_dags/example_time_delta_sensor_async.py
[2023-09-27T19:51:33.730+0000] {processor.py:839} INFO - DAG(s) dict_keys(['example_time_delta_sensor_async']) retrieved from /home/airflow/.local/lib/python3.8/site-packages/airflow/example_dags/example_time_delta_sensor_async.py
[2023-09-27T19:51:33.811+0000] {logging_mixin.py:151} INFO - [2023-09-27T19:51:33.811+0000] {dag.py:2907} INFO - Sync 1 DAGs
[2023-09-27T19:51:33.839+0000] {logging_mixin.py:151} INFO - [2023-09-27T19:51:33.839+0000] {dag.py:3677} INFO - Setting next_dagrun for example_time_delta_sensor_async to None, run_after=None
[2023-09-27T19:51:33.863+0000] {processor.py:179} INFO - Processing /home/airflow/.local/lib/python3.8/site-packages/airflow/example_dags/example_time_delta_sensor_async.py took 0.176 seconds
[2023-09-27T21:17:11.935+0000] {processor.py:157} INFO - Started process (PID=53089) to work on /home/airflow/.local/lib/python3.8/site-packages/airflow/example_dags/example_time_delta_sensor_async.py
[2023-09-27T21:17:11.936+0000] {processor.py:829} INFO - Processing file /home/airflow/.local/lib/python3.8/site-packages/airflow/example_dags/example_time_delta_sensor_async.py for tasks to queue
[2023-09-27T21:17:11.938+0000] {logging_mixin.py:151} INFO - [2023-09-27T21:17:11.938+0000] {dagbag.py:539} INFO - Filling up the DagBag from /home/airflow/.local/lib/python3.8/site-packages/airflow/example_dags/example_time_delta_sensor_async.py
[2023-09-27T21:17:11.941+0000] {processor.py:839} INFO - DAG(s) dict_keys(['example_time_delta_sensor_async']) retrieved from /home/airflow/.local/lib/python3.8/site-packages/airflow/example_dags/example_time_delta_sensor_async.py
[2023-09-27T21:17:11.955+0000] {logging_mixin.py:151} INFO - [2023-09-27T21:17:11.954+0000] {dag.py:2907} INFO - Sync 1 DAGs
[2023-09-27T21:17:11.964+0000] {logging_mixin.py:151} INFO - [2023-09-27T21:17:11.964+0000] {dag.py:3677} INFO - Setting next_dagrun for example_time_delta_sensor_async to None, run_after=None
[2023-09-27T21:17:11.975+0000] {processor.py:179} INFO - Processing /home/airflow/.local/lib/python3.8/site-packages/airflow/example_dags/example_time_delta_sensor_async.py took 0.042 seconds
[2023-09-27T22:39:09.646+0000] {processor.py:157} INFO - Started process (PID=53138) to work on /home/airflow/.local/lib/python3.8/site-packages/airflow/example_dags/example_time_delta_sensor_async.py
[2023-09-27T22:39:09.650+0000] {processor.py:829} INFO - Processing file /home/airflow/.local/lib/python3.8/site-packages/airflow/example_dags/example_time_delta_sensor_async.py for tasks to queue
[2023-09-27T22:39:09.654+0000] {logging_mixin.py:151} INFO - [2023-09-27T22:39:09.654+0000] {dagbag.py:539} INFO - Filling up the DagBag from /home/airflow/.local/lib/python3.8/site-packages/airflow/example_dags/example_time_delta_sensor_async.py
[2023-09-27T22:39:09.658+0000] {processor.py:839} INFO - DAG(s) dict_keys(['example_time_delta_sensor_async']) retrieved from /home/airflow/.local/lib/python3.8/site-packages/airflow/example_dags/example_time_delta_sensor_async.py
[2023-09-27T22:39:09.685+0000] {logging_mixin.py:151} INFO - [2023-09-27T22:39:09.685+0000] {dag.py:2907} INFO - Sync 1 DAGs
[2023-09-27T22:39:09.707+0000] {logging_mixin.py:151} INFO - [2023-09-27T22:39:09.707+0000] {dag.py:3677} INFO - Setting next_dagrun for example_time_delta_sensor_async to None, run_after=None
[2023-09-27T22:39:09.741+0000] {processor.py:179} INFO - Processing /home/airflow/.local/lib/python3.8/site-packages/airflow/example_dags/example_time_delta_sensor_async.py took 0.099 seconds
