[2023-09-27T00:25:51.923+0000] {processor.py:157} INFO - Started process (PID=52394) to work on /home/airflow/.local/lib/python3.8/site-packages/airflow/example_dags/example_setup_teardown_taskflow.py
[2023-09-27T00:25:51.924+0000] {processor.py:829} INFO - Processing file /home/airflow/.local/lib/python3.8/site-packages/airflow/example_dags/example_setup_teardown_taskflow.py for tasks to queue
[2023-09-27T00:25:51.925+0000] {logging_mixin.py:151} INFO - [2023-09-27T00:25:51.925+0000] {dagbag.py:539} INFO - Filling up the DagBag from /home/airflow/.local/lib/python3.8/site-packages/airflow/example_dags/example_setup_teardown_taskflow.py
[2023-09-27T00:25:51.930+0000] {processor.py:839} INFO - DAG(s) dict_keys(['example_setup_teardown_taskflow']) retrieved from /home/airflow/.local/lib/python3.8/site-packages/airflow/example_dags/example_setup_teardown_taskflow.py
[2023-09-27T00:25:51.941+0000] {logging_mixin.py:151} INFO - [2023-09-27T00:25:51.941+0000] {dag.py:2907} INFO - Sync 1 DAGs
[2023-09-27T00:25:51.951+0000] {logging_mixin.py:151} INFO - [2023-09-27T00:25:51.951+0000] {dag.py:3677} INFO - Setting next_dagrun for example_setup_teardown_taskflow to 2023-09-26T00:25:51.951356+00:00, run_after=2023-09-27T00:25:51.951356+00:00
[2023-09-27T00:25:51.958+0000] {processor.py:179} INFO - Processing /home/airflow/.local/lib/python3.8/site-packages/airflow/example_dags/example_setup_teardown_taskflow.py took 0.037 seconds
[2023-09-27T01:50:16.828+0000] {processor.py:157} INFO - Started process (PID=52443) to work on /home/airflow/.local/lib/python3.8/site-packages/airflow/example_dags/example_setup_teardown_taskflow.py
[2023-09-27T01:50:16.829+0000] {processor.py:829} INFO - Processing file /home/airflow/.local/lib/python3.8/site-packages/airflow/example_dags/example_setup_teardown_taskflow.py for tasks to queue
[2023-09-27T01:50:16.830+0000] {logging_mixin.py:151} INFO - [2023-09-27T01:50:16.830+0000] {dagbag.py:539} INFO - Filling up the DagBag from /home/airflow/.local/lib/python3.8/site-packages/airflow/example_dags/example_setup_teardown_taskflow.py
[2023-09-27T01:50:16.835+0000] {processor.py:839} INFO - DAG(s) dict_keys(['example_setup_teardown_taskflow']) retrieved from /home/airflow/.local/lib/python3.8/site-packages/airflow/example_dags/example_setup_teardown_taskflow.py
[2023-09-27T01:50:16.846+0000] {logging_mixin.py:151} INFO - [2023-09-27T01:50:16.846+0000] {dag.py:2907} INFO - Sync 1 DAGs
[2023-09-27T01:50:16.856+0000] {logging_mixin.py:151} INFO - [2023-09-27T01:50:16.855+0000] {dag.py:3677} INFO - Setting next_dagrun for example_setup_teardown_taskflow to 2023-09-26T01:50:16.855820+00:00, run_after=2023-09-27T01:50:16.855820+00:00
[2023-09-27T01:50:16.863+0000] {processor.py:179} INFO - Processing /home/airflow/.local/lib/python3.8/site-packages/airflow/example_dags/example_setup_teardown_taskflow.py took 0.037 seconds
[2023-09-27T03:14:04.112+0000] {processor.py:157} INFO - Started process (PID=52492) to work on /home/airflow/.local/lib/python3.8/site-packages/airflow/example_dags/example_setup_teardown_taskflow.py
[2023-09-27T03:14:04.112+0000] {processor.py:829} INFO - Processing file /home/airflow/.local/lib/python3.8/site-packages/airflow/example_dags/example_setup_teardown_taskflow.py for tasks to queue
[2023-09-27T03:14:04.113+0000] {logging_mixin.py:151} INFO - [2023-09-27T03:14:04.113+0000] {dagbag.py:539} INFO - Filling up the DagBag from /home/airflow/.local/lib/python3.8/site-packages/airflow/example_dags/example_setup_teardown_taskflow.py
[2023-09-27T03:14:04.118+0000] {processor.py:839} INFO - DAG(s) dict_keys(['example_setup_teardown_taskflow']) retrieved from /home/airflow/.local/lib/python3.8/site-packages/airflow/example_dags/example_setup_teardown_taskflow.py
[2023-09-27T03:14:04.129+0000] {logging_mixin.py:151} INFO - [2023-09-27T03:14:04.129+0000] {dag.py:2907} INFO - Sync 1 DAGs
[2023-09-27T03:14:04.139+0000] {logging_mixin.py:151} INFO - [2023-09-27T03:14:04.139+0000] {dag.py:3677} INFO - Setting next_dagrun for example_setup_teardown_taskflow to 2023-09-26T03:14:04.139282+00:00, run_after=2023-09-27T03:14:04.139282+00:00
[2023-09-27T03:14:04.146+0000] {processor.py:179} INFO - Processing /home/airflow/.local/lib/python3.8/site-packages/airflow/example_dags/example_setup_teardown_taskflow.py took 0.036 seconds
[2023-09-27T04:39:58.022+0000] {processor.py:157} INFO - Started process (PID=52541) to work on /home/airflow/.local/lib/python3.8/site-packages/airflow/example_dags/example_setup_teardown_taskflow.py
[2023-09-27T04:39:58.022+0000] {processor.py:829} INFO - Processing file /home/airflow/.local/lib/python3.8/site-packages/airflow/example_dags/example_setup_teardown_taskflow.py for tasks to queue
[2023-09-27T04:39:58.024+0000] {logging_mixin.py:151} INFO - [2023-09-27T04:39:58.024+0000] {dagbag.py:539} INFO - Filling up the DagBag from /home/airflow/.local/lib/python3.8/site-packages/airflow/example_dags/example_setup_teardown_taskflow.py
[2023-09-27T04:39:58.029+0000] {processor.py:839} INFO - DAG(s) dict_keys(['example_setup_teardown_taskflow']) retrieved from /home/airflow/.local/lib/python3.8/site-packages/airflow/example_dags/example_setup_teardown_taskflow.py
[2023-09-27T04:39:58.040+0000] {logging_mixin.py:151} INFO - [2023-09-27T04:39:58.040+0000] {dag.py:2907} INFO - Sync 1 DAGs
[2023-09-27T04:39:58.050+0000] {logging_mixin.py:151} INFO - [2023-09-27T04:39:58.050+0000] {dag.py:3677} INFO - Setting next_dagrun for example_setup_teardown_taskflow to 2023-09-26T04:39:58.050053+00:00, run_after=2023-09-27T04:39:58.050053+00:00
[2023-09-27T04:39:58.057+0000] {processor.py:179} INFO - Processing /home/airflow/.local/lib/python3.8/site-packages/airflow/example_dags/example_setup_teardown_taskflow.py took 0.037 seconds
[2023-09-27T06:04:03.924+0000] {processor.py:157} INFO - Started process (PID=52590) to work on /home/airflow/.local/lib/python3.8/site-packages/airflow/example_dags/example_setup_teardown_taskflow.py
[2023-09-27T06:04:03.925+0000] {processor.py:829} INFO - Processing file /home/airflow/.local/lib/python3.8/site-packages/airflow/example_dags/example_setup_teardown_taskflow.py for tasks to queue
[2023-09-27T06:04:03.926+0000] {logging_mixin.py:151} INFO - [2023-09-27T06:04:03.926+0000] {dagbag.py:539} INFO - Filling up the DagBag from /home/airflow/.local/lib/python3.8/site-packages/airflow/example_dags/example_setup_teardown_taskflow.py
[2023-09-27T06:04:03.931+0000] {processor.py:839} INFO - DAG(s) dict_keys(['example_setup_teardown_taskflow']) retrieved from /home/airflow/.local/lib/python3.8/site-packages/airflow/example_dags/example_setup_teardown_taskflow.py
[2023-09-27T06:04:03.942+0000] {logging_mixin.py:151} INFO - [2023-09-27T06:04:03.942+0000] {dag.py:2907} INFO - Sync 1 DAGs
[2023-09-27T06:04:03.952+0000] {logging_mixin.py:151} INFO - [2023-09-27T06:04:03.952+0000] {dag.py:3677} INFO - Setting next_dagrun for example_setup_teardown_taskflow to 2023-09-26T06:04:03.952553+00:00, run_after=2023-09-27T06:04:03.952553+00:00
[2023-09-27T06:04:03.960+0000] {processor.py:179} INFO - Processing /home/airflow/.local/lib/python3.8/site-packages/airflow/example_dags/example_setup_teardown_taskflow.py took 0.038 seconds
[2023-09-27T07:26:02.020+0000] {processor.py:157} INFO - Started process (PID=52639) to work on /home/airflow/.local/lib/python3.8/site-packages/airflow/example_dags/example_setup_teardown_taskflow.py
[2023-09-27T07:26:02.021+0000] {processor.py:829} INFO - Processing file /home/airflow/.local/lib/python3.8/site-packages/airflow/example_dags/example_setup_teardown_taskflow.py for tasks to queue
[2023-09-27T07:26:02.022+0000] {logging_mixin.py:151} INFO - [2023-09-27T07:26:02.022+0000] {dagbag.py:539} INFO - Filling up the DagBag from /home/airflow/.local/lib/python3.8/site-packages/airflow/example_dags/example_setup_teardown_taskflow.py
[2023-09-27T07:26:02.027+0000] {processor.py:839} INFO - DAG(s) dict_keys(['example_setup_teardown_taskflow']) retrieved from /home/airflow/.local/lib/python3.8/site-packages/airflow/example_dags/example_setup_teardown_taskflow.py
[2023-09-27T07:26:02.039+0000] {logging_mixin.py:151} INFO - [2023-09-27T07:26:02.038+0000] {dag.py:2907} INFO - Sync 1 DAGs
[2023-09-27T07:26:02.048+0000] {logging_mixin.py:151} INFO - [2023-09-27T07:26:02.048+0000] {dag.py:3677} INFO - Setting next_dagrun for example_setup_teardown_taskflow to 2023-09-26T07:26:02.048795+00:00, run_after=2023-09-27T07:26:02.048795+00:00
[2023-09-27T07:26:02.057+0000] {processor.py:179} INFO - Processing /home/airflow/.local/lib/python3.8/site-packages/airflow/example_dags/example_setup_teardown_taskflow.py took 0.038 seconds
[2023-09-27T08:48:25.898+0000] {processor.py:157} INFO - Started process (PID=52688) to work on /home/airflow/.local/lib/python3.8/site-packages/airflow/example_dags/example_setup_teardown_taskflow.py
[2023-09-27T08:48:25.899+0000] {processor.py:829} INFO - Processing file /home/airflow/.local/lib/python3.8/site-packages/airflow/example_dags/example_setup_teardown_taskflow.py for tasks to queue
[2023-09-27T08:48:25.900+0000] {logging_mixin.py:151} INFO - [2023-09-27T08:48:25.900+0000] {dagbag.py:539} INFO - Filling up the DagBag from /home/airflow/.local/lib/python3.8/site-packages/airflow/example_dags/example_setup_teardown_taskflow.py
[2023-09-27T08:48:25.905+0000] {processor.py:839} INFO - DAG(s) dict_keys(['example_setup_teardown_taskflow']) retrieved from /home/airflow/.local/lib/python3.8/site-packages/airflow/example_dags/example_setup_teardown_taskflow.py
[2023-09-27T08:48:25.916+0000] {logging_mixin.py:151} INFO - [2023-09-27T08:48:25.916+0000] {dag.py:2907} INFO - Sync 1 DAGs
[2023-09-27T08:48:25.926+0000] {logging_mixin.py:151} INFO - [2023-09-27T08:48:25.926+0000] {dag.py:3677} INFO - Setting next_dagrun for example_setup_teardown_taskflow to 2023-09-26T08:48:25.925911+00:00, run_after=2023-09-27T08:48:25.925911+00:00
[2023-09-27T08:48:25.934+0000] {processor.py:179} INFO - Processing /home/airflow/.local/lib/python3.8/site-packages/airflow/example_dags/example_setup_teardown_taskflow.py took 0.037 seconds
[2023-09-27T10:11:54.425+0000] {processor.py:157} INFO - Started process (PID=52737) to work on /home/airflow/.local/lib/python3.8/site-packages/airflow/example_dags/example_setup_teardown_taskflow.py
[2023-09-27T10:11:54.426+0000] {processor.py:829} INFO - Processing file /home/airflow/.local/lib/python3.8/site-packages/airflow/example_dags/example_setup_teardown_taskflow.py for tasks to queue
[2023-09-27T10:11:54.427+0000] {logging_mixin.py:151} INFO - [2023-09-27T10:11:54.427+0000] {dagbag.py:539} INFO - Filling up the DagBag from /home/airflow/.local/lib/python3.8/site-packages/airflow/example_dags/example_setup_teardown_taskflow.py
[2023-09-27T10:11:54.432+0000] {processor.py:839} INFO - DAG(s) dict_keys(['example_setup_teardown_taskflow']) retrieved from /home/airflow/.local/lib/python3.8/site-packages/airflow/example_dags/example_setup_teardown_taskflow.py
[2023-09-27T10:11:54.442+0000] {logging_mixin.py:151} INFO - [2023-09-27T10:11:54.442+0000] {dag.py:2907} INFO - Sync 1 DAGs
[2023-09-27T10:11:54.452+0000] {logging_mixin.py:151} INFO - [2023-09-27T10:11:54.452+0000] {dag.py:3677} INFO - Setting next_dagrun for example_setup_teardown_taskflow to 2023-09-26T10:11:54.451942+00:00, run_after=2023-09-27T10:11:54.451942+00:00
[2023-09-27T10:11:54.460+0000] {processor.py:179} INFO - Processing /home/airflow/.local/lib/python3.8/site-packages/airflow/example_dags/example_setup_teardown_taskflow.py took 0.037 seconds
[2023-09-27T11:36:52.987+0000] {processor.py:157} INFO - Started process (PID=52786) to work on /home/airflow/.local/lib/python3.8/site-packages/airflow/example_dags/example_setup_teardown_taskflow.py
[2023-09-27T11:36:52.988+0000] {processor.py:829} INFO - Processing file /home/airflow/.local/lib/python3.8/site-packages/airflow/example_dags/example_setup_teardown_taskflow.py for tasks to queue
[2023-09-27T11:36:52.989+0000] {logging_mixin.py:151} INFO - [2023-09-27T11:36:52.989+0000] {dagbag.py:539} INFO - Filling up the DagBag from /home/airflow/.local/lib/python3.8/site-packages/airflow/example_dags/example_setup_teardown_taskflow.py
[2023-09-27T11:36:52.994+0000] {processor.py:839} INFO - DAG(s) dict_keys(['example_setup_teardown_taskflow']) retrieved from /home/airflow/.local/lib/python3.8/site-packages/airflow/example_dags/example_setup_teardown_taskflow.py
[2023-09-27T11:36:53.006+0000] {logging_mixin.py:151} INFO - [2023-09-27T11:36:53.006+0000] {dag.py:2907} INFO - Sync 1 DAGs
[2023-09-27T11:36:53.016+0000] {logging_mixin.py:151} INFO - [2023-09-27T11:36:53.016+0000] {dag.py:3677} INFO - Setting next_dagrun for example_setup_teardown_taskflow to 2023-09-26T11:36:53.016562+00:00, run_after=2023-09-27T11:36:53.016562+00:00
[2023-09-27T11:36:53.024+0000] {processor.py:179} INFO - Processing /home/airflow/.local/lib/python3.8/site-packages/airflow/example_dags/example_setup_teardown_taskflow.py took 0.039 seconds
[2023-09-27T12:57:38.543+0000] {processor.py:157} INFO - Started process (PID=52835) to work on /home/airflow/.local/lib/python3.8/site-packages/airflow/example_dags/example_setup_teardown_taskflow.py
[2023-09-27T12:57:38.544+0000] {processor.py:829} INFO - Processing file /home/airflow/.local/lib/python3.8/site-packages/airflow/example_dags/example_setup_teardown_taskflow.py for tasks to queue
[2023-09-27T12:57:38.545+0000] {logging_mixin.py:151} INFO - [2023-09-27T12:57:38.545+0000] {dagbag.py:539} INFO - Filling up the DagBag from /home/airflow/.local/lib/python3.8/site-packages/airflow/example_dags/example_setup_teardown_taskflow.py
[2023-09-27T12:57:38.550+0000] {processor.py:839} INFO - DAG(s) dict_keys(['example_setup_teardown_taskflow']) retrieved from /home/airflow/.local/lib/python3.8/site-packages/airflow/example_dags/example_setup_teardown_taskflow.py
[2023-09-27T12:57:38.561+0000] {logging_mixin.py:151} INFO - [2023-09-27T12:57:38.561+0000] {dag.py:2907} INFO - Sync 1 DAGs
[2023-09-27T12:57:38.571+0000] {logging_mixin.py:151} INFO - [2023-09-27T12:57:38.571+0000] {dag.py:3677} INFO - Setting next_dagrun for example_setup_teardown_taskflow to 2023-09-26T12:57:38.570935+00:00, run_after=2023-09-27T12:57:38.570935+00:00
[2023-09-27T12:57:38.578+0000] {processor.py:179} INFO - Processing /home/airflow/.local/lib/python3.8/site-packages/airflow/example_dags/example_setup_teardown_taskflow.py took 0.037 seconds
[2023-09-27T14:21:42.458+0000] {processor.py:157} INFO - Started process (PID=52884) to work on /home/airflow/.local/lib/python3.8/site-packages/airflow/example_dags/example_setup_teardown_taskflow.py
[2023-09-27T14:21:42.459+0000] {processor.py:829} INFO - Processing file /home/airflow/.local/lib/python3.8/site-packages/airflow/example_dags/example_setup_teardown_taskflow.py for tasks to queue
[2023-09-27T14:21:42.460+0000] {logging_mixin.py:151} INFO - [2023-09-27T14:21:42.460+0000] {dagbag.py:539} INFO - Filling up the DagBag from /home/airflow/.local/lib/python3.8/site-packages/airflow/example_dags/example_setup_teardown_taskflow.py
[2023-09-27T14:21:42.465+0000] {processor.py:839} INFO - DAG(s) dict_keys(['example_setup_teardown_taskflow']) retrieved from /home/airflow/.local/lib/python3.8/site-packages/airflow/example_dags/example_setup_teardown_taskflow.py
[2023-09-27T14:21:42.476+0000] {logging_mixin.py:151} INFO - [2023-09-27T14:21:42.476+0000] {dag.py:2907} INFO - Sync 1 DAGs
[2023-09-27T14:21:42.487+0000] {logging_mixin.py:151} INFO - [2023-09-27T14:21:42.487+0000] {dag.py:3677} INFO - Setting next_dagrun for example_setup_teardown_taskflow to 2023-09-26T14:21:42.486975+00:00, run_after=2023-09-27T14:21:42.486975+00:00
[2023-09-27T14:21:42.494+0000] {processor.py:179} INFO - Processing /home/airflow/.local/lib/python3.8/site-packages/airflow/example_dags/example_setup_teardown_taskflow.py took 0.038 seconds
[2023-09-27T15:45:08.996+0000] {processor.py:157} INFO - Started process (PID=52933) to work on /home/airflow/.local/lib/python3.8/site-packages/airflow/example_dags/example_setup_teardown_taskflow.py
[2023-09-27T15:45:08.997+0000] {processor.py:829} INFO - Processing file /home/airflow/.local/lib/python3.8/site-packages/airflow/example_dags/example_setup_teardown_taskflow.py for tasks to queue
[2023-09-27T15:45:08.998+0000] {logging_mixin.py:151} INFO - [2023-09-27T15:45:08.998+0000] {dagbag.py:539} INFO - Filling up the DagBag from /home/airflow/.local/lib/python3.8/site-packages/airflow/example_dags/example_setup_teardown_taskflow.py
[2023-09-27T15:45:09.004+0000] {processor.py:839} INFO - DAG(s) dict_keys(['example_setup_teardown_taskflow']) retrieved from /home/airflow/.local/lib/python3.8/site-packages/airflow/example_dags/example_setup_teardown_taskflow.py
[2023-09-27T15:45:09.015+0000] {logging_mixin.py:151} INFO - [2023-09-27T15:45:09.015+0000] {dag.py:2907} INFO - Sync 1 DAGs
[2023-09-27T15:45:09.025+0000] {logging_mixin.py:151} INFO - [2023-09-27T15:45:09.025+0000] {dag.py:3677} INFO - Setting next_dagrun for example_setup_teardown_taskflow to 2023-09-26T15:45:09.025622+00:00, run_after=2023-09-27T15:45:09.025622+00:00
[2023-09-27T15:45:09.034+0000] {processor.py:179} INFO - Processing /home/airflow/.local/lib/python3.8/site-packages/airflow/example_dags/example_setup_teardown_taskflow.py took 0.040 seconds
[2023-09-27T17:10:41.855+0000] {processor.py:157} INFO - Started process (PID=52982) to work on /home/airflow/.local/lib/python3.8/site-packages/airflow/example_dags/example_setup_teardown_taskflow.py
[2023-09-27T17:10:41.855+0000] {processor.py:829} INFO - Processing file /home/airflow/.local/lib/python3.8/site-packages/airflow/example_dags/example_setup_teardown_taskflow.py for tasks to queue
[2023-09-27T17:10:41.856+0000] {logging_mixin.py:151} INFO - [2023-09-27T17:10:41.856+0000] {dagbag.py:539} INFO - Filling up the DagBag from /home/airflow/.local/lib/python3.8/site-packages/airflow/example_dags/example_setup_teardown_taskflow.py
[2023-09-27T17:10:41.862+0000] {processor.py:839} INFO - DAG(s) dict_keys(['example_setup_teardown_taskflow']) retrieved from /home/airflow/.local/lib/python3.8/site-packages/airflow/example_dags/example_setup_teardown_taskflow.py
[2023-09-27T17:10:41.872+0000] {logging_mixin.py:151} INFO - [2023-09-27T17:10:41.872+0000] {dag.py:2907} INFO - Sync 1 DAGs
[2023-09-27T17:10:41.882+0000] {logging_mixin.py:151} INFO - [2023-09-27T17:10:41.882+0000] {dag.py:3677} INFO - Setting next_dagrun for example_setup_teardown_taskflow to 2023-09-26T17:10:41.882429+00:00, run_after=2023-09-27T17:10:41.882429+00:00
[2023-09-27T17:10:41.890+0000] {processor.py:179} INFO - Processing /home/airflow/.local/lib/python3.8/site-packages/airflow/example_dags/example_setup_teardown_taskflow.py took 0.037 seconds
[2023-09-27T18:32:46.639+0000] {processor.py:157} INFO - Started process (PID=53031) to work on /home/airflow/.local/lib/python3.8/site-packages/airflow/example_dags/example_setup_teardown_taskflow.py
[2023-09-27T18:32:46.639+0000] {processor.py:829} INFO - Processing file /home/airflow/.local/lib/python3.8/site-packages/airflow/example_dags/example_setup_teardown_taskflow.py for tasks to queue
[2023-09-27T18:32:46.640+0000] {logging_mixin.py:151} INFO - [2023-09-27T18:32:46.640+0000] {dagbag.py:539} INFO - Filling up the DagBag from /home/airflow/.local/lib/python3.8/site-packages/airflow/example_dags/example_setup_teardown_taskflow.py
[2023-09-27T18:32:46.645+0000] {processor.py:839} INFO - DAG(s) dict_keys(['example_setup_teardown_taskflow']) retrieved from /home/airflow/.local/lib/python3.8/site-packages/airflow/example_dags/example_setup_teardown_taskflow.py
[2023-09-27T18:32:46.656+0000] {logging_mixin.py:151} INFO - [2023-09-27T18:32:46.656+0000] {dag.py:2907} INFO - Sync 1 DAGs
[2023-09-27T18:32:46.666+0000] {logging_mixin.py:151} INFO - [2023-09-27T18:32:46.666+0000] {dag.py:3677} INFO - Setting next_dagrun for example_setup_teardown_taskflow to 2023-09-26T18:32:46.666449+00:00, run_after=2023-09-27T18:32:46.666449+00:00
[2023-09-27T18:32:46.675+0000] {processor.py:179} INFO - Processing /home/airflow/.local/lib/python3.8/site-packages/airflow/example_dags/example_setup_teardown_taskflow.py took 0.038 seconds
[2023-09-27T19:51:35.175+0000] {processor.py:157} INFO - Started process (PID=53080) to work on /home/airflow/.local/lib/python3.8/site-packages/airflow/example_dags/example_setup_teardown_taskflow.py
[2023-09-27T19:51:35.176+0000] {processor.py:829} INFO - Processing file /home/airflow/.local/lib/python3.8/site-packages/airflow/example_dags/example_setup_teardown_taskflow.py for tasks to queue
[2023-09-27T19:51:35.177+0000] {logging_mixin.py:151} INFO - [2023-09-27T19:51:35.177+0000] {dagbag.py:539} INFO - Filling up the DagBag from /home/airflow/.local/lib/python3.8/site-packages/airflow/example_dags/example_setup_teardown_taskflow.py
[2023-09-27T19:51:35.182+0000] {processor.py:839} INFO - DAG(s) dict_keys(['example_setup_teardown_taskflow']) retrieved from /home/airflow/.local/lib/python3.8/site-packages/airflow/example_dags/example_setup_teardown_taskflow.py
[2023-09-27T19:51:35.193+0000] {logging_mixin.py:151} INFO - [2023-09-27T19:51:35.193+0000] {dag.py:2907} INFO - Sync 1 DAGs
[2023-09-27T19:51:35.203+0000] {logging_mixin.py:151} INFO - [2023-09-27T19:51:35.203+0000] {dag.py:3677} INFO - Setting next_dagrun for example_setup_teardown_taskflow to 2023-09-26T19:51:35.203316+00:00, run_after=2023-09-27T19:51:35.203316+00:00
[2023-09-27T19:51:35.211+0000] {processor.py:179} INFO - Processing /home/airflow/.local/lib/python3.8/site-packages/airflow/example_dags/example_setup_teardown_taskflow.py took 0.038 seconds
[2023-09-27T21:17:13.846+0000] {processor.py:157} INFO - Started process (PID=53129) to work on /home/airflow/.local/lib/python3.8/site-packages/airflow/example_dags/example_setup_teardown_taskflow.py
[2023-09-27T21:17:13.846+0000] {processor.py:829} INFO - Processing file /home/airflow/.local/lib/python3.8/site-packages/airflow/example_dags/example_setup_teardown_taskflow.py for tasks to queue
[2023-09-27T21:17:13.848+0000] {logging_mixin.py:151} INFO - [2023-09-27T21:17:13.847+0000] {dagbag.py:539} INFO - Filling up the DagBag from /home/airflow/.local/lib/python3.8/site-packages/airflow/example_dags/example_setup_teardown_taskflow.py
[2023-09-27T21:17:13.852+0000] {processor.py:839} INFO - DAG(s) dict_keys(['example_setup_teardown_taskflow']) retrieved from /home/airflow/.local/lib/python3.8/site-packages/airflow/example_dags/example_setup_teardown_taskflow.py
[2023-09-27T21:17:13.863+0000] {logging_mixin.py:151} INFO - [2023-09-27T21:17:13.863+0000] {dag.py:2907} INFO - Sync 1 DAGs
[2023-09-27T21:17:13.873+0000] {logging_mixin.py:151} INFO - [2023-09-27T21:17:13.873+0000] {dag.py:3677} INFO - Setting next_dagrun for example_setup_teardown_taskflow to 2023-09-26T21:17:13.873579+00:00, run_after=2023-09-27T21:17:13.873579+00:00
[2023-09-27T21:17:13.881+0000] {processor.py:179} INFO - Processing /home/airflow/.local/lib/python3.8/site-packages/airflow/example_dags/example_setup_teardown_taskflow.py took 0.037 seconds
[2023-09-27T22:39:11.335+0000] {processor.py:157} INFO - Started process (PID=53178) to work on /home/airflow/.local/lib/python3.8/site-packages/airflow/example_dags/example_setup_teardown_taskflow.py
[2023-09-27T22:39:11.335+0000] {processor.py:829} INFO - Processing file /home/airflow/.local/lib/python3.8/site-packages/airflow/example_dags/example_setup_teardown_taskflow.py for tasks to queue
[2023-09-27T22:39:11.337+0000] {logging_mixin.py:151} INFO - [2023-09-27T22:39:11.337+0000] {dagbag.py:539} INFO - Filling up the DagBag from /home/airflow/.local/lib/python3.8/site-packages/airflow/example_dags/example_setup_teardown_taskflow.py
[2023-09-27T22:39:11.342+0000] {processor.py:839} INFO - DAG(s) dict_keys(['example_setup_teardown_taskflow']) retrieved from /home/airflow/.local/lib/python3.8/site-packages/airflow/example_dags/example_setup_teardown_taskflow.py
[2023-09-27T22:39:11.353+0000] {logging_mixin.py:151} INFO - [2023-09-27T22:39:11.353+0000] {dag.py:2907} INFO - Sync 1 DAGs
[2023-09-27T22:39:11.363+0000] {logging_mixin.py:151} INFO - [2023-09-27T22:39:11.363+0000] {dag.py:3677} INFO - Setting next_dagrun for example_setup_teardown_taskflow to 2023-09-26T22:39:11.363014+00:00, run_after=2023-09-27T22:39:11.363014+00:00
[2023-09-27T22:39:11.371+0000] {processor.py:179} INFO - Processing /home/airflow/.local/lib/python3.8/site-packages/airflow/example_dags/example_setup_teardown_taskflow.py took 0.038 seconds
