[2023-09-27T00:25:51.608+0000] {processor.py:157} INFO - Started process (PID=52384) to work on /home/airflow/.local/lib/python3.8/site-packages/airflow/example_dags/example_local_kubernetes_executor.py
[2023-09-27T00:25:51.608+0000] {processor.py:829} INFO - Processing file /home/airflow/.local/lib/python3.8/site-packages/airflow/example_dags/example_local_kubernetes_executor.py for tasks to queue
[2023-09-27T00:25:51.610+0000] {logging_mixin.py:151} INFO - [2023-09-27T00:25:51.609+0000] {dagbag.py:539} INFO - Filling up the DagBag from /home/airflow/.local/lib/python3.8/site-packages/airflow/example_dags/example_local_kubernetes_executor.py
[2023-09-27T00:25:51.727+0000] {processor.py:839} INFO - DAG(s) dict_keys(['example_local_kubernetes_executor']) retrieved from /home/airflow/.local/lib/python3.8/site-packages/airflow/example_dags/example_local_kubernetes_executor.py
[2023-09-27T00:25:51.743+0000] {logging_mixin.py:151} INFO - [2023-09-27T00:25:51.743+0000] {dag.py:2907} INFO - Sync 1 DAGs
[2023-09-27T00:25:51.749+0000] {logging_mixin.py:151} INFO - [2023-09-27T00:25:51.749+0000] {dag.py:3677} INFO - Setting next_dagrun for example_local_kubernetes_executor to None, run_after=None
[2023-09-27T00:25:51.756+0000] {processor.py:179} INFO - Processing /home/airflow/.local/lib/python3.8/site-packages/airflow/example_dags/example_local_kubernetes_executor.py took 0.150 seconds
[2023-09-27T01:50:16.416+0000] {processor.py:157} INFO - Started process (PID=52433) to work on /home/airflow/.local/lib/python3.8/site-packages/airflow/example_dags/example_local_kubernetes_executor.py
[2023-09-27T01:50:16.416+0000] {processor.py:829} INFO - Processing file /home/airflow/.local/lib/python3.8/site-packages/airflow/example_dags/example_local_kubernetes_executor.py for tasks to queue
[2023-09-27T01:50:16.418+0000] {logging_mixin.py:151} INFO - [2023-09-27T01:50:16.417+0000] {dagbag.py:539} INFO - Filling up the DagBag from /home/airflow/.local/lib/python3.8/site-packages/airflow/example_dags/example_local_kubernetes_executor.py
[2023-09-27T01:50:16.531+0000] {processor.py:839} INFO - DAG(s) dict_keys(['example_local_kubernetes_executor']) retrieved from /home/airflow/.local/lib/python3.8/site-packages/airflow/example_dags/example_local_kubernetes_executor.py
[2023-09-27T01:50:16.547+0000] {logging_mixin.py:151} INFO - [2023-09-27T01:50:16.547+0000] {dag.py:2907} INFO - Sync 1 DAGs
[2023-09-27T01:50:16.552+0000] {logging_mixin.py:151} INFO - [2023-09-27T01:50:16.552+0000] {dag.py:3677} INFO - Setting next_dagrun for example_local_kubernetes_executor to None, run_after=None
[2023-09-27T01:50:16.559+0000] {processor.py:179} INFO - Processing /home/airflow/.local/lib/python3.8/site-packages/airflow/example_dags/example_local_kubernetes_executor.py took 0.146 seconds
[2023-09-27T03:14:03.726+0000] {processor.py:157} INFO - Started process (PID=52482) to work on /home/airflow/.local/lib/python3.8/site-packages/airflow/example_dags/example_local_kubernetes_executor.py
[2023-09-27T03:14:03.726+0000] {processor.py:829} INFO - Processing file /home/airflow/.local/lib/python3.8/site-packages/airflow/example_dags/example_local_kubernetes_executor.py for tasks to queue
[2023-09-27T03:14:03.727+0000] {logging_mixin.py:151} INFO - [2023-09-27T03:14:03.727+0000] {dagbag.py:539} INFO - Filling up the DagBag from /home/airflow/.local/lib/python3.8/site-packages/airflow/example_dags/example_local_kubernetes_executor.py
[2023-09-27T03:14:03.831+0000] {processor.py:839} INFO - DAG(s) dict_keys(['example_local_kubernetes_executor']) retrieved from /home/airflow/.local/lib/python3.8/site-packages/airflow/example_dags/example_local_kubernetes_executor.py
[2023-09-27T03:14:03.846+0000] {logging_mixin.py:151} INFO - [2023-09-27T03:14:03.846+0000] {dag.py:2907} INFO - Sync 1 DAGs
[2023-09-27T03:14:03.852+0000] {logging_mixin.py:151} INFO - [2023-09-27T03:14:03.852+0000] {dag.py:3677} INFO - Setting next_dagrun for example_local_kubernetes_executor to None, run_after=None
[2023-09-27T03:14:03.859+0000] {processor.py:179} INFO - Processing /home/airflow/.local/lib/python3.8/site-packages/airflow/example_dags/example_local_kubernetes_executor.py took 0.135 seconds
[2023-09-27T04:39:57.667+0000] {processor.py:157} INFO - Started process (PID=52531) to work on /home/airflow/.local/lib/python3.8/site-packages/airflow/example_dags/example_local_kubernetes_executor.py
[2023-09-27T04:39:57.668+0000] {processor.py:829} INFO - Processing file /home/airflow/.local/lib/python3.8/site-packages/airflow/example_dags/example_local_kubernetes_executor.py for tasks to queue
[2023-09-27T04:39:57.669+0000] {logging_mixin.py:151} INFO - [2023-09-27T04:39:57.669+0000] {dagbag.py:539} INFO - Filling up the DagBag from /home/airflow/.local/lib/python3.8/site-packages/airflow/example_dags/example_local_kubernetes_executor.py
[2023-09-27T04:39:57.785+0000] {processor.py:839} INFO - DAG(s) dict_keys(['example_local_kubernetes_executor']) retrieved from /home/airflow/.local/lib/python3.8/site-packages/airflow/example_dags/example_local_kubernetes_executor.py
[2023-09-27T04:39:57.801+0000] {logging_mixin.py:151} INFO - [2023-09-27T04:39:57.800+0000] {dag.py:2907} INFO - Sync 1 DAGs
[2023-09-27T04:39:57.809+0000] {logging_mixin.py:151} INFO - [2023-09-27T04:39:57.809+0000] {dag.py:3677} INFO - Setting next_dagrun for example_local_kubernetes_executor to None, run_after=None
[2023-09-27T04:39:57.816+0000] {processor.py:179} INFO - Processing /home/airflow/.local/lib/python3.8/site-packages/airflow/example_dags/example_local_kubernetes_executor.py took 0.150 seconds
[2023-09-27T06:04:03.511+0000] {processor.py:157} INFO - Started process (PID=52580) to work on /home/airflow/.local/lib/python3.8/site-packages/airflow/example_dags/example_local_kubernetes_executor.py
[2023-09-27T06:04:03.511+0000] {processor.py:829} INFO - Processing file /home/airflow/.local/lib/python3.8/site-packages/airflow/example_dags/example_local_kubernetes_executor.py for tasks to queue
[2023-09-27T06:04:03.513+0000] {logging_mixin.py:151} INFO - [2023-09-27T06:04:03.512+0000] {dagbag.py:539} INFO - Filling up the DagBag from /home/airflow/.local/lib/python3.8/site-packages/airflow/example_dags/example_local_kubernetes_executor.py
[2023-09-27T06:04:03.646+0000] {processor.py:839} INFO - DAG(s) dict_keys(['example_local_kubernetes_executor']) retrieved from /home/airflow/.local/lib/python3.8/site-packages/airflow/example_dags/example_local_kubernetes_executor.py
[2023-09-27T06:04:03.662+0000] {logging_mixin.py:151} INFO - [2023-09-27T06:04:03.662+0000] {dag.py:2907} INFO - Sync 1 DAGs
[2023-09-27T06:04:03.669+0000] {logging_mixin.py:151} INFO - [2023-09-27T06:04:03.669+0000] {dag.py:3677} INFO - Setting next_dagrun for example_local_kubernetes_executor to None, run_after=None
[2023-09-27T06:04:03.676+0000] {processor.py:179} INFO - Processing /home/airflow/.local/lib/python3.8/site-packages/airflow/example_dags/example_local_kubernetes_executor.py took 0.166 seconds
[2023-09-27T07:26:01.684+0000] {processor.py:157} INFO - Started process (PID=52629) to work on /home/airflow/.local/lib/python3.8/site-packages/airflow/example_dags/example_local_kubernetes_executor.py
[2023-09-27T07:26:01.684+0000] {processor.py:829} INFO - Processing file /home/airflow/.local/lib/python3.8/site-packages/airflow/example_dags/example_local_kubernetes_executor.py for tasks to queue
[2023-09-27T07:26:01.686+0000] {logging_mixin.py:151} INFO - [2023-09-27T07:26:01.685+0000] {dagbag.py:539} INFO - Filling up the DagBag from /home/airflow/.local/lib/python3.8/site-packages/airflow/example_dags/example_local_kubernetes_executor.py
[2023-09-27T07:26:01.803+0000] {processor.py:839} INFO - DAG(s) dict_keys(['example_local_kubernetes_executor']) retrieved from /home/airflow/.local/lib/python3.8/site-packages/airflow/example_dags/example_local_kubernetes_executor.py
[2023-09-27T07:26:01.818+0000] {logging_mixin.py:151} INFO - [2023-09-27T07:26:01.818+0000] {dag.py:2907} INFO - Sync 1 DAGs
[2023-09-27T07:26:01.824+0000] {logging_mixin.py:151} INFO - [2023-09-27T07:26:01.824+0000] {dag.py:3677} INFO - Setting next_dagrun for example_local_kubernetes_executor to None, run_after=None
[2023-09-27T07:26:01.832+0000] {processor.py:179} INFO - Processing /home/airflow/.local/lib/python3.8/site-packages/airflow/example_dags/example_local_kubernetes_executor.py took 0.150 seconds
[2023-09-27T08:48:25.500+0000] {processor.py:157} INFO - Started process (PID=52678) to work on /home/airflow/.local/lib/python3.8/site-packages/airflow/example_dags/example_local_kubernetes_executor.py
[2023-09-27T08:48:25.500+0000] {processor.py:829} INFO - Processing file /home/airflow/.local/lib/python3.8/site-packages/airflow/example_dags/example_local_kubernetes_executor.py for tasks to queue
[2023-09-27T08:48:25.502+0000] {logging_mixin.py:151} INFO - [2023-09-27T08:48:25.501+0000] {dagbag.py:539} INFO - Filling up the DagBag from /home/airflow/.local/lib/python3.8/site-packages/airflow/example_dags/example_local_kubernetes_executor.py
[2023-09-27T08:48:25.615+0000] {processor.py:839} INFO - DAG(s) dict_keys(['example_local_kubernetes_executor']) retrieved from /home/airflow/.local/lib/python3.8/site-packages/airflow/example_dags/example_local_kubernetes_executor.py
[2023-09-27T08:48:25.631+0000] {logging_mixin.py:151} INFO - [2023-09-27T08:48:25.630+0000] {dag.py:2907} INFO - Sync 1 DAGs
[2023-09-27T08:48:25.636+0000] {logging_mixin.py:151} INFO - [2023-09-27T08:48:25.636+0000] {dag.py:3677} INFO - Setting next_dagrun for example_local_kubernetes_executor to None, run_after=None
[2023-09-27T08:48:25.643+0000] {processor.py:179} INFO - Processing /home/airflow/.local/lib/python3.8/site-packages/airflow/example_dags/example_local_kubernetes_executor.py took 0.145 seconds
[2023-09-27T10:11:54.009+0000] {processor.py:157} INFO - Started process (PID=52727) to work on /home/airflow/.local/lib/python3.8/site-packages/airflow/example_dags/example_local_kubernetes_executor.py
[2023-09-27T10:11:54.010+0000] {processor.py:829} INFO - Processing file /home/airflow/.local/lib/python3.8/site-packages/airflow/example_dags/example_local_kubernetes_executor.py for tasks to queue
[2023-09-27T10:11:54.011+0000] {logging_mixin.py:151} INFO - [2023-09-27T10:11:54.011+0000] {dagbag.py:539} INFO - Filling up the DagBag from /home/airflow/.local/lib/python3.8/site-packages/airflow/example_dags/example_local_kubernetes_executor.py
[2023-09-27T10:11:54.122+0000] {processor.py:839} INFO - DAG(s) dict_keys(['example_local_kubernetes_executor']) retrieved from /home/airflow/.local/lib/python3.8/site-packages/airflow/example_dags/example_local_kubernetes_executor.py
[2023-09-27T10:11:54.139+0000] {logging_mixin.py:151} INFO - [2023-09-27T10:11:54.138+0000] {dag.py:2907} INFO - Sync 1 DAGs
[2023-09-27T10:11:54.144+0000] {logging_mixin.py:151} INFO - [2023-09-27T10:11:54.144+0000] {dag.py:3677} INFO - Setting next_dagrun for example_local_kubernetes_executor to None, run_after=None
[2023-09-27T10:11:54.151+0000] {processor.py:179} INFO - Processing /home/airflow/.local/lib/python3.8/site-packages/airflow/example_dags/example_local_kubernetes_executor.py took 0.144 seconds
[2023-09-27T11:36:52.408+0000] {processor.py:157} INFO - Started process (PID=52776) to work on /home/airflow/.local/lib/python3.8/site-packages/airflow/example_dags/example_local_kubernetes_executor.py
[2023-09-27T11:36:52.412+0000] {processor.py:829} INFO - Processing file /home/airflow/.local/lib/python3.8/site-packages/airflow/example_dags/example_local_kubernetes_executor.py for tasks to queue
[2023-09-27T11:36:52.417+0000] {logging_mixin.py:151} INFO - [2023-09-27T11:36:52.417+0000] {dagbag.py:539} INFO - Filling up the DagBag from /home/airflow/.local/lib/python3.8/site-packages/airflow/example_dags/example_local_kubernetes_executor.py
[2023-09-27T11:36:52.593+0000] {processor.py:839} INFO - DAG(s) dict_keys(['example_local_kubernetes_executor']) retrieved from /home/airflow/.local/lib/python3.8/site-packages/airflow/example_dags/example_local_kubernetes_executor.py
[2023-09-27T11:36:52.642+0000] {logging_mixin.py:151} INFO - [2023-09-27T11:36:52.641+0000] {dag.py:2907} INFO - Sync 1 DAGs
[2023-09-27T11:36:52.656+0000] {logging_mixin.py:151} INFO - [2023-09-27T11:36:52.656+0000] {dag.py:3677} INFO - Setting next_dagrun for example_local_kubernetes_executor to None, run_after=None
[2023-09-27T11:36:52.674+0000] {processor.py:179} INFO - Processing /home/airflow/.local/lib/python3.8/site-packages/airflow/example_dags/example_local_kubernetes_executor.py took 0.269 seconds
[2023-09-27T12:57:38.145+0000] {processor.py:157} INFO - Started process (PID=52825) to work on /home/airflow/.local/lib/python3.8/site-packages/airflow/example_dags/example_local_kubernetes_executor.py
[2023-09-27T12:57:38.146+0000] {processor.py:829} INFO - Processing file /home/airflow/.local/lib/python3.8/site-packages/airflow/example_dags/example_local_kubernetes_executor.py for tasks to queue
[2023-09-27T12:57:38.147+0000] {logging_mixin.py:151} INFO - [2023-09-27T12:57:38.147+0000] {dagbag.py:539} INFO - Filling up the DagBag from /home/airflow/.local/lib/python3.8/site-packages/airflow/example_dags/example_local_kubernetes_executor.py
[2023-09-27T12:57:38.259+0000] {processor.py:839} INFO - DAG(s) dict_keys(['example_local_kubernetes_executor']) retrieved from /home/airflow/.local/lib/python3.8/site-packages/airflow/example_dags/example_local_kubernetes_executor.py
[2023-09-27T12:57:38.275+0000] {logging_mixin.py:151} INFO - [2023-09-27T12:57:38.274+0000] {dag.py:2907} INFO - Sync 1 DAGs
[2023-09-27T12:57:38.280+0000] {logging_mixin.py:151} INFO - [2023-09-27T12:57:38.280+0000] {dag.py:3677} INFO - Setting next_dagrun for example_local_kubernetes_executor to None, run_after=None
[2023-09-27T12:57:38.287+0000] {processor.py:179} INFO - Processing /home/airflow/.local/lib/python3.8/site-packages/airflow/example_dags/example_local_kubernetes_executor.py took 0.144 seconds
[2023-09-27T14:21:42.135+0000] {processor.py:157} INFO - Started process (PID=52874) to work on /home/airflow/.local/lib/python3.8/site-packages/airflow/example_dags/example_local_kubernetes_executor.py
[2023-09-27T14:21:42.135+0000] {processor.py:829} INFO - Processing file /home/airflow/.local/lib/python3.8/site-packages/airflow/example_dags/example_local_kubernetes_executor.py for tasks to queue
[2023-09-27T14:21:42.136+0000] {logging_mixin.py:151} INFO - [2023-09-27T14:21:42.136+0000] {dagbag.py:539} INFO - Filling up the DagBag from /home/airflow/.local/lib/python3.8/site-packages/airflow/example_dags/example_local_kubernetes_executor.py
[2023-09-27T14:21:42.293+0000] {processor.py:839} INFO - DAG(s) dict_keys(['example_local_kubernetes_executor']) retrieved from /home/airflow/.local/lib/python3.8/site-packages/airflow/example_dags/example_local_kubernetes_executor.py
[2023-09-27T14:21:42.317+0000] {logging_mixin.py:151} INFO - [2023-09-27T14:21:42.316+0000] {dag.py:2907} INFO - Sync 1 DAGs
[2023-09-27T14:21:42.324+0000] {logging_mixin.py:151} INFO - [2023-09-27T14:21:42.324+0000] {dag.py:3677} INFO - Setting next_dagrun for example_local_kubernetes_executor to None, run_after=None
[2023-09-27T14:21:42.332+0000] {processor.py:179} INFO - Processing /home/airflow/.local/lib/python3.8/site-packages/airflow/example_dags/example_local_kubernetes_executor.py took 0.199 seconds
[2023-09-27T15:45:08.497+0000] {processor.py:157} INFO - Started process (PID=52923) to work on /home/airflow/.local/lib/python3.8/site-packages/airflow/example_dags/example_local_kubernetes_executor.py
[2023-09-27T15:45:08.497+0000] {processor.py:829} INFO - Processing file /home/airflow/.local/lib/python3.8/site-packages/airflow/example_dags/example_local_kubernetes_executor.py for tasks to queue
[2023-09-27T15:45:08.498+0000] {logging_mixin.py:151} INFO - [2023-09-27T15:45:08.498+0000] {dagbag.py:539} INFO - Filling up the DagBag from /home/airflow/.local/lib/python3.8/site-packages/airflow/example_dags/example_local_kubernetes_executor.py
[2023-09-27T15:45:08.607+0000] {processor.py:839} INFO - DAG(s) dict_keys(['example_local_kubernetes_executor']) retrieved from /home/airflow/.local/lib/python3.8/site-packages/airflow/example_dags/example_local_kubernetes_executor.py
[2023-09-27T15:45:08.623+0000] {logging_mixin.py:151} INFO - [2023-09-27T15:45:08.623+0000] {dag.py:2907} INFO - Sync 1 DAGs
[2023-09-27T15:45:08.628+0000] {logging_mixin.py:151} INFO - [2023-09-27T15:45:08.628+0000] {dag.py:3677} INFO - Setting next_dagrun for example_local_kubernetes_executor to None, run_after=None
[2023-09-27T15:45:08.636+0000] {processor.py:179} INFO - Processing /home/airflow/.local/lib/python3.8/site-packages/airflow/example_dags/example_local_kubernetes_executor.py took 0.141 seconds
[2023-09-27T17:10:41.436+0000] {processor.py:157} INFO - Started process (PID=52972) to work on /home/airflow/.local/lib/python3.8/site-packages/airflow/example_dags/example_local_kubernetes_executor.py
[2023-09-27T17:10:41.437+0000] {processor.py:829} INFO - Processing file /home/airflow/.local/lib/python3.8/site-packages/airflow/example_dags/example_local_kubernetes_executor.py for tasks to queue
[2023-09-27T17:10:41.438+0000] {logging_mixin.py:151} INFO - [2023-09-27T17:10:41.438+0000] {dagbag.py:539} INFO - Filling up the DagBag from /home/airflow/.local/lib/python3.8/site-packages/airflow/example_dags/example_local_kubernetes_executor.py
[2023-09-27T17:10:41.564+0000] {processor.py:839} INFO - DAG(s) dict_keys(['example_local_kubernetes_executor']) retrieved from /home/airflow/.local/lib/python3.8/site-packages/airflow/example_dags/example_local_kubernetes_executor.py
[2023-09-27T17:10:41.580+0000] {logging_mixin.py:151} INFO - [2023-09-27T17:10:41.579+0000] {dag.py:2907} INFO - Sync 1 DAGs
[2023-09-27T17:10:41.585+0000] {logging_mixin.py:151} INFO - [2023-09-27T17:10:41.585+0000] {dag.py:3677} INFO - Setting next_dagrun for example_local_kubernetes_executor to None, run_after=None
[2023-09-27T17:10:41.593+0000] {processor.py:179} INFO - Processing /home/airflow/.local/lib/python3.8/site-packages/airflow/example_dags/example_local_kubernetes_executor.py took 0.158 seconds
[2023-09-27T18:32:46.270+0000] {processor.py:157} INFO - Started process (PID=53021) to work on /home/airflow/.local/lib/python3.8/site-packages/airflow/example_dags/example_local_kubernetes_executor.py
[2023-09-27T18:32:46.274+0000] {processor.py:829} INFO - Processing file /home/airflow/.local/lib/python3.8/site-packages/airflow/example_dags/example_local_kubernetes_executor.py for tasks to queue
[2023-09-27T18:32:46.278+0000] {logging_mixin.py:151} INFO - [2023-09-27T18:32:46.278+0000] {dagbag.py:539} INFO - Filling up the DagBag from /home/airflow/.local/lib/python3.8/site-packages/airflow/example_dags/example_local_kubernetes_executor.py
[2023-09-27T18:32:46.438+0000] {processor.py:839} INFO - DAG(s) dict_keys(['example_local_kubernetes_executor']) retrieved from /home/airflow/.local/lib/python3.8/site-packages/airflow/example_dags/example_local_kubernetes_executor.py
[2023-09-27T18:32:46.455+0000] {logging_mixin.py:151} INFO - [2023-09-27T18:32:46.455+0000] {dag.py:2907} INFO - Sync 1 DAGs
[2023-09-27T18:32:46.461+0000] {logging_mixin.py:151} INFO - [2023-09-27T18:32:46.461+0000] {dag.py:3677} INFO - Setting next_dagrun for example_local_kubernetes_executor to None, run_after=None
[2023-09-27T18:32:46.468+0000] {processor.py:179} INFO - Processing /home/airflow/.local/lib/python3.8/site-packages/airflow/example_dags/example_local_kubernetes_executor.py took 0.201 seconds
[2023-09-27T19:51:34.860+0000] {processor.py:157} INFO - Started process (PID=53070) to work on /home/airflow/.local/lib/python3.8/site-packages/airflow/example_dags/example_local_kubernetes_executor.py
[2023-09-27T19:51:34.860+0000] {processor.py:829} INFO - Processing file /home/airflow/.local/lib/python3.8/site-packages/airflow/example_dags/example_local_kubernetes_executor.py for tasks to queue
[2023-09-27T19:51:34.861+0000] {logging_mixin.py:151} INFO - [2023-09-27T19:51:34.861+0000] {dagbag.py:539} INFO - Filling up the DagBag from /home/airflow/.local/lib/python3.8/site-packages/airflow/example_dags/example_local_kubernetes_executor.py
[2023-09-27T19:51:34.974+0000] {processor.py:839} INFO - DAG(s) dict_keys(['example_local_kubernetes_executor']) retrieved from /home/airflow/.local/lib/python3.8/site-packages/airflow/example_dags/example_local_kubernetes_executor.py
[2023-09-27T19:51:34.990+0000] {logging_mixin.py:151} INFO - [2023-09-27T19:51:34.990+0000] {dag.py:2907} INFO - Sync 1 DAGs
[2023-09-27T19:51:34.996+0000] {logging_mixin.py:151} INFO - [2023-09-27T19:51:34.996+0000] {dag.py:3677} INFO - Setting next_dagrun for example_local_kubernetes_executor to None, run_after=None
[2023-09-27T19:51:35.003+0000] {processor.py:179} INFO - Processing /home/airflow/.local/lib/python3.8/site-packages/airflow/example_dags/example_local_kubernetes_executor.py took 0.145 seconds
[2023-09-27T21:17:13.529+0000] {processor.py:157} INFO - Started process (PID=53119) to work on /home/airflow/.local/lib/python3.8/site-packages/airflow/example_dags/example_local_kubernetes_executor.py
[2023-09-27T21:17:13.529+0000] {processor.py:829} INFO - Processing file /home/airflow/.local/lib/python3.8/site-packages/airflow/example_dags/example_local_kubernetes_executor.py for tasks to queue
[2023-09-27T21:17:13.531+0000] {logging_mixin.py:151} INFO - [2023-09-27T21:17:13.531+0000] {dagbag.py:539} INFO - Filling up the DagBag from /home/airflow/.local/lib/python3.8/site-packages/airflow/example_dags/example_local_kubernetes_executor.py
[2023-09-27T21:17:13.663+0000] {processor.py:839} INFO - DAG(s) dict_keys(['example_local_kubernetes_executor']) retrieved from /home/airflow/.local/lib/python3.8/site-packages/airflow/example_dags/example_local_kubernetes_executor.py
[2023-09-27T21:17:13.680+0000] {logging_mixin.py:151} INFO - [2023-09-27T21:17:13.679+0000] {dag.py:2907} INFO - Sync 1 DAGs
[2023-09-27T21:17:13.686+0000] {logging_mixin.py:151} INFO - [2023-09-27T21:17:13.686+0000] {dag.py:3677} INFO - Setting next_dagrun for example_local_kubernetes_executor to None, run_after=None
[2023-09-27T21:17:13.693+0000] {processor.py:179} INFO - Processing /home/airflow/.local/lib/python3.8/site-packages/airflow/example_dags/example_local_kubernetes_executor.py took 0.166 seconds
[2023-09-27T22:39:10.998+0000] {processor.py:157} INFO - Started process (PID=53168) to work on /home/airflow/.local/lib/python3.8/site-packages/airflow/example_dags/example_local_kubernetes_executor.py
[2023-09-27T22:39:10.998+0000] {processor.py:829} INFO - Processing file /home/airflow/.local/lib/python3.8/site-packages/airflow/example_dags/example_local_kubernetes_executor.py for tasks to queue
[2023-09-27T22:39:10.999+0000] {logging_mixin.py:151} INFO - [2023-09-27T22:39:10.999+0000] {dagbag.py:539} INFO - Filling up the DagBag from /home/airflow/.local/lib/python3.8/site-packages/airflow/example_dags/example_local_kubernetes_executor.py
[2023-09-27T22:39:11.118+0000] {processor.py:839} INFO - DAG(s) dict_keys(['example_local_kubernetes_executor']) retrieved from /home/airflow/.local/lib/python3.8/site-packages/airflow/example_dags/example_local_kubernetes_executor.py
[2023-09-27T22:39:11.134+0000] {logging_mixin.py:151} INFO - [2023-09-27T22:39:11.134+0000] {dag.py:2907} INFO - Sync 1 DAGs
[2023-09-27T22:39:11.140+0000] {logging_mixin.py:151} INFO - [2023-09-27T22:39:11.140+0000] {dag.py:3677} INFO - Setting next_dagrun for example_local_kubernetes_executor to None, run_after=None
[2023-09-27T22:39:11.148+0000] {processor.py:179} INFO - Processing /home/airflow/.local/lib/python3.8/site-packages/airflow/example_dags/example_local_kubernetes_executor.py took 0.152 seconds
