[2023-09-27T00:25:51.880+0000] {processor.py:157} INFO - Started process (PID=52392) to work on /home/airflow/.local/lib/python3.8/site-packages/airflow/example_dags/tutorial_taskflow_api.py
[2023-09-27T00:25:51.880+0000] {processor.py:829} INFO - Processing file /home/airflow/.local/lib/python3.8/site-packages/airflow/example_dags/tutorial_taskflow_api.py for tasks to queue
[2023-09-27T00:25:51.882+0000] {logging_mixin.py:151} INFO - [2023-09-27T00:25:51.881+0000] {dagbag.py:539} INFO - Filling up the DagBag from /home/airflow/.local/lib/python3.8/site-packages/airflow/example_dags/tutorial_taskflow_api.py
[2023-09-27T00:25:51.885+0000] {processor.py:839} INFO - DAG(s) dict_keys(['tutorial_taskflow_api']) retrieved from /home/airflow/.local/lib/python3.8/site-packages/airflow/example_dags/tutorial_taskflow_api.py
[2023-09-27T00:25:51.895+0000] {logging_mixin.py:151} INFO - [2023-09-27T00:25:51.895+0000] {dag.py:2907} INFO - Sync 1 DAGs
[2023-09-27T00:25:51.903+0000] {logging_mixin.py:151} INFO - [2023-09-27T00:25:51.903+0000] {dag.py:3677} INFO - Setting next_dagrun for tutorial_taskflow_api to None, run_after=None
[2023-09-27T00:25:51.910+0000] {processor.py:179} INFO - Processing /home/airflow/.local/lib/python3.8/site-packages/airflow/example_dags/tutorial_taskflow_api.py took 0.032 seconds
[2023-09-27T01:50:16.666+0000] {processor.py:157} INFO - Started process (PID=52441) to work on /home/airflow/.local/lib/python3.8/site-packages/airflow/example_dags/tutorial_taskflow_api.py
[2023-09-27T01:50:16.666+0000] {processor.py:829} INFO - Processing file /home/airflow/.local/lib/python3.8/site-packages/airflow/example_dags/tutorial_taskflow_api.py for tasks to queue
[2023-09-27T01:50:16.667+0000] {logging_mixin.py:151} INFO - [2023-09-27T01:50:16.667+0000] {dagbag.py:539} INFO - Filling up the DagBag from /home/airflow/.local/lib/python3.8/site-packages/airflow/example_dags/tutorial_taskflow_api.py
[2023-09-27T01:50:16.671+0000] {processor.py:839} INFO - DAG(s) dict_keys(['tutorial_taskflow_api']) retrieved from /home/airflow/.local/lib/python3.8/site-packages/airflow/example_dags/tutorial_taskflow_api.py
[2023-09-27T01:50:16.680+0000] {logging_mixin.py:151} INFO - [2023-09-27T01:50:16.680+0000] {dag.py:2907} INFO - Sync 1 DAGs
[2023-09-27T01:50:16.687+0000] {logging_mixin.py:151} INFO - [2023-09-27T01:50:16.687+0000] {dag.py:3677} INFO - Setting next_dagrun for tutorial_taskflow_api to None, run_after=None
[2023-09-27T01:50:16.697+0000] {processor.py:179} INFO - Processing /home/airflow/.local/lib/python3.8/site-packages/airflow/example_dags/tutorial_taskflow_api.py took 0.033 seconds
[2023-09-27T03:14:04.072+0000] {processor.py:157} INFO - Started process (PID=52490) to work on /home/airflow/.local/lib/python3.8/site-packages/airflow/example_dags/tutorial_taskflow_api.py
[2023-09-27T03:14:04.072+0000] {processor.py:829} INFO - Processing file /home/airflow/.local/lib/python3.8/site-packages/airflow/example_dags/tutorial_taskflow_api.py for tasks to queue
[2023-09-27T03:14:04.073+0000] {logging_mixin.py:151} INFO - [2023-09-27T03:14:04.073+0000] {dagbag.py:539} INFO - Filling up the DagBag from /home/airflow/.local/lib/python3.8/site-packages/airflow/example_dags/tutorial_taskflow_api.py
[2023-09-27T03:14:04.077+0000] {processor.py:839} INFO - DAG(s) dict_keys(['tutorial_taskflow_api']) retrieved from /home/airflow/.local/lib/python3.8/site-packages/airflow/example_dags/tutorial_taskflow_api.py
[2023-09-27T03:14:04.086+0000] {logging_mixin.py:151} INFO - [2023-09-27T03:14:04.086+0000] {dag.py:2907} INFO - Sync 1 DAGs
[2023-09-27T03:14:04.092+0000] {logging_mixin.py:151} INFO - [2023-09-27T03:14:04.091+0000] {dag.py:3677} INFO - Setting next_dagrun for tutorial_taskflow_api to None, run_after=None
[2023-09-27T03:14:04.098+0000] {processor.py:179} INFO - Processing /home/airflow/.local/lib/python3.8/site-packages/airflow/example_dags/tutorial_taskflow_api.py took 0.028 seconds
[2023-09-27T04:39:57.978+0000] {processor.py:157} INFO - Started process (PID=52539) to work on /home/airflow/.local/lib/python3.8/site-packages/airflow/example_dags/tutorial_taskflow_api.py
[2023-09-27T04:39:57.979+0000] {processor.py:829} INFO - Processing file /home/airflow/.local/lib/python3.8/site-packages/airflow/example_dags/tutorial_taskflow_api.py for tasks to queue
[2023-09-27T04:39:57.980+0000] {logging_mixin.py:151} INFO - [2023-09-27T04:39:57.980+0000] {dagbag.py:539} INFO - Filling up the DagBag from /home/airflow/.local/lib/python3.8/site-packages/airflow/example_dags/tutorial_taskflow_api.py
[2023-09-27T04:39:57.985+0000] {processor.py:839} INFO - DAG(s) dict_keys(['tutorial_taskflow_api']) retrieved from /home/airflow/.local/lib/python3.8/site-packages/airflow/example_dags/tutorial_taskflow_api.py
[2023-09-27T04:39:57.995+0000] {logging_mixin.py:151} INFO - [2023-09-27T04:39:57.995+0000] {dag.py:2907} INFO - Sync 1 DAGs
[2023-09-27T04:39:58.001+0000] {logging_mixin.py:151} INFO - [2023-09-27T04:39:58.001+0000] {dag.py:3677} INFO - Setting next_dagrun for tutorial_taskflow_api to None, run_after=None
[2023-09-27T04:39:58.008+0000] {processor.py:179} INFO - Processing /home/airflow/.local/lib/python3.8/site-packages/airflow/example_dags/tutorial_taskflow_api.py took 0.032 seconds
[2023-09-27T06:04:03.782+0000] {processor.py:157} INFO - Started process (PID=52588) to work on /home/airflow/.local/lib/python3.8/site-packages/airflow/example_dags/tutorial_taskflow_api.py
[2023-09-27T06:04:03.783+0000] {processor.py:829} INFO - Processing file /home/airflow/.local/lib/python3.8/site-packages/airflow/example_dags/tutorial_taskflow_api.py for tasks to queue
[2023-09-27T06:04:03.784+0000] {logging_mixin.py:151} INFO - [2023-09-27T06:04:03.784+0000] {dagbag.py:539} INFO - Filling up the DagBag from /home/airflow/.local/lib/python3.8/site-packages/airflow/example_dags/tutorial_taskflow_api.py
[2023-09-27T06:04:03.787+0000] {processor.py:839} INFO - DAG(s) dict_keys(['tutorial_taskflow_api']) retrieved from /home/airflow/.local/lib/python3.8/site-packages/airflow/example_dags/tutorial_taskflow_api.py
[2023-09-27T06:04:03.797+0000] {logging_mixin.py:151} INFO - [2023-09-27T06:04:03.797+0000] {dag.py:2907} INFO - Sync 1 DAGs
[2023-09-27T06:04:03.802+0000] {logging_mixin.py:151} INFO - [2023-09-27T06:04:03.802+0000] {dag.py:3677} INFO - Setting next_dagrun for tutorial_taskflow_api to None, run_after=None
[2023-09-27T06:04:03.810+0000] {processor.py:179} INFO - Processing /home/airflow/.local/lib/python3.8/site-packages/airflow/example_dags/tutorial_taskflow_api.py took 0.029 seconds
[2023-09-27T07:26:01.979+0000] {processor.py:157} INFO - Started process (PID=52637) to work on /home/airflow/.local/lib/python3.8/site-packages/airflow/example_dags/tutorial_taskflow_api.py
[2023-09-27T07:26:01.979+0000] {processor.py:829} INFO - Processing file /home/airflow/.local/lib/python3.8/site-packages/airflow/example_dags/tutorial_taskflow_api.py for tasks to queue
[2023-09-27T07:26:01.980+0000] {logging_mixin.py:151} INFO - [2023-09-27T07:26:01.980+0000] {dagbag.py:539} INFO - Filling up the DagBag from /home/airflow/.local/lib/python3.8/site-packages/airflow/example_dags/tutorial_taskflow_api.py
[2023-09-27T07:26:01.984+0000] {processor.py:839} INFO - DAG(s) dict_keys(['tutorial_taskflow_api']) retrieved from /home/airflow/.local/lib/python3.8/site-packages/airflow/example_dags/tutorial_taskflow_api.py
[2023-09-27T07:26:01.995+0000] {logging_mixin.py:151} INFO - [2023-09-27T07:26:01.995+0000] {dag.py:2907} INFO - Sync 1 DAGs
[2023-09-27T07:26:02.000+0000] {logging_mixin.py:151} INFO - [2023-09-27T07:26:02.000+0000] {dag.py:3677} INFO - Setting next_dagrun for tutorial_taskflow_api to None, run_after=None
[2023-09-27T07:26:02.007+0000] {processor.py:179} INFO - Processing /home/airflow/.local/lib/python3.8/site-packages/airflow/example_dags/tutorial_taskflow_api.py took 0.031 seconds
[2023-09-27T08:48:25.749+0000] {processor.py:157} INFO - Started process (PID=52686) to work on /home/airflow/.local/lib/python3.8/site-packages/airflow/example_dags/tutorial_taskflow_api.py
[2023-09-27T08:48:25.750+0000] {processor.py:829} INFO - Processing file /home/airflow/.local/lib/python3.8/site-packages/airflow/example_dags/tutorial_taskflow_api.py for tasks to queue
[2023-09-27T08:48:25.751+0000] {logging_mixin.py:151} INFO - [2023-09-27T08:48:25.751+0000] {dagbag.py:539} INFO - Filling up the DagBag from /home/airflow/.local/lib/python3.8/site-packages/airflow/example_dags/tutorial_taskflow_api.py
[2023-09-27T08:48:25.755+0000] {processor.py:839} INFO - DAG(s) dict_keys(['tutorial_taskflow_api']) retrieved from /home/airflow/.local/lib/python3.8/site-packages/airflow/example_dags/tutorial_taskflow_api.py
[2023-09-27T08:48:25.764+0000] {logging_mixin.py:151} INFO - [2023-09-27T08:48:25.764+0000] {dag.py:2907} INFO - Sync 1 DAGs
[2023-09-27T08:48:25.770+0000] {logging_mixin.py:151} INFO - [2023-09-27T08:48:25.770+0000] {dag.py:3677} INFO - Setting next_dagrun for tutorial_taskflow_api to None, run_after=None
[2023-09-27T08:48:25.777+0000] {processor.py:179} INFO - Processing /home/airflow/.local/lib/python3.8/site-packages/airflow/example_dags/tutorial_taskflow_api.py took 0.029 seconds
[2023-09-27T10:11:54.271+0000] {processor.py:157} INFO - Started process (PID=52735) to work on /home/airflow/.local/lib/python3.8/site-packages/airflow/example_dags/tutorial_taskflow_api.py
[2023-09-27T10:11:54.272+0000] {processor.py:829} INFO - Processing file /home/airflow/.local/lib/python3.8/site-packages/airflow/example_dags/tutorial_taskflow_api.py for tasks to queue
[2023-09-27T10:11:54.273+0000] {logging_mixin.py:151} INFO - [2023-09-27T10:11:54.273+0000] {dagbag.py:539} INFO - Filling up the DagBag from /home/airflow/.local/lib/python3.8/site-packages/airflow/example_dags/tutorial_taskflow_api.py
[2023-09-27T10:11:54.276+0000] {processor.py:839} INFO - DAG(s) dict_keys(['tutorial_taskflow_api']) retrieved from /home/airflow/.local/lib/python3.8/site-packages/airflow/example_dags/tutorial_taskflow_api.py
[2023-09-27T10:11:54.286+0000] {logging_mixin.py:151} INFO - [2023-09-27T10:11:54.286+0000] {dag.py:2907} INFO - Sync 1 DAGs
[2023-09-27T10:11:54.292+0000] {logging_mixin.py:151} INFO - [2023-09-27T10:11:54.292+0000] {dag.py:3677} INFO - Setting next_dagrun for tutorial_taskflow_api to None, run_after=None
[2023-09-27T10:11:54.298+0000] {processor.py:179} INFO - Processing /home/airflow/.local/lib/python3.8/site-packages/airflow/example_dags/tutorial_taskflow_api.py took 0.030 seconds
[2023-09-27T11:36:52.940+0000] {processor.py:157} INFO - Started process (PID=52784) to work on /home/airflow/.local/lib/python3.8/site-packages/airflow/example_dags/tutorial_taskflow_api.py
[2023-09-27T11:36:52.941+0000] {processor.py:829} INFO - Processing file /home/airflow/.local/lib/python3.8/site-packages/airflow/example_dags/tutorial_taskflow_api.py for tasks to queue
[2023-09-27T11:36:52.942+0000] {logging_mixin.py:151} INFO - [2023-09-27T11:36:52.942+0000] {dagbag.py:539} INFO - Filling up the DagBag from /home/airflow/.local/lib/python3.8/site-packages/airflow/example_dags/tutorial_taskflow_api.py
[2023-09-27T11:36:52.945+0000] {processor.py:839} INFO - DAG(s) dict_keys(['tutorial_taskflow_api']) retrieved from /home/airflow/.local/lib/python3.8/site-packages/airflow/example_dags/tutorial_taskflow_api.py
[2023-09-27T11:36:52.955+0000] {logging_mixin.py:151} INFO - [2023-09-27T11:36:52.955+0000] {dag.py:2907} INFO - Sync 1 DAGs
[2023-09-27T11:36:52.960+0000] {logging_mixin.py:151} INFO - [2023-09-27T11:36:52.960+0000] {dag.py:3677} INFO - Setting next_dagrun for tutorial_taskflow_api to None, run_after=None
[2023-09-27T11:36:52.967+0000] {processor.py:179} INFO - Processing /home/airflow/.local/lib/python3.8/site-packages/airflow/example_dags/tutorial_taskflow_api.py took 0.028 seconds
[2023-09-27T12:57:38.394+0000] {processor.py:157} INFO - Started process (PID=52833) to work on /home/airflow/.local/lib/python3.8/site-packages/airflow/example_dags/tutorial_taskflow_api.py
[2023-09-27T12:57:38.395+0000] {processor.py:829} INFO - Processing file /home/airflow/.local/lib/python3.8/site-packages/airflow/example_dags/tutorial_taskflow_api.py for tasks to queue
[2023-09-27T12:57:38.396+0000] {logging_mixin.py:151} INFO - [2023-09-27T12:57:38.396+0000] {dagbag.py:539} INFO - Filling up the DagBag from /home/airflow/.local/lib/python3.8/site-packages/airflow/example_dags/tutorial_taskflow_api.py
[2023-09-27T12:57:38.399+0000] {processor.py:839} INFO - DAG(s) dict_keys(['tutorial_taskflow_api']) retrieved from /home/airflow/.local/lib/python3.8/site-packages/airflow/example_dags/tutorial_taskflow_api.py
[2023-09-27T12:57:38.409+0000] {logging_mixin.py:151} INFO - [2023-09-27T12:57:38.409+0000] {dag.py:2907} INFO - Sync 1 DAGs
[2023-09-27T12:57:38.414+0000] {logging_mixin.py:151} INFO - [2023-09-27T12:57:38.414+0000] {dag.py:3677} INFO - Setting next_dagrun for tutorial_taskflow_api to None, run_after=None
[2023-09-27T12:57:38.422+0000] {processor.py:179} INFO - Processing /home/airflow/.local/lib/python3.8/site-packages/airflow/example_dags/tutorial_taskflow_api.py took 0.029 seconds
[2023-09-27T14:21:42.415+0000] {processor.py:157} INFO - Started process (PID=52882) to work on /home/airflow/.local/lib/python3.8/site-packages/airflow/example_dags/tutorial_taskflow_api.py
[2023-09-27T14:21:42.416+0000] {processor.py:829} INFO - Processing file /home/airflow/.local/lib/python3.8/site-packages/airflow/example_dags/tutorial_taskflow_api.py for tasks to queue
[2023-09-27T14:21:42.417+0000] {logging_mixin.py:151} INFO - [2023-09-27T14:21:42.417+0000] {dagbag.py:539} INFO - Filling up the DagBag from /home/airflow/.local/lib/python3.8/site-packages/airflow/example_dags/tutorial_taskflow_api.py
[2023-09-27T14:21:42.421+0000] {processor.py:839} INFO - DAG(s) dict_keys(['tutorial_taskflow_api']) retrieved from /home/airflow/.local/lib/python3.8/site-packages/airflow/example_dags/tutorial_taskflow_api.py
[2023-09-27T14:21:42.431+0000] {logging_mixin.py:151} INFO - [2023-09-27T14:21:42.431+0000] {dag.py:2907} INFO - Sync 1 DAGs
[2023-09-27T14:21:42.437+0000] {logging_mixin.py:151} INFO - [2023-09-27T14:21:42.437+0000] {dag.py:3677} INFO - Setting next_dagrun for tutorial_taskflow_api to None, run_after=None
[2023-09-27T14:21:42.445+0000] {processor.py:179} INFO - Processing /home/airflow/.local/lib/python3.8/site-packages/airflow/example_dags/tutorial_taskflow_api.py took 0.032 seconds
[2023-09-27T15:45:08.844+0000] {processor.py:157} INFO - Started process (PID=52931) to work on /home/airflow/.local/lib/python3.8/site-packages/airflow/example_dags/tutorial_taskflow_api.py
[2023-09-27T15:45:08.845+0000] {processor.py:829} INFO - Processing file /home/airflow/.local/lib/python3.8/site-packages/airflow/example_dags/tutorial_taskflow_api.py for tasks to queue
[2023-09-27T15:45:08.846+0000] {logging_mixin.py:151} INFO - [2023-09-27T15:45:08.846+0000] {dagbag.py:539} INFO - Filling up the DagBag from /home/airflow/.local/lib/python3.8/site-packages/airflow/example_dags/tutorial_taskflow_api.py
[2023-09-27T15:45:08.849+0000] {processor.py:839} INFO - DAG(s) dict_keys(['tutorial_taskflow_api']) retrieved from /home/airflow/.local/lib/python3.8/site-packages/airflow/example_dags/tutorial_taskflow_api.py
[2023-09-27T15:45:08.858+0000] {logging_mixin.py:151} INFO - [2023-09-27T15:45:08.858+0000] {dag.py:2907} INFO - Sync 1 DAGs
[2023-09-27T15:45:08.863+0000] {logging_mixin.py:151} INFO - [2023-09-27T15:45:08.863+0000] {dag.py:3677} INFO - Setting next_dagrun for tutorial_taskflow_api to None, run_after=None
[2023-09-27T15:45:08.871+0000] {processor.py:179} INFO - Processing /home/airflow/.local/lib/python3.8/site-packages/airflow/example_dags/tutorial_taskflow_api.py took 0.029 seconds
[2023-09-27T17:10:41.746+0000] {processor.py:157} INFO - Started process (PID=52980) to work on /home/airflow/.local/lib/python3.8/site-packages/airflow/example_dags/tutorial_taskflow_api.py
[2023-09-27T17:10:41.747+0000] {processor.py:829} INFO - Processing file /home/airflow/.local/lib/python3.8/site-packages/airflow/example_dags/tutorial_taskflow_api.py for tasks to queue
[2023-09-27T17:10:41.748+0000] {logging_mixin.py:151} INFO - [2023-09-27T17:10:41.748+0000] {dagbag.py:539} INFO - Filling up the DagBag from /home/airflow/.local/lib/python3.8/site-packages/airflow/example_dags/tutorial_taskflow_api.py
[2023-09-27T17:10:41.751+0000] {processor.py:839} INFO - DAG(s) dict_keys(['tutorial_taskflow_api']) retrieved from /home/airflow/.local/lib/python3.8/site-packages/airflow/example_dags/tutorial_taskflow_api.py
[2023-09-27T17:10:41.761+0000] {logging_mixin.py:151} INFO - [2023-09-27T17:10:41.761+0000] {dag.py:2907} INFO - Sync 1 DAGs
[2023-09-27T17:10:41.766+0000] {logging_mixin.py:151} INFO - [2023-09-27T17:10:41.766+0000] {dag.py:3677} INFO - Setting next_dagrun for tutorial_taskflow_api to None, run_after=None
[2023-09-27T17:10:41.774+0000] {processor.py:179} INFO - Processing /home/airflow/.local/lib/python3.8/site-packages/airflow/example_dags/tutorial_taskflow_api.py took 0.029 seconds
[2023-09-27T18:32:46.597+0000] {processor.py:157} INFO - Started process (PID=53029) to work on /home/airflow/.local/lib/python3.8/site-packages/airflow/example_dags/tutorial_taskflow_api.py
[2023-09-27T18:32:46.598+0000] {processor.py:829} INFO - Processing file /home/airflow/.local/lib/python3.8/site-packages/airflow/example_dags/tutorial_taskflow_api.py for tasks to queue
[2023-09-27T18:32:46.599+0000] {logging_mixin.py:151} INFO - [2023-09-27T18:32:46.599+0000] {dagbag.py:539} INFO - Filling up the DagBag from /home/airflow/.local/lib/python3.8/site-packages/airflow/example_dags/tutorial_taskflow_api.py
[2023-09-27T18:32:46.602+0000] {processor.py:839} INFO - DAG(s) dict_keys(['tutorial_taskflow_api']) retrieved from /home/airflow/.local/lib/python3.8/site-packages/airflow/example_dags/tutorial_taskflow_api.py
[2023-09-27T18:32:46.613+0000] {logging_mixin.py:151} INFO - [2023-09-27T18:32:46.613+0000] {dag.py:2907} INFO - Sync 1 DAGs
[2023-09-27T18:32:46.619+0000] {logging_mixin.py:151} INFO - [2023-09-27T18:32:46.619+0000] {dag.py:3677} INFO - Setting next_dagrun for tutorial_taskflow_api to None, run_after=None
[2023-09-27T18:32:46.626+0000] {processor.py:179} INFO - Processing /home/airflow/.local/lib/python3.8/site-packages/airflow/example_dags/tutorial_taskflow_api.py took 0.031 seconds
[2023-09-27T19:51:35.135+0000] {processor.py:157} INFO - Started process (PID=53078) to work on /home/airflow/.local/lib/python3.8/site-packages/airflow/example_dags/tutorial_taskflow_api.py
[2023-09-27T19:51:35.136+0000] {processor.py:829} INFO - Processing file /home/airflow/.local/lib/python3.8/site-packages/airflow/example_dags/tutorial_taskflow_api.py for tasks to queue
[2023-09-27T19:51:35.137+0000] {logging_mixin.py:151} INFO - [2023-09-27T19:51:35.137+0000] {dagbag.py:539} INFO - Filling up the DagBag from /home/airflow/.local/lib/python3.8/site-packages/airflow/example_dags/tutorial_taskflow_api.py
[2023-09-27T19:51:35.141+0000] {processor.py:839} INFO - DAG(s) dict_keys(['tutorial_taskflow_api']) retrieved from /home/airflow/.local/lib/python3.8/site-packages/airflow/example_dags/tutorial_taskflow_api.py
[2023-09-27T19:51:35.150+0000] {logging_mixin.py:151} INFO - [2023-09-27T19:51:35.150+0000] {dag.py:2907} INFO - Sync 1 DAGs
[2023-09-27T19:51:35.156+0000] {logging_mixin.py:151} INFO - [2023-09-27T19:51:35.156+0000] {dag.py:3677} INFO - Setting next_dagrun for tutorial_taskflow_api to None, run_after=None
[2023-09-27T19:51:35.163+0000] {processor.py:179} INFO - Processing /home/airflow/.local/lib/python3.8/site-packages/airflow/example_dags/tutorial_taskflow_api.py took 0.030 seconds
[2023-09-27T21:17:13.802+0000] {processor.py:157} INFO - Started process (PID=53127) to work on /home/airflow/.local/lib/python3.8/site-packages/airflow/example_dags/tutorial_taskflow_api.py
[2023-09-27T21:17:13.803+0000] {processor.py:829} INFO - Processing file /home/airflow/.local/lib/python3.8/site-packages/airflow/example_dags/tutorial_taskflow_api.py for tasks to queue
[2023-09-27T21:17:13.804+0000] {logging_mixin.py:151} INFO - [2023-09-27T21:17:13.804+0000] {dagbag.py:539} INFO - Filling up the DagBag from /home/airflow/.local/lib/python3.8/site-packages/airflow/example_dags/tutorial_taskflow_api.py
[2023-09-27T21:17:13.808+0000] {processor.py:839} INFO - DAG(s) dict_keys(['tutorial_taskflow_api']) retrieved from /home/airflow/.local/lib/python3.8/site-packages/airflow/example_dags/tutorial_taskflow_api.py
[2023-09-27T21:17:13.818+0000] {logging_mixin.py:151} INFO - [2023-09-27T21:17:13.818+0000] {dag.py:2907} INFO - Sync 1 DAGs
[2023-09-27T21:17:13.824+0000] {logging_mixin.py:151} INFO - [2023-09-27T21:17:13.824+0000] {dag.py:3677} INFO - Setting next_dagrun for tutorial_taskflow_api to None, run_after=None
[2023-09-27T21:17:13.831+0000] {processor.py:179} INFO - Processing /home/airflow/.local/lib/python3.8/site-packages/airflow/example_dags/tutorial_taskflow_api.py took 0.031 seconds
[2023-09-27T22:39:11.294+0000] {processor.py:157} INFO - Started process (PID=53176) to work on /home/airflow/.local/lib/python3.8/site-packages/airflow/example_dags/tutorial_taskflow_api.py
[2023-09-27T22:39:11.295+0000] {processor.py:829} INFO - Processing file /home/airflow/.local/lib/python3.8/site-packages/airflow/example_dags/tutorial_taskflow_api.py for tasks to queue
[2023-09-27T22:39:11.296+0000] {logging_mixin.py:151} INFO - [2023-09-27T22:39:11.296+0000] {dagbag.py:539} INFO - Filling up the DagBag from /home/airflow/.local/lib/python3.8/site-packages/airflow/example_dags/tutorial_taskflow_api.py
[2023-09-27T22:39:11.299+0000] {processor.py:839} INFO - DAG(s) dict_keys(['tutorial_taskflow_api']) retrieved from /home/airflow/.local/lib/python3.8/site-packages/airflow/example_dags/tutorial_taskflow_api.py
[2023-09-27T22:39:11.309+0000] {logging_mixin.py:151} INFO - [2023-09-27T22:39:11.309+0000] {dag.py:2907} INFO - Sync 1 DAGs
[2023-09-27T22:39:11.314+0000] {logging_mixin.py:151} INFO - [2023-09-27T22:39:11.314+0000] {dag.py:3677} INFO - Setting next_dagrun for tutorial_taskflow_api to None, run_after=None
[2023-09-27T22:39:11.321+0000] {processor.py:179} INFO - Processing /home/airflow/.local/lib/python3.8/site-packages/airflow/example_dags/tutorial_taskflow_api.py took 0.028 seconds
