[2023-09-23T01:22:35.488+0000] {processor.py:157} INFO - Started process (PID=14751) to work on /home/airflow/.local/lib/python3.8/site-packages/airflow/example_dags/example_short_circuit_decorator.py
[2023-09-23T01:22:35.488+0000] {processor.py:829} INFO - Processing file /home/airflow/.local/lib/python3.8/site-packages/airflow/example_dags/example_short_circuit_decorator.py for tasks to queue
[2023-09-23T01:22:35.490+0000] {logging_mixin.py:151} INFO - [2023-09-23T01:22:35.490+0000] {dagbag.py:539} INFO - Filling up the DagBag from /home/airflow/.local/lib/python3.8/site-packages/airflow/example_dags/example_short_circuit_decorator.py
[2023-09-23T01:22:35.495+0000] {processor.py:839} INFO - DAG(s) dict_keys(['example_short_circuit_decorator']) retrieved from /home/airflow/.local/lib/python3.8/site-packages/airflow/example_dags/example_short_circuit_decorator.py
[2023-09-23T01:22:35.509+0000] {logging_mixin.py:151} INFO - [2023-09-23T01:22:35.509+0000] {dag.py:2907} INFO - Sync 1 DAGs
[2023-09-23T01:22:35.520+0000] {logging_mixin.py:151} INFO - [2023-09-23T01:22:35.520+0000] {dag.py:3677} INFO - Setting next_dagrun for example_short_circuit_decorator to 2023-09-22T01:22:35.520204+00:00, run_after=2023-09-23T01:22:35.520204+00:00
[2023-09-23T01:22:35.528+0000] {processor.py:179} INFO - Processing /home/airflow/.local/lib/python3.8/site-packages/airflow/example_dags/example_short_circuit_decorator.py took 0.043 seconds
[2023-09-23T03:03:37.217+0000] {processor.py:157} INFO - Started process (PID=14798) to work on /home/airflow/.local/lib/python3.8/site-packages/airflow/example_dags/example_short_circuit_decorator.py
[2023-09-23T03:03:37.220+0000] {processor.py:829} INFO - Processing file /home/airflow/.local/lib/python3.8/site-packages/airflow/example_dags/example_short_circuit_decorator.py for tasks to queue
[2023-09-23T03:03:37.225+0000] {logging_mixin.py:151} INFO - [2023-09-23T03:03:37.224+0000] {dagbag.py:539} INFO - Filling up the DagBag from /home/airflow/.local/lib/python3.8/site-packages/airflow/example_dags/example_short_circuit_decorator.py
[2023-09-23T03:03:37.231+0000] {processor.py:839} INFO - DAG(s) dict_keys(['example_short_circuit_decorator']) retrieved from /home/airflow/.local/lib/python3.8/site-packages/airflow/example_dags/example_short_circuit_decorator.py
[2023-09-23T03:03:37.267+0000] {logging_mixin.py:151} INFO - [2023-09-23T03:03:37.267+0000] {dag.py:2907} INFO - Sync 1 DAGs
[2023-09-23T03:03:37.291+0000] {logging_mixin.py:151} INFO - [2023-09-23T03:03:37.291+0000] {dag.py:3677} INFO - Setting next_dagrun for example_short_circuit_decorator to 2023-09-22T03:03:37.291274+00:00, run_after=2023-09-23T03:03:37.291274+00:00
[2023-09-23T03:03:37.316+0000] {processor.py:179} INFO - Processing /home/airflow/.local/lib/python3.8/site-packages/airflow/example_dags/example_short_circuit_decorator.py took 0.101 seconds
[2023-09-23T04:40:41.109+0000] {processor.py:157} INFO - Started process (PID=14845) to work on /home/airflow/.local/lib/python3.8/site-packages/airflow/example_dags/example_short_circuit_decorator.py
[2023-09-23T04:40:41.114+0000] {processor.py:829} INFO - Processing file /home/airflow/.local/lib/python3.8/site-packages/airflow/example_dags/example_short_circuit_decorator.py for tasks to queue
[2023-09-23T04:40:41.116+0000] {logging_mixin.py:151} INFO - [2023-09-23T04:40:41.116+0000] {dagbag.py:539} INFO - Filling up the DagBag from /home/airflow/.local/lib/python3.8/site-packages/airflow/example_dags/example_short_circuit_decorator.py
[2023-09-23T04:40:41.128+0000] {processor.py:839} INFO - DAG(s) dict_keys(['example_short_circuit_decorator']) retrieved from /home/airflow/.local/lib/python3.8/site-packages/airflow/example_dags/example_short_circuit_decorator.py
[2023-09-23T04:40:41.185+0000] {logging_mixin.py:151} INFO - [2023-09-23T04:40:41.185+0000] {dag.py:2907} INFO - Sync 1 DAGs
[2023-09-23T04:40:41.206+0000] {logging_mixin.py:151} INFO - [2023-09-23T04:40:41.205+0000] {dag.py:3677} INFO - Setting next_dagrun for example_short_circuit_decorator to 2023-09-22T04:40:41.205700+00:00, run_after=2023-09-23T04:40:41.205700+00:00
[2023-09-23T04:40:41.223+0000] {processor.py:179} INFO - Processing /home/airflow/.local/lib/python3.8/site-packages/airflow/example_dags/example_short_circuit_decorator.py took 0.118 seconds
[2023-09-23T06:01:18.928+0000] {processor.py:157} INFO - Started process (PID=14892) to work on /home/airflow/.local/lib/python3.8/site-packages/airflow/example_dags/example_short_circuit_decorator.py
[2023-09-23T06:01:18.929+0000] {processor.py:829} INFO - Processing file /home/airflow/.local/lib/python3.8/site-packages/airflow/example_dags/example_short_circuit_decorator.py for tasks to queue
[2023-09-23T06:01:18.930+0000] {logging_mixin.py:151} INFO - [2023-09-23T06:01:18.930+0000] {dagbag.py:539} INFO - Filling up the DagBag from /home/airflow/.local/lib/python3.8/site-packages/airflow/example_dags/example_short_circuit_decorator.py
[2023-09-23T06:01:18.935+0000] {processor.py:839} INFO - DAG(s) dict_keys(['example_short_circuit_decorator']) retrieved from /home/airflow/.local/lib/python3.8/site-packages/airflow/example_dags/example_short_circuit_decorator.py
[2023-09-23T06:01:18.947+0000] {logging_mixin.py:151} INFO - [2023-09-23T06:01:18.947+0000] {dag.py:2907} INFO - Sync 1 DAGs
[2023-09-23T06:01:18.956+0000] {logging_mixin.py:151} INFO - [2023-09-23T06:01:18.956+0000] {dag.py:3677} INFO - Setting next_dagrun for example_short_circuit_decorator to 2023-09-22T06:01:18.956419+00:00, run_after=2023-09-23T06:01:18.956419+00:00
[2023-09-23T06:01:18.964+0000] {processor.py:179} INFO - Processing /home/airflow/.local/lib/python3.8/site-packages/airflow/example_dags/example_short_circuit_decorator.py took 0.037 seconds
[2023-09-23T07:38:20.115+0000] {processor.py:157} INFO - Started process (PID=14939) to work on /home/airflow/.local/lib/python3.8/site-packages/airflow/example_dags/example_short_circuit_decorator.py
[2023-09-23T07:38:20.121+0000] {processor.py:829} INFO - Processing file /home/airflow/.local/lib/python3.8/site-packages/airflow/example_dags/example_short_circuit_decorator.py for tasks to queue
[2023-09-23T07:38:20.123+0000] {logging_mixin.py:151} INFO - [2023-09-23T07:38:20.123+0000] {dagbag.py:539} INFO - Filling up the DagBag from /home/airflow/.local/lib/python3.8/site-packages/airflow/example_dags/example_short_circuit_decorator.py
[2023-09-23T07:38:20.130+0000] {processor.py:839} INFO - DAG(s) dict_keys(['example_short_circuit_decorator']) retrieved from /home/airflow/.local/lib/python3.8/site-packages/airflow/example_dags/example_short_circuit_decorator.py
[2023-09-23T07:38:20.150+0000] {logging_mixin.py:151} INFO - [2023-09-23T07:38:20.150+0000] {dag.py:2907} INFO - Sync 1 DAGs
[2023-09-23T07:38:20.165+0000] {logging_mixin.py:151} INFO - [2023-09-23T07:38:20.165+0000] {dag.py:3677} INFO - Setting next_dagrun for example_short_circuit_decorator to 2023-09-22T07:38:20.165468+00:00, run_after=2023-09-23T07:38:20.165468+00:00
[2023-09-23T07:38:20.175+0000] {processor.py:179} INFO - Processing /home/airflow/.local/lib/python3.8/site-packages/airflow/example_dags/example_short_circuit_decorator.py took 0.063 seconds
[2023-09-23T08:10:18.088+0000] {processor.py:157} INFO - Started process (PID=14986) to work on /home/airflow/.local/lib/python3.8/site-packages/airflow/example_dags/example_short_circuit_decorator.py
[2023-09-23T08:10:18.094+0000] {processor.py:829} INFO - Processing file /home/airflow/.local/lib/python3.8/site-packages/airflow/example_dags/example_short_circuit_decorator.py for tasks to queue
[2023-09-23T08:10:18.101+0000] {logging_mixin.py:151} INFO - [2023-09-23T08:10:18.101+0000] {dagbag.py:539} INFO - Filling up the DagBag from /home/airflow/.local/lib/python3.8/site-packages/airflow/example_dags/example_short_circuit_decorator.py
[2023-09-23T08:10:18.114+0000] {processor.py:839} INFO - DAG(s) dict_keys(['example_short_circuit_decorator']) retrieved from /home/airflow/.local/lib/python3.8/site-packages/airflow/example_dags/example_short_circuit_decorator.py
[2023-09-23T08:10:18.154+0000] {logging_mixin.py:151} INFO - [2023-09-23T08:10:18.154+0000] {dag.py:2907} INFO - Sync 1 DAGs
[2023-09-23T08:10:18.173+0000] {logging_mixin.py:151} INFO - [2023-09-23T08:10:18.173+0000] {dag.py:3677} INFO - Setting next_dagrun for example_short_circuit_decorator to 2023-09-22T08:10:18.172872+00:00, run_after=2023-09-23T08:10:18.172872+00:00
[2023-09-23T08:10:18.195+0000] {processor.py:179} INFO - Processing /home/airflow/.local/lib/python3.8/site-packages/airflow/example_dags/example_short_circuit_decorator.py took 0.110 seconds
[2023-09-23T08:58:58.368+0000] {processor.py:157} INFO - Started process (PID=15033) to work on /home/airflow/.local/lib/python3.8/site-packages/airflow/example_dags/example_short_circuit_decorator.py
[2023-09-23T08:58:58.368+0000] {processor.py:829} INFO - Processing file /home/airflow/.local/lib/python3.8/site-packages/airflow/example_dags/example_short_circuit_decorator.py for tasks to queue
[2023-09-23T08:58:58.369+0000] {logging_mixin.py:151} INFO - [2023-09-23T08:58:58.369+0000] {dagbag.py:539} INFO - Filling up the DagBag from /home/airflow/.local/lib/python3.8/site-packages/airflow/example_dags/example_short_circuit_decorator.py
[2023-09-23T08:58:58.375+0000] {processor.py:839} INFO - DAG(s) dict_keys(['example_short_circuit_decorator']) retrieved from /home/airflow/.local/lib/python3.8/site-packages/airflow/example_dags/example_short_circuit_decorator.py
[2023-09-23T08:58:58.391+0000] {logging_mixin.py:151} INFO - [2023-09-23T08:58:58.391+0000] {dag.py:2907} INFO - Sync 1 DAGs
[2023-09-23T08:58:58.405+0000] {logging_mixin.py:151} INFO - [2023-09-23T08:58:58.404+0000] {dag.py:3677} INFO - Setting next_dagrun for example_short_circuit_decorator to 2023-09-22T08:58:58.404855+00:00, run_after=2023-09-23T08:58:58.404855+00:00
[2023-09-23T08:58:58.412+0000] {processor.py:179} INFO - Processing /home/airflow/.local/lib/python3.8/site-packages/airflow/example_dags/example_short_circuit_decorator.py took 0.047 seconds
[2023-09-23T10:23:05.841+0000] {processor.py:157} INFO - Started process (PID=15080) to work on /home/airflow/.local/lib/python3.8/site-packages/airflow/example_dags/example_short_circuit_decorator.py
[2023-09-23T10:23:05.844+0000] {processor.py:829} INFO - Processing file /home/airflow/.local/lib/python3.8/site-packages/airflow/example_dags/example_short_circuit_decorator.py for tasks to queue
[2023-09-23T10:23:05.852+0000] {logging_mixin.py:151} INFO - [2023-09-23T10:23:05.852+0000] {dagbag.py:539} INFO - Filling up the DagBag from /home/airflow/.local/lib/python3.8/site-packages/airflow/example_dags/example_short_circuit_decorator.py
[2023-09-23T10:23:05.864+0000] {processor.py:839} INFO - DAG(s) dict_keys(['example_short_circuit_decorator']) retrieved from /home/airflow/.local/lib/python3.8/site-packages/airflow/example_dags/example_short_circuit_decorator.py
[2023-09-23T10:23:05.914+0000] {logging_mixin.py:151} INFO - [2023-09-23T10:23:05.914+0000] {dag.py:2907} INFO - Sync 1 DAGs
[2023-09-23T10:23:05.936+0000] {logging_mixin.py:151} INFO - [2023-09-23T10:23:05.936+0000] {dag.py:3677} INFO - Setting next_dagrun for example_short_circuit_decorator to 2023-09-22T10:23:05.936060+00:00, run_after=2023-09-23T10:23:05.936060+00:00
[2023-09-23T10:23:05.956+0000] {processor.py:179} INFO - Processing /home/airflow/.local/lib/python3.8/site-packages/airflow/example_dags/example_short_circuit_decorator.py took 0.118 seconds
[2023-09-23T12:03:20.717+0000] {processor.py:157} INFO - Started process (PID=15127) to work on /home/airflow/.local/lib/python3.8/site-packages/airflow/example_dags/example_short_circuit_decorator.py
[2023-09-23T12:03:20.718+0000] {processor.py:829} INFO - Processing file /home/airflow/.local/lib/python3.8/site-packages/airflow/example_dags/example_short_circuit_decorator.py for tasks to queue
[2023-09-23T12:03:20.720+0000] {logging_mixin.py:151} INFO - [2023-09-23T12:03:20.719+0000] {dagbag.py:539} INFO - Filling up the DagBag from /home/airflow/.local/lib/python3.8/site-packages/airflow/example_dags/example_short_circuit_decorator.py
[2023-09-23T12:03:20.725+0000] {processor.py:839} INFO - DAG(s) dict_keys(['example_short_circuit_decorator']) retrieved from /home/airflow/.local/lib/python3.8/site-packages/airflow/example_dags/example_short_circuit_decorator.py
[2023-09-23T12:03:20.738+0000] {logging_mixin.py:151} INFO - [2023-09-23T12:03:20.738+0000] {dag.py:2907} INFO - Sync 1 DAGs
[2023-09-23T12:03:20.750+0000] {logging_mixin.py:151} INFO - [2023-09-23T12:03:20.750+0000] {dag.py:3677} INFO - Setting next_dagrun for example_short_circuit_decorator to 2023-09-22T12:03:20.750618+00:00, run_after=2023-09-23T12:03:20.750618+00:00
[2023-09-23T12:03:20.760+0000] {processor.py:179} INFO - Processing /home/airflow/.local/lib/python3.8/site-packages/airflow/example_dags/example_short_circuit_decorator.py took 0.045 seconds
[2023-09-23T13:45:37.570+0000] {processor.py:157} INFO - Started process (PID=15174) to work on /home/airflow/.local/lib/python3.8/site-packages/airflow/example_dags/example_short_circuit_decorator.py
[2023-09-23T13:45:37.574+0000] {processor.py:829} INFO - Processing file /home/airflow/.local/lib/python3.8/site-packages/airflow/example_dags/example_short_circuit_decorator.py for tasks to queue
[2023-09-23T13:45:37.576+0000] {logging_mixin.py:151} INFO - [2023-09-23T13:45:37.576+0000] {dagbag.py:539} INFO - Filling up the DagBag from /home/airflow/.local/lib/python3.8/site-packages/airflow/example_dags/example_short_circuit_decorator.py
[2023-09-23T13:45:37.589+0000] {processor.py:839} INFO - DAG(s) dict_keys(['example_short_circuit_decorator']) retrieved from /home/airflow/.local/lib/python3.8/site-packages/airflow/example_dags/example_short_circuit_decorator.py
[2023-09-23T13:45:37.653+0000] {logging_mixin.py:151} INFO - [2023-09-23T13:45:37.652+0000] {dag.py:2907} INFO - Sync 1 DAGs
[2023-09-23T13:45:37.678+0000] {logging_mixin.py:151} INFO - [2023-09-23T13:45:37.678+0000] {dag.py:3677} INFO - Setting next_dagrun for example_short_circuit_decorator to 2023-09-22T13:45:37.678531+00:00, run_after=2023-09-23T13:45:37.678531+00:00
[2023-09-23T13:45:37.697+0000] {processor.py:179} INFO - Processing /home/airflow/.local/lib/python3.8/site-packages/airflow/example_dags/example_short_circuit_decorator.py took 0.133 seconds
[2023-09-23T15:06:14.626+0000] {processor.py:157} INFO - Started process (PID=15221) to work on /home/airflow/.local/lib/python3.8/site-packages/airflow/example_dags/example_short_circuit_decorator.py
[2023-09-23T15:06:14.627+0000] {processor.py:829} INFO - Processing file /home/airflow/.local/lib/python3.8/site-packages/airflow/example_dags/example_short_circuit_decorator.py for tasks to queue
[2023-09-23T15:06:14.632+0000] {logging_mixin.py:151} INFO - [2023-09-23T15:06:14.631+0000] {dagbag.py:539} INFO - Filling up the DagBag from /home/airflow/.local/lib/python3.8/site-packages/airflow/example_dags/example_short_circuit_decorator.py
[2023-09-23T15:06:14.643+0000] {processor.py:839} INFO - DAG(s) dict_keys(['example_short_circuit_decorator']) retrieved from /home/airflow/.local/lib/python3.8/site-packages/airflow/example_dags/example_short_circuit_decorator.py
[2023-09-23T15:06:14.675+0000] {logging_mixin.py:151} INFO - [2023-09-23T15:06:14.675+0000] {dag.py:2907} INFO - Sync 1 DAGs
[2023-09-23T15:06:14.701+0000] {logging_mixin.py:151} INFO - [2023-09-23T15:06:14.701+0000] {dag.py:3677} INFO - Setting next_dagrun for example_short_circuit_decorator to 2023-09-22T15:06:14.700886+00:00, run_after=2023-09-23T15:06:14.700886+00:00
[2023-09-23T15:06:14.734+0000] {processor.py:179} INFO - Processing /home/airflow/.local/lib/python3.8/site-packages/airflow/example_dags/example_short_circuit_decorator.py took 0.112 seconds
[2023-09-23T16:49:14.148+0000] {processor.py:157} INFO - Started process (PID=15268) to work on /home/airflow/.local/lib/python3.8/site-packages/airflow/example_dags/example_short_circuit_decorator.py
[2023-09-23T16:49:14.149+0000] {processor.py:829} INFO - Processing file /home/airflow/.local/lib/python3.8/site-packages/airflow/example_dags/example_short_circuit_decorator.py for tasks to queue
[2023-09-23T16:49:14.150+0000] {logging_mixin.py:151} INFO - [2023-09-23T16:49:14.150+0000] {dagbag.py:539} INFO - Filling up the DagBag from /home/airflow/.local/lib/python3.8/site-packages/airflow/example_dags/example_short_circuit_decorator.py
[2023-09-23T16:49:14.155+0000] {processor.py:839} INFO - DAG(s) dict_keys(['example_short_circuit_decorator']) retrieved from /home/airflow/.local/lib/python3.8/site-packages/airflow/example_dags/example_short_circuit_decorator.py
[2023-09-23T16:49:14.167+0000] {logging_mixin.py:151} INFO - [2023-09-23T16:49:14.167+0000] {dag.py:2907} INFO - Sync 1 DAGs
[2023-09-23T16:49:14.177+0000] {logging_mixin.py:151} INFO - [2023-09-23T16:49:14.177+0000] {dag.py:3677} INFO - Setting next_dagrun for example_short_circuit_decorator to 2023-09-22T16:49:14.177225+00:00, run_after=2023-09-23T16:49:14.177225+00:00
[2023-09-23T16:49:14.184+0000] {processor.py:179} INFO - Processing /home/airflow/.local/lib/python3.8/site-packages/airflow/example_dags/example_short_circuit_decorator.py took 0.038 seconds
[2023-09-23T17:24:35.277+0000] {processor.py:157} INFO - Started process (PID=15315) to work on /home/airflow/.local/lib/python3.8/site-packages/airflow/example_dags/example_short_circuit_decorator.py
[2023-09-23T17:24:35.281+0000] {processor.py:829} INFO - Processing file /home/airflow/.local/lib/python3.8/site-packages/airflow/example_dags/example_short_circuit_decorator.py for tasks to queue
[2023-09-23T17:24:35.286+0000] {logging_mixin.py:151} INFO - [2023-09-23T17:24:35.286+0000] {dagbag.py:539} INFO - Filling up the DagBag from /home/airflow/.local/lib/python3.8/site-packages/airflow/example_dags/example_short_circuit_decorator.py
[2023-09-23T17:24:35.293+0000] {processor.py:839} INFO - DAG(s) dict_keys(['example_short_circuit_decorator']) retrieved from /home/airflow/.local/lib/python3.8/site-packages/airflow/example_dags/example_short_circuit_decorator.py
[2023-09-23T17:24:35.324+0000] {logging_mixin.py:151} INFO - [2023-09-23T17:24:35.324+0000] {dag.py:2907} INFO - Sync 1 DAGs
[2023-09-23T17:24:35.349+0000] {logging_mixin.py:151} INFO - [2023-09-23T17:24:35.349+0000] {dag.py:3677} INFO - Setting next_dagrun for example_short_circuit_decorator to 2023-09-22T17:24:35.349078+00:00, run_after=2023-09-23T17:24:35.349078+00:00
[2023-09-23T17:24:35.370+0000] {processor.py:179} INFO - Processing /home/airflow/.local/lib/python3.8/site-packages/airflow/example_dags/example_short_circuit_decorator.py took 0.096 seconds
[2023-09-23T18:13:04.759+0000] {processor.py:157} INFO - Started process (PID=15362) to work on /home/airflow/.local/lib/python3.8/site-packages/airflow/example_dags/example_short_circuit_decorator.py
[2023-09-23T18:13:04.759+0000] {processor.py:829} INFO - Processing file /home/airflow/.local/lib/python3.8/site-packages/airflow/example_dags/example_short_circuit_decorator.py for tasks to queue
[2023-09-23T18:13:04.760+0000] {logging_mixin.py:151} INFO - [2023-09-23T18:13:04.760+0000] {dagbag.py:539} INFO - Filling up the DagBag from /home/airflow/.local/lib/python3.8/site-packages/airflow/example_dags/example_short_circuit_decorator.py
[2023-09-23T18:13:04.765+0000] {processor.py:839} INFO - DAG(s) dict_keys(['example_short_circuit_decorator']) retrieved from /home/airflow/.local/lib/python3.8/site-packages/airflow/example_dags/example_short_circuit_decorator.py
[2023-09-23T18:13:04.777+0000] {logging_mixin.py:151} INFO - [2023-09-23T18:13:04.777+0000] {dag.py:2907} INFO - Sync 1 DAGs
[2023-09-23T18:13:04.787+0000] {logging_mixin.py:151} INFO - [2023-09-23T18:13:04.786+0000] {dag.py:3677} INFO - Setting next_dagrun for example_short_circuit_decorator to 2023-09-22T18:13:04.786829+00:00, run_after=2023-09-23T18:13:04.786829+00:00
[2023-09-23T18:13:04.794+0000] {processor.py:179} INFO - Processing /home/airflow/.local/lib/python3.8/site-packages/airflow/example_dags/example_short_circuit_decorator.py took 0.037 seconds
[2023-09-23T19:34:34.237+0000] {processor.py:157} INFO - Started process (PID=15409) to work on /home/airflow/.local/lib/python3.8/site-packages/airflow/example_dags/example_short_circuit_decorator.py
[2023-09-23T19:34:34.238+0000] {processor.py:829} INFO - Processing file /home/airflow/.local/lib/python3.8/site-packages/airflow/example_dags/example_short_circuit_decorator.py for tasks to queue
[2023-09-23T19:34:34.239+0000] {logging_mixin.py:151} INFO - [2023-09-23T19:34:34.239+0000] {dagbag.py:539} INFO - Filling up the DagBag from /home/airflow/.local/lib/python3.8/site-packages/airflow/example_dags/example_short_circuit_decorator.py
[2023-09-23T19:34:34.244+0000] {processor.py:839} INFO - DAG(s) dict_keys(['example_short_circuit_decorator']) retrieved from /home/airflow/.local/lib/python3.8/site-packages/airflow/example_dags/example_short_circuit_decorator.py
[2023-09-23T19:34:34.256+0000] {logging_mixin.py:151} INFO - [2023-09-23T19:34:34.256+0000] {dag.py:2907} INFO - Sync 1 DAGs
[2023-09-23T19:34:34.266+0000] {logging_mixin.py:151} INFO - [2023-09-23T19:34:34.266+0000] {dag.py:3677} INFO - Setting next_dagrun for example_short_circuit_decorator to 2023-09-22T19:34:34.266083+00:00, run_after=2023-09-23T19:34:34.266083+00:00
[2023-09-23T19:34:34.274+0000] {processor.py:179} INFO - Processing /home/airflow/.local/lib/python3.8/site-packages/airflow/example_dags/example_short_circuit_decorator.py took 0.039 seconds
[2023-09-23T21:11:25.137+0000] {processor.py:157} INFO - Started process (PID=15456) to work on /home/airflow/.local/lib/python3.8/site-packages/airflow/example_dags/example_short_circuit_decorator.py
[2023-09-23T21:11:25.138+0000] {processor.py:829} INFO - Processing file /home/airflow/.local/lib/python3.8/site-packages/airflow/example_dags/example_short_circuit_decorator.py for tasks to queue
[2023-09-23T21:11:25.139+0000] {logging_mixin.py:151} INFO - [2023-09-23T21:11:25.139+0000] {dagbag.py:539} INFO - Filling up the DagBag from /home/airflow/.local/lib/python3.8/site-packages/airflow/example_dags/example_short_circuit_decorator.py
[2023-09-23T21:11:25.144+0000] {processor.py:839} INFO - DAG(s) dict_keys(['example_short_circuit_decorator']) retrieved from /home/airflow/.local/lib/python3.8/site-packages/airflow/example_dags/example_short_circuit_decorator.py
[2023-09-23T21:11:25.155+0000] {logging_mixin.py:151} INFO - [2023-09-23T21:11:25.155+0000] {dag.py:2907} INFO - Sync 1 DAGs
[2023-09-23T21:11:25.165+0000] {logging_mixin.py:151} INFO - [2023-09-23T21:11:25.165+0000] {dag.py:3677} INFO - Setting next_dagrun for example_short_circuit_decorator to 2023-09-22T21:11:25.165686+00:00, run_after=2023-09-23T21:11:25.165686+00:00
[2023-09-23T21:11:25.173+0000] {processor.py:179} INFO - Processing /home/airflow/.local/lib/python3.8/site-packages/airflow/example_dags/example_short_circuit_decorator.py took 0.037 seconds
[2023-09-23T22:50:59.749+0000] {processor.py:157} INFO - Started process (PID=15503) to work on /home/airflow/.local/lib/python3.8/site-packages/airflow/example_dags/example_short_circuit_decorator.py
[2023-09-23T22:50:59.752+0000] {processor.py:829} INFO - Processing file /home/airflow/.local/lib/python3.8/site-packages/airflow/example_dags/example_short_circuit_decorator.py for tasks to queue
[2023-09-23T22:50:59.759+0000] {logging_mixin.py:151} INFO - [2023-09-23T22:50:59.758+0000] {dagbag.py:539} INFO - Filling up the DagBag from /home/airflow/.local/lib/python3.8/site-packages/airflow/example_dags/example_short_circuit_decorator.py
[2023-09-23T22:50:59.777+0000] {processor.py:839} INFO - DAG(s) dict_keys(['example_short_circuit_decorator']) retrieved from /home/airflow/.local/lib/python3.8/site-packages/airflow/example_dags/example_short_circuit_decorator.py
[2023-09-23T22:50:59.816+0000] {logging_mixin.py:151} INFO - [2023-09-23T22:50:59.816+0000] {dag.py:2907} INFO - Sync 1 DAGs
[2023-09-23T22:50:59.841+0000] {logging_mixin.py:151} INFO - [2023-09-23T22:50:59.841+0000] {dag.py:3677} INFO - Setting next_dagrun for example_short_circuit_decorator to 2023-09-22T22:50:59.841515+00:00, run_after=2023-09-23T22:50:59.841515+00:00
[2023-09-23T22:50:59.866+0000] {processor.py:179} INFO - Processing /home/airflow/.local/lib/python3.8/site-packages/airflow/example_dags/example_short_circuit_decorator.py took 0.121 seconds
