[2023-09-23T01:22:36.158+0000] {processor.py:157} INFO - Started process (PID=14772) to work on /home/airflow/.local/lib/python3.8/site-packages/airflow/example_dags/example_nested_branch_dag.py
[2023-09-23T01:22:36.158+0000] {processor.py:829} INFO - Processing file /home/airflow/.local/lib/python3.8/site-packages/airflow/example_dags/example_nested_branch_dag.py for tasks to queue
[2023-09-23T01:22:36.159+0000] {logging_mixin.py:151} INFO - [2023-09-23T01:22:36.159+0000] {dagbag.py:539} INFO - Filling up the DagBag from /home/airflow/.local/lib/python3.8/site-packages/airflow/example_dags/example_nested_branch_dag.py
[2023-09-23T01:22:36.165+0000] {processor.py:839} INFO - DAG(s) dict_keys(['example_nested_branch_dag']) retrieved from /home/airflow/.local/lib/python3.8/site-packages/airflow/example_dags/example_nested_branch_dag.py
[2023-09-23T01:22:36.176+0000] {logging_mixin.py:151} INFO - [2023-09-23T01:22:36.176+0000] {dag.py:2907} INFO - Sync 1 DAGs
[2023-09-23T01:22:36.186+0000] {logging_mixin.py:151} INFO - [2023-09-23T01:22:36.185+0000] {dag.py:3677} INFO - Setting next_dagrun for example_nested_branch_dag to 2023-09-22T00:00:00+00:00, run_after=2023-09-23T00:00:00+00:00
[2023-09-23T01:22:36.193+0000] {processor.py:179} INFO - Processing /home/airflow/.local/lib/python3.8/site-packages/airflow/example_dags/example_nested_branch_dag.py took 0.037 seconds
[2023-09-23T03:03:38.155+0000] {processor.py:157} INFO - Started process (PID=14819) to work on /home/airflow/.local/lib/python3.8/site-packages/airflow/example_dags/example_nested_branch_dag.py
[2023-09-23T03:03:38.155+0000] {processor.py:829} INFO - Processing file /home/airflow/.local/lib/python3.8/site-packages/airflow/example_dags/example_nested_branch_dag.py for tasks to queue
[2023-09-23T03:03:38.157+0000] {logging_mixin.py:151} INFO - [2023-09-23T03:03:38.156+0000] {dagbag.py:539} INFO - Filling up the DagBag from /home/airflow/.local/lib/python3.8/site-packages/airflow/example_dags/example_nested_branch_dag.py
[2023-09-23T03:03:38.162+0000] {processor.py:839} INFO - DAG(s) dict_keys(['example_nested_branch_dag']) retrieved from /home/airflow/.local/lib/python3.8/site-packages/airflow/example_dags/example_nested_branch_dag.py
[2023-09-23T03:03:38.173+0000] {logging_mixin.py:151} INFO - [2023-09-23T03:03:38.173+0000] {dag.py:2907} INFO - Sync 1 DAGs
[2023-09-23T03:03:38.184+0000] {logging_mixin.py:151} INFO - [2023-09-23T03:03:38.183+0000] {dag.py:3677} INFO - Setting next_dagrun for example_nested_branch_dag to 2023-09-22T00:00:00+00:00, run_after=2023-09-23T00:00:00+00:00
[2023-09-23T03:03:38.191+0000] {processor.py:179} INFO - Processing /home/airflow/.local/lib/python3.8/site-packages/airflow/example_dags/example_nested_branch_dag.py took 0.038 seconds
[2023-09-23T04:40:41.995+0000] {processor.py:157} INFO - Started process (PID=14866) to work on /home/airflow/.local/lib/python3.8/site-packages/airflow/example_dags/example_nested_branch_dag.py
[2023-09-23T04:40:41.996+0000] {processor.py:829} INFO - Processing file /home/airflow/.local/lib/python3.8/site-packages/airflow/example_dags/example_nested_branch_dag.py for tasks to queue
[2023-09-23T04:40:41.997+0000] {logging_mixin.py:151} INFO - [2023-09-23T04:40:41.997+0000] {dagbag.py:539} INFO - Filling up the DagBag from /home/airflow/.local/lib/python3.8/site-packages/airflow/example_dags/example_nested_branch_dag.py
[2023-09-23T04:40:42.003+0000] {processor.py:839} INFO - DAG(s) dict_keys(['example_nested_branch_dag']) retrieved from /home/airflow/.local/lib/python3.8/site-packages/airflow/example_dags/example_nested_branch_dag.py
[2023-09-23T04:40:42.014+0000] {logging_mixin.py:151} INFO - [2023-09-23T04:40:42.014+0000] {dag.py:2907} INFO - Sync 1 DAGs
[2023-09-23T04:40:42.025+0000] {logging_mixin.py:151} INFO - [2023-09-23T04:40:42.024+0000] {dag.py:3677} INFO - Setting next_dagrun for example_nested_branch_dag to 2023-09-22T00:00:00+00:00, run_after=2023-09-23T00:00:00+00:00
[2023-09-23T04:40:42.032+0000] {processor.py:179} INFO - Processing /home/airflow/.local/lib/python3.8/site-packages/airflow/example_dags/example_nested_branch_dag.py took 0.039 seconds
[2023-09-23T06:01:20.261+0000] {processor.py:157} INFO - Started process (PID=14913) to work on /home/airflow/.local/lib/python3.8/site-packages/airflow/example_dags/example_nested_branch_dag.py
[2023-09-23T06:01:20.263+0000] {processor.py:829} INFO - Processing file /home/airflow/.local/lib/python3.8/site-packages/airflow/example_dags/example_nested_branch_dag.py for tasks to queue
[2023-09-23T06:01:20.268+0000] {logging_mixin.py:151} INFO - [2023-09-23T06:01:20.267+0000] {dagbag.py:539} INFO - Filling up the DagBag from /home/airflow/.local/lib/python3.8/site-packages/airflow/example_dags/example_nested_branch_dag.py
[2023-09-23T06:01:20.286+0000] {processor.py:839} INFO - DAG(s) dict_keys(['example_nested_branch_dag']) retrieved from /home/airflow/.local/lib/python3.8/site-packages/airflow/example_dags/example_nested_branch_dag.py
[2023-09-23T06:01:20.306+0000] {logging_mixin.py:151} INFO - [2023-09-23T06:01:20.306+0000] {dag.py:2907} INFO - Sync 1 DAGs
[2023-09-23T06:01:20.321+0000] {logging_mixin.py:151} INFO - [2023-09-23T06:01:20.321+0000] {dag.py:3677} INFO - Setting next_dagrun for example_nested_branch_dag to 2023-09-22T00:00:00+00:00, run_after=2023-09-23T00:00:00+00:00
[2023-09-23T06:01:20.333+0000] {processor.py:179} INFO - Processing /home/airflow/.local/lib/python3.8/site-packages/airflow/example_dags/example_nested_branch_dag.py took 0.076 seconds
[2023-09-23T07:38:21.060+0000] {processor.py:157} INFO - Started process (PID=14960) to work on /home/airflow/.local/lib/python3.8/site-packages/airflow/example_dags/example_nested_branch_dag.py
[2023-09-23T07:38:21.061+0000] {processor.py:829} INFO - Processing file /home/airflow/.local/lib/python3.8/site-packages/airflow/example_dags/example_nested_branch_dag.py for tasks to queue
[2023-09-23T07:38:21.062+0000] {logging_mixin.py:151} INFO - [2023-09-23T07:38:21.062+0000] {dagbag.py:539} INFO - Filling up the DagBag from /home/airflow/.local/lib/python3.8/site-packages/airflow/example_dags/example_nested_branch_dag.py
[2023-09-23T07:38:21.068+0000] {processor.py:839} INFO - DAG(s) dict_keys(['example_nested_branch_dag']) retrieved from /home/airflow/.local/lib/python3.8/site-packages/airflow/example_dags/example_nested_branch_dag.py
[2023-09-23T07:38:21.078+0000] {logging_mixin.py:151} INFO - [2023-09-23T07:38:21.078+0000] {dag.py:2907} INFO - Sync 1 DAGs
[2023-09-23T07:38:21.088+0000] {logging_mixin.py:151} INFO - [2023-09-23T07:38:21.088+0000] {dag.py:3677} INFO - Setting next_dagrun for example_nested_branch_dag to 2023-09-22T00:00:00+00:00, run_after=2023-09-23T00:00:00+00:00
[2023-09-23T07:38:21.096+0000] {processor.py:179} INFO - Processing /home/airflow/.local/lib/python3.8/site-packages/airflow/example_dags/example_nested_branch_dag.py took 0.037 seconds
[2023-09-23T08:10:19.013+0000] {processor.py:157} INFO - Started process (PID=15007) to work on /home/airflow/.local/lib/python3.8/site-packages/airflow/example_dags/example_nested_branch_dag.py
[2023-09-23T08:10:19.014+0000] {processor.py:829} INFO - Processing file /home/airflow/.local/lib/python3.8/site-packages/airflow/example_dags/example_nested_branch_dag.py for tasks to queue
[2023-09-23T08:10:19.015+0000] {logging_mixin.py:151} INFO - [2023-09-23T08:10:19.015+0000] {dagbag.py:539} INFO - Filling up the DagBag from /home/airflow/.local/lib/python3.8/site-packages/airflow/example_dags/example_nested_branch_dag.py
[2023-09-23T08:10:19.021+0000] {processor.py:839} INFO - DAG(s) dict_keys(['example_nested_branch_dag']) retrieved from /home/airflow/.local/lib/python3.8/site-packages/airflow/example_dags/example_nested_branch_dag.py
[2023-09-23T08:10:19.031+0000] {logging_mixin.py:151} INFO - [2023-09-23T08:10:19.031+0000] {dag.py:2907} INFO - Sync 1 DAGs
[2023-09-23T08:10:19.042+0000] {logging_mixin.py:151} INFO - [2023-09-23T08:10:19.042+0000] {dag.py:3677} INFO - Setting next_dagrun for example_nested_branch_dag to 2023-09-22T00:00:00+00:00, run_after=2023-09-23T00:00:00+00:00
[2023-09-23T08:10:19.049+0000] {processor.py:179} INFO - Processing /home/airflow/.local/lib/python3.8/site-packages/airflow/example_dags/example_nested_branch_dag.py took 0.038 seconds
[2023-09-23T08:58:59.704+0000] {processor.py:157} INFO - Started process (PID=15054) to work on /home/airflow/.local/lib/python3.8/site-packages/airflow/example_dags/example_nested_branch_dag.py
[2023-09-23T08:58:59.704+0000] {processor.py:829} INFO - Processing file /home/airflow/.local/lib/python3.8/site-packages/airflow/example_dags/example_nested_branch_dag.py for tasks to queue
[2023-09-23T08:58:59.705+0000] {logging_mixin.py:151} INFO - [2023-09-23T08:58:59.705+0000] {dagbag.py:539} INFO - Filling up the DagBag from /home/airflow/.local/lib/python3.8/site-packages/airflow/example_dags/example_nested_branch_dag.py
[2023-09-23T08:58:59.711+0000] {processor.py:839} INFO - DAG(s) dict_keys(['example_nested_branch_dag']) retrieved from /home/airflow/.local/lib/python3.8/site-packages/airflow/example_dags/example_nested_branch_dag.py
[2023-09-23T08:58:59.722+0000] {logging_mixin.py:151} INFO - [2023-09-23T08:58:59.722+0000] {dag.py:2907} INFO - Sync 1 DAGs
[2023-09-23T08:58:59.732+0000] {logging_mixin.py:151} INFO - [2023-09-23T08:58:59.732+0000] {dag.py:3677} INFO - Setting next_dagrun for example_nested_branch_dag to 2023-09-22T00:00:00+00:00, run_after=2023-09-23T00:00:00+00:00
[2023-09-23T08:58:59.739+0000] {processor.py:179} INFO - Processing /home/airflow/.local/lib/python3.8/site-packages/airflow/example_dags/example_nested_branch_dag.py took 0.037 seconds
[2023-09-23T10:23:07.151+0000] {processor.py:157} INFO - Started process (PID=15101) to work on /home/airflow/.local/lib/python3.8/site-packages/airflow/example_dags/example_nested_branch_dag.py
[2023-09-23T10:23:07.152+0000] {processor.py:829} INFO - Processing file /home/airflow/.local/lib/python3.8/site-packages/airflow/example_dags/example_nested_branch_dag.py for tasks to queue
[2023-09-23T10:23:07.153+0000] {logging_mixin.py:151} INFO - [2023-09-23T10:23:07.153+0000] {dagbag.py:539} INFO - Filling up the DagBag from /home/airflow/.local/lib/python3.8/site-packages/airflow/example_dags/example_nested_branch_dag.py
[2023-09-23T10:23:07.158+0000] {processor.py:839} INFO - DAG(s) dict_keys(['example_nested_branch_dag']) retrieved from /home/airflow/.local/lib/python3.8/site-packages/airflow/example_dags/example_nested_branch_dag.py
[2023-09-23T10:23:07.169+0000] {logging_mixin.py:151} INFO - [2023-09-23T10:23:07.169+0000] {dag.py:2907} INFO - Sync 1 DAGs
[2023-09-23T10:23:07.178+0000] {logging_mixin.py:151} INFO - [2023-09-23T10:23:07.178+0000] {dag.py:3677} INFO - Setting next_dagrun for example_nested_branch_dag to 2023-09-22T00:00:00+00:00, run_after=2023-09-23T00:00:00+00:00
[2023-09-23T10:23:07.184+0000] {processor.py:179} INFO - Processing /home/airflow/.local/lib/python3.8/site-packages/airflow/example_dags/example_nested_branch_dag.py took 0.035 seconds
[2023-09-23T12:03:21.895+0000] {processor.py:157} INFO - Started process (PID=15148) to work on /home/airflow/.local/lib/python3.8/site-packages/airflow/example_dags/example_nested_branch_dag.py
[2023-09-23T12:03:21.897+0000] {processor.py:829} INFO - Processing file /home/airflow/.local/lib/python3.8/site-packages/airflow/example_dags/example_nested_branch_dag.py for tasks to queue
[2023-09-23T12:03:21.898+0000] {logging_mixin.py:151} INFO - [2023-09-23T12:03:21.898+0000] {dagbag.py:539} INFO - Filling up the DagBag from /home/airflow/.local/lib/python3.8/site-packages/airflow/example_dags/example_nested_branch_dag.py
[2023-09-23T12:03:21.911+0000] {processor.py:839} INFO - DAG(s) dict_keys(['example_nested_branch_dag']) retrieved from /home/airflow/.local/lib/python3.8/site-packages/airflow/example_dags/example_nested_branch_dag.py
[2023-09-23T12:03:21.938+0000] {logging_mixin.py:151} INFO - [2023-09-23T12:03:21.938+0000] {dag.py:2907} INFO - Sync 1 DAGs
[2023-09-23T12:03:21.958+0000] {logging_mixin.py:151} INFO - [2023-09-23T12:03:21.958+0000] {dag.py:3677} INFO - Setting next_dagrun for example_nested_branch_dag to 2023-09-22T00:00:00+00:00, run_after=2023-09-23T00:00:00+00:00
[2023-09-23T12:03:21.980+0000] {processor.py:179} INFO - Processing /home/airflow/.local/lib/python3.8/site-packages/airflow/example_dags/example_nested_branch_dag.py took 0.090 seconds
[2023-09-23T13:45:38.485+0000] {processor.py:157} INFO - Started process (PID=15195) to work on /home/airflow/.local/lib/python3.8/site-packages/airflow/example_dags/example_nested_branch_dag.py
[2023-09-23T13:45:38.485+0000] {processor.py:829} INFO - Processing file /home/airflow/.local/lib/python3.8/site-packages/airflow/example_dags/example_nested_branch_dag.py for tasks to queue
[2023-09-23T13:45:38.487+0000] {logging_mixin.py:151} INFO - [2023-09-23T13:45:38.486+0000] {dagbag.py:539} INFO - Filling up the DagBag from /home/airflow/.local/lib/python3.8/site-packages/airflow/example_dags/example_nested_branch_dag.py
[2023-09-23T13:45:38.492+0000] {processor.py:839} INFO - DAG(s) dict_keys(['example_nested_branch_dag']) retrieved from /home/airflow/.local/lib/python3.8/site-packages/airflow/example_dags/example_nested_branch_dag.py
[2023-09-23T13:45:38.503+0000] {logging_mixin.py:151} INFO - [2023-09-23T13:45:38.503+0000] {dag.py:2907} INFO - Sync 1 DAGs
[2023-09-23T13:45:38.514+0000] {logging_mixin.py:151} INFO - [2023-09-23T13:45:38.514+0000] {dag.py:3677} INFO - Setting next_dagrun for example_nested_branch_dag to 2023-09-22T00:00:00+00:00, run_after=2023-09-23T00:00:00+00:00
[2023-09-23T13:45:38.521+0000] {processor.py:179} INFO - Processing /home/airflow/.local/lib/python3.8/site-packages/airflow/example_dags/example_nested_branch_dag.py took 0.038 seconds
[2023-09-23T15:06:15.809+0000] {processor.py:157} INFO - Started process (PID=15242) to work on /home/airflow/.local/lib/python3.8/site-packages/airflow/example_dags/example_nested_branch_dag.py
[2023-09-23T15:06:15.810+0000] {processor.py:829} INFO - Processing file /home/airflow/.local/lib/python3.8/site-packages/airflow/example_dags/example_nested_branch_dag.py for tasks to queue
[2023-09-23T15:06:15.811+0000] {logging_mixin.py:151} INFO - [2023-09-23T15:06:15.811+0000] {dagbag.py:539} INFO - Filling up the DagBag from /home/airflow/.local/lib/python3.8/site-packages/airflow/example_dags/example_nested_branch_dag.py
[2023-09-23T15:06:15.817+0000] {processor.py:839} INFO - DAG(s) dict_keys(['example_nested_branch_dag']) retrieved from /home/airflow/.local/lib/python3.8/site-packages/airflow/example_dags/example_nested_branch_dag.py
[2023-09-23T15:06:15.828+0000] {logging_mixin.py:151} INFO - [2023-09-23T15:06:15.827+0000] {dag.py:2907} INFO - Sync 1 DAGs
[2023-09-23T15:06:15.839+0000] {logging_mixin.py:151} INFO - [2023-09-23T15:06:15.839+0000] {dag.py:3677} INFO - Setting next_dagrun for example_nested_branch_dag to 2023-09-22T00:00:00+00:00, run_after=2023-09-23T00:00:00+00:00
[2023-09-23T15:06:15.847+0000] {processor.py:179} INFO - Processing /home/airflow/.local/lib/python3.8/site-packages/airflow/example_dags/example_nested_branch_dag.py took 0.039 seconds
[2023-09-23T16:49:15.400+0000] {processor.py:157} INFO - Started process (PID=15289) to work on /home/airflow/.local/lib/python3.8/site-packages/airflow/example_dags/example_nested_branch_dag.py
[2023-09-23T16:49:15.401+0000] {processor.py:829} INFO - Processing file /home/airflow/.local/lib/python3.8/site-packages/airflow/example_dags/example_nested_branch_dag.py for tasks to queue
[2023-09-23T16:49:15.403+0000] {logging_mixin.py:151} INFO - [2023-09-23T16:49:15.402+0000] {dagbag.py:539} INFO - Filling up the DagBag from /home/airflow/.local/lib/python3.8/site-packages/airflow/example_dags/example_nested_branch_dag.py
[2023-09-23T16:49:15.411+0000] {processor.py:839} INFO - DAG(s) dict_keys(['example_nested_branch_dag']) retrieved from /home/airflow/.local/lib/python3.8/site-packages/airflow/example_dags/example_nested_branch_dag.py
[2023-09-23T16:49:15.427+0000] {logging_mixin.py:151} INFO - [2023-09-23T16:49:15.427+0000] {dag.py:2907} INFO - Sync 1 DAGs
[2023-09-23T16:49:15.439+0000] {logging_mixin.py:151} INFO - [2023-09-23T16:49:15.439+0000] {dag.py:3677} INFO - Setting next_dagrun for example_nested_branch_dag to 2023-09-22T00:00:00+00:00, run_after=2023-09-23T00:00:00+00:00
[2023-09-23T16:49:15.453+0000] {processor.py:179} INFO - Processing /home/airflow/.local/lib/python3.8/site-packages/airflow/example_dags/example_nested_branch_dag.py took 0.055 seconds
[2023-09-23T17:24:36.368+0000] {processor.py:157} INFO - Started process (PID=15336) to work on /home/airflow/.local/lib/python3.8/site-packages/airflow/example_dags/example_nested_branch_dag.py
[2023-09-23T17:24:36.379+0000] {processor.py:829} INFO - Processing file /home/airflow/.local/lib/python3.8/site-packages/airflow/example_dags/example_nested_branch_dag.py for tasks to queue
[2023-09-23T17:24:36.380+0000] {logging_mixin.py:151} INFO - [2023-09-23T17:24:36.380+0000] {dagbag.py:539} INFO - Filling up the DagBag from /home/airflow/.local/lib/python3.8/site-packages/airflow/example_dags/example_nested_branch_dag.py
[2023-09-23T17:24:36.385+0000] {processor.py:839} INFO - DAG(s) dict_keys(['example_nested_branch_dag']) retrieved from /home/airflow/.local/lib/python3.8/site-packages/airflow/example_dags/example_nested_branch_dag.py
[2023-09-23T17:24:36.412+0000] {logging_mixin.py:151} INFO - [2023-09-23T17:24:36.412+0000] {dag.py:2907} INFO - Sync 1 DAGs
[2023-09-23T17:24:36.432+0000] {logging_mixin.py:151} INFO - [2023-09-23T17:24:36.432+0000] {dag.py:3677} INFO - Setting next_dagrun for example_nested_branch_dag to 2023-09-22T00:00:00+00:00, run_after=2023-09-23T00:00:00+00:00
[2023-09-23T17:24:36.452+0000] {processor.py:179} INFO - Processing /home/airflow/.local/lib/python3.8/site-packages/airflow/example_dags/example_nested_branch_dag.py took 0.086 seconds
[2023-09-23T18:13:05.991+0000] {processor.py:157} INFO - Started process (PID=15383) to work on /home/airflow/.local/lib/python3.8/site-packages/airflow/example_dags/example_nested_branch_dag.py
[2023-09-23T18:13:05.995+0000] {processor.py:829} INFO - Processing file /home/airflow/.local/lib/python3.8/site-packages/airflow/example_dags/example_nested_branch_dag.py for tasks to queue
[2023-09-23T18:13:06.000+0000] {logging_mixin.py:151} INFO - [2023-09-23T18:13:06.000+0000] {dagbag.py:539} INFO - Filling up the DagBag from /home/airflow/.local/lib/python3.8/site-packages/airflow/example_dags/example_nested_branch_dag.py
[2023-09-23T18:13:06.014+0000] {processor.py:839} INFO - DAG(s) dict_keys(['example_nested_branch_dag']) retrieved from /home/airflow/.local/lib/python3.8/site-packages/airflow/example_dags/example_nested_branch_dag.py
[2023-09-23T18:13:06.053+0000] {logging_mixin.py:151} INFO - [2023-09-23T18:13:06.053+0000] {dag.py:2907} INFO - Sync 1 DAGs
[2023-09-23T18:13:06.074+0000] {logging_mixin.py:151} INFO - [2023-09-23T18:13:06.074+0000] {dag.py:3677} INFO - Setting next_dagrun for example_nested_branch_dag to 2023-09-22T00:00:00+00:00, run_after=2023-09-23T00:00:00+00:00
[2023-09-23T18:13:06.085+0000] {processor.py:179} INFO - Processing /home/airflow/.local/lib/python3.8/site-packages/airflow/example_dags/example_nested_branch_dag.py took 0.097 seconds
[2023-09-23T19:34:34.797+0000] {processor.py:157} INFO - Started process (PID=15430) to work on /home/airflow/.local/lib/python3.8/site-packages/airflow/example_dags/example_nested_branch_dag.py
[2023-09-23T19:34:34.798+0000] {processor.py:829} INFO - Processing file /home/airflow/.local/lib/python3.8/site-packages/airflow/example_dags/example_nested_branch_dag.py for tasks to queue
[2023-09-23T19:34:34.799+0000] {logging_mixin.py:151} INFO - [2023-09-23T19:34:34.799+0000] {dagbag.py:539} INFO - Filling up the DagBag from /home/airflow/.local/lib/python3.8/site-packages/airflow/example_dags/example_nested_branch_dag.py
[2023-09-23T19:34:34.805+0000] {processor.py:839} INFO - DAG(s) dict_keys(['example_nested_branch_dag']) retrieved from /home/airflow/.local/lib/python3.8/site-packages/airflow/example_dags/example_nested_branch_dag.py
[2023-09-23T19:34:34.816+0000] {logging_mixin.py:151} INFO - [2023-09-23T19:34:34.816+0000] {dag.py:2907} INFO - Sync 1 DAGs
[2023-09-23T19:34:34.826+0000] {logging_mixin.py:151} INFO - [2023-09-23T19:34:34.826+0000] {dag.py:3677} INFO - Setting next_dagrun for example_nested_branch_dag to 2023-09-22T00:00:00+00:00, run_after=2023-09-23T00:00:00+00:00
[2023-09-23T19:34:34.833+0000] {processor.py:179} INFO - Processing /home/airflow/.local/lib/python3.8/site-packages/airflow/example_dags/example_nested_branch_dag.py took 0.037 seconds
[2023-09-23T21:11:26.030+0000] {processor.py:157} INFO - Started process (PID=15477) to work on /home/airflow/.local/lib/python3.8/site-packages/airflow/example_dags/example_nested_branch_dag.py
[2023-09-23T21:11:26.035+0000] {processor.py:829} INFO - Processing file /home/airflow/.local/lib/python3.8/site-packages/airflow/example_dags/example_nested_branch_dag.py for tasks to queue
[2023-09-23T21:11:26.040+0000] {logging_mixin.py:151} INFO - [2023-09-23T21:11:26.040+0000] {dagbag.py:539} INFO - Filling up the DagBag from /home/airflow/.local/lib/python3.8/site-packages/airflow/example_dags/example_nested_branch_dag.py
[2023-09-23T21:11:26.048+0000] {processor.py:839} INFO - DAG(s) dict_keys(['example_nested_branch_dag']) retrieved from /home/airflow/.local/lib/python3.8/site-packages/airflow/example_dags/example_nested_branch_dag.py
[2023-09-23T21:11:26.069+0000] {logging_mixin.py:151} INFO - [2023-09-23T21:11:26.069+0000] {dag.py:2907} INFO - Sync 1 DAGs
[2023-09-23T21:11:26.085+0000] {logging_mixin.py:151} INFO - [2023-09-23T21:11:26.085+0000] {dag.py:3677} INFO - Setting next_dagrun for example_nested_branch_dag to 2023-09-22T00:00:00+00:00, run_after=2023-09-23T00:00:00+00:00
[2023-09-23T21:11:26.098+0000] {processor.py:179} INFO - Processing /home/airflow/.local/lib/python3.8/site-packages/airflow/example_dags/example_nested_branch_dag.py took 0.072 seconds
[2023-09-23T22:51:00.662+0000] {processor.py:157} INFO - Started process (PID=15524) to work on /home/airflow/.local/lib/python3.8/site-packages/airflow/example_dags/example_nested_branch_dag.py
[2023-09-23T22:51:00.662+0000] {processor.py:829} INFO - Processing file /home/airflow/.local/lib/python3.8/site-packages/airflow/example_dags/example_nested_branch_dag.py for tasks to queue
[2023-09-23T22:51:00.664+0000] {logging_mixin.py:151} INFO - [2023-09-23T22:51:00.663+0000] {dagbag.py:539} INFO - Filling up the DagBag from /home/airflow/.local/lib/python3.8/site-packages/airflow/example_dags/example_nested_branch_dag.py
[2023-09-23T22:51:00.669+0000] {processor.py:839} INFO - DAG(s) dict_keys(['example_nested_branch_dag']) retrieved from /home/airflow/.local/lib/python3.8/site-packages/airflow/example_dags/example_nested_branch_dag.py
[2023-09-23T22:51:00.680+0000] {logging_mixin.py:151} INFO - [2023-09-23T22:51:00.680+0000] {dag.py:2907} INFO - Sync 1 DAGs
[2023-09-23T22:51:00.690+0000] {logging_mixin.py:151} INFO - [2023-09-23T22:51:00.690+0000] {dag.py:3677} INFO - Setting next_dagrun for example_nested_branch_dag to 2023-09-22T00:00:00+00:00, run_after=2023-09-23T00:00:00+00:00
[2023-09-23T22:51:00.698+0000] {processor.py:179} INFO - Processing /home/airflow/.local/lib/python3.8/site-packages/airflow/example_dags/example_nested_branch_dag.py took 0.038 seconds
