[2023-09-23T01:22:36.254+0000] {processor.py:157} INFO - Started process (PID=14776) to work on /home/airflow/.local/lib/python3.8/site-packages/airflow/example_dags/example_bash_operator.py
[2023-09-23T01:22:36.254+0000] {processor.py:829} INFO - Processing file /home/airflow/.local/lib/python3.8/site-packages/airflow/example_dags/example_bash_operator.py for tasks to queue
[2023-09-23T01:22:36.255+0000] {logging_mixin.py:151} INFO - [2023-09-23T01:22:36.255+0000] {dagbag.py:539} INFO - Filling up the DagBag from /home/airflow/.local/lib/python3.8/site-packages/airflow/example_dags/example_bash_operator.py
[2023-09-23T01:22:36.261+0000] {processor.py:839} INFO - DAG(s) dict_keys(['example_bash_operator']) retrieved from /home/airflow/.local/lib/python3.8/site-packages/airflow/example_dags/example_bash_operator.py
[2023-09-23T01:22:36.275+0000] {logging_mixin.py:151} INFO - [2023-09-23T01:22:36.275+0000] {dag.py:2907} INFO - Sync 1 DAGs
[2023-09-23T01:22:36.285+0000] {logging_mixin.py:151} INFO - [2023-09-23T01:22:36.285+0000] {dag.py:3677} INFO - Setting next_dagrun for example_bash_operator to 2023-09-22T00:00:00+00:00, run_after=2023-09-23T00:00:00+00:00
[2023-09-23T01:22:36.292+0000] {processor.py:179} INFO - Processing /home/airflow/.local/lib/python3.8/site-packages/airflow/example_dags/example_bash_operator.py took 0.041 seconds
[2023-09-23T03:03:38.247+0000] {processor.py:157} INFO - Started process (PID=14823) to work on /home/airflow/.local/lib/python3.8/site-packages/airflow/example_dags/example_bash_operator.py
[2023-09-23T03:03:38.247+0000] {processor.py:829} INFO - Processing file /home/airflow/.local/lib/python3.8/site-packages/airflow/example_dags/example_bash_operator.py for tasks to queue
[2023-09-23T03:03:38.249+0000] {logging_mixin.py:151} INFO - [2023-09-23T03:03:38.248+0000] {dagbag.py:539} INFO - Filling up the DagBag from /home/airflow/.local/lib/python3.8/site-packages/airflow/example_dags/example_bash_operator.py
[2023-09-23T03:03:38.255+0000] {processor.py:839} INFO - DAG(s) dict_keys(['example_bash_operator']) retrieved from /home/airflow/.local/lib/python3.8/site-packages/airflow/example_dags/example_bash_operator.py
[2023-09-23T03:03:38.268+0000] {logging_mixin.py:151} INFO - [2023-09-23T03:03:38.268+0000] {dag.py:2907} INFO - Sync 1 DAGs
[2023-09-23T03:03:38.278+0000] {logging_mixin.py:151} INFO - [2023-09-23T03:03:38.278+0000] {dag.py:3677} INFO - Setting next_dagrun for example_bash_operator to 2023-09-22T00:00:00+00:00, run_after=2023-09-23T00:00:00+00:00
[2023-09-23T03:03:38.285+0000] {processor.py:179} INFO - Processing /home/airflow/.local/lib/python3.8/site-packages/airflow/example_dags/example_bash_operator.py took 0.040 seconds
[2023-09-23T04:40:42.098+0000] {processor.py:157} INFO - Started process (PID=14870) to work on /home/airflow/.local/lib/python3.8/site-packages/airflow/example_dags/example_bash_operator.py
[2023-09-23T04:40:42.099+0000] {processor.py:829} INFO - Processing file /home/airflow/.local/lib/python3.8/site-packages/airflow/example_dags/example_bash_operator.py for tasks to queue
[2023-09-23T04:40:42.100+0000] {logging_mixin.py:151} INFO - [2023-09-23T04:40:42.100+0000] {dagbag.py:539} INFO - Filling up the DagBag from /home/airflow/.local/lib/python3.8/site-packages/airflow/example_dags/example_bash_operator.py
[2023-09-23T04:40:42.106+0000] {processor.py:839} INFO - DAG(s) dict_keys(['example_bash_operator']) retrieved from /home/airflow/.local/lib/python3.8/site-packages/airflow/example_dags/example_bash_operator.py
[2023-09-23T04:40:42.120+0000] {logging_mixin.py:151} INFO - [2023-09-23T04:40:42.120+0000] {dag.py:2907} INFO - Sync 1 DAGs
[2023-09-23T04:40:42.131+0000] {logging_mixin.py:151} INFO - [2023-09-23T04:40:42.131+0000] {dag.py:3677} INFO - Setting next_dagrun for example_bash_operator to 2023-09-22T00:00:00+00:00, run_after=2023-09-23T00:00:00+00:00
[2023-09-23T04:40:42.138+0000] {processor.py:179} INFO - Processing /home/airflow/.local/lib/python3.8/site-packages/airflow/example_dags/example_bash_operator.py took 0.043 seconds
[2023-09-23T06:01:20.409+0000] {processor.py:157} INFO - Started process (PID=14917) to work on /home/airflow/.local/lib/python3.8/site-packages/airflow/example_dags/example_bash_operator.py
[2023-09-23T06:01:20.410+0000] {processor.py:829} INFO - Processing file /home/airflow/.local/lib/python3.8/site-packages/airflow/example_dags/example_bash_operator.py for tasks to queue
[2023-09-23T06:01:20.411+0000] {logging_mixin.py:151} INFO - [2023-09-23T06:01:20.411+0000] {dagbag.py:539} INFO - Filling up the DagBag from /home/airflow/.local/lib/python3.8/site-packages/airflow/example_dags/example_bash_operator.py
[2023-09-23T06:01:20.417+0000] {processor.py:839} INFO - DAG(s) dict_keys(['example_bash_operator']) retrieved from /home/airflow/.local/lib/python3.8/site-packages/airflow/example_dags/example_bash_operator.py
[2023-09-23T06:01:20.432+0000] {logging_mixin.py:151} INFO - [2023-09-23T06:01:20.432+0000] {dag.py:2907} INFO - Sync 1 DAGs
[2023-09-23T06:01:20.443+0000] {logging_mixin.py:151} INFO - [2023-09-23T06:01:20.443+0000] {dag.py:3677} INFO - Setting next_dagrun for example_bash_operator to 2023-09-22T00:00:00+00:00, run_after=2023-09-23T00:00:00+00:00
[2023-09-23T06:01:20.455+0000] {processor.py:179} INFO - Processing /home/airflow/.local/lib/python3.8/site-packages/airflow/example_dags/example_bash_operator.py took 0.048 seconds
[2023-09-23T07:38:21.154+0000] {processor.py:157} INFO - Started process (PID=14964) to work on /home/airflow/.local/lib/python3.8/site-packages/airflow/example_dags/example_bash_operator.py
[2023-09-23T07:38:21.155+0000] {processor.py:829} INFO - Processing file /home/airflow/.local/lib/python3.8/site-packages/airflow/example_dags/example_bash_operator.py for tasks to queue
[2023-09-23T07:38:21.156+0000] {logging_mixin.py:151} INFO - [2023-09-23T07:38:21.156+0000] {dagbag.py:539} INFO - Filling up the DagBag from /home/airflow/.local/lib/python3.8/site-packages/airflow/example_dags/example_bash_operator.py
[2023-09-23T07:38:21.162+0000] {processor.py:839} INFO - DAG(s) dict_keys(['example_bash_operator']) retrieved from /home/airflow/.local/lib/python3.8/site-packages/airflow/example_dags/example_bash_operator.py
[2023-09-23T07:38:21.175+0000] {logging_mixin.py:151} INFO - [2023-09-23T07:38:21.175+0000] {dag.py:2907} INFO - Sync 1 DAGs
[2023-09-23T07:38:21.185+0000] {logging_mixin.py:151} INFO - [2023-09-23T07:38:21.185+0000] {dag.py:3677} INFO - Setting next_dagrun for example_bash_operator to 2023-09-22T00:00:00+00:00, run_after=2023-09-23T00:00:00+00:00
[2023-09-23T07:38:21.192+0000] {processor.py:179} INFO - Processing /home/airflow/.local/lib/python3.8/site-packages/airflow/example_dags/example_bash_operator.py took 0.040 seconds
[2023-09-23T08:10:19.106+0000] {processor.py:157} INFO - Started process (PID=15011) to work on /home/airflow/.local/lib/python3.8/site-packages/airflow/example_dags/example_bash_operator.py
[2023-09-23T08:10:19.107+0000] {processor.py:829} INFO - Processing file /home/airflow/.local/lib/python3.8/site-packages/airflow/example_dags/example_bash_operator.py for tasks to queue
[2023-09-23T08:10:19.108+0000] {logging_mixin.py:151} INFO - [2023-09-23T08:10:19.108+0000] {dagbag.py:539} INFO - Filling up the DagBag from /home/airflow/.local/lib/python3.8/site-packages/airflow/example_dags/example_bash_operator.py
[2023-09-23T08:10:19.114+0000] {processor.py:839} INFO - DAG(s) dict_keys(['example_bash_operator']) retrieved from /home/airflow/.local/lib/python3.8/site-packages/airflow/example_dags/example_bash_operator.py
[2023-09-23T08:10:19.128+0000] {logging_mixin.py:151} INFO - [2023-09-23T08:10:19.128+0000] {dag.py:2907} INFO - Sync 1 DAGs
[2023-09-23T08:10:19.138+0000] {logging_mixin.py:151} INFO - [2023-09-23T08:10:19.138+0000] {dag.py:3677} INFO - Setting next_dagrun for example_bash_operator to 2023-09-22T00:00:00+00:00, run_after=2023-09-23T00:00:00+00:00
[2023-09-23T08:10:19.145+0000] {processor.py:179} INFO - Processing /home/airflow/.local/lib/python3.8/site-packages/airflow/example_dags/example_bash_operator.py took 0.041 seconds
[2023-09-23T08:58:59.791+0000] {processor.py:157} INFO - Started process (PID=15058) to work on /home/airflow/.local/lib/python3.8/site-packages/airflow/example_dags/example_bash_operator.py
[2023-09-23T08:58:59.792+0000] {processor.py:829} INFO - Processing file /home/airflow/.local/lib/python3.8/site-packages/airflow/example_dags/example_bash_operator.py for tasks to queue
[2023-09-23T08:58:59.793+0000] {logging_mixin.py:151} INFO - [2023-09-23T08:58:59.793+0000] {dagbag.py:539} INFO - Filling up the DagBag from /home/airflow/.local/lib/python3.8/site-packages/airflow/example_dags/example_bash_operator.py
[2023-09-23T08:58:59.799+0000] {processor.py:839} INFO - DAG(s) dict_keys(['example_bash_operator']) retrieved from /home/airflow/.local/lib/python3.8/site-packages/airflow/example_dags/example_bash_operator.py
[2023-09-23T08:58:59.813+0000] {logging_mixin.py:151} INFO - [2023-09-23T08:58:59.813+0000] {dag.py:2907} INFO - Sync 1 DAGs
[2023-09-23T08:58:59.823+0000] {logging_mixin.py:151} INFO - [2023-09-23T08:58:59.823+0000] {dag.py:3677} INFO - Setting next_dagrun for example_bash_operator to 2023-09-22T00:00:00+00:00, run_after=2023-09-23T00:00:00+00:00
[2023-09-23T08:58:59.830+0000] {processor.py:179} INFO - Processing /home/airflow/.local/lib/python3.8/site-packages/airflow/example_dags/example_bash_operator.py took 0.041 seconds
[2023-09-23T10:23:07.242+0000] {processor.py:157} INFO - Started process (PID=15105) to work on /home/airflow/.local/lib/python3.8/site-packages/airflow/example_dags/example_bash_operator.py
[2023-09-23T10:23:07.243+0000] {processor.py:829} INFO - Processing file /home/airflow/.local/lib/python3.8/site-packages/airflow/example_dags/example_bash_operator.py for tasks to queue
[2023-09-23T10:23:07.244+0000] {logging_mixin.py:151} INFO - [2023-09-23T10:23:07.244+0000] {dagbag.py:539} INFO - Filling up the DagBag from /home/airflow/.local/lib/python3.8/site-packages/airflow/example_dags/example_bash_operator.py
[2023-09-23T10:23:07.249+0000] {processor.py:839} INFO - DAG(s) dict_keys(['example_bash_operator']) retrieved from /home/airflow/.local/lib/python3.8/site-packages/airflow/example_dags/example_bash_operator.py
[2023-09-23T10:23:07.263+0000] {logging_mixin.py:151} INFO - [2023-09-23T10:23:07.263+0000] {dag.py:2907} INFO - Sync 1 DAGs
[2023-09-23T10:23:07.273+0000] {logging_mixin.py:151} INFO - [2023-09-23T10:23:07.273+0000] {dag.py:3677} INFO - Setting next_dagrun for example_bash_operator to 2023-09-22T00:00:00+00:00, run_after=2023-09-23T00:00:00+00:00
[2023-09-23T10:23:07.280+0000] {processor.py:179} INFO - Processing /home/airflow/.local/lib/python3.8/site-packages/airflow/example_dags/example_bash_operator.py took 0.040 seconds
[2023-09-23T12:03:22.157+0000] {processor.py:157} INFO - Started process (PID=15152) to work on /home/airflow/.local/lib/python3.8/site-packages/airflow/example_dags/example_bash_operator.py
[2023-09-23T12:03:22.158+0000] {processor.py:829} INFO - Processing file /home/airflow/.local/lib/python3.8/site-packages/airflow/example_dags/example_bash_operator.py for tasks to queue
[2023-09-23T12:03:22.159+0000] {logging_mixin.py:151} INFO - [2023-09-23T12:03:22.159+0000] {dagbag.py:539} INFO - Filling up the DagBag from /home/airflow/.local/lib/python3.8/site-packages/airflow/example_dags/example_bash_operator.py
[2023-09-23T12:03:22.165+0000] {processor.py:839} INFO - DAG(s) dict_keys(['example_bash_operator']) retrieved from /home/airflow/.local/lib/python3.8/site-packages/airflow/example_dags/example_bash_operator.py
[2023-09-23T12:03:22.180+0000] {logging_mixin.py:151} INFO - [2023-09-23T12:03:22.179+0000] {dag.py:2907} INFO - Sync 1 DAGs
[2023-09-23T12:03:22.192+0000] {logging_mixin.py:151} INFO - [2023-09-23T12:03:22.192+0000] {dag.py:3677} INFO - Setting next_dagrun for example_bash_operator to 2023-09-22T00:00:00+00:00, run_after=2023-09-23T00:00:00+00:00
[2023-09-23T12:03:22.207+0000] {processor.py:179} INFO - Processing /home/airflow/.local/lib/python3.8/site-packages/airflow/example_dags/example_bash_operator.py took 0.052 seconds
[2023-09-23T13:45:38.579+0000] {processor.py:157} INFO - Started process (PID=15199) to work on /home/airflow/.local/lib/python3.8/site-packages/airflow/example_dags/example_bash_operator.py
[2023-09-23T13:45:38.580+0000] {processor.py:829} INFO - Processing file /home/airflow/.local/lib/python3.8/site-packages/airflow/example_dags/example_bash_operator.py for tasks to queue
[2023-09-23T13:45:38.581+0000] {logging_mixin.py:151} INFO - [2023-09-23T13:45:38.581+0000] {dagbag.py:539} INFO - Filling up the DagBag from /home/airflow/.local/lib/python3.8/site-packages/airflow/example_dags/example_bash_operator.py
[2023-09-23T13:45:38.588+0000] {processor.py:839} INFO - DAG(s) dict_keys(['example_bash_operator']) retrieved from /home/airflow/.local/lib/python3.8/site-packages/airflow/example_dags/example_bash_operator.py
[2023-09-23T13:45:38.601+0000] {logging_mixin.py:151} INFO - [2023-09-23T13:45:38.601+0000] {dag.py:2907} INFO - Sync 1 DAGs
[2023-09-23T13:45:38.613+0000] {logging_mixin.py:151} INFO - [2023-09-23T13:45:38.613+0000] {dag.py:3677} INFO - Setting next_dagrun for example_bash_operator to 2023-09-22T00:00:00+00:00, run_after=2023-09-23T00:00:00+00:00
[2023-09-23T13:45:38.626+0000] {processor.py:179} INFO - Processing /home/airflow/.local/lib/python3.8/site-packages/airflow/example_dags/example_bash_operator.py took 0.049 seconds
[2023-09-23T15:06:15.933+0000] {processor.py:157} INFO - Started process (PID=15246) to work on /home/airflow/.local/lib/python3.8/site-packages/airflow/example_dags/example_bash_operator.py
[2023-09-23T15:06:15.934+0000] {processor.py:829} INFO - Processing file /home/airflow/.local/lib/python3.8/site-packages/airflow/example_dags/example_bash_operator.py for tasks to queue
[2023-09-23T15:06:15.936+0000] {logging_mixin.py:151} INFO - [2023-09-23T15:06:15.936+0000] {dagbag.py:539} INFO - Filling up the DagBag from /home/airflow/.local/lib/python3.8/site-packages/airflow/example_dags/example_bash_operator.py
[2023-09-23T15:06:15.943+0000] {processor.py:839} INFO - DAG(s) dict_keys(['example_bash_operator']) retrieved from /home/airflow/.local/lib/python3.8/site-packages/airflow/example_dags/example_bash_operator.py
[2023-09-23T15:06:15.960+0000] {logging_mixin.py:151} INFO - [2023-09-23T15:06:15.960+0000] {dag.py:2907} INFO - Sync 1 DAGs
[2023-09-23T15:06:15.971+0000] {logging_mixin.py:151} INFO - [2023-09-23T15:06:15.971+0000] {dag.py:3677} INFO - Setting next_dagrun for example_bash_operator to 2023-09-22T00:00:00+00:00, run_after=2023-09-23T00:00:00+00:00
[2023-09-23T15:06:15.979+0000] {processor.py:179} INFO - Processing /home/airflow/.local/lib/python3.8/site-packages/airflow/example_dags/example_bash_operator.py took 0.048 seconds
[2023-09-23T16:49:15.522+0000] {processor.py:157} INFO - Started process (PID=15293) to work on /home/airflow/.local/lib/python3.8/site-packages/airflow/example_dags/example_bash_operator.py
[2023-09-23T16:49:15.523+0000] {processor.py:829} INFO - Processing file /home/airflow/.local/lib/python3.8/site-packages/airflow/example_dags/example_bash_operator.py for tasks to queue
[2023-09-23T16:49:15.525+0000] {logging_mixin.py:151} INFO - [2023-09-23T16:49:15.524+0000] {dagbag.py:539} INFO - Filling up the DagBag from /home/airflow/.local/lib/python3.8/site-packages/airflow/example_dags/example_bash_operator.py
[2023-09-23T16:49:15.531+0000] {processor.py:839} INFO - DAG(s) dict_keys(['example_bash_operator']) retrieved from /home/airflow/.local/lib/python3.8/site-packages/airflow/example_dags/example_bash_operator.py
[2023-09-23T16:49:15.548+0000] {logging_mixin.py:151} INFO - [2023-09-23T16:49:15.547+0000] {dag.py:2907} INFO - Sync 1 DAGs
[2023-09-23T16:49:15.559+0000] {logging_mixin.py:151} INFO - [2023-09-23T16:49:15.559+0000] {dag.py:3677} INFO - Setting next_dagrun for example_bash_operator to 2023-09-22T00:00:00+00:00, run_after=2023-09-23T00:00:00+00:00
[2023-09-23T16:49:15.567+0000] {processor.py:179} INFO - Processing /home/airflow/.local/lib/python3.8/site-packages/airflow/example_dags/example_bash_operator.py took 0.047 seconds
[2023-09-23T17:24:36.502+0000] {processor.py:157} INFO - Started process (PID=15340) to work on /home/airflow/.local/lib/python3.8/site-packages/airflow/example_dags/example_bash_operator.py
[2023-09-23T17:24:36.503+0000] {processor.py:829} INFO - Processing file /home/airflow/.local/lib/python3.8/site-packages/airflow/example_dags/example_bash_operator.py for tasks to queue
[2023-09-23T17:24:36.504+0000] {logging_mixin.py:151} INFO - [2023-09-23T17:24:36.504+0000] {dagbag.py:539} INFO - Filling up the DagBag from /home/airflow/.local/lib/python3.8/site-packages/airflow/example_dags/example_bash_operator.py
[2023-09-23T17:24:36.510+0000] {processor.py:839} INFO - DAG(s) dict_keys(['example_bash_operator']) retrieved from /home/airflow/.local/lib/python3.8/site-packages/airflow/example_dags/example_bash_operator.py
[2023-09-23T17:24:36.524+0000] {logging_mixin.py:151} INFO - [2023-09-23T17:24:36.524+0000] {dag.py:2907} INFO - Sync 1 DAGs
[2023-09-23T17:24:36.534+0000] {logging_mixin.py:151} INFO - [2023-09-23T17:24:36.534+0000] {dag.py:3677} INFO - Setting next_dagrun for example_bash_operator to 2023-09-22T00:00:00+00:00, run_after=2023-09-23T00:00:00+00:00
[2023-09-23T17:24:36.541+0000] {processor.py:179} INFO - Processing /home/airflow/.local/lib/python3.8/site-packages/airflow/example_dags/example_bash_operator.py took 0.040 seconds
[2023-09-23T18:13:06.155+0000] {processor.py:157} INFO - Started process (PID=15387) to work on /home/airflow/.local/lib/python3.8/site-packages/airflow/example_dags/example_bash_operator.py
[2023-09-23T18:13:06.156+0000] {processor.py:829} INFO - Processing file /home/airflow/.local/lib/python3.8/site-packages/airflow/example_dags/example_bash_operator.py for tasks to queue
[2023-09-23T18:13:06.158+0000] {logging_mixin.py:151} INFO - [2023-09-23T18:13:06.157+0000] {dagbag.py:539} INFO - Filling up the DagBag from /home/airflow/.local/lib/python3.8/site-packages/airflow/example_dags/example_bash_operator.py
[2023-09-23T18:13:06.166+0000] {processor.py:839} INFO - DAG(s) dict_keys(['example_bash_operator']) retrieved from /home/airflow/.local/lib/python3.8/site-packages/airflow/example_dags/example_bash_operator.py
[2023-09-23T18:13:06.183+0000] {logging_mixin.py:151} INFO - [2023-09-23T18:13:06.183+0000] {dag.py:2907} INFO - Sync 1 DAGs
[2023-09-23T18:13:06.196+0000] {logging_mixin.py:151} INFO - [2023-09-23T18:13:06.195+0000] {dag.py:3677} INFO - Setting next_dagrun for example_bash_operator to 2023-09-22T00:00:00+00:00, run_after=2023-09-23T00:00:00+00:00
[2023-09-23T18:13:06.204+0000] {processor.py:179} INFO - Processing /home/airflow/.local/lib/python3.8/site-packages/airflow/example_dags/example_bash_operator.py took 0.052 seconds
[2023-09-23T19:34:34.885+0000] {processor.py:157} INFO - Started process (PID=15434) to work on /home/airflow/.local/lib/python3.8/site-packages/airflow/example_dags/example_bash_operator.py
[2023-09-23T19:34:34.885+0000] {processor.py:829} INFO - Processing file /home/airflow/.local/lib/python3.8/site-packages/airflow/example_dags/example_bash_operator.py for tasks to queue
[2023-09-23T19:34:34.886+0000] {logging_mixin.py:151} INFO - [2023-09-23T19:34:34.886+0000] {dagbag.py:539} INFO - Filling up the DagBag from /home/airflow/.local/lib/python3.8/site-packages/airflow/example_dags/example_bash_operator.py
[2023-09-23T19:34:34.892+0000] {processor.py:839} INFO - DAG(s) dict_keys(['example_bash_operator']) retrieved from /home/airflow/.local/lib/python3.8/site-packages/airflow/example_dags/example_bash_operator.py
[2023-09-23T19:34:34.906+0000] {logging_mixin.py:151} INFO - [2023-09-23T19:34:34.906+0000] {dag.py:2907} INFO - Sync 1 DAGs
[2023-09-23T19:34:34.916+0000] {logging_mixin.py:151} INFO - [2023-09-23T19:34:34.916+0000] {dag.py:3677} INFO - Setting next_dagrun for example_bash_operator to 2023-09-22T00:00:00+00:00, run_after=2023-09-23T00:00:00+00:00
[2023-09-23T19:34:34.923+0000] {processor.py:179} INFO - Processing /home/airflow/.local/lib/python3.8/site-packages/airflow/example_dags/example_bash_operator.py took 0.040 seconds
[2023-09-23T21:11:26.682+0000] {processor.py:157} INFO - Started process (PID=15481) to work on /home/airflow/.local/lib/python3.8/site-packages/airflow/example_dags/example_bash_operator.py
[2023-09-23T21:11:26.683+0000] {processor.py:829} INFO - Processing file /home/airflow/.local/lib/python3.8/site-packages/airflow/example_dags/example_bash_operator.py for tasks to queue
[2023-09-23T21:11:26.684+0000] {logging_mixin.py:151} INFO - [2023-09-23T21:11:26.684+0000] {dagbag.py:539} INFO - Filling up the DagBag from /home/airflow/.local/lib/python3.8/site-packages/airflow/example_dags/example_bash_operator.py
[2023-09-23T21:11:26.691+0000] {processor.py:839} INFO - DAG(s) dict_keys(['example_bash_operator']) retrieved from /home/airflow/.local/lib/python3.8/site-packages/airflow/example_dags/example_bash_operator.py
[2023-09-23T21:11:26.707+0000] {logging_mixin.py:151} INFO - [2023-09-23T21:11:26.707+0000] {dag.py:2907} INFO - Sync 1 DAGs
[2023-09-23T21:11:26.719+0000] {logging_mixin.py:151} INFO - [2023-09-23T21:11:26.718+0000] {dag.py:3677} INFO - Setting next_dagrun for example_bash_operator to 2023-09-22T00:00:00+00:00, run_after=2023-09-23T00:00:00+00:00
[2023-09-23T21:11:26.727+0000] {processor.py:179} INFO - Processing /home/airflow/.local/lib/python3.8/site-packages/airflow/example_dags/example_bash_operator.py took 0.047 seconds
[2023-09-23T22:51:00.799+0000] {processor.py:157} INFO - Started process (PID=15528) to work on /home/airflow/.local/lib/python3.8/site-packages/airflow/example_dags/example_bash_operator.py
[2023-09-23T22:51:00.799+0000] {processor.py:829} INFO - Processing file /home/airflow/.local/lib/python3.8/site-packages/airflow/example_dags/example_bash_operator.py for tasks to queue
[2023-09-23T22:51:00.801+0000] {logging_mixin.py:151} INFO - [2023-09-23T22:51:00.800+0000] {dagbag.py:539} INFO - Filling up the DagBag from /home/airflow/.local/lib/python3.8/site-packages/airflow/example_dags/example_bash_operator.py
[2023-09-23T22:51:00.807+0000] {processor.py:839} INFO - DAG(s) dict_keys(['example_bash_operator']) retrieved from /home/airflow/.local/lib/python3.8/site-packages/airflow/example_dags/example_bash_operator.py
[2023-09-23T22:51:00.820+0000] {logging_mixin.py:151} INFO - [2023-09-23T22:51:00.820+0000] {dag.py:2907} INFO - Sync 1 DAGs
[2023-09-23T22:51:00.831+0000] {logging_mixin.py:151} INFO - [2023-09-23T22:51:00.830+0000] {dag.py:3677} INFO - Setting next_dagrun for example_bash_operator to 2023-09-22T00:00:00+00:00, run_after=2023-09-23T00:00:00+00:00
[2023-09-23T22:51:00.838+0000] {processor.py:179} INFO - Processing /home/airflow/.local/lib/python3.8/site-packages/airflow/example_dags/example_bash_operator.py took 0.041 seconds
