[2023-09-23T01:22:36.145+0000] {processor.py:157} INFO - Started process (PID=14771) to work on /home/airflow/.local/lib/python3.8/site-packages/airflow/example_dags/example_short_circuit_operator.py
[2023-09-23T01:22:36.145+0000] {processor.py:829} INFO - Processing file /home/airflow/.local/lib/python3.8/site-packages/airflow/example_dags/example_short_circuit_operator.py for tasks to queue
[2023-09-23T01:22:36.146+0000] {logging_mixin.py:151} INFO - [2023-09-23T01:22:36.146+0000] {dagbag.py:539} INFO - Filling up the DagBag from /home/airflow/.local/lib/python3.8/site-packages/airflow/example_dags/example_short_circuit_operator.py
[2023-09-23T01:22:36.151+0000] {processor.py:839} INFO - DAG(s) dict_keys(['example_short_circuit_operator']) retrieved from /home/airflow/.local/lib/python3.8/site-packages/airflow/example_dags/example_short_circuit_operator.py
[2023-09-23T01:22:36.162+0000] {logging_mixin.py:151} INFO - [2023-09-23T01:22:36.162+0000] {dag.py:2907} INFO - Sync 1 DAGs
[2023-09-23T01:22:36.172+0000] {logging_mixin.py:151} INFO - [2023-09-23T01:22:36.172+0000] {dag.py:3677} INFO - Setting next_dagrun for example_short_circuit_operator to 2023-09-22T01:22:36.171968+00:00, run_after=2023-09-23T01:22:36.171968+00:00
[2023-09-23T01:22:36.179+0000] {processor.py:179} INFO - Processing /home/airflow/.local/lib/python3.8/site-packages/airflow/example_dags/example_short_circuit_operator.py took 0.036 seconds
[2023-09-23T03:03:38.125+0000] {processor.py:157} INFO - Started process (PID=14818) to work on /home/airflow/.local/lib/python3.8/site-packages/airflow/example_dags/example_short_circuit_operator.py
[2023-09-23T03:03:38.125+0000] {processor.py:829} INFO - Processing file /home/airflow/.local/lib/python3.8/site-packages/airflow/example_dags/example_short_circuit_operator.py for tasks to queue
[2023-09-23T03:03:38.126+0000] {logging_mixin.py:151} INFO - [2023-09-23T03:03:38.126+0000] {dagbag.py:539} INFO - Filling up the DagBag from /home/airflow/.local/lib/python3.8/site-packages/airflow/example_dags/example_short_circuit_operator.py
[2023-09-23T03:03:38.131+0000] {processor.py:839} INFO - DAG(s) dict_keys(['example_short_circuit_operator']) retrieved from /home/airflow/.local/lib/python3.8/site-packages/airflow/example_dags/example_short_circuit_operator.py
[2023-09-23T03:03:38.142+0000] {logging_mixin.py:151} INFO - [2023-09-23T03:03:38.142+0000] {dag.py:2907} INFO - Sync 1 DAGs
[2023-09-23T03:03:38.152+0000] {logging_mixin.py:151} INFO - [2023-09-23T03:03:38.152+0000] {dag.py:3677} INFO - Setting next_dagrun for example_short_circuit_operator to 2023-09-22T03:03:38.152098+00:00, run_after=2023-09-23T03:03:38.152098+00:00
[2023-09-23T03:03:38.159+0000] {processor.py:179} INFO - Processing /home/airflow/.local/lib/python3.8/site-packages/airflow/example_dags/example_short_circuit_operator.py took 0.036 seconds
[2023-09-23T04:40:41.957+0000] {processor.py:157} INFO - Started process (PID=14865) to work on /home/airflow/.local/lib/python3.8/site-packages/airflow/example_dags/example_short_circuit_operator.py
[2023-09-23T04:40:41.958+0000] {processor.py:829} INFO - Processing file /home/airflow/.local/lib/python3.8/site-packages/airflow/example_dags/example_short_circuit_operator.py for tasks to queue
[2023-09-23T04:40:41.959+0000] {logging_mixin.py:151} INFO - [2023-09-23T04:40:41.959+0000] {dagbag.py:539} INFO - Filling up the DagBag from /home/airflow/.local/lib/python3.8/site-packages/airflow/example_dags/example_short_circuit_operator.py
[2023-09-23T04:40:41.963+0000] {processor.py:839} INFO - DAG(s) dict_keys(['example_short_circuit_operator']) retrieved from /home/airflow/.local/lib/python3.8/site-packages/airflow/example_dags/example_short_circuit_operator.py
[2023-09-23T04:40:41.975+0000] {logging_mixin.py:151} INFO - [2023-09-23T04:40:41.975+0000] {dag.py:2907} INFO - Sync 1 DAGs
[2023-09-23T04:40:41.985+0000] {logging_mixin.py:151} INFO - [2023-09-23T04:40:41.985+0000] {dag.py:3677} INFO - Setting next_dagrun for example_short_circuit_operator to 2023-09-22T04:40:41.985301+00:00, run_after=2023-09-23T04:40:41.985301+00:00
[2023-09-23T04:40:41.993+0000] {processor.py:179} INFO - Processing /home/airflow/.local/lib/python3.8/site-packages/airflow/example_dags/example_short_circuit_operator.py took 0.038 seconds
[2023-09-23T06:01:19.906+0000] {processor.py:157} INFO - Started process (PID=14912) to work on /home/airflow/.local/lib/python3.8/site-packages/airflow/example_dags/example_short_circuit_operator.py
[2023-09-23T06:01:19.908+0000] {processor.py:829} INFO - Processing file /home/airflow/.local/lib/python3.8/site-packages/airflow/example_dags/example_short_circuit_operator.py for tasks to queue
[2023-09-23T06:01:20.241+0000] {logging_mixin.py:151} INFO - [2023-09-23T06:01:20.241+0000] {dagbag.py:539} INFO - Filling up the DagBag from /home/airflow/.local/lib/python3.8/site-packages/airflow/example_dags/example_short_circuit_operator.py
[2023-09-23T06:01:20.253+0000] {processor.py:839} INFO - DAG(s) dict_keys(['example_short_circuit_operator']) retrieved from /home/airflow/.local/lib/python3.8/site-packages/airflow/example_dags/example_short_circuit_operator.py
[2023-09-23T06:01:20.296+0000] {logging_mixin.py:151} INFO - [2023-09-23T06:01:20.296+0000] {dag.py:2907} INFO - Sync 1 DAGs
[2023-09-23T06:01:20.314+0000] {logging_mixin.py:151} INFO - [2023-09-23T06:01:20.314+0000] {dag.py:3677} INFO - Setting next_dagrun for example_short_circuit_operator to 2023-09-22T06:01:20.314282+00:00, run_after=2023-09-23T06:01:20.314282+00:00
[2023-09-23T06:01:20.323+0000] {processor.py:179} INFO - Processing /home/airflow/.local/lib/python3.8/site-packages/airflow/example_dags/example_short_circuit_operator.py took 0.428 seconds
[2023-09-23T07:38:21.033+0000] {processor.py:157} INFO - Started process (PID=14959) to work on /home/airflow/.local/lib/python3.8/site-packages/airflow/example_dags/example_short_circuit_operator.py
[2023-09-23T07:38:21.033+0000] {processor.py:829} INFO - Processing file /home/airflow/.local/lib/python3.8/site-packages/airflow/example_dags/example_short_circuit_operator.py for tasks to queue
[2023-09-23T07:38:21.034+0000] {logging_mixin.py:151} INFO - [2023-09-23T07:38:21.034+0000] {dagbag.py:539} INFO - Filling up the DagBag from /home/airflow/.local/lib/python3.8/site-packages/airflow/example_dags/example_short_circuit_operator.py
[2023-09-23T07:38:21.039+0000] {processor.py:839} INFO - DAG(s) dict_keys(['example_short_circuit_operator']) retrieved from /home/airflow/.local/lib/python3.8/site-packages/airflow/example_dags/example_short_circuit_operator.py
[2023-09-23T07:38:21.050+0000] {logging_mixin.py:151} INFO - [2023-09-23T07:38:21.050+0000] {dag.py:2907} INFO - Sync 1 DAGs
[2023-09-23T07:38:21.060+0000] {logging_mixin.py:151} INFO - [2023-09-23T07:38:21.060+0000] {dag.py:3677} INFO - Setting next_dagrun for example_short_circuit_operator to 2023-09-22T07:38:21.060569+00:00, run_after=2023-09-23T07:38:21.060569+00:00
[2023-09-23T07:38:21.068+0000] {processor.py:179} INFO - Processing /home/airflow/.local/lib/python3.8/site-packages/airflow/example_dags/example_short_circuit_operator.py took 0.037 seconds
[2023-09-23T08:10:18.981+0000] {processor.py:157} INFO - Started process (PID=15006) to work on /home/airflow/.local/lib/python3.8/site-packages/airflow/example_dags/example_short_circuit_operator.py
[2023-09-23T08:10:18.981+0000] {processor.py:829} INFO - Processing file /home/airflow/.local/lib/python3.8/site-packages/airflow/example_dags/example_short_circuit_operator.py for tasks to queue
[2023-09-23T08:10:18.982+0000] {logging_mixin.py:151} INFO - [2023-09-23T08:10:18.982+0000] {dagbag.py:539} INFO - Filling up the DagBag from /home/airflow/.local/lib/python3.8/site-packages/airflow/example_dags/example_short_circuit_operator.py
[2023-09-23T08:10:18.987+0000] {processor.py:839} INFO - DAG(s) dict_keys(['example_short_circuit_operator']) retrieved from /home/airflow/.local/lib/python3.8/site-packages/airflow/example_dags/example_short_circuit_operator.py
[2023-09-23T08:10:18.998+0000] {logging_mixin.py:151} INFO - [2023-09-23T08:10:18.998+0000] {dag.py:2907} INFO - Sync 1 DAGs
[2023-09-23T08:10:19.008+0000] {logging_mixin.py:151} INFO - [2023-09-23T08:10:19.008+0000] {dag.py:3677} INFO - Setting next_dagrun for example_short_circuit_operator to 2023-09-22T08:10:19.008275+00:00, run_after=2023-09-23T08:10:19.008275+00:00
[2023-09-23T08:10:19.015+0000] {processor.py:179} INFO - Processing /home/airflow/.local/lib/python3.8/site-packages/airflow/example_dags/example_short_circuit_operator.py took 0.036 seconds
[2023-09-23T08:58:59.657+0000] {processor.py:157} INFO - Started process (PID=15053) to work on /home/airflow/.local/lib/python3.8/site-packages/airflow/example_dags/example_short_circuit_operator.py
[2023-09-23T08:58:59.658+0000] {processor.py:829} INFO - Processing file /home/airflow/.local/lib/python3.8/site-packages/airflow/example_dags/example_short_circuit_operator.py for tasks to queue
[2023-09-23T08:58:59.659+0000] {logging_mixin.py:151} INFO - [2023-09-23T08:58:59.659+0000] {dagbag.py:539} INFO - Filling up the DagBag from /home/airflow/.local/lib/python3.8/site-packages/airflow/example_dags/example_short_circuit_operator.py
[2023-09-23T08:58:59.663+0000] {processor.py:839} INFO - DAG(s) dict_keys(['example_short_circuit_operator']) retrieved from /home/airflow/.local/lib/python3.8/site-packages/airflow/example_dags/example_short_circuit_operator.py
[2023-09-23T08:58:59.676+0000] {logging_mixin.py:151} INFO - [2023-09-23T08:58:59.676+0000] {dag.py:2907} INFO - Sync 1 DAGs
[2023-09-23T08:58:59.685+0000] {logging_mixin.py:151} INFO - [2023-09-23T08:58:59.685+0000] {dag.py:3677} INFO - Setting next_dagrun for example_short_circuit_operator to 2023-09-22T08:58:59.685272+00:00, run_after=2023-09-23T08:58:59.685272+00:00
[2023-09-23T08:58:59.692+0000] {processor.py:179} INFO - Processing /home/airflow/.local/lib/python3.8/site-packages/airflow/example_dags/example_short_circuit_operator.py took 0.037 seconds
[2023-09-23T10:23:07.110+0000] {processor.py:157} INFO - Started process (PID=15100) to work on /home/airflow/.local/lib/python3.8/site-packages/airflow/example_dags/example_short_circuit_operator.py
[2023-09-23T10:23:07.110+0000] {processor.py:829} INFO - Processing file /home/airflow/.local/lib/python3.8/site-packages/airflow/example_dags/example_short_circuit_operator.py for tasks to queue
[2023-09-23T10:23:07.112+0000] {logging_mixin.py:151} INFO - [2023-09-23T10:23:07.111+0000] {dagbag.py:539} INFO - Filling up the DagBag from /home/airflow/.local/lib/python3.8/site-packages/airflow/example_dags/example_short_circuit_operator.py
[2023-09-23T10:23:07.116+0000] {processor.py:839} INFO - DAG(s) dict_keys(['example_short_circuit_operator']) retrieved from /home/airflow/.local/lib/python3.8/site-packages/airflow/example_dags/example_short_circuit_operator.py
[2023-09-23T10:23:07.127+0000] {logging_mixin.py:151} INFO - [2023-09-23T10:23:07.127+0000] {dag.py:2907} INFO - Sync 1 DAGs
[2023-09-23T10:23:07.135+0000] {logging_mixin.py:151} INFO - [2023-09-23T10:23:07.135+0000] {dag.py:3677} INFO - Setting next_dagrun for example_short_circuit_operator to 2023-09-22T10:23:07.135740+00:00, run_after=2023-09-23T10:23:07.135740+00:00
[2023-09-23T10:23:07.142+0000] {processor.py:179} INFO - Processing /home/airflow/.local/lib/python3.8/site-packages/airflow/example_dags/example_short_circuit_operator.py took 0.034 seconds
[2023-09-23T12:03:21.840+0000] {processor.py:157} INFO - Started process (PID=15147) to work on /home/airflow/.local/lib/python3.8/site-packages/airflow/example_dags/example_short_circuit_operator.py
[2023-09-23T12:03:21.843+0000] {processor.py:829} INFO - Processing file /home/airflow/.local/lib/python3.8/site-packages/airflow/example_dags/example_short_circuit_operator.py for tasks to queue
[2023-09-23T12:03:21.849+0000] {logging_mixin.py:151} INFO - [2023-09-23T12:03:21.848+0000] {dagbag.py:539} INFO - Filling up the DagBag from /home/airflow/.local/lib/python3.8/site-packages/airflow/example_dags/example_short_circuit_operator.py
[2023-09-23T12:03:21.855+0000] {processor.py:839} INFO - DAG(s) dict_keys(['example_short_circuit_operator']) retrieved from /home/airflow/.local/lib/python3.8/site-packages/airflow/example_dags/example_short_circuit_operator.py
[2023-09-23T12:03:21.884+0000] {logging_mixin.py:151} INFO - [2023-09-23T12:03:21.883+0000] {dag.py:2907} INFO - Sync 1 DAGs
[2023-09-23T12:03:21.904+0000] {logging_mixin.py:151} INFO - [2023-09-23T12:03:21.903+0000] {dag.py:3677} INFO - Setting next_dagrun for example_short_circuit_operator to 2023-09-22T12:03:21.903800+00:00, run_after=2023-09-23T12:03:21.903800+00:00
[2023-09-23T12:03:21.929+0000] {processor.py:179} INFO - Processing /home/airflow/.local/lib/python3.8/site-packages/airflow/example_dags/example_short_circuit_operator.py took 0.092 seconds
[2023-09-23T13:45:38.459+0000] {processor.py:157} INFO - Started process (PID=15194) to work on /home/airflow/.local/lib/python3.8/site-packages/airflow/example_dags/example_short_circuit_operator.py
[2023-09-23T13:45:38.459+0000] {processor.py:829} INFO - Processing file /home/airflow/.local/lib/python3.8/site-packages/airflow/example_dags/example_short_circuit_operator.py for tasks to queue
[2023-09-23T13:45:38.460+0000] {logging_mixin.py:151} INFO - [2023-09-23T13:45:38.460+0000] {dagbag.py:539} INFO - Filling up the DagBag from /home/airflow/.local/lib/python3.8/site-packages/airflow/example_dags/example_short_circuit_operator.py
[2023-09-23T13:45:38.464+0000] {processor.py:839} INFO - DAG(s) dict_keys(['example_short_circuit_operator']) retrieved from /home/airflow/.local/lib/python3.8/site-packages/airflow/example_dags/example_short_circuit_operator.py
[2023-09-23T13:45:38.476+0000] {logging_mixin.py:151} INFO - [2023-09-23T13:45:38.476+0000] {dag.py:2907} INFO - Sync 1 DAGs
[2023-09-23T13:45:38.486+0000] {logging_mixin.py:151} INFO - [2023-09-23T13:45:38.486+0000] {dag.py:3677} INFO - Setting next_dagrun for example_short_circuit_operator to 2023-09-22T13:45:38.486405+00:00, run_after=2023-09-23T13:45:38.486405+00:00
[2023-09-23T13:45:38.493+0000] {processor.py:179} INFO - Processing /home/airflow/.local/lib/python3.8/site-packages/airflow/example_dags/example_short_circuit_operator.py took 0.037 seconds
[2023-09-23T15:06:15.779+0000] {processor.py:157} INFO - Started process (PID=15241) to work on /home/airflow/.local/lib/python3.8/site-packages/airflow/example_dags/example_short_circuit_operator.py
[2023-09-23T15:06:15.779+0000] {processor.py:829} INFO - Processing file /home/airflow/.local/lib/python3.8/site-packages/airflow/example_dags/example_short_circuit_operator.py for tasks to queue
[2023-09-23T15:06:15.780+0000] {logging_mixin.py:151} INFO - [2023-09-23T15:06:15.780+0000] {dagbag.py:539} INFO - Filling up the DagBag from /home/airflow/.local/lib/python3.8/site-packages/airflow/example_dags/example_short_circuit_operator.py
[2023-09-23T15:06:15.784+0000] {processor.py:839} INFO - DAG(s) dict_keys(['example_short_circuit_operator']) retrieved from /home/airflow/.local/lib/python3.8/site-packages/airflow/example_dags/example_short_circuit_operator.py
[2023-09-23T15:06:15.796+0000] {logging_mixin.py:151} INFO - [2023-09-23T15:06:15.796+0000] {dag.py:2907} INFO - Sync 1 DAGs
[2023-09-23T15:06:15.806+0000] {logging_mixin.py:151} INFO - [2023-09-23T15:06:15.806+0000] {dag.py:3677} INFO - Setting next_dagrun for example_short_circuit_operator to 2023-09-22T15:06:15.805982+00:00, run_after=2023-09-23T15:06:15.805982+00:00
[2023-09-23T15:06:15.813+0000] {processor.py:179} INFO - Processing /home/airflow/.local/lib/python3.8/site-packages/airflow/example_dags/example_short_circuit_operator.py took 0.037 seconds
[2023-09-23T16:49:15.398+0000] {processor.py:157} INFO - Started process (PID=15288) to work on /home/airflow/.local/lib/python3.8/site-packages/airflow/example_dags/example_short_circuit_operator.py
[2023-09-23T16:49:15.398+0000] {processor.py:829} INFO - Processing file /home/airflow/.local/lib/python3.8/site-packages/airflow/example_dags/example_short_circuit_operator.py for tasks to queue
[2023-09-23T16:49:15.400+0000] {logging_mixin.py:151} INFO - [2023-09-23T16:49:15.399+0000] {dagbag.py:539} INFO - Filling up the DagBag from /home/airflow/.local/lib/python3.8/site-packages/airflow/example_dags/example_short_circuit_operator.py
[2023-09-23T16:49:15.405+0000] {processor.py:839} INFO - DAG(s) dict_keys(['example_short_circuit_operator']) retrieved from /home/airflow/.local/lib/python3.8/site-packages/airflow/example_dags/example_short_circuit_operator.py
[2023-09-23T16:49:15.424+0000] {logging_mixin.py:151} INFO - [2023-09-23T16:49:15.423+0000] {dag.py:2907} INFO - Sync 1 DAGs
[2023-09-23T16:49:15.436+0000] {logging_mixin.py:151} INFO - [2023-09-23T16:49:15.436+0000] {dag.py:3677} INFO - Setting next_dagrun for example_short_circuit_operator to 2023-09-22T16:49:15.436738+00:00, run_after=2023-09-23T16:49:15.436738+00:00
[2023-09-23T16:49:15.446+0000] {processor.py:179} INFO - Processing /home/airflow/.local/lib/python3.8/site-packages/airflow/example_dags/example_short_circuit_operator.py took 0.050 seconds
[2023-09-23T17:24:36.235+0000] {processor.py:157} INFO - Started process (PID=15335) to work on /home/airflow/.local/lib/python3.8/site-packages/airflow/example_dags/example_short_circuit_operator.py
[2023-09-23T17:24:36.247+0000] {processor.py:829} INFO - Processing file /home/airflow/.local/lib/python3.8/site-packages/airflow/example_dags/example_short_circuit_operator.py for tasks to queue
[2023-09-23T17:24:36.266+0000] {logging_mixin.py:151} INFO - [2023-09-23T17:24:36.265+0000] {dagbag.py:539} INFO - Filling up the DagBag from /home/airflow/.local/lib/python3.8/site-packages/airflow/example_dags/example_short_circuit_operator.py
[2023-09-23T17:24:36.270+0000] {processor.py:839} INFO - DAG(s) dict_keys(['example_short_circuit_operator']) retrieved from /home/airflow/.local/lib/python3.8/site-packages/airflow/example_dags/example_short_circuit_operator.py
[2023-09-23T17:24:36.298+0000] {logging_mixin.py:151} INFO - [2023-09-23T17:24:36.298+0000] {dag.py:2907} INFO - Sync 1 DAGs
[2023-09-23T17:24:36.322+0000] {logging_mixin.py:151} INFO - [2023-09-23T17:24:36.322+0000] {dag.py:3677} INFO - Setting next_dagrun for example_short_circuit_operator to 2023-09-22T17:24:36.322486+00:00, run_after=2023-09-23T17:24:36.322486+00:00
[2023-09-23T17:24:36.340+0000] {processor.py:179} INFO - Processing /home/airflow/.local/lib/python3.8/site-packages/airflow/example_dags/example_short_circuit_operator.py took 0.107 seconds
[2023-09-23T18:13:05.874+0000] {processor.py:157} INFO - Started process (PID=15382) to work on /home/airflow/.local/lib/python3.8/site-packages/airflow/example_dags/example_short_circuit_operator.py
[2023-09-23T18:13:05.878+0000] {processor.py:829} INFO - Processing file /home/airflow/.local/lib/python3.8/site-packages/airflow/example_dags/example_short_circuit_operator.py for tasks to queue
[2023-09-23T18:13:05.881+0000] {logging_mixin.py:151} INFO - [2023-09-23T18:13:05.881+0000] {dagbag.py:539} INFO - Filling up the DagBag from /home/airflow/.local/lib/python3.8/site-packages/airflow/example_dags/example_short_circuit_operator.py
[2023-09-23T18:13:05.896+0000] {processor.py:839} INFO - DAG(s) dict_keys(['example_short_circuit_operator']) retrieved from /home/airflow/.local/lib/python3.8/site-packages/airflow/example_dags/example_short_circuit_operator.py
[2023-09-23T18:13:05.933+0000] {logging_mixin.py:151} INFO - [2023-09-23T18:13:05.933+0000] {dag.py:2907} INFO - Sync 1 DAGs
[2023-09-23T18:13:05.952+0000] {logging_mixin.py:151} INFO - [2023-09-23T18:13:05.952+0000] {dag.py:3677} INFO - Setting next_dagrun for example_short_circuit_operator to 2023-09-22T18:13:05.952490+00:00, run_after=2023-09-23T18:13:05.952490+00:00
[2023-09-23T18:13:05.975+0000] {processor.py:179} INFO - Processing /home/airflow/.local/lib/python3.8/site-packages/airflow/example_dags/example_short_circuit_operator.py took 0.105 seconds
[2023-09-23T19:34:34.754+0000] {processor.py:157} INFO - Started process (PID=15429) to work on /home/airflow/.local/lib/python3.8/site-packages/airflow/example_dags/example_short_circuit_operator.py
[2023-09-23T19:34:34.755+0000] {processor.py:829} INFO - Processing file /home/airflow/.local/lib/python3.8/site-packages/airflow/example_dags/example_short_circuit_operator.py for tasks to queue
[2023-09-23T19:34:34.756+0000] {logging_mixin.py:151} INFO - [2023-09-23T19:34:34.756+0000] {dagbag.py:539} INFO - Filling up the DagBag from /home/airflow/.local/lib/python3.8/site-packages/airflow/example_dags/example_short_circuit_operator.py
[2023-09-23T19:34:34.760+0000] {processor.py:839} INFO - DAG(s) dict_keys(['example_short_circuit_operator']) retrieved from /home/airflow/.local/lib/python3.8/site-packages/airflow/example_dags/example_short_circuit_operator.py
[2023-09-23T19:34:34.771+0000] {logging_mixin.py:151} INFO - [2023-09-23T19:34:34.771+0000] {dag.py:2907} INFO - Sync 1 DAGs
[2023-09-23T19:34:34.780+0000] {logging_mixin.py:151} INFO - [2023-09-23T19:34:34.780+0000] {dag.py:3677} INFO - Setting next_dagrun for example_short_circuit_operator to 2023-09-22T19:34:34.780168+00:00, run_after=2023-09-23T19:34:34.780168+00:00
[2023-09-23T19:34:34.786+0000] {processor.py:179} INFO - Processing /home/airflow/.local/lib/python3.8/site-packages/airflow/example_dags/example_short_circuit_operator.py took 0.034 seconds
[2023-09-23T21:11:25.914+0000] {processor.py:157} INFO - Started process (PID=15476) to work on /home/airflow/.local/lib/python3.8/site-packages/airflow/example_dags/example_short_circuit_operator.py
[2023-09-23T21:11:25.917+0000] {processor.py:829} INFO - Processing file /home/airflow/.local/lib/python3.8/site-packages/airflow/example_dags/example_short_circuit_operator.py for tasks to queue
[2023-09-23T21:11:25.921+0000] {logging_mixin.py:151} INFO - [2023-09-23T21:11:25.921+0000] {dagbag.py:539} INFO - Filling up the DagBag from /home/airflow/.local/lib/python3.8/site-packages/airflow/example_dags/example_short_circuit_operator.py
[2023-09-23T21:11:25.927+0000] {processor.py:839} INFO - DAG(s) dict_keys(['example_short_circuit_operator']) retrieved from /home/airflow/.local/lib/python3.8/site-packages/airflow/example_dags/example_short_circuit_operator.py
[2023-09-23T21:11:25.954+0000] {logging_mixin.py:151} INFO - [2023-09-23T21:11:25.954+0000] {dag.py:2907} INFO - Sync 1 DAGs
[2023-09-23T21:11:25.976+0000] {logging_mixin.py:151} INFO - [2023-09-23T21:11:25.976+0000] {dag.py:3677} INFO - Setting next_dagrun for example_short_circuit_operator to 2023-09-22T21:11:25.976454+00:00, run_after=2023-09-23T21:11:25.976454+00:00
[2023-09-23T21:11:26.003+0000] {processor.py:179} INFO - Processing /home/airflow/.local/lib/python3.8/site-packages/airflow/example_dags/example_short_circuit_operator.py took 0.092 seconds
[2023-09-23T22:51:00.660+0000] {processor.py:157} INFO - Started process (PID=15523) to work on /home/airflow/.local/lib/python3.8/site-packages/airflow/example_dags/example_short_circuit_operator.py
[2023-09-23T22:51:00.660+0000] {processor.py:829} INFO - Processing file /home/airflow/.local/lib/python3.8/site-packages/airflow/example_dags/example_short_circuit_operator.py for tasks to queue
[2023-09-23T22:51:00.661+0000] {logging_mixin.py:151} INFO - [2023-09-23T22:51:00.661+0000] {dagbag.py:539} INFO - Filling up the DagBag from /home/airflow/.local/lib/python3.8/site-packages/airflow/example_dags/example_short_circuit_operator.py
[2023-09-23T22:51:00.665+0000] {processor.py:839} INFO - DAG(s) dict_keys(['example_short_circuit_operator']) retrieved from /home/airflow/.local/lib/python3.8/site-packages/airflow/example_dags/example_short_circuit_operator.py
[2023-09-23T22:51:00.678+0000] {logging_mixin.py:151} INFO - [2023-09-23T22:51:00.678+0000] {dag.py:2907} INFO - Sync 1 DAGs
[2023-09-23T22:51:00.688+0000] {logging_mixin.py:151} INFO - [2023-09-23T22:51:00.688+0000] {dag.py:3677} INFO - Setting next_dagrun for example_short_circuit_operator to 2023-09-22T22:51:00.688380+00:00, run_after=2023-09-23T22:51:00.688380+00:00
[2023-09-23T22:51:00.696+0000] {processor.py:179} INFO - Processing /home/airflow/.local/lib/python3.8/site-packages/airflow/example_dags/example_short_circuit_operator.py took 0.038 seconds
