[2023-09-23T01:22:36.085+0000] {processor.py:157} INFO - Started process (PID=14769) to work on /home/airflow/.local/lib/python3.8/site-packages/airflow/example_dags/example_external_task_marker_dag.py
[2023-09-23T01:22:36.086+0000] {processor.py:829} INFO - Processing file /home/airflow/.local/lib/python3.8/site-packages/airflow/example_dags/example_external_task_marker_dag.py for tasks to queue
[2023-09-23T01:22:36.087+0000] {logging_mixin.py:151} INFO - [2023-09-23T01:22:36.087+0000] {dagbag.py:539} INFO - Filling up the DagBag from /home/airflow/.local/lib/python3.8/site-packages/airflow/example_dags/example_external_task_marker_dag.py
[2023-09-23T01:22:36.091+0000] {processor.py:839} INFO - DAG(s) dict_keys(['example_external_task_marker_parent', 'example_external_task_marker_child']) retrieved from /home/airflow/.local/lib/python3.8/site-packages/airflow/example_dags/example_external_task_marker_dag.py
[2023-09-23T01:22:36.103+0000] {logging_mixin.py:151} INFO - [2023-09-23T01:22:36.103+0000] {dag.py:2907} INFO - Sync 2 DAGs
[2023-09-23T01:22:36.109+0000] {logging_mixin.py:151} INFO - [2023-09-23T01:22:36.109+0000] {dag.py:3677} INFO - Setting next_dagrun for example_external_task_marker_child to None, run_after=None
[2023-09-23T01:22:36.111+0000] {logging_mixin.py:151} INFO - [2023-09-23T01:22:36.111+0000] {dag.py:3677} INFO - Setting next_dagrun for example_external_task_marker_parent to None, run_after=None
[2023-09-23T01:22:36.132+0000] {processor.py:179} INFO - Processing /home/airflow/.local/lib/python3.8/site-packages/airflow/example_dags/example_external_task_marker_dag.py took 0.048 seconds
[2023-09-23T03:03:38.081+0000] {processor.py:157} INFO - Started process (PID=14816) to work on /home/airflow/.local/lib/python3.8/site-packages/airflow/example_dags/example_external_task_marker_dag.py
[2023-09-23T03:03:38.081+0000] {processor.py:829} INFO - Processing file /home/airflow/.local/lib/python3.8/site-packages/airflow/example_dags/example_external_task_marker_dag.py for tasks to queue
[2023-09-23T03:03:38.083+0000] {logging_mixin.py:151} INFO - [2023-09-23T03:03:38.082+0000] {dagbag.py:539} INFO - Filling up the DagBag from /home/airflow/.local/lib/python3.8/site-packages/airflow/example_dags/example_external_task_marker_dag.py
[2023-09-23T03:03:38.086+0000] {processor.py:839} INFO - DAG(s) dict_keys(['example_external_task_marker_parent', 'example_external_task_marker_child']) retrieved from /home/airflow/.local/lib/python3.8/site-packages/airflow/example_dags/example_external_task_marker_dag.py
[2023-09-23T03:03:38.098+0000] {logging_mixin.py:151} INFO - [2023-09-23T03:03:38.098+0000] {dag.py:2907} INFO - Sync 2 DAGs
[2023-09-23T03:03:38.104+0000] {logging_mixin.py:151} INFO - [2023-09-23T03:03:38.104+0000] {dag.py:3677} INFO - Setting next_dagrun for example_external_task_marker_child to None, run_after=None
[2023-09-23T03:03:38.106+0000] {logging_mixin.py:151} INFO - [2023-09-23T03:03:38.106+0000] {dag.py:3677} INFO - Setting next_dagrun for example_external_task_marker_parent to None, run_after=None
[2023-09-23T03:03:38.112+0000] {processor.py:179} INFO - Processing /home/airflow/.local/lib/python3.8/site-packages/airflow/example_dags/example_external_task_marker_dag.py took 0.033 seconds
[2023-09-23T04:40:41.902+0000] {processor.py:157} INFO - Started process (PID=14863) to work on /home/airflow/.local/lib/python3.8/site-packages/airflow/example_dags/example_external_task_marker_dag.py
[2023-09-23T04:40:41.903+0000] {processor.py:829} INFO - Processing file /home/airflow/.local/lib/python3.8/site-packages/airflow/example_dags/example_external_task_marker_dag.py for tasks to queue
[2023-09-23T04:40:41.904+0000] {logging_mixin.py:151} INFO - [2023-09-23T04:40:41.904+0000] {dagbag.py:539} INFO - Filling up the DagBag from /home/airflow/.local/lib/python3.8/site-packages/airflow/example_dags/example_external_task_marker_dag.py
[2023-09-23T04:40:41.908+0000] {processor.py:839} INFO - DAG(s) dict_keys(['example_external_task_marker_parent', 'example_external_task_marker_child']) retrieved from /home/airflow/.local/lib/python3.8/site-packages/airflow/example_dags/example_external_task_marker_dag.py
[2023-09-23T04:40:41.921+0000] {logging_mixin.py:151} INFO - [2023-09-23T04:40:41.921+0000] {dag.py:2907} INFO - Sync 2 DAGs
[2023-09-23T04:40:41.930+0000] {logging_mixin.py:151} INFO - [2023-09-23T04:40:41.929+0000] {dag.py:3677} INFO - Setting next_dagrun for example_external_task_marker_child to None, run_after=None
[2023-09-23T04:40:41.932+0000] {logging_mixin.py:151} INFO - [2023-09-23T04:40:41.932+0000] {dag.py:3677} INFO - Setting next_dagrun for example_external_task_marker_parent to None, run_after=None
[2023-09-23T04:40:41.940+0000] {processor.py:179} INFO - Processing /home/airflow/.local/lib/python3.8/site-packages/airflow/example_dags/example_external_task_marker_dag.py took 0.040 seconds
[2023-09-23T06:01:19.780+0000] {processor.py:157} INFO - Started process (PID=14910) to work on /home/airflow/.local/lib/python3.8/site-packages/airflow/example_dags/example_external_task_marker_dag.py
[2023-09-23T06:01:19.786+0000] {processor.py:829} INFO - Processing file /home/airflow/.local/lib/python3.8/site-packages/airflow/example_dags/example_external_task_marker_dag.py for tasks to queue
[2023-09-23T06:01:19.788+0000] {logging_mixin.py:151} INFO - [2023-09-23T06:01:19.787+0000] {dagbag.py:539} INFO - Filling up the DagBag from /home/airflow/.local/lib/python3.8/site-packages/airflow/example_dags/example_external_task_marker_dag.py
[2023-09-23T06:01:19.793+0000] {processor.py:839} INFO - DAG(s) dict_keys(['example_external_task_marker_child', 'example_external_task_marker_parent']) retrieved from /home/airflow/.local/lib/python3.8/site-packages/airflow/example_dags/example_external_task_marker_dag.py
[2023-09-23T06:01:19.825+0000] {logging_mixin.py:151} INFO - [2023-09-23T06:01:19.825+0000] {dag.py:2907} INFO - Sync 2 DAGs
[2023-09-23T06:01:19.838+0000] {logging_mixin.py:151} INFO - [2023-09-23T06:01:19.838+0000] {dag.py:3677} INFO - Setting next_dagrun for example_external_task_marker_child to None, run_after=None
[2023-09-23T06:01:19.843+0000] {logging_mixin.py:151} INFO - [2023-09-23T06:01:19.843+0000] {dag.py:3677} INFO - Setting next_dagrun for example_external_task_marker_parent to None, run_after=None
[2023-09-23T06:01:19.868+0000] {processor.py:179} INFO - Processing /home/airflow/.local/lib/python3.8/site-packages/airflow/example_dags/example_external_task_marker_dag.py took 0.091 seconds
[2023-09-23T07:38:20.985+0000] {processor.py:157} INFO - Started process (PID=14957) to work on /home/airflow/.local/lib/python3.8/site-packages/airflow/example_dags/example_external_task_marker_dag.py
[2023-09-23T07:38:20.986+0000] {processor.py:829} INFO - Processing file /home/airflow/.local/lib/python3.8/site-packages/airflow/example_dags/example_external_task_marker_dag.py for tasks to queue
[2023-09-23T07:38:20.987+0000] {logging_mixin.py:151} INFO - [2023-09-23T07:38:20.987+0000] {dagbag.py:539} INFO - Filling up the DagBag from /home/airflow/.local/lib/python3.8/site-packages/airflow/example_dags/example_external_task_marker_dag.py
[2023-09-23T07:38:20.991+0000] {processor.py:839} INFO - DAG(s) dict_keys(['example_external_task_marker_parent', 'example_external_task_marker_child']) retrieved from /home/airflow/.local/lib/python3.8/site-packages/airflow/example_dags/example_external_task_marker_dag.py
[2023-09-23T07:38:21.005+0000] {logging_mixin.py:151} INFO - [2023-09-23T07:38:21.005+0000] {dag.py:2907} INFO - Sync 2 DAGs
[2023-09-23T07:38:21.011+0000] {logging_mixin.py:151} INFO - [2023-09-23T07:38:21.011+0000] {dag.py:3677} INFO - Setting next_dagrun for example_external_task_marker_child to None, run_after=None
[2023-09-23T07:38:21.013+0000] {logging_mixin.py:151} INFO - [2023-09-23T07:38:21.013+0000] {dag.py:3677} INFO - Setting next_dagrun for example_external_task_marker_parent to None, run_after=None
[2023-09-23T07:38:21.019+0000] {processor.py:179} INFO - Processing /home/airflow/.local/lib/python3.8/site-packages/airflow/example_dags/example_external_task_marker_dag.py took 0.036 seconds
[2023-09-23T08:10:18.937+0000] {processor.py:157} INFO - Started process (PID=15004) to work on /home/airflow/.local/lib/python3.8/site-packages/airflow/example_dags/example_external_task_marker_dag.py
[2023-09-23T08:10:18.938+0000] {processor.py:829} INFO - Processing file /home/airflow/.local/lib/python3.8/site-packages/airflow/example_dags/example_external_task_marker_dag.py for tasks to queue
[2023-09-23T08:10:18.939+0000] {logging_mixin.py:151} INFO - [2023-09-23T08:10:18.939+0000] {dagbag.py:539} INFO - Filling up the DagBag from /home/airflow/.local/lib/python3.8/site-packages/airflow/example_dags/example_external_task_marker_dag.py
[2023-09-23T08:10:18.942+0000] {processor.py:839} INFO - DAG(s) dict_keys(['example_external_task_marker_parent', 'example_external_task_marker_child']) retrieved from /home/airflow/.local/lib/python3.8/site-packages/airflow/example_dags/example_external_task_marker_dag.py
[2023-09-23T08:10:18.954+0000] {logging_mixin.py:151} INFO - [2023-09-23T08:10:18.954+0000] {dag.py:2907} INFO - Sync 2 DAGs
[2023-09-23T08:10:18.960+0000] {logging_mixin.py:151} INFO - [2023-09-23T08:10:18.960+0000] {dag.py:3677} INFO - Setting next_dagrun for example_external_task_marker_child to None, run_after=None
[2023-09-23T08:10:18.961+0000] {logging_mixin.py:151} INFO - [2023-09-23T08:10:18.961+0000] {dag.py:3677} INFO - Setting next_dagrun for example_external_task_marker_parent to None, run_after=None
[2023-09-23T08:10:18.967+0000] {processor.py:179} INFO - Processing /home/airflow/.local/lib/python3.8/site-packages/airflow/example_dags/example_external_task_marker_dag.py took 0.032 seconds
[2023-09-23T08:58:59.611+0000] {processor.py:157} INFO - Started process (PID=15051) to work on /home/airflow/.local/lib/python3.8/site-packages/airflow/example_dags/example_external_task_marker_dag.py
[2023-09-23T08:58:59.611+0000] {processor.py:829} INFO - Processing file /home/airflow/.local/lib/python3.8/site-packages/airflow/example_dags/example_external_task_marker_dag.py for tasks to queue
[2023-09-23T08:58:59.612+0000] {logging_mixin.py:151} INFO - [2023-09-23T08:58:59.612+0000] {dagbag.py:539} INFO - Filling up the DagBag from /home/airflow/.local/lib/python3.8/site-packages/airflow/example_dags/example_external_task_marker_dag.py
[2023-09-23T08:58:59.616+0000] {processor.py:839} INFO - DAG(s) dict_keys(['example_external_task_marker_child', 'example_external_task_marker_parent']) retrieved from /home/airflow/.local/lib/python3.8/site-packages/airflow/example_dags/example_external_task_marker_dag.py
[2023-09-23T08:58:59.632+0000] {logging_mixin.py:151} INFO - [2023-09-23T08:58:59.632+0000] {dag.py:2907} INFO - Sync 2 DAGs
[2023-09-23T08:58:59.637+0000] {logging_mixin.py:151} INFO - [2023-09-23T08:58:59.637+0000] {dag.py:3677} INFO - Setting next_dagrun for example_external_task_marker_child to None, run_after=None
[2023-09-23T08:58:59.639+0000] {logging_mixin.py:151} INFO - [2023-09-23T08:58:59.639+0000] {dag.py:3677} INFO - Setting next_dagrun for example_external_task_marker_parent to None, run_after=None
[2023-09-23T08:58:59.646+0000] {processor.py:179} INFO - Processing /home/airflow/.local/lib/python3.8/site-packages/airflow/example_dags/example_external_task_marker_dag.py took 0.037 seconds
[2023-09-23T10:23:07.066+0000] {processor.py:157} INFO - Started process (PID=15098) to work on /home/airflow/.local/lib/python3.8/site-packages/airflow/example_dags/example_external_task_marker_dag.py
[2023-09-23T10:23:07.067+0000] {processor.py:829} INFO - Processing file /home/airflow/.local/lib/python3.8/site-packages/airflow/example_dags/example_external_task_marker_dag.py for tasks to queue
[2023-09-23T10:23:07.068+0000] {logging_mixin.py:151} INFO - [2023-09-23T10:23:07.068+0000] {dagbag.py:539} INFO - Filling up the DagBag from /home/airflow/.local/lib/python3.8/site-packages/airflow/example_dags/example_external_task_marker_dag.py
[2023-09-23T10:23:07.071+0000] {processor.py:839} INFO - DAG(s) dict_keys(['example_external_task_marker_child', 'example_external_task_marker_parent']) retrieved from /home/airflow/.local/lib/python3.8/site-packages/airflow/example_dags/example_external_task_marker_dag.py
[2023-09-23T10:23:07.083+0000] {logging_mixin.py:151} INFO - [2023-09-23T10:23:07.083+0000] {dag.py:2907} INFO - Sync 2 DAGs
[2023-09-23T10:23:07.089+0000] {logging_mixin.py:151} INFO - [2023-09-23T10:23:07.088+0000] {dag.py:3677} INFO - Setting next_dagrun for example_external_task_marker_child to None, run_after=None
[2023-09-23T10:23:07.090+0000] {logging_mixin.py:151} INFO - [2023-09-23T10:23:07.090+0000] {dag.py:3677} INFO - Setting next_dagrun for example_external_task_marker_parent to None, run_after=None
[2023-09-23T10:23:07.096+0000] {processor.py:179} INFO - Processing /home/airflow/.local/lib/python3.8/site-packages/airflow/example_dags/example_external_task_marker_dag.py took 0.032 seconds
[2023-09-23T12:03:21.697+0000] {processor.py:157} INFO - Started process (PID=15145) to work on /home/airflow/.local/lib/python3.8/site-packages/airflow/example_dags/example_external_task_marker_dag.py
[2023-09-23T12:03:21.700+0000] {processor.py:829} INFO - Processing file /home/airflow/.local/lib/python3.8/site-packages/airflow/example_dags/example_external_task_marker_dag.py for tasks to queue
[2023-09-23T12:03:21.706+0000] {logging_mixin.py:151} INFO - [2023-09-23T12:03:21.705+0000] {dagbag.py:539} INFO - Filling up the DagBag from /home/airflow/.local/lib/python3.8/site-packages/airflow/example_dags/example_external_task_marker_dag.py
[2023-09-23T12:03:21.717+0000] {processor.py:839} INFO - DAG(s) dict_keys(['example_external_task_marker_child', 'example_external_task_marker_parent']) retrieved from /home/airflow/.local/lib/python3.8/site-packages/airflow/example_dags/example_external_task_marker_dag.py
[2023-09-23T12:03:21.752+0000] {logging_mixin.py:151} INFO - [2023-09-23T12:03:21.752+0000] {dag.py:2907} INFO - Sync 2 DAGs
[2023-09-23T12:03:21.764+0000] {logging_mixin.py:151} INFO - [2023-09-23T12:03:21.764+0000] {dag.py:3677} INFO - Setting next_dagrun for example_external_task_marker_child to None, run_after=None
[2023-09-23T12:03:21.771+0000] {logging_mixin.py:151} INFO - [2023-09-23T12:03:21.771+0000] {dag.py:3677} INFO - Setting next_dagrun for example_external_task_marker_parent to None, run_after=None
[2023-09-23T12:03:21.810+0000] {processor.py:179} INFO - Processing /home/airflow/.local/lib/python3.8/site-packages/airflow/example_dags/example_external_task_marker_dag.py took 0.116 seconds
[2023-09-23T13:45:38.401+0000] {processor.py:157} INFO - Started process (PID=15192) to work on /home/airflow/.local/lib/python3.8/site-packages/airflow/example_dags/example_external_task_marker_dag.py
[2023-09-23T13:45:38.402+0000] {processor.py:829} INFO - Processing file /home/airflow/.local/lib/python3.8/site-packages/airflow/example_dags/example_external_task_marker_dag.py for tasks to queue
[2023-09-23T13:45:38.403+0000] {logging_mixin.py:151} INFO - [2023-09-23T13:45:38.403+0000] {dagbag.py:539} INFO - Filling up the DagBag from /home/airflow/.local/lib/python3.8/site-packages/airflow/example_dags/example_external_task_marker_dag.py
[2023-09-23T13:45:38.407+0000] {processor.py:839} INFO - DAG(s) dict_keys(['example_external_task_marker_child', 'example_external_task_marker_parent']) retrieved from /home/airflow/.local/lib/python3.8/site-packages/airflow/example_dags/example_external_task_marker_dag.py
[2023-09-23T13:45:38.426+0000] {logging_mixin.py:151} INFO - [2023-09-23T13:45:38.426+0000] {dag.py:2907} INFO - Sync 2 DAGs
[2023-09-23T13:45:38.434+0000] {logging_mixin.py:151} INFO - [2023-09-23T13:45:38.434+0000] {dag.py:3677} INFO - Setting next_dagrun for example_external_task_marker_child to None, run_after=None
[2023-09-23T13:45:38.436+0000] {logging_mixin.py:151} INFO - [2023-09-23T13:45:38.436+0000] {dag.py:3677} INFO - Setting next_dagrun for example_external_task_marker_parent to None, run_after=None
[2023-09-23T13:45:38.446+0000] {processor.py:179} INFO - Processing /home/airflow/.local/lib/python3.8/site-packages/airflow/example_dags/example_external_task_marker_dag.py took 0.047 seconds
[2023-09-23T15:06:15.735+0000] {processor.py:157} INFO - Started process (PID=15239) to work on /home/airflow/.local/lib/python3.8/site-packages/airflow/example_dags/example_external_task_marker_dag.py
[2023-09-23T15:06:15.736+0000] {processor.py:829} INFO - Processing file /home/airflow/.local/lib/python3.8/site-packages/airflow/example_dags/example_external_task_marker_dag.py for tasks to queue
[2023-09-23T15:06:15.737+0000] {logging_mixin.py:151} INFO - [2023-09-23T15:06:15.737+0000] {dagbag.py:539} INFO - Filling up the DagBag from /home/airflow/.local/lib/python3.8/site-packages/airflow/example_dags/example_external_task_marker_dag.py
[2023-09-23T15:06:15.740+0000] {processor.py:839} INFO - DAG(s) dict_keys(['example_external_task_marker_child', 'example_external_task_marker_parent']) retrieved from /home/airflow/.local/lib/python3.8/site-packages/airflow/example_dags/example_external_task_marker_dag.py
[2023-09-23T15:06:15.752+0000] {logging_mixin.py:151} INFO - [2023-09-23T15:06:15.752+0000] {dag.py:2907} INFO - Sync 2 DAGs
[2023-09-23T15:06:15.758+0000] {logging_mixin.py:151} INFO - [2023-09-23T15:06:15.758+0000] {dag.py:3677} INFO - Setting next_dagrun for example_external_task_marker_child to None, run_after=None
[2023-09-23T15:06:15.760+0000] {logging_mixin.py:151} INFO - [2023-09-23T15:06:15.760+0000] {dag.py:3677} INFO - Setting next_dagrun for example_external_task_marker_parent to None, run_after=None
[2023-09-23T15:06:15.766+0000] {processor.py:179} INFO - Processing /home/airflow/.local/lib/python3.8/site-packages/airflow/example_dags/example_external_task_marker_dag.py took 0.032 seconds
[2023-09-23T16:49:15.272+0000] {processor.py:157} INFO - Started process (PID=15286) to work on /home/airflow/.local/lib/python3.8/site-packages/airflow/example_dags/example_external_task_marker_dag.py
[2023-09-23T16:49:15.273+0000] {processor.py:829} INFO - Processing file /home/airflow/.local/lib/python3.8/site-packages/airflow/example_dags/example_external_task_marker_dag.py for tasks to queue
[2023-09-23T16:49:15.275+0000] {logging_mixin.py:151} INFO - [2023-09-23T16:49:15.275+0000] {dagbag.py:539} INFO - Filling up the DagBag from /home/airflow/.local/lib/python3.8/site-packages/airflow/example_dags/example_external_task_marker_dag.py
[2023-09-23T16:49:15.281+0000] {processor.py:839} INFO - DAG(s) dict_keys(['example_external_task_marker_parent', 'example_external_task_marker_child']) retrieved from /home/airflow/.local/lib/python3.8/site-packages/airflow/example_dags/example_external_task_marker_dag.py
[2023-09-23T16:49:15.310+0000] {logging_mixin.py:151} INFO - [2023-09-23T16:49:15.310+0000] {dag.py:2907} INFO - Sync 2 DAGs
[2023-09-23T16:49:15.326+0000] {logging_mixin.py:151} INFO - [2023-09-23T16:49:15.326+0000] {dag.py:3677} INFO - Setting next_dagrun for example_external_task_marker_child to None, run_after=None
[2023-09-23T16:49:15.328+0000] {logging_mixin.py:151} INFO - [2023-09-23T16:49:15.328+0000] {dag.py:3677} INFO - Setting next_dagrun for example_external_task_marker_parent to None, run_after=None
[2023-09-23T16:49:15.335+0000] {processor.py:179} INFO - Processing /home/airflow/.local/lib/python3.8/site-packages/airflow/example_dags/example_external_task_marker_dag.py took 0.068 seconds
[2023-09-23T17:24:36.105+0000] {processor.py:157} INFO - Started process (PID=15333) to work on /home/airflow/.local/lib/python3.8/site-packages/airflow/example_dags/example_external_task_marker_dag.py
[2023-09-23T17:24:36.105+0000] {processor.py:829} INFO - Processing file /home/airflow/.local/lib/python3.8/site-packages/airflow/example_dags/example_external_task_marker_dag.py for tasks to queue
[2023-09-23T17:24:36.107+0000] {logging_mixin.py:151} INFO - [2023-09-23T17:24:36.107+0000] {dagbag.py:539} INFO - Filling up the DagBag from /home/airflow/.local/lib/python3.8/site-packages/airflow/example_dags/example_external_task_marker_dag.py
[2023-09-23T17:24:36.111+0000] {processor.py:839} INFO - DAG(s) dict_keys(['example_external_task_marker_parent', 'example_external_task_marker_child']) retrieved from /home/airflow/.local/lib/python3.8/site-packages/airflow/example_dags/example_external_task_marker_dag.py
[2023-09-23T17:24:36.126+0000] {logging_mixin.py:151} INFO - [2023-09-23T17:24:36.126+0000] {dag.py:2907} INFO - Sync 2 DAGs
[2023-09-23T17:24:36.144+0000] {logging_mixin.py:151} INFO - [2023-09-23T17:24:36.144+0000] {dag.py:3677} INFO - Setting next_dagrun for example_external_task_marker_child to None, run_after=None
[2023-09-23T17:24:36.158+0000] {logging_mixin.py:151} INFO - [2023-09-23T17:24:36.158+0000] {dag.py:3677} INFO - Setting next_dagrun for example_external_task_marker_parent to None, run_after=None
[2023-09-23T17:24:36.196+0000] {processor.py:179} INFO - Processing /home/airflow/.local/lib/python3.8/site-packages/airflow/example_dags/example_external_task_marker_dag.py took 0.093 seconds
[2023-09-23T18:13:05.744+0000] {processor.py:157} INFO - Started process (PID=15380) to work on /home/airflow/.local/lib/python3.8/site-packages/airflow/example_dags/example_external_task_marker_dag.py
[2023-09-23T18:13:05.749+0000] {processor.py:829} INFO - Processing file /home/airflow/.local/lib/python3.8/site-packages/airflow/example_dags/example_external_task_marker_dag.py for tasks to queue
[2023-09-23T18:13:05.754+0000] {logging_mixin.py:151} INFO - [2023-09-23T18:13:05.754+0000] {dagbag.py:539} INFO - Filling up the DagBag from /home/airflow/.local/lib/python3.8/site-packages/airflow/example_dags/example_external_task_marker_dag.py
[2023-09-23T18:13:05.761+0000] {processor.py:839} INFO - DAG(s) dict_keys(['example_external_task_marker_child', 'example_external_task_marker_parent']) retrieved from /home/airflow/.local/lib/python3.8/site-packages/airflow/example_dags/example_external_task_marker_dag.py
[2023-09-23T18:13:05.805+0000] {logging_mixin.py:151} INFO - [2023-09-23T18:13:05.805+0000] {dag.py:2907} INFO - Sync 2 DAGs
[2023-09-23T18:13:05.815+0000] {logging_mixin.py:151} INFO - [2023-09-23T18:13:05.815+0000] {dag.py:3677} INFO - Setting next_dagrun for example_external_task_marker_child to None, run_after=None
[2023-09-23T18:13:05.822+0000] {logging_mixin.py:151} INFO - [2023-09-23T18:13:05.822+0000] {dag.py:3677} INFO - Setting next_dagrun for example_external_task_marker_parent to None, run_after=None
[2023-09-23T18:13:05.838+0000] {processor.py:179} INFO - Processing /home/airflow/.local/lib/python3.8/site-packages/airflow/example_dags/example_external_task_marker_dag.py took 0.100 seconds
[2023-09-23T19:34:34.711+0000] {processor.py:157} INFO - Started process (PID=15427) to work on /home/airflow/.local/lib/python3.8/site-packages/airflow/example_dags/example_external_task_marker_dag.py
[2023-09-23T19:34:34.711+0000] {processor.py:829} INFO - Processing file /home/airflow/.local/lib/python3.8/site-packages/airflow/example_dags/example_external_task_marker_dag.py for tasks to queue
[2023-09-23T19:34:34.712+0000] {logging_mixin.py:151} INFO - [2023-09-23T19:34:34.712+0000] {dagbag.py:539} INFO - Filling up the DagBag from /home/airflow/.local/lib/python3.8/site-packages/airflow/example_dags/example_external_task_marker_dag.py
[2023-09-23T19:34:34.716+0000] {processor.py:839} INFO - DAG(s) dict_keys(['example_external_task_marker_child', 'example_external_task_marker_parent']) retrieved from /home/airflow/.local/lib/python3.8/site-packages/airflow/example_dags/example_external_task_marker_dag.py
[2023-09-23T19:34:34.729+0000] {logging_mixin.py:151} INFO - [2023-09-23T19:34:34.729+0000] {dag.py:2907} INFO - Sync 2 DAGs
[2023-09-23T19:34:34.735+0000] {logging_mixin.py:151} INFO - [2023-09-23T19:34:34.735+0000] {dag.py:3677} INFO - Setting next_dagrun for example_external_task_marker_child to None, run_after=None
[2023-09-23T19:34:34.736+0000] {logging_mixin.py:151} INFO - [2023-09-23T19:34:34.736+0000] {dag.py:3677} INFO - Setting next_dagrun for example_external_task_marker_parent to None, run_after=None
[2023-09-23T19:34:34.743+0000] {processor.py:179} INFO - Processing /home/airflow/.local/lib/python3.8/site-packages/airflow/example_dags/example_external_task_marker_dag.py took 0.034 seconds
[2023-09-23T21:11:25.835+0000] {processor.py:157} INFO - Started process (PID=15474) to work on /home/airflow/.local/lib/python3.8/site-packages/airflow/example_dags/example_external_task_marker_dag.py
[2023-09-23T21:11:25.838+0000] {processor.py:829} INFO - Processing file /home/airflow/.local/lib/python3.8/site-packages/airflow/example_dags/example_external_task_marker_dag.py for tasks to queue
[2023-09-23T21:11:25.842+0000] {logging_mixin.py:151} INFO - [2023-09-23T21:11:25.842+0000] {dagbag.py:539} INFO - Filling up the DagBag from /home/airflow/.local/lib/python3.8/site-packages/airflow/example_dags/example_external_task_marker_dag.py
[2023-09-23T21:11:25.847+0000] {processor.py:839} INFO - DAG(s) dict_keys(['example_external_task_marker_parent', 'example_external_task_marker_child']) retrieved from /home/airflow/.local/lib/python3.8/site-packages/airflow/example_dags/example_external_task_marker_dag.py
[2023-09-23T21:11:25.862+0000] {logging_mixin.py:151} INFO - [2023-09-23T21:11:25.862+0000] {dag.py:2907} INFO - Sync 2 DAGs
[2023-09-23T21:11:25.871+0000] {logging_mixin.py:151} INFO - [2023-09-23T21:11:25.871+0000] {dag.py:3677} INFO - Setting next_dagrun for example_external_task_marker_child to None, run_after=None
[2023-09-23T21:11:25.873+0000] {logging_mixin.py:151} INFO - [2023-09-23T21:11:25.873+0000] {dag.py:3677} INFO - Setting next_dagrun for example_external_task_marker_parent to None, run_after=None
[2023-09-23T21:11:25.880+0000] {processor.py:179} INFO - Processing /home/airflow/.local/lib/python3.8/site-packages/airflow/example_dags/example_external_task_marker_dag.py took 0.048 seconds
[2023-09-23T22:51:00.579+0000] {processor.py:157} INFO - Started process (PID=15521) to work on /home/airflow/.local/lib/python3.8/site-packages/airflow/example_dags/example_external_task_marker_dag.py
[2023-09-23T22:51:00.579+0000] {processor.py:829} INFO - Processing file /home/airflow/.local/lib/python3.8/site-packages/airflow/example_dags/example_external_task_marker_dag.py for tasks to queue
[2023-09-23T22:51:00.580+0000] {logging_mixin.py:151} INFO - [2023-09-23T22:51:00.580+0000] {dagbag.py:539} INFO - Filling up the DagBag from /home/airflow/.local/lib/python3.8/site-packages/airflow/example_dags/example_external_task_marker_dag.py
[2023-09-23T22:51:00.584+0000] {processor.py:839} INFO - DAG(s) dict_keys(['example_external_task_marker_parent', 'example_external_task_marker_child']) retrieved from /home/airflow/.local/lib/python3.8/site-packages/airflow/example_dags/example_external_task_marker_dag.py
[2023-09-23T22:51:00.596+0000] {logging_mixin.py:151} INFO - [2023-09-23T22:51:00.596+0000] {dag.py:2907} INFO - Sync 2 DAGs
[2023-09-23T22:51:00.602+0000] {logging_mixin.py:151} INFO - [2023-09-23T22:51:00.602+0000] {dag.py:3677} INFO - Setting next_dagrun for example_external_task_marker_child to None, run_after=None
[2023-09-23T22:51:00.603+0000] {logging_mixin.py:151} INFO - [2023-09-23T22:51:00.603+0000] {dag.py:3677} INFO - Setting next_dagrun for example_external_task_marker_parent to None, run_after=None
[2023-09-23T22:51:00.609+0000] {processor.py:179} INFO - Processing /home/airflow/.local/lib/python3.8/site-packages/airflow/example_dags/example_external_task_marker_dag.py took 0.033 seconds
