[2023-09-23T01:22:35.844+0000] {processor.py:157} INFO - Started process (PID=14762) to work on /home/airflow/.local/lib/python3.8/site-packages/airflow/example_dags/example_xcomargs.py
[2023-09-23T01:22:35.844+0000] {processor.py:829} INFO - Processing file /home/airflow/.local/lib/python3.8/site-packages/airflow/example_dags/example_xcomargs.py for tasks to queue
[2023-09-23T01:22:35.846+0000] {logging_mixin.py:151} INFO - [2023-09-23T01:22:35.845+0000] {dagbag.py:539} INFO - Filling up the DagBag from /home/airflow/.local/lib/python3.8/site-packages/airflow/example_dags/example_xcomargs.py
[2023-09-23T01:22:35.850+0000] {processor.py:839} INFO - DAG(s) dict_keys(['example_xcom_args', 'example_xcom_args_with_operators']) retrieved from /home/airflow/.local/lib/python3.8/site-packages/airflow/example_dags/example_xcomargs.py
[2023-09-23T01:22:35.861+0000] {logging_mixin.py:151} INFO - [2023-09-23T01:22:35.861+0000] {dag.py:2907} INFO - Sync 2 DAGs
[2023-09-23T01:22:35.867+0000] {logging_mixin.py:151} INFO - [2023-09-23T01:22:35.867+0000] {dag.py:3677} INFO - Setting next_dagrun for example_xcom_args to None, run_after=None
[2023-09-23T01:22:35.880+0000] {logging_mixin.py:151} INFO - [2023-09-23T01:22:35.880+0000] {dag.py:3677} INFO - Setting next_dagrun for example_xcom_args_with_operators to None, run_after=None
[2023-09-23T01:22:35.886+0000] {processor.py:179} INFO - Processing /home/airflow/.local/lib/python3.8/site-packages/airflow/example_dags/example_xcomargs.py took 0.045 seconds
[2023-09-23T03:03:37.882+0000] {processor.py:157} INFO - Started process (PID=14809) to work on /home/airflow/.local/lib/python3.8/site-packages/airflow/example_dags/example_xcomargs.py
[2023-09-23T03:03:37.883+0000] {processor.py:829} INFO - Processing file /home/airflow/.local/lib/python3.8/site-packages/airflow/example_dags/example_xcomargs.py for tasks to queue
[2023-09-23T03:03:37.884+0000] {logging_mixin.py:151} INFO - [2023-09-23T03:03:37.884+0000] {dagbag.py:539} INFO - Filling up the DagBag from /home/airflow/.local/lib/python3.8/site-packages/airflow/example_dags/example_xcomargs.py
[2023-09-23T03:03:37.888+0000] {processor.py:839} INFO - DAG(s) dict_keys(['example_xcom_args', 'example_xcom_args_with_operators']) retrieved from /home/airflow/.local/lib/python3.8/site-packages/airflow/example_dags/example_xcomargs.py
[2023-09-23T03:03:37.900+0000] {logging_mixin.py:151} INFO - [2023-09-23T03:03:37.899+0000] {dag.py:2907} INFO - Sync 2 DAGs
[2023-09-23T03:03:37.905+0000] {logging_mixin.py:151} INFO - [2023-09-23T03:03:37.905+0000] {dag.py:3677} INFO - Setting next_dagrun for example_xcom_args to None, run_after=None
[2023-09-23T03:03:37.906+0000] {logging_mixin.py:151} INFO - [2023-09-23T03:03:37.906+0000] {dag.py:3677} INFO - Setting next_dagrun for example_xcom_args_with_operators to None, run_after=None
[2023-09-23T03:03:37.913+0000] {processor.py:179} INFO - Processing /home/airflow/.local/lib/python3.8/site-packages/airflow/example_dags/example_xcomargs.py took 0.033 seconds
[2023-09-23T04:40:41.701+0000] {processor.py:157} INFO - Started process (PID=14856) to work on /home/airflow/.local/lib/python3.8/site-packages/airflow/example_dags/example_xcomargs.py
[2023-09-23T04:40:41.702+0000] {processor.py:829} INFO - Processing file /home/airflow/.local/lib/python3.8/site-packages/airflow/example_dags/example_xcomargs.py for tasks to queue
[2023-09-23T04:40:41.703+0000] {logging_mixin.py:151} INFO - [2023-09-23T04:40:41.703+0000] {dagbag.py:539} INFO - Filling up the DagBag from /home/airflow/.local/lib/python3.8/site-packages/airflow/example_dags/example_xcomargs.py
[2023-09-23T04:40:41.708+0000] {processor.py:839} INFO - DAG(s) dict_keys(['example_xcom_args', 'example_xcom_args_with_operators']) retrieved from /home/airflow/.local/lib/python3.8/site-packages/airflow/example_dags/example_xcomargs.py
[2023-09-23T04:40:41.722+0000] {logging_mixin.py:151} INFO - [2023-09-23T04:40:41.722+0000] {dag.py:2907} INFO - Sync 2 DAGs
[2023-09-23T04:40:41.728+0000] {logging_mixin.py:151} INFO - [2023-09-23T04:40:41.728+0000] {dag.py:3677} INFO - Setting next_dagrun for example_xcom_args to None, run_after=None
[2023-09-23T04:40:41.730+0000] {logging_mixin.py:151} INFO - [2023-09-23T04:40:41.730+0000] {dag.py:3677} INFO - Setting next_dagrun for example_xcom_args_with_operators to None, run_after=None
[2023-09-23T04:40:41.737+0000] {processor.py:179} INFO - Processing /home/airflow/.local/lib/python3.8/site-packages/airflow/example_dags/example_xcomargs.py took 0.039 seconds
[2023-09-23T06:01:19.266+0000] {processor.py:157} INFO - Started process (PID=14903) to work on /home/airflow/.local/lib/python3.8/site-packages/airflow/example_dags/example_xcomargs.py
[2023-09-23T06:01:19.269+0000] {processor.py:829} INFO - Processing file /home/airflow/.local/lib/python3.8/site-packages/airflow/example_dags/example_xcomargs.py for tasks to queue
[2023-09-23T06:01:19.272+0000] {logging_mixin.py:151} INFO - [2023-09-23T06:01:19.272+0000] {dagbag.py:539} INFO - Filling up the DagBag from /home/airflow/.local/lib/python3.8/site-packages/airflow/example_dags/example_xcomargs.py
[2023-09-23T06:01:19.282+0000] {processor.py:839} INFO - DAG(s) dict_keys(['example_xcom_args', 'example_xcom_args_with_operators']) retrieved from /home/airflow/.local/lib/python3.8/site-packages/airflow/example_dags/example_xcomargs.py
[2023-09-23T06:01:19.344+0000] {logging_mixin.py:151} INFO - [2023-09-23T06:01:19.344+0000] {dag.py:2907} INFO - Sync 2 DAGs
[2023-09-23T06:01:19.356+0000] {logging_mixin.py:151} INFO - [2023-09-23T06:01:19.356+0000] {dag.py:3677} INFO - Setting next_dagrun for example_xcom_args to None, run_after=None
[2023-09-23T06:01:19.361+0000] {logging_mixin.py:151} INFO - [2023-09-23T06:01:19.361+0000] {dag.py:3677} INFO - Setting next_dagrun for example_xcom_args_with_operators to None, run_after=None
[2023-09-23T06:01:19.375+0000] {processor.py:179} INFO - Processing /home/airflow/.local/lib/python3.8/site-packages/airflow/example_dags/example_xcomargs.py took 0.111 seconds
[2023-09-23T07:38:20.787+0000] {processor.py:157} INFO - Started process (PID=14950) to work on /home/airflow/.local/lib/python3.8/site-packages/airflow/example_dags/example_xcomargs.py
[2023-09-23T07:38:20.788+0000] {processor.py:829} INFO - Processing file /home/airflow/.local/lib/python3.8/site-packages/airflow/example_dags/example_xcomargs.py for tasks to queue
[2023-09-23T07:38:20.789+0000] {logging_mixin.py:151} INFO - [2023-09-23T07:38:20.789+0000] {dagbag.py:539} INFO - Filling up the DagBag from /home/airflow/.local/lib/python3.8/site-packages/airflow/example_dags/example_xcomargs.py
[2023-09-23T07:38:20.794+0000] {processor.py:839} INFO - DAG(s) dict_keys(['example_xcom_args_with_operators', 'example_xcom_args']) retrieved from /home/airflow/.local/lib/python3.8/site-packages/airflow/example_dags/example_xcomargs.py
[2023-09-23T07:38:20.805+0000] {logging_mixin.py:151} INFO - [2023-09-23T07:38:20.804+0000] {dag.py:2907} INFO - Sync 2 DAGs
[2023-09-23T07:38:20.810+0000] {logging_mixin.py:151} INFO - [2023-09-23T07:38:20.810+0000] {dag.py:3677} INFO - Setting next_dagrun for example_xcom_args to None, run_after=None
[2023-09-23T07:38:20.811+0000] {logging_mixin.py:151} INFO - [2023-09-23T07:38:20.811+0000] {dag.py:3677} INFO - Setting next_dagrun for example_xcom_args_with_operators to None, run_after=None
[2023-09-23T07:38:20.818+0000] {processor.py:179} INFO - Processing /home/airflow/.local/lib/python3.8/site-packages/airflow/example_dags/example_xcomargs.py took 0.033 seconds
[2023-09-23T08:10:18.744+0000] {processor.py:157} INFO - Started process (PID=14997) to work on /home/airflow/.local/lib/python3.8/site-packages/airflow/example_dags/example_xcomargs.py
[2023-09-23T08:10:18.744+0000] {processor.py:829} INFO - Processing file /home/airflow/.local/lib/python3.8/site-packages/airflow/example_dags/example_xcomargs.py for tasks to queue
[2023-09-23T08:10:18.745+0000] {logging_mixin.py:151} INFO - [2023-09-23T08:10:18.745+0000] {dagbag.py:539} INFO - Filling up the DagBag from /home/airflow/.local/lib/python3.8/site-packages/airflow/example_dags/example_xcomargs.py
[2023-09-23T08:10:18.750+0000] {processor.py:839} INFO - DAG(s) dict_keys(['example_xcom_args', 'example_xcom_args_with_operators']) retrieved from /home/airflow/.local/lib/python3.8/site-packages/airflow/example_dags/example_xcomargs.py
[2023-09-23T08:10:18.762+0000] {logging_mixin.py:151} INFO - [2023-09-23T08:10:18.762+0000] {dag.py:2907} INFO - Sync 2 DAGs
[2023-09-23T08:10:18.767+0000] {logging_mixin.py:151} INFO - [2023-09-23T08:10:18.767+0000] {dag.py:3677} INFO - Setting next_dagrun for example_xcom_args to None, run_after=None
[2023-09-23T08:10:18.769+0000] {logging_mixin.py:151} INFO - [2023-09-23T08:10:18.769+0000] {dag.py:3677} INFO - Setting next_dagrun for example_xcom_args_with_operators to None, run_after=None
[2023-09-23T08:10:18.776+0000] {processor.py:179} INFO - Processing /home/airflow/.local/lib/python3.8/site-packages/airflow/example_dags/example_xcomargs.py took 0.034 seconds
[2023-09-23T08:58:58.948+0000] {processor.py:157} INFO - Started process (PID=15044) to work on /home/airflow/.local/lib/python3.8/site-packages/airflow/example_dags/example_xcomargs.py
[2023-09-23T08:58:58.953+0000] {processor.py:829} INFO - Processing file /home/airflow/.local/lib/python3.8/site-packages/airflow/example_dags/example_xcomargs.py for tasks to queue
[2023-09-23T08:58:58.961+0000] {logging_mixin.py:151} INFO - [2023-09-23T08:58:58.961+0000] {dagbag.py:539} INFO - Filling up the DagBag from /home/airflow/.local/lib/python3.8/site-packages/airflow/example_dags/example_xcomargs.py
[2023-09-23T08:58:58.979+0000] {processor.py:839} INFO - DAG(s) dict_keys(['example_xcom_args_with_operators', 'example_xcom_args']) retrieved from /home/airflow/.local/lib/python3.8/site-packages/airflow/example_dags/example_xcomargs.py
[2023-09-23T08:58:59.009+0000] {logging_mixin.py:151} INFO - [2023-09-23T08:58:59.009+0000] {dag.py:2907} INFO - Sync 2 DAGs
[2023-09-23T08:58:59.023+0000] {logging_mixin.py:151} INFO - [2023-09-23T08:58:59.023+0000] {dag.py:3677} INFO - Setting next_dagrun for example_xcom_args to None, run_after=None
[2023-09-23T08:58:59.028+0000] {logging_mixin.py:151} INFO - [2023-09-23T08:58:59.028+0000] {dag.py:3677} INFO - Setting next_dagrun for example_xcom_args_with_operators to None, run_after=None
[2023-09-23T08:58:59.045+0000] {processor.py:179} INFO - Processing /home/airflow/.local/lib/python3.8/site-packages/airflow/example_dags/example_xcomargs.py took 0.100 seconds
[2023-09-23T10:23:06.827+0000] {processor.py:157} INFO - Started process (PID=15091) to work on /home/airflow/.local/lib/python3.8/site-packages/airflow/example_dags/example_xcomargs.py
[2023-09-23T10:23:06.828+0000] {processor.py:829} INFO - Processing file /home/airflow/.local/lib/python3.8/site-packages/airflow/example_dags/example_xcomargs.py for tasks to queue
[2023-09-23T10:23:06.829+0000] {logging_mixin.py:151} INFO - [2023-09-23T10:23:06.829+0000] {dagbag.py:539} INFO - Filling up the DagBag from /home/airflow/.local/lib/python3.8/site-packages/airflow/example_dags/example_xcomargs.py
[2023-09-23T10:23:06.833+0000] {processor.py:839} INFO - DAG(s) dict_keys(['example_xcom_args_with_operators', 'example_xcom_args']) retrieved from /home/airflow/.local/lib/python3.8/site-packages/airflow/example_dags/example_xcomargs.py
[2023-09-23T10:23:06.847+0000] {logging_mixin.py:151} INFO - [2023-09-23T10:23:06.846+0000] {dag.py:2907} INFO - Sync 2 DAGs
[2023-09-23T10:23:06.853+0000] {logging_mixin.py:151} INFO - [2023-09-23T10:23:06.853+0000] {dag.py:3677} INFO - Setting next_dagrun for example_xcom_args to None, run_after=None
[2023-09-23T10:23:06.854+0000] {logging_mixin.py:151} INFO - [2023-09-23T10:23:06.854+0000] {dag.py:3677} INFO - Setting next_dagrun for example_xcom_args_with_operators to None, run_after=None
[2023-09-23T10:23:06.861+0000] {processor.py:179} INFO - Processing /home/airflow/.local/lib/python3.8/site-packages/airflow/example_dags/example_xcomargs.py took 0.036 seconds
[2023-09-23T12:03:21.177+0000] {processor.py:157} INFO - Started process (PID=15138) to work on /home/airflow/.local/lib/python3.8/site-packages/airflow/example_dags/example_xcomargs.py
[2023-09-23T12:03:21.180+0000] {processor.py:829} INFO - Processing file /home/airflow/.local/lib/python3.8/site-packages/airflow/example_dags/example_xcomargs.py for tasks to queue
[2023-09-23T12:03:21.182+0000] {logging_mixin.py:151} INFO - [2023-09-23T12:03:21.182+0000] {dagbag.py:539} INFO - Filling up the DagBag from /home/airflow/.local/lib/python3.8/site-packages/airflow/example_dags/example_xcomargs.py
[2023-09-23T12:03:21.190+0000] {processor.py:839} INFO - DAG(s) dict_keys(['example_xcom_args_with_operators', 'example_xcom_args']) retrieved from /home/airflow/.local/lib/python3.8/site-packages/airflow/example_dags/example_xcomargs.py
[2023-09-23T12:03:21.231+0000] {logging_mixin.py:151} INFO - [2023-09-23T12:03:21.231+0000] {dag.py:2907} INFO - Sync 2 DAGs
[2023-09-23T12:03:21.247+0000] {logging_mixin.py:151} INFO - [2023-09-23T12:03:21.247+0000] {dag.py:3677} INFO - Setting next_dagrun for example_xcom_args to None, run_after=None
[2023-09-23T12:03:21.255+0000] {logging_mixin.py:151} INFO - [2023-09-23T12:03:21.255+0000] {dag.py:3677} INFO - Setting next_dagrun for example_xcom_args_with_operators to None, run_after=None
[2023-09-23T12:03:21.272+0000] {processor.py:179} INFO - Processing /home/airflow/.local/lib/python3.8/site-packages/airflow/example_dags/example_xcomargs.py took 0.097 seconds
[2023-09-23T13:45:38.224+0000] {processor.py:157} INFO - Started process (PID=15185) to work on /home/airflow/.local/lib/python3.8/site-packages/airflow/example_dags/example_xcomargs.py
[2023-09-23T13:45:38.224+0000] {processor.py:829} INFO - Processing file /home/airflow/.local/lib/python3.8/site-packages/airflow/example_dags/example_xcomargs.py for tasks to queue
[2023-09-23T13:45:38.225+0000] {logging_mixin.py:151} INFO - [2023-09-23T13:45:38.225+0000] {dagbag.py:539} INFO - Filling up the DagBag from /home/airflow/.local/lib/python3.8/site-packages/airflow/example_dags/example_xcomargs.py
[2023-09-23T13:45:38.230+0000] {processor.py:839} INFO - DAG(s) dict_keys(['example_xcom_args_with_operators', 'example_xcom_args']) retrieved from /home/airflow/.local/lib/python3.8/site-packages/airflow/example_dags/example_xcomargs.py
[2023-09-23T13:45:38.241+0000] {logging_mixin.py:151} INFO - [2023-09-23T13:45:38.241+0000] {dag.py:2907} INFO - Sync 2 DAGs
[2023-09-23T13:45:38.247+0000] {logging_mixin.py:151} INFO - [2023-09-23T13:45:38.247+0000] {dag.py:3677} INFO - Setting next_dagrun for example_xcom_args to None, run_after=None
[2023-09-23T13:45:38.248+0000] {logging_mixin.py:151} INFO - [2023-09-23T13:45:38.248+0000] {dag.py:3677} INFO - Setting next_dagrun for example_xcom_args_with_operators to None, run_after=None
[2023-09-23T13:45:38.255+0000] {processor.py:179} INFO - Processing /home/airflow/.local/lib/python3.8/site-packages/airflow/example_dags/example_xcomargs.py took 0.033 seconds
[2023-09-23T15:06:15.532+0000] {processor.py:157} INFO - Started process (PID=15232) to work on /home/airflow/.local/lib/python3.8/site-packages/airflow/example_dags/example_xcomargs.py
[2023-09-23T15:06:15.532+0000] {processor.py:829} INFO - Processing file /home/airflow/.local/lib/python3.8/site-packages/airflow/example_dags/example_xcomargs.py for tasks to queue
[2023-09-23T15:06:15.533+0000] {logging_mixin.py:151} INFO - [2023-09-23T15:06:15.533+0000] {dagbag.py:539} INFO - Filling up the DagBag from /home/airflow/.local/lib/python3.8/site-packages/airflow/example_dags/example_xcomargs.py
[2023-09-23T15:06:15.540+0000] {processor.py:839} INFO - DAG(s) dict_keys(['example_xcom_args_with_operators', 'example_xcom_args']) retrieved from /home/airflow/.local/lib/python3.8/site-packages/airflow/example_dags/example_xcomargs.py
[2023-09-23T15:06:15.552+0000] {logging_mixin.py:151} INFO - [2023-09-23T15:06:15.552+0000] {dag.py:2907} INFO - Sync 2 DAGs
[2023-09-23T15:06:15.557+0000] {logging_mixin.py:151} INFO - [2023-09-23T15:06:15.557+0000] {dag.py:3677} INFO - Setting next_dagrun for example_xcom_args to None, run_after=None
[2023-09-23T15:06:15.559+0000] {logging_mixin.py:151} INFO - [2023-09-23T15:06:15.559+0000] {dag.py:3677} INFO - Setting next_dagrun for example_xcom_args_with_operators to None, run_after=None
[2023-09-23T15:06:15.566+0000] {processor.py:179} INFO - Processing /home/airflow/.local/lib/python3.8/site-packages/airflow/example_dags/example_xcomargs.py took 0.036 seconds
[2023-09-23T16:49:14.812+0000] {processor.py:157} INFO - Started process (PID=15279) to work on /home/airflow/.local/lib/python3.8/site-packages/airflow/example_dags/example_xcomargs.py
[2023-09-23T16:49:14.813+0000] {processor.py:829} INFO - Processing file /home/airflow/.local/lib/python3.8/site-packages/airflow/example_dags/example_xcomargs.py for tasks to queue
[2023-09-23T16:49:14.816+0000] {logging_mixin.py:151} INFO - [2023-09-23T16:49:14.816+0000] {dagbag.py:539} INFO - Filling up the DagBag from /home/airflow/.local/lib/python3.8/site-packages/airflow/example_dags/example_xcomargs.py
[2023-09-23T16:49:14.823+0000] {processor.py:839} INFO - DAG(s) dict_keys(['example_xcom_args_with_operators', 'example_xcom_args']) retrieved from /home/airflow/.local/lib/python3.8/site-packages/airflow/example_dags/example_xcomargs.py
[2023-09-23T16:49:14.852+0000] {logging_mixin.py:151} INFO - [2023-09-23T16:49:14.852+0000] {dag.py:2907} INFO - Sync 2 DAGs
[2023-09-23T16:49:14.864+0000] {logging_mixin.py:151} INFO - [2023-09-23T16:49:14.864+0000] {dag.py:3677} INFO - Setting next_dagrun for example_xcom_args to None, run_after=None
[2023-09-23T16:49:14.866+0000] {logging_mixin.py:151} INFO - [2023-09-23T16:49:14.866+0000] {dag.py:3677} INFO - Setting next_dagrun for example_xcom_args_with_operators to None, run_after=None
[2023-09-23T16:49:14.885+0000] {processor.py:179} INFO - Processing /home/airflow/.local/lib/python3.8/site-packages/airflow/example_dags/example_xcomargs.py took 0.081 seconds
[2023-09-23T17:24:35.901+0000] {processor.py:157} INFO - Started process (PID=15326) to work on /home/airflow/.local/lib/python3.8/site-packages/airflow/example_dags/example_xcomargs.py
[2023-09-23T17:24:35.901+0000] {processor.py:829} INFO - Processing file /home/airflow/.local/lib/python3.8/site-packages/airflow/example_dags/example_xcomargs.py for tasks to queue
[2023-09-23T17:24:35.903+0000] {logging_mixin.py:151} INFO - [2023-09-23T17:24:35.902+0000] {dagbag.py:539} INFO - Filling up the DagBag from /home/airflow/.local/lib/python3.8/site-packages/airflow/example_dags/example_xcomargs.py
[2023-09-23T17:24:35.907+0000] {processor.py:839} INFO - DAG(s) dict_keys(['example_xcom_args', 'example_xcom_args_with_operators']) retrieved from /home/airflow/.local/lib/python3.8/site-packages/airflow/example_dags/example_xcomargs.py
[2023-09-23T17:24:35.919+0000] {logging_mixin.py:151} INFO - [2023-09-23T17:24:35.919+0000] {dag.py:2907} INFO - Sync 2 DAGs
[2023-09-23T17:24:35.925+0000] {logging_mixin.py:151} INFO - [2023-09-23T17:24:35.925+0000] {dag.py:3677} INFO - Setting next_dagrun for example_xcom_args to None, run_after=None
[2023-09-23T17:24:35.927+0000] {logging_mixin.py:151} INFO - [2023-09-23T17:24:35.927+0000] {dag.py:3677} INFO - Setting next_dagrun for example_xcom_args_with_operators to None, run_after=None
[2023-09-23T17:24:35.933+0000] {processor.py:179} INFO - Processing /home/airflow/.local/lib/python3.8/site-packages/airflow/example_dags/example_xcomargs.py took 0.034 seconds
[2023-09-23T18:13:05.311+0000] {processor.py:157} INFO - Started process (PID=15373) to work on /home/airflow/.local/lib/python3.8/site-packages/airflow/example_dags/example_xcomargs.py
[2023-09-23T18:13:05.318+0000] {processor.py:829} INFO - Processing file /home/airflow/.local/lib/python3.8/site-packages/airflow/example_dags/example_xcomargs.py for tasks to queue
[2023-09-23T18:13:05.325+0000] {logging_mixin.py:151} INFO - [2023-09-23T18:13:05.325+0000] {dagbag.py:539} INFO - Filling up the DagBag from /home/airflow/.local/lib/python3.8/site-packages/airflow/example_dags/example_xcomargs.py
[2023-09-23T18:13:05.337+0000] {processor.py:839} INFO - DAG(s) dict_keys(['example_xcom_args', 'example_xcom_args_with_operators']) retrieved from /home/airflow/.local/lib/python3.8/site-packages/airflow/example_dags/example_xcomargs.py
[2023-09-23T18:13:05.369+0000] {logging_mixin.py:151} INFO - [2023-09-23T18:13:05.369+0000] {dag.py:2907} INFO - Sync 2 DAGs
[2023-09-23T18:13:05.380+0000] {logging_mixin.py:151} INFO - [2023-09-23T18:13:05.379+0000] {dag.py:3677} INFO - Setting next_dagrun for example_xcom_args to None, run_after=None
[2023-09-23T18:13:05.384+0000] {logging_mixin.py:151} INFO - [2023-09-23T18:13:05.384+0000] {dag.py:3677} INFO - Setting next_dagrun for example_xcom_args_with_operators to None, run_after=None
[2023-09-23T18:13:05.398+0000] {processor.py:179} INFO - Processing /home/airflow/.local/lib/python3.8/site-packages/airflow/example_dags/example_xcomargs.py took 0.089 seconds
[2023-09-23T19:34:34.512+0000] {processor.py:157} INFO - Started process (PID=15420) to work on /home/airflow/.local/lib/python3.8/site-packages/airflow/example_dags/example_xcomargs.py
[2023-09-23T19:34:34.512+0000] {processor.py:829} INFO - Processing file /home/airflow/.local/lib/python3.8/site-packages/airflow/example_dags/example_xcomargs.py for tasks to queue
[2023-09-23T19:34:34.514+0000] {logging_mixin.py:151} INFO - [2023-09-23T19:34:34.513+0000] {dagbag.py:539} INFO - Filling up the DagBag from /home/airflow/.local/lib/python3.8/site-packages/airflow/example_dags/example_xcomargs.py
[2023-09-23T19:34:34.518+0000] {processor.py:839} INFO - DAG(s) dict_keys(['example_xcom_args_with_operators', 'example_xcom_args']) retrieved from /home/airflow/.local/lib/python3.8/site-packages/airflow/example_dags/example_xcomargs.py
[2023-09-23T19:34:34.532+0000] {logging_mixin.py:151} INFO - [2023-09-23T19:34:34.532+0000] {dag.py:2907} INFO - Sync 2 DAGs
[2023-09-23T19:34:34.538+0000] {logging_mixin.py:151} INFO - [2023-09-23T19:34:34.538+0000] {dag.py:3677} INFO - Setting next_dagrun for example_xcom_args to None, run_after=None
[2023-09-23T19:34:34.540+0000] {logging_mixin.py:151} INFO - [2023-09-23T19:34:34.539+0000] {dag.py:3677} INFO - Setting next_dagrun for example_xcom_args_with_operators to None, run_after=None
[2023-09-23T19:34:34.546+0000] {processor.py:179} INFO - Processing /home/airflow/.local/lib/python3.8/site-packages/airflow/example_dags/example_xcomargs.py took 0.036 seconds
[2023-09-23T21:11:25.509+0000] {processor.py:157} INFO - Started process (PID=15467) to work on /home/airflow/.local/lib/python3.8/site-packages/airflow/example_dags/example_xcomargs.py
[2023-09-23T21:11:25.509+0000] {processor.py:829} INFO - Processing file /home/airflow/.local/lib/python3.8/site-packages/airflow/example_dags/example_xcomargs.py for tasks to queue
[2023-09-23T21:11:25.510+0000] {logging_mixin.py:151} INFO - [2023-09-23T21:11:25.510+0000] {dagbag.py:539} INFO - Filling up the DagBag from /home/airflow/.local/lib/python3.8/site-packages/airflow/example_dags/example_xcomargs.py
[2023-09-23T21:11:25.514+0000] {processor.py:839} INFO - DAG(s) dict_keys(['example_xcom_args', 'example_xcom_args_with_operators']) retrieved from /home/airflow/.local/lib/python3.8/site-packages/airflow/example_dags/example_xcomargs.py
[2023-09-23T21:11:25.525+0000] {logging_mixin.py:151} INFO - [2023-09-23T21:11:25.525+0000] {dag.py:2907} INFO - Sync 2 DAGs
[2023-09-23T21:11:25.531+0000] {logging_mixin.py:151} INFO - [2023-09-23T21:11:25.531+0000] {dag.py:3677} INFO - Setting next_dagrun for example_xcom_args to None, run_after=None
[2023-09-23T21:11:25.533+0000] {logging_mixin.py:151} INFO - [2023-09-23T21:11:25.532+0000] {dag.py:3677} INFO - Setting next_dagrun for example_xcom_args_with_operators to None, run_after=None
[2023-09-23T21:11:25.539+0000] {processor.py:179} INFO - Processing /home/airflow/.local/lib/python3.8/site-packages/airflow/example_dags/example_xcomargs.py took 0.032 seconds
[2023-09-23T22:51:00.422+0000] {processor.py:157} INFO - Started process (PID=15514) to work on /home/airflow/.local/lib/python3.8/site-packages/airflow/example_dags/example_xcomargs.py
[2023-09-23T22:51:00.423+0000] {processor.py:829} INFO - Processing file /home/airflow/.local/lib/python3.8/site-packages/airflow/example_dags/example_xcomargs.py for tasks to queue
[2023-09-23T22:51:00.424+0000] {logging_mixin.py:151} INFO - [2023-09-23T22:51:00.424+0000] {dagbag.py:539} INFO - Filling up the DagBag from /home/airflow/.local/lib/python3.8/site-packages/airflow/example_dags/example_xcomargs.py
[2023-09-23T22:51:00.429+0000] {processor.py:839} INFO - DAG(s) dict_keys(['example_xcom_args_with_operators', 'example_xcom_args']) retrieved from /home/airflow/.local/lib/python3.8/site-packages/airflow/example_dags/example_xcomargs.py
[2023-09-23T22:51:00.440+0000] {logging_mixin.py:151} INFO - [2023-09-23T22:51:00.440+0000] {dag.py:2907} INFO - Sync 2 DAGs
[2023-09-23T22:51:00.446+0000] {logging_mixin.py:151} INFO - [2023-09-23T22:51:00.446+0000] {dag.py:3677} INFO - Setting next_dagrun for example_xcom_args to None, run_after=None
[2023-09-23T22:51:00.447+0000] {logging_mixin.py:151} INFO - [2023-09-23T22:51:00.447+0000] {dag.py:3677} INFO - Setting next_dagrun for example_xcom_args_with_operators to None, run_after=None
[2023-09-23T22:51:00.455+0000] {processor.py:179} INFO - Processing /home/airflow/.local/lib/python3.8/site-packages/airflow/example_dags/example_xcomargs.py took 0.034 seconds
