[2023-09-23T01:22:36.429+0000] {processor.py:157} INFO - Started process (PID=14779) to work on /home/airflow/.local/lib/python3.8/site-packages/airflow/example_dags/example_branch_python_dop_operator_3.py
[2023-09-23T01:22:36.429+0000] {processor.py:829} INFO - Processing file /home/airflow/.local/lib/python3.8/site-packages/airflow/example_dags/example_branch_python_dop_operator_3.py for tasks to queue
[2023-09-23T01:22:36.431+0000] {logging_mixin.py:151} INFO - [2023-09-23T01:22:36.431+0000] {dagbag.py:539} INFO - Filling up the DagBag from /home/airflow/.local/lib/python3.8/site-packages/airflow/example_dags/example_branch_python_dop_operator_3.py
[2023-09-23T01:22:36.438+0000] {processor.py:839} INFO - DAG(s) dict_keys(['example_branch_dop_operator_v3']) retrieved from /home/airflow/.local/lib/python3.8/site-packages/airflow/example_dags/example_branch_python_dop_operator_3.py
[2023-09-23T01:22:36.449+0000] {logging_mixin.py:151} INFO - [2023-09-23T01:22:36.449+0000] {dag.py:2907} INFO - Sync 1 DAGs
[2023-09-23T01:22:36.462+0000] {logging_mixin.py:151} INFO - [2023-09-23T01:22:36.462+0000] {dag.py:3677} INFO - Setting next_dagrun for example_branch_dop_operator_v3 to 2023-09-23T01:21:00+00:00, run_after=2023-09-23T01:22:00+00:00
[2023-09-23T01:22:36.471+0000] {processor.py:179} INFO - Processing /home/airflow/.local/lib/python3.8/site-packages/airflow/example_dags/example_branch_python_dop_operator_3.py took 0.045 seconds
[2023-09-23T03:03:38.414+0000] {processor.py:157} INFO - Started process (PID=14826) to work on /home/airflow/.local/lib/python3.8/site-packages/airflow/example_dags/example_branch_python_dop_operator_3.py
[2023-09-23T03:03:38.414+0000] {processor.py:829} INFO - Processing file /home/airflow/.local/lib/python3.8/site-packages/airflow/example_dags/example_branch_python_dop_operator_3.py for tasks to queue
[2023-09-23T03:03:38.415+0000] {logging_mixin.py:151} INFO - [2023-09-23T03:03:38.415+0000] {dagbag.py:539} INFO - Filling up the DagBag from /home/airflow/.local/lib/python3.8/site-packages/airflow/example_dags/example_branch_python_dop_operator_3.py
[2023-09-23T03:03:38.420+0000] {processor.py:839} INFO - DAG(s) dict_keys(['example_branch_dop_operator_v3']) retrieved from /home/airflow/.local/lib/python3.8/site-packages/airflow/example_dags/example_branch_python_dop_operator_3.py
[2023-09-23T03:03:38.431+0000] {logging_mixin.py:151} INFO - [2023-09-23T03:03:38.431+0000] {dag.py:2907} INFO - Sync 1 DAGs
[2023-09-23T03:03:38.442+0000] {logging_mixin.py:151} INFO - [2023-09-23T03:03:38.442+0000] {dag.py:3677} INFO - Setting next_dagrun for example_branch_dop_operator_v3 to 2023-09-23T03:02:00+00:00, run_after=2023-09-23T03:03:00+00:00
[2023-09-23T03:03:38.450+0000] {processor.py:179} INFO - Processing /home/airflow/.local/lib/python3.8/site-packages/airflow/example_dags/example_branch_python_dop_operator_3.py took 0.038 seconds
[2023-09-23T04:40:42.273+0000] {processor.py:157} INFO - Started process (PID=14873) to work on /home/airflow/.local/lib/python3.8/site-packages/airflow/example_dags/example_branch_python_dop_operator_3.py
[2023-09-23T04:40:42.274+0000] {processor.py:829} INFO - Processing file /home/airflow/.local/lib/python3.8/site-packages/airflow/example_dags/example_branch_python_dop_operator_3.py for tasks to queue
[2023-09-23T04:40:42.276+0000] {logging_mixin.py:151} INFO - [2023-09-23T04:40:42.275+0000] {dagbag.py:539} INFO - Filling up the DagBag from /home/airflow/.local/lib/python3.8/site-packages/airflow/example_dags/example_branch_python_dop_operator_3.py
[2023-09-23T04:40:42.281+0000] {processor.py:839} INFO - DAG(s) dict_keys(['example_branch_dop_operator_v3']) retrieved from /home/airflow/.local/lib/python3.8/site-packages/airflow/example_dags/example_branch_python_dop_operator_3.py
[2023-09-23T04:40:42.292+0000] {logging_mixin.py:151} INFO - [2023-09-23T04:40:42.292+0000] {dag.py:2907} INFO - Sync 1 DAGs
[2023-09-23T04:40:42.305+0000] {logging_mixin.py:151} INFO - [2023-09-23T04:40:42.305+0000] {dag.py:3677} INFO - Setting next_dagrun for example_branch_dop_operator_v3 to 2023-09-23T04:39:00+00:00, run_after=2023-09-23T04:40:00+00:00
[2023-09-23T04:40:42.313+0000] {processor.py:179} INFO - Processing /home/airflow/.local/lib/python3.8/site-packages/airflow/example_dags/example_branch_python_dop_operator_3.py took 0.041 seconds
[2023-09-23T06:01:20.608+0000] {processor.py:157} INFO - Started process (PID=14920) to work on /home/airflow/.local/lib/python3.8/site-packages/airflow/example_dags/example_branch_python_dop_operator_3.py
[2023-09-23T06:01:20.608+0000] {processor.py:829} INFO - Processing file /home/airflow/.local/lib/python3.8/site-packages/airflow/example_dags/example_branch_python_dop_operator_3.py for tasks to queue
[2023-09-23T06:01:20.610+0000] {logging_mixin.py:151} INFO - [2023-09-23T06:01:20.610+0000] {dagbag.py:539} INFO - Filling up the DagBag from /home/airflow/.local/lib/python3.8/site-packages/airflow/example_dags/example_branch_python_dop_operator_3.py
[2023-09-23T06:01:20.618+0000] {processor.py:839} INFO - DAG(s) dict_keys(['example_branch_dop_operator_v3']) retrieved from /home/airflow/.local/lib/python3.8/site-packages/airflow/example_dags/example_branch_python_dop_operator_3.py
[2023-09-23T06:01:20.629+0000] {logging_mixin.py:151} INFO - [2023-09-23T06:01:20.629+0000] {dag.py:2907} INFO - Sync 1 DAGs
[2023-09-23T06:01:20.641+0000] {logging_mixin.py:151} INFO - [2023-09-23T06:01:20.641+0000] {dag.py:3677} INFO - Setting next_dagrun for example_branch_dop_operator_v3 to 2023-09-23T06:00:00+00:00, run_after=2023-09-23T06:01:00+00:00
[2023-09-23T06:01:20.648+0000] {processor.py:179} INFO - Processing /home/airflow/.local/lib/python3.8/site-packages/airflow/example_dags/example_branch_python_dop_operator_3.py took 0.043 seconds
[2023-09-23T07:38:21.320+0000] {processor.py:157} INFO - Started process (PID=14967) to work on /home/airflow/.local/lib/python3.8/site-packages/airflow/example_dags/example_branch_python_dop_operator_3.py
[2023-09-23T07:38:21.320+0000] {processor.py:829} INFO - Processing file /home/airflow/.local/lib/python3.8/site-packages/airflow/example_dags/example_branch_python_dop_operator_3.py for tasks to queue
[2023-09-23T07:38:21.321+0000] {logging_mixin.py:151} INFO - [2023-09-23T07:38:21.321+0000] {dagbag.py:539} INFO - Filling up the DagBag from /home/airflow/.local/lib/python3.8/site-packages/airflow/example_dags/example_branch_python_dop_operator_3.py
[2023-09-23T07:38:21.327+0000] {processor.py:839} INFO - DAG(s) dict_keys(['example_branch_dop_operator_v3']) retrieved from /home/airflow/.local/lib/python3.8/site-packages/airflow/example_dags/example_branch_python_dop_operator_3.py
[2023-09-23T07:38:21.336+0000] {logging_mixin.py:151} INFO - [2023-09-23T07:38:21.336+0000] {dag.py:2907} INFO - Sync 1 DAGs
[2023-09-23T07:38:21.349+0000] {logging_mixin.py:151} INFO - [2023-09-23T07:38:21.348+0000] {dag.py:3677} INFO - Setting next_dagrun for example_branch_dop_operator_v3 to 2023-09-23T07:37:00+00:00, run_after=2023-09-23T07:38:00+00:00
[2023-09-23T07:38:21.356+0000] {processor.py:179} INFO - Processing /home/airflow/.local/lib/python3.8/site-packages/airflow/example_dags/example_branch_python_dop_operator_3.py took 0.038 seconds
[2023-09-23T08:10:19.273+0000] {processor.py:157} INFO - Started process (PID=15014) to work on /home/airflow/.local/lib/python3.8/site-packages/airflow/example_dags/example_branch_python_dop_operator_3.py
[2023-09-23T08:10:19.273+0000] {processor.py:829} INFO - Processing file /home/airflow/.local/lib/python3.8/site-packages/airflow/example_dags/example_branch_python_dop_operator_3.py for tasks to queue
[2023-09-23T08:10:19.274+0000] {logging_mixin.py:151} INFO - [2023-09-23T08:10:19.274+0000] {dagbag.py:539} INFO - Filling up the DagBag from /home/airflow/.local/lib/python3.8/site-packages/airflow/example_dags/example_branch_python_dop_operator_3.py
[2023-09-23T08:10:19.279+0000] {processor.py:839} INFO - DAG(s) dict_keys(['example_branch_dop_operator_v3']) retrieved from /home/airflow/.local/lib/python3.8/site-packages/airflow/example_dags/example_branch_python_dop_operator_3.py
[2023-09-23T08:10:19.290+0000] {logging_mixin.py:151} INFO - [2023-09-23T08:10:19.289+0000] {dag.py:2907} INFO - Sync 1 DAGs
[2023-09-23T08:10:19.302+0000] {logging_mixin.py:151} INFO - [2023-09-23T08:10:19.301+0000] {dag.py:3677} INFO - Setting next_dagrun for example_branch_dop_operator_v3 to 2023-09-23T08:09:00+00:00, run_after=2023-09-23T08:10:00+00:00
[2023-09-23T08:10:19.310+0000] {processor.py:179} INFO - Processing /home/airflow/.local/lib/python3.8/site-packages/airflow/example_dags/example_branch_python_dop_operator_3.py took 0.039 seconds
[2023-09-23T08:58:59.959+0000] {processor.py:157} INFO - Started process (PID=15061) to work on /home/airflow/.local/lib/python3.8/site-packages/airflow/example_dags/example_branch_python_dop_operator_3.py
[2023-09-23T08:58:59.960+0000] {processor.py:829} INFO - Processing file /home/airflow/.local/lib/python3.8/site-packages/airflow/example_dags/example_branch_python_dop_operator_3.py for tasks to queue
[2023-09-23T08:58:59.961+0000] {logging_mixin.py:151} INFO - [2023-09-23T08:58:59.961+0000] {dagbag.py:539} INFO - Filling up the DagBag from /home/airflow/.local/lib/python3.8/site-packages/airflow/example_dags/example_branch_python_dop_operator_3.py
[2023-09-23T08:58:59.967+0000] {processor.py:839} INFO - DAG(s) dict_keys(['example_branch_dop_operator_v3']) retrieved from /home/airflow/.local/lib/python3.8/site-packages/airflow/example_dags/example_branch_python_dop_operator_3.py
[2023-09-23T08:58:59.981+0000] {logging_mixin.py:151} INFO - [2023-09-23T08:58:59.980+0000] {dag.py:2907} INFO - Sync 1 DAGs
[2023-09-23T08:58:59.992+0000] {logging_mixin.py:151} INFO - [2023-09-23T08:58:59.992+0000] {dag.py:3677} INFO - Setting next_dagrun for example_branch_dop_operator_v3 to 2023-09-23T08:57:00+00:00, run_after=2023-09-23T08:58:00+00:00
[2023-09-23T08:58:59.999+0000] {processor.py:179} INFO - Processing /home/airflow/.local/lib/python3.8/site-packages/airflow/example_dags/example_branch_python_dop_operator_3.py took 0.043 seconds
[2023-09-23T10:23:07.410+0000] {processor.py:157} INFO - Started process (PID=15108) to work on /home/airflow/.local/lib/python3.8/site-packages/airflow/example_dags/example_branch_python_dop_operator_3.py
[2023-09-23T10:23:07.410+0000] {processor.py:829} INFO - Processing file /home/airflow/.local/lib/python3.8/site-packages/airflow/example_dags/example_branch_python_dop_operator_3.py for tasks to queue
[2023-09-23T10:23:07.411+0000] {logging_mixin.py:151} INFO - [2023-09-23T10:23:07.411+0000] {dagbag.py:539} INFO - Filling up the DagBag from /home/airflow/.local/lib/python3.8/site-packages/airflow/example_dags/example_branch_python_dop_operator_3.py
[2023-09-23T10:23:07.416+0000] {processor.py:839} INFO - DAG(s) dict_keys(['example_branch_dop_operator_v3']) retrieved from /home/airflow/.local/lib/python3.8/site-packages/airflow/example_dags/example_branch_python_dop_operator_3.py
[2023-09-23T10:23:07.426+0000] {logging_mixin.py:151} INFO - [2023-09-23T10:23:07.426+0000] {dag.py:2907} INFO - Sync 1 DAGs
[2023-09-23T10:23:07.439+0000] {logging_mixin.py:151} INFO - [2023-09-23T10:23:07.438+0000] {dag.py:3677} INFO - Setting next_dagrun for example_branch_dop_operator_v3 to 2023-09-23T10:22:00+00:00, run_after=2023-09-23T10:23:00+00:00
[2023-09-23T10:23:07.446+0000] {processor.py:179} INFO - Processing /home/airflow/.local/lib/python3.8/site-packages/airflow/example_dags/example_branch_python_dop_operator_3.py took 0.038 seconds
[2023-09-23T12:03:22.359+0000] {processor.py:157} INFO - Started process (PID=15155) to work on /home/airflow/.local/lib/python3.8/site-packages/airflow/example_dags/example_branch_python_dop_operator_3.py
[2023-09-23T12:03:22.360+0000] {processor.py:829} INFO - Processing file /home/airflow/.local/lib/python3.8/site-packages/airflow/example_dags/example_branch_python_dop_operator_3.py for tasks to queue
[2023-09-23T12:03:22.361+0000] {logging_mixin.py:151} INFO - [2023-09-23T12:03:22.361+0000] {dagbag.py:539} INFO - Filling up the DagBag from /home/airflow/.local/lib/python3.8/site-packages/airflow/example_dags/example_branch_python_dop_operator_3.py
[2023-09-23T12:03:22.366+0000] {processor.py:839} INFO - DAG(s) dict_keys(['example_branch_dop_operator_v3']) retrieved from /home/airflow/.local/lib/python3.8/site-packages/airflow/example_dags/example_branch_python_dop_operator_3.py
[2023-09-23T12:03:22.377+0000] {logging_mixin.py:151} INFO - [2023-09-23T12:03:22.377+0000] {dag.py:2907} INFO - Sync 1 DAGs
[2023-09-23T12:03:22.389+0000] {logging_mixin.py:151} INFO - [2023-09-23T12:03:22.389+0000] {dag.py:3677} INFO - Setting next_dagrun for example_branch_dop_operator_v3 to 2023-09-23T12:02:00+00:00, run_after=2023-09-23T12:03:00+00:00
[2023-09-23T12:03:22.397+0000] {processor.py:179} INFO - Processing /home/airflow/.local/lib/python3.8/site-packages/airflow/example_dags/example_branch_python_dop_operator_3.py took 0.039 seconds
[2023-09-23T13:45:38.762+0000] {processor.py:157} INFO - Started process (PID=15202) to work on /home/airflow/.local/lib/python3.8/site-packages/airflow/example_dags/example_branch_python_dop_operator_3.py
[2023-09-23T13:45:38.762+0000] {processor.py:829} INFO - Processing file /home/airflow/.local/lib/python3.8/site-packages/airflow/example_dags/example_branch_python_dop_operator_3.py for tasks to queue
[2023-09-23T13:45:38.763+0000] {logging_mixin.py:151} INFO - [2023-09-23T13:45:38.763+0000] {dagbag.py:539} INFO - Filling up the DagBag from /home/airflow/.local/lib/python3.8/site-packages/airflow/example_dags/example_branch_python_dop_operator_3.py
[2023-09-23T13:45:38.768+0000] {processor.py:839} INFO - DAG(s) dict_keys(['example_branch_dop_operator_v3']) retrieved from /home/airflow/.local/lib/python3.8/site-packages/airflow/example_dags/example_branch_python_dop_operator_3.py
[2023-09-23T13:45:38.778+0000] {logging_mixin.py:151} INFO - [2023-09-23T13:45:38.778+0000] {dag.py:2907} INFO - Sync 1 DAGs
[2023-09-23T13:45:38.790+0000] {logging_mixin.py:151} INFO - [2023-09-23T13:45:38.790+0000] {dag.py:3677} INFO - Setting next_dagrun for example_branch_dop_operator_v3 to 2023-09-23T13:44:00+00:00, run_after=2023-09-23T13:45:00+00:00
[2023-09-23T13:45:38.798+0000] {processor.py:179} INFO - Processing /home/airflow/.local/lib/python3.8/site-packages/airflow/example_dags/example_branch_python_dop_operator_3.py took 0.038 seconds
[2023-09-23T15:06:16.121+0000] {processor.py:157} INFO - Started process (PID=15249) to work on /home/airflow/.local/lib/python3.8/site-packages/airflow/example_dags/example_branch_python_dop_operator_3.py
[2023-09-23T15:06:16.121+0000] {processor.py:829} INFO - Processing file /home/airflow/.local/lib/python3.8/site-packages/airflow/example_dags/example_branch_python_dop_operator_3.py for tasks to queue
[2023-09-23T15:06:16.122+0000] {logging_mixin.py:151} INFO - [2023-09-23T15:06:16.122+0000] {dagbag.py:539} INFO - Filling up the DagBag from /home/airflow/.local/lib/python3.8/site-packages/airflow/example_dags/example_branch_python_dop_operator_3.py
[2023-09-23T15:06:16.127+0000] {processor.py:839} INFO - DAG(s) dict_keys(['example_branch_dop_operator_v3']) retrieved from /home/airflow/.local/lib/python3.8/site-packages/airflow/example_dags/example_branch_python_dop_operator_3.py
[2023-09-23T15:06:16.138+0000] {logging_mixin.py:151} INFO - [2023-09-23T15:06:16.138+0000] {dag.py:2907} INFO - Sync 1 DAGs
[2023-09-23T15:06:16.151+0000] {logging_mixin.py:151} INFO - [2023-09-23T15:06:16.151+0000] {dag.py:3677} INFO - Setting next_dagrun for example_branch_dop_operator_v3 to 2023-09-23T15:05:00+00:00, run_after=2023-09-23T15:06:00+00:00
[2023-09-23T15:06:16.161+0000] {processor.py:179} INFO - Processing /home/airflow/.local/lib/python3.8/site-packages/airflow/example_dags/example_branch_python_dop_operator_3.py took 0.042 seconds
[2023-09-23T16:49:15.708+0000] {processor.py:157} INFO - Started process (PID=15296) to work on /home/airflow/.local/lib/python3.8/site-packages/airflow/example_dags/example_branch_python_dop_operator_3.py
[2023-09-23T16:49:15.709+0000] {processor.py:829} INFO - Processing file /home/airflow/.local/lib/python3.8/site-packages/airflow/example_dags/example_branch_python_dop_operator_3.py for tasks to queue
[2023-09-23T16:49:15.710+0000] {logging_mixin.py:151} INFO - [2023-09-23T16:49:15.710+0000] {dagbag.py:539} INFO - Filling up the DagBag from /home/airflow/.local/lib/python3.8/site-packages/airflow/example_dags/example_branch_python_dop_operator_3.py
[2023-09-23T16:49:15.715+0000] {processor.py:839} INFO - DAG(s) dict_keys(['example_branch_dop_operator_v3']) retrieved from /home/airflow/.local/lib/python3.8/site-packages/airflow/example_dags/example_branch_python_dop_operator_3.py
[2023-09-23T16:49:15.726+0000] {logging_mixin.py:151} INFO - [2023-09-23T16:49:15.726+0000] {dag.py:2907} INFO - Sync 1 DAGs
[2023-09-23T16:49:15.738+0000] {logging_mixin.py:151} INFO - [2023-09-23T16:49:15.738+0000] {dag.py:3677} INFO - Setting next_dagrun for example_branch_dop_operator_v3 to 2023-09-23T16:48:00+00:00, run_after=2023-09-23T16:49:00+00:00
[2023-09-23T16:49:15.745+0000] {processor.py:179} INFO - Processing /home/airflow/.local/lib/python3.8/site-packages/airflow/example_dags/example_branch_python_dop_operator_3.py took 0.039 seconds
[2023-09-23T17:24:36.673+0000] {processor.py:157} INFO - Started process (PID=15343) to work on /home/airflow/.local/lib/python3.8/site-packages/airflow/example_dags/example_branch_python_dop_operator_3.py
[2023-09-23T17:24:36.674+0000] {processor.py:829} INFO - Processing file /home/airflow/.local/lib/python3.8/site-packages/airflow/example_dags/example_branch_python_dop_operator_3.py for tasks to queue
[2023-09-23T17:24:36.675+0000] {logging_mixin.py:151} INFO - [2023-09-23T17:24:36.675+0000] {dagbag.py:539} INFO - Filling up the DagBag from /home/airflow/.local/lib/python3.8/site-packages/airflow/example_dags/example_branch_python_dop_operator_3.py
[2023-09-23T17:24:36.680+0000] {processor.py:839} INFO - DAG(s) dict_keys(['example_branch_dop_operator_v3']) retrieved from /home/airflow/.local/lib/python3.8/site-packages/airflow/example_dags/example_branch_python_dop_operator_3.py
[2023-09-23T17:24:36.690+0000] {logging_mixin.py:151} INFO - [2023-09-23T17:24:36.690+0000] {dag.py:2907} INFO - Sync 1 DAGs
[2023-09-23T17:24:36.702+0000] {logging_mixin.py:151} INFO - [2023-09-23T17:24:36.701+0000] {dag.py:3677} INFO - Setting next_dagrun for example_branch_dop_operator_v3 to 2023-09-23T17:23:00+00:00, run_after=2023-09-23T17:24:00+00:00
[2023-09-23T17:24:36.709+0000] {processor.py:179} INFO - Processing /home/airflow/.local/lib/python3.8/site-packages/airflow/example_dags/example_branch_python_dop_operator_3.py took 0.038 seconds
[2023-09-23T18:13:06.344+0000] {processor.py:157} INFO - Started process (PID=15390) to work on /home/airflow/.local/lib/python3.8/site-packages/airflow/example_dags/example_branch_python_dop_operator_3.py
[2023-09-23T18:13:06.344+0000] {processor.py:829} INFO - Processing file /home/airflow/.local/lib/python3.8/site-packages/airflow/example_dags/example_branch_python_dop_operator_3.py for tasks to queue
[2023-09-23T18:13:06.346+0000] {logging_mixin.py:151} INFO - [2023-09-23T18:13:06.345+0000] {dagbag.py:539} INFO - Filling up the DagBag from /home/airflow/.local/lib/python3.8/site-packages/airflow/example_dags/example_branch_python_dop_operator_3.py
[2023-09-23T18:13:06.351+0000] {processor.py:839} INFO - DAG(s) dict_keys(['example_branch_dop_operator_v3']) retrieved from /home/airflow/.local/lib/python3.8/site-packages/airflow/example_dags/example_branch_python_dop_operator_3.py
[2023-09-23T18:13:06.362+0000] {logging_mixin.py:151} INFO - [2023-09-23T18:13:06.362+0000] {dag.py:2907} INFO - Sync 1 DAGs
[2023-09-23T18:13:06.374+0000] {logging_mixin.py:151} INFO - [2023-09-23T18:13:06.374+0000] {dag.py:3677} INFO - Setting next_dagrun for example_branch_dop_operator_v3 to 2023-09-23T18:12:00+00:00, run_after=2023-09-23T18:13:00+00:00
[2023-09-23T18:13:06.381+0000] {processor.py:179} INFO - Processing /home/airflow/.local/lib/python3.8/site-packages/airflow/example_dags/example_branch_python_dop_operator_3.py took 0.039 seconds
[2023-09-23T19:34:35.054+0000] {processor.py:157} INFO - Started process (PID=15437) to work on /home/airflow/.local/lib/python3.8/site-packages/airflow/example_dags/example_branch_python_dop_operator_3.py
[2023-09-23T19:34:35.055+0000] {processor.py:829} INFO - Processing file /home/airflow/.local/lib/python3.8/site-packages/airflow/example_dags/example_branch_python_dop_operator_3.py for tasks to queue
[2023-09-23T19:34:35.056+0000] {logging_mixin.py:151} INFO - [2023-09-23T19:34:35.056+0000] {dagbag.py:539} INFO - Filling up the DagBag from /home/airflow/.local/lib/python3.8/site-packages/airflow/example_dags/example_branch_python_dop_operator_3.py
[2023-09-23T19:34:35.061+0000] {processor.py:839} INFO - DAG(s) dict_keys(['example_branch_dop_operator_v3']) retrieved from /home/airflow/.local/lib/python3.8/site-packages/airflow/example_dags/example_branch_python_dop_operator_3.py
[2023-09-23T19:34:35.071+0000] {logging_mixin.py:151} INFO - [2023-09-23T19:34:35.071+0000] {dag.py:2907} INFO - Sync 1 DAGs
[2023-09-23T19:34:35.083+0000] {logging_mixin.py:151} INFO - [2023-09-23T19:34:35.083+0000] {dag.py:3677} INFO - Setting next_dagrun for example_branch_dop_operator_v3 to 2023-09-23T19:33:00+00:00, run_after=2023-09-23T19:34:00+00:00
[2023-09-23T19:34:35.090+0000] {processor.py:179} INFO - Processing /home/airflow/.local/lib/python3.8/site-packages/airflow/example_dags/example_branch_python_dop_operator_3.py took 0.038 seconds
[2023-09-23T21:11:26.798+0000] {processor.py:157} INFO - Started process (PID=15484) to work on /home/airflow/.local/lib/python3.8/site-packages/airflow/example_dags/example_branch_python_dop_operator_3.py
[2023-09-23T21:11:26.798+0000] {processor.py:829} INFO - Processing file /home/airflow/.local/lib/python3.8/site-packages/airflow/example_dags/example_branch_python_dop_operator_3.py for tasks to queue
[2023-09-23T21:11:26.799+0000] {logging_mixin.py:151} INFO - [2023-09-23T21:11:26.799+0000] {dagbag.py:539} INFO - Filling up the DagBag from /home/airflow/.local/lib/python3.8/site-packages/airflow/example_dags/example_branch_python_dop_operator_3.py
[2023-09-23T21:11:26.805+0000] {processor.py:839} INFO - DAG(s) dict_keys(['example_branch_dop_operator_v3']) retrieved from /home/airflow/.local/lib/python3.8/site-packages/airflow/example_dags/example_branch_python_dop_operator_3.py
[2023-09-23T21:11:26.816+0000] {logging_mixin.py:151} INFO - [2023-09-23T21:11:26.816+0000] {dag.py:2907} INFO - Sync 1 DAGs
[2023-09-23T21:11:26.829+0000] {logging_mixin.py:151} INFO - [2023-09-23T21:11:26.829+0000] {dag.py:3677} INFO - Setting next_dagrun for example_branch_dop_operator_v3 to 2023-09-23T21:10:00+00:00, run_after=2023-09-23T21:11:00+00:00
[2023-09-23T21:11:26.837+0000] {processor.py:179} INFO - Processing /home/airflow/.local/lib/python3.8/site-packages/airflow/example_dags/example_branch_python_dop_operator_3.py took 0.041 seconds
[2023-09-23T22:51:00.972+0000] {processor.py:157} INFO - Started process (PID=15531) to work on /home/airflow/.local/lib/python3.8/site-packages/airflow/example_dags/example_branch_python_dop_operator_3.py
[2023-09-23T22:51:00.973+0000] {processor.py:829} INFO - Processing file /home/airflow/.local/lib/python3.8/site-packages/airflow/example_dags/example_branch_python_dop_operator_3.py for tasks to queue
[2023-09-23T22:51:00.974+0000] {logging_mixin.py:151} INFO - [2023-09-23T22:51:00.974+0000] {dagbag.py:539} INFO - Filling up the DagBag from /home/airflow/.local/lib/python3.8/site-packages/airflow/example_dags/example_branch_python_dop_operator_3.py
[2023-09-23T22:51:00.979+0000] {processor.py:839} INFO - DAG(s) dict_keys(['example_branch_dop_operator_v3']) retrieved from /home/airflow/.local/lib/python3.8/site-packages/airflow/example_dags/example_branch_python_dop_operator_3.py
[2023-09-23T22:51:00.989+0000] {logging_mixin.py:151} INFO - [2023-09-23T22:51:00.989+0000] {dag.py:2907} INFO - Sync 1 DAGs
[2023-09-23T22:51:01.002+0000] {logging_mixin.py:151} INFO - [2023-09-23T22:51:01.002+0000] {dag.py:3677} INFO - Setting next_dagrun for example_branch_dop_operator_v3 to 2023-09-23T22:50:00+00:00, run_after=2023-09-23T22:51:00+00:00
[2023-09-23T22:51:01.009+0000] {processor.py:179} INFO - Processing /home/airflow/.local/lib/python3.8/site-packages/airflow/example_dags/example_branch_python_dop_operator_3.py took 0.039 seconds
