[2023-09-23T01:22:36.098+0000] {processor.py:157} INFO - Started process (PID=14770) to work on /home/airflow/.local/lib/python3.8/site-packages/airflow/example_dags/example_latest_only_with_trigger.py
[2023-09-23T01:22:36.099+0000] {processor.py:829} INFO - Processing file /home/airflow/.local/lib/python3.8/site-packages/airflow/example_dags/example_latest_only_with_trigger.py for tasks to queue
[2023-09-23T01:22:36.100+0000] {logging_mixin.py:151} INFO - [2023-09-23T01:22:36.100+0000] {dagbag.py:539} INFO - Filling up the DagBag from /home/airflow/.local/lib/python3.8/site-packages/airflow/example_dags/example_latest_only_with_trigger.py
[2023-09-23T01:22:36.103+0000] {processor.py:839} INFO - DAG(s) dict_keys(['latest_only_with_trigger']) retrieved from /home/airflow/.local/lib/python3.8/site-packages/airflow/example_dags/example_latest_only_with_trigger.py
[2023-09-23T01:22:36.115+0000] {logging_mixin.py:151} INFO - [2023-09-23T01:22:36.114+0000] {dag.py:2907} INFO - Sync 1 DAGs
[2023-09-23T01:22:36.138+0000] {logging_mixin.py:151} INFO - [2023-09-23T01:22:36.137+0000] {dag.py:3677} INFO - Setting next_dagrun for latest_only_with_trigger to 2023-09-22T21:22:36.137844+00:00, run_after=2023-09-23T01:22:36.137844+00:00
[2023-09-23T01:22:36.145+0000] {processor.py:179} INFO - Processing /home/airflow/.local/lib/python3.8/site-packages/airflow/example_dags/example_latest_only_with_trigger.py took 0.048 seconds
[2023-09-23T03:03:38.110+0000] {processor.py:157} INFO - Started process (PID=14817) to work on /home/airflow/.local/lib/python3.8/site-packages/airflow/example_dags/example_latest_only_with_trigger.py
[2023-09-23T03:03:38.111+0000] {processor.py:829} INFO - Processing file /home/airflow/.local/lib/python3.8/site-packages/airflow/example_dags/example_latest_only_with_trigger.py for tasks to queue
[2023-09-23T03:03:38.112+0000] {logging_mixin.py:151} INFO - [2023-09-23T03:03:38.112+0000] {dagbag.py:539} INFO - Filling up the DagBag from /home/airflow/.local/lib/python3.8/site-packages/airflow/example_dags/example_latest_only_with_trigger.py
[2023-09-23T03:03:38.115+0000] {processor.py:839} INFO - DAG(s) dict_keys(['latest_only_with_trigger']) retrieved from /home/airflow/.local/lib/python3.8/site-packages/airflow/example_dags/example_latest_only_with_trigger.py
[2023-09-23T03:03:38.126+0000] {logging_mixin.py:151} INFO - [2023-09-23T03:03:38.126+0000] {dag.py:2907} INFO - Sync 1 DAGs
[2023-09-23T03:03:38.136+0000] {logging_mixin.py:151} INFO - [2023-09-23T03:03:38.136+0000] {dag.py:3677} INFO - Setting next_dagrun for latest_only_with_trigger to 2023-09-22T23:03:38.136026+00:00, run_after=2023-09-23T03:03:38.136026+00:00
[2023-09-23T03:03:38.143+0000] {processor.py:179} INFO - Processing /home/airflow/.local/lib/python3.8/site-packages/airflow/example_dags/example_latest_only_with_trigger.py took 0.034 seconds
[2023-09-23T04:40:41.944+0000] {processor.py:157} INFO - Started process (PID=14864) to work on /home/airflow/.local/lib/python3.8/site-packages/airflow/example_dags/example_latest_only_with_trigger.py
[2023-09-23T04:40:41.945+0000] {processor.py:829} INFO - Processing file /home/airflow/.local/lib/python3.8/site-packages/airflow/example_dags/example_latest_only_with_trigger.py for tasks to queue
[2023-09-23T04:40:41.946+0000] {logging_mixin.py:151} INFO - [2023-09-23T04:40:41.946+0000] {dagbag.py:539} INFO - Filling up the DagBag from /home/airflow/.local/lib/python3.8/site-packages/airflow/example_dags/example_latest_only_with_trigger.py
[2023-09-23T04:40:41.950+0000] {processor.py:839} INFO - DAG(s) dict_keys(['latest_only_with_trigger']) retrieved from /home/airflow/.local/lib/python3.8/site-packages/airflow/example_dags/example_latest_only_with_trigger.py
[2023-09-23T04:40:41.965+0000] {logging_mixin.py:151} INFO - [2023-09-23T04:40:41.965+0000] {dag.py:2907} INFO - Sync 1 DAGs
[2023-09-23T04:40:41.975+0000] {logging_mixin.py:151} INFO - [2023-09-23T04:40:41.975+0000] {dag.py:3677} INFO - Setting next_dagrun for latest_only_with_trigger to 2023-09-23T00:40:41.974966+00:00, run_after=2023-09-23T04:40:41.974966+00:00
[2023-09-23T04:40:41.982+0000] {processor.py:179} INFO - Processing /home/airflow/.local/lib/python3.8/site-packages/airflow/example_dags/example_latest_only_with_trigger.py took 0.040 seconds
[2023-09-23T06:01:19.793+0000] {processor.py:157} INFO - Started process (PID=14911) to work on /home/airflow/.local/lib/python3.8/site-packages/airflow/example_dags/example_latest_only_with_trigger.py
[2023-09-23T06:01:19.796+0000] {processor.py:829} INFO - Processing file /home/airflow/.local/lib/python3.8/site-packages/airflow/example_dags/example_latest_only_with_trigger.py for tasks to queue
[2023-09-23T06:01:19.800+0000] {logging_mixin.py:151} INFO - [2023-09-23T06:01:19.800+0000] {dagbag.py:539} INFO - Filling up the DagBag from /home/airflow/.local/lib/python3.8/site-packages/airflow/example_dags/example_latest_only_with_trigger.py
[2023-09-23T06:01:19.805+0000] {processor.py:839} INFO - DAG(s) dict_keys(['latest_only_with_trigger']) retrieved from /home/airflow/.local/lib/python3.8/site-packages/airflow/example_dags/example_latest_only_with_trigger.py
[2023-09-23T06:01:19.837+0000] {logging_mixin.py:151} INFO - [2023-09-23T06:01:19.836+0000] {dag.py:2907} INFO - Sync 1 DAGs
[2023-09-23T06:01:19.862+0000] {logging_mixin.py:151} INFO - [2023-09-23T06:01:19.861+0000] {dag.py:3677} INFO - Setting next_dagrun for latest_only_with_trigger to 2023-09-23T02:01:19.861664+00:00, run_after=2023-09-23T06:01:19.861664+00:00
[2023-09-23T06:01:19.888+0000] {processor.py:179} INFO - Processing /home/airflow/.local/lib/python3.8/site-packages/airflow/example_dags/example_latest_only_with_trigger.py took 0.098 seconds
[2023-09-23T07:38:21.015+0000] {processor.py:157} INFO - Started process (PID=14958) to work on /home/airflow/.local/lib/python3.8/site-packages/airflow/example_dags/example_latest_only_with_trigger.py
[2023-09-23T07:38:21.016+0000] {processor.py:829} INFO - Processing file /home/airflow/.local/lib/python3.8/site-packages/airflow/example_dags/example_latest_only_with_trigger.py for tasks to queue
[2023-09-23T07:38:21.017+0000] {logging_mixin.py:151} INFO - [2023-09-23T07:38:21.017+0000] {dagbag.py:539} INFO - Filling up the DagBag from /home/airflow/.local/lib/python3.8/site-packages/airflow/example_dags/example_latest_only_with_trigger.py
[2023-09-23T07:38:21.020+0000] {processor.py:839} INFO - DAG(s) dict_keys(['latest_only_with_trigger']) retrieved from /home/airflow/.local/lib/python3.8/site-packages/airflow/example_dags/example_latest_only_with_trigger.py
[2023-09-23T07:38:21.030+0000] {logging_mixin.py:151} INFO - [2023-09-23T07:38:21.030+0000] {dag.py:2907} INFO - Sync 1 DAGs
[2023-09-23T07:38:21.040+0000] {logging_mixin.py:151} INFO - [2023-09-23T07:38:21.040+0000] {dag.py:3677} INFO - Setting next_dagrun for latest_only_with_trigger to 2023-09-23T03:38:21.040462+00:00, run_after=2023-09-23T07:38:21.040462+00:00
[2023-09-23T07:38:21.048+0000] {processor.py:179} INFO - Processing /home/airflow/.local/lib/python3.8/site-packages/airflow/example_dags/example_latest_only_with_trigger.py took 0.035 seconds
[2023-09-23T08:10:18.968+0000] {processor.py:157} INFO - Started process (PID=15005) to work on /home/airflow/.local/lib/python3.8/site-packages/airflow/example_dags/example_latest_only_with_trigger.py
[2023-09-23T08:10:18.968+0000] {processor.py:829} INFO - Processing file /home/airflow/.local/lib/python3.8/site-packages/airflow/example_dags/example_latest_only_with_trigger.py for tasks to queue
[2023-09-23T08:10:18.969+0000] {logging_mixin.py:151} INFO - [2023-09-23T08:10:18.969+0000] {dagbag.py:539} INFO - Filling up the DagBag from /home/airflow/.local/lib/python3.8/site-packages/airflow/example_dags/example_latest_only_with_trigger.py
[2023-09-23T08:10:18.973+0000] {processor.py:839} INFO - DAG(s) dict_keys(['latest_only_with_trigger']) retrieved from /home/airflow/.local/lib/python3.8/site-packages/airflow/example_dags/example_latest_only_with_trigger.py
[2023-09-23T08:10:18.983+0000] {logging_mixin.py:151} INFO - [2023-09-23T08:10:18.983+0000] {dag.py:2907} INFO - Sync 1 DAGs
[2023-09-23T08:10:18.993+0000] {logging_mixin.py:151} INFO - [2023-09-23T08:10:18.993+0000] {dag.py:3677} INFO - Setting next_dagrun for latest_only_with_trigger to 2023-09-23T04:10:18.993779+00:00, run_after=2023-09-23T08:10:18.993779+00:00
[2023-09-23T08:10:19.001+0000] {processor.py:179} INFO - Processing /home/airflow/.local/lib/python3.8/site-packages/airflow/example_dags/example_latest_only_with_trigger.py took 0.035 seconds
[2023-09-23T08:58:59.613+0000] {processor.py:157} INFO - Started process (PID=15052) to work on /home/airflow/.local/lib/python3.8/site-packages/airflow/example_dags/example_latest_only_with_trigger.py
[2023-09-23T08:58:59.614+0000] {processor.py:829} INFO - Processing file /home/airflow/.local/lib/python3.8/site-packages/airflow/example_dags/example_latest_only_with_trigger.py for tasks to queue
[2023-09-23T08:58:59.615+0000] {logging_mixin.py:151} INFO - [2023-09-23T08:58:59.615+0000] {dagbag.py:539} INFO - Filling up the DagBag from /home/airflow/.local/lib/python3.8/site-packages/airflow/example_dags/example_latest_only_with_trigger.py
[2023-09-23T08:58:59.619+0000] {processor.py:839} INFO - DAG(s) dict_keys(['latest_only_with_trigger']) retrieved from /home/airflow/.local/lib/python3.8/site-packages/airflow/example_dags/example_latest_only_with_trigger.py
[2023-09-23T08:58:59.631+0000] {logging_mixin.py:151} INFO - [2023-09-23T08:58:59.631+0000] {dag.py:2907} INFO - Sync 1 DAGs
[2023-09-23T08:58:59.640+0000] {logging_mixin.py:151} INFO - [2023-09-23T08:58:59.640+0000] {dag.py:3677} INFO - Setting next_dagrun for latest_only_with_trigger to 2023-09-23T04:58:59.640669+00:00, run_after=2023-09-23T08:58:59.640669+00:00
[2023-09-23T08:58:59.647+0000] {processor.py:179} INFO - Processing /home/airflow/.local/lib/python3.8/site-packages/airflow/example_dags/example_latest_only_with_trigger.py took 0.036 seconds
[2023-09-23T10:23:07.107+0000] {processor.py:157} INFO - Started process (PID=15099) to work on /home/airflow/.local/lib/python3.8/site-packages/airflow/example_dags/example_latest_only_with_trigger.py
[2023-09-23T10:23:07.108+0000] {processor.py:829} INFO - Processing file /home/airflow/.local/lib/python3.8/site-packages/airflow/example_dags/example_latest_only_with_trigger.py for tasks to queue
[2023-09-23T10:23:07.109+0000] {logging_mixin.py:151} INFO - [2023-09-23T10:23:07.109+0000] {dagbag.py:539} INFO - Filling up the DagBag from /home/airflow/.local/lib/python3.8/site-packages/airflow/example_dags/example_latest_only_with_trigger.py
[2023-09-23T10:23:07.112+0000] {processor.py:839} INFO - DAG(s) dict_keys(['latest_only_with_trigger']) retrieved from /home/airflow/.local/lib/python3.8/site-packages/airflow/example_dags/example_latest_only_with_trigger.py
[2023-09-23T10:23:07.123+0000] {logging_mixin.py:151} INFO - [2023-09-23T10:23:07.123+0000] {dag.py:2907} INFO - Sync 1 DAGs
[2023-09-23T10:23:07.133+0000] {logging_mixin.py:151} INFO - [2023-09-23T10:23:07.133+0000] {dag.py:3677} INFO - Setting next_dagrun for latest_only_with_trigger to 2023-09-23T06:23:07.133148+00:00, run_after=2023-09-23T10:23:07.133148+00:00
[2023-09-23T10:23:07.140+0000] {processor.py:179} INFO - Processing /home/airflow/.local/lib/python3.8/site-packages/airflow/example_dags/example_latest_only_with_trigger.py took 0.035 seconds
[2023-09-23T12:03:21.771+0000] {processor.py:157} INFO - Started process (PID=15146) to work on /home/airflow/.local/lib/python3.8/site-packages/airflow/example_dags/example_latest_only_with_trigger.py
[2023-09-23T12:03:21.777+0000] {processor.py:829} INFO - Processing file /home/airflow/.local/lib/python3.8/site-packages/airflow/example_dags/example_latest_only_with_trigger.py for tasks to queue
[2023-09-23T12:03:21.783+0000] {logging_mixin.py:151} INFO - [2023-09-23T12:03:21.782+0000] {dagbag.py:539} INFO - Filling up the DagBag from /home/airflow/.local/lib/python3.8/site-packages/airflow/example_dags/example_latest_only_with_trigger.py
[2023-09-23T12:03:21.792+0000] {processor.py:839} INFO - DAG(s) dict_keys(['latest_only_with_trigger']) retrieved from /home/airflow/.local/lib/python3.8/site-packages/airflow/example_dags/example_latest_only_with_trigger.py
[2023-09-23T12:03:21.826+0000] {logging_mixin.py:151} INFO - [2023-09-23T12:03:21.826+0000] {dag.py:2907} INFO - Sync 1 DAGs
[2023-09-23T12:03:21.847+0000] {logging_mixin.py:151} INFO - [2023-09-23T12:03:21.847+0000] {dag.py:3677} INFO - Setting next_dagrun for latest_only_with_trigger to 2023-09-23T08:03:21.847368+00:00, run_after=2023-09-23T12:03:21.847368+00:00
[2023-09-23T12:03:21.871+0000] {processor.py:179} INFO - Processing /home/airflow/.local/lib/python3.8/site-packages/airflow/example_dags/example_latest_only_with_trigger.py took 0.104 seconds
[2023-09-23T13:45:38.437+0000] {processor.py:157} INFO - Started process (PID=15193) to work on /home/airflow/.local/lib/python3.8/site-packages/airflow/example_dags/example_latest_only_with_trigger.py
[2023-09-23T13:45:38.438+0000] {processor.py:829} INFO - Processing file /home/airflow/.local/lib/python3.8/site-packages/airflow/example_dags/example_latest_only_with_trigger.py for tasks to queue
[2023-09-23T13:45:38.440+0000] {logging_mixin.py:151} INFO - [2023-09-23T13:45:38.440+0000] {dagbag.py:539} INFO - Filling up the DagBag from /home/airflow/.local/lib/python3.8/site-packages/airflow/example_dags/example_latest_only_with_trigger.py
[2023-09-23T13:45:38.444+0000] {processor.py:839} INFO - DAG(s) dict_keys(['latest_only_with_trigger']) retrieved from /home/airflow/.local/lib/python3.8/site-packages/airflow/example_dags/example_latest_only_with_trigger.py
[2023-09-23T13:45:38.455+0000] {logging_mixin.py:151} INFO - [2023-09-23T13:45:38.455+0000] {dag.py:2907} INFO - Sync 1 DAGs
[2023-09-23T13:45:38.465+0000] {logging_mixin.py:151} INFO - [2023-09-23T13:45:38.465+0000] {dag.py:3677} INFO - Setting next_dagrun for latest_only_with_trigger to 2023-09-23T09:45:38.465562+00:00, run_after=2023-09-23T13:45:38.465562+00:00
[2023-09-23T13:45:38.473+0000] {processor.py:179} INFO - Processing /home/airflow/.local/lib/python3.8/site-packages/airflow/example_dags/example_latest_only_with_trigger.py took 0.037 seconds
[2023-09-23T15:06:15.764+0000] {processor.py:157} INFO - Started process (PID=15240) to work on /home/airflow/.local/lib/python3.8/site-packages/airflow/example_dags/example_latest_only_with_trigger.py
[2023-09-23T15:06:15.764+0000] {processor.py:829} INFO - Processing file /home/airflow/.local/lib/python3.8/site-packages/airflow/example_dags/example_latest_only_with_trigger.py for tasks to queue
[2023-09-23T15:06:15.765+0000] {logging_mixin.py:151} INFO - [2023-09-23T15:06:15.765+0000] {dagbag.py:539} INFO - Filling up the DagBag from /home/airflow/.local/lib/python3.8/site-packages/airflow/example_dags/example_latest_only_with_trigger.py
[2023-09-23T15:06:15.769+0000] {processor.py:839} INFO - DAG(s) dict_keys(['latest_only_with_trigger']) retrieved from /home/airflow/.local/lib/python3.8/site-packages/airflow/example_dags/example_latest_only_with_trigger.py
[2023-09-23T15:06:15.779+0000] {logging_mixin.py:151} INFO - [2023-09-23T15:06:15.779+0000] {dag.py:2907} INFO - Sync 1 DAGs
[2023-09-23T15:06:15.789+0000] {logging_mixin.py:151} INFO - [2023-09-23T15:06:15.789+0000] {dag.py:3677} INFO - Setting next_dagrun for latest_only_with_trigger to 2023-09-23T11:06:15.789609+00:00, run_after=2023-09-23T15:06:15.789609+00:00
[2023-09-23T15:06:15.797+0000] {processor.py:179} INFO - Processing /home/airflow/.local/lib/python3.8/site-packages/airflow/example_dags/example_latest_only_with_trigger.py took 0.035 seconds
[2023-09-23T16:49:15.351+0000] {processor.py:157} INFO - Started process (PID=15287) to work on /home/airflow/.local/lib/python3.8/site-packages/airflow/example_dags/example_latest_only_with_trigger.py
[2023-09-23T16:49:15.352+0000] {processor.py:829} INFO - Processing file /home/airflow/.local/lib/python3.8/site-packages/airflow/example_dags/example_latest_only_with_trigger.py for tasks to queue
[2023-09-23T16:49:15.353+0000] {logging_mixin.py:151} INFO - [2023-09-23T16:49:15.353+0000] {dagbag.py:539} INFO - Filling up the DagBag from /home/airflow/.local/lib/python3.8/site-packages/airflow/example_dags/example_latest_only_with_trigger.py
[2023-09-23T16:49:15.358+0000] {processor.py:839} INFO - DAG(s) dict_keys(['latest_only_with_trigger']) retrieved from /home/airflow/.local/lib/python3.8/site-packages/airflow/example_dags/example_latest_only_with_trigger.py
[2023-09-23T16:49:15.369+0000] {logging_mixin.py:151} INFO - [2023-09-23T16:49:15.369+0000] {dag.py:2907} INFO - Sync 1 DAGs
[2023-09-23T16:49:15.378+0000] {logging_mixin.py:151} INFO - [2023-09-23T16:49:15.378+0000] {dag.py:3677} INFO - Setting next_dagrun for latest_only_with_trigger to 2023-09-23T12:49:15.378648+00:00, run_after=2023-09-23T16:49:15.378648+00:00
[2023-09-23T16:49:15.386+0000] {processor.py:179} INFO - Processing /home/airflow/.local/lib/python3.8/site-packages/airflow/example_dags/example_latest_only_with_trigger.py took 0.038 seconds
[2023-09-23T17:24:36.108+0000] {processor.py:157} INFO - Started process (PID=15334) to work on /home/airflow/.local/lib/python3.8/site-packages/airflow/example_dags/example_latest_only_with_trigger.py
[2023-09-23T17:24:36.109+0000] {processor.py:829} INFO - Processing file /home/airflow/.local/lib/python3.8/site-packages/airflow/example_dags/example_latest_only_with_trigger.py for tasks to queue
[2023-09-23T17:24:36.110+0000] {logging_mixin.py:151} INFO - [2023-09-23T17:24:36.110+0000] {dagbag.py:539} INFO - Filling up the DagBag from /home/airflow/.local/lib/python3.8/site-packages/airflow/example_dags/example_latest_only_with_trigger.py
[2023-09-23T17:24:36.114+0000] {processor.py:839} INFO - DAG(s) dict_keys(['latest_only_with_trigger']) retrieved from /home/airflow/.local/lib/python3.8/site-packages/airflow/example_dags/example_latest_only_with_trigger.py
[2023-09-23T17:24:36.126+0000] {logging_mixin.py:151} INFO - [2023-09-23T17:24:36.126+0000] {dag.py:2907} INFO - Sync 1 DAGs
[2023-09-23T17:24:36.148+0000] {logging_mixin.py:151} INFO - [2023-09-23T17:24:36.148+0000] {dag.py:3677} INFO - Setting next_dagrun for latest_only_with_trigger to 2023-09-23T13:24:36.148453+00:00, run_after=2023-09-23T17:24:36.148453+00:00
[2023-09-23T17:24:36.178+0000] {processor.py:179} INFO - Processing /home/airflow/.local/lib/python3.8/site-packages/airflow/example_dags/example_latest_only_with_trigger.py took 0.072 seconds
[2023-09-23T18:13:05.775+0000] {processor.py:157} INFO - Started process (PID=15381) to work on /home/airflow/.local/lib/python3.8/site-packages/airflow/example_dags/example_latest_only_with_trigger.py
[2023-09-23T18:13:05.780+0000] {processor.py:829} INFO - Processing file /home/airflow/.local/lib/python3.8/site-packages/airflow/example_dags/example_latest_only_with_trigger.py for tasks to queue
[2023-09-23T18:13:05.784+0000] {logging_mixin.py:151} INFO - [2023-09-23T18:13:05.783+0000] {dagbag.py:539} INFO - Filling up the DagBag from /home/airflow/.local/lib/python3.8/site-packages/airflow/example_dags/example_latest_only_with_trigger.py
[2023-09-23T18:13:05.796+0000] {processor.py:839} INFO - DAG(s) dict_keys(['latest_only_with_trigger']) retrieved from /home/airflow/.local/lib/python3.8/site-packages/airflow/example_dags/example_latest_only_with_trigger.py
[2023-09-23T18:13:05.822+0000] {logging_mixin.py:151} INFO - [2023-09-23T18:13:05.822+0000] {dag.py:2907} INFO - Sync 1 DAGs
[2023-09-23T18:13:05.842+0000] {logging_mixin.py:151} INFO - [2023-09-23T18:13:05.842+0000] {dag.py:3677} INFO - Setting next_dagrun for latest_only_with_trigger to 2023-09-23T14:13:05.842616+00:00, run_after=2023-09-23T18:13:05.842616+00:00
[2023-09-23T18:13:05.858+0000] {processor.py:179} INFO - Processing /home/airflow/.local/lib/python3.8/site-packages/airflow/example_dags/example_latest_only_with_trigger.py took 0.091 seconds
[2023-09-23T19:34:34.713+0000] {processor.py:157} INFO - Started process (PID=15428) to work on /home/airflow/.local/lib/python3.8/site-packages/airflow/example_dags/example_latest_only_with_trigger.py
[2023-09-23T19:34:34.714+0000] {processor.py:829} INFO - Processing file /home/airflow/.local/lib/python3.8/site-packages/airflow/example_dags/example_latest_only_with_trigger.py for tasks to queue
[2023-09-23T19:34:34.715+0000] {logging_mixin.py:151} INFO - [2023-09-23T19:34:34.715+0000] {dagbag.py:539} INFO - Filling up the DagBag from /home/airflow/.local/lib/python3.8/site-packages/airflow/example_dags/example_latest_only_with_trigger.py
[2023-09-23T19:34:34.718+0000] {processor.py:839} INFO - DAG(s) dict_keys(['latest_only_with_trigger']) retrieved from /home/airflow/.local/lib/python3.8/site-packages/airflow/example_dags/example_latest_only_with_trigger.py
[2023-09-23T19:34:34.728+0000] {logging_mixin.py:151} INFO - [2023-09-23T19:34:34.728+0000] {dag.py:2907} INFO - Sync 1 DAGs
[2023-09-23T19:34:34.738+0000] {logging_mixin.py:151} INFO - [2023-09-23T19:34:34.738+0000] {dag.py:3677} INFO - Setting next_dagrun for latest_only_with_trigger to 2023-09-23T15:34:34.738168+00:00, run_after=2023-09-23T19:34:34.738168+00:00
[2023-09-23T19:34:34.745+0000] {processor.py:179} INFO - Processing /home/airflow/.local/lib/python3.8/site-packages/airflow/example_dags/example_latest_only_with_trigger.py took 0.034 seconds
[2023-09-23T21:11:25.892+0000] {processor.py:157} INFO - Started process (PID=15475) to work on /home/airflow/.local/lib/python3.8/site-packages/airflow/example_dags/example_latest_only_with_trigger.py
[2023-09-23T21:11:25.898+0000] {processor.py:829} INFO - Processing file /home/airflow/.local/lib/python3.8/site-packages/airflow/example_dags/example_latest_only_with_trigger.py for tasks to queue
[2023-09-23T21:11:25.902+0000] {logging_mixin.py:151} INFO - [2023-09-23T21:11:25.902+0000] {dagbag.py:539} INFO - Filling up the DagBag from /home/airflow/.local/lib/python3.8/site-packages/airflow/example_dags/example_latest_only_with_trigger.py
[2023-09-23T21:11:25.907+0000] {processor.py:839} INFO - DAG(s) dict_keys(['latest_only_with_trigger']) retrieved from /home/airflow/.local/lib/python3.8/site-packages/airflow/example_dags/example_latest_only_with_trigger.py
[2023-09-23T21:11:25.939+0000] {logging_mixin.py:151} INFO - [2023-09-23T21:11:25.939+0000] {dag.py:2907} INFO - Sync 1 DAGs
[2023-09-23T21:11:25.962+0000] {logging_mixin.py:151} INFO - [2023-09-23T21:11:25.962+0000] {dag.py:3677} INFO - Setting next_dagrun for latest_only_with_trigger to 2023-09-23T17:11:25.962031+00:00, run_after=2023-09-23T21:11:25.962031+00:00
[2023-09-23T21:11:25.992+0000] {processor.py:179} INFO - Processing /home/airflow/.local/lib/python3.8/site-packages/airflow/example_dags/example_latest_only_with_trigger.py took 0.104 seconds
[2023-09-23T22:51:00.619+0000] {processor.py:157} INFO - Started process (PID=15522) to work on /home/airflow/.local/lib/python3.8/site-packages/airflow/example_dags/example_latest_only_with_trigger.py
[2023-09-23T22:51:00.619+0000] {processor.py:829} INFO - Processing file /home/airflow/.local/lib/python3.8/site-packages/airflow/example_dags/example_latest_only_with_trigger.py for tasks to queue
[2023-09-23T22:51:00.620+0000] {logging_mixin.py:151} INFO - [2023-09-23T22:51:00.620+0000] {dagbag.py:539} INFO - Filling up the DagBag from /home/airflow/.local/lib/python3.8/site-packages/airflow/example_dags/example_latest_only_with_trigger.py
[2023-09-23T22:51:00.623+0000] {processor.py:839} INFO - DAG(s) dict_keys(['latest_only_with_trigger']) retrieved from /home/airflow/.local/lib/python3.8/site-packages/airflow/example_dags/example_latest_only_with_trigger.py
[2023-09-23T22:51:00.633+0000] {logging_mixin.py:151} INFO - [2023-09-23T22:51:00.633+0000] {dag.py:2907} INFO - Sync 1 DAGs
[2023-09-23T22:51:00.642+0000] {logging_mixin.py:151} INFO - [2023-09-23T22:51:00.642+0000] {dag.py:3677} INFO - Setting next_dagrun for latest_only_with_trigger to 2023-09-23T18:51:00.642423+00:00, run_after=2023-09-23T22:51:00.642423+00:00
[2023-09-23T22:51:00.649+0000] {processor.py:179} INFO - Processing /home/airflow/.local/lib/python3.8/site-packages/airflow/example_dags/example_latest_only_with_trigger.py took 0.032 seconds
