[2023-09-23T01:22:36.488+0000] {processor.py:157} INFO - Started process (PID=14780) to work on /home/airflow/.local/lib/python3.8/site-packages/airflow/example_dags/example_latest_only.py
[2023-09-23T01:22:36.488+0000] {processor.py:829} INFO - Processing file /home/airflow/.local/lib/python3.8/site-packages/airflow/example_dags/example_latest_only.py for tasks to queue
[2023-09-23T01:22:36.490+0000] {logging_mixin.py:151} INFO - [2023-09-23T01:22:36.489+0000] {dagbag.py:539} INFO - Filling up the DagBag from /home/airflow/.local/lib/python3.8/site-packages/airflow/example_dags/example_latest_only.py
[2023-09-23T01:22:36.492+0000] {processor.py:839} INFO - DAG(s) dict_keys(['latest_only']) retrieved from /home/airflow/.local/lib/python3.8/site-packages/airflow/example_dags/example_latest_only.py
[2023-09-23T01:22:36.511+0000] {logging_mixin.py:151} INFO - [2023-09-23T01:22:36.511+0000] {dag.py:2907} INFO - Sync 1 DAGs
[2023-09-23T01:22:36.520+0000] {logging_mixin.py:151} INFO - [2023-09-23T01:22:36.520+0000] {dag.py:3677} INFO - Setting next_dagrun for latest_only to 2023-09-22T21:22:36.520308+00:00, run_after=2023-09-23T01:22:36.520308+00:00
[2023-09-23T01:22:36.527+0000] {processor.py:179} INFO - Processing /home/airflow/.local/lib/python3.8/site-packages/airflow/example_dags/example_latest_only.py took 0.042 seconds
[2023-09-23T03:03:38.440+0000] {processor.py:157} INFO - Started process (PID=14827) to work on /home/airflow/.local/lib/python3.8/site-packages/airflow/example_dags/example_latest_only.py
[2023-09-23T03:03:38.441+0000] {processor.py:829} INFO - Processing file /home/airflow/.local/lib/python3.8/site-packages/airflow/example_dags/example_latest_only.py for tasks to queue
[2023-09-23T03:03:38.442+0000] {logging_mixin.py:151} INFO - [2023-09-23T03:03:38.442+0000] {dagbag.py:539} INFO - Filling up the DagBag from /home/airflow/.local/lib/python3.8/site-packages/airflow/example_dags/example_latest_only.py
[2023-09-23T03:03:38.445+0000] {processor.py:839} INFO - DAG(s) dict_keys(['latest_only']) retrieved from /home/airflow/.local/lib/python3.8/site-packages/airflow/example_dags/example_latest_only.py
[2023-09-23T03:03:38.455+0000] {logging_mixin.py:151} INFO - [2023-09-23T03:03:38.455+0000] {dag.py:2907} INFO - Sync 1 DAGs
[2023-09-23T03:03:38.465+0000] {logging_mixin.py:151} INFO - [2023-09-23T03:03:38.465+0000] {dag.py:3677} INFO - Setting next_dagrun for latest_only to 2023-09-22T23:03:38.464994+00:00, run_after=2023-09-23T03:03:38.464994+00:00
[2023-09-23T03:03:38.472+0000] {processor.py:179} INFO - Processing /home/airflow/.local/lib/python3.8/site-packages/airflow/example_dags/example_latest_only.py took 0.034 seconds
[2023-09-23T04:40:42.324+0000] {processor.py:157} INFO - Started process (PID=14874) to work on /home/airflow/.local/lib/python3.8/site-packages/airflow/example_dags/example_latest_only.py
[2023-09-23T04:40:42.325+0000] {processor.py:829} INFO - Processing file /home/airflow/.local/lib/python3.8/site-packages/airflow/example_dags/example_latest_only.py for tasks to queue
[2023-09-23T04:40:42.326+0000] {logging_mixin.py:151} INFO - [2023-09-23T04:40:42.326+0000] {dagbag.py:539} INFO - Filling up the DagBag from /home/airflow/.local/lib/python3.8/site-packages/airflow/example_dags/example_latest_only.py
[2023-09-23T04:40:42.329+0000] {processor.py:839} INFO - DAG(s) dict_keys(['latest_only']) retrieved from /home/airflow/.local/lib/python3.8/site-packages/airflow/example_dags/example_latest_only.py
[2023-09-23T04:40:42.339+0000] {logging_mixin.py:151} INFO - [2023-09-23T04:40:42.339+0000] {dag.py:2907} INFO - Sync 1 DAGs
[2023-09-23T04:40:42.349+0000] {logging_mixin.py:151} INFO - [2023-09-23T04:40:42.349+0000] {dag.py:3677} INFO - Setting next_dagrun for latest_only to 2023-09-23T00:40:42.349286+00:00, run_after=2023-09-23T04:40:42.349286+00:00
[2023-09-23T04:40:42.357+0000] {processor.py:179} INFO - Processing /home/airflow/.local/lib/python3.8/site-packages/airflow/example_dags/example_latest_only.py took 0.034 seconds
[2023-09-23T06:01:20.653+0000] {processor.py:157} INFO - Started process (PID=14921) to work on /home/airflow/.local/lib/python3.8/site-packages/airflow/example_dags/example_latest_only.py
[2023-09-23T06:01:20.653+0000] {processor.py:829} INFO - Processing file /home/airflow/.local/lib/python3.8/site-packages/airflow/example_dags/example_latest_only.py for tasks to queue
[2023-09-23T06:01:20.655+0000] {logging_mixin.py:151} INFO - [2023-09-23T06:01:20.654+0000] {dagbag.py:539} INFO - Filling up the DagBag from /home/airflow/.local/lib/python3.8/site-packages/airflow/example_dags/example_latest_only.py
[2023-09-23T06:01:20.658+0000] {processor.py:839} INFO - DAG(s) dict_keys(['latest_only']) retrieved from /home/airflow/.local/lib/python3.8/site-packages/airflow/example_dags/example_latest_only.py
[2023-09-23T06:01:20.668+0000] {logging_mixin.py:151} INFO - [2023-09-23T06:01:20.668+0000] {dag.py:2907} INFO - Sync 1 DAGs
[2023-09-23T06:01:20.678+0000] {logging_mixin.py:151} INFO - [2023-09-23T06:01:20.678+0000] {dag.py:3677} INFO - Setting next_dagrun for latest_only to 2023-09-23T02:01:20.678157+00:00, run_after=2023-09-23T06:01:20.678157+00:00
[2023-09-23T06:01:20.685+0000] {processor.py:179} INFO - Processing /home/airflow/.local/lib/python3.8/site-packages/airflow/example_dags/example_latest_only.py took 0.034 seconds
[2023-09-23T07:38:21.351+0000] {processor.py:157} INFO - Started process (PID=14968) to work on /home/airflow/.local/lib/python3.8/site-packages/airflow/example_dags/example_latest_only.py
[2023-09-23T07:38:21.351+0000] {processor.py:829} INFO - Processing file /home/airflow/.local/lib/python3.8/site-packages/airflow/example_dags/example_latest_only.py for tasks to queue
[2023-09-23T07:38:21.353+0000] {logging_mixin.py:151} INFO - [2023-09-23T07:38:21.353+0000] {dagbag.py:539} INFO - Filling up the DagBag from /home/airflow/.local/lib/python3.8/site-packages/airflow/example_dags/example_latest_only.py
[2023-09-23T07:38:21.356+0000] {processor.py:839} INFO - DAG(s) dict_keys(['latest_only']) retrieved from /home/airflow/.local/lib/python3.8/site-packages/airflow/example_dags/example_latest_only.py
[2023-09-23T07:38:21.366+0000] {logging_mixin.py:151} INFO - [2023-09-23T07:38:21.366+0000] {dag.py:2907} INFO - Sync 1 DAGs
[2023-09-23T07:38:21.376+0000] {logging_mixin.py:151} INFO - [2023-09-23T07:38:21.376+0000] {dag.py:3677} INFO - Setting next_dagrun for latest_only to 2023-09-23T03:38:21.376163+00:00, run_after=2023-09-23T07:38:21.376163+00:00
[2023-09-23T07:38:21.385+0000] {processor.py:179} INFO - Processing /home/airflow/.local/lib/python3.8/site-packages/airflow/example_dags/example_latest_only.py took 0.036 seconds
[2023-09-23T08:10:19.300+0000] {processor.py:157} INFO - Started process (PID=15015) to work on /home/airflow/.local/lib/python3.8/site-packages/airflow/example_dags/example_latest_only.py
[2023-09-23T08:10:19.300+0000] {processor.py:829} INFO - Processing file /home/airflow/.local/lib/python3.8/site-packages/airflow/example_dags/example_latest_only.py for tasks to queue
[2023-09-23T08:10:19.301+0000] {logging_mixin.py:151} INFO - [2023-09-23T08:10:19.301+0000] {dagbag.py:539} INFO - Filling up the DagBag from /home/airflow/.local/lib/python3.8/site-packages/airflow/example_dags/example_latest_only.py
[2023-09-23T08:10:19.304+0000] {processor.py:839} INFO - DAG(s) dict_keys(['latest_only']) retrieved from /home/airflow/.local/lib/python3.8/site-packages/airflow/example_dags/example_latest_only.py
[2023-09-23T08:10:19.315+0000] {logging_mixin.py:151} INFO - [2023-09-23T08:10:19.315+0000] {dag.py:2907} INFO - Sync 1 DAGs
[2023-09-23T08:10:19.325+0000] {logging_mixin.py:151} INFO - [2023-09-23T08:10:19.325+0000] {dag.py:3677} INFO - Setting next_dagrun for latest_only to 2023-09-23T04:10:19.324879+00:00, run_after=2023-09-23T08:10:19.324879+00:00
[2023-09-23T08:10:19.333+0000] {processor.py:179} INFO - Processing /home/airflow/.local/lib/python3.8/site-packages/airflow/example_dags/example_latest_only.py took 0.035 seconds
[2023-09-23T08:59:00.011+0000] {processor.py:157} INFO - Started process (PID=15062) to work on /home/airflow/.local/lib/python3.8/site-packages/airflow/example_dags/example_latest_only.py
[2023-09-23T08:59:00.012+0000] {processor.py:829} INFO - Processing file /home/airflow/.local/lib/python3.8/site-packages/airflow/example_dags/example_latest_only.py for tasks to queue
[2023-09-23T08:59:00.013+0000] {logging_mixin.py:151} INFO - [2023-09-23T08:59:00.013+0000] {dagbag.py:539} INFO - Filling up the DagBag from /home/airflow/.local/lib/python3.8/site-packages/airflow/example_dags/example_latest_only.py
[2023-09-23T08:59:00.016+0000] {processor.py:839} INFO - DAG(s) dict_keys(['latest_only']) retrieved from /home/airflow/.local/lib/python3.8/site-packages/airflow/example_dags/example_latest_only.py
[2023-09-23T08:59:00.026+0000] {logging_mixin.py:151} INFO - [2023-09-23T08:59:00.026+0000] {dag.py:2907} INFO - Sync 1 DAGs
[2023-09-23T08:59:00.037+0000] {logging_mixin.py:151} INFO - [2023-09-23T08:59:00.036+0000] {dag.py:3677} INFO - Setting next_dagrun for latest_only to 2023-09-23T04:59:00.036865+00:00, run_after=2023-09-23T08:59:00.036865+00:00
[2023-09-23T08:59:00.044+0000] {processor.py:179} INFO - Processing /home/airflow/.local/lib/python3.8/site-packages/airflow/example_dags/example_latest_only.py took 0.035 seconds
[2023-09-23T10:23:07.458+0000] {processor.py:157} INFO - Started process (PID=15109) to work on /home/airflow/.local/lib/python3.8/site-packages/airflow/example_dags/example_latest_only.py
[2023-09-23T10:23:07.459+0000] {processor.py:829} INFO - Processing file /home/airflow/.local/lib/python3.8/site-packages/airflow/example_dags/example_latest_only.py for tasks to queue
[2023-09-23T10:23:07.460+0000] {logging_mixin.py:151} INFO - [2023-09-23T10:23:07.460+0000] {dagbag.py:539} INFO - Filling up the DagBag from /home/airflow/.local/lib/python3.8/site-packages/airflow/example_dags/example_latest_only.py
[2023-09-23T10:23:07.463+0000] {processor.py:839} INFO - DAG(s) dict_keys(['latest_only']) retrieved from /home/airflow/.local/lib/python3.8/site-packages/airflow/example_dags/example_latest_only.py
[2023-09-23T10:23:07.473+0000] {logging_mixin.py:151} INFO - [2023-09-23T10:23:07.473+0000] {dag.py:2907} INFO - Sync 1 DAGs
[2023-09-23T10:23:07.483+0000] {logging_mixin.py:151} INFO - [2023-09-23T10:23:07.483+0000] {dag.py:3677} INFO - Setting next_dagrun for latest_only to 2023-09-23T06:23:07.483523+00:00, run_after=2023-09-23T10:23:07.483523+00:00
[2023-09-23T10:23:07.490+0000] {processor.py:179} INFO - Processing /home/airflow/.local/lib/python3.8/site-packages/airflow/example_dags/example_latest_only.py took 0.034 seconds
[2023-09-23T12:03:22.390+0000] {processor.py:157} INFO - Started process (PID=15156) to work on /home/airflow/.local/lib/python3.8/site-packages/airflow/example_dags/example_latest_only.py
[2023-09-23T12:03:22.390+0000] {processor.py:829} INFO - Processing file /home/airflow/.local/lib/python3.8/site-packages/airflow/example_dags/example_latest_only.py for tasks to queue
[2023-09-23T12:03:22.391+0000] {logging_mixin.py:151} INFO - [2023-09-23T12:03:22.391+0000] {dagbag.py:539} INFO - Filling up the DagBag from /home/airflow/.local/lib/python3.8/site-packages/airflow/example_dags/example_latest_only.py
[2023-09-23T12:03:22.395+0000] {processor.py:839} INFO - DAG(s) dict_keys(['latest_only']) retrieved from /home/airflow/.local/lib/python3.8/site-packages/airflow/example_dags/example_latest_only.py
[2023-09-23T12:03:22.405+0000] {logging_mixin.py:151} INFO - [2023-09-23T12:03:22.404+0000] {dag.py:2907} INFO - Sync 1 DAGs
[2023-09-23T12:03:22.415+0000] {logging_mixin.py:151} INFO - [2023-09-23T12:03:22.415+0000] {dag.py:3677} INFO - Setting next_dagrun for latest_only to 2023-09-23T08:03:22.415211+00:00, run_after=2023-09-23T12:03:22.415211+00:00
[2023-09-23T12:03:22.424+0000] {processor.py:179} INFO - Processing /home/airflow/.local/lib/python3.8/site-packages/airflow/example_dags/example_latest_only.py took 0.037 seconds
[2023-09-23T13:45:38.786+0000] {processor.py:157} INFO - Started process (PID=15203) to work on /home/airflow/.local/lib/python3.8/site-packages/airflow/example_dags/example_latest_only.py
[2023-09-23T13:45:38.786+0000] {processor.py:829} INFO - Processing file /home/airflow/.local/lib/python3.8/site-packages/airflow/example_dags/example_latest_only.py for tasks to queue
[2023-09-23T13:45:38.787+0000] {logging_mixin.py:151} INFO - [2023-09-23T13:45:38.787+0000] {dagbag.py:539} INFO - Filling up the DagBag from /home/airflow/.local/lib/python3.8/site-packages/airflow/example_dags/example_latest_only.py
[2023-09-23T13:45:38.790+0000] {processor.py:839} INFO - DAG(s) dict_keys(['latest_only']) retrieved from /home/airflow/.local/lib/python3.8/site-packages/airflow/example_dags/example_latest_only.py
[2023-09-23T13:45:38.801+0000] {logging_mixin.py:151} INFO - [2023-09-23T13:45:38.801+0000] {dag.py:2907} INFO - Sync 1 DAGs
[2023-09-23T13:45:38.811+0000] {logging_mixin.py:151} INFO - [2023-09-23T13:45:38.811+0000] {dag.py:3677} INFO - Setting next_dagrun for latest_only to 2023-09-23T09:45:38.811309+00:00, run_after=2023-09-23T13:45:38.811309+00:00
[2023-09-23T13:45:38.822+0000] {processor.py:179} INFO - Processing /home/airflow/.local/lib/python3.8/site-packages/airflow/example_dags/example_latest_only.py took 0.038 seconds
[2023-09-23T15:06:16.145+0000] {processor.py:157} INFO - Started process (PID=15250) to work on /home/airflow/.local/lib/python3.8/site-packages/airflow/example_dags/example_latest_only.py
[2023-09-23T15:06:16.146+0000] {processor.py:829} INFO - Processing file /home/airflow/.local/lib/python3.8/site-packages/airflow/example_dags/example_latest_only.py for tasks to queue
[2023-09-23T15:06:16.147+0000] {logging_mixin.py:151} INFO - [2023-09-23T15:06:16.147+0000] {dagbag.py:539} INFO - Filling up the DagBag from /home/airflow/.local/lib/python3.8/site-packages/airflow/example_dags/example_latest_only.py
[2023-09-23T15:06:16.151+0000] {processor.py:839} INFO - DAG(s) dict_keys(['latest_only']) retrieved from /home/airflow/.local/lib/python3.8/site-packages/airflow/example_dags/example_latest_only.py
[2023-09-23T15:06:16.163+0000] {logging_mixin.py:151} INFO - [2023-09-23T15:06:16.163+0000] {dag.py:2907} INFO - Sync 1 DAGs
[2023-09-23T15:06:16.173+0000] {logging_mixin.py:151} INFO - [2023-09-23T15:06:16.173+0000] {dag.py:3677} INFO - Setting next_dagrun for latest_only to 2023-09-23T11:06:16.173051+00:00, run_after=2023-09-23T15:06:16.173051+00:00
[2023-09-23T15:06:16.181+0000] {processor.py:179} INFO - Processing /home/airflow/.local/lib/python3.8/site-packages/airflow/example_dags/example_latest_only.py took 0.037 seconds
[2023-09-23T16:49:15.757+0000] {processor.py:157} INFO - Started process (PID=15297) to work on /home/airflow/.local/lib/python3.8/site-packages/airflow/example_dags/example_latest_only.py
[2023-09-23T16:49:15.758+0000] {processor.py:829} INFO - Processing file /home/airflow/.local/lib/python3.8/site-packages/airflow/example_dags/example_latest_only.py for tasks to queue
[2023-09-23T16:49:15.759+0000] {logging_mixin.py:151} INFO - [2023-09-23T16:49:15.759+0000] {dagbag.py:539} INFO - Filling up the DagBag from /home/airflow/.local/lib/python3.8/site-packages/airflow/example_dags/example_latest_only.py
[2023-09-23T16:49:15.762+0000] {processor.py:839} INFO - DAG(s) dict_keys(['latest_only']) retrieved from /home/airflow/.local/lib/python3.8/site-packages/airflow/example_dags/example_latest_only.py
[2023-09-23T16:49:15.772+0000] {logging_mixin.py:151} INFO - [2023-09-23T16:49:15.772+0000] {dag.py:2907} INFO - Sync 1 DAGs
[2023-09-23T16:49:15.781+0000] {logging_mixin.py:151} INFO - [2023-09-23T16:49:15.781+0000] {dag.py:3677} INFO - Setting next_dagrun for latest_only to 2023-09-23T12:49:15.781752+00:00, run_after=2023-09-23T16:49:15.781752+00:00
[2023-09-23T16:49:15.789+0000] {processor.py:179} INFO - Processing /home/airflow/.local/lib/python3.8/site-packages/airflow/example_dags/example_latest_only.py took 0.033 seconds
[2023-09-23T17:24:36.697+0000] {processor.py:157} INFO - Started process (PID=15344) to work on /home/airflow/.local/lib/python3.8/site-packages/airflow/example_dags/example_latest_only.py
[2023-09-23T17:24:36.698+0000] {processor.py:829} INFO - Processing file /home/airflow/.local/lib/python3.8/site-packages/airflow/example_dags/example_latest_only.py for tasks to queue
[2023-09-23T17:24:36.699+0000] {logging_mixin.py:151} INFO - [2023-09-23T17:24:36.699+0000] {dagbag.py:539} INFO - Filling up the DagBag from /home/airflow/.local/lib/python3.8/site-packages/airflow/example_dags/example_latest_only.py
[2023-09-23T17:24:36.702+0000] {processor.py:839} INFO - DAG(s) dict_keys(['latest_only']) retrieved from /home/airflow/.local/lib/python3.8/site-packages/airflow/example_dags/example_latest_only.py
[2023-09-23T17:24:36.713+0000] {logging_mixin.py:151} INFO - [2023-09-23T17:24:36.713+0000] {dag.py:2907} INFO - Sync 1 DAGs
[2023-09-23T17:24:36.723+0000] {logging_mixin.py:151} INFO - [2023-09-23T17:24:36.722+0000] {dag.py:3677} INFO - Setting next_dagrun for latest_only to 2023-09-23T13:24:36.722789+00:00, run_after=2023-09-23T17:24:36.722789+00:00
[2023-09-23T17:24:36.730+0000] {processor.py:179} INFO - Processing /home/airflow/.local/lib/python3.8/site-packages/airflow/example_dags/example_latest_only.py took 0.034 seconds
[2023-09-23T18:13:06.393+0000] {processor.py:157} INFO - Started process (PID=15391) to work on /home/airflow/.local/lib/python3.8/site-packages/airflow/example_dags/example_latest_only.py
[2023-09-23T18:13:06.394+0000] {processor.py:829} INFO - Processing file /home/airflow/.local/lib/python3.8/site-packages/airflow/example_dags/example_latest_only.py for tasks to queue
[2023-09-23T18:13:06.395+0000] {logging_mixin.py:151} INFO - [2023-09-23T18:13:06.395+0000] {dagbag.py:539} INFO - Filling up the DagBag from /home/airflow/.local/lib/python3.8/site-packages/airflow/example_dags/example_latest_only.py
[2023-09-23T18:13:06.398+0000] {processor.py:839} INFO - DAG(s) dict_keys(['latest_only']) retrieved from /home/airflow/.local/lib/python3.8/site-packages/airflow/example_dags/example_latest_only.py
[2023-09-23T18:13:06.409+0000] {logging_mixin.py:151} INFO - [2023-09-23T18:13:06.409+0000] {dag.py:2907} INFO - Sync 1 DAGs
[2023-09-23T18:13:06.419+0000] {logging_mixin.py:151} INFO - [2023-09-23T18:13:06.419+0000] {dag.py:3677} INFO - Setting next_dagrun for latest_only to 2023-09-23T14:13:06.419275+00:00, run_after=2023-09-23T18:13:06.419275+00:00
[2023-09-23T18:13:06.426+0000] {processor.py:179} INFO - Processing /home/airflow/.local/lib/python3.8/site-packages/airflow/example_dags/example_latest_only.py took 0.035 seconds
[2023-09-23T19:34:35.102+0000] {processor.py:157} INFO - Started process (PID=15438) to work on /home/airflow/.local/lib/python3.8/site-packages/airflow/example_dags/example_latest_only.py
[2023-09-23T19:34:35.103+0000] {processor.py:829} INFO - Processing file /home/airflow/.local/lib/python3.8/site-packages/airflow/example_dags/example_latest_only.py for tasks to queue
[2023-09-23T19:34:35.104+0000] {logging_mixin.py:151} INFO - [2023-09-23T19:34:35.104+0000] {dagbag.py:539} INFO - Filling up the DagBag from /home/airflow/.local/lib/python3.8/site-packages/airflow/example_dags/example_latest_only.py
[2023-09-23T19:34:35.107+0000] {processor.py:839} INFO - DAG(s) dict_keys(['latest_only']) retrieved from /home/airflow/.local/lib/python3.8/site-packages/airflow/example_dags/example_latest_only.py
[2023-09-23T19:34:35.117+0000] {logging_mixin.py:151} INFO - [2023-09-23T19:34:35.117+0000] {dag.py:2907} INFO - Sync 1 DAGs
[2023-09-23T19:34:35.128+0000] {logging_mixin.py:151} INFO - [2023-09-23T19:34:35.127+0000] {dag.py:3677} INFO - Setting next_dagrun for latest_only to 2023-09-23T15:34:35.127805+00:00, run_after=2023-09-23T19:34:35.127805+00:00
[2023-09-23T19:34:35.135+0000] {processor.py:179} INFO - Processing /home/airflow/.local/lib/python3.8/site-packages/airflow/example_dags/example_latest_only.py took 0.035 seconds
[2023-09-23T21:11:26.800+0000] {processor.py:157} INFO - Started process (PID=15485) to work on /home/airflow/.local/lib/python3.8/site-packages/airflow/example_dags/example_latest_only.py
[2023-09-23T21:11:26.801+0000] {processor.py:829} INFO - Processing file /home/airflow/.local/lib/python3.8/site-packages/airflow/example_dags/example_latest_only.py for tasks to queue
[2023-09-23T21:11:26.802+0000] {logging_mixin.py:151} INFO - [2023-09-23T21:11:26.802+0000] {dagbag.py:539} INFO - Filling up the DagBag from /home/airflow/.local/lib/python3.8/site-packages/airflow/example_dags/example_latest_only.py
[2023-09-23T21:11:26.805+0000] {processor.py:839} INFO - DAG(s) dict_keys(['latest_only']) retrieved from /home/airflow/.local/lib/python3.8/site-packages/airflow/example_dags/example_latest_only.py
[2023-09-23T21:11:26.816+0000] {logging_mixin.py:151} INFO - [2023-09-23T21:11:26.816+0000] {dag.py:2907} INFO - Sync 1 DAGs
[2023-09-23T21:11:26.827+0000] {logging_mixin.py:151} INFO - [2023-09-23T21:11:26.827+0000] {dag.py:3677} INFO - Setting next_dagrun for latest_only to 2023-09-23T17:11:26.827570+00:00, run_after=2023-09-23T21:11:26.827570+00:00
[2023-09-23T21:11:26.836+0000] {processor.py:179} INFO - Processing /home/airflow/.local/lib/python3.8/site-packages/airflow/example_dags/example_latest_only.py took 0.037 seconds
[2023-09-23T22:51:00.992+0000] {processor.py:157} INFO - Started process (PID=15532) to work on /home/airflow/.local/lib/python3.8/site-packages/airflow/example_dags/example_latest_only.py
[2023-09-23T22:51:00.992+0000] {processor.py:829} INFO - Processing file /home/airflow/.local/lib/python3.8/site-packages/airflow/example_dags/example_latest_only.py for tasks to queue
[2023-09-23T22:51:00.993+0000] {logging_mixin.py:151} INFO - [2023-09-23T22:51:00.993+0000] {dagbag.py:539} INFO - Filling up the DagBag from /home/airflow/.local/lib/python3.8/site-packages/airflow/example_dags/example_latest_only.py
[2023-09-23T22:51:00.997+0000] {processor.py:839} INFO - DAG(s) dict_keys(['latest_only']) retrieved from /home/airflow/.local/lib/python3.8/site-packages/airflow/example_dags/example_latest_only.py
[2023-09-23T22:51:01.007+0000] {logging_mixin.py:151} INFO - [2023-09-23T22:51:01.007+0000] {dag.py:2907} INFO - Sync 1 DAGs
[2023-09-23T22:51:01.017+0000] {logging_mixin.py:151} INFO - [2023-09-23T22:51:01.017+0000] {dag.py:3677} INFO - Setting next_dagrun for latest_only to 2023-09-23T18:51:01.016990+00:00, run_after=2023-09-23T22:51:01.016990+00:00
[2023-09-23T22:51:01.024+0000] {processor.py:179} INFO - Processing /home/airflow/.local/lib/python3.8/site-packages/airflow/example_dags/example_latest_only.py took 0.034 seconds
