[2023-09-24T00:14:05.895+0000] {processor.py:157} INFO - Started process (PID=15550) to work on /home/airflow/.local/lib/python3.8/site-packages/airflow/example_dags/example_short_circuit_decorator.py
[2023-09-24T00:14:05.895+0000] {processor.py:829} INFO - Processing file /home/airflow/.local/lib/python3.8/site-packages/airflow/example_dags/example_short_circuit_decorator.py for tasks to queue
[2023-09-24T00:14:05.897+0000] {logging_mixin.py:151} INFO - [2023-09-24T00:14:05.896+0000] {dagbag.py:539} INFO - Filling up the DagBag from /home/airflow/.local/lib/python3.8/site-packages/airflow/example_dags/example_short_circuit_decorator.py
[2023-09-24T00:14:05.901+0000] {processor.py:839} INFO - DAG(s) dict_keys(['example_short_circuit_decorator']) retrieved from /home/airflow/.local/lib/python3.8/site-packages/airflow/example_dags/example_short_circuit_decorator.py
[2023-09-24T00:14:05.913+0000] {logging_mixin.py:151} INFO - [2023-09-24T00:14:05.913+0000] {dag.py:2907} INFO - Sync 1 DAGs
[2023-09-24T00:14:05.923+0000] {logging_mixin.py:151} INFO - [2023-09-24T00:14:05.923+0000] {dag.py:3677} INFO - Setting next_dagrun for example_short_circuit_decorator to 2023-09-23T00:14:05.923113+00:00, run_after=2023-09-24T00:14:05.923113+00:00
[2023-09-24T00:14:05.930+0000] {processor.py:179} INFO - Processing /home/airflow/.local/lib/python3.8/site-packages/airflow/example_dags/example_short_circuit_decorator.py took 0.037 seconds
[2023-09-24T01:53:08.956+0000] {processor.py:157} INFO - Started process (PID=15597) to work on /home/airflow/.local/lib/python3.8/site-packages/airflow/example_dags/example_short_circuit_decorator.py
[2023-09-24T01:53:08.959+0000] {processor.py:829} INFO - Processing file /home/airflow/.local/lib/python3.8/site-packages/airflow/example_dags/example_short_circuit_decorator.py for tasks to queue
[2023-09-24T01:53:08.964+0000] {logging_mixin.py:151} INFO - [2023-09-24T01:53:08.963+0000] {dagbag.py:539} INFO - Filling up the DagBag from /home/airflow/.local/lib/python3.8/site-packages/airflow/example_dags/example_short_circuit_decorator.py
[2023-09-24T01:53:08.977+0000] {processor.py:839} INFO - DAG(s) dict_keys(['example_short_circuit_decorator']) retrieved from /home/airflow/.local/lib/python3.8/site-packages/airflow/example_dags/example_short_circuit_decorator.py
[2023-09-24T01:53:09.006+0000] {logging_mixin.py:151} INFO - [2023-09-24T01:53:09.005+0000] {dag.py:2907} INFO - Sync 1 DAGs
[2023-09-24T01:53:09.035+0000] {logging_mixin.py:151} INFO - [2023-09-24T01:53:09.035+0000] {dag.py:3677} INFO - Setting next_dagrun for example_short_circuit_decorator to 2023-09-23T01:53:09.034908+00:00, run_after=2023-09-24T01:53:09.034908+00:00
[2023-09-24T01:53:09.060+0000] {processor.py:179} INFO - Processing /home/airflow/.local/lib/python3.8/site-packages/airflow/example_dags/example_short_circuit_decorator.py took 0.106 seconds
[2023-09-24T03:30:32.754+0000] {processor.py:157} INFO - Started process (PID=15644) to work on /home/airflow/.local/lib/python3.8/site-packages/airflow/example_dags/example_short_circuit_decorator.py
[2023-09-24T03:30:32.760+0000] {processor.py:829} INFO - Processing file /home/airflow/.local/lib/python3.8/site-packages/airflow/example_dags/example_short_circuit_decorator.py for tasks to queue
[2023-09-24T03:30:32.766+0000] {logging_mixin.py:151} INFO - [2023-09-24T03:30:32.766+0000] {dagbag.py:539} INFO - Filling up the DagBag from /home/airflow/.local/lib/python3.8/site-packages/airflow/example_dags/example_short_circuit_decorator.py
[2023-09-24T03:30:32.780+0000] {processor.py:839} INFO - DAG(s) dict_keys(['example_short_circuit_decorator']) retrieved from /home/airflow/.local/lib/python3.8/site-packages/airflow/example_dags/example_short_circuit_decorator.py
[2023-09-24T03:30:32.818+0000] {logging_mixin.py:151} INFO - [2023-09-24T03:30:32.818+0000] {dag.py:2907} INFO - Sync 1 DAGs
[2023-09-24T03:30:32.845+0000] {logging_mixin.py:151} INFO - [2023-09-24T03:30:32.844+0000] {dag.py:3677} INFO - Setting next_dagrun for example_short_circuit_decorator to 2023-09-23T03:30:32.844627+00:00, run_after=2023-09-24T03:30:32.844627+00:00
[2023-09-24T03:30:32.868+0000] {processor.py:179} INFO - Processing /home/airflow/.local/lib/python3.8/site-packages/airflow/example_dags/example_short_circuit_decorator.py took 0.117 seconds
[2023-09-24T04:49:46.492+0000] {processor.py:157} INFO - Started process (PID=15691) to work on /home/airflow/.local/lib/python3.8/site-packages/airflow/example_dags/example_short_circuit_decorator.py
[2023-09-24T04:49:46.492+0000] {processor.py:829} INFO - Processing file /home/airflow/.local/lib/python3.8/site-packages/airflow/example_dags/example_short_circuit_decorator.py for tasks to queue
[2023-09-24T04:49:46.494+0000] {logging_mixin.py:151} INFO - [2023-09-24T04:49:46.493+0000] {dagbag.py:539} INFO - Filling up the DagBag from /home/airflow/.local/lib/python3.8/site-packages/airflow/example_dags/example_short_circuit_decorator.py
[2023-09-24T04:49:46.499+0000] {processor.py:839} INFO - DAG(s) dict_keys(['example_short_circuit_decorator']) retrieved from /home/airflow/.local/lib/python3.8/site-packages/airflow/example_dags/example_short_circuit_decorator.py
[2023-09-24T04:49:46.512+0000] {logging_mixin.py:151} INFO - [2023-09-24T04:49:46.512+0000] {dag.py:2907} INFO - Sync 1 DAGs
[2023-09-24T04:49:46.524+0000] {logging_mixin.py:151} INFO - [2023-09-24T04:49:46.524+0000] {dag.py:3677} INFO - Setting next_dagrun for example_short_circuit_decorator to 2023-09-23T04:49:46.524671+00:00, run_after=2023-09-24T04:49:46.524671+00:00
[2023-09-24T04:49:46.534+0000] {processor.py:179} INFO - Processing /home/airflow/.local/lib/python3.8/site-packages/airflow/example_dags/example_short_circuit_decorator.py took 0.044 seconds
[2023-09-24T06:28:50.308+0000] {processor.py:157} INFO - Started process (PID=15738) to work on /home/airflow/.local/lib/python3.8/site-packages/airflow/example_dags/example_short_circuit_decorator.py
[2023-09-24T06:28:50.313+0000] {processor.py:829} INFO - Processing file /home/airflow/.local/lib/python3.8/site-packages/airflow/example_dags/example_short_circuit_decorator.py for tasks to queue
[2023-09-24T06:28:50.315+0000] {logging_mixin.py:151} INFO - [2023-09-24T06:28:50.315+0000] {dagbag.py:539} INFO - Filling up the DagBag from /home/airflow/.local/lib/python3.8/site-packages/airflow/example_dags/example_short_circuit_decorator.py
[2023-09-24T06:28:50.332+0000] {processor.py:839} INFO - DAG(s) dict_keys(['example_short_circuit_decorator']) retrieved from /home/airflow/.local/lib/python3.8/site-packages/airflow/example_dags/example_short_circuit_decorator.py
[2023-09-24T06:28:50.364+0000] {logging_mixin.py:151} INFO - [2023-09-24T06:28:50.364+0000] {dag.py:2907} INFO - Sync 1 DAGs
[2023-09-24T06:28:50.407+0000] {logging_mixin.py:151} INFO - [2023-09-24T06:28:50.406+0000] {dag.py:3677} INFO - Setting next_dagrun for example_short_circuit_decorator to 2023-09-23T06:28:50.406654+00:00, run_after=2023-09-24T06:28:50.406654+00:00
[2023-09-24T06:28:50.435+0000] {processor.py:179} INFO - Processing /home/airflow/.local/lib/python3.8/site-packages/airflow/example_dags/example_short_circuit_decorator.py took 0.131 seconds
[2023-09-24T07:52:30.262+0000] {processor.py:157} INFO - Started process (PID=15785) to work on /home/airflow/.local/lib/python3.8/site-packages/airflow/example_dags/example_short_circuit_decorator.py
[2023-09-24T07:52:30.269+0000] {processor.py:829} INFO - Processing file /home/airflow/.local/lib/python3.8/site-packages/airflow/example_dags/example_short_circuit_decorator.py for tasks to queue
[2023-09-24T07:52:30.278+0000] {logging_mixin.py:151} INFO - [2023-09-24T07:52:30.278+0000] {dagbag.py:539} INFO - Filling up the DagBag from /home/airflow/.local/lib/python3.8/site-packages/airflow/example_dags/example_short_circuit_decorator.py
[2023-09-24T07:52:30.301+0000] {processor.py:839} INFO - DAG(s) dict_keys(['example_short_circuit_decorator']) retrieved from /home/airflow/.local/lib/python3.8/site-packages/airflow/example_dags/example_short_circuit_decorator.py
[2023-09-24T07:52:30.375+0000] {logging_mixin.py:151} INFO - [2023-09-24T07:52:30.374+0000] {dag.py:2907} INFO - Sync 1 DAGs
[2023-09-24T07:52:30.532+0000] {logging_mixin.py:151} INFO - [2023-09-24T07:52:30.532+0000] {dag.py:3677} INFO - Setting next_dagrun for example_short_circuit_decorator to 2023-09-23T07:52:30.531624+00:00, run_after=2023-09-24T07:52:30.531624+00:00
[2023-09-24T07:52:30.582+0000] {processor.py:179} INFO - Processing /home/airflow/.local/lib/python3.8/site-packages/airflow/example_dags/example_short_circuit_decorator.py took 0.326 seconds
[2023-09-24T09:31:21.332+0000] {processor.py:157} INFO - Started process (PID=15832) to work on /home/airflow/.local/lib/python3.8/site-packages/airflow/example_dags/example_short_circuit_decorator.py
[2023-09-24T09:31:21.337+0000] {processor.py:829} INFO - Processing file /home/airflow/.local/lib/python3.8/site-packages/airflow/example_dags/example_short_circuit_decorator.py for tasks to queue
[2023-09-24T09:31:21.339+0000] {logging_mixin.py:151} INFO - [2023-09-24T09:31:21.339+0000] {dagbag.py:539} INFO - Filling up the DagBag from /home/airflow/.local/lib/python3.8/site-packages/airflow/example_dags/example_short_circuit_decorator.py
[2023-09-24T09:31:21.345+0000] {processor.py:839} INFO - DAG(s) dict_keys(['example_short_circuit_decorator']) retrieved from /home/airflow/.local/lib/python3.8/site-packages/airflow/example_dags/example_short_circuit_decorator.py
[2023-09-24T09:31:21.384+0000] {logging_mixin.py:151} INFO - [2023-09-24T09:31:21.384+0000] {dag.py:2907} INFO - Sync 1 DAGs
[2023-09-24T09:31:21.405+0000] {logging_mixin.py:151} INFO - [2023-09-24T09:31:21.404+0000] {dag.py:3677} INFO - Setting next_dagrun for example_short_circuit_decorator to 2023-09-23T09:31:21.404645+00:00, run_after=2023-09-24T09:31:21.404645+00:00
[2023-09-24T09:31:21.421+0000] {processor.py:179} INFO - Processing /home/airflow/.local/lib/python3.8/site-packages/airflow/example_dags/example_short_circuit_decorator.py took 0.094 seconds
[2023-09-24T11:06:19.251+0000] {processor.py:157} INFO - Started process (PID=15879) to work on /home/airflow/.local/lib/python3.8/site-packages/airflow/example_dags/example_short_circuit_decorator.py
[2023-09-24T11:06:19.257+0000] {processor.py:829} INFO - Processing file /home/airflow/.local/lib/python3.8/site-packages/airflow/example_dags/example_short_circuit_decorator.py for tasks to queue
[2023-09-24T11:06:19.271+0000] {logging_mixin.py:151} INFO - [2023-09-24T11:06:19.269+0000] {dagbag.py:539} INFO - Filling up the DagBag from /home/airflow/.local/lib/python3.8/site-packages/airflow/example_dags/example_short_circuit_decorator.py
[2023-09-24T11:06:19.303+0000] {processor.py:839} INFO - DAG(s) dict_keys(['example_short_circuit_decorator']) retrieved from /home/airflow/.local/lib/python3.8/site-packages/airflow/example_dags/example_short_circuit_decorator.py
[2023-09-24T11:06:19.372+0000] {logging_mixin.py:151} INFO - [2023-09-24T11:06:19.372+0000] {dag.py:2907} INFO - Sync 1 DAGs
[2023-09-24T11:06:19.409+0000] {logging_mixin.py:151} INFO - [2023-09-24T11:06:19.409+0000] {dag.py:3677} INFO - Setting next_dagrun for example_short_circuit_decorator to 2023-09-23T11:06:19.409075+00:00, run_after=2023-09-24T11:06:19.409075+00:00
[2023-09-24T11:06:19.447+0000] {processor.py:179} INFO - Processing /home/airflow/.local/lib/python3.8/site-packages/airflow/example_dags/example_short_circuit_decorator.py took 0.200 seconds
[2023-09-24T12:31:54.301+0000] {processor.py:157} INFO - Started process (PID=15926) to work on /home/airflow/.local/lib/python3.8/site-packages/airflow/example_dags/example_short_circuit_decorator.py
[2023-09-24T12:31:54.301+0000] {processor.py:829} INFO - Processing file /home/airflow/.local/lib/python3.8/site-packages/airflow/example_dags/example_short_circuit_decorator.py for tasks to queue
[2023-09-24T12:31:54.303+0000] {logging_mixin.py:151} INFO - [2023-09-24T12:31:54.303+0000] {dagbag.py:539} INFO - Filling up the DagBag from /home/airflow/.local/lib/python3.8/site-packages/airflow/example_dags/example_short_circuit_decorator.py
[2023-09-24T12:31:54.309+0000] {processor.py:839} INFO - DAG(s) dict_keys(['example_short_circuit_decorator']) retrieved from /home/airflow/.local/lib/python3.8/site-packages/airflow/example_dags/example_short_circuit_decorator.py
[2023-09-24T12:31:54.324+0000] {logging_mixin.py:151} INFO - [2023-09-24T12:31:54.324+0000] {dag.py:2907} INFO - Sync 1 DAGs
[2023-09-24T12:31:54.338+0000] {logging_mixin.py:151} INFO - [2023-09-24T12:31:54.338+0000] {dag.py:3677} INFO - Setting next_dagrun for example_short_circuit_decorator to 2023-09-23T12:31:54.338632+00:00, run_after=2023-09-24T12:31:54.338632+00:00
[2023-09-24T12:31:54.349+0000] {processor.py:179} INFO - Processing /home/airflow/.local/lib/python3.8/site-packages/airflow/example_dags/example_short_circuit_decorator.py took 0.051 seconds
[2023-09-24T14:13:09.384+0000] {processor.py:157} INFO - Started process (PID=15973) to work on /home/airflow/.local/lib/python3.8/site-packages/airflow/example_dags/example_short_circuit_decorator.py
[2023-09-24T14:13:09.385+0000] {processor.py:829} INFO - Processing file /home/airflow/.local/lib/python3.8/site-packages/airflow/example_dags/example_short_circuit_decorator.py for tasks to queue
[2023-09-24T14:13:09.386+0000] {logging_mixin.py:151} INFO - [2023-09-24T14:13:09.386+0000] {dagbag.py:539} INFO - Filling up the DagBag from /home/airflow/.local/lib/python3.8/site-packages/airflow/example_dags/example_short_circuit_decorator.py
[2023-09-24T14:13:09.391+0000] {processor.py:839} INFO - DAG(s) dict_keys(['example_short_circuit_decorator']) retrieved from /home/airflow/.local/lib/python3.8/site-packages/airflow/example_dags/example_short_circuit_decorator.py
[2023-09-24T14:13:09.404+0000] {logging_mixin.py:151} INFO - [2023-09-24T14:13:09.404+0000] {dag.py:2907} INFO - Sync 1 DAGs
[2023-09-24T14:13:09.420+0000] {logging_mixin.py:151} INFO - [2023-09-24T14:13:09.420+0000] {dag.py:3677} INFO - Setting next_dagrun for example_short_circuit_decorator to 2023-09-23T14:13:09.420146+00:00, run_after=2023-09-24T14:13:09.420146+00:00
[2023-09-24T14:13:09.429+0000] {processor.py:179} INFO - Processing /home/airflow/.local/lib/python3.8/site-packages/airflow/example_dags/example_short_circuit_decorator.py took 0.046 seconds
[2023-09-24T15:55:33.144+0000] {processor.py:157} INFO - Started process (PID=16020) to work on /home/airflow/.local/lib/python3.8/site-packages/airflow/example_dags/example_short_circuit_decorator.py
[2023-09-24T15:55:33.145+0000] {processor.py:829} INFO - Processing file /home/airflow/.local/lib/python3.8/site-packages/airflow/example_dags/example_short_circuit_decorator.py for tasks to queue
[2023-09-24T15:55:33.146+0000] {logging_mixin.py:151} INFO - [2023-09-24T15:55:33.146+0000] {dagbag.py:539} INFO - Filling up the DagBag from /home/airflow/.local/lib/python3.8/site-packages/airflow/example_dags/example_short_circuit_decorator.py
[2023-09-24T15:55:33.151+0000] {processor.py:839} INFO - DAG(s) dict_keys(['example_short_circuit_decorator']) retrieved from /home/airflow/.local/lib/python3.8/site-packages/airflow/example_dags/example_short_circuit_decorator.py
[2023-09-24T15:55:33.164+0000] {logging_mixin.py:151} INFO - [2023-09-24T15:55:33.164+0000] {dag.py:2907} INFO - Sync 1 DAGs
[2023-09-24T15:55:33.177+0000] {logging_mixin.py:151} INFO - [2023-09-24T15:55:33.177+0000] {dag.py:3677} INFO - Setting next_dagrun for example_short_circuit_decorator to 2023-09-23T15:55:33.177257+00:00, run_after=2023-09-24T15:55:33.177257+00:00
[2023-09-24T15:55:33.197+0000] {processor.py:179} INFO - Processing /home/airflow/.local/lib/python3.8/site-packages/airflow/example_dags/example_short_circuit_decorator.py took 0.054 seconds
[2023-09-24T17:17:11.779+0000] {processor.py:157} INFO - Started process (PID=16067) to work on /home/airflow/.local/lib/python3.8/site-packages/airflow/example_dags/example_short_circuit_decorator.py
[2023-09-24T17:17:11.779+0000] {processor.py:829} INFO - Processing file /home/airflow/.local/lib/python3.8/site-packages/airflow/example_dags/example_short_circuit_decorator.py for tasks to queue
[2023-09-24T17:17:11.781+0000] {logging_mixin.py:151} INFO - [2023-09-24T17:17:11.780+0000] {dagbag.py:539} INFO - Filling up the DagBag from /home/airflow/.local/lib/python3.8/site-packages/airflow/example_dags/example_short_circuit_decorator.py
[2023-09-24T17:17:11.786+0000] {processor.py:839} INFO - DAG(s) dict_keys(['example_short_circuit_decorator']) retrieved from /home/airflow/.local/lib/python3.8/site-packages/airflow/example_dags/example_short_circuit_decorator.py
[2023-09-24T17:17:11.801+0000] {logging_mixin.py:151} INFO - [2023-09-24T17:17:11.801+0000] {dag.py:2907} INFO - Sync 1 DAGs
[2023-09-24T17:17:11.815+0000] {logging_mixin.py:151} INFO - [2023-09-24T17:17:11.815+0000] {dag.py:3677} INFO - Setting next_dagrun for example_short_circuit_decorator to 2023-09-23T17:17:11.815145+00:00, run_after=2023-09-24T17:17:11.815145+00:00
[2023-09-24T17:17:11.825+0000] {processor.py:179} INFO - Processing /home/airflow/.local/lib/python3.8/site-packages/airflow/example_dags/example_short_circuit_decorator.py took 0.048 seconds
[2023-09-24T18:53:09.084+0000] {processor.py:157} INFO - Started process (PID=16114) to work on /home/airflow/.local/lib/python3.8/site-packages/airflow/example_dags/example_short_circuit_decorator.py
[2023-09-24T18:53:09.088+0000] {processor.py:829} INFO - Processing file /home/airflow/.local/lib/python3.8/site-packages/airflow/example_dags/example_short_circuit_decorator.py for tasks to queue
[2023-09-24T18:53:09.090+0000] {logging_mixin.py:151} INFO - [2023-09-24T18:53:09.090+0000] {dagbag.py:539} INFO - Filling up the DagBag from /home/airflow/.local/lib/python3.8/site-packages/airflow/example_dags/example_short_circuit_decorator.py
[2023-09-24T18:53:09.103+0000] {processor.py:839} INFO - DAG(s) dict_keys(['example_short_circuit_decorator']) retrieved from /home/airflow/.local/lib/python3.8/site-packages/airflow/example_dags/example_short_circuit_decorator.py
[2023-09-24T18:53:09.170+0000] {logging_mixin.py:151} INFO - [2023-09-24T18:53:09.170+0000] {dag.py:2907} INFO - Sync 1 DAGs
[2023-09-24T18:53:09.206+0000] {logging_mixin.py:151} INFO - [2023-09-24T18:53:09.205+0000] {dag.py:3677} INFO - Setting next_dagrun for example_short_circuit_decorator to 2023-09-23T18:53:09.202484+00:00, run_after=2023-09-24T18:53:09.202484+00:00
[2023-09-24T18:53:09.235+0000] {processor.py:179} INFO - Processing /home/airflow/.local/lib/python3.8/site-packages/airflow/example_dags/example_short_circuit_decorator.py took 0.153 seconds
[2023-09-24T20:32:55.816+0000] {processor.py:157} INFO - Started process (PID=16161) to work on /home/airflow/.local/lib/python3.8/site-packages/airflow/example_dags/example_short_circuit_decorator.py
[2023-09-24T20:32:55.820+0000] {processor.py:829} INFO - Processing file /home/airflow/.local/lib/python3.8/site-packages/airflow/example_dags/example_short_circuit_decorator.py for tasks to queue
[2023-09-24T20:32:55.825+0000] {logging_mixin.py:151} INFO - [2023-09-24T20:32:55.825+0000] {dagbag.py:539} INFO - Filling up the DagBag from /home/airflow/.local/lib/python3.8/site-packages/airflow/example_dags/example_short_circuit_decorator.py
[2023-09-24T20:32:55.839+0000] {processor.py:839} INFO - DAG(s) dict_keys(['example_short_circuit_decorator']) retrieved from /home/airflow/.local/lib/python3.8/site-packages/airflow/example_dags/example_short_circuit_decorator.py
[2023-09-24T20:32:55.868+0000] {logging_mixin.py:151} INFO - [2023-09-24T20:32:55.868+0000] {dag.py:2907} INFO - Sync 1 DAGs
[2023-09-24T20:32:55.888+0000] {logging_mixin.py:151} INFO - [2023-09-24T20:32:55.888+0000] {dag.py:3677} INFO - Setting next_dagrun for example_short_circuit_decorator to 2023-09-23T20:32:55.888413+00:00, run_after=2023-09-24T20:32:55.888413+00:00
[2023-09-24T20:32:55.911+0000] {processor.py:179} INFO - Processing /home/airflow/.local/lib/python3.8/site-packages/airflow/example_dags/example_short_circuit_decorator.py took 0.106 seconds
[2023-09-24T21:55:33.763+0000] {processor.py:157} INFO - Started process (PID=16208) to work on /home/airflow/.local/lib/python3.8/site-packages/airflow/example_dags/example_short_circuit_decorator.py
[2023-09-24T21:55:33.767+0000] {processor.py:829} INFO - Processing file /home/airflow/.local/lib/python3.8/site-packages/airflow/example_dags/example_short_circuit_decorator.py for tasks to queue
[2023-09-24T21:55:33.770+0000] {logging_mixin.py:151} INFO - [2023-09-24T21:55:33.770+0000] {dagbag.py:539} INFO - Filling up the DagBag from /home/airflow/.local/lib/python3.8/site-packages/airflow/example_dags/example_short_circuit_decorator.py
[2023-09-24T21:55:33.784+0000] {processor.py:839} INFO - DAG(s) dict_keys(['example_short_circuit_decorator']) retrieved from /home/airflow/.local/lib/python3.8/site-packages/airflow/example_dags/example_short_circuit_decorator.py
[2023-09-24T21:55:33.815+0000] {logging_mixin.py:151} INFO - [2023-09-24T21:55:33.814+0000] {dag.py:2907} INFO - Sync 1 DAGs
[2023-09-24T21:55:33.840+0000] {logging_mixin.py:151} INFO - [2023-09-24T21:55:33.840+0000] {dag.py:3677} INFO - Setting next_dagrun for example_short_circuit_decorator to 2023-09-23T21:55:33.839756+00:00, run_after=2023-09-24T21:55:33.839756+00:00
[2023-09-24T21:55:33.857+0000] {processor.py:179} INFO - Processing /home/airflow/.local/lib/python3.8/site-packages/airflow/example_dags/example_short_circuit_decorator.py took 0.097 seconds
[2023-09-24T23:35:53.488+0000] {processor.py:157} INFO - Started process (PID=16255) to work on /home/airflow/.local/lib/python3.8/site-packages/airflow/example_dags/example_short_circuit_decorator.py
[2023-09-24T23:35:53.488+0000] {processor.py:829} INFO - Processing file /home/airflow/.local/lib/python3.8/site-packages/airflow/example_dags/example_short_circuit_decorator.py for tasks to queue
[2023-09-24T23:35:53.490+0000] {logging_mixin.py:151} INFO - [2023-09-24T23:35:53.490+0000] {dagbag.py:539} INFO - Filling up the DagBag from /home/airflow/.local/lib/python3.8/site-packages/airflow/example_dags/example_short_circuit_decorator.py
[2023-09-24T23:35:53.496+0000] {processor.py:839} INFO - DAG(s) dict_keys(['example_short_circuit_decorator']) retrieved from /home/airflow/.local/lib/python3.8/site-packages/airflow/example_dags/example_short_circuit_decorator.py
[2023-09-24T23:35:53.514+0000] {logging_mixin.py:151} INFO - [2023-09-24T23:35:53.514+0000] {dag.py:2907} INFO - Sync 1 DAGs
[2023-09-24T23:35:53.528+0000] {logging_mixin.py:151} INFO - [2023-09-24T23:35:53.528+0000] {dag.py:3677} INFO - Setting next_dagrun for example_short_circuit_decorator to 2023-09-23T23:35:53.528495+00:00, run_after=2023-09-24T23:35:53.528495+00:00
[2023-09-24T23:35:53.541+0000] {processor.py:179} INFO - Processing /home/airflow/.local/lib/python3.8/site-packages/airflow/example_dags/example_short_circuit_decorator.py took 0.056 seconds
[2023-09-24T23:57:52.799+0000] {processor.py:157} INFO - Started process (PID=16302) to work on /home/airflow/.local/lib/python3.8/site-packages/airflow/example_dags/example_short_circuit_decorator.py
[2023-09-24T23:57:52.800+0000] {processor.py:829} INFO - Processing file /home/airflow/.local/lib/python3.8/site-packages/airflow/example_dags/example_short_circuit_decorator.py for tasks to queue
[2023-09-24T23:57:52.805+0000] {logging_mixin.py:151} INFO - [2023-09-24T23:57:52.805+0000] {dagbag.py:539} INFO - Filling up the DagBag from /home/airflow/.local/lib/python3.8/site-packages/airflow/example_dags/example_short_circuit_decorator.py
[2023-09-24T23:57:52.819+0000] {processor.py:839} INFO - DAG(s) dict_keys(['example_short_circuit_decorator']) retrieved from /home/airflow/.local/lib/python3.8/site-packages/airflow/example_dags/example_short_circuit_decorator.py
[2023-09-24T23:57:52.864+0000] {logging_mixin.py:151} INFO - [2023-09-24T23:57:52.864+0000] {dag.py:2907} INFO - Sync 1 DAGs
[2023-09-24T23:57:52.887+0000] {logging_mixin.py:151} INFO - [2023-09-24T23:57:52.887+0000] {dag.py:3677} INFO - Setting next_dagrun for example_short_circuit_decorator to 2023-09-23T23:57:52.887136+00:00, run_after=2023-09-24T23:57:52.887136+00:00
[2023-09-24T23:57:52.902+0000] {processor.py:179} INFO - Processing /home/airflow/.local/lib/python3.8/site-packages/airflow/example_dags/example_short_circuit_decorator.py took 0.109 seconds
