[2023-09-24T00:14:07.301+0000] {processor.py:157} INFO - Started process (PID=15573) to work on /home/airflow/.local/lib/python3.8/site-packages/airflow/example_dags/example_xcom.py
[2023-09-24T00:14:07.302+0000] {processor.py:829} INFO - Processing file /home/airflow/.local/lib/python3.8/site-packages/airflow/example_dags/example_xcom.py for tasks to queue
[2023-09-24T00:14:07.303+0000] {logging_mixin.py:151} INFO - [2023-09-24T00:14:07.303+0000] {dagbag.py:539} INFO - Filling up the DagBag from /home/airflow/.local/lib/python3.8/site-packages/airflow/example_dags/example_xcom.py
[2023-09-24T00:14:07.307+0000] {processor.py:839} INFO - DAG(s) dict_keys(['example_xcom']) retrieved from /home/airflow/.local/lib/python3.8/site-packages/airflow/example_dags/example_xcom.py
[2023-09-24T00:14:07.320+0000] {logging_mixin.py:151} INFO - [2023-09-24T00:14:07.320+0000] {dag.py:2907} INFO - Sync 1 DAGs
[2023-09-24T00:14:07.329+0000] {logging_mixin.py:151} INFO - [2023-09-24T00:14:07.329+0000] {dag.py:3677} INFO - Setting next_dagrun for example_xcom to 2021-01-01T00:00:00+00:00, run_after=2021-01-01T00:00:00+00:00
[2023-09-24T00:14:07.336+0000] {processor.py:179} INFO - Processing /home/airflow/.local/lib/python3.8/site-packages/airflow/example_dags/example_xcom.py took 0.037 seconds
[2023-09-24T01:53:10.138+0000] {processor.py:157} INFO - Started process (PID=15620) to work on /home/airflow/.local/lib/python3.8/site-packages/airflow/example_dags/example_xcom.py
[2023-09-24T01:53:10.138+0000] {processor.py:829} INFO - Processing file /home/airflow/.local/lib/python3.8/site-packages/airflow/example_dags/example_xcom.py for tasks to queue
[2023-09-24T01:53:10.139+0000] {logging_mixin.py:151} INFO - [2023-09-24T01:53:10.139+0000] {dagbag.py:539} INFO - Filling up the DagBag from /home/airflow/.local/lib/python3.8/site-packages/airflow/example_dags/example_xcom.py
[2023-09-24T01:53:10.144+0000] {processor.py:839} INFO - DAG(s) dict_keys(['example_xcom']) retrieved from /home/airflow/.local/lib/python3.8/site-packages/airflow/example_dags/example_xcom.py
[2023-09-24T01:53:10.154+0000] {logging_mixin.py:151} INFO - [2023-09-24T01:53:10.154+0000] {dag.py:2907} INFO - Sync 1 DAGs
[2023-09-24T01:53:10.163+0000] {logging_mixin.py:151} INFO - [2023-09-24T01:53:10.163+0000] {dag.py:3677} INFO - Setting next_dagrun for example_xcom to 2021-01-01T00:00:00+00:00, run_after=2021-01-01T00:00:00+00:00
[2023-09-24T01:53:10.170+0000] {processor.py:179} INFO - Processing /home/airflow/.local/lib/python3.8/site-packages/airflow/example_dags/example_xcom.py took 0.034 seconds
[2023-09-24T03:30:33.649+0000] {processor.py:157} INFO - Started process (PID=15667) to work on /home/airflow/.local/lib/python3.8/site-packages/airflow/example_dags/example_xcom.py
[2023-09-24T03:30:33.650+0000] {processor.py:829} INFO - Processing file /home/airflow/.local/lib/python3.8/site-packages/airflow/example_dags/example_xcom.py for tasks to queue
[2023-09-24T03:30:33.651+0000] {logging_mixin.py:151} INFO - [2023-09-24T03:30:33.651+0000] {dagbag.py:539} INFO - Filling up the DagBag from /home/airflow/.local/lib/python3.8/site-packages/airflow/example_dags/example_xcom.py
[2023-09-24T03:30:33.655+0000] {processor.py:839} INFO - DAG(s) dict_keys(['example_xcom']) retrieved from /home/airflow/.local/lib/python3.8/site-packages/airflow/example_dags/example_xcom.py
[2023-09-24T03:30:33.665+0000] {logging_mixin.py:151} INFO - [2023-09-24T03:30:33.665+0000] {dag.py:2907} INFO - Sync 1 DAGs
[2023-09-24T03:30:33.674+0000] {logging_mixin.py:151} INFO - [2023-09-24T03:30:33.674+0000] {dag.py:3677} INFO - Setting next_dagrun for example_xcom to 2021-01-01T00:00:00+00:00, run_after=2021-01-01T00:00:00+00:00
[2023-09-24T03:30:33.681+0000] {processor.py:179} INFO - Processing /home/airflow/.local/lib/python3.8/site-packages/airflow/example_dags/example_xcom.py took 0.034 seconds
[2023-09-24T04:49:48.011+0000] {processor.py:157} INFO - Started process (PID=15714) to work on /home/airflow/.local/lib/python3.8/site-packages/airflow/example_dags/example_xcom.py
[2023-09-24T04:49:48.011+0000] {processor.py:829} INFO - Processing file /home/airflow/.local/lib/python3.8/site-packages/airflow/example_dags/example_xcom.py for tasks to queue
[2023-09-24T04:49:48.012+0000] {logging_mixin.py:151} INFO - [2023-09-24T04:49:48.012+0000] {dagbag.py:539} INFO - Filling up the DagBag from /home/airflow/.local/lib/python3.8/site-packages/airflow/example_dags/example_xcom.py
[2023-09-24T04:49:48.017+0000] {processor.py:839} INFO - DAG(s) dict_keys(['example_xcom']) retrieved from /home/airflow/.local/lib/python3.8/site-packages/airflow/example_dags/example_xcom.py
[2023-09-24T04:49:48.027+0000] {logging_mixin.py:151} INFO - [2023-09-24T04:49:48.027+0000] {dag.py:2907} INFO - Sync 1 DAGs
[2023-09-24T04:49:48.036+0000] {logging_mixin.py:151} INFO - [2023-09-24T04:49:48.036+0000] {dag.py:3677} INFO - Setting next_dagrun for example_xcom to 2021-01-01T00:00:00+00:00, run_after=2021-01-01T00:00:00+00:00
[2023-09-24T04:49:48.044+0000] {processor.py:179} INFO - Processing /home/airflow/.local/lib/python3.8/site-packages/airflow/example_dags/example_xcom.py took 0.035 seconds
[2023-09-24T06:28:51.583+0000] {processor.py:157} INFO - Started process (PID=15761) to work on /home/airflow/.local/lib/python3.8/site-packages/airflow/example_dags/example_xcom.py
[2023-09-24T06:28:51.583+0000] {processor.py:829} INFO - Processing file /home/airflow/.local/lib/python3.8/site-packages/airflow/example_dags/example_xcom.py for tasks to queue
[2023-09-24T06:28:51.585+0000] {logging_mixin.py:151} INFO - [2023-09-24T06:28:51.584+0000] {dagbag.py:539} INFO - Filling up the DagBag from /home/airflow/.local/lib/python3.8/site-packages/airflow/example_dags/example_xcom.py
[2023-09-24T06:28:51.589+0000] {processor.py:839} INFO - DAG(s) dict_keys(['example_xcom']) retrieved from /home/airflow/.local/lib/python3.8/site-packages/airflow/example_dags/example_xcom.py
[2023-09-24T06:28:51.599+0000] {logging_mixin.py:151} INFO - [2023-09-24T06:28:51.599+0000] {dag.py:2907} INFO - Sync 1 DAGs
[2023-09-24T06:28:51.607+0000] {logging_mixin.py:151} INFO - [2023-09-24T06:28:51.607+0000] {dag.py:3677} INFO - Setting next_dagrun for example_xcom to 2021-01-01T00:00:00+00:00, run_after=2021-01-01T00:00:00+00:00
[2023-09-24T06:28:51.614+0000] {processor.py:179} INFO - Processing /home/airflow/.local/lib/python3.8/site-packages/airflow/example_dags/example_xcom.py took 0.033 seconds
[2023-09-24T07:52:31.552+0000] {processor.py:157} INFO - Started process (PID=15808) to work on /home/airflow/.local/lib/python3.8/site-packages/airflow/example_dags/example_xcom.py
[2023-09-24T07:52:31.553+0000] {processor.py:829} INFO - Processing file /home/airflow/.local/lib/python3.8/site-packages/airflow/example_dags/example_xcom.py for tasks to queue
[2023-09-24T07:52:31.554+0000] {logging_mixin.py:151} INFO - [2023-09-24T07:52:31.554+0000] {dagbag.py:539} INFO - Filling up the DagBag from /home/airflow/.local/lib/python3.8/site-packages/airflow/example_dags/example_xcom.py
[2023-09-24T07:52:31.558+0000] {processor.py:839} INFO - DAG(s) dict_keys(['example_xcom']) retrieved from /home/airflow/.local/lib/python3.8/site-packages/airflow/example_dags/example_xcom.py
[2023-09-24T07:52:31.568+0000] {logging_mixin.py:151} INFO - [2023-09-24T07:52:31.568+0000] {dag.py:2907} INFO - Sync 1 DAGs
[2023-09-24T07:52:31.578+0000] {logging_mixin.py:151} INFO - [2023-09-24T07:52:31.578+0000] {dag.py:3677} INFO - Setting next_dagrun for example_xcom to 2021-01-01T00:00:00+00:00, run_after=2021-01-01T00:00:00+00:00
[2023-09-24T07:52:31.585+0000] {processor.py:179} INFO - Processing /home/airflow/.local/lib/python3.8/site-packages/airflow/example_dags/example_xcom.py took 0.035 seconds
[2023-09-24T09:31:22.219+0000] {processor.py:157} INFO - Started process (PID=15855) to work on /home/airflow/.local/lib/python3.8/site-packages/airflow/example_dags/example_xcom.py
[2023-09-24T09:31:22.220+0000] {processor.py:829} INFO - Processing file /home/airflow/.local/lib/python3.8/site-packages/airflow/example_dags/example_xcom.py for tasks to queue
[2023-09-24T09:31:22.221+0000] {logging_mixin.py:151} INFO - [2023-09-24T09:31:22.221+0000] {dagbag.py:539} INFO - Filling up the DagBag from /home/airflow/.local/lib/python3.8/site-packages/airflow/example_dags/example_xcom.py
[2023-09-24T09:31:22.225+0000] {processor.py:839} INFO - DAG(s) dict_keys(['example_xcom']) retrieved from /home/airflow/.local/lib/python3.8/site-packages/airflow/example_dags/example_xcom.py
[2023-09-24T09:31:22.235+0000] {logging_mixin.py:151} INFO - [2023-09-24T09:31:22.235+0000] {dag.py:2907} INFO - Sync 1 DAGs
[2023-09-24T09:31:22.244+0000] {logging_mixin.py:151} INFO - [2023-09-24T09:31:22.244+0000] {dag.py:3677} INFO - Setting next_dagrun for example_xcom to 2021-01-01T00:00:00+00:00, run_after=2021-01-01T00:00:00+00:00
[2023-09-24T09:31:22.251+0000] {processor.py:179} INFO - Processing /home/airflow/.local/lib/python3.8/site-packages/airflow/example_dags/example_xcom.py took 0.033 seconds
[2023-09-24T11:06:20.578+0000] {processor.py:157} INFO - Started process (PID=15902) to work on /home/airflow/.local/lib/python3.8/site-packages/airflow/example_dags/example_xcom.py
[2023-09-24T11:06:20.578+0000] {processor.py:829} INFO - Processing file /home/airflow/.local/lib/python3.8/site-packages/airflow/example_dags/example_xcom.py for tasks to queue
[2023-09-24T11:06:20.579+0000] {logging_mixin.py:151} INFO - [2023-09-24T11:06:20.579+0000] {dagbag.py:539} INFO - Filling up the DagBag from /home/airflow/.local/lib/python3.8/site-packages/airflow/example_dags/example_xcom.py
[2023-09-24T11:06:20.583+0000] {processor.py:839} INFO - DAG(s) dict_keys(['example_xcom']) retrieved from /home/airflow/.local/lib/python3.8/site-packages/airflow/example_dags/example_xcom.py
[2023-09-24T11:06:20.593+0000] {logging_mixin.py:151} INFO - [2023-09-24T11:06:20.593+0000] {dag.py:2907} INFO - Sync 1 DAGs
[2023-09-24T11:06:20.603+0000] {logging_mixin.py:151} INFO - [2023-09-24T11:06:20.603+0000] {dag.py:3677} INFO - Setting next_dagrun for example_xcom to 2021-01-01T00:00:00+00:00, run_after=2021-01-01T00:00:00+00:00
[2023-09-24T11:06:20.610+0000] {processor.py:179} INFO - Processing /home/airflow/.local/lib/python3.8/site-packages/airflow/example_dags/example_xcom.py took 0.034 seconds
[2023-09-24T12:31:56.058+0000] {processor.py:157} INFO - Started process (PID=15949) to work on /home/airflow/.local/lib/python3.8/site-packages/airflow/example_dags/example_xcom.py
[2023-09-24T12:31:56.059+0000] {processor.py:829} INFO - Processing file /home/airflow/.local/lib/python3.8/site-packages/airflow/example_dags/example_xcom.py for tasks to queue
[2023-09-24T12:31:56.060+0000] {logging_mixin.py:151} INFO - [2023-09-24T12:31:56.060+0000] {dagbag.py:539} INFO - Filling up the DagBag from /home/airflow/.local/lib/python3.8/site-packages/airflow/example_dags/example_xcom.py
[2023-09-24T12:31:56.066+0000] {processor.py:839} INFO - DAG(s) dict_keys(['example_xcom']) retrieved from /home/airflow/.local/lib/python3.8/site-packages/airflow/example_dags/example_xcom.py
[2023-09-24T12:31:56.077+0000] {logging_mixin.py:151} INFO - [2023-09-24T12:31:56.077+0000] {dag.py:2907} INFO - Sync 1 DAGs
[2023-09-24T12:31:56.087+0000] {logging_mixin.py:151} INFO - [2023-09-24T12:31:56.087+0000] {dag.py:3677} INFO - Setting next_dagrun for example_xcom to 2021-01-01T00:00:00+00:00, run_after=2021-01-01T00:00:00+00:00
[2023-09-24T12:31:56.095+0000] {processor.py:179} INFO - Processing /home/airflow/.local/lib/python3.8/site-packages/airflow/example_dags/example_xcom.py took 0.039 seconds
[2023-09-24T14:13:10.696+0000] {processor.py:157} INFO - Started process (PID=15996) to work on /home/airflow/.local/lib/python3.8/site-packages/airflow/example_dags/example_xcom.py
[2023-09-24T14:13:10.697+0000] {processor.py:829} INFO - Processing file /home/airflow/.local/lib/python3.8/site-packages/airflow/example_dags/example_xcom.py for tasks to queue
[2023-09-24T14:13:10.698+0000] {logging_mixin.py:151} INFO - [2023-09-24T14:13:10.698+0000] {dagbag.py:539} INFO - Filling up the DagBag from /home/airflow/.local/lib/python3.8/site-packages/airflow/example_dags/example_xcom.py
[2023-09-24T14:13:10.702+0000] {processor.py:839} INFO - DAG(s) dict_keys(['example_xcom']) retrieved from /home/airflow/.local/lib/python3.8/site-packages/airflow/example_dags/example_xcom.py
[2023-09-24T14:13:10.712+0000] {logging_mixin.py:151} INFO - [2023-09-24T14:13:10.712+0000] {dag.py:2907} INFO - Sync 1 DAGs
[2023-09-24T14:13:10.722+0000] {logging_mixin.py:151} INFO - [2023-09-24T14:13:10.722+0000] {dag.py:3677} INFO - Setting next_dagrun for example_xcom to 2021-01-01T00:00:00+00:00, run_after=2021-01-01T00:00:00+00:00
[2023-09-24T14:13:10.729+0000] {processor.py:179} INFO - Processing /home/airflow/.local/lib/python3.8/site-packages/airflow/example_dags/example_xcom.py took 0.035 seconds
[2023-09-24T15:55:33.903+0000] {processor.py:157} INFO - Started process (PID=16043) to work on /home/airflow/.local/lib/python3.8/site-packages/airflow/example_dags/example_xcom.py
[2023-09-24T15:55:33.904+0000] {processor.py:829} INFO - Processing file /home/airflow/.local/lib/python3.8/site-packages/airflow/example_dags/example_xcom.py for tasks to queue
[2023-09-24T15:55:33.905+0000] {logging_mixin.py:151} INFO - [2023-09-24T15:55:33.905+0000] {dagbag.py:539} INFO - Filling up the DagBag from /home/airflow/.local/lib/python3.8/site-packages/airflow/example_dags/example_xcom.py
[2023-09-24T15:55:33.909+0000] {processor.py:839} INFO - DAG(s) dict_keys(['example_xcom']) retrieved from /home/airflow/.local/lib/python3.8/site-packages/airflow/example_dags/example_xcom.py
[2023-09-24T15:55:33.919+0000] {logging_mixin.py:151} INFO - [2023-09-24T15:55:33.919+0000] {dag.py:2907} INFO - Sync 1 DAGs
[2023-09-24T15:55:33.929+0000] {logging_mixin.py:151} INFO - [2023-09-24T15:55:33.929+0000] {dag.py:3677} INFO - Setting next_dagrun for example_xcom to 2021-01-01T00:00:00+00:00, run_after=2021-01-01T00:00:00+00:00
[2023-09-24T15:55:33.936+0000] {processor.py:179} INFO - Processing /home/airflow/.local/lib/python3.8/site-packages/airflow/example_dags/example_xcom.py took 0.034 seconds
[2023-09-24T17:17:13.374+0000] {processor.py:157} INFO - Started process (PID=16090) to work on /home/airflow/.local/lib/python3.8/site-packages/airflow/example_dags/example_xcom.py
[2023-09-24T17:17:13.375+0000] {processor.py:829} INFO - Processing file /home/airflow/.local/lib/python3.8/site-packages/airflow/example_dags/example_xcom.py for tasks to queue
[2023-09-24T17:17:13.376+0000] {logging_mixin.py:151} INFO - [2023-09-24T17:17:13.376+0000] {dagbag.py:539} INFO - Filling up the DagBag from /home/airflow/.local/lib/python3.8/site-packages/airflow/example_dags/example_xcom.py
[2023-09-24T17:17:13.380+0000] {processor.py:839} INFO - DAG(s) dict_keys(['example_xcom']) retrieved from /home/airflow/.local/lib/python3.8/site-packages/airflow/example_dags/example_xcom.py
[2023-09-24T17:17:13.390+0000] {logging_mixin.py:151} INFO - [2023-09-24T17:17:13.390+0000] {dag.py:2907} INFO - Sync 1 DAGs
[2023-09-24T17:17:13.399+0000] {logging_mixin.py:151} INFO - [2023-09-24T17:17:13.399+0000] {dag.py:3677} INFO - Setting next_dagrun for example_xcom to 2021-01-01T00:00:00+00:00, run_after=2021-01-01T00:00:00+00:00
[2023-09-24T17:17:13.407+0000] {processor.py:179} INFO - Processing /home/airflow/.local/lib/python3.8/site-packages/airflow/example_dags/example_xcom.py took 0.034 seconds
[2023-09-24T18:53:10.188+0000] {processor.py:157} INFO - Started process (PID=16137) to work on /home/airflow/.local/lib/python3.8/site-packages/airflow/example_dags/example_xcom.py
[2023-09-24T18:53:10.189+0000] {processor.py:829} INFO - Processing file /home/airflow/.local/lib/python3.8/site-packages/airflow/example_dags/example_xcom.py for tasks to queue
[2023-09-24T18:53:10.190+0000] {logging_mixin.py:151} INFO - [2023-09-24T18:53:10.190+0000] {dagbag.py:539} INFO - Filling up the DagBag from /home/airflow/.local/lib/python3.8/site-packages/airflow/example_dags/example_xcom.py
[2023-09-24T18:53:10.194+0000] {processor.py:839} INFO - DAG(s) dict_keys(['example_xcom']) retrieved from /home/airflow/.local/lib/python3.8/site-packages/airflow/example_dags/example_xcom.py
[2023-09-24T18:53:10.204+0000] {logging_mixin.py:151} INFO - [2023-09-24T18:53:10.204+0000] {dag.py:2907} INFO - Sync 1 DAGs
[2023-09-24T18:53:10.213+0000] {logging_mixin.py:151} INFO - [2023-09-24T18:53:10.213+0000] {dag.py:3677} INFO - Setting next_dagrun for example_xcom to 2021-01-01T00:00:00+00:00, run_after=2021-01-01T00:00:00+00:00
[2023-09-24T18:53:10.219+0000] {processor.py:179} INFO - Processing /home/airflow/.local/lib/python3.8/site-packages/airflow/example_dags/example_xcom.py took 0.033 seconds
[2023-09-24T20:32:56.891+0000] {processor.py:157} INFO - Started process (PID=16184) to work on /home/airflow/.local/lib/python3.8/site-packages/airflow/example_dags/example_xcom.py
[2023-09-24T20:32:56.892+0000] {processor.py:829} INFO - Processing file /home/airflow/.local/lib/python3.8/site-packages/airflow/example_dags/example_xcom.py for tasks to queue
[2023-09-24T20:32:56.893+0000] {logging_mixin.py:151} INFO - [2023-09-24T20:32:56.893+0000] {dagbag.py:539} INFO - Filling up the DagBag from /home/airflow/.local/lib/python3.8/site-packages/airflow/example_dags/example_xcom.py
[2023-09-24T20:32:56.897+0000] {processor.py:839} INFO - DAG(s) dict_keys(['example_xcom']) retrieved from /home/airflow/.local/lib/python3.8/site-packages/airflow/example_dags/example_xcom.py
[2023-09-24T20:32:56.907+0000] {logging_mixin.py:151} INFO - [2023-09-24T20:32:56.907+0000] {dag.py:2907} INFO - Sync 1 DAGs
[2023-09-24T20:32:56.916+0000] {logging_mixin.py:151} INFO - [2023-09-24T20:32:56.916+0000] {dag.py:3677} INFO - Setting next_dagrun for example_xcom to 2021-01-01T00:00:00+00:00, run_after=2021-01-01T00:00:00+00:00
[2023-09-24T20:32:56.924+0000] {processor.py:179} INFO - Processing /home/airflow/.local/lib/python3.8/site-packages/airflow/example_dags/example_xcom.py took 0.035 seconds
[2023-09-24T21:55:35.063+0000] {processor.py:157} INFO - Started process (PID=16231) to work on /home/airflow/.local/lib/python3.8/site-packages/airflow/example_dags/example_xcom.py
[2023-09-24T21:55:35.064+0000] {processor.py:829} INFO - Processing file /home/airflow/.local/lib/python3.8/site-packages/airflow/example_dags/example_xcom.py for tasks to queue
[2023-09-24T21:55:35.066+0000] {logging_mixin.py:151} INFO - [2023-09-24T21:55:35.066+0000] {dagbag.py:539} INFO - Filling up the DagBag from /home/airflow/.local/lib/python3.8/site-packages/airflow/example_dags/example_xcom.py
[2023-09-24T21:55:35.073+0000] {processor.py:839} INFO - DAG(s) dict_keys(['example_xcom']) retrieved from /home/airflow/.local/lib/python3.8/site-packages/airflow/example_dags/example_xcom.py
[2023-09-24T21:55:35.085+0000] {logging_mixin.py:151} INFO - [2023-09-24T21:55:35.085+0000] {dag.py:2907} INFO - Sync 1 DAGs
[2023-09-24T21:55:35.097+0000] {logging_mixin.py:151} INFO - [2023-09-24T21:55:35.097+0000] {dag.py:3677} INFO - Setting next_dagrun for example_xcom to 2021-01-01T00:00:00+00:00, run_after=2021-01-01T00:00:00+00:00
[2023-09-24T21:55:35.106+0000] {processor.py:179} INFO - Processing /home/airflow/.local/lib/python3.8/site-packages/airflow/example_dags/example_xcom.py took 0.047 seconds
[2023-09-24T23:35:54.822+0000] {processor.py:157} INFO - Started process (PID=16278) to work on /home/airflow/.local/lib/python3.8/site-packages/airflow/example_dags/example_xcom.py
[2023-09-24T23:35:54.824+0000] {processor.py:829} INFO - Processing file /home/airflow/.local/lib/python3.8/site-packages/airflow/example_dags/example_xcom.py for tasks to queue
[2023-09-24T23:35:54.829+0000] {logging_mixin.py:151} INFO - [2023-09-24T23:35:54.829+0000] {dagbag.py:539} INFO - Filling up the DagBag from /home/airflow/.local/lib/python3.8/site-packages/airflow/example_dags/example_xcom.py
[2023-09-24T23:35:54.836+0000] {processor.py:839} INFO - DAG(s) dict_keys(['example_xcom']) retrieved from /home/airflow/.local/lib/python3.8/site-packages/airflow/example_dags/example_xcom.py
[2023-09-24T23:35:54.884+0000] {logging_mixin.py:151} INFO - [2023-09-24T23:35:54.884+0000] {dag.py:2907} INFO - Sync 1 DAGs
[2023-09-24T23:35:54.899+0000] {logging_mixin.py:151} INFO - [2023-09-24T23:35:54.899+0000] {dag.py:3677} INFO - Setting next_dagrun for example_xcom to 2021-01-01T00:00:00+00:00, run_after=2021-01-01T00:00:00+00:00
[2023-09-24T23:35:54.911+0000] {processor.py:179} INFO - Processing /home/airflow/.local/lib/python3.8/site-packages/airflow/example_dags/example_xcom.py took 0.093 seconds
[2023-09-24T23:57:53.550+0000] {processor.py:157} INFO - Started process (PID=16325) to work on /home/airflow/.local/lib/python3.8/site-packages/airflow/example_dags/example_xcom.py
[2023-09-24T23:57:53.551+0000] {processor.py:829} INFO - Processing file /home/airflow/.local/lib/python3.8/site-packages/airflow/example_dags/example_xcom.py for tasks to queue
[2023-09-24T23:57:53.552+0000] {logging_mixin.py:151} INFO - [2023-09-24T23:57:53.552+0000] {dagbag.py:539} INFO - Filling up the DagBag from /home/airflow/.local/lib/python3.8/site-packages/airflow/example_dags/example_xcom.py
[2023-09-24T23:57:53.556+0000] {processor.py:839} INFO - DAG(s) dict_keys(['example_xcom']) retrieved from /home/airflow/.local/lib/python3.8/site-packages/airflow/example_dags/example_xcom.py
[2023-09-24T23:57:53.566+0000] {logging_mixin.py:151} INFO - [2023-09-24T23:57:53.565+0000] {dag.py:2907} INFO - Sync 1 DAGs
[2023-09-24T23:57:53.574+0000] {logging_mixin.py:151} INFO - [2023-09-24T23:57:53.574+0000] {dag.py:3677} INFO - Setting next_dagrun for example_xcom to 2021-01-01T00:00:00+00:00, run_after=2021-01-01T00:00:00+00:00
[2023-09-24T23:57:53.581+0000] {processor.py:179} INFO - Processing /home/airflow/.local/lib/python3.8/site-packages/airflow/example_dags/example_xcom.py took 0.032 seconds
