[2023-09-24T00:14:07.327+0000] {processor.py:157} INFO - Started process (PID=15574) to work on /home/airflow/.local/lib/python3.8/site-packages/airflow/example_dags/example_local_kubernetes_executor.py
[2023-09-24T00:14:07.327+0000] {processor.py:829} INFO - Processing file /home/airflow/.local/lib/python3.8/site-packages/airflow/example_dags/example_local_kubernetes_executor.py for tasks to queue
[2023-09-24T00:14:07.329+0000] {logging_mixin.py:151} INFO - [2023-09-24T00:14:07.329+0000] {dagbag.py:539} INFO - Filling up the DagBag from /home/airflow/.local/lib/python3.8/site-packages/airflow/example_dags/example_local_kubernetes_executor.py
[2023-09-24T00:14:07.519+0000] {processor.py:839} INFO - DAG(s) dict_keys(['example_local_kubernetes_executor']) retrieved from /home/airflow/.local/lib/python3.8/site-packages/airflow/example_dags/example_local_kubernetes_executor.py
[2023-09-24T00:14:07.534+0000] {logging_mixin.py:151} INFO - [2023-09-24T00:14:07.534+0000] {dag.py:2907} INFO - Sync 1 DAGs
[2023-09-24T00:14:07.539+0000] {logging_mixin.py:151} INFO - [2023-09-24T00:14:07.539+0000] {dag.py:3677} INFO - Setting next_dagrun for example_local_kubernetes_executor to None, run_after=None
[2023-09-24T00:14:07.545+0000] {processor.py:179} INFO - Processing /home/airflow/.local/lib/python3.8/site-packages/airflow/example_dags/example_local_kubernetes_executor.py took 0.220 seconds
[2023-09-24T01:53:10.177+0000] {processor.py:157} INFO - Started process (PID=15621) to work on /home/airflow/.local/lib/python3.8/site-packages/airflow/example_dags/example_local_kubernetes_executor.py
[2023-09-24T01:53:10.177+0000] {processor.py:829} INFO - Processing file /home/airflow/.local/lib/python3.8/site-packages/airflow/example_dags/example_local_kubernetes_executor.py for tasks to queue
[2023-09-24T01:53:10.178+0000] {logging_mixin.py:151} INFO - [2023-09-24T01:53:10.178+0000] {dagbag.py:539} INFO - Filling up the DagBag from /home/airflow/.local/lib/python3.8/site-packages/airflow/example_dags/example_local_kubernetes_executor.py
[2023-09-24T01:53:10.366+0000] {processor.py:839} INFO - DAG(s) dict_keys(['example_local_kubernetes_executor']) retrieved from /home/airflow/.local/lib/python3.8/site-packages/airflow/example_dags/example_local_kubernetes_executor.py
[2023-09-24T01:53:10.381+0000] {logging_mixin.py:151} INFO - [2023-09-24T01:53:10.381+0000] {dag.py:2907} INFO - Sync 1 DAGs
[2023-09-24T01:53:10.386+0000] {logging_mixin.py:151} INFO - [2023-09-24T01:53:10.385+0000] {dag.py:3677} INFO - Setting next_dagrun for example_local_kubernetes_executor to None, run_after=None
[2023-09-24T01:53:10.392+0000] {processor.py:179} INFO - Processing /home/airflow/.local/lib/python3.8/site-packages/airflow/example_dags/example_local_kubernetes_executor.py took 0.217 seconds
[2023-09-24T03:30:33.688+0000] {processor.py:157} INFO - Started process (PID=15668) to work on /home/airflow/.local/lib/python3.8/site-packages/airflow/example_dags/example_local_kubernetes_executor.py
[2023-09-24T03:30:33.688+0000] {processor.py:829} INFO - Processing file /home/airflow/.local/lib/python3.8/site-packages/airflow/example_dags/example_local_kubernetes_executor.py for tasks to queue
[2023-09-24T03:30:33.689+0000] {logging_mixin.py:151} INFO - [2023-09-24T03:30:33.689+0000] {dagbag.py:539} INFO - Filling up the DagBag from /home/airflow/.local/lib/python3.8/site-packages/airflow/example_dags/example_local_kubernetes_executor.py
[2023-09-24T03:30:33.874+0000] {processor.py:839} INFO - DAG(s) dict_keys(['example_local_kubernetes_executor']) retrieved from /home/airflow/.local/lib/python3.8/site-packages/airflow/example_dags/example_local_kubernetes_executor.py
[2023-09-24T03:30:33.889+0000] {logging_mixin.py:151} INFO - [2023-09-24T03:30:33.888+0000] {dag.py:2907} INFO - Sync 1 DAGs
[2023-09-24T03:30:33.894+0000] {logging_mixin.py:151} INFO - [2023-09-24T03:30:33.894+0000] {dag.py:3677} INFO - Setting next_dagrun for example_local_kubernetes_executor to None, run_after=None
[2023-09-24T03:30:33.901+0000] {processor.py:179} INFO - Processing /home/airflow/.local/lib/python3.8/site-packages/airflow/example_dags/example_local_kubernetes_executor.py took 0.215 seconds
[2023-09-24T04:49:48.021+0000] {processor.py:157} INFO - Started process (PID=15715) to work on /home/airflow/.local/lib/python3.8/site-packages/airflow/example_dags/example_local_kubernetes_executor.py
[2023-09-24T04:49:48.022+0000] {processor.py:829} INFO - Processing file /home/airflow/.local/lib/python3.8/site-packages/airflow/example_dags/example_local_kubernetes_executor.py for tasks to queue
[2023-09-24T04:49:48.023+0000] {logging_mixin.py:151} INFO - [2023-09-24T04:49:48.023+0000] {dagbag.py:539} INFO - Filling up the DagBag from /home/airflow/.local/lib/python3.8/site-packages/airflow/example_dags/example_local_kubernetes_executor.py
[2023-09-24T04:49:48.214+0000] {processor.py:839} INFO - DAG(s) dict_keys(['example_local_kubernetes_executor']) retrieved from /home/airflow/.local/lib/python3.8/site-packages/airflow/example_dags/example_local_kubernetes_executor.py
[2023-09-24T04:49:48.227+0000] {logging_mixin.py:151} INFO - [2023-09-24T04:49:48.227+0000] {dag.py:2907} INFO - Sync 1 DAGs
[2023-09-24T04:49:48.233+0000] {logging_mixin.py:151} INFO - [2023-09-24T04:49:48.233+0000] {dag.py:3677} INFO - Setting next_dagrun for example_local_kubernetes_executor to None, run_after=None
[2023-09-24T04:49:48.240+0000] {processor.py:179} INFO - Processing /home/airflow/.local/lib/python3.8/site-packages/airflow/example_dags/example_local_kubernetes_executor.py took 0.220 seconds
[2023-09-24T06:28:51.625+0000] {processor.py:157} INFO - Started process (PID=15762) to work on /home/airflow/.local/lib/python3.8/site-packages/airflow/example_dags/example_local_kubernetes_executor.py
[2023-09-24T06:28:51.626+0000] {processor.py:829} INFO - Processing file /home/airflow/.local/lib/python3.8/site-packages/airflow/example_dags/example_local_kubernetes_executor.py for tasks to queue
[2023-09-24T06:28:51.627+0000] {logging_mixin.py:151} INFO - [2023-09-24T06:28:51.627+0000] {dagbag.py:539} INFO - Filling up the DagBag from /home/airflow/.local/lib/python3.8/site-packages/airflow/example_dags/example_local_kubernetes_executor.py
[2023-09-24T06:28:51.824+0000] {processor.py:839} INFO - DAG(s) dict_keys(['example_local_kubernetes_executor']) retrieved from /home/airflow/.local/lib/python3.8/site-packages/airflow/example_dags/example_local_kubernetes_executor.py
[2023-09-24T06:28:51.837+0000] {logging_mixin.py:151} INFO - [2023-09-24T06:28:51.837+0000] {dag.py:2907} INFO - Sync 1 DAGs
[2023-09-24T06:28:51.842+0000] {logging_mixin.py:151} INFO - [2023-09-24T06:28:51.842+0000] {dag.py:3677} INFO - Setting next_dagrun for example_local_kubernetes_executor to None, run_after=None
[2023-09-24T06:28:51.849+0000] {processor.py:179} INFO - Processing /home/airflow/.local/lib/python3.8/site-packages/airflow/example_dags/example_local_kubernetes_executor.py took 0.226 seconds
[2023-09-24T07:52:31.564+0000] {processor.py:157} INFO - Started process (PID=15809) to work on /home/airflow/.local/lib/python3.8/site-packages/airflow/example_dags/example_local_kubernetes_executor.py
[2023-09-24T07:52:31.564+0000] {processor.py:829} INFO - Processing file /home/airflow/.local/lib/python3.8/site-packages/airflow/example_dags/example_local_kubernetes_executor.py for tasks to queue
[2023-09-24T07:52:31.566+0000] {logging_mixin.py:151} INFO - [2023-09-24T07:52:31.565+0000] {dagbag.py:539} INFO - Filling up the DagBag from /home/airflow/.local/lib/python3.8/site-packages/airflow/example_dags/example_local_kubernetes_executor.py
[2023-09-24T07:52:31.761+0000] {processor.py:839} INFO - DAG(s) dict_keys(['example_local_kubernetes_executor']) retrieved from /home/airflow/.local/lib/python3.8/site-packages/airflow/example_dags/example_local_kubernetes_executor.py
[2023-09-24T07:52:31.775+0000] {logging_mixin.py:151} INFO - [2023-09-24T07:52:31.775+0000] {dag.py:2907} INFO - Sync 1 DAGs
[2023-09-24T07:52:31.780+0000] {logging_mixin.py:151} INFO - [2023-09-24T07:52:31.780+0000] {dag.py:3677} INFO - Setting next_dagrun for example_local_kubernetes_executor to None, run_after=None
[2023-09-24T07:52:31.787+0000] {processor.py:179} INFO - Processing /home/airflow/.local/lib/python3.8/site-packages/airflow/example_dags/example_local_kubernetes_executor.py took 0.225 seconds
[2023-09-24T09:31:22.257+0000] {processor.py:157} INFO - Started process (PID=15856) to work on /home/airflow/.local/lib/python3.8/site-packages/airflow/example_dags/example_local_kubernetes_executor.py
[2023-09-24T09:31:22.258+0000] {processor.py:829} INFO - Processing file /home/airflow/.local/lib/python3.8/site-packages/airflow/example_dags/example_local_kubernetes_executor.py for tasks to queue
[2023-09-24T09:31:22.259+0000] {logging_mixin.py:151} INFO - [2023-09-24T09:31:22.259+0000] {dagbag.py:539} INFO - Filling up the DagBag from /home/airflow/.local/lib/python3.8/site-packages/airflow/example_dags/example_local_kubernetes_executor.py
[2023-09-24T09:31:22.422+0000] {processor.py:839} INFO - DAG(s) dict_keys(['example_local_kubernetes_executor']) retrieved from /home/airflow/.local/lib/python3.8/site-packages/airflow/example_dags/example_local_kubernetes_executor.py
[2023-09-24T09:31:22.435+0000] {logging_mixin.py:151} INFO - [2023-09-24T09:31:22.435+0000] {dag.py:2907} INFO - Sync 1 DAGs
[2023-09-24T09:31:22.440+0000] {logging_mixin.py:151} INFO - [2023-09-24T09:31:22.440+0000] {dag.py:3677} INFO - Setting next_dagrun for example_local_kubernetes_executor to None, run_after=None
[2023-09-24T09:31:22.447+0000] {processor.py:179} INFO - Processing /home/airflow/.local/lib/python3.8/site-packages/airflow/example_dags/example_local_kubernetes_executor.py took 0.191 seconds
[2023-09-24T11:06:20.583+0000] {processor.py:157} INFO - Started process (PID=15903) to work on /home/airflow/.local/lib/python3.8/site-packages/airflow/example_dags/example_local_kubernetes_executor.py
[2023-09-24T11:06:20.584+0000] {processor.py:829} INFO - Processing file /home/airflow/.local/lib/python3.8/site-packages/airflow/example_dags/example_local_kubernetes_executor.py for tasks to queue
[2023-09-24T11:06:20.585+0000] {logging_mixin.py:151} INFO - [2023-09-24T11:06:20.585+0000] {dagbag.py:539} INFO - Filling up the DagBag from /home/airflow/.local/lib/python3.8/site-packages/airflow/example_dags/example_local_kubernetes_executor.py
[2023-09-24T11:06:20.774+0000] {processor.py:839} INFO - DAG(s) dict_keys(['example_local_kubernetes_executor']) retrieved from /home/airflow/.local/lib/python3.8/site-packages/airflow/example_dags/example_local_kubernetes_executor.py
[2023-09-24T11:06:20.788+0000] {logging_mixin.py:151} INFO - [2023-09-24T11:06:20.788+0000] {dag.py:2907} INFO - Sync 1 DAGs
[2023-09-24T11:06:20.794+0000] {logging_mixin.py:151} INFO - [2023-09-24T11:06:20.794+0000] {dag.py:3677} INFO - Setting next_dagrun for example_local_kubernetes_executor to None, run_after=None
[2023-09-24T11:06:20.800+0000] {processor.py:179} INFO - Processing /home/airflow/.local/lib/python3.8/site-packages/airflow/example_dags/example_local_kubernetes_executor.py took 0.219 seconds
[2023-09-24T12:31:56.107+0000] {processor.py:157} INFO - Started process (PID=15950) to work on /home/airflow/.local/lib/python3.8/site-packages/airflow/example_dags/example_local_kubernetes_executor.py
[2023-09-24T12:31:56.108+0000] {processor.py:829} INFO - Processing file /home/airflow/.local/lib/python3.8/site-packages/airflow/example_dags/example_local_kubernetes_executor.py for tasks to queue
[2023-09-24T12:31:56.109+0000] {logging_mixin.py:151} INFO - [2023-09-24T12:31:56.109+0000] {dagbag.py:539} INFO - Filling up the DagBag from /home/airflow/.local/lib/python3.8/site-packages/airflow/example_dags/example_local_kubernetes_executor.py
[2023-09-24T12:31:56.331+0000] {processor.py:839} INFO - DAG(s) dict_keys(['example_local_kubernetes_executor']) retrieved from /home/airflow/.local/lib/python3.8/site-packages/airflow/example_dags/example_local_kubernetes_executor.py
[2023-09-24T12:31:56.345+0000] {logging_mixin.py:151} INFO - [2023-09-24T12:31:56.345+0000] {dag.py:2907} INFO - Sync 1 DAGs
[2023-09-24T12:31:56.350+0000] {logging_mixin.py:151} INFO - [2023-09-24T12:31:56.350+0000] {dag.py:3677} INFO - Setting next_dagrun for example_local_kubernetes_executor to None, run_after=None
[2023-09-24T12:31:56.357+0000] {processor.py:179} INFO - Processing /home/airflow/.local/lib/python3.8/site-packages/airflow/example_dags/example_local_kubernetes_executor.py took 0.252 seconds
[2023-09-24T14:13:10.716+0000] {processor.py:157} INFO - Started process (PID=15997) to work on /home/airflow/.local/lib/python3.8/site-packages/airflow/example_dags/example_local_kubernetes_executor.py
[2023-09-24T14:13:10.717+0000] {processor.py:829} INFO - Processing file /home/airflow/.local/lib/python3.8/site-packages/airflow/example_dags/example_local_kubernetes_executor.py for tasks to queue
[2023-09-24T14:13:10.718+0000] {logging_mixin.py:151} INFO - [2023-09-24T14:13:10.718+0000] {dagbag.py:539} INFO - Filling up the DagBag from /home/airflow/.local/lib/python3.8/site-packages/airflow/example_dags/example_local_kubernetes_executor.py
[2023-09-24T14:13:10.910+0000] {processor.py:839} INFO - DAG(s) dict_keys(['example_local_kubernetes_executor']) retrieved from /home/airflow/.local/lib/python3.8/site-packages/airflow/example_dags/example_local_kubernetes_executor.py
[2023-09-24T14:13:10.924+0000] {logging_mixin.py:151} INFO - [2023-09-24T14:13:10.924+0000] {dag.py:2907} INFO - Sync 1 DAGs
[2023-09-24T14:13:10.929+0000] {logging_mixin.py:151} INFO - [2023-09-24T14:13:10.929+0000] {dag.py:3677} INFO - Setting next_dagrun for example_local_kubernetes_executor to None, run_after=None
[2023-09-24T14:13:10.935+0000] {processor.py:179} INFO - Processing /home/airflow/.local/lib/python3.8/site-packages/airflow/example_dags/example_local_kubernetes_executor.py took 0.221 seconds
[2023-09-24T15:55:33.916+0000] {processor.py:157} INFO - Started process (PID=16044) to work on /home/airflow/.local/lib/python3.8/site-packages/airflow/example_dags/example_local_kubernetes_executor.py
[2023-09-24T15:55:33.917+0000] {processor.py:829} INFO - Processing file /home/airflow/.local/lib/python3.8/site-packages/airflow/example_dags/example_local_kubernetes_executor.py for tasks to queue
[2023-09-24T15:55:33.918+0000] {logging_mixin.py:151} INFO - [2023-09-24T15:55:33.918+0000] {dagbag.py:539} INFO - Filling up the DagBag from /home/airflow/.local/lib/python3.8/site-packages/airflow/example_dags/example_local_kubernetes_executor.py
[2023-09-24T15:55:34.110+0000] {processor.py:839} INFO - DAG(s) dict_keys(['example_local_kubernetes_executor']) retrieved from /home/airflow/.local/lib/python3.8/site-packages/airflow/example_dags/example_local_kubernetes_executor.py
[2023-09-24T15:55:34.124+0000] {logging_mixin.py:151} INFO - [2023-09-24T15:55:34.124+0000] {dag.py:2907} INFO - Sync 1 DAGs
[2023-09-24T15:55:34.129+0000] {logging_mixin.py:151} INFO - [2023-09-24T15:55:34.128+0000] {dag.py:3677} INFO - Setting next_dagrun for example_local_kubernetes_executor to None, run_after=None
[2023-09-24T15:55:34.136+0000] {processor.py:179} INFO - Processing /home/airflow/.local/lib/python3.8/site-packages/airflow/example_dags/example_local_kubernetes_executor.py took 0.222 seconds
[2023-09-24T17:17:13.413+0000] {processor.py:157} INFO - Started process (PID=16091) to work on /home/airflow/.local/lib/python3.8/site-packages/airflow/example_dags/example_local_kubernetes_executor.py
[2023-09-24T17:17:13.414+0000] {processor.py:829} INFO - Processing file /home/airflow/.local/lib/python3.8/site-packages/airflow/example_dags/example_local_kubernetes_executor.py for tasks to queue
[2023-09-24T17:17:13.415+0000] {logging_mixin.py:151} INFO - [2023-09-24T17:17:13.415+0000] {dagbag.py:539} INFO - Filling up the DagBag from /home/airflow/.local/lib/python3.8/site-packages/airflow/example_dags/example_local_kubernetes_executor.py
[2023-09-24T17:17:13.693+0000] {processor.py:839} INFO - DAG(s) dict_keys(['example_local_kubernetes_executor']) retrieved from /home/airflow/.local/lib/python3.8/site-packages/airflow/example_dags/example_local_kubernetes_executor.py
[2023-09-24T17:17:13.708+0000] {logging_mixin.py:151} INFO - [2023-09-24T17:17:13.707+0000] {dag.py:2907} INFO - Sync 1 DAGs
[2023-09-24T17:17:13.713+0000] {logging_mixin.py:151} INFO - [2023-09-24T17:17:13.713+0000] {dag.py:3677} INFO - Setting next_dagrun for example_local_kubernetes_executor to None, run_after=None
[2023-09-24T17:17:13.719+0000] {processor.py:179} INFO - Processing /home/airflow/.local/lib/python3.8/site-packages/airflow/example_dags/example_local_kubernetes_executor.py took 0.308 seconds
[2023-09-24T18:53:10.231+0000] {processor.py:157} INFO - Started process (PID=16138) to work on /home/airflow/.local/lib/python3.8/site-packages/airflow/example_dags/example_local_kubernetes_executor.py
[2023-09-24T18:53:10.231+0000] {processor.py:829} INFO - Processing file /home/airflow/.local/lib/python3.8/site-packages/airflow/example_dags/example_local_kubernetes_executor.py for tasks to queue
[2023-09-24T18:53:10.232+0000] {logging_mixin.py:151} INFO - [2023-09-24T18:53:10.232+0000] {dagbag.py:539} INFO - Filling up the DagBag from /home/airflow/.local/lib/python3.8/site-packages/airflow/example_dags/example_local_kubernetes_executor.py
[2023-09-24T18:53:10.424+0000] {processor.py:839} INFO - DAG(s) dict_keys(['example_local_kubernetes_executor']) retrieved from /home/airflow/.local/lib/python3.8/site-packages/airflow/example_dags/example_local_kubernetes_executor.py
[2023-09-24T18:53:10.439+0000] {logging_mixin.py:151} INFO - [2023-09-24T18:53:10.438+0000] {dag.py:2907} INFO - Sync 1 DAGs
[2023-09-24T18:53:10.443+0000] {logging_mixin.py:151} INFO - [2023-09-24T18:53:10.443+0000] {dag.py:3677} INFO - Setting next_dagrun for example_local_kubernetes_executor to None, run_after=None
[2023-09-24T18:53:10.450+0000] {processor.py:179} INFO - Processing /home/airflow/.local/lib/python3.8/site-packages/airflow/example_dags/example_local_kubernetes_executor.py took 0.221 seconds
[2023-09-24T20:32:56.900+0000] {processor.py:157} INFO - Started process (PID=16185) to work on /home/airflow/.local/lib/python3.8/site-packages/airflow/example_dags/example_local_kubernetes_executor.py
[2023-09-24T20:32:56.900+0000] {processor.py:829} INFO - Processing file /home/airflow/.local/lib/python3.8/site-packages/airflow/example_dags/example_local_kubernetes_executor.py for tasks to queue
[2023-09-24T20:32:56.902+0000] {logging_mixin.py:151} INFO - [2023-09-24T20:32:56.901+0000] {dagbag.py:539} INFO - Filling up the DagBag from /home/airflow/.local/lib/python3.8/site-packages/airflow/example_dags/example_local_kubernetes_executor.py
[2023-09-24T20:32:57.118+0000] {processor.py:839} INFO - DAG(s) dict_keys(['example_local_kubernetes_executor']) retrieved from /home/airflow/.local/lib/python3.8/site-packages/airflow/example_dags/example_local_kubernetes_executor.py
[2023-09-24T20:32:57.133+0000] {logging_mixin.py:151} INFO - [2023-09-24T20:32:57.133+0000] {dag.py:2907} INFO - Sync 1 DAGs
[2023-09-24T20:32:57.140+0000] {logging_mixin.py:151} INFO - [2023-09-24T20:32:57.140+0000] {dag.py:3677} INFO - Setting next_dagrun for example_local_kubernetes_executor to None, run_after=None
[2023-09-24T20:32:57.147+0000] {processor.py:179} INFO - Processing /home/airflow/.local/lib/python3.8/site-packages/airflow/example_dags/example_local_kubernetes_executor.py took 0.249 seconds
[2023-09-24T21:55:35.078+0000] {processor.py:157} INFO - Started process (PID=16232) to work on /home/airflow/.local/lib/python3.8/site-packages/airflow/example_dags/example_local_kubernetes_executor.py
[2023-09-24T21:55:35.079+0000] {processor.py:829} INFO - Processing file /home/airflow/.local/lib/python3.8/site-packages/airflow/example_dags/example_local_kubernetes_executor.py for tasks to queue
[2023-09-24T21:55:35.080+0000] {logging_mixin.py:151} INFO - [2023-09-24T21:55:35.080+0000] {dagbag.py:539} INFO - Filling up the DagBag from /home/airflow/.local/lib/python3.8/site-packages/airflow/example_dags/example_local_kubernetes_executor.py
[2023-09-24T21:55:35.275+0000] {processor.py:839} INFO - DAG(s) dict_keys(['example_local_kubernetes_executor']) retrieved from /home/airflow/.local/lib/python3.8/site-packages/airflow/example_dags/example_local_kubernetes_executor.py
[2023-09-24T21:55:35.290+0000] {logging_mixin.py:151} INFO - [2023-09-24T21:55:35.290+0000] {dag.py:2907} INFO - Sync 1 DAGs
[2023-09-24T21:55:35.295+0000] {logging_mixin.py:151} INFO - [2023-09-24T21:55:35.295+0000] {dag.py:3677} INFO - Setting next_dagrun for example_local_kubernetes_executor to None, run_after=None
[2023-09-24T21:55:35.301+0000] {processor.py:179} INFO - Processing /home/airflow/.local/lib/python3.8/site-packages/airflow/example_dags/example_local_kubernetes_executor.py took 0.226 seconds
[2023-09-24T23:35:54.842+0000] {processor.py:157} INFO - Started process (PID=16279) to work on /home/airflow/.local/lib/python3.8/site-packages/airflow/example_dags/example_local_kubernetes_executor.py
[2023-09-24T23:35:54.847+0000] {processor.py:829} INFO - Processing file /home/airflow/.local/lib/python3.8/site-packages/airflow/example_dags/example_local_kubernetes_executor.py for tasks to queue
[2023-09-24T23:35:54.851+0000] {logging_mixin.py:151} INFO - [2023-09-24T23:35:54.851+0000] {dagbag.py:539} INFO - Filling up the DagBag from /home/airflow/.local/lib/python3.8/site-packages/airflow/example_dags/example_local_kubernetes_executor.py
[2023-09-24T23:35:55.086+0000] {processor.py:839} INFO - DAG(s) dict_keys(['example_local_kubernetes_executor']) retrieved from /home/airflow/.local/lib/python3.8/site-packages/airflow/example_dags/example_local_kubernetes_executor.py
[2023-09-24T23:35:55.100+0000] {logging_mixin.py:151} INFO - [2023-09-24T23:35:55.099+0000] {dag.py:2907} INFO - Sync 1 DAGs
[2023-09-24T23:35:55.104+0000] {logging_mixin.py:151} INFO - [2023-09-24T23:35:55.104+0000] {dag.py:3677} INFO - Setting next_dagrun for example_local_kubernetes_executor to None, run_after=None
[2023-09-24T23:35:55.112+0000] {processor.py:179} INFO - Processing /home/airflow/.local/lib/python3.8/site-packages/airflow/example_dags/example_local_kubernetes_executor.py took 0.275 seconds
[2023-09-24T23:57:53.592+0000] {processor.py:157} INFO - Started process (PID=16326) to work on /home/airflow/.local/lib/python3.8/site-packages/airflow/example_dags/example_local_kubernetes_executor.py
[2023-09-24T23:57:53.592+0000] {processor.py:829} INFO - Processing file /home/airflow/.local/lib/python3.8/site-packages/airflow/example_dags/example_local_kubernetes_executor.py for tasks to queue
[2023-09-24T23:57:53.593+0000] {logging_mixin.py:151} INFO - [2023-09-24T23:57:53.593+0000] {dagbag.py:539} INFO - Filling up the DagBag from /home/airflow/.local/lib/python3.8/site-packages/airflow/example_dags/example_local_kubernetes_executor.py
[2023-09-24T23:57:53.788+0000] {processor.py:839} INFO - DAG(s) dict_keys(['example_local_kubernetes_executor']) retrieved from /home/airflow/.local/lib/python3.8/site-packages/airflow/example_dags/example_local_kubernetes_executor.py
[2023-09-24T23:57:53.802+0000] {logging_mixin.py:151} INFO - [2023-09-24T23:57:53.801+0000] {dag.py:2907} INFO - Sync 1 DAGs
[2023-09-24T23:57:53.806+0000] {logging_mixin.py:151} INFO - [2023-09-24T23:57:53.806+0000] {dag.py:3677} INFO - Setting next_dagrun for example_local_kubernetes_executor to None, run_after=None
[2023-09-24T23:57:53.813+0000] {processor.py:179} INFO - Processing /home/airflow/.local/lib/python3.8/site-packages/airflow/example_dags/example_local_kubernetes_executor.py took 0.223 seconds
