[2023-09-24T00:14:07.349+0000] {processor.py:157} INFO - Started process (PID=15575) to work on /home/airflow/.local/lib/python3.8/site-packages/airflow/example_dags/example_bash_operator.py
[2023-09-24T00:14:07.350+0000] {processor.py:829} INFO - Processing file /home/airflow/.local/lib/python3.8/site-packages/airflow/example_dags/example_bash_operator.py for tasks to queue
[2023-09-24T00:14:07.351+0000] {logging_mixin.py:151} INFO - [2023-09-24T00:14:07.351+0000] {dagbag.py:539} INFO - Filling up the DagBag from /home/airflow/.local/lib/python3.8/site-packages/airflow/example_dags/example_bash_operator.py
[2023-09-24T00:14:07.357+0000] {processor.py:839} INFO - DAG(s) dict_keys(['example_bash_operator']) retrieved from /home/airflow/.local/lib/python3.8/site-packages/airflow/example_dags/example_bash_operator.py
[2023-09-24T00:14:07.371+0000] {logging_mixin.py:151} INFO - [2023-09-24T00:14:07.371+0000] {dag.py:2907} INFO - Sync 1 DAGs
[2023-09-24T00:14:07.381+0000] {logging_mixin.py:151} INFO - [2023-09-24T00:14:07.381+0000] {dag.py:3677} INFO - Setting next_dagrun for example_bash_operator to 2023-09-23T00:00:00+00:00, run_after=2023-09-24T00:00:00+00:00
[2023-09-24T00:14:07.388+0000] {processor.py:179} INFO - Processing /home/airflow/.local/lib/python3.8/site-packages/airflow/example_dags/example_bash_operator.py took 0.041 seconds
[2023-09-24T01:53:10.182+0000] {processor.py:157} INFO - Started process (PID=15622) to work on /home/airflow/.local/lib/python3.8/site-packages/airflow/example_dags/example_bash_operator.py
[2023-09-24T01:53:10.182+0000] {processor.py:829} INFO - Processing file /home/airflow/.local/lib/python3.8/site-packages/airflow/example_dags/example_bash_operator.py for tasks to queue
[2023-09-24T01:53:10.183+0000] {logging_mixin.py:151} INFO - [2023-09-24T01:53:10.183+0000] {dagbag.py:539} INFO - Filling up the DagBag from /home/airflow/.local/lib/python3.8/site-packages/airflow/example_dags/example_bash_operator.py
[2023-09-24T01:53:10.189+0000] {processor.py:839} INFO - DAG(s) dict_keys(['example_bash_operator']) retrieved from /home/airflow/.local/lib/python3.8/site-packages/airflow/example_dags/example_bash_operator.py
[2023-09-24T01:53:10.203+0000] {logging_mixin.py:151} INFO - [2023-09-24T01:53:10.203+0000] {dag.py:2907} INFO - Sync 1 DAGs
[2023-09-24T01:53:10.213+0000] {logging_mixin.py:151} INFO - [2023-09-24T01:53:10.213+0000] {dag.py:3677} INFO - Setting next_dagrun for example_bash_operator to 2023-09-23T00:00:00+00:00, run_after=2023-09-24T00:00:00+00:00
[2023-09-24T01:53:10.220+0000] {processor.py:179} INFO - Processing /home/airflow/.local/lib/python3.8/site-packages/airflow/example_dags/example_bash_operator.py took 0.041 seconds
[2023-09-24T03:30:33.693+0000] {processor.py:157} INFO - Started process (PID=15669) to work on /home/airflow/.local/lib/python3.8/site-packages/airflow/example_dags/example_bash_operator.py
[2023-09-24T03:30:33.693+0000] {processor.py:829} INFO - Processing file /home/airflow/.local/lib/python3.8/site-packages/airflow/example_dags/example_bash_operator.py for tasks to queue
[2023-09-24T03:30:33.694+0000] {logging_mixin.py:151} INFO - [2023-09-24T03:30:33.694+0000] {dagbag.py:539} INFO - Filling up the DagBag from /home/airflow/.local/lib/python3.8/site-packages/airflow/example_dags/example_bash_operator.py
[2023-09-24T03:30:33.700+0000] {processor.py:839} INFO - DAG(s) dict_keys(['example_bash_operator']) retrieved from /home/airflow/.local/lib/python3.8/site-packages/airflow/example_dags/example_bash_operator.py
[2023-09-24T03:30:33.713+0000] {logging_mixin.py:151} INFO - [2023-09-24T03:30:33.713+0000] {dag.py:2907} INFO - Sync 1 DAGs
[2023-09-24T03:30:33.723+0000] {logging_mixin.py:151} INFO - [2023-09-24T03:30:33.723+0000] {dag.py:3677} INFO - Setting next_dagrun for example_bash_operator to 2023-09-23T00:00:00+00:00, run_after=2023-09-24T00:00:00+00:00
[2023-09-24T03:30:33.730+0000] {processor.py:179} INFO - Processing /home/airflow/.local/lib/python3.8/site-packages/airflow/example_dags/example_bash_operator.py took 0.040 seconds
[2023-09-24T04:49:48.056+0000] {processor.py:157} INFO - Started process (PID=15716) to work on /home/airflow/.local/lib/python3.8/site-packages/airflow/example_dags/example_bash_operator.py
[2023-09-24T04:49:48.057+0000] {processor.py:829} INFO - Processing file /home/airflow/.local/lib/python3.8/site-packages/airflow/example_dags/example_bash_operator.py for tasks to queue
[2023-09-24T04:49:48.058+0000] {logging_mixin.py:151} INFO - [2023-09-24T04:49:48.058+0000] {dagbag.py:539} INFO - Filling up the DagBag from /home/airflow/.local/lib/python3.8/site-packages/airflow/example_dags/example_bash_operator.py
[2023-09-24T04:49:48.064+0000] {processor.py:839} INFO - DAG(s) dict_keys(['example_bash_operator']) retrieved from /home/airflow/.local/lib/python3.8/site-packages/airflow/example_dags/example_bash_operator.py
[2023-09-24T04:49:48.078+0000] {logging_mixin.py:151} INFO - [2023-09-24T04:49:48.077+0000] {dag.py:2907} INFO - Sync 1 DAGs
[2023-09-24T04:49:48.088+0000] {logging_mixin.py:151} INFO - [2023-09-24T04:49:48.088+0000] {dag.py:3677} INFO - Setting next_dagrun for example_bash_operator to 2023-09-23T00:00:00+00:00, run_after=2023-09-24T00:00:00+00:00
[2023-09-24T04:49:48.095+0000] {processor.py:179} INFO - Processing /home/airflow/.local/lib/python3.8/site-packages/airflow/example_dags/example_bash_operator.py took 0.041 seconds
[2023-09-24T06:28:51.627+0000] {processor.py:157} INFO - Started process (PID=15763) to work on /home/airflow/.local/lib/python3.8/site-packages/airflow/example_dags/example_bash_operator.py
[2023-09-24T06:28:51.628+0000] {processor.py:829} INFO - Processing file /home/airflow/.local/lib/python3.8/site-packages/airflow/example_dags/example_bash_operator.py for tasks to queue
[2023-09-24T06:28:51.629+0000] {logging_mixin.py:151} INFO - [2023-09-24T06:28:51.629+0000] {dagbag.py:539} INFO - Filling up the DagBag from /home/airflow/.local/lib/python3.8/site-packages/airflow/example_dags/example_bash_operator.py
[2023-09-24T06:28:51.635+0000] {processor.py:839} INFO - DAG(s) dict_keys(['example_bash_operator']) retrieved from /home/airflow/.local/lib/python3.8/site-packages/airflow/example_dags/example_bash_operator.py
[2023-09-24T06:28:51.649+0000] {logging_mixin.py:151} INFO - [2023-09-24T06:28:51.649+0000] {dag.py:2907} INFO - Sync 1 DAGs
[2023-09-24T06:28:51.659+0000] {logging_mixin.py:151} INFO - [2023-09-24T06:28:51.659+0000] {dag.py:3677} INFO - Setting next_dagrun for example_bash_operator to 2023-09-23T00:00:00+00:00, run_after=2023-09-24T00:00:00+00:00
[2023-09-24T06:28:51.667+0000] {processor.py:179} INFO - Processing /home/airflow/.local/lib/python3.8/site-packages/airflow/example_dags/example_bash_operator.py took 0.041 seconds
[2023-09-24T07:52:31.597+0000] {processor.py:157} INFO - Started process (PID=15810) to work on /home/airflow/.local/lib/python3.8/site-packages/airflow/example_dags/example_bash_operator.py
[2023-09-24T07:52:31.598+0000] {processor.py:829} INFO - Processing file /home/airflow/.local/lib/python3.8/site-packages/airflow/example_dags/example_bash_operator.py for tasks to queue
[2023-09-24T07:52:31.599+0000] {logging_mixin.py:151} INFO - [2023-09-24T07:52:31.599+0000] {dagbag.py:539} INFO - Filling up the DagBag from /home/airflow/.local/lib/python3.8/site-packages/airflow/example_dags/example_bash_operator.py
[2023-09-24T07:52:31.605+0000] {processor.py:839} INFO - DAG(s) dict_keys(['example_bash_operator']) retrieved from /home/airflow/.local/lib/python3.8/site-packages/airflow/example_dags/example_bash_operator.py
[2023-09-24T07:52:31.621+0000] {logging_mixin.py:151} INFO - [2023-09-24T07:52:31.621+0000] {dag.py:2907} INFO - Sync 1 DAGs
[2023-09-24T07:52:31.631+0000] {logging_mixin.py:151} INFO - [2023-09-24T07:52:31.631+0000] {dag.py:3677} INFO - Setting next_dagrun for example_bash_operator to 2023-09-23T00:00:00+00:00, run_after=2023-09-24T00:00:00+00:00
[2023-09-24T07:52:31.639+0000] {processor.py:179} INFO - Processing /home/airflow/.local/lib/python3.8/site-packages/airflow/example_dags/example_bash_operator.py took 0.044 seconds
[2023-09-24T09:31:22.463+0000] {processor.py:157} INFO - Started process (PID=15857) to work on /home/airflow/.local/lib/python3.8/site-packages/airflow/example_dags/example_bash_operator.py
[2023-09-24T09:31:22.463+0000] {processor.py:829} INFO - Processing file /home/airflow/.local/lib/python3.8/site-packages/airflow/example_dags/example_bash_operator.py for tasks to queue
[2023-09-24T09:31:22.465+0000] {logging_mixin.py:151} INFO - [2023-09-24T09:31:22.464+0000] {dagbag.py:539} INFO - Filling up the DagBag from /home/airflow/.local/lib/python3.8/site-packages/airflow/example_dags/example_bash_operator.py
[2023-09-24T09:31:22.797+0000] {processor.py:839} INFO - DAG(s) dict_keys(['example_bash_operator']) retrieved from /home/airflow/.local/lib/python3.8/site-packages/airflow/example_dags/example_bash_operator.py
[2023-09-24T09:31:22.818+0000] {logging_mixin.py:151} INFO - [2023-09-24T09:31:22.818+0000] {dag.py:2907} INFO - Sync 1 DAGs
[2023-09-24T09:31:22.838+0000] {logging_mixin.py:151} INFO - [2023-09-24T09:31:22.838+0000] {dag.py:3677} INFO - Setting next_dagrun for example_bash_operator to 2023-09-23T00:00:00+00:00, run_after=2023-09-24T00:00:00+00:00
[2023-09-24T09:31:22.859+0000] {processor.py:179} INFO - Processing /home/airflow/.local/lib/python3.8/site-packages/airflow/example_dags/example_bash_operator.py took 0.399 seconds
[2023-09-24T11:06:20.622+0000] {processor.py:157} INFO - Started process (PID=15904) to work on /home/airflow/.local/lib/python3.8/site-packages/airflow/example_dags/example_bash_operator.py
[2023-09-24T11:06:20.623+0000] {processor.py:829} INFO - Processing file /home/airflow/.local/lib/python3.8/site-packages/airflow/example_dags/example_bash_operator.py for tasks to queue
[2023-09-24T11:06:20.624+0000] {logging_mixin.py:151} INFO - [2023-09-24T11:06:20.624+0000] {dagbag.py:539} INFO - Filling up the DagBag from /home/airflow/.local/lib/python3.8/site-packages/airflow/example_dags/example_bash_operator.py
[2023-09-24T11:06:20.631+0000] {processor.py:839} INFO - DAG(s) dict_keys(['example_bash_operator']) retrieved from /home/airflow/.local/lib/python3.8/site-packages/airflow/example_dags/example_bash_operator.py
[2023-09-24T11:06:20.646+0000] {logging_mixin.py:151} INFO - [2023-09-24T11:06:20.645+0000] {dag.py:2907} INFO - Sync 1 DAGs
[2023-09-24T11:06:20.659+0000] {logging_mixin.py:151} INFO - [2023-09-24T11:06:20.659+0000] {dag.py:3677} INFO - Setting next_dagrun for example_bash_operator to 2023-09-23T00:00:00+00:00, run_after=2023-09-24T00:00:00+00:00
[2023-09-24T11:06:20.667+0000] {processor.py:179} INFO - Processing /home/airflow/.local/lib/python3.8/site-packages/airflow/example_dags/example_bash_operator.py took 0.046 seconds
[2023-09-24T12:31:56.110+0000] {processor.py:157} INFO - Started process (PID=15951) to work on /home/airflow/.local/lib/python3.8/site-packages/airflow/example_dags/example_bash_operator.py
[2023-09-24T12:31:56.111+0000] {processor.py:829} INFO - Processing file /home/airflow/.local/lib/python3.8/site-packages/airflow/example_dags/example_bash_operator.py for tasks to queue
[2023-09-24T12:31:56.112+0000] {logging_mixin.py:151} INFO - [2023-09-24T12:31:56.112+0000] {dagbag.py:539} INFO - Filling up the DagBag from /home/airflow/.local/lib/python3.8/site-packages/airflow/example_dags/example_bash_operator.py
[2023-09-24T12:31:56.119+0000] {processor.py:839} INFO - DAG(s) dict_keys(['example_bash_operator']) retrieved from /home/airflow/.local/lib/python3.8/site-packages/airflow/example_dags/example_bash_operator.py
[2023-09-24T12:31:56.135+0000] {logging_mixin.py:151} INFO - [2023-09-24T12:31:56.135+0000] {dag.py:2907} INFO - Sync 1 DAGs
[2023-09-24T12:31:56.146+0000] {logging_mixin.py:151} INFO - [2023-09-24T12:31:56.146+0000] {dag.py:3677} INFO - Setting next_dagrun for example_bash_operator to 2023-09-23T00:00:00+00:00, run_after=2023-09-24T00:00:00+00:00
[2023-09-24T12:31:56.156+0000] {processor.py:179} INFO - Processing /home/airflow/.local/lib/python3.8/site-packages/airflow/example_dags/example_bash_operator.py took 0.048 seconds
[2023-09-24T14:13:10.742+0000] {processor.py:157} INFO - Started process (PID=15998) to work on /home/airflow/.local/lib/python3.8/site-packages/airflow/example_dags/example_bash_operator.py
[2023-09-24T14:13:10.743+0000] {processor.py:829} INFO - Processing file /home/airflow/.local/lib/python3.8/site-packages/airflow/example_dags/example_bash_operator.py for tasks to queue
[2023-09-24T14:13:10.744+0000] {logging_mixin.py:151} INFO - [2023-09-24T14:13:10.744+0000] {dagbag.py:539} INFO - Filling up the DagBag from /home/airflow/.local/lib/python3.8/site-packages/airflow/example_dags/example_bash_operator.py
[2023-09-24T14:13:10.750+0000] {processor.py:839} INFO - DAG(s) dict_keys(['example_bash_operator']) retrieved from /home/airflow/.local/lib/python3.8/site-packages/airflow/example_dags/example_bash_operator.py
[2023-09-24T14:13:10.765+0000] {logging_mixin.py:151} INFO - [2023-09-24T14:13:10.765+0000] {dag.py:2907} INFO - Sync 1 DAGs
[2023-09-24T14:13:10.777+0000] {logging_mixin.py:151} INFO - [2023-09-24T14:13:10.776+0000] {dag.py:3677} INFO - Setting next_dagrun for example_bash_operator to 2023-09-23T00:00:00+00:00, run_after=2023-09-24T00:00:00+00:00
[2023-09-24T14:13:10.784+0000] {processor.py:179} INFO - Processing /home/airflow/.local/lib/python3.8/site-packages/airflow/example_dags/example_bash_operator.py took 0.044 seconds
[2023-09-24T15:55:33.948+0000] {processor.py:157} INFO - Started process (PID=16045) to work on /home/airflow/.local/lib/python3.8/site-packages/airflow/example_dags/example_bash_operator.py
[2023-09-24T15:55:33.949+0000] {processor.py:829} INFO - Processing file /home/airflow/.local/lib/python3.8/site-packages/airflow/example_dags/example_bash_operator.py for tasks to queue
[2023-09-24T15:55:33.950+0000] {logging_mixin.py:151} INFO - [2023-09-24T15:55:33.949+0000] {dagbag.py:539} INFO - Filling up the DagBag from /home/airflow/.local/lib/python3.8/site-packages/airflow/example_dags/example_bash_operator.py
[2023-09-24T15:55:33.956+0000] {processor.py:839} INFO - DAG(s) dict_keys(['example_bash_operator']) retrieved from /home/airflow/.local/lib/python3.8/site-packages/airflow/example_dags/example_bash_operator.py
[2023-09-24T15:55:33.969+0000] {logging_mixin.py:151} INFO - [2023-09-24T15:55:33.969+0000] {dag.py:2907} INFO - Sync 1 DAGs
[2023-09-24T15:55:33.980+0000] {logging_mixin.py:151} INFO - [2023-09-24T15:55:33.980+0000] {dag.py:3677} INFO - Setting next_dagrun for example_bash_operator to 2023-09-23T00:00:00+00:00, run_after=2023-09-24T00:00:00+00:00
[2023-09-24T15:55:33.987+0000] {processor.py:179} INFO - Processing /home/airflow/.local/lib/python3.8/site-packages/airflow/example_dags/example_bash_operator.py took 0.041 seconds
[2023-09-24T17:17:13.419+0000] {processor.py:157} INFO - Started process (PID=16092) to work on /home/airflow/.local/lib/python3.8/site-packages/airflow/example_dags/example_bash_operator.py
[2023-09-24T17:17:13.419+0000] {processor.py:829} INFO - Processing file /home/airflow/.local/lib/python3.8/site-packages/airflow/example_dags/example_bash_operator.py for tasks to queue
[2023-09-24T17:17:13.421+0000] {logging_mixin.py:151} INFO - [2023-09-24T17:17:13.420+0000] {dagbag.py:539} INFO - Filling up the DagBag from /home/airflow/.local/lib/python3.8/site-packages/airflow/example_dags/example_bash_operator.py
[2023-09-24T17:17:13.426+0000] {processor.py:839} INFO - DAG(s) dict_keys(['example_bash_operator']) retrieved from /home/airflow/.local/lib/python3.8/site-packages/airflow/example_dags/example_bash_operator.py
[2023-09-24T17:17:13.440+0000] {logging_mixin.py:151} INFO - [2023-09-24T17:17:13.440+0000] {dag.py:2907} INFO - Sync 1 DAGs
[2023-09-24T17:17:13.451+0000] {logging_mixin.py:151} INFO - [2023-09-24T17:17:13.451+0000] {dag.py:3677} INFO - Setting next_dagrun for example_bash_operator to 2023-09-23T00:00:00+00:00, run_after=2023-09-24T00:00:00+00:00
[2023-09-24T17:17:13.459+0000] {processor.py:179} INFO - Processing /home/airflow/.local/lib/python3.8/site-packages/airflow/example_dags/example_bash_operator.py took 0.042 seconds
[2023-09-24T18:53:10.233+0000] {processor.py:157} INFO - Started process (PID=16139) to work on /home/airflow/.local/lib/python3.8/site-packages/airflow/example_dags/example_bash_operator.py
[2023-09-24T18:53:10.234+0000] {processor.py:829} INFO - Processing file /home/airflow/.local/lib/python3.8/site-packages/airflow/example_dags/example_bash_operator.py for tasks to queue
[2023-09-24T18:53:10.235+0000] {logging_mixin.py:151} INFO - [2023-09-24T18:53:10.234+0000] {dagbag.py:539} INFO - Filling up the DagBag from /home/airflow/.local/lib/python3.8/site-packages/airflow/example_dags/example_bash_operator.py
[2023-09-24T18:53:10.241+0000] {processor.py:839} INFO - DAG(s) dict_keys(['example_bash_operator']) retrieved from /home/airflow/.local/lib/python3.8/site-packages/airflow/example_dags/example_bash_operator.py
[2023-09-24T18:53:10.255+0000] {logging_mixin.py:151} INFO - [2023-09-24T18:53:10.255+0000] {dag.py:2907} INFO - Sync 1 DAGs
[2023-09-24T18:53:10.266+0000] {logging_mixin.py:151} INFO - [2023-09-24T18:53:10.265+0000] {dag.py:3677} INFO - Setting next_dagrun for example_bash_operator to 2023-09-23T00:00:00+00:00, run_after=2023-09-24T00:00:00+00:00
[2023-09-24T18:53:10.272+0000] {processor.py:179} INFO - Processing /home/airflow/.local/lib/python3.8/site-packages/airflow/example_dags/example_bash_operator.py took 0.041 seconds
[2023-09-24T20:32:56.937+0000] {processor.py:157} INFO - Started process (PID=16186) to work on /home/airflow/.local/lib/python3.8/site-packages/airflow/example_dags/example_bash_operator.py
[2023-09-24T20:32:56.937+0000] {processor.py:829} INFO - Processing file /home/airflow/.local/lib/python3.8/site-packages/airflow/example_dags/example_bash_operator.py for tasks to queue
[2023-09-24T20:32:56.938+0000] {logging_mixin.py:151} INFO - [2023-09-24T20:32:56.938+0000] {dagbag.py:539} INFO - Filling up the DagBag from /home/airflow/.local/lib/python3.8/site-packages/airflow/example_dags/example_bash_operator.py
[2023-09-24T20:32:56.945+0000] {processor.py:839} INFO - DAG(s) dict_keys(['example_bash_operator']) retrieved from /home/airflow/.local/lib/python3.8/site-packages/airflow/example_dags/example_bash_operator.py
[2023-09-24T20:32:56.963+0000] {logging_mixin.py:151} INFO - [2023-09-24T20:32:56.963+0000] {dag.py:2907} INFO - Sync 1 DAGs
[2023-09-24T20:32:56.978+0000] {logging_mixin.py:151} INFO - [2023-09-24T20:32:56.978+0000] {dag.py:3677} INFO - Setting next_dagrun for example_bash_operator to 2023-09-23T00:00:00+00:00, run_after=2023-09-24T00:00:00+00:00
[2023-09-24T20:32:56.987+0000] {processor.py:179} INFO - Processing /home/airflow/.local/lib/python3.8/site-packages/airflow/example_dags/example_bash_operator.py took 0.053 seconds
[2023-09-24T21:55:35.119+0000] {processor.py:157} INFO - Started process (PID=16233) to work on /home/airflow/.local/lib/python3.8/site-packages/airflow/example_dags/example_bash_operator.py
[2023-09-24T21:55:35.121+0000] {processor.py:829} INFO - Processing file /home/airflow/.local/lib/python3.8/site-packages/airflow/example_dags/example_bash_operator.py for tasks to queue
[2023-09-24T21:55:35.122+0000] {logging_mixin.py:151} INFO - [2023-09-24T21:55:35.122+0000] {dagbag.py:539} INFO - Filling up the DagBag from /home/airflow/.local/lib/python3.8/site-packages/airflow/example_dags/example_bash_operator.py
[2023-09-24T21:55:35.128+0000] {processor.py:839} INFO - DAG(s) dict_keys(['example_bash_operator']) retrieved from /home/airflow/.local/lib/python3.8/site-packages/airflow/example_dags/example_bash_operator.py
[2023-09-24T21:55:35.143+0000] {logging_mixin.py:151} INFO - [2023-09-24T21:55:35.143+0000] {dag.py:2907} INFO - Sync 1 DAGs
[2023-09-24T21:55:35.154+0000] {logging_mixin.py:151} INFO - [2023-09-24T21:55:35.154+0000] {dag.py:3677} INFO - Setting next_dagrun for example_bash_operator to 2023-09-23T00:00:00+00:00, run_after=2023-09-24T00:00:00+00:00
[2023-09-24T21:55:35.162+0000] {processor.py:179} INFO - Processing /home/airflow/.local/lib/python3.8/site-packages/airflow/example_dags/example_bash_operator.py took 0.045 seconds
[2023-09-24T23:35:54.924+0000] {processor.py:157} INFO - Started process (PID=16280) to work on /home/airflow/.local/lib/python3.8/site-packages/airflow/example_dags/example_bash_operator.py
[2023-09-24T23:35:54.925+0000] {processor.py:829} INFO - Processing file /home/airflow/.local/lib/python3.8/site-packages/airflow/example_dags/example_bash_operator.py for tasks to queue
[2023-09-24T23:35:54.926+0000] {logging_mixin.py:151} INFO - [2023-09-24T23:35:54.926+0000] {dagbag.py:539} INFO - Filling up the DagBag from /home/airflow/.local/lib/python3.8/site-packages/airflow/example_dags/example_bash_operator.py
[2023-09-24T23:35:54.933+0000] {processor.py:839} INFO - DAG(s) dict_keys(['example_bash_operator']) retrieved from /home/airflow/.local/lib/python3.8/site-packages/airflow/example_dags/example_bash_operator.py
[2023-09-24T23:35:54.950+0000] {logging_mixin.py:151} INFO - [2023-09-24T23:35:54.950+0000] {dag.py:2907} INFO - Sync 1 DAGs
[2023-09-24T23:35:54.963+0000] {logging_mixin.py:151} INFO - [2023-09-24T23:35:54.963+0000] {dag.py:3677} INFO - Setting next_dagrun for example_bash_operator to 2023-09-23T00:00:00+00:00, run_after=2023-09-24T00:00:00+00:00
[2023-09-24T23:35:54.971+0000] {processor.py:179} INFO - Processing /home/airflow/.local/lib/python3.8/site-packages/airflow/example_dags/example_bash_operator.py took 0.049 seconds
[2023-09-24T23:57:53.594+0000] {processor.py:157} INFO - Started process (PID=16327) to work on /home/airflow/.local/lib/python3.8/site-packages/airflow/example_dags/example_bash_operator.py
[2023-09-24T23:57:53.595+0000] {processor.py:829} INFO - Processing file /home/airflow/.local/lib/python3.8/site-packages/airflow/example_dags/example_bash_operator.py for tasks to queue
[2023-09-24T23:57:53.596+0000] {logging_mixin.py:151} INFO - [2023-09-24T23:57:53.596+0000] {dagbag.py:539} INFO - Filling up the DagBag from /home/airflow/.local/lib/python3.8/site-packages/airflow/example_dags/example_bash_operator.py
[2023-09-24T23:57:53.602+0000] {processor.py:839} INFO - DAG(s) dict_keys(['example_bash_operator']) retrieved from /home/airflow/.local/lib/python3.8/site-packages/airflow/example_dags/example_bash_operator.py
[2023-09-24T23:57:53.616+0000] {logging_mixin.py:151} INFO - [2023-09-24T23:57:53.615+0000] {dag.py:2907} INFO - Sync 1 DAGs
[2023-09-24T23:57:53.625+0000] {logging_mixin.py:151} INFO - [2023-09-24T23:57:53.625+0000] {dag.py:3677} INFO - Setting next_dagrun for example_bash_operator to 2023-09-23T00:00:00+00:00, run_after=2023-09-24T00:00:00+00:00
[2023-09-24T23:57:53.632+0000] {processor.py:179} INFO - Processing /home/airflow/.local/lib/python3.8/site-packages/airflow/example_dags/example_bash_operator.py took 0.040 seconds
