[2023-09-24T00:14:07.721+0000] {processor.py:157} INFO - Started process (PID=15584) to work on /home/airflow/.local/lib/python3.8/site-packages/airflow/example_dags/example_setup_teardown_taskflow.py
[2023-09-24T00:14:07.721+0000] {processor.py:829} INFO - Processing file /home/airflow/.local/lib/python3.8/site-packages/airflow/example_dags/example_setup_teardown_taskflow.py for tasks to queue
[2023-09-24T00:14:07.722+0000] {logging_mixin.py:151} INFO - [2023-09-24T00:14:07.722+0000] {dagbag.py:539} INFO - Filling up the DagBag from /home/airflow/.local/lib/python3.8/site-packages/airflow/example_dags/example_setup_teardown_taskflow.py
[2023-09-24T00:14:07.727+0000] {processor.py:839} INFO - DAG(s) dict_keys(['example_setup_teardown_taskflow']) retrieved from /home/airflow/.local/lib/python3.8/site-packages/airflow/example_dags/example_setup_teardown_taskflow.py
[2023-09-24T00:14:07.740+0000] {logging_mixin.py:151} INFO - [2023-09-24T00:14:07.739+0000] {dag.py:2907} INFO - Sync 1 DAGs
[2023-09-24T00:14:07.750+0000] {logging_mixin.py:151} INFO - [2023-09-24T00:14:07.750+0000] {dag.py:3677} INFO - Setting next_dagrun for example_setup_teardown_taskflow to 2023-09-23T00:14:07.750254+00:00, run_after=2023-09-24T00:14:07.750254+00:00
[2023-09-24T00:14:07.758+0000] {processor.py:179} INFO - Processing /home/airflow/.local/lib/python3.8/site-packages/airflow/example_dags/example_setup_teardown_taskflow.py took 0.039 seconds
[2023-09-24T01:53:10.531+0000] {processor.py:157} INFO - Started process (PID=15631) to work on /home/airflow/.local/lib/python3.8/site-packages/airflow/example_dags/example_setup_teardown_taskflow.py
[2023-09-24T01:53:10.532+0000] {processor.py:829} INFO - Processing file /home/airflow/.local/lib/python3.8/site-packages/airflow/example_dags/example_setup_teardown_taskflow.py for tasks to queue
[2023-09-24T01:53:10.533+0000] {logging_mixin.py:151} INFO - [2023-09-24T01:53:10.533+0000] {dagbag.py:539} INFO - Filling up the DagBag from /home/airflow/.local/lib/python3.8/site-packages/airflow/example_dags/example_setup_teardown_taskflow.py
[2023-09-24T01:53:10.538+0000] {processor.py:839} INFO - DAG(s) dict_keys(['example_setup_teardown_taskflow']) retrieved from /home/airflow/.local/lib/python3.8/site-packages/airflow/example_dags/example_setup_teardown_taskflow.py
[2023-09-24T01:53:10.549+0000] {logging_mixin.py:151} INFO - [2023-09-24T01:53:10.549+0000] {dag.py:2907} INFO - Sync 1 DAGs
[2023-09-24T01:53:10.558+0000] {logging_mixin.py:151} INFO - [2023-09-24T01:53:10.558+0000] {dag.py:3677} INFO - Setting next_dagrun for example_setup_teardown_taskflow to 2023-09-23T01:53:10.558757+00:00, run_after=2023-09-24T01:53:10.558757+00:00
[2023-09-24T01:53:10.566+0000] {processor.py:179} INFO - Processing /home/airflow/.local/lib/python3.8/site-packages/airflow/example_dags/example_setup_teardown_taskflow.py took 0.037 seconds
[2023-09-24T03:30:34.099+0000] {processor.py:157} INFO - Started process (PID=15678) to work on /home/airflow/.local/lib/python3.8/site-packages/airflow/example_dags/example_setup_teardown_taskflow.py
[2023-09-24T03:30:34.100+0000] {processor.py:829} INFO - Processing file /home/airflow/.local/lib/python3.8/site-packages/airflow/example_dags/example_setup_teardown_taskflow.py for tasks to queue
[2023-09-24T03:30:34.101+0000] {logging_mixin.py:151} INFO - [2023-09-24T03:30:34.101+0000] {dagbag.py:539} INFO - Filling up the DagBag from /home/airflow/.local/lib/python3.8/site-packages/airflow/example_dags/example_setup_teardown_taskflow.py
[2023-09-24T03:30:34.106+0000] {processor.py:839} INFO - DAG(s) dict_keys(['example_setup_teardown_taskflow']) retrieved from /home/airflow/.local/lib/python3.8/site-packages/airflow/example_dags/example_setup_teardown_taskflow.py
[2023-09-24T03:30:34.117+0000] {logging_mixin.py:151} INFO - [2023-09-24T03:30:34.117+0000] {dag.py:2907} INFO - Sync 1 DAGs
[2023-09-24T03:30:34.127+0000] {logging_mixin.py:151} INFO - [2023-09-24T03:30:34.127+0000] {dag.py:3677} INFO - Setting next_dagrun for example_setup_teardown_taskflow to 2023-09-23T03:30:34.127573+00:00, run_after=2023-09-24T03:30:34.127573+00:00
[2023-09-24T03:30:34.135+0000] {processor.py:179} INFO - Processing /home/airflow/.local/lib/python3.8/site-packages/airflow/example_dags/example_setup_teardown_taskflow.py took 0.037 seconds
[2023-09-24T04:49:48.368+0000] {processor.py:157} INFO - Started process (PID=15725) to work on /home/airflow/.local/lib/python3.8/site-packages/airflow/example_dags/example_setup_teardown_taskflow.py
[2023-09-24T04:49:48.368+0000] {processor.py:829} INFO - Processing file /home/airflow/.local/lib/python3.8/site-packages/airflow/example_dags/example_setup_teardown_taskflow.py for tasks to queue
[2023-09-24T04:49:48.369+0000] {logging_mixin.py:151} INFO - [2023-09-24T04:49:48.369+0000] {dagbag.py:539} INFO - Filling up the DagBag from /home/airflow/.local/lib/python3.8/site-packages/airflow/example_dags/example_setup_teardown_taskflow.py
[2023-09-24T04:49:48.374+0000] {processor.py:839} INFO - DAG(s) dict_keys(['example_setup_teardown_taskflow']) retrieved from /home/airflow/.local/lib/python3.8/site-packages/airflow/example_dags/example_setup_teardown_taskflow.py
[2023-09-24T04:49:48.386+0000] {logging_mixin.py:151} INFO - [2023-09-24T04:49:48.386+0000] {dag.py:2907} INFO - Sync 1 DAGs
[2023-09-24T04:49:48.396+0000] {logging_mixin.py:151} INFO - [2023-09-24T04:49:48.396+0000] {dag.py:3677} INFO - Setting next_dagrun for example_setup_teardown_taskflow to 2023-09-23T04:49:48.396295+00:00, run_after=2023-09-24T04:49:48.396295+00:00
[2023-09-24T04:49:48.404+0000] {processor.py:179} INFO - Processing /home/airflow/.local/lib/python3.8/site-packages/airflow/example_dags/example_setup_teardown_taskflow.py took 0.038 seconds
[2023-09-24T06:28:51.961+0000] {processor.py:157} INFO - Started process (PID=15772) to work on /home/airflow/.local/lib/python3.8/site-packages/airflow/example_dags/example_setup_teardown_taskflow.py
[2023-09-24T06:28:51.962+0000] {processor.py:829} INFO - Processing file /home/airflow/.local/lib/python3.8/site-packages/airflow/example_dags/example_setup_teardown_taskflow.py for tasks to queue
[2023-09-24T06:28:51.963+0000] {logging_mixin.py:151} INFO - [2023-09-24T06:28:51.963+0000] {dagbag.py:539} INFO - Filling up the DagBag from /home/airflow/.local/lib/python3.8/site-packages/airflow/example_dags/example_setup_teardown_taskflow.py
[2023-09-24T06:28:51.967+0000] {processor.py:839} INFO - DAG(s) dict_keys(['example_setup_teardown_taskflow']) retrieved from /home/airflow/.local/lib/python3.8/site-packages/airflow/example_dags/example_setup_teardown_taskflow.py
[2023-09-24T06:28:51.978+0000] {logging_mixin.py:151} INFO - [2023-09-24T06:28:51.978+0000] {dag.py:2907} INFO - Sync 1 DAGs
[2023-09-24T06:28:51.988+0000] {logging_mixin.py:151} INFO - [2023-09-24T06:28:51.987+0000] {dag.py:3677} INFO - Setting next_dagrun for example_setup_teardown_taskflow to 2023-09-23T06:28:51.987833+00:00, run_after=2023-09-24T06:28:51.987833+00:00
[2023-09-24T06:28:51.995+0000] {processor.py:179} INFO - Processing /home/airflow/.local/lib/python3.8/site-packages/airflow/example_dags/example_setup_teardown_taskflow.py took 0.036 seconds
[2023-09-24T07:52:31.910+0000] {processor.py:157} INFO - Started process (PID=15819) to work on /home/airflow/.local/lib/python3.8/site-packages/airflow/example_dags/example_setup_teardown_taskflow.py
[2023-09-24T07:52:31.911+0000] {processor.py:829} INFO - Processing file /home/airflow/.local/lib/python3.8/site-packages/airflow/example_dags/example_setup_teardown_taskflow.py for tasks to queue
[2023-09-24T07:52:31.912+0000] {logging_mixin.py:151} INFO - [2023-09-24T07:52:31.912+0000] {dagbag.py:539} INFO - Filling up the DagBag from /home/airflow/.local/lib/python3.8/site-packages/airflow/example_dags/example_setup_teardown_taskflow.py
[2023-09-24T07:52:31.917+0000] {processor.py:839} INFO - DAG(s) dict_keys(['example_setup_teardown_taskflow']) retrieved from /home/airflow/.local/lib/python3.8/site-packages/airflow/example_dags/example_setup_teardown_taskflow.py
[2023-09-24T07:52:31.928+0000] {logging_mixin.py:151} INFO - [2023-09-24T07:52:31.928+0000] {dag.py:2907} INFO - Sync 1 DAGs
[2023-09-24T07:52:31.938+0000] {logging_mixin.py:151} INFO - [2023-09-24T07:52:31.938+0000] {dag.py:3677} INFO - Setting next_dagrun for example_setup_teardown_taskflow to 2023-09-23T07:52:31.938222+00:00, run_after=2023-09-24T07:52:31.938222+00:00
[2023-09-24T07:52:31.945+0000] {processor.py:179} INFO - Processing /home/airflow/.local/lib/python3.8/site-packages/airflow/example_dags/example_setup_teardown_taskflow.py took 0.037 seconds
[2023-09-24T09:31:23.194+0000] {processor.py:157} INFO - Started process (PID=15866) to work on /home/airflow/.local/lib/python3.8/site-packages/airflow/example_dags/example_setup_teardown_taskflow.py
[2023-09-24T09:31:23.194+0000] {processor.py:829} INFO - Processing file /home/airflow/.local/lib/python3.8/site-packages/airflow/example_dags/example_setup_teardown_taskflow.py for tasks to queue
[2023-09-24T09:31:23.196+0000] {logging_mixin.py:151} INFO - [2023-09-24T09:31:23.195+0000] {dagbag.py:539} INFO - Filling up the DagBag from /home/airflow/.local/lib/python3.8/site-packages/airflow/example_dags/example_setup_teardown_taskflow.py
[2023-09-24T09:31:23.201+0000] {processor.py:839} INFO - DAG(s) dict_keys(['example_setup_teardown_taskflow']) retrieved from /home/airflow/.local/lib/python3.8/site-packages/airflow/example_dags/example_setup_teardown_taskflow.py
[2023-09-24T09:31:23.212+0000] {logging_mixin.py:151} INFO - [2023-09-24T09:31:23.212+0000] {dag.py:2907} INFO - Sync 1 DAGs
[2023-09-24T09:31:23.223+0000] {logging_mixin.py:151} INFO - [2023-09-24T09:31:23.223+0000] {dag.py:3677} INFO - Setting next_dagrun for example_setup_teardown_taskflow to 2023-09-23T09:31:23.223037+00:00, run_after=2023-09-24T09:31:23.223037+00:00
[2023-09-24T09:31:23.231+0000] {processor.py:179} INFO - Processing /home/airflow/.local/lib/python3.8/site-packages/airflow/example_dags/example_setup_teardown_taskflow.py took 0.039 seconds
[2023-09-24T11:06:20.932+0000] {processor.py:157} INFO - Started process (PID=15913) to work on /home/airflow/.local/lib/python3.8/site-packages/airflow/example_dags/example_setup_teardown_taskflow.py
[2023-09-24T11:06:20.932+0000] {processor.py:829} INFO - Processing file /home/airflow/.local/lib/python3.8/site-packages/airflow/example_dags/example_setup_teardown_taskflow.py for tasks to queue
[2023-09-24T11:06:20.933+0000] {logging_mixin.py:151} INFO - [2023-09-24T11:06:20.933+0000] {dagbag.py:539} INFO - Filling up the DagBag from /home/airflow/.local/lib/python3.8/site-packages/airflow/example_dags/example_setup_teardown_taskflow.py
[2023-09-24T11:06:20.939+0000] {processor.py:839} INFO - DAG(s) dict_keys(['example_setup_teardown_taskflow']) retrieved from /home/airflow/.local/lib/python3.8/site-packages/airflow/example_dags/example_setup_teardown_taskflow.py
[2023-09-24T11:06:20.950+0000] {logging_mixin.py:151} INFO - [2023-09-24T11:06:20.950+0000] {dag.py:2907} INFO - Sync 1 DAGs
[2023-09-24T11:06:20.960+0000] {logging_mixin.py:151} INFO - [2023-09-24T11:06:20.960+0000] {dag.py:3677} INFO - Setting next_dagrun for example_setup_teardown_taskflow to 2023-09-23T11:06:20.959968+00:00, run_after=2023-09-24T11:06:20.959968+00:00
[2023-09-24T11:06:20.967+0000] {processor.py:179} INFO - Processing /home/airflow/.local/lib/python3.8/site-packages/airflow/example_dags/example_setup_teardown_taskflow.py took 0.037 seconds
[2023-09-24T12:31:56.488+0000] {processor.py:157} INFO - Started process (PID=15960) to work on /home/airflow/.local/lib/python3.8/site-packages/airflow/example_dags/example_setup_teardown_taskflow.py
[2023-09-24T12:31:56.489+0000] {processor.py:829} INFO - Processing file /home/airflow/.local/lib/python3.8/site-packages/airflow/example_dags/example_setup_teardown_taskflow.py for tasks to queue
[2023-09-24T12:31:56.490+0000] {logging_mixin.py:151} INFO - [2023-09-24T12:31:56.490+0000] {dagbag.py:539} INFO - Filling up the DagBag from /home/airflow/.local/lib/python3.8/site-packages/airflow/example_dags/example_setup_teardown_taskflow.py
[2023-09-24T12:31:56.496+0000] {processor.py:839} INFO - DAG(s) dict_keys(['example_setup_teardown_taskflow']) retrieved from /home/airflow/.local/lib/python3.8/site-packages/airflow/example_dags/example_setup_teardown_taskflow.py
[2023-09-24T12:31:56.509+0000] {logging_mixin.py:151} INFO - [2023-09-24T12:31:56.509+0000] {dag.py:2907} INFO - Sync 1 DAGs
[2023-09-24T12:31:56.520+0000] {logging_mixin.py:151} INFO - [2023-09-24T12:31:56.520+0000] {dag.py:3677} INFO - Setting next_dagrun for example_setup_teardown_taskflow to 2023-09-23T12:31:56.520465+00:00, run_after=2023-09-24T12:31:56.520465+00:00
[2023-09-24T12:31:56.529+0000] {processor.py:179} INFO - Processing /home/airflow/.local/lib/python3.8/site-packages/airflow/example_dags/example_setup_teardown_taskflow.py took 0.043 seconds
[2023-09-24T14:13:11.106+0000] {processor.py:157} INFO - Started process (PID=16007) to work on /home/airflow/.local/lib/python3.8/site-packages/airflow/example_dags/example_setup_teardown_taskflow.py
[2023-09-24T14:13:11.107+0000] {processor.py:829} INFO - Processing file /home/airflow/.local/lib/python3.8/site-packages/airflow/example_dags/example_setup_teardown_taskflow.py for tasks to queue
[2023-09-24T14:13:11.108+0000] {logging_mixin.py:151} INFO - [2023-09-24T14:13:11.108+0000] {dagbag.py:539} INFO - Filling up the DagBag from /home/airflow/.local/lib/python3.8/site-packages/airflow/example_dags/example_setup_teardown_taskflow.py
[2023-09-24T14:13:11.113+0000] {processor.py:839} INFO - DAG(s) dict_keys(['example_setup_teardown_taskflow']) retrieved from /home/airflow/.local/lib/python3.8/site-packages/airflow/example_dags/example_setup_teardown_taskflow.py
[2023-09-24T14:13:11.124+0000] {logging_mixin.py:151} INFO - [2023-09-24T14:13:11.124+0000] {dag.py:2907} INFO - Sync 1 DAGs
[2023-09-24T14:13:11.133+0000] {logging_mixin.py:151} INFO - [2023-09-24T14:13:11.133+0000] {dag.py:3677} INFO - Setting next_dagrun for example_setup_teardown_taskflow to 2023-09-23T14:13:11.133686+00:00, run_after=2023-09-24T14:13:11.133686+00:00
[2023-09-24T14:13:11.141+0000] {processor.py:179} INFO - Processing /home/airflow/.local/lib/python3.8/site-packages/airflow/example_dags/example_setup_teardown_taskflow.py took 0.037 seconds
[2023-09-24T15:55:34.256+0000] {processor.py:157} INFO - Started process (PID=16054) to work on /home/airflow/.local/lib/python3.8/site-packages/airflow/example_dags/example_setup_teardown_taskflow.py
[2023-09-24T15:55:34.257+0000] {processor.py:829} INFO - Processing file /home/airflow/.local/lib/python3.8/site-packages/airflow/example_dags/example_setup_teardown_taskflow.py for tasks to queue
[2023-09-24T15:55:34.258+0000] {logging_mixin.py:151} INFO - [2023-09-24T15:55:34.258+0000] {dagbag.py:539} INFO - Filling up the DagBag from /home/airflow/.local/lib/python3.8/site-packages/airflow/example_dags/example_setup_teardown_taskflow.py
[2023-09-24T15:55:34.263+0000] {processor.py:839} INFO - DAG(s) dict_keys(['example_setup_teardown_taskflow']) retrieved from /home/airflow/.local/lib/python3.8/site-packages/airflow/example_dags/example_setup_teardown_taskflow.py
[2023-09-24T15:55:34.274+0000] {logging_mixin.py:151} INFO - [2023-09-24T15:55:34.274+0000] {dag.py:2907} INFO - Sync 1 DAGs
[2023-09-24T15:55:34.283+0000] {logging_mixin.py:151} INFO - [2023-09-24T15:55:34.283+0000] {dag.py:3677} INFO - Setting next_dagrun for example_setup_teardown_taskflow to 2023-09-23T15:55:34.283710+00:00, run_after=2023-09-24T15:55:34.283710+00:00
[2023-09-24T15:55:34.291+0000] {processor.py:179} INFO - Processing /home/airflow/.local/lib/python3.8/site-packages/airflow/example_dags/example_setup_teardown_taskflow.py took 0.036 seconds
[2023-09-24T17:17:13.823+0000] {processor.py:157} INFO - Started process (PID=16101) to work on /home/airflow/.local/lib/python3.8/site-packages/airflow/example_dags/example_setup_teardown_taskflow.py
[2023-09-24T17:17:13.824+0000] {processor.py:829} INFO - Processing file /home/airflow/.local/lib/python3.8/site-packages/airflow/example_dags/example_setup_teardown_taskflow.py for tasks to queue
[2023-09-24T17:17:13.825+0000] {logging_mixin.py:151} INFO - [2023-09-24T17:17:13.825+0000] {dagbag.py:539} INFO - Filling up the DagBag from /home/airflow/.local/lib/python3.8/site-packages/airflow/example_dags/example_setup_teardown_taskflow.py
[2023-09-24T17:17:13.830+0000] {processor.py:839} INFO - DAG(s) dict_keys(['example_setup_teardown_taskflow']) retrieved from /home/airflow/.local/lib/python3.8/site-packages/airflow/example_dags/example_setup_teardown_taskflow.py
[2023-09-24T17:17:13.841+0000] {logging_mixin.py:151} INFO - [2023-09-24T17:17:13.841+0000] {dag.py:2907} INFO - Sync 1 DAGs
[2023-09-24T17:17:13.851+0000] {logging_mixin.py:151} INFO - [2023-09-24T17:17:13.851+0000] {dag.py:3677} INFO - Setting next_dagrun for example_setup_teardown_taskflow to 2023-09-23T17:17:13.851741+00:00, run_after=2023-09-24T17:17:13.851741+00:00
[2023-09-24T17:17:13.859+0000] {processor.py:179} INFO - Processing /home/airflow/.local/lib/python3.8/site-packages/airflow/example_dags/example_setup_teardown_taskflow.py took 0.038 seconds
[2023-09-24T18:53:10.550+0000] {processor.py:157} INFO - Started process (PID=16148) to work on /home/airflow/.local/lib/python3.8/site-packages/airflow/example_dags/example_setup_teardown_taskflow.py
[2023-09-24T18:53:10.551+0000] {processor.py:829} INFO - Processing file /home/airflow/.local/lib/python3.8/site-packages/airflow/example_dags/example_setup_teardown_taskflow.py for tasks to queue
[2023-09-24T18:53:10.552+0000] {logging_mixin.py:151} INFO - [2023-09-24T18:53:10.552+0000] {dagbag.py:539} INFO - Filling up the DagBag from /home/airflow/.local/lib/python3.8/site-packages/airflow/example_dags/example_setup_teardown_taskflow.py
[2023-09-24T18:53:10.557+0000] {processor.py:839} INFO - DAG(s) dict_keys(['example_setup_teardown_taskflow']) retrieved from /home/airflow/.local/lib/python3.8/site-packages/airflow/example_dags/example_setup_teardown_taskflow.py
[2023-09-24T18:53:10.568+0000] {logging_mixin.py:151} INFO - [2023-09-24T18:53:10.567+0000] {dag.py:2907} INFO - Sync 1 DAGs
[2023-09-24T18:53:10.578+0000] {logging_mixin.py:151} INFO - [2023-09-24T18:53:10.578+0000] {dag.py:3677} INFO - Setting next_dagrun for example_setup_teardown_taskflow to 2023-09-23T18:53:10.578052+00:00, run_after=2023-09-24T18:53:10.578052+00:00
[2023-09-24T18:53:10.585+0000] {processor.py:179} INFO - Processing /home/airflow/.local/lib/python3.8/site-packages/airflow/example_dags/example_setup_teardown_taskflow.py took 0.037 seconds
[2023-09-24T20:32:57.272+0000] {processor.py:157} INFO - Started process (PID=16195) to work on /home/airflow/.local/lib/python3.8/site-packages/airflow/example_dags/example_setup_teardown_taskflow.py
[2023-09-24T20:32:57.273+0000] {processor.py:829} INFO - Processing file /home/airflow/.local/lib/python3.8/site-packages/airflow/example_dags/example_setup_teardown_taskflow.py for tasks to queue
[2023-09-24T20:32:57.274+0000] {logging_mixin.py:151} INFO - [2023-09-24T20:32:57.274+0000] {dagbag.py:539} INFO - Filling up the DagBag from /home/airflow/.local/lib/python3.8/site-packages/airflow/example_dags/example_setup_teardown_taskflow.py
[2023-09-24T20:32:57.279+0000] {processor.py:839} INFO - DAG(s) dict_keys(['example_setup_teardown_taskflow']) retrieved from /home/airflow/.local/lib/python3.8/site-packages/airflow/example_dags/example_setup_teardown_taskflow.py
[2023-09-24T20:32:57.290+0000] {logging_mixin.py:151} INFO - [2023-09-24T20:32:57.290+0000] {dag.py:2907} INFO - Sync 1 DAGs
[2023-09-24T20:32:57.300+0000] {logging_mixin.py:151} INFO - [2023-09-24T20:32:57.299+0000] {dag.py:3677} INFO - Setting next_dagrun for example_setup_teardown_taskflow to 2023-09-23T20:32:57.299871+00:00, run_after=2023-09-24T20:32:57.299871+00:00
[2023-09-24T20:32:57.307+0000] {processor.py:179} INFO - Processing /home/airflow/.local/lib/python3.8/site-packages/airflow/example_dags/example_setup_teardown_taskflow.py took 0.037 seconds
[2023-09-24T21:55:35.435+0000] {processor.py:157} INFO - Started process (PID=16242) to work on /home/airflow/.local/lib/python3.8/site-packages/airflow/example_dags/example_setup_teardown_taskflow.py
[2023-09-24T21:55:35.436+0000] {processor.py:829} INFO - Processing file /home/airflow/.local/lib/python3.8/site-packages/airflow/example_dags/example_setup_teardown_taskflow.py for tasks to queue
[2023-09-24T21:55:35.437+0000] {logging_mixin.py:151} INFO - [2023-09-24T21:55:35.437+0000] {dagbag.py:539} INFO - Filling up the DagBag from /home/airflow/.local/lib/python3.8/site-packages/airflow/example_dags/example_setup_teardown_taskflow.py
[2023-09-24T21:55:35.442+0000] {processor.py:839} INFO - DAG(s) dict_keys(['example_setup_teardown_taskflow']) retrieved from /home/airflow/.local/lib/python3.8/site-packages/airflow/example_dags/example_setup_teardown_taskflow.py
[2023-09-24T21:55:35.453+0000] {logging_mixin.py:151} INFO - [2023-09-24T21:55:35.453+0000] {dag.py:2907} INFO - Sync 1 DAGs
[2023-09-24T21:55:35.463+0000] {logging_mixin.py:151} INFO - [2023-09-24T21:55:35.463+0000] {dag.py:3677} INFO - Setting next_dagrun for example_setup_teardown_taskflow to 2023-09-23T21:55:35.463756+00:00, run_after=2023-09-24T21:55:35.463756+00:00
[2023-09-24T21:55:35.474+0000] {processor.py:179} INFO - Processing /home/airflow/.local/lib/python3.8/site-packages/airflow/example_dags/example_setup_teardown_taskflow.py took 0.041 seconds
[2023-09-24T23:35:55.237+0000] {processor.py:157} INFO - Started process (PID=16289) to work on /home/airflow/.local/lib/python3.8/site-packages/airflow/example_dags/example_setup_teardown_taskflow.py
[2023-09-24T23:35:55.238+0000] {processor.py:829} INFO - Processing file /home/airflow/.local/lib/python3.8/site-packages/airflow/example_dags/example_setup_teardown_taskflow.py for tasks to queue
[2023-09-24T23:35:55.239+0000] {logging_mixin.py:151} INFO - [2023-09-24T23:35:55.239+0000] {dagbag.py:539} INFO - Filling up the DagBag from /home/airflow/.local/lib/python3.8/site-packages/airflow/example_dags/example_setup_teardown_taskflow.py
[2023-09-24T23:35:55.244+0000] {processor.py:839} INFO - DAG(s) dict_keys(['example_setup_teardown_taskflow']) retrieved from /home/airflow/.local/lib/python3.8/site-packages/airflow/example_dags/example_setup_teardown_taskflow.py
[2023-09-24T23:35:55.255+0000] {logging_mixin.py:151} INFO - [2023-09-24T23:35:55.255+0000] {dag.py:2907} INFO - Sync 1 DAGs
[2023-09-24T23:35:55.265+0000] {logging_mixin.py:151} INFO - [2023-09-24T23:35:55.265+0000] {dag.py:3677} INFO - Setting next_dagrun for example_setup_teardown_taskflow to 2023-09-23T23:35:55.265103+00:00, run_after=2023-09-24T23:35:55.265103+00:00
[2023-09-24T23:35:55.272+0000] {processor.py:179} INFO - Processing /home/airflow/.local/lib/python3.8/site-packages/airflow/example_dags/example_setup_teardown_taskflow.py took 0.037 seconds
[2023-09-24T23:57:53.948+0000] {processor.py:157} INFO - Started process (PID=16336) to work on /home/airflow/.local/lib/python3.8/site-packages/airflow/example_dags/example_setup_teardown_taskflow.py
[2023-09-24T23:57:53.949+0000] {processor.py:829} INFO - Processing file /home/airflow/.local/lib/python3.8/site-packages/airflow/example_dags/example_setup_teardown_taskflow.py for tasks to queue
[2023-09-24T23:57:53.950+0000] {logging_mixin.py:151} INFO - [2023-09-24T23:57:53.950+0000] {dagbag.py:539} INFO - Filling up the DagBag from /home/airflow/.local/lib/python3.8/site-packages/airflow/example_dags/example_setup_teardown_taskflow.py
[2023-09-24T23:57:53.955+0000] {processor.py:839} INFO - DAG(s) dict_keys(['example_setup_teardown_taskflow']) retrieved from /home/airflow/.local/lib/python3.8/site-packages/airflow/example_dags/example_setup_teardown_taskflow.py
[2023-09-24T23:57:53.966+0000] {logging_mixin.py:151} INFO - [2023-09-24T23:57:53.966+0000] {dag.py:2907} INFO - Sync 1 DAGs
[2023-09-24T23:57:53.975+0000] {logging_mixin.py:151} INFO - [2023-09-24T23:57:53.975+0000] {dag.py:3677} INFO - Setting next_dagrun for example_setup_teardown_taskflow to 2023-09-23T23:57:53.975127+00:00, run_after=2023-09-24T23:57:53.975127+00:00
[2023-09-24T23:57:53.982+0000] {processor.py:179} INFO - Processing /home/airflow/.local/lib/python3.8/site-packages/airflow/example_dags/example_setup_teardown_taskflow.py took 0.035 seconds
