[2023-09-24T00:14:07.101+0000] {processor.py:157} INFO - Started process (PID=15566) to work on /home/airflow/.local/lib/python3.8/site-packages/airflow/example_dags/example_branch_day_of_week_operator.py
[2023-09-24T00:14:07.101+0000] {processor.py:829} INFO - Processing file /home/airflow/.local/lib/python3.8/site-packages/airflow/example_dags/example_branch_day_of_week_operator.py for tasks to queue
[2023-09-24T00:14:07.103+0000] {logging_mixin.py:151} INFO - [2023-09-24T00:14:07.102+0000] {dagbag.py:539} INFO - Filling up the DagBag from /home/airflow/.local/lib/python3.8/site-packages/airflow/example_dags/example_branch_day_of_week_operator.py
[2023-09-24T00:14:07.107+0000] {processor.py:839} INFO - DAG(s) dict_keys(['example_weekday_branch_operator']) retrieved from /home/airflow/.local/lib/python3.8/site-packages/airflow/example_dags/example_branch_day_of_week_operator.py
[2023-09-24T00:14:07.119+0000] {logging_mixin.py:151} INFO - [2023-09-24T00:14:07.118+0000] {dag.py:2907} INFO - Sync 1 DAGs
[2023-09-24T00:14:07.129+0000] {logging_mixin.py:151} INFO - [2023-09-24T00:14:07.129+0000] {dag.py:3677} INFO - Setting next_dagrun for example_weekday_branch_operator to 2023-09-23T00:00:00+00:00, run_after=2023-09-24T00:00:00+00:00
[2023-09-24T00:14:07.137+0000] {processor.py:179} INFO - Processing /home/airflow/.local/lib/python3.8/site-packages/airflow/example_dags/example_branch_day_of_week_operator.py took 0.038 seconds
[2023-09-24T01:53:09.955+0000] {processor.py:157} INFO - Started process (PID=15613) to work on /home/airflow/.local/lib/python3.8/site-packages/airflow/example_dags/example_branch_day_of_week_operator.py
[2023-09-24T01:53:09.956+0000] {processor.py:829} INFO - Processing file /home/airflow/.local/lib/python3.8/site-packages/airflow/example_dags/example_branch_day_of_week_operator.py for tasks to queue
[2023-09-24T01:53:09.957+0000] {logging_mixin.py:151} INFO - [2023-09-24T01:53:09.957+0000] {dagbag.py:539} INFO - Filling up the DagBag from /home/airflow/.local/lib/python3.8/site-packages/airflow/example_dags/example_branch_day_of_week_operator.py
[2023-09-24T01:53:09.962+0000] {processor.py:839} INFO - DAG(s) dict_keys(['example_weekday_branch_operator']) retrieved from /home/airflow/.local/lib/python3.8/site-packages/airflow/example_dags/example_branch_day_of_week_operator.py
[2023-09-24T01:53:09.973+0000] {logging_mixin.py:151} INFO - [2023-09-24T01:53:09.973+0000] {dag.py:2907} INFO - Sync 1 DAGs
[2023-09-24T01:53:09.983+0000] {logging_mixin.py:151} INFO - [2023-09-24T01:53:09.983+0000] {dag.py:3677} INFO - Setting next_dagrun for example_weekday_branch_operator to 2023-09-23T00:00:00+00:00, run_after=2023-09-24T00:00:00+00:00
[2023-09-24T01:53:09.990+0000] {processor.py:179} INFO - Processing /home/airflow/.local/lib/python3.8/site-packages/airflow/example_dags/example_branch_day_of_week_operator.py took 0.036 seconds
[2023-09-24T03:30:33.470+0000] {processor.py:157} INFO - Started process (PID=15660) to work on /home/airflow/.local/lib/python3.8/site-packages/airflow/example_dags/example_branch_day_of_week_operator.py
[2023-09-24T03:30:33.471+0000] {processor.py:829} INFO - Processing file /home/airflow/.local/lib/python3.8/site-packages/airflow/example_dags/example_branch_day_of_week_operator.py for tasks to queue
[2023-09-24T03:30:33.472+0000] {logging_mixin.py:151} INFO - [2023-09-24T03:30:33.472+0000] {dagbag.py:539} INFO - Filling up the DagBag from /home/airflow/.local/lib/python3.8/site-packages/airflow/example_dags/example_branch_day_of_week_operator.py
[2023-09-24T03:30:33.477+0000] {processor.py:839} INFO - DAG(s) dict_keys(['example_weekday_branch_operator']) retrieved from /home/airflow/.local/lib/python3.8/site-packages/airflow/example_dags/example_branch_day_of_week_operator.py
[2023-09-24T03:30:33.488+0000] {logging_mixin.py:151} INFO - [2023-09-24T03:30:33.488+0000] {dag.py:2907} INFO - Sync 1 DAGs
[2023-09-24T03:30:33.498+0000] {logging_mixin.py:151} INFO - [2023-09-24T03:30:33.498+0000] {dag.py:3677} INFO - Setting next_dagrun for example_weekday_branch_operator to 2023-09-23T00:00:00+00:00, run_after=2023-09-24T00:00:00+00:00
[2023-09-24T03:30:33.505+0000] {processor.py:179} INFO - Processing /home/airflow/.local/lib/python3.8/site-packages/airflow/example_dags/example_branch_day_of_week_operator.py took 0.037 seconds
[2023-09-24T04:49:47.821+0000] {processor.py:157} INFO - Started process (PID=15707) to work on /home/airflow/.local/lib/python3.8/site-packages/airflow/example_dags/example_branch_day_of_week_operator.py
[2023-09-24T04:49:47.822+0000] {processor.py:829} INFO - Processing file /home/airflow/.local/lib/python3.8/site-packages/airflow/example_dags/example_branch_day_of_week_operator.py for tasks to queue
[2023-09-24T04:49:47.823+0000] {logging_mixin.py:151} INFO - [2023-09-24T04:49:47.823+0000] {dagbag.py:539} INFO - Filling up the DagBag from /home/airflow/.local/lib/python3.8/site-packages/airflow/example_dags/example_branch_day_of_week_operator.py
[2023-09-24T04:49:47.828+0000] {processor.py:839} INFO - DAG(s) dict_keys(['example_weekday_branch_operator']) retrieved from /home/airflow/.local/lib/python3.8/site-packages/airflow/example_dags/example_branch_day_of_week_operator.py
[2023-09-24T04:49:47.840+0000] {logging_mixin.py:151} INFO - [2023-09-24T04:49:47.840+0000] {dag.py:2907} INFO - Sync 1 DAGs
[2023-09-24T04:49:47.850+0000] {logging_mixin.py:151} INFO - [2023-09-24T04:49:47.850+0000] {dag.py:3677} INFO - Setting next_dagrun for example_weekday_branch_operator to 2023-09-23T00:00:00+00:00, run_after=2023-09-24T00:00:00+00:00
[2023-09-24T04:49:47.858+0000] {processor.py:179} INFO - Processing /home/airflow/.local/lib/python3.8/site-packages/airflow/example_dags/example_branch_day_of_week_operator.py took 0.039 seconds
[2023-09-24T06:28:51.391+0000] {processor.py:157} INFO - Started process (PID=15754) to work on /home/airflow/.local/lib/python3.8/site-packages/airflow/example_dags/example_branch_day_of_week_operator.py
[2023-09-24T06:28:51.392+0000] {processor.py:829} INFO - Processing file /home/airflow/.local/lib/python3.8/site-packages/airflow/example_dags/example_branch_day_of_week_operator.py for tasks to queue
[2023-09-24T06:28:51.393+0000] {logging_mixin.py:151} INFO - [2023-09-24T06:28:51.393+0000] {dagbag.py:539} INFO - Filling up the DagBag from /home/airflow/.local/lib/python3.8/site-packages/airflow/example_dags/example_branch_day_of_week_operator.py
[2023-09-24T06:28:51.397+0000] {processor.py:839} INFO - DAG(s) dict_keys(['example_weekday_branch_operator']) retrieved from /home/airflow/.local/lib/python3.8/site-packages/airflow/example_dags/example_branch_day_of_week_operator.py
[2023-09-24T06:28:51.408+0000] {logging_mixin.py:151} INFO - [2023-09-24T06:28:51.408+0000] {dag.py:2907} INFO - Sync 1 DAGs
[2023-09-24T06:28:51.419+0000] {logging_mixin.py:151} INFO - [2023-09-24T06:28:51.419+0000] {dag.py:3677} INFO - Setting next_dagrun for example_weekday_branch_operator to 2023-09-23T00:00:00+00:00, run_after=2023-09-24T00:00:00+00:00
[2023-09-24T06:28:51.427+0000] {processor.py:179} INFO - Processing /home/airflow/.local/lib/python3.8/site-packages/airflow/example_dags/example_branch_day_of_week_operator.py took 0.038 seconds
[2023-09-24T07:52:31.387+0000] {processor.py:157} INFO - Started process (PID=15801) to work on /home/airflow/.local/lib/python3.8/site-packages/airflow/example_dags/example_branch_day_of_week_operator.py
[2023-09-24T07:52:31.387+0000] {processor.py:829} INFO - Processing file /home/airflow/.local/lib/python3.8/site-packages/airflow/example_dags/example_branch_day_of_week_operator.py for tasks to queue
[2023-09-24T07:52:31.388+0000] {logging_mixin.py:151} INFO - [2023-09-24T07:52:31.388+0000] {dagbag.py:539} INFO - Filling up the DagBag from /home/airflow/.local/lib/python3.8/site-packages/airflow/example_dags/example_branch_day_of_week_operator.py
[2023-09-24T07:52:31.393+0000] {processor.py:839} INFO - DAG(s) dict_keys(['example_weekday_branch_operator']) retrieved from /home/airflow/.local/lib/python3.8/site-packages/airflow/example_dags/example_branch_day_of_week_operator.py
[2023-09-24T07:52:31.404+0000] {logging_mixin.py:151} INFO - [2023-09-24T07:52:31.404+0000] {dag.py:2907} INFO - Sync 1 DAGs
[2023-09-24T07:52:31.415+0000] {logging_mixin.py:151} INFO - [2023-09-24T07:52:31.414+0000] {dag.py:3677} INFO - Setting next_dagrun for example_weekday_branch_operator to 2023-09-23T00:00:00+00:00, run_after=2023-09-24T00:00:00+00:00
[2023-09-24T07:52:31.422+0000] {processor.py:179} INFO - Processing /home/airflow/.local/lib/python3.8/site-packages/airflow/example_dags/example_branch_day_of_week_operator.py took 0.037 seconds
[2023-09-24T09:31:22.041+0000] {processor.py:157} INFO - Started process (PID=15848) to work on /home/airflow/.local/lib/python3.8/site-packages/airflow/example_dags/example_branch_day_of_week_operator.py
[2023-09-24T09:31:22.042+0000] {processor.py:829} INFO - Processing file /home/airflow/.local/lib/python3.8/site-packages/airflow/example_dags/example_branch_day_of_week_operator.py for tasks to queue
[2023-09-24T09:31:22.043+0000] {logging_mixin.py:151} INFO - [2023-09-24T09:31:22.043+0000] {dagbag.py:539} INFO - Filling up the DagBag from /home/airflow/.local/lib/python3.8/site-packages/airflow/example_dags/example_branch_day_of_week_operator.py
[2023-09-24T09:31:22.047+0000] {processor.py:839} INFO - DAG(s) dict_keys(['example_weekday_branch_operator']) retrieved from /home/airflow/.local/lib/python3.8/site-packages/airflow/example_dags/example_branch_day_of_week_operator.py
[2023-09-24T09:31:22.059+0000] {logging_mixin.py:151} INFO - [2023-09-24T09:31:22.059+0000] {dag.py:2907} INFO - Sync 1 DAGs
[2023-09-24T09:31:22.069+0000] {logging_mixin.py:151} INFO - [2023-09-24T09:31:22.069+0000] {dag.py:3677} INFO - Setting next_dagrun for example_weekday_branch_operator to 2023-09-23T00:00:00+00:00, run_after=2023-09-24T00:00:00+00:00
[2023-09-24T09:31:22.076+0000] {processor.py:179} INFO - Processing /home/airflow/.local/lib/python3.8/site-packages/airflow/example_dags/example_branch_day_of_week_operator.py took 0.037 seconds
[2023-09-24T11:06:20.405+0000] {processor.py:157} INFO - Started process (PID=15895) to work on /home/airflow/.local/lib/python3.8/site-packages/airflow/example_dags/example_branch_day_of_week_operator.py
[2023-09-24T11:06:20.405+0000] {processor.py:829} INFO - Processing file /home/airflow/.local/lib/python3.8/site-packages/airflow/example_dags/example_branch_day_of_week_operator.py for tasks to queue
[2023-09-24T11:06:20.406+0000] {logging_mixin.py:151} INFO - [2023-09-24T11:06:20.406+0000] {dagbag.py:539} INFO - Filling up the DagBag from /home/airflow/.local/lib/python3.8/site-packages/airflow/example_dags/example_branch_day_of_week_operator.py
[2023-09-24T11:06:20.411+0000] {processor.py:839} INFO - DAG(s) dict_keys(['example_weekday_branch_operator']) retrieved from /home/airflow/.local/lib/python3.8/site-packages/airflow/example_dags/example_branch_day_of_week_operator.py
[2023-09-24T11:06:20.422+0000] {logging_mixin.py:151} INFO - [2023-09-24T11:06:20.422+0000] {dag.py:2907} INFO - Sync 1 DAGs
[2023-09-24T11:06:20.433+0000] {logging_mixin.py:151} INFO - [2023-09-24T11:06:20.433+0000] {dag.py:3677} INFO - Setting next_dagrun for example_weekday_branch_operator to 2023-09-23T00:00:00+00:00, run_after=2023-09-24T00:00:00+00:00
[2023-09-24T11:06:20.440+0000] {processor.py:179} INFO - Processing /home/airflow/.local/lib/python3.8/site-packages/airflow/example_dags/example_branch_day_of_week_operator.py took 0.037 seconds
[2023-09-24T12:31:55.502+0000] {processor.py:157} INFO - Started process (PID=15942) to work on /home/airflow/.local/lib/python3.8/site-packages/airflow/example_dags/example_branch_day_of_week_operator.py
[2023-09-24T12:31:55.510+0000] {processor.py:829} INFO - Processing file /home/airflow/.local/lib/python3.8/site-packages/airflow/example_dags/example_branch_day_of_week_operator.py for tasks to queue
[2023-09-24T12:31:55.525+0000] {logging_mixin.py:151} INFO - [2023-09-24T12:31:55.525+0000] {dagbag.py:539} INFO - Filling up the DagBag from /home/airflow/.local/lib/python3.8/site-packages/airflow/example_dags/example_branch_day_of_week_operator.py
[2023-09-24T12:31:55.535+0000] {processor.py:839} INFO - DAG(s) dict_keys(['example_weekday_branch_operator']) retrieved from /home/airflow/.local/lib/python3.8/site-packages/airflow/example_dags/example_branch_day_of_week_operator.py
[2023-09-24T12:31:55.575+0000] {logging_mixin.py:151} INFO - [2023-09-24T12:31:55.575+0000] {dag.py:2907} INFO - Sync 1 DAGs
[2023-09-24T12:31:55.615+0000] {logging_mixin.py:151} INFO - [2023-09-24T12:31:55.615+0000] {dag.py:3677} INFO - Setting next_dagrun for example_weekday_branch_operator to 2023-09-23T00:00:00+00:00, run_after=2023-09-24T00:00:00+00:00
[2023-09-24T12:31:55.639+0000] {processor.py:179} INFO - Processing /home/airflow/.local/lib/python3.8/site-packages/airflow/example_dags/example_branch_day_of_week_operator.py took 0.143 seconds
[2023-09-24T14:13:10.376+0000] {processor.py:157} INFO - Started process (PID=15989) to work on /home/airflow/.local/lib/python3.8/site-packages/airflow/example_dags/example_branch_day_of_week_operator.py
[2023-09-24T14:13:10.383+0000] {processor.py:829} INFO - Processing file /home/airflow/.local/lib/python3.8/site-packages/airflow/example_dags/example_branch_day_of_week_operator.py for tasks to queue
[2023-09-24T14:13:10.391+0000] {logging_mixin.py:151} INFO - [2023-09-24T14:13:10.391+0000] {dagbag.py:539} INFO - Filling up the DagBag from /home/airflow/.local/lib/python3.8/site-packages/airflow/example_dags/example_branch_day_of_week_operator.py
[2023-09-24T14:13:10.404+0000] {processor.py:839} INFO - DAG(s) dict_keys(['example_weekday_branch_operator']) retrieved from /home/airflow/.local/lib/python3.8/site-packages/airflow/example_dags/example_branch_day_of_week_operator.py
[2023-09-24T14:13:10.469+0000] {logging_mixin.py:151} INFO - [2023-09-24T14:13:10.469+0000] {dag.py:2907} INFO - Sync 1 DAGs
[2023-09-24T14:13:10.491+0000] {logging_mixin.py:151} INFO - [2023-09-24T14:13:10.490+0000] {dag.py:3677} INFO - Setting next_dagrun for example_weekday_branch_operator to 2023-09-23T00:00:00+00:00, run_after=2023-09-24T00:00:00+00:00
[2023-09-24T14:13:10.551+0000] {processor.py:179} INFO - Processing /home/airflow/.local/lib/python3.8/site-packages/airflow/example_dags/example_branch_day_of_week_operator.py took 0.178 seconds
[2023-09-24T15:55:33.738+0000] {processor.py:157} INFO - Started process (PID=16036) to work on /home/airflow/.local/lib/python3.8/site-packages/airflow/example_dags/example_branch_day_of_week_operator.py
[2023-09-24T15:55:33.738+0000] {processor.py:829} INFO - Processing file /home/airflow/.local/lib/python3.8/site-packages/airflow/example_dags/example_branch_day_of_week_operator.py for tasks to queue
[2023-09-24T15:55:33.740+0000] {logging_mixin.py:151} INFO - [2023-09-24T15:55:33.739+0000] {dagbag.py:539} INFO - Filling up the DagBag from /home/airflow/.local/lib/python3.8/site-packages/airflow/example_dags/example_branch_day_of_week_operator.py
[2023-09-24T15:55:33.744+0000] {processor.py:839} INFO - DAG(s) dict_keys(['example_weekday_branch_operator']) retrieved from /home/airflow/.local/lib/python3.8/site-packages/airflow/example_dags/example_branch_day_of_week_operator.py
[2023-09-24T15:55:33.755+0000] {logging_mixin.py:151} INFO - [2023-09-24T15:55:33.755+0000] {dag.py:2907} INFO - Sync 1 DAGs
[2023-09-24T15:55:33.765+0000] {logging_mixin.py:151} INFO - [2023-09-24T15:55:33.765+0000] {dag.py:3677} INFO - Setting next_dagrun for example_weekday_branch_operator to 2023-09-23T00:00:00+00:00, run_after=2023-09-24T00:00:00+00:00
[2023-09-24T15:55:33.772+0000] {processor.py:179} INFO - Processing /home/airflow/.local/lib/python3.8/site-packages/airflow/example_dags/example_branch_day_of_week_operator.py took 0.036 seconds
[2023-09-24T17:17:13.191+0000] {processor.py:157} INFO - Started process (PID=16083) to work on /home/airflow/.local/lib/python3.8/site-packages/airflow/example_dags/example_branch_day_of_week_operator.py
[2023-09-24T17:17:13.192+0000] {processor.py:829} INFO - Processing file /home/airflow/.local/lib/python3.8/site-packages/airflow/example_dags/example_branch_day_of_week_operator.py for tasks to queue
[2023-09-24T17:17:13.193+0000] {logging_mixin.py:151} INFO - [2023-09-24T17:17:13.193+0000] {dagbag.py:539} INFO - Filling up the DagBag from /home/airflow/.local/lib/python3.8/site-packages/airflow/example_dags/example_branch_day_of_week_operator.py
[2023-09-24T17:17:13.198+0000] {processor.py:839} INFO - DAG(s) dict_keys(['example_weekday_branch_operator']) retrieved from /home/airflow/.local/lib/python3.8/site-packages/airflow/example_dags/example_branch_day_of_week_operator.py
[2023-09-24T17:17:13.211+0000] {logging_mixin.py:151} INFO - [2023-09-24T17:17:13.211+0000] {dag.py:2907} INFO - Sync 1 DAGs
[2023-09-24T17:17:13.222+0000] {logging_mixin.py:151} INFO - [2023-09-24T17:17:13.222+0000] {dag.py:3677} INFO - Setting next_dagrun for example_weekday_branch_operator to 2023-09-23T00:00:00+00:00, run_after=2023-09-24T00:00:00+00:00
[2023-09-24T17:17:13.229+0000] {processor.py:179} INFO - Processing /home/airflow/.local/lib/python3.8/site-packages/airflow/example_dags/example_branch_day_of_week_operator.py took 0.040 seconds
[2023-09-24T18:53:09.995+0000] {processor.py:157} INFO - Started process (PID=16130) to work on /home/airflow/.local/lib/python3.8/site-packages/airflow/example_dags/example_branch_day_of_week_operator.py
[2023-09-24T18:53:09.996+0000] {processor.py:829} INFO - Processing file /home/airflow/.local/lib/python3.8/site-packages/airflow/example_dags/example_branch_day_of_week_operator.py for tasks to queue
[2023-09-24T18:53:09.997+0000] {logging_mixin.py:151} INFO - [2023-09-24T18:53:09.997+0000] {dagbag.py:539} INFO - Filling up the DagBag from /home/airflow/.local/lib/python3.8/site-packages/airflow/example_dags/example_branch_day_of_week_operator.py
[2023-09-24T18:53:10.002+0000] {processor.py:839} INFO - DAG(s) dict_keys(['example_weekday_branch_operator']) retrieved from /home/airflow/.local/lib/python3.8/site-packages/airflow/example_dags/example_branch_day_of_week_operator.py
[2023-09-24T18:53:10.015+0000] {logging_mixin.py:151} INFO - [2023-09-24T18:53:10.015+0000] {dag.py:2907} INFO - Sync 1 DAGs
[2023-09-24T18:53:10.025+0000] {logging_mixin.py:151} INFO - [2023-09-24T18:53:10.025+0000] {dag.py:3677} INFO - Setting next_dagrun for example_weekday_branch_operator to 2023-09-23T00:00:00+00:00, run_after=2023-09-24T00:00:00+00:00
[2023-09-24T18:53:10.033+0000] {processor.py:179} INFO - Processing /home/airflow/.local/lib/python3.8/site-packages/airflow/example_dags/example_branch_day_of_week_operator.py took 0.040 seconds
[2023-09-24T20:32:56.702+0000] {processor.py:157} INFO - Started process (PID=16177) to work on /home/airflow/.local/lib/python3.8/site-packages/airflow/example_dags/example_branch_day_of_week_operator.py
[2023-09-24T20:32:56.703+0000] {processor.py:829} INFO - Processing file /home/airflow/.local/lib/python3.8/site-packages/airflow/example_dags/example_branch_day_of_week_operator.py for tasks to queue
[2023-09-24T20:32:56.705+0000] {logging_mixin.py:151} INFO - [2023-09-24T20:32:56.705+0000] {dagbag.py:539} INFO - Filling up the DagBag from /home/airflow/.local/lib/python3.8/site-packages/airflow/example_dags/example_branch_day_of_week_operator.py
[2023-09-24T20:32:56.710+0000] {processor.py:839} INFO - DAG(s) dict_keys(['example_weekday_branch_operator']) retrieved from /home/airflow/.local/lib/python3.8/site-packages/airflow/example_dags/example_branch_day_of_week_operator.py
[2023-09-24T20:32:56.721+0000] {logging_mixin.py:151} INFO - [2023-09-24T20:32:56.721+0000] {dag.py:2907} INFO - Sync 1 DAGs
[2023-09-24T20:32:56.732+0000] {logging_mixin.py:151} INFO - [2023-09-24T20:32:56.732+0000] {dag.py:3677} INFO - Setting next_dagrun for example_weekday_branch_operator to 2023-09-23T00:00:00+00:00, run_after=2023-09-24T00:00:00+00:00
[2023-09-24T20:32:56.739+0000] {processor.py:179} INFO - Processing /home/airflow/.local/lib/python3.8/site-packages/airflow/example_dags/example_branch_day_of_week_operator.py took 0.039 seconds
[2023-09-24T21:55:34.535+0000] {processor.py:157} INFO - Started process (PID=16224) to work on /home/airflow/.local/lib/python3.8/site-packages/airflow/example_dags/example_branch_day_of_week_operator.py
[2023-09-24T21:55:34.536+0000] {processor.py:829} INFO - Processing file /home/airflow/.local/lib/python3.8/site-packages/airflow/example_dags/example_branch_day_of_week_operator.py for tasks to queue
[2023-09-24T21:55:34.537+0000] {logging_mixin.py:151} INFO - [2023-09-24T21:55:34.537+0000] {dagbag.py:539} INFO - Filling up the DagBag from /home/airflow/.local/lib/python3.8/site-packages/airflow/example_dags/example_branch_day_of_week_operator.py
[2023-09-24T21:55:34.542+0000] {processor.py:839} INFO - DAG(s) dict_keys(['example_weekday_branch_operator']) retrieved from /home/airflow/.local/lib/python3.8/site-packages/airflow/example_dags/example_branch_day_of_week_operator.py
[2023-09-24T21:55:34.553+0000] {logging_mixin.py:151} INFO - [2023-09-24T21:55:34.553+0000] {dag.py:2907} INFO - Sync 1 DAGs
[2023-09-24T21:55:34.564+0000] {logging_mixin.py:151} INFO - [2023-09-24T21:55:34.564+0000] {dag.py:3677} INFO - Setting next_dagrun for example_weekday_branch_operator to 2023-09-23T00:00:00+00:00, run_after=2023-09-24T00:00:00+00:00
[2023-09-24T21:55:34.572+0000] {processor.py:179} INFO - Processing /home/airflow/.local/lib/python3.8/site-packages/airflow/example_dags/example_branch_day_of_week_operator.py took 0.038 seconds
[2023-09-24T23:35:54.314+0000] {processor.py:157} INFO - Started process (PID=16271) to work on /home/airflow/.local/lib/python3.8/site-packages/airflow/example_dags/example_branch_day_of_week_operator.py
[2023-09-24T23:35:54.315+0000] {processor.py:829} INFO - Processing file /home/airflow/.local/lib/python3.8/site-packages/airflow/example_dags/example_branch_day_of_week_operator.py for tasks to queue
[2023-09-24T23:35:54.318+0000] {logging_mixin.py:151} INFO - [2023-09-24T23:35:54.317+0000] {dagbag.py:539} INFO - Filling up the DagBag from /home/airflow/.local/lib/python3.8/site-packages/airflow/example_dags/example_branch_day_of_week_operator.py
[2023-09-24T23:35:54.326+0000] {processor.py:839} INFO - DAG(s) dict_keys(['example_weekday_branch_operator']) retrieved from /home/airflow/.local/lib/python3.8/site-packages/airflow/example_dags/example_branch_day_of_week_operator.py
[2023-09-24T23:35:54.348+0000] {logging_mixin.py:151} INFO - [2023-09-24T23:35:54.348+0000] {dag.py:2907} INFO - Sync 1 DAGs
[2023-09-24T23:35:54.364+0000] {logging_mixin.py:151} INFO - [2023-09-24T23:35:54.364+0000] {dag.py:3677} INFO - Setting next_dagrun for example_weekday_branch_operator to 2023-09-23T00:00:00+00:00, run_after=2023-09-24T00:00:00+00:00
[2023-09-24T23:35:54.375+0000] {processor.py:179} INFO - Processing /home/airflow/.local/lib/python3.8/site-packages/airflow/example_dags/example_branch_day_of_week_operator.py took 0.065 seconds
[2023-09-24T23:57:53.364+0000] {processor.py:157} INFO - Started process (PID=16318) to work on /home/airflow/.local/lib/python3.8/site-packages/airflow/example_dags/example_branch_day_of_week_operator.py
[2023-09-24T23:57:53.364+0000] {processor.py:829} INFO - Processing file /home/airflow/.local/lib/python3.8/site-packages/airflow/example_dags/example_branch_day_of_week_operator.py for tasks to queue
[2023-09-24T23:57:53.365+0000] {logging_mixin.py:151} INFO - [2023-09-24T23:57:53.365+0000] {dagbag.py:539} INFO - Filling up the DagBag from /home/airflow/.local/lib/python3.8/site-packages/airflow/example_dags/example_branch_day_of_week_operator.py
[2023-09-24T23:57:53.369+0000] {processor.py:839} INFO - DAG(s) dict_keys(['example_weekday_branch_operator']) retrieved from /home/airflow/.local/lib/python3.8/site-packages/airflow/example_dags/example_branch_day_of_week_operator.py
[2023-09-24T23:57:53.380+0000] {logging_mixin.py:151} INFO - [2023-09-24T23:57:53.380+0000] {dag.py:2907} INFO - Sync 1 DAGs
[2023-09-24T23:57:53.390+0000] {logging_mixin.py:151} INFO - [2023-09-24T23:57:53.390+0000] {dag.py:3677} INFO - Setting next_dagrun for example_weekday_branch_operator to 2023-09-23T00:00:00+00:00, run_after=2023-09-24T00:00:00+00:00
[2023-09-24T23:57:53.397+0000] {processor.py:179} INFO - Processing /home/airflow/.local/lib/python3.8/site-packages/airflow/example_dags/example_branch_day_of_week_operator.py took 0.036 seconds
