[2023-09-24T00:14:07.465+0000] {processor.py:157} INFO - Started process (PID=15577) to work on /home/airflow/.local/lib/python3.8/site-packages/airflow/example_dags/example_params_trigger_ui.py
[2023-09-24T00:14:07.466+0000] {processor.py:829} INFO - Processing file /home/airflow/.local/lib/python3.8/site-packages/airflow/example_dags/example_params_trigger_ui.py for tasks to queue
[2023-09-24T00:14:07.469+0000] {logging_mixin.py:151} INFO - [2023-09-24T00:14:07.468+0000] {dagbag.py:539} INFO - Filling up the DagBag from /home/airflow/.local/lib/python3.8/site-packages/airflow/example_dags/example_params_trigger_ui.py
[2023-09-24T00:14:07.478+0000] {processor.py:839} INFO - DAG(s) dict_keys(['example_params_trigger_ui']) retrieved from /home/airflow/.local/lib/python3.8/site-packages/airflow/example_dags/example_params_trigger_ui.py
[2023-09-24T00:14:07.498+0000] {logging_mixin.py:151} INFO - [2023-09-24T00:14:07.498+0000] {dag.py:2907} INFO - Sync 1 DAGs
[2023-09-24T00:14:07.504+0000] {logging_mixin.py:151} INFO - [2023-09-24T00:14:07.504+0000] {dag.py:3677} INFO - Setting next_dagrun for example_params_trigger_ui to None, run_after=None
[2023-09-24T00:14:07.511+0000] {processor.py:179} INFO - Processing /home/airflow/.local/lib/python3.8/site-packages/airflow/example_dags/example_params_trigger_ui.py took 0.050 seconds
[2023-09-24T01:53:10.303+0000] {processor.py:157} INFO - Started process (PID=15624) to work on /home/airflow/.local/lib/python3.8/site-packages/airflow/example_dags/example_params_trigger_ui.py
[2023-09-24T01:53:10.303+0000] {processor.py:829} INFO - Processing file /home/airflow/.local/lib/python3.8/site-packages/airflow/example_dags/example_params_trigger_ui.py for tasks to queue
[2023-09-24T01:53:10.305+0000] {logging_mixin.py:151} INFO - [2023-09-24T01:53:10.305+0000] {dagbag.py:539} INFO - Filling up the DagBag from /home/airflow/.local/lib/python3.8/site-packages/airflow/example_dags/example_params_trigger_ui.py
[2023-09-24T01:53:10.315+0000] {processor.py:839} INFO - DAG(s) dict_keys(['example_params_trigger_ui']) retrieved from /home/airflow/.local/lib/python3.8/site-packages/airflow/example_dags/example_params_trigger_ui.py
[2023-09-24T01:53:10.338+0000] {logging_mixin.py:151} INFO - [2023-09-24T01:53:10.338+0000] {dag.py:2907} INFO - Sync 1 DAGs
[2023-09-24T01:53:10.344+0000] {logging_mixin.py:151} INFO - [2023-09-24T01:53:10.344+0000] {dag.py:3677} INFO - Setting next_dagrun for example_params_trigger_ui to None, run_after=None
[2023-09-24T01:53:10.351+0000] {processor.py:179} INFO - Processing /home/airflow/.local/lib/python3.8/site-packages/airflow/example_dags/example_params_trigger_ui.py took 0.051 seconds
[2023-09-24T03:30:33.799+0000] {processor.py:157} INFO - Started process (PID=15671) to work on /home/airflow/.local/lib/python3.8/site-packages/airflow/example_dags/example_params_trigger_ui.py
[2023-09-24T03:30:33.800+0000] {processor.py:829} INFO - Processing file /home/airflow/.local/lib/python3.8/site-packages/airflow/example_dags/example_params_trigger_ui.py for tasks to queue
[2023-09-24T03:30:33.801+0000] {logging_mixin.py:151} INFO - [2023-09-24T03:30:33.801+0000] {dagbag.py:539} INFO - Filling up the DagBag from /home/airflow/.local/lib/python3.8/site-packages/airflow/example_dags/example_params_trigger_ui.py
[2023-09-24T03:30:33.811+0000] {processor.py:839} INFO - DAG(s) dict_keys(['example_params_trigger_ui']) retrieved from /home/airflow/.local/lib/python3.8/site-packages/airflow/example_dags/example_params_trigger_ui.py
[2023-09-24T03:30:33.833+0000] {logging_mixin.py:151} INFO - [2023-09-24T03:30:33.833+0000] {dag.py:2907} INFO - Sync 1 DAGs
[2023-09-24T03:30:33.839+0000] {logging_mixin.py:151} INFO - [2023-09-24T03:30:33.839+0000] {dag.py:3677} INFO - Setting next_dagrun for example_params_trigger_ui to None, run_after=None
[2023-09-24T03:30:33.846+0000] {processor.py:179} INFO - Processing /home/airflow/.local/lib/python3.8/site-packages/airflow/example_dags/example_params_trigger_ui.py took 0.049 seconds
[2023-09-24T04:49:48.171+0000] {processor.py:157} INFO - Started process (PID=15718) to work on /home/airflow/.local/lib/python3.8/site-packages/airflow/example_dags/example_params_trigger_ui.py
[2023-09-24T04:49:48.172+0000] {processor.py:829} INFO - Processing file /home/airflow/.local/lib/python3.8/site-packages/airflow/example_dags/example_params_trigger_ui.py for tasks to queue
[2023-09-24T04:49:48.174+0000] {logging_mixin.py:151} INFO - [2023-09-24T04:49:48.174+0000] {dagbag.py:539} INFO - Filling up the DagBag from /home/airflow/.local/lib/python3.8/site-packages/airflow/example_dags/example_params_trigger_ui.py
[2023-09-24T04:49:48.184+0000] {processor.py:839} INFO - DAG(s) dict_keys(['example_params_trigger_ui']) retrieved from /home/airflow/.local/lib/python3.8/site-packages/airflow/example_dags/example_params_trigger_ui.py
[2023-09-24T04:49:48.205+0000] {logging_mixin.py:151} INFO - [2023-09-24T04:49:48.205+0000] {dag.py:2907} INFO - Sync 1 DAGs
[2023-09-24T04:49:48.211+0000] {logging_mixin.py:151} INFO - [2023-09-24T04:49:48.211+0000] {dag.py:3677} INFO - Setting next_dagrun for example_params_trigger_ui to None, run_after=None
[2023-09-24T04:49:48.218+0000] {processor.py:179} INFO - Processing /home/airflow/.local/lib/python3.8/site-packages/airflow/example_dags/example_params_trigger_ui.py took 0.051 seconds
[2023-09-24T06:28:51.744+0000] {processor.py:157} INFO - Started process (PID=15765) to work on /home/airflow/.local/lib/python3.8/site-packages/airflow/example_dags/example_params_trigger_ui.py
[2023-09-24T06:28:51.745+0000] {processor.py:829} INFO - Processing file /home/airflow/.local/lib/python3.8/site-packages/airflow/example_dags/example_params_trigger_ui.py for tasks to queue
[2023-09-24T06:28:51.747+0000] {logging_mixin.py:151} INFO - [2023-09-24T06:28:51.746+0000] {dagbag.py:539} INFO - Filling up the DagBag from /home/airflow/.local/lib/python3.8/site-packages/airflow/example_dags/example_params_trigger_ui.py
[2023-09-24T06:28:51.757+0000] {processor.py:839} INFO - DAG(s) dict_keys(['example_params_trigger_ui']) retrieved from /home/airflow/.local/lib/python3.8/site-packages/airflow/example_dags/example_params_trigger_ui.py
[2023-09-24T06:28:51.782+0000] {logging_mixin.py:151} INFO - [2023-09-24T06:28:51.781+0000] {dag.py:2907} INFO - Sync 1 DAGs
[2023-09-24T06:28:51.787+0000] {logging_mixin.py:151} INFO - [2023-09-24T06:28:51.787+0000] {dag.py:3677} INFO - Setting next_dagrun for example_params_trigger_ui to None, run_after=None
[2023-09-24T06:28:51.795+0000] {processor.py:179} INFO - Processing /home/airflow/.local/lib/python3.8/site-packages/airflow/example_dags/example_params_trigger_ui.py took 0.053 seconds
[2023-09-24T07:52:31.716+0000] {processor.py:157} INFO - Started process (PID=15812) to work on /home/airflow/.local/lib/python3.8/site-packages/airflow/example_dags/example_params_trigger_ui.py
[2023-09-24T07:52:31.716+0000] {processor.py:829} INFO - Processing file /home/airflow/.local/lib/python3.8/site-packages/airflow/example_dags/example_params_trigger_ui.py for tasks to queue
[2023-09-24T07:52:31.718+0000] {logging_mixin.py:151} INFO - [2023-09-24T07:52:31.717+0000] {dagbag.py:539} INFO - Filling up the DagBag from /home/airflow/.local/lib/python3.8/site-packages/airflow/example_dags/example_params_trigger_ui.py
[2023-09-24T07:52:31.726+0000] {processor.py:839} INFO - DAG(s) dict_keys(['example_params_trigger_ui']) retrieved from /home/airflow/.local/lib/python3.8/site-packages/airflow/example_dags/example_params_trigger_ui.py
[2023-09-24T07:52:31.748+0000] {logging_mixin.py:151} INFO - [2023-09-24T07:52:31.748+0000] {dag.py:2907} INFO - Sync 1 DAGs
[2023-09-24T07:52:31.753+0000] {logging_mixin.py:151} INFO - [2023-09-24T07:52:31.753+0000] {dag.py:3677} INFO - Setting next_dagrun for example_params_trigger_ui to None, run_after=None
[2023-09-24T07:52:31.761+0000] {processor.py:179} INFO - Processing /home/airflow/.local/lib/python3.8/site-packages/airflow/example_dags/example_params_trigger_ui.py took 0.047 seconds
[2023-09-24T09:31:22.879+0000] {processor.py:157} INFO - Started process (PID=15859) to work on /home/airflow/.local/lib/python3.8/site-packages/airflow/example_dags/example_params_trigger_ui.py
[2023-09-24T09:31:22.880+0000] {processor.py:829} INFO - Processing file /home/airflow/.local/lib/python3.8/site-packages/airflow/example_dags/example_params_trigger_ui.py for tasks to queue
[2023-09-24T09:31:22.882+0000] {logging_mixin.py:151} INFO - [2023-09-24T09:31:22.881+0000] {dagbag.py:539} INFO - Filling up the DagBag from /home/airflow/.local/lib/python3.8/site-packages/airflow/example_dags/example_params_trigger_ui.py
[2023-09-24T09:31:22.892+0000] {processor.py:839} INFO - DAG(s) dict_keys(['example_params_trigger_ui']) retrieved from /home/airflow/.local/lib/python3.8/site-packages/airflow/example_dags/example_params_trigger_ui.py
[2023-09-24T09:31:22.915+0000] {logging_mixin.py:151} INFO - [2023-09-24T09:31:22.915+0000] {dag.py:2907} INFO - Sync 1 DAGs
[2023-09-24T09:31:22.920+0000] {logging_mixin.py:151} INFO - [2023-09-24T09:31:22.920+0000] {dag.py:3677} INFO - Setting next_dagrun for example_params_trigger_ui to None, run_after=None
[2023-09-24T09:31:22.928+0000] {processor.py:179} INFO - Processing /home/airflow/.local/lib/python3.8/site-packages/airflow/example_dags/example_params_trigger_ui.py took 0.051 seconds
[2023-09-24T11:06:20.738+0000] {processor.py:157} INFO - Started process (PID=15906) to work on /home/airflow/.local/lib/python3.8/site-packages/airflow/example_dags/example_params_trigger_ui.py
[2023-09-24T11:06:20.738+0000] {processor.py:829} INFO - Processing file /home/airflow/.local/lib/python3.8/site-packages/airflow/example_dags/example_params_trigger_ui.py for tasks to queue
[2023-09-24T11:06:20.739+0000] {logging_mixin.py:151} INFO - [2023-09-24T11:06:20.739+0000] {dagbag.py:539} INFO - Filling up the DagBag from /home/airflow/.local/lib/python3.8/site-packages/airflow/example_dags/example_params_trigger_ui.py
[2023-09-24T11:06:20.748+0000] {processor.py:839} INFO - DAG(s) dict_keys(['example_params_trigger_ui']) retrieved from /home/airflow/.local/lib/python3.8/site-packages/airflow/example_dags/example_params_trigger_ui.py
[2023-09-24T11:06:20.769+0000] {logging_mixin.py:151} INFO - [2023-09-24T11:06:20.769+0000] {dag.py:2907} INFO - Sync 1 DAGs
[2023-09-24T11:06:20.775+0000] {logging_mixin.py:151} INFO - [2023-09-24T11:06:20.775+0000] {dag.py:3677} INFO - Setting next_dagrun for example_params_trigger_ui to None, run_after=None
[2023-09-24T11:06:20.782+0000] {processor.py:179} INFO - Processing /home/airflow/.local/lib/python3.8/site-packages/airflow/example_dags/example_params_trigger_ui.py took 0.046 seconds
[2023-09-24T12:31:56.243+0000] {processor.py:157} INFO - Started process (PID=15953) to work on /home/airflow/.local/lib/python3.8/site-packages/airflow/example_dags/example_params_trigger_ui.py
[2023-09-24T12:31:56.244+0000] {processor.py:829} INFO - Processing file /home/airflow/.local/lib/python3.8/site-packages/airflow/example_dags/example_params_trigger_ui.py for tasks to queue
[2023-09-24T12:31:56.245+0000] {logging_mixin.py:151} INFO - [2023-09-24T12:31:56.245+0000] {dagbag.py:539} INFO - Filling up the DagBag from /home/airflow/.local/lib/python3.8/site-packages/airflow/example_dags/example_params_trigger_ui.py
[2023-09-24T12:31:56.256+0000] {processor.py:839} INFO - DAG(s) dict_keys(['example_params_trigger_ui']) retrieved from /home/airflow/.local/lib/python3.8/site-packages/airflow/example_dags/example_params_trigger_ui.py
[2023-09-24T12:31:56.281+0000] {logging_mixin.py:151} INFO - [2023-09-24T12:31:56.281+0000] {dag.py:2907} INFO - Sync 1 DAGs
[2023-09-24T12:31:56.287+0000] {logging_mixin.py:151} INFO - [2023-09-24T12:31:56.287+0000] {dag.py:3677} INFO - Setting next_dagrun for example_params_trigger_ui to None, run_after=None
[2023-09-24T12:31:56.295+0000] {processor.py:179} INFO - Processing /home/airflow/.local/lib/python3.8/site-packages/airflow/example_dags/example_params_trigger_ui.py took 0.054 seconds
[2023-09-24T14:13:10.855+0000] {processor.py:157} INFO - Started process (PID=16000) to work on /home/airflow/.local/lib/python3.8/site-packages/airflow/example_dags/example_params_trigger_ui.py
[2023-09-24T14:13:10.856+0000] {processor.py:829} INFO - Processing file /home/airflow/.local/lib/python3.8/site-packages/airflow/example_dags/example_params_trigger_ui.py for tasks to queue
[2023-09-24T14:13:10.857+0000] {logging_mixin.py:151} INFO - [2023-09-24T14:13:10.857+0000] {dagbag.py:539} INFO - Filling up the DagBag from /home/airflow/.local/lib/python3.8/site-packages/airflow/example_dags/example_params_trigger_ui.py
[2023-09-24T14:13:10.866+0000] {processor.py:839} INFO - DAG(s) dict_keys(['example_params_trigger_ui']) retrieved from /home/airflow/.local/lib/python3.8/site-packages/airflow/example_dags/example_params_trigger_ui.py
[2023-09-24T14:13:10.887+0000] {logging_mixin.py:151} INFO - [2023-09-24T14:13:10.887+0000] {dag.py:2907} INFO - Sync 1 DAGs
[2023-09-24T14:13:10.892+0000] {logging_mixin.py:151} INFO - [2023-09-24T14:13:10.892+0000] {dag.py:3677} INFO - Setting next_dagrun for example_params_trigger_ui to None, run_after=None
[2023-09-24T14:13:10.899+0000] {processor.py:179} INFO - Processing /home/airflow/.local/lib/python3.8/site-packages/airflow/example_dags/example_params_trigger_ui.py took 0.046 seconds
[2023-09-24T15:55:34.068+0000] {processor.py:157} INFO - Started process (PID=16047) to work on /home/airflow/.local/lib/python3.8/site-packages/airflow/example_dags/example_params_trigger_ui.py
[2023-09-24T15:55:34.068+0000] {processor.py:829} INFO - Processing file /home/airflow/.local/lib/python3.8/site-packages/airflow/example_dags/example_params_trigger_ui.py for tasks to queue
[2023-09-24T15:55:34.069+0000] {logging_mixin.py:151} INFO - [2023-09-24T15:55:34.069+0000] {dagbag.py:539} INFO - Filling up the DagBag from /home/airflow/.local/lib/python3.8/site-packages/airflow/example_dags/example_params_trigger_ui.py
[2023-09-24T15:55:34.078+0000] {processor.py:839} INFO - DAG(s) dict_keys(['example_params_trigger_ui']) retrieved from /home/airflow/.local/lib/python3.8/site-packages/airflow/example_dags/example_params_trigger_ui.py
[2023-09-24T15:55:34.099+0000] {logging_mixin.py:151} INFO - [2023-09-24T15:55:34.099+0000] {dag.py:2907} INFO - Sync 1 DAGs
[2023-09-24T15:55:34.105+0000] {logging_mixin.py:151} INFO - [2023-09-24T15:55:34.105+0000] {dag.py:3677} INFO - Setting next_dagrun for example_params_trigger_ui to None, run_after=None
[2023-09-24T15:55:34.112+0000] {processor.py:179} INFO - Processing /home/airflow/.local/lib/python3.8/site-packages/airflow/example_dags/example_params_trigger_ui.py took 0.046 seconds
[2023-09-24T17:17:13.542+0000] {processor.py:157} INFO - Started process (PID=16094) to work on /home/airflow/.local/lib/python3.8/site-packages/airflow/example_dags/example_params_trigger_ui.py
[2023-09-24T17:17:13.543+0000] {processor.py:829} INFO - Processing file /home/airflow/.local/lib/python3.8/site-packages/airflow/example_dags/example_params_trigger_ui.py for tasks to queue
[2023-09-24T17:17:13.547+0000] {logging_mixin.py:151} INFO - [2023-09-24T17:17:13.546+0000] {dagbag.py:539} INFO - Filling up the DagBag from /home/airflow/.local/lib/python3.8/site-packages/airflow/example_dags/example_params_trigger_ui.py
[2023-09-24T17:17:13.567+0000] {processor.py:839} INFO - DAG(s) dict_keys(['example_params_trigger_ui']) retrieved from /home/airflow/.local/lib/python3.8/site-packages/airflow/example_dags/example_params_trigger_ui.py
[2023-09-24T17:17:13.644+0000] {logging_mixin.py:151} INFO - [2023-09-24T17:17:13.643+0000] {dag.py:2907} INFO - Sync 1 DAGs
[2023-09-24T17:17:13.649+0000] {logging_mixin.py:151} INFO - [2023-09-24T17:17:13.649+0000] {dag.py:3677} INFO - Setting next_dagrun for example_params_trigger_ui to None, run_after=None
[2023-09-24T17:17:13.657+0000] {processor.py:179} INFO - Processing /home/airflow/.local/lib/python3.8/site-packages/airflow/example_dags/example_params_trigger_ui.py took 0.119 seconds
[2023-09-24T18:53:10.348+0000] {processor.py:157} INFO - Started process (PID=16141) to work on /home/airflow/.local/lib/python3.8/site-packages/airflow/example_dags/example_params_trigger_ui.py
[2023-09-24T18:53:10.349+0000] {processor.py:829} INFO - Processing file /home/airflow/.local/lib/python3.8/site-packages/airflow/example_dags/example_params_trigger_ui.py for tasks to queue
[2023-09-24T18:53:10.351+0000] {logging_mixin.py:151} INFO - [2023-09-24T18:53:10.351+0000] {dagbag.py:539} INFO - Filling up the DagBag from /home/airflow/.local/lib/python3.8/site-packages/airflow/example_dags/example_params_trigger_ui.py
[2023-09-24T18:53:10.362+0000] {processor.py:839} INFO - DAG(s) dict_keys(['example_params_trigger_ui']) retrieved from /home/airflow/.local/lib/python3.8/site-packages/airflow/example_dags/example_params_trigger_ui.py
[2023-09-24T18:53:10.383+0000] {logging_mixin.py:151} INFO - [2023-09-24T18:53:10.383+0000] {dag.py:2907} INFO - Sync 1 DAGs
[2023-09-24T18:53:10.388+0000] {logging_mixin.py:151} INFO - [2023-09-24T18:53:10.388+0000] {dag.py:3677} INFO - Setting next_dagrun for example_params_trigger_ui to None, run_after=None
[2023-09-24T18:53:10.396+0000] {processor.py:179} INFO - Processing /home/airflow/.local/lib/python3.8/site-packages/airflow/example_dags/example_params_trigger_ui.py took 0.051 seconds
[2023-09-24T20:32:57.067+0000] {processor.py:157} INFO - Started process (PID=16188) to work on /home/airflow/.local/lib/python3.8/site-packages/airflow/example_dags/example_params_trigger_ui.py
[2023-09-24T20:32:57.067+0000] {processor.py:829} INFO - Processing file /home/airflow/.local/lib/python3.8/site-packages/airflow/example_dags/example_params_trigger_ui.py for tasks to queue
[2023-09-24T20:32:57.069+0000] {logging_mixin.py:151} INFO - [2023-09-24T20:32:57.068+0000] {dagbag.py:539} INFO - Filling up the DagBag from /home/airflow/.local/lib/python3.8/site-packages/airflow/example_dags/example_params_trigger_ui.py
[2023-09-24T20:32:57.078+0000] {processor.py:839} INFO - DAG(s) dict_keys(['example_params_trigger_ui']) retrieved from /home/airflow/.local/lib/python3.8/site-packages/airflow/example_dags/example_params_trigger_ui.py
[2023-09-24T20:32:57.100+0000] {logging_mixin.py:151} INFO - [2023-09-24T20:32:57.100+0000] {dag.py:2907} INFO - Sync 1 DAGs
[2023-09-24T20:32:57.106+0000] {logging_mixin.py:151} INFO - [2023-09-24T20:32:57.106+0000] {dag.py:3677} INFO - Setting next_dagrun for example_params_trigger_ui to None, run_after=None
[2023-09-24T20:32:57.113+0000] {processor.py:179} INFO - Processing /home/airflow/.local/lib/python3.8/site-packages/airflow/example_dags/example_params_trigger_ui.py took 0.049 seconds
[2023-09-24T21:55:35.234+0000] {processor.py:157} INFO - Started process (PID=16235) to work on /home/airflow/.local/lib/python3.8/site-packages/airflow/example_dags/example_params_trigger_ui.py
[2023-09-24T21:55:35.234+0000] {processor.py:829} INFO - Processing file /home/airflow/.local/lib/python3.8/site-packages/airflow/example_dags/example_params_trigger_ui.py for tasks to queue
[2023-09-24T21:55:35.236+0000] {logging_mixin.py:151} INFO - [2023-09-24T21:55:35.235+0000] {dagbag.py:539} INFO - Filling up the DagBag from /home/airflow/.local/lib/python3.8/site-packages/airflow/example_dags/example_params_trigger_ui.py
[2023-09-24T21:55:35.245+0000] {processor.py:839} INFO - DAG(s) dict_keys(['example_params_trigger_ui']) retrieved from /home/airflow/.local/lib/python3.8/site-packages/airflow/example_dags/example_params_trigger_ui.py
[2023-09-24T21:55:35.266+0000] {logging_mixin.py:151} INFO - [2023-09-24T21:55:35.266+0000] {dag.py:2907} INFO - Sync 1 DAGs
[2023-09-24T21:55:35.272+0000] {logging_mixin.py:151} INFO - [2023-09-24T21:55:35.272+0000] {dag.py:3677} INFO - Setting next_dagrun for example_params_trigger_ui to None, run_after=None
[2023-09-24T21:55:35.280+0000] {processor.py:179} INFO - Processing /home/airflow/.local/lib/python3.8/site-packages/airflow/example_dags/example_params_trigger_ui.py took 0.048 seconds
[2023-09-24T23:35:55.045+0000] {processor.py:157} INFO - Started process (PID=16282) to work on /home/airflow/.local/lib/python3.8/site-packages/airflow/example_dags/example_params_trigger_ui.py
[2023-09-24T23:35:55.046+0000] {processor.py:829} INFO - Processing file /home/airflow/.local/lib/python3.8/site-packages/airflow/example_dags/example_params_trigger_ui.py for tasks to queue
[2023-09-24T23:35:55.047+0000] {logging_mixin.py:151} INFO - [2023-09-24T23:35:55.047+0000] {dagbag.py:539} INFO - Filling up the DagBag from /home/airflow/.local/lib/python3.8/site-packages/airflow/example_dags/example_params_trigger_ui.py
[2023-09-24T23:35:55.056+0000] {processor.py:839} INFO - DAG(s) dict_keys(['example_params_trigger_ui']) retrieved from /home/airflow/.local/lib/python3.8/site-packages/airflow/example_dags/example_params_trigger_ui.py
[2023-09-24T23:35:55.077+0000] {logging_mixin.py:151} INFO - [2023-09-24T23:35:55.077+0000] {dag.py:2907} INFO - Sync 1 DAGs
[2023-09-24T23:35:55.082+0000] {logging_mixin.py:151} INFO - [2023-09-24T23:35:55.082+0000] {dag.py:3677} INFO - Setting next_dagrun for example_params_trigger_ui to None, run_after=None
[2023-09-24T23:35:55.090+0000] {processor.py:179} INFO - Processing /home/airflow/.local/lib/python3.8/site-packages/airflow/example_dags/example_params_trigger_ui.py took 0.047 seconds
[2023-09-24T23:57:53.708+0000] {processor.py:157} INFO - Started process (PID=16329) to work on /home/airflow/.local/lib/python3.8/site-packages/airflow/example_dags/example_params_trigger_ui.py
[2023-09-24T23:57:53.709+0000] {processor.py:829} INFO - Processing file /home/airflow/.local/lib/python3.8/site-packages/airflow/example_dags/example_params_trigger_ui.py for tasks to queue
[2023-09-24T23:57:53.711+0000] {logging_mixin.py:151} INFO - [2023-09-24T23:57:53.710+0000] {dagbag.py:539} INFO - Filling up the DagBag from /home/airflow/.local/lib/python3.8/site-packages/airflow/example_dags/example_params_trigger_ui.py
[2023-09-24T23:57:53.719+0000] {processor.py:839} INFO - DAG(s) dict_keys(['example_params_trigger_ui']) retrieved from /home/airflow/.local/lib/python3.8/site-packages/airflow/example_dags/example_params_trigger_ui.py
[2023-09-24T23:57:53.740+0000] {logging_mixin.py:151} INFO - [2023-09-24T23:57:53.740+0000] {dag.py:2907} INFO - Sync 1 DAGs
[2023-09-24T23:57:53.746+0000] {logging_mixin.py:151} INFO - [2023-09-24T23:57:53.746+0000] {dag.py:3677} INFO - Setting next_dagrun for example_params_trigger_ui to None, run_after=None
[2023-09-24T23:57:53.754+0000] {processor.py:179} INFO - Processing /home/airflow/.local/lib/python3.8/site-packages/airflow/example_dags/example_params_trigger_ui.py took 0.050 seconds
