[2023-09-24T00:14:06.818+0000] {processor.py:157} INFO - Started process (PID=15559) to work on /home/airflow/.local/lib/python3.8/site-packages/airflow/example_dags/example_trigger_controller_dag.py
[2023-09-24T00:14:06.819+0000] {processor.py:829} INFO - Processing file /home/airflow/.local/lib/python3.8/site-packages/airflow/example_dags/example_trigger_controller_dag.py for tasks to queue
[2023-09-24T00:14:06.824+0000] {logging_mixin.py:151} INFO - [2023-09-24T00:14:06.823+0000] {dagbag.py:539} INFO - Filling up the DagBag from /home/airflow/.local/lib/python3.8/site-packages/airflow/example_dags/example_trigger_controller_dag.py
[2023-09-24T00:14:06.830+0000] {processor.py:839} INFO - DAG(s) dict_keys(['example_trigger_controller_dag']) retrieved from /home/airflow/.local/lib/python3.8/site-packages/airflow/example_dags/example_trigger_controller_dag.py
[2023-09-24T00:14:06.860+0000] {logging_mixin.py:151} INFO - [2023-09-24T00:14:06.860+0000] {dag.py:2907} INFO - Sync 1 DAGs
[2023-09-24T00:14:06.880+0000] {logging_mixin.py:151} INFO - [2023-09-24T00:14:06.880+0000] {dag.py:3677} INFO - Setting next_dagrun for example_trigger_controller_dag to 2021-01-01T00:00:00+00:00, run_after=2021-01-01T00:00:00+00:00
[2023-09-24T00:14:06.896+0000] {processor.py:179} INFO - Processing /home/airflow/.local/lib/python3.8/site-packages/airflow/example_dags/example_trigger_controller_dag.py took 0.086 seconds
[2023-09-24T01:53:09.704+0000] {processor.py:157} INFO - Started process (PID=15606) to work on /home/airflow/.local/lib/python3.8/site-packages/airflow/example_dags/example_trigger_controller_dag.py
[2023-09-24T01:53:09.705+0000] {processor.py:829} INFO - Processing file /home/airflow/.local/lib/python3.8/site-packages/airflow/example_dags/example_trigger_controller_dag.py for tasks to queue
[2023-09-24T01:53:09.706+0000] {logging_mixin.py:151} INFO - [2023-09-24T01:53:09.706+0000] {dagbag.py:539} INFO - Filling up the DagBag from /home/airflow/.local/lib/python3.8/site-packages/airflow/example_dags/example_trigger_controller_dag.py
[2023-09-24T01:53:09.709+0000] {processor.py:839} INFO - DAG(s) dict_keys(['example_trigger_controller_dag']) retrieved from /home/airflow/.local/lib/python3.8/site-packages/airflow/example_dags/example_trigger_controller_dag.py
[2023-09-24T01:53:09.721+0000] {logging_mixin.py:151} INFO - [2023-09-24T01:53:09.721+0000] {dag.py:2907} INFO - Sync 1 DAGs
[2023-09-24T01:53:09.731+0000] {logging_mixin.py:151} INFO - [2023-09-24T01:53:09.731+0000] {dag.py:3677} INFO - Setting next_dagrun for example_trigger_controller_dag to 2021-01-01T00:00:00+00:00, run_after=2021-01-01T00:00:00+00:00
[2023-09-24T01:53:09.738+0000] {processor.py:179} INFO - Processing /home/airflow/.local/lib/python3.8/site-packages/airflow/example_dags/example_trigger_controller_dag.py took 0.036 seconds
[2023-09-24T03:30:33.231+0000] {processor.py:157} INFO - Started process (PID=15653) to work on /home/airflow/.local/lib/python3.8/site-packages/airflow/example_dags/example_trigger_controller_dag.py
[2023-09-24T03:30:33.232+0000] {processor.py:829} INFO - Processing file /home/airflow/.local/lib/python3.8/site-packages/airflow/example_dags/example_trigger_controller_dag.py for tasks to queue
[2023-09-24T03:30:33.233+0000] {logging_mixin.py:151} INFO - [2023-09-24T03:30:33.233+0000] {dagbag.py:539} INFO - Filling up the DagBag from /home/airflow/.local/lib/python3.8/site-packages/airflow/example_dags/example_trigger_controller_dag.py
[2023-09-24T03:30:33.235+0000] {processor.py:839} INFO - DAG(s) dict_keys(['example_trigger_controller_dag']) retrieved from /home/airflow/.local/lib/python3.8/site-packages/airflow/example_dags/example_trigger_controller_dag.py
[2023-09-24T03:30:33.246+0000] {logging_mixin.py:151} INFO - [2023-09-24T03:30:33.246+0000] {dag.py:2907} INFO - Sync 1 DAGs
[2023-09-24T03:30:33.256+0000] {logging_mixin.py:151} INFO - [2023-09-24T03:30:33.256+0000] {dag.py:3677} INFO - Setting next_dagrun for example_trigger_controller_dag to 2021-01-01T00:00:00+00:00, run_after=2021-01-01T00:00:00+00:00
[2023-09-24T03:30:33.263+0000] {processor.py:179} INFO - Processing /home/airflow/.local/lib/python3.8/site-packages/airflow/example_dags/example_trigger_controller_dag.py took 0.034 seconds
[2023-09-24T04:49:47.197+0000] {processor.py:157} INFO - Started process (PID=15700) to work on /home/airflow/.local/lib/python3.8/site-packages/airflow/example_dags/example_trigger_controller_dag.py
[2023-09-24T04:49:47.198+0000] {processor.py:829} INFO - Processing file /home/airflow/.local/lib/python3.8/site-packages/airflow/example_dags/example_trigger_controller_dag.py for tasks to queue
[2023-09-24T04:49:47.200+0000] {logging_mixin.py:151} INFO - [2023-09-24T04:49:47.199+0000] {dagbag.py:539} INFO - Filling up the DagBag from /home/airflow/.local/lib/python3.8/site-packages/airflow/example_dags/example_trigger_controller_dag.py
[2023-09-24T04:49:47.206+0000] {processor.py:839} INFO - DAG(s) dict_keys(['example_trigger_controller_dag']) retrieved from /home/airflow/.local/lib/python3.8/site-packages/airflow/example_dags/example_trigger_controller_dag.py
[2023-09-24T04:49:47.238+0000] {logging_mixin.py:151} INFO - [2023-09-24T04:49:47.238+0000] {dag.py:2907} INFO - Sync 1 DAGs
[2023-09-24T04:49:47.270+0000] {logging_mixin.py:151} INFO - [2023-09-24T04:49:47.270+0000] {dag.py:3677} INFO - Setting next_dagrun for example_trigger_controller_dag to 2021-01-01T00:00:00+00:00, run_after=2021-01-01T00:00:00+00:00
[2023-09-24T04:49:47.658+0000] {processor.py:179} INFO - Processing /home/airflow/.local/lib/python3.8/site-packages/airflow/example_dags/example_trigger_controller_dag.py took 0.464 seconds
[2023-09-24T06:28:51.050+0000] {processor.py:157} INFO - Started process (PID=15747) to work on /home/airflow/.local/lib/python3.8/site-packages/airflow/example_dags/example_trigger_controller_dag.py
[2023-09-24T06:28:51.052+0000] {processor.py:829} INFO - Processing file /home/airflow/.local/lib/python3.8/site-packages/airflow/example_dags/example_trigger_controller_dag.py for tasks to queue
[2023-09-24T06:28:51.054+0000] {logging_mixin.py:151} INFO - [2023-09-24T06:28:51.054+0000] {dagbag.py:539} INFO - Filling up the DagBag from /home/airflow/.local/lib/python3.8/site-packages/airflow/example_dags/example_trigger_controller_dag.py
[2023-09-24T06:28:51.058+0000] {processor.py:839} INFO - DAG(s) dict_keys(['example_trigger_controller_dag']) retrieved from /home/airflow/.local/lib/python3.8/site-packages/airflow/example_dags/example_trigger_controller_dag.py
[2023-09-24T06:28:51.076+0000] {logging_mixin.py:151} INFO - [2023-09-24T06:28:51.076+0000] {dag.py:2907} INFO - Sync 1 DAGs
[2023-09-24T06:28:51.089+0000] {logging_mixin.py:151} INFO - [2023-09-24T06:28:51.089+0000] {dag.py:3677} INFO - Setting next_dagrun for example_trigger_controller_dag to 2021-01-01T00:00:00+00:00, run_after=2021-01-01T00:00:00+00:00
[2023-09-24T06:28:51.098+0000] {processor.py:179} INFO - Processing /home/airflow/.local/lib/python3.8/site-packages/airflow/example_dags/example_trigger_controller_dag.py took 0.054 seconds
[2023-09-24T07:52:31.149+0000] {processor.py:157} INFO - Started process (PID=15794) to work on /home/airflow/.local/lib/python3.8/site-packages/airflow/example_dags/example_trigger_controller_dag.py
[2023-09-24T07:52:31.149+0000] {processor.py:829} INFO - Processing file /home/airflow/.local/lib/python3.8/site-packages/airflow/example_dags/example_trigger_controller_dag.py for tasks to queue
[2023-09-24T07:52:31.151+0000] {logging_mixin.py:151} INFO - [2023-09-24T07:52:31.150+0000] {dagbag.py:539} INFO - Filling up the DagBag from /home/airflow/.local/lib/python3.8/site-packages/airflow/example_dags/example_trigger_controller_dag.py
[2023-09-24T07:52:31.153+0000] {processor.py:839} INFO - DAG(s) dict_keys(['example_trigger_controller_dag']) retrieved from /home/airflow/.local/lib/python3.8/site-packages/airflow/example_dags/example_trigger_controller_dag.py
[2023-09-24T07:52:31.166+0000] {logging_mixin.py:151} INFO - [2023-09-24T07:52:31.165+0000] {dag.py:2907} INFO - Sync 1 DAGs
[2023-09-24T07:52:31.176+0000] {logging_mixin.py:151} INFO - [2023-09-24T07:52:31.176+0000] {dag.py:3677} INFO - Setting next_dagrun for example_trigger_controller_dag to 2021-01-01T00:00:00+00:00, run_after=2021-01-01T00:00:00+00:00
[2023-09-24T07:52:31.184+0000] {processor.py:179} INFO - Processing /home/airflow/.local/lib/python3.8/site-packages/airflow/example_dags/example_trigger_controller_dag.py took 0.037 seconds
[2023-09-24T09:31:21.809+0000] {processor.py:157} INFO - Started process (PID=15841) to work on /home/airflow/.local/lib/python3.8/site-packages/airflow/example_dags/example_trigger_controller_dag.py
[2023-09-24T09:31:21.809+0000] {processor.py:829} INFO - Processing file /home/airflow/.local/lib/python3.8/site-packages/airflow/example_dags/example_trigger_controller_dag.py for tasks to queue
[2023-09-24T09:31:21.810+0000] {logging_mixin.py:151} INFO - [2023-09-24T09:31:21.810+0000] {dagbag.py:539} INFO - Filling up the DagBag from /home/airflow/.local/lib/python3.8/site-packages/airflow/example_dags/example_trigger_controller_dag.py
[2023-09-24T09:31:21.813+0000] {processor.py:839} INFO - DAG(s) dict_keys(['example_trigger_controller_dag']) retrieved from /home/airflow/.local/lib/python3.8/site-packages/airflow/example_dags/example_trigger_controller_dag.py
[2023-09-24T09:31:21.824+0000] {logging_mixin.py:151} INFO - [2023-09-24T09:31:21.824+0000] {dag.py:2907} INFO - Sync 1 DAGs
[2023-09-24T09:31:21.833+0000] {logging_mixin.py:151} INFO - [2023-09-24T09:31:21.833+0000] {dag.py:3677} INFO - Setting next_dagrun for example_trigger_controller_dag to 2021-01-01T00:00:00+00:00, run_after=2021-01-01T00:00:00+00:00
[2023-09-24T09:31:21.841+0000] {processor.py:179} INFO - Processing /home/airflow/.local/lib/python3.8/site-packages/airflow/example_dags/example_trigger_controller_dag.py took 0.034 seconds
[2023-09-24T11:06:20.227+0000] {processor.py:157} INFO - Started process (PID=15888) to work on /home/airflow/.local/lib/python3.8/site-packages/airflow/example_dags/example_trigger_controller_dag.py
[2023-09-24T11:06:20.227+0000] {processor.py:829} INFO - Processing file /home/airflow/.local/lib/python3.8/site-packages/airflow/example_dags/example_trigger_controller_dag.py for tasks to queue
[2023-09-24T11:06:20.229+0000] {logging_mixin.py:151} INFO - [2023-09-24T11:06:20.228+0000] {dagbag.py:539} INFO - Filling up the DagBag from /home/airflow/.local/lib/python3.8/site-packages/airflow/example_dags/example_trigger_controller_dag.py
[2023-09-24T11:06:20.231+0000] {processor.py:839} INFO - DAG(s) dict_keys(['example_trigger_controller_dag']) retrieved from /home/airflow/.local/lib/python3.8/site-packages/airflow/example_dags/example_trigger_controller_dag.py
[2023-09-24T11:06:20.241+0000] {logging_mixin.py:151} INFO - [2023-09-24T11:06:20.241+0000] {dag.py:2907} INFO - Sync 1 DAGs
[2023-09-24T11:06:20.250+0000] {logging_mixin.py:151} INFO - [2023-09-24T11:06:20.250+0000] {dag.py:3677} INFO - Setting next_dagrun for example_trigger_controller_dag to 2021-01-01T00:00:00+00:00, run_after=2021-01-01T00:00:00+00:00
[2023-09-24T11:06:20.257+0000] {processor.py:179} INFO - Processing /home/airflow/.local/lib/python3.8/site-packages/airflow/example_dags/example_trigger_controller_dag.py took 0.032 seconds
[2023-09-24T12:31:54.936+0000] {processor.py:157} INFO - Started process (PID=15935) to work on /home/airflow/.local/lib/python3.8/site-packages/airflow/example_dags/example_trigger_controller_dag.py
[2023-09-24T12:31:54.936+0000] {processor.py:829} INFO - Processing file /home/airflow/.local/lib/python3.8/site-packages/airflow/example_dags/example_trigger_controller_dag.py for tasks to queue
[2023-09-24T12:31:54.937+0000] {logging_mixin.py:151} INFO - [2023-09-24T12:31:54.937+0000] {dagbag.py:539} INFO - Filling up the DagBag from /home/airflow/.local/lib/python3.8/site-packages/airflow/example_dags/example_trigger_controller_dag.py
[2023-09-24T12:31:54.940+0000] {processor.py:839} INFO - DAG(s) dict_keys(['example_trigger_controller_dag']) retrieved from /home/airflow/.local/lib/python3.8/site-packages/airflow/example_dags/example_trigger_controller_dag.py
[2023-09-24T12:31:54.954+0000] {logging_mixin.py:151} INFO - [2023-09-24T12:31:54.954+0000] {dag.py:2907} INFO - Sync 1 DAGs
[2023-09-24T12:31:54.965+0000] {logging_mixin.py:151} INFO - [2023-09-24T12:31:54.965+0000] {dag.py:3677} INFO - Setting next_dagrun for example_trigger_controller_dag to 2021-01-01T00:00:00+00:00, run_after=2021-01-01T00:00:00+00:00
[2023-09-24T12:31:55.004+0000] {processor.py:179} INFO - Processing /home/airflow/.local/lib/python3.8/site-packages/airflow/example_dags/example_trigger_controller_dag.py took 0.070 seconds
[2023-09-24T14:13:09.970+0000] {processor.py:157} INFO - Started process (PID=15982) to work on /home/airflow/.local/lib/python3.8/site-packages/airflow/example_dags/example_trigger_controller_dag.py
[2023-09-24T14:13:09.973+0000] {processor.py:829} INFO - Processing file /home/airflow/.local/lib/python3.8/site-packages/airflow/example_dags/example_trigger_controller_dag.py for tasks to queue
[2023-09-24T14:13:09.977+0000] {logging_mixin.py:151} INFO - [2023-09-24T14:13:09.977+0000] {dagbag.py:539} INFO - Filling up the DagBag from /home/airflow/.local/lib/python3.8/site-packages/airflow/example_dags/example_trigger_controller_dag.py
[2023-09-24T14:13:09.981+0000] {processor.py:839} INFO - DAG(s) dict_keys(['example_trigger_controller_dag']) retrieved from /home/airflow/.local/lib/python3.8/site-packages/airflow/example_dags/example_trigger_controller_dag.py
[2023-09-24T14:13:10.019+0000] {logging_mixin.py:151} INFO - [2023-09-24T14:13:10.019+0000] {dag.py:2907} INFO - Sync 1 DAGs
[2023-09-24T14:13:10.047+0000] {logging_mixin.py:151} INFO - [2023-09-24T14:13:10.046+0000] {dag.py:3677} INFO - Setting next_dagrun for example_trigger_controller_dag to 2021-01-01T00:00:00+00:00, run_after=2021-01-01T00:00:00+00:00
[2023-09-24T14:13:10.071+0000] {processor.py:179} INFO - Processing /home/airflow/.local/lib/python3.8/site-packages/airflow/example_dags/example_trigger_controller_dag.py took 0.104 seconds
[2023-09-24T15:55:33.506+0000] {processor.py:157} INFO - Started process (PID=16029) to work on /home/airflow/.local/lib/python3.8/site-packages/airflow/example_dags/example_trigger_controller_dag.py
[2023-09-24T15:55:33.507+0000] {processor.py:829} INFO - Processing file /home/airflow/.local/lib/python3.8/site-packages/airflow/example_dags/example_trigger_controller_dag.py for tasks to queue
[2023-09-24T15:55:33.508+0000] {logging_mixin.py:151} INFO - [2023-09-24T15:55:33.508+0000] {dagbag.py:539} INFO - Filling up the DagBag from /home/airflow/.local/lib/python3.8/site-packages/airflow/example_dags/example_trigger_controller_dag.py
[2023-09-24T15:55:33.510+0000] {processor.py:839} INFO - DAG(s) dict_keys(['example_trigger_controller_dag']) retrieved from /home/airflow/.local/lib/python3.8/site-packages/airflow/example_dags/example_trigger_controller_dag.py
[2023-09-24T15:55:33.525+0000] {logging_mixin.py:151} INFO - [2023-09-24T15:55:33.525+0000] {dag.py:2907} INFO - Sync 1 DAGs
[2023-09-24T15:55:33.535+0000] {logging_mixin.py:151} INFO - [2023-09-24T15:55:33.534+0000] {dag.py:3677} INFO - Setting next_dagrun for example_trigger_controller_dag to 2021-01-01T00:00:00+00:00, run_after=2021-01-01T00:00:00+00:00
[2023-09-24T15:55:33.542+0000] {processor.py:179} INFO - Processing /home/airflow/.local/lib/python3.8/site-packages/airflow/example_dags/example_trigger_controller_dag.py took 0.038 seconds
[2023-09-24T17:17:12.333+0000] {processor.py:157} INFO - Started process (PID=16076) to work on /home/airflow/.local/lib/python3.8/site-packages/airflow/example_dags/example_trigger_controller_dag.py
[2023-09-24T17:17:12.337+0000] {processor.py:829} INFO - Processing file /home/airflow/.local/lib/python3.8/site-packages/airflow/example_dags/example_trigger_controller_dag.py for tasks to queue
[2023-09-24T17:17:12.342+0000] {logging_mixin.py:151} INFO - [2023-09-24T17:17:12.341+0000] {dagbag.py:539} INFO - Filling up the DagBag from /home/airflow/.local/lib/python3.8/site-packages/airflow/example_dags/example_trigger_controller_dag.py
[2023-09-24T17:17:12.345+0000] {processor.py:839} INFO - DAG(s) dict_keys(['example_trigger_controller_dag']) retrieved from /home/airflow/.local/lib/python3.8/site-packages/airflow/example_dags/example_trigger_controller_dag.py
[2023-09-24T17:17:12.370+0000] {logging_mixin.py:151} INFO - [2023-09-24T17:17:12.370+0000] {dag.py:2907} INFO - Sync 1 DAGs
[2023-09-24T17:17:12.390+0000] {logging_mixin.py:151} INFO - [2023-09-24T17:17:12.390+0000] {dag.py:3677} INFO - Setting next_dagrun for example_trigger_controller_dag to 2021-01-01T00:00:00+00:00, run_after=2021-01-01T00:00:00+00:00
[2023-09-24T17:17:12.416+0000] {processor.py:179} INFO - Processing /home/airflow/.local/lib/python3.8/site-packages/airflow/example_dags/example_trigger_controller_dag.py took 0.085 seconds
[2023-09-24T18:53:09.795+0000] {processor.py:157} INFO - Started process (PID=16123) to work on /home/airflow/.local/lib/python3.8/site-packages/airflow/example_dags/example_trigger_controller_dag.py
[2023-09-24T18:53:09.795+0000] {processor.py:829} INFO - Processing file /home/airflow/.local/lib/python3.8/site-packages/airflow/example_dags/example_trigger_controller_dag.py for tasks to queue
[2023-09-24T18:53:09.797+0000] {logging_mixin.py:151} INFO - [2023-09-24T18:53:09.797+0000] {dagbag.py:539} INFO - Filling up the DagBag from /home/airflow/.local/lib/python3.8/site-packages/airflow/example_dags/example_trigger_controller_dag.py
[2023-09-24T18:53:09.799+0000] {processor.py:839} INFO - DAG(s) dict_keys(['example_trigger_controller_dag']) retrieved from /home/airflow/.local/lib/python3.8/site-packages/airflow/example_dags/example_trigger_controller_dag.py
[2023-09-24T18:53:09.811+0000] {logging_mixin.py:151} INFO - [2023-09-24T18:53:09.810+0000] {dag.py:2907} INFO - Sync 1 DAGs
[2023-09-24T18:53:09.820+0000] {logging_mixin.py:151} INFO - [2023-09-24T18:53:09.820+0000] {dag.py:3677} INFO - Setting next_dagrun for example_trigger_controller_dag to 2021-01-01T00:00:00+00:00, run_after=2021-01-01T00:00:00+00:00
[2023-09-24T18:53:09.827+0000] {processor.py:179} INFO - Processing /home/airflow/.local/lib/python3.8/site-packages/airflow/example_dags/example_trigger_controller_dag.py took 0.035 seconds
[2023-09-24T20:32:56.513+0000] {processor.py:157} INFO - Started process (PID=16170) to work on /home/airflow/.local/lib/python3.8/site-packages/airflow/example_dags/example_trigger_controller_dag.py
[2023-09-24T20:32:56.514+0000] {processor.py:829} INFO - Processing file /home/airflow/.local/lib/python3.8/site-packages/airflow/example_dags/example_trigger_controller_dag.py for tasks to queue
[2023-09-24T20:32:56.516+0000] {logging_mixin.py:151} INFO - [2023-09-24T20:32:56.516+0000] {dagbag.py:539} INFO - Filling up the DagBag from /home/airflow/.local/lib/python3.8/site-packages/airflow/example_dags/example_trigger_controller_dag.py
[2023-09-24T20:32:56.519+0000] {processor.py:839} INFO - DAG(s) dict_keys(['example_trigger_controller_dag']) retrieved from /home/airflow/.local/lib/python3.8/site-packages/airflow/example_dags/example_trigger_controller_dag.py
[2023-09-24T20:32:56.537+0000] {logging_mixin.py:151} INFO - [2023-09-24T20:32:56.537+0000] {dag.py:2907} INFO - Sync 1 DAGs
[2023-09-24T20:32:56.546+0000] {logging_mixin.py:151} INFO - [2023-09-24T20:32:56.546+0000] {dag.py:3677} INFO - Setting next_dagrun for example_trigger_controller_dag to 2021-01-01T00:00:00+00:00, run_after=2021-01-01T00:00:00+00:00
[2023-09-24T20:32:56.553+0000] {processor.py:179} INFO - Processing /home/airflow/.local/lib/python3.8/site-packages/airflow/example_dags/example_trigger_controller_dag.py took 0.043 seconds
[2023-09-24T21:55:34.309+0000] {processor.py:157} INFO - Started process (PID=16217) to work on /home/airflow/.local/lib/python3.8/site-packages/airflow/example_dags/example_trigger_controller_dag.py
[2023-09-24T21:55:34.309+0000] {processor.py:829} INFO - Processing file /home/airflow/.local/lib/python3.8/site-packages/airflow/example_dags/example_trigger_controller_dag.py for tasks to queue
[2023-09-24T21:55:34.310+0000] {logging_mixin.py:151} INFO - [2023-09-24T21:55:34.310+0000] {dagbag.py:539} INFO - Filling up the DagBag from /home/airflow/.local/lib/python3.8/site-packages/airflow/example_dags/example_trigger_controller_dag.py
[2023-09-24T21:55:34.313+0000] {processor.py:839} INFO - DAG(s) dict_keys(['example_trigger_controller_dag']) retrieved from /home/airflow/.local/lib/python3.8/site-packages/airflow/example_dags/example_trigger_controller_dag.py
[2023-09-24T21:55:34.323+0000] {logging_mixin.py:151} INFO - [2023-09-24T21:55:34.323+0000] {dag.py:2907} INFO - Sync 1 DAGs
[2023-09-24T21:55:34.332+0000] {logging_mixin.py:151} INFO - [2023-09-24T21:55:34.331+0000] {dag.py:3677} INFO - Setting next_dagrun for example_trigger_controller_dag to 2021-01-01T00:00:00+00:00, run_after=2021-01-01T00:00:00+00:00
[2023-09-24T21:55:34.339+0000] {processor.py:179} INFO - Processing /home/airflow/.local/lib/python3.8/site-packages/airflow/example_dags/example_trigger_controller_dag.py took 0.032 seconds
[2023-09-24T23:35:53.841+0000] {processor.py:157} INFO - Started process (PID=16264) to work on /home/airflow/.local/lib/python3.8/site-packages/airflow/example_dags/example_trigger_controller_dag.py
[2023-09-24T23:35:53.841+0000] {processor.py:829} INFO - Processing file /home/airflow/.local/lib/python3.8/site-packages/airflow/example_dags/example_trigger_controller_dag.py for tasks to queue
[2023-09-24T23:35:53.843+0000] {logging_mixin.py:151} INFO - [2023-09-24T23:35:53.843+0000] {dagbag.py:539} INFO - Filling up the DagBag from /home/airflow/.local/lib/python3.8/site-packages/airflow/example_dags/example_trigger_controller_dag.py
[2023-09-24T23:35:53.846+0000] {processor.py:839} INFO - DAG(s) dict_keys(['example_trigger_controller_dag']) retrieved from /home/airflow/.local/lib/python3.8/site-packages/airflow/example_dags/example_trigger_controller_dag.py
[2023-09-24T23:35:53.856+0000] {logging_mixin.py:151} INFO - [2023-09-24T23:35:53.856+0000] {dag.py:2907} INFO - Sync 1 DAGs
[2023-09-24T23:35:53.866+0000] {logging_mixin.py:151} INFO - [2023-09-24T23:35:53.866+0000] {dag.py:3677} INFO - Setting next_dagrun for example_trigger_controller_dag to 2021-01-01T00:00:00+00:00, run_after=2021-01-01T00:00:00+00:00
[2023-09-24T23:35:53.873+0000] {processor.py:179} INFO - Processing /home/airflow/.local/lib/python3.8/site-packages/airflow/example_dags/example_trigger_controller_dag.py took 0.034 seconds
[2023-09-24T23:57:53.171+0000] {processor.py:157} INFO - Started process (PID=16311) to work on /home/airflow/.local/lib/python3.8/site-packages/airflow/example_dags/example_trigger_controller_dag.py
[2023-09-24T23:57:53.172+0000] {processor.py:829} INFO - Processing file /home/airflow/.local/lib/python3.8/site-packages/airflow/example_dags/example_trigger_controller_dag.py for tasks to queue
[2023-09-24T23:57:53.173+0000] {logging_mixin.py:151} INFO - [2023-09-24T23:57:53.173+0000] {dagbag.py:539} INFO - Filling up the DagBag from /home/airflow/.local/lib/python3.8/site-packages/airflow/example_dags/example_trigger_controller_dag.py
[2023-09-24T23:57:53.175+0000] {processor.py:839} INFO - DAG(s) dict_keys(['example_trigger_controller_dag']) retrieved from /home/airflow/.local/lib/python3.8/site-packages/airflow/example_dags/example_trigger_controller_dag.py
[2023-09-24T23:57:53.185+0000] {logging_mixin.py:151} INFO - [2023-09-24T23:57:53.185+0000] {dag.py:2907} INFO - Sync 1 DAGs
[2023-09-24T23:57:53.194+0000] {logging_mixin.py:151} INFO - [2023-09-24T23:57:53.194+0000] {dag.py:3677} INFO - Setting next_dagrun for example_trigger_controller_dag to 2021-01-01T00:00:00+00:00, run_after=2021-01-01T00:00:00+00:00
[2023-09-24T23:57:53.202+0000] {processor.py:179} INFO - Processing /home/airflow/.local/lib/python3.8/site-packages/airflow/example_dags/example_trigger_controller_dag.py took 0.033 seconds
