[2023-09-24T00:14:07.053+0000] {processor.py:157} INFO - Started process (PID=15564) to work on /home/airflow/.local/lib/python3.8/site-packages/airflow/example_dags/example_sensors.py
[2023-09-24T00:14:07.054+0000] {processor.py:829} INFO - Processing file /home/airflow/.local/lib/python3.8/site-packages/airflow/example_dags/example_sensors.py for tasks to queue
[2023-09-24T00:14:07.055+0000] {logging_mixin.py:151} INFO - [2023-09-24T00:14:07.055+0000] {dagbag.py:539} INFO - Filling up the DagBag from /home/airflow/.local/lib/python3.8/site-packages/airflow/example_dags/example_sensors.py
[2023-09-24T00:14:07.060+0000] {processor.py:839} INFO - DAG(s) dict_keys(['example_sensors']) retrieved from /home/airflow/.local/lib/python3.8/site-packages/airflow/example_dags/example_sensors.py
[2023-09-24T00:14:07.073+0000] {logging_mixin.py:151} INFO - [2023-09-24T00:14:07.073+0000] {dag.py:2907} INFO - Sync 1 DAGs
[2023-09-24T00:14:07.079+0000] {logging_mixin.py:151} INFO - [2023-09-24T00:14:07.079+0000] {dag.py:3677} INFO - Setting next_dagrun for example_sensors to None, run_after=None
[2023-09-24T00:14:07.085+0000] {processor.py:179} INFO - Processing /home/airflow/.local/lib/python3.8/site-packages/airflow/example_dags/example_sensors.py took 0.034 seconds
[2023-09-24T01:53:09.854+0000] {processor.py:157} INFO - Started process (PID=15611) to work on /home/airflow/.local/lib/python3.8/site-packages/airflow/example_dags/example_sensors.py
[2023-09-24T01:53:09.855+0000] {processor.py:829} INFO - Processing file /home/airflow/.local/lib/python3.8/site-packages/airflow/example_dags/example_sensors.py for tasks to queue
[2023-09-24T01:53:09.856+0000] {logging_mixin.py:151} INFO - [2023-09-24T01:53:09.856+0000] {dagbag.py:539} INFO - Filling up the DagBag from /home/airflow/.local/lib/python3.8/site-packages/airflow/example_dags/example_sensors.py
[2023-09-24T01:53:09.861+0000] {processor.py:839} INFO - DAG(s) dict_keys(['example_sensors']) retrieved from /home/airflow/.local/lib/python3.8/site-packages/airflow/example_dags/example_sensors.py
[2023-09-24T01:53:09.874+0000] {logging_mixin.py:151} INFO - [2023-09-24T01:53:09.874+0000] {dag.py:2907} INFO - Sync 1 DAGs
[2023-09-24T01:53:09.880+0000] {logging_mixin.py:151} INFO - [2023-09-24T01:53:09.880+0000] {dag.py:3677} INFO - Setting next_dagrun for example_sensors to None, run_after=None
[2023-09-24T01:53:09.887+0000] {processor.py:179} INFO - Processing /home/airflow/.local/lib/python3.8/site-packages/airflow/example_dags/example_sensors.py took 0.035 seconds
[2023-09-24T03:30:33.362+0000] {processor.py:157} INFO - Started process (PID=15658) to work on /home/airflow/.local/lib/python3.8/site-packages/airflow/example_dags/example_sensors.py
[2023-09-24T03:30:33.363+0000] {processor.py:829} INFO - Processing file /home/airflow/.local/lib/python3.8/site-packages/airflow/example_dags/example_sensors.py for tasks to queue
[2023-09-24T03:30:33.364+0000] {logging_mixin.py:151} INFO - [2023-09-24T03:30:33.364+0000] {dagbag.py:539} INFO - Filling up the DagBag from /home/airflow/.local/lib/python3.8/site-packages/airflow/example_dags/example_sensors.py
[2023-09-24T03:30:33.374+0000] {processor.py:839} INFO - DAG(s) dict_keys(['example_sensors']) retrieved from /home/airflow/.local/lib/python3.8/site-packages/airflow/example_dags/example_sensors.py
[2023-09-24T03:30:33.386+0000] {logging_mixin.py:151} INFO - [2023-09-24T03:30:33.386+0000] {dag.py:2907} INFO - Sync 1 DAGs
[2023-09-24T03:30:33.392+0000] {logging_mixin.py:151} INFO - [2023-09-24T03:30:33.392+0000] {dag.py:3677} INFO - Setting next_dagrun for example_sensors to None, run_after=None
[2023-09-24T03:30:33.400+0000] {processor.py:179} INFO - Processing /home/airflow/.local/lib/python3.8/site-packages/airflow/example_dags/example_sensors.py took 0.039 seconds
[2023-09-24T04:49:47.772+0000] {processor.py:157} INFO - Started process (PID=15705) to work on /home/airflow/.local/lib/python3.8/site-packages/airflow/example_dags/example_sensors.py
[2023-09-24T04:49:47.773+0000] {processor.py:829} INFO - Processing file /home/airflow/.local/lib/python3.8/site-packages/airflow/example_dags/example_sensors.py for tasks to queue
[2023-09-24T04:49:47.774+0000] {logging_mixin.py:151} INFO - [2023-09-24T04:49:47.774+0000] {dagbag.py:539} INFO - Filling up the DagBag from /home/airflow/.local/lib/python3.8/site-packages/airflow/example_dags/example_sensors.py
[2023-09-24T04:49:47.779+0000] {processor.py:839} INFO - DAG(s) dict_keys(['example_sensors']) retrieved from /home/airflow/.local/lib/python3.8/site-packages/airflow/example_dags/example_sensors.py
[2023-09-24T04:49:47.791+0000] {logging_mixin.py:151} INFO - [2023-09-24T04:49:47.791+0000] {dag.py:2907} INFO - Sync 1 DAGs
[2023-09-24T04:49:47.797+0000] {logging_mixin.py:151} INFO - [2023-09-24T04:49:47.797+0000] {dag.py:3677} INFO - Setting next_dagrun for example_sensors to None, run_after=None
[2023-09-24T04:49:47.804+0000] {processor.py:179} INFO - Processing /home/airflow/.local/lib/python3.8/site-packages/airflow/example_dags/example_sensors.py took 0.034 seconds
[2023-09-24T06:28:51.345+0000] {processor.py:157} INFO - Started process (PID=15752) to work on /home/airflow/.local/lib/python3.8/site-packages/airflow/example_dags/example_sensors.py
[2023-09-24T06:28:51.346+0000] {processor.py:829} INFO - Processing file /home/airflow/.local/lib/python3.8/site-packages/airflow/example_dags/example_sensors.py for tasks to queue
[2023-09-24T06:28:51.348+0000] {logging_mixin.py:151} INFO - [2023-09-24T06:28:51.347+0000] {dagbag.py:539} INFO - Filling up the DagBag from /home/airflow/.local/lib/python3.8/site-packages/airflow/example_dags/example_sensors.py
[2023-09-24T06:28:51.352+0000] {processor.py:839} INFO - DAG(s) dict_keys(['example_sensors']) retrieved from /home/airflow/.local/lib/python3.8/site-packages/airflow/example_dags/example_sensors.py
[2023-09-24T06:28:51.365+0000] {logging_mixin.py:151} INFO - [2023-09-24T06:28:51.365+0000] {dag.py:2907} INFO - Sync 1 DAGs
[2023-09-24T06:28:51.371+0000] {logging_mixin.py:151} INFO - [2023-09-24T06:28:51.371+0000] {dag.py:3677} INFO - Setting next_dagrun for example_sensors to None, run_after=None
[2023-09-24T06:28:51.379+0000] {processor.py:179} INFO - Processing /home/airflow/.local/lib/python3.8/site-packages/airflow/example_dags/example_sensors.py took 0.035 seconds
[2023-09-24T07:52:31.343+0000] {processor.py:157} INFO - Started process (PID=15799) to work on /home/airflow/.local/lib/python3.8/site-packages/airflow/example_dags/example_sensors.py
[2023-09-24T07:52:31.343+0000] {processor.py:829} INFO - Processing file /home/airflow/.local/lib/python3.8/site-packages/airflow/example_dags/example_sensors.py for tasks to queue
[2023-09-24T07:52:31.344+0000] {logging_mixin.py:151} INFO - [2023-09-24T07:52:31.344+0000] {dagbag.py:539} INFO - Filling up the DagBag from /home/airflow/.local/lib/python3.8/site-packages/airflow/example_dags/example_sensors.py
[2023-09-24T07:52:31.349+0000] {processor.py:839} INFO - DAG(s) dict_keys(['example_sensors']) retrieved from /home/airflow/.local/lib/python3.8/site-packages/airflow/example_dags/example_sensors.py
[2023-09-24T07:52:31.362+0000] {logging_mixin.py:151} INFO - [2023-09-24T07:52:31.362+0000] {dag.py:2907} INFO - Sync 1 DAGs
[2023-09-24T07:52:31.367+0000] {logging_mixin.py:151} INFO - [2023-09-24T07:52:31.367+0000] {dag.py:3677} INFO - Setting next_dagrun for example_sensors to None, run_after=None
[2023-09-24T07:52:31.375+0000] {processor.py:179} INFO - Processing /home/airflow/.local/lib/python3.8/site-packages/airflow/example_dags/example_sensors.py took 0.035 seconds
[2023-09-24T09:31:21.940+0000] {processor.py:157} INFO - Started process (PID=15846) to work on /home/airflow/.local/lib/python3.8/site-packages/airflow/example_dags/example_sensors.py
[2023-09-24T09:31:21.940+0000] {processor.py:829} INFO - Processing file /home/airflow/.local/lib/python3.8/site-packages/airflow/example_dags/example_sensors.py for tasks to queue
[2023-09-24T09:31:21.941+0000] {logging_mixin.py:151} INFO - [2023-09-24T09:31:21.941+0000] {dagbag.py:539} INFO - Filling up the DagBag from /home/airflow/.local/lib/python3.8/site-packages/airflow/example_dags/example_sensors.py
[2023-09-24T09:31:21.946+0000] {processor.py:839} INFO - DAG(s) dict_keys(['example_sensors']) retrieved from /home/airflow/.local/lib/python3.8/site-packages/airflow/example_dags/example_sensors.py
[2023-09-24T09:31:21.958+0000] {logging_mixin.py:151} INFO - [2023-09-24T09:31:21.958+0000] {dag.py:2907} INFO - Sync 1 DAGs
[2023-09-24T09:31:21.964+0000] {logging_mixin.py:151} INFO - [2023-09-24T09:31:21.964+0000] {dag.py:3677} INFO - Setting next_dagrun for example_sensors to None, run_after=None
[2023-09-24T09:31:21.970+0000] {processor.py:179} INFO - Processing /home/airflow/.local/lib/python3.8/site-packages/airflow/example_dags/example_sensors.py took 0.033 seconds
[2023-09-24T11:06:20.362+0000] {processor.py:157} INFO - Started process (PID=15893) to work on /home/airflow/.local/lib/python3.8/site-packages/airflow/example_dags/example_sensors.py
[2023-09-24T11:06:20.363+0000] {processor.py:829} INFO - Processing file /home/airflow/.local/lib/python3.8/site-packages/airflow/example_dags/example_sensors.py for tasks to queue
[2023-09-24T11:06:20.364+0000] {logging_mixin.py:151} INFO - [2023-09-24T11:06:20.364+0000] {dagbag.py:539} INFO - Filling up the DagBag from /home/airflow/.local/lib/python3.8/site-packages/airflow/example_dags/example_sensors.py
[2023-09-24T11:06:20.369+0000] {processor.py:839} INFO - DAG(s) dict_keys(['example_sensors']) retrieved from /home/airflow/.local/lib/python3.8/site-packages/airflow/example_dags/example_sensors.py
[2023-09-24T11:06:20.380+0000] {logging_mixin.py:151} INFO - [2023-09-24T11:06:20.380+0000] {dag.py:2907} INFO - Sync 1 DAGs
[2023-09-24T11:06:20.386+0000] {logging_mixin.py:151} INFO - [2023-09-24T11:06:20.386+0000] {dag.py:3677} INFO - Setting next_dagrun for example_sensors to None, run_after=None
[2023-09-24T11:06:20.393+0000] {processor.py:179} INFO - Processing /home/airflow/.local/lib/python3.8/site-packages/airflow/example_dags/example_sensors.py took 0.033 seconds
[2023-09-24T12:31:55.389+0000] {processor.py:157} INFO - Started process (PID=15940) to work on /home/airflow/.local/lib/python3.8/site-packages/airflow/example_dags/example_sensors.py
[2023-09-24T12:31:55.390+0000] {processor.py:829} INFO - Processing file /home/airflow/.local/lib/python3.8/site-packages/airflow/example_dags/example_sensors.py for tasks to queue
[2023-09-24T12:31:55.394+0000] {logging_mixin.py:151} INFO - [2023-09-24T12:31:55.394+0000] {dagbag.py:539} INFO - Filling up the DagBag from /home/airflow/.local/lib/python3.8/site-packages/airflow/example_dags/example_sensors.py
[2023-09-24T12:31:55.402+0000] {processor.py:839} INFO - DAG(s) dict_keys(['example_sensors']) retrieved from /home/airflow/.local/lib/python3.8/site-packages/airflow/example_dags/example_sensors.py
[2023-09-24T12:31:55.431+0000] {logging_mixin.py:151} INFO - [2023-09-24T12:31:55.431+0000] {dag.py:2907} INFO - Sync 1 DAGs
[2023-09-24T12:31:55.443+0000] {logging_mixin.py:151} INFO - [2023-09-24T12:31:55.443+0000] {dag.py:3677} INFO - Setting next_dagrun for example_sensors to None, run_after=None
[2023-09-24T12:31:55.460+0000] {processor.py:179} INFO - Processing /home/airflow/.local/lib/python3.8/site-packages/airflow/example_dags/example_sensors.py took 0.074 seconds
[2023-09-24T14:13:10.263+0000] {processor.py:157} INFO - Started process (PID=15987) to work on /home/airflow/.local/lib/python3.8/site-packages/airflow/example_dags/example_sensors.py
[2023-09-24T14:13:10.266+0000] {processor.py:829} INFO - Processing file /home/airflow/.local/lib/python3.8/site-packages/airflow/example_dags/example_sensors.py for tasks to queue
[2023-09-24T14:13:10.270+0000] {logging_mixin.py:151} INFO - [2023-09-24T14:13:10.270+0000] {dagbag.py:539} INFO - Filling up the DagBag from /home/airflow/.local/lib/python3.8/site-packages/airflow/example_dags/example_sensors.py
[2023-09-24T14:13:10.279+0000] {processor.py:839} INFO - DAG(s) dict_keys(['example_sensors']) retrieved from /home/airflow/.local/lib/python3.8/site-packages/airflow/example_dags/example_sensors.py
[2023-09-24T14:13:10.305+0000] {logging_mixin.py:151} INFO - [2023-09-24T14:13:10.305+0000] {dag.py:2907} INFO - Sync 1 DAGs
[2023-09-24T14:13:10.318+0000] {logging_mixin.py:151} INFO - [2023-09-24T14:13:10.318+0000] {dag.py:3677} INFO - Setting next_dagrun for example_sensors to None, run_after=None
[2023-09-24T14:13:10.340+0000] {processor.py:179} INFO - Processing /home/airflow/.local/lib/python3.8/site-packages/airflow/example_dags/example_sensors.py took 0.079 seconds
[2023-09-24T15:55:33.694+0000] {processor.py:157} INFO - Started process (PID=16034) to work on /home/airflow/.local/lib/python3.8/site-packages/airflow/example_dags/example_sensors.py
[2023-09-24T15:55:33.695+0000] {processor.py:829} INFO - Processing file /home/airflow/.local/lib/python3.8/site-packages/airflow/example_dags/example_sensors.py for tasks to queue
[2023-09-24T15:55:33.696+0000] {logging_mixin.py:151} INFO - [2023-09-24T15:55:33.696+0000] {dagbag.py:539} INFO - Filling up the DagBag from /home/airflow/.local/lib/python3.8/site-packages/airflow/example_dags/example_sensors.py
[2023-09-24T15:55:33.701+0000] {processor.py:839} INFO - DAG(s) dict_keys(['example_sensors']) retrieved from /home/airflow/.local/lib/python3.8/site-packages/airflow/example_dags/example_sensors.py
[2023-09-24T15:55:33.713+0000] {logging_mixin.py:151} INFO - [2023-09-24T15:55:33.713+0000] {dag.py:2907} INFO - Sync 1 DAGs
[2023-09-24T15:55:33.719+0000] {logging_mixin.py:151} INFO - [2023-09-24T15:55:33.719+0000] {dag.py:3677} INFO - Setting next_dagrun for example_sensors to None, run_after=None
[2023-09-24T15:55:33.726+0000] {processor.py:179} INFO - Processing /home/airflow/.local/lib/python3.8/site-packages/airflow/example_dags/example_sensors.py took 0.034 seconds
[2023-09-24T17:17:13.073+0000] {processor.py:157} INFO - Started process (PID=16081) to work on /home/airflow/.local/lib/python3.8/site-packages/airflow/example_dags/example_sensors.py
[2023-09-24T17:17:13.074+0000] {processor.py:829} INFO - Processing file /home/airflow/.local/lib/python3.8/site-packages/airflow/example_dags/example_sensors.py for tasks to queue
[2023-09-24T17:17:13.075+0000] {logging_mixin.py:151} INFO - [2023-09-24T17:17:13.075+0000] {dagbag.py:539} INFO - Filling up the DagBag from /home/airflow/.local/lib/python3.8/site-packages/airflow/example_dags/example_sensors.py
[2023-09-24T17:17:13.082+0000] {processor.py:839} INFO - DAG(s) dict_keys(['example_sensors']) retrieved from /home/airflow/.local/lib/python3.8/site-packages/airflow/example_dags/example_sensors.py
[2023-09-24T17:17:13.097+0000] {logging_mixin.py:151} INFO - [2023-09-24T17:17:13.097+0000] {dag.py:2907} INFO - Sync 1 DAGs
[2023-09-24T17:17:13.104+0000] {logging_mixin.py:151} INFO - [2023-09-24T17:17:13.104+0000] {dag.py:3677} INFO - Setting next_dagrun for example_sensors to None, run_after=None
[2023-09-24T17:17:13.111+0000] {processor.py:179} INFO - Processing /home/airflow/.local/lib/python3.8/site-packages/airflow/example_dags/example_sensors.py took 0.041 seconds
[2023-09-24T18:53:09.949+0000] {processor.py:157} INFO - Started process (PID=16128) to work on /home/airflow/.local/lib/python3.8/site-packages/airflow/example_dags/example_sensors.py
[2023-09-24T18:53:09.949+0000] {processor.py:829} INFO - Processing file /home/airflow/.local/lib/python3.8/site-packages/airflow/example_dags/example_sensors.py for tasks to queue
[2023-09-24T18:53:09.950+0000] {logging_mixin.py:151} INFO - [2023-09-24T18:53:09.950+0000] {dagbag.py:539} INFO - Filling up the DagBag from /home/airflow/.local/lib/python3.8/site-packages/airflow/example_dags/example_sensors.py
[2023-09-24T18:53:09.955+0000] {processor.py:839} INFO - DAG(s) dict_keys(['example_sensors']) retrieved from /home/airflow/.local/lib/python3.8/site-packages/airflow/example_dags/example_sensors.py
[2023-09-24T18:53:09.967+0000] {logging_mixin.py:151} INFO - [2023-09-24T18:53:09.967+0000] {dag.py:2907} INFO - Sync 1 DAGs
[2023-09-24T18:53:09.972+0000] {logging_mixin.py:151} INFO - [2023-09-24T18:53:09.972+0000] {dag.py:3677} INFO - Setting next_dagrun for example_sensors to None, run_after=None
[2023-09-24T18:53:09.979+0000] {processor.py:179} INFO - Processing /home/airflow/.local/lib/python3.8/site-packages/airflow/example_dags/example_sensors.py took 0.033 seconds
[2023-09-24T20:32:56.657+0000] {processor.py:157} INFO - Started process (PID=16175) to work on /home/airflow/.local/lib/python3.8/site-packages/airflow/example_dags/example_sensors.py
[2023-09-24T20:32:56.657+0000] {processor.py:829} INFO - Processing file /home/airflow/.local/lib/python3.8/site-packages/airflow/example_dags/example_sensors.py for tasks to queue
[2023-09-24T20:32:56.659+0000] {logging_mixin.py:151} INFO - [2023-09-24T20:32:56.658+0000] {dagbag.py:539} INFO - Filling up the DagBag from /home/airflow/.local/lib/python3.8/site-packages/airflow/example_dags/example_sensors.py
[2023-09-24T20:32:56.663+0000] {processor.py:839} INFO - DAG(s) dict_keys(['example_sensors']) retrieved from /home/airflow/.local/lib/python3.8/site-packages/airflow/example_dags/example_sensors.py
[2023-09-24T20:32:56.674+0000] {logging_mixin.py:151} INFO - [2023-09-24T20:32:56.674+0000] {dag.py:2907} INFO - Sync 1 DAGs
[2023-09-24T20:32:56.680+0000] {logging_mixin.py:151} INFO - [2023-09-24T20:32:56.680+0000] {dag.py:3677} INFO - Setting next_dagrun for example_sensors to None, run_after=None
[2023-09-24T20:32:56.687+0000] {processor.py:179} INFO - Processing /home/airflow/.local/lib/python3.8/site-packages/airflow/example_dags/example_sensors.py took 0.032 seconds
[2023-09-24T21:55:34.493+0000] {processor.py:157} INFO - Started process (PID=16222) to work on /home/airflow/.local/lib/python3.8/site-packages/airflow/example_dags/example_sensors.py
[2023-09-24T21:55:34.493+0000] {processor.py:829} INFO - Processing file /home/airflow/.local/lib/python3.8/site-packages/airflow/example_dags/example_sensors.py for tasks to queue
[2023-09-24T21:55:34.495+0000] {logging_mixin.py:151} INFO - [2023-09-24T21:55:34.495+0000] {dagbag.py:539} INFO - Filling up the DagBag from /home/airflow/.local/lib/python3.8/site-packages/airflow/example_dags/example_sensors.py
[2023-09-24T21:55:34.500+0000] {processor.py:839} INFO - DAG(s) dict_keys(['example_sensors']) retrieved from /home/airflow/.local/lib/python3.8/site-packages/airflow/example_dags/example_sensors.py
[2023-09-24T21:55:34.512+0000] {logging_mixin.py:151} INFO - [2023-09-24T21:55:34.511+0000] {dag.py:2907} INFO - Sync 1 DAGs
[2023-09-24T21:55:34.517+0000] {logging_mixin.py:151} INFO - [2023-09-24T21:55:34.517+0000] {dag.py:3677} INFO - Setting next_dagrun for example_sensors to None, run_after=None
[2023-09-24T21:55:34.524+0000] {processor.py:179} INFO - Processing /home/airflow/.local/lib/python3.8/site-packages/airflow/example_dags/example_sensors.py took 0.033 seconds
[2023-09-24T23:35:54.178+0000] {processor.py:157} INFO - Started process (PID=16269) to work on /home/airflow/.local/lib/python3.8/site-packages/airflow/example_dags/example_sensors.py
[2023-09-24T23:35:54.183+0000] {processor.py:829} INFO - Processing file /home/airflow/.local/lib/python3.8/site-packages/airflow/example_dags/example_sensors.py for tasks to queue
[2023-09-24T23:35:54.190+0000] {logging_mixin.py:151} INFO - [2023-09-24T23:35:54.190+0000] {dagbag.py:539} INFO - Filling up the DagBag from /home/airflow/.local/lib/python3.8/site-packages/airflow/example_dags/example_sensors.py
[2023-09-24T23:35:54.205+0000] {processor.py:839} INFO - DAG(s) dict_keys(['example_sensors']) retrieved from /home/airflow/.local/lib/python3.8/site-packages/airflow/example_dags/example_sensors.py
[2023-09-24T23:35:54.244+0000] {logging_mixin.py:151} INFO - [2023-09-24T23:35:54.244+0000] {dag.py:2907} INFO - Sync 1 DAGs
[2023-09-24T23:35:54.271+0000] {logging_mixin.py:151} INFO - [2023-09-24T23:35:54.271+0000] {dag.py:3677} INFO - Setting next_dagrun for example_sensors to None, run_after=None
[2023-09-24T23:35:54.285+0000] {processor.py:179} INFO - Processing /home/airflow/.local/lib/python3.8/site-packages/airflow/example_dags/example_sensors.py took 0.110 seconds
[2023-09-24T23:57:53.321+0000] {processor.py:157} INFO - Started process (PID=16316) to work on /home/airflow/.local/lib/python3.8/site-packages/airflow/example_dags/example_sensors.py
[2023-09-24T23:57:53.322+0000] {processor.py:829} INFO - Processing file /home/airflow/.local/lib/python3.8/site-packages/airflow/example_dags/example_sensors.py for tasks to queue
[2023-09-24T23:57:53.323+0000] {logging_mixin.py:151} INFO - [2023-09-24T23:57:53.323+0000] {dagbag.py:539} INFO - Filling up the DagBag from /home/airflow/.local/lib/python3.8/site-packages/airflow/example_dags/example_sensors.py
[2023-09-24T23:57:53.327+0000] {processor.py:839} INFO - DAG(s) dict_keys(['example_sensors']) retrieved from /home/airflow/.local/lib/python3.8/site-packages/airflow/example_dags/example_sensors.py
[2023-09-24T23:57:53.339+0000] {logging_mixin.py:151} INFO - [2023-09-24T23:57:53.339+0000] {dag.py:2907} INFO - Sync 1 DAGs
[2023-09-24T23:57:53.345+0000] {logging_mixin.py:151} INFO - [2023-09-24T23:57:53.345+0000] {dag.py:3677} INFO - Setting next_dagrun for example_sensors to None, run_after=None
[2023-09-24T23:57:53.351+0000] {processor.py:179} INFO - Processing /home/airflow/.local/lib/python3.8/site-packages/airflow/example_dags/example_sensors.py took 0.032 seconds
