[2023-09-24T00:14:06.133+0000] {processor.py:157} INFO - Started process (PID=15555) to work on /home/airflow/.local/lib/python3.8/site-packages/airflow/example_dags/example_dynamic_task_mapping_with_no_taskflow_operators.py
[2023-09-24T00:14:06.136+0000] {processor.py:829} INFO - Processing file /home/airflow/.local/lib/python3.8/site-packages/airflow/example_dags/example_dynamic_task_mapping_with_no_taskflow_operators.py for tasks to queue
[2023-09-24T00:14:06.137+0000] {logging_mixin.py:151} INFO - [2023-09-24T00:14:06.137+0000] {dagbag.py:539} INFO - Filling up the DagBag from /home/airflow/.local/lib/python3.8/site-packages/airflow/example_dags/example_dynamic_task_mapping_with_no_taskflow_operators.py
[2023-09-24T00:14:06.142+0000] {processor.py:839} INFO - DAG(s) dict_keys(['example_dynamic_task_mapping_with_no_taskflow_operators']) retrieved from /home/airflow/.local/lib/python3.8/site-packages/airflow/example_dags/example_dynamic_task_mapping_with_no_taskflow_operators.py
[2023-09-24T00:14:06.162+0000] {logging_mixin.py:151} INFO - [2023-09-24T00:14:06.162+0000] {dag.py:2907} INFO - Sync 1 DAGs
[2023-09-24T00:14:06.179+0000] {logging_mixin.py:151} INFO - [2023-09-24T00:14:06.179+0000] {dag.py:3677} INFO - Setting next_dagrun for example_dynamic_task_mapping_with_no_taskflow_operators to 2023-09-23T00:14:06.178899+00:00, run_after=2023-09-24T00:14:06.178899+00:00
[2023-09-24T00:14:06.193+0000] {processor.py:179} INFO - Processing /home/airflow/.local/lib/python3.8/site-packages/airflow/example_dags/example_dynamic_task_mapping_with_no_taskflow_operators.py took 0.062 seconds
[2023-09-24T01:53:09.551+0000] {processor.py:157} INFO - Started process (PID=15602) to work on /home/airflow/.local/lib/python3.8/site-packages/airflow/example_dags/example_dynamic_task_mapping_with_no_taskflow_operators.py
[2023-09-24T01:53:09.554+0000] {processor.py:829} INFO - Processing file /home/airflow/.local/lib/python3.8/site-packages/airflow/example_dags/example_dynamic_task_mapping_with_no_taskflow_operators.py for tasks to queue
[2023-09-24T01:53:09.560+0000] {logging_mixin.py:151} INFO - [2023-09-24T01:53:09.559+0000] {dagbag.py:539} INFO - Filling up the DagBag from /home/airflow/.local/lib/python3.8/site-packages/airflow/example_dags/example_dynamic_task_mapping_with_no_taskflow_operators.py
[2023-09-24T01:53:09.570+0000] {processor.py:839} INFO - DAG(s) dict_keys(['example_dynamic_task_mapping_with_no_taskflow_operators']) retrieved from /home/airflow/.local/lib/python3.8/site-packages/airflow/example_dags/example_dynamic_task_mapping_with_no_taskflow_operators.py
[2023-09-24T01:53:09.598+0000] {logging_mixin.py:151} INFO - [2023-09-24T01:53:09.598+0000] {dag.py:2907} INFO - Sync 1 DAGs
[2023-09-24T01:53:09.619+0000] {logging_mixin.py:151} INFO - [2023-09-24T01:53:09.619+0000] {dag.py:3677} INFO - Setting next_dagrun for example_dynamic_task_mapping_with_no_taskflow_operators to 2023-09-23T01:53:09.619185+00:00, run_after=2023-09-24T01:53:09.619185+00:00
[2023-09-24T01:53:09.631+0000] {processor.py:179} INFO - Processing /home/airflow/.local/lib/python3.8/site-packages/airflow/example_dags/example_dynamic_task_mapping_with_no_taskflow_operators.py took 0.085 seconds
[2023-09-24T03:30:33.138+0000] {processor.py:157} INFO - Started process (PID=15649) to work on /home/airflow/.local/lib/python3.8/site-packages/airflow/example_dags/example_dynamic_task_mapping_with_no_taskflow_operators.py
[2023-09-24T03:30:33.138+0000] {processor.py:829} INFO - Processing file /home/airflow/.local/lib/python3.8/site-packages/airflow/example_dags/example_dynamic_task_mapping_with_no_taskflow_operators.py for tasks to queue
[2023-09-24T03:30:33.140+0000] {logging_mixin.py:151} INFO - [2023-09-24T03:30:33.140+0000] {dagbag.py:539} INFO - Filling up the DagBag from /home/airflow/.local/lib/python3.8/site-packages/airflow/example_dags/example_dynamic_task_mapping_with_no_taskflow_operators.py
[2023-09-24T03:30:33.144+0000] {processor.py:839} INFO - DAG(s) dict_keys(['example_dynamic_task_mapping_with_no_taskflow_operators']) retrieved from /home/airflow/.local/lib/python3.8/site-packages/airflow/example_dags/example_dynamic_task_mapping_with_no_taskflow_operators.py
[2023-09-24T03:30:33.154+0000] {logging_mixin.py:151} INFO - [2023-09-24T03:30:33.154+0000] {dag.py:2907} INFO - Sync 1 DAGs
[2023-09-24T03:30:33.164+0000] {logging_mixin.py:151} INFO - [2023-09-24T03:30:33.164+0000] {dag.py:3677} INFO - Setting next_dagrun for example_dynamic_task_mapping_with_no_taskflow_operators to 2023-09-23T03:30:33.164005+00:00, run_after=2023-09-24T03:30:33.164005+00:00
[2023-09-24T03:30:33.171+0000] {processor.py:179} INFO - Processing /home/airflow/.local/lib/python3.8/site-packages/airflow/example_dags/example_dynamic_task_mapping_with_no_taskflow_operators.py took 0.035 seconds
[2023-09-24T04:49:46.964+0000] {processor.py:157} INFO - Started process (PID=15696) to work on /home/airflow/.local/lib/python3.8/site-packages/airflow/example_dags/example_dynamic_task_mapping_with_no_taskflow_operators.py
[2023-09-24T04:49:46.977+0000] {processor.py:829} INFO - Processing file /home/airflow/.local/lib/python3.8/site-packages/airflow/example_dags/example_dynamic_task_mapping_with_no_taskflow_operators.py for tasks to queue
[2023-09-24T04:49:46.980+0000] {logging_mixin.py:151} INFO - [2023-09-24T04:49:46.980+0000] {dagbag.py:539} INFO - Filling up the DagBag from /home/airflow/.local/lib/python3.8/site-packages/airflow/example_dags/example_dynamic_task_mapping_with_no_taskflow_operators.py
[2023-09-24T04:49:46.988+0000] {processor.py:839} INFO - DAG(s) dict_keys(['example_dynamic_task_mapping_with_no_taskflow_operators']) retrieved from /home/airflow/.local/lib/python3.8/site-packages/airflow/example_dags/example_dynamic_task_mapping_with_no_taskflow_operators.py
[2023-09-24T04:49:47.017+0000] {logging_mixin.py:151} INFO - [2023-09-24T04:49:47.017+0000] {dag.py:2907} INFO - Sync 1 DAGs
[2023-09-24T04:49:47.044+0000] {logging_mixin.py:151} INFO - [2023-09-24T04:49:47.043+0000] {dag.py:3677} INFO - Setting next_dagrun for example_dynamic_task_mapping_with_no_taskflow_operators to 2023-09-23T04:49:47.043672+00:00, run_after=2023-09-24T04:49:47.043672+00:00
[2023-09-24T04:49:47.062+0000] {processor.py:179} INFO - Processing /home/airflow/.local/lib/python3.8/site-packages/airflow/example_dags/example_dynamic_task_mapping_with_no_taskflow_operators.py took 0.107 seconds
[2023-09-24T06:28:50.810+0000] {processor.py:157} INFO - Started process (PID=15743) to work on /home/airflow/.local/lib/python3.8/site-packages/airflow/example_dags/example_dynamic_task_mapping_with_no_taskflow_operators.py
[2023-09-24T06:28:50.814+0000] {processor.py:829} INFO - Processing file /home/airflow/.local/lib/python3.8/site-packages/airflow/example_dags/example_dynamic_task_mapping_with_no_taskflow_operators.py for tasks to queue
[2023-09-24T06:28:50.819+0000] {logging_mixin.py:151} INFO - [2023-09-24T06:28:50.819+0000] {dagbag.py:539} INFO - Filling up the DagBag from /home/airflow/.local/lib/python3.8/site-packages/airflow/example_dags/example_dynamic_task_mapping_with_no_taskflow_operators.py
[2023-09-24T06:28:50.825+0000] {processor.py:839} INFO - DAG(s) dict_keys(['example_dynamic_task_mapping_with_no_taskflow_operators']) retrieved from /home/airflow/.local/lib/python3.8/site-packages/airflow/example_dags/example_dynamic_task_mapping_with_no_taskflow_operators.py
[2023-09-24T06:28:50.852+0000] {logging_mixin.py:151} INFO - [2023-09-24T06:28:50.852+0000] {dag.py:2907} INFO - Sync 1 DAGs
[2023-09-24T06:28:50.873+0000] {logging_mixin.py:151} INFO - [2023-09-24T06:28:50.873+0000] {dag.py:3677} INFO - Setting next_dagrun for example_dynamic_task_mapping_with_no_taskflow_operators to 2023-09-23T06:28:50.873276+00:00, run_after=2023-09-24T06:28:50.873276+00:00
[2023-09-24T06:28:50.897+0000] {processor.py:179} INFO - Processing /home/airflow/.local/lib/python3.8/site-packages/airflow/example_dags/example_dynamic_task_mapping_with_no_taskflow_operators.py took 0.091 seconds
[2023-09-24T07:52:31.018+0000] {processor.py:157} INFO - Started process (PID=15790) to work on /home/airflow/.local/lib/python3.8/site-packages/airflow/example_dags/example_dynamic_task_mapping_with_no_taskflow_operators.py
[2023-09-24T07:52:31.023+0000] {processor.py:829} INFO - Processing file /home/airflow/.local/lib/python3.8/site-packages/airflow/example_dags/example_dynamic_task_mapping_with_no_taskflow_operators.py for tasks to queue
[2023-09-24T07:52:31.028+0000] {logging_mixin.py:151} INFO - [2023-09-24T07:52:31.027+0000] {dagbag.py:539} INFO - Filling up the DagBag from /home/airflow/.local/lib/python3.8/site-packages/airflow/example_dags/example_dynamic_task_mapping_with_no_taskflow_operators.py
[2023-09-24T07:52:31.033+0000] {processor.py:839} INFO - DAG(s) dict_keys(['example_dynamic_task_mapping_with_no_taskflow_operators']) retrieved from /home/airflow/.local/lib/python3.8/site-packages/airflow/example_dags/example_dynamic_task_mapping_with_no_taskflow_operators.py
[2023-09-24T07:52:31.059+0000] {logging_mixin.py:151} INFO - [2023-09-24T07:52:31.059+0000] {dag.py:2907} INFO - Sync 1 DAGs
[2023-09-24T07:52:31.072+0000] {logging_mixin.py:151} INFO - [2023-09-24T07:52:31.072+0000] {dag.py:3677} INFO - Setting next_dagrun for example_dynamic_task_mapping_with_no_taskflow_operators to 2023-09-23T07:52:31.071996+00:00, run_after=2023-09-24T07:52:31.071996+00:00
[2023-09-24T07:52:31.080+0000] {processor.py:179} INFO - Processing /home/airflow/.local/lib/python3.8/site-packages/airflow/example_dags/example_dynamic_task_mapping_with_no_taskflow_operators.py took 0.065 seconds
[2023-09-24T09:31:21.714+0000] {processor.py:157} INFO - Started process (PID=15837) to work on /home/airflow/.local/lib/python3.8/site-packages/airflow/example_dags/example_dynamic_task_mapping_with_no_taskflow_operators.py
[2023-09-24T09:31:21.715+0000] {processor.py:829} INFO - Processing file /home/airflow/.local/lib/python3.8/site-packages/airflow/example_dags/example_dynamic_task_mapping_with_no_taskflow_operators.py for tasks to queue
[2023-09-24T09:31:21.716+0000] {logging_mixin.py:151} INFO - [2023-09-24T09:31:21.716+0000] {dagbag.py:539} INFO - Filling up the DagBag from /home/airflow/.local/lib/python3.8/site-packages/airflow/example_dags/example_dynamic_task_mapping_with_no_taskflow_operators.py
[2023-09-24T09:31:21.720+0000] {processor.py:839} INFO - DAG(s) dict_keys(['example_dynamic_task_mapping_with_no_taskflow_operators']) retrieved from /home/airflow/.local/lib/python3.8/site-packages/airflow/example_dags/example_dynamic_task_mapping_with_no_taskflow_operators.py
[2023-09-24T09:31:21.730+0000] {logging_mixin.py:151} INFO - [2023-09-24T09:31:21.730+0000] {dag.py:2907} INFO - Sync 1 DAGs
[2023-09-24T09:31:21.742+0000] {logging_mixin.py:151} INFO - [2023-09-24T09:31:21.742+0000] {dag.py:3677} INFO - Setting next_dagrun for example_dynamic_task_mapping_with_no_taskflow_operators to 2023-09-23T09:31:21.742171+00:00, run_after=2023-09-24T09:31:21.742171+00:00
[2023-09-24T09:31:21.749+0000] {processor.py:179} INFO - Processing /home/airflow/.local/lib/python3.8/site-packages/airflow/example_dags/example_dynamic_task_mapping_with_no_taskflow_operators.py took 0.036 seconds
[2023-09-24T11:06:19.991+0000] {processor.py:157} INFO - Started process (PID=15884) to work on /home/airflow/.local/lib/python3.8/site-packages/airflow/example_dags/example_dynamic_task_mapping_with_no_taskflow_operators.py
[2023-09-24T11:06:19.998+0000] {processor.py:829} INFO - Processing file /home/airflow/.local/lib/python3.8/site-packages/airflow/example_dags/example_dynamic_task_mapping_with_no_taskflow_operators.py for tasks to queue
[2023-09-24T11:06:20.005+0000] {logging_mixin.py:151} INFO - [2023-09-24T11:06:20.005+0000] {dagbag.py:539} INFO - Filling up the DagBag from /home/airflow/.local/lib/python3.8/site-packages/airflow/example_dags/example_dynamic_task_mapping_with_no_taskflow_operators.py
[2023-09-24T11:06:20.017+0000] {processor.py:839} INFO - DAG(s) dict_keys(['example_dynamic_task_mapping_with_no_taskflow_operators']) retrieved from /home/airflow/.local/lib/python3.8/site-packages/airflow/example_dags/example_dynamic_task_mapping_with_no_taskflow_operators.py
[2023-09-24T11:06:20.038+0000] {logging_mixin.py:151} INFO - [2023-09-24T11:06:20.038+0000] {dag.py:2907} INFO - Sync 1 DAGs
[2023-09-24T11:06:20.057+0000] {logging_mixin.py:151} INFO - [2023-09-24T11:06:20.057+0000] {dag.py:3677} INFO - Setting next_dagrun for example_dynamic_task_mapping_with_no_taskflow_operators to 2023-09-23T11:06:20.057258+00:00, run_after=2023-09-24T11:06:20.057258+00:00
[2023-09-24T11:06:20.075+0000] {processor.py:179} INFO - Processing /home/airflow/.local/lib/python3.8/site-packages/airflow/example_dags/example_dynamic_task_mapping_with_no_taskflow_operators.py took 0.086 seconds
[2023-09-24T12:31:54.820+0000] {processor.py:157} INFO - Started process (PID=15931) to work on /home/airflow/.local/lib/python3.8/site-packages/airflow/example_dags/example_dynamic_task_mapping_with_no_taskflow_operators.py
[2023-09-24T12:31:54.821+0000] {processor.py:829} INFO - Processing file /home/airflow/.local/lib/python3.8/site-packages/airflow/example_dags/example_dynamic_task_mapping_with_no_taskflow_operators.py for tasks to queue
[2023-09-24T12:31:54.822+0000] {logging_mixin.py:151} INFO - [2023-09-24T12:31:54.822+0000] {dagbag.py:539} INFO - Filling up the DagBag from /home/airflow/.local/lib/python3.8/site-packages/airflow/example_dags/example_dynamic_task_mapping_with_no_taskflow_operators.py
[2023-09-24T12:31:54.827+0000] {processor.py:839} INFO - DAG(s) dict_keys(['example_dynamic_task_mapping_with_no_taskflow_operators']) retrieved from /home/airflow/.local/lib/python3.8/site-packages/airflow/example_dags/example_dynamic_task_mapping_with_no_taskflow_operators.py
[2023-09-24T12:31:54.842+0000] {logging_mixin.py:151} INFO - [2023-09-24T12:31:54.842+0000] {dag.py:2907} INFO - Sync 1 DAGs
[2023-09-24T12:31:54.856+0000] {logging_mixin.py:151} INFO - [2023-09-24T12:31:54.856+0000] {dag.py:3677} INFO - Setting next_dagrun for example_dynamic_task_mapping_with_no_taskflow_operators to 2023-09-23T12:31:54.856088+00:00, run_after=2023-09-24T12:31:54.856088+00:00
[2023-09-24T12:31:54.868+0000] {processor.py:179} INFO - Processing /home/airflow/.local/lib/python3.8/site-packages/airflow/example_dags/example_dynamic_task_mapping_with_no_taskflow_operators.py took 0.052 seconds
[2023-09-24T14:13:09.796+0000] {processor.py:157} INFO - Started process (PID=15978) to work on /home/airflow/.local/lib/python3.8/site-packages/airflow/example_dags/example_dynamic_task_mapping_with_no_taskflow_operators.py
[2023-09-24T14:13:09.800+0000] {processor.py:829} INFO - Processing file /home/airflow/.local/lib/python3.8/site-packages/airflow/example_dags/example_dynamic_task_mapping_with_no_taskflow_operators.py for tasks to queue
[2023-09-24T14:13:09.802+0000] {logging_mixin.py:151} INFO - [2023-09-24T14:13:09.802+0000] {dagbag.py:539} INFO - Filling up the DagBag from /home/airflow/.local/lib/python3.8/site-packages/airflow/example_dags/example_dynamic_task_mapping_with_no_taskflow_operators.py
[2023-09-24T14:13:09.811+0000] {processor.py:839} INFO - DAG(s) dict_keys(['example_dynamic_task_mapping_with_no_taskflow_operators']) retrieved from /home/airflow/.local/lib/python3.8/site-packages/airflow/example_dags/example_dynamic_task_mapping_with_no_taskflow_operators.py
[2023-09-24T14:13:09.832+0000] {logging_mixin.py:151} INFO - [2023-09-24T14:13:09.832+0000] {dag.py:2907} INFO - Sync 1 DAGs
[2023-09-24T14:13:09.847+0000] {logging_mixin.py:151} INFO - [2023-09-24T14:13:09.846+0000] {dag.py:3677} INFO - Setting next_dagrun for example_dynamic_task_mapping_with_no_taskflow_operators to 2023-09-23T14:13:09.846600+00:00, run_after=2023-09-24T14:13:09.846600+00:00
[2023-09-24T14:13:09.855+0000] {processor.py:179} INFO - Processing /home/airflow/.local/lib/python3.8/site-packages/airflow/example_dags/example_dynamic_task_mapping_with_no_taskflow_operators.py took 0.063 seconds
[2023-09-24T15:55:33.415+0000] {processor.py:157} INFO - Started process (PID=16025) to work on /home/airflow/.local/lib/python3.8/site-packages/airflow/example_dags/example_dynamic_task_mapping_with_no_taskflow_operators.py
[2023-09-24T15:55:33.415+0000] {processor.py:829} INFO - Processing file /home/airflow/.local/lib/python3.8/site-packages/airflow/example_dags/example_dynamic_task_mapping_with_no_taskflow_operators.py for tasks to queue
[2023-09-24T15:55:33.417+0000] {logging_mixin.py:151} INFO - [2023-09-24T15:55:33.416+0000] {dagbag.py:539} INFO - Filling up the DagBag from /home/airflow/.local/lib/python3.8/site-packages/airflow/example_dags/example_dynamic_task_mapping_with_no_taskflow_operators.py
[2023-09-24T15:55:33.420+0000] {processor.py:839} INFO - DAG(s) dict_keys(['example_dynamic_task_mapping_with_no_taskflow_operators']) retrieved from /home/airflow/.local/lib/python3.8/site-packages/airflow/example_dags/example_dynamic_task_mapping_with_no_taskflow_operators.py
[2023-09-24T15:55:33.431+0000] {logging_mixin.py:151} INFO - [2023-09-24T15:55:33.431+0000] {dag.py:2907} INFO - Sync 1 DAGs
[2023-09-24T15:55:33.441+0000] {logging_mixin.py:151} INFO - [2023-09-24T15:55:33.441+0000] {dag.py:3677} INFO - Setting next_dagrun for example_dynamic_task_mapping_with_no_taskflow_operators to 2023-09-23T15:55:33.440982+00:00, run_after=2023-09-24T15:55:33.440982+00:00
[2023-09-24T15:55:33.448+0000] {processor.py:179} INFO - Processing /home/airflow/.local/lib/python3.8/site-packages/airflow/example_dags/example_dynamic_task_mapping_with_no_taskflow_operators.py took 0.035 seconds
[2023-09-24T17:17:12.106+0000] {processor.py:157} INFO - Started process (PID=16072) to work on /home/airflow/.local/lib/python3.8/site-packages/airflow/example_dags/example_dynamic_task_mapping_with_no_taskflow_operators.py
[2023-09-24T17:17:12.108+0000] {processor.py:829} INFO - Processing file /home/airflow/.local/lib/python3.8/site-packages/airflow/example_dags/example_dynamic_task_mapping_with_no_taskflow_operators.py for tasks to queue
[2023-09-24T17:17:12.112+0000] {logging_mixin.py:151} INFO - [2023-09-24T17:17:12.112+0000] {dagbag.py:539} INFO - Filling up the DagBag from /home/airflow/.local/lib/python3.8/site-packages/airflow/example_dags/example_dynamic_task_mapping_with_no_taskflow_operators.py
[2023-09-24T17:17:12.120+0000] {processor.py:839} INFO - DAG(s) dict_keys(['example_dynamic_task_mapping_with_no_taskflow_operators']) retrieved from /home/airflow/.local/lib/python3.8/site-packages/airflow/example_dags/example_dynamic_task_mapping_with_no_taskflow_operators.py
[2023-09-24T17:17:12.139+0000] {logging_mixin.py:151} INFO - [2023-09-24T17:17:12.139+0000] {dag.py:2907} INFO - Sync 1 DAGs
[2023-09-24T17:17:12.158+0000] {logging_mixin.py:151} INFO - [2023-09-24T17:17:12.158+0000] {dag.py:3677} INFO - Setting next_dagrun for example_dynamic_task_mapping_with_no_taskflow_operators to 2023-09-23T17:17:12.158411+00:00, run_after=2023-09-24T17:17:12.158411+00:00
[2023-09-24T17:17:12.172+0000] {processor.py:179} INFO - Processing /home/airflow/.local/lib/python3.8/site-packages/airflow/example_dags/example_dynamic_task_mapping_with_no_taskflow_operators.py took 0.068 seconds
[2023-09-24T18:53:09.700+0000] {processor.py:157} INFO - Started process (PID=16119) to work on /home/airflow/.local/lib/python3.8/site-packages/airflow/example_dags/example_dynamic_task_mapping_with_no_taskflow_operators.py
[2023-09-24T18:53:09.701+0000] {processor.py:829} INFO - Processing file /home/airflow/.local/lib/python3.8/site-packages/airflow/example_dags/example_dynamic_task_mapping_with_no_taskflow_operators.py for tasks to queue
[2023-09-24T18:53:09.702+0000] {logging_mixin.py:151} INFO - [2023-09-24T18:53:09.702+0000] {dagbag.py:539} INFO - Filling up the DagBag from /home/airflow/.local/lib/python3.8/site-packages/airflow/example_dags/example_dynamic_task_mapping_with_no_taskflow_operators.py
[2023-09-24T18:53:09.706+0000] {processor.py:839} INFO - DAG(s) dict_keys(['example_dynamic_task_mapping_with_no_taskflow_operators']) retrieved from /home/airflow/.local/lib/python3.8/site-packages/airflow/example_dags/example_dynamic_task_mapping_with_no_taskflow_operators.py
[2023-09-24T18:53:09.717+0000] {logging_mixin.py:151} INFO - [2023-09-24T18:53:09.717+0000] {dag.py:2907} INFO - Sync 1 DAGs
[2023-09-24T18:53:09.727+0000] {logging_mixin.py:151} INFO - [2023-09-24T18:53:09.727+0000] {dag.py:3677} INFO - Setting next_dagrun for example_dynamic_task_mapping_with_no_taskflow_operators to 2023-09-23T18:53:09.727279+00:00, run_after=2023-09-24T18:53:09.727279+00:00
[2023-09-24T18:53:09.734+0000] {processor.py:179} INFO - Processing /home/airflow/.local/lib/python3.8/site-packages/airflow/example_dags/example_dynamic_task_mapping_with_no_taskflow_operators.py took 0.037 seconds
[2023-09-24T20:32:56.404+0000] {processor.py:157} INFO - Started process (PID=16166) to work on /home/airflow/.local/lib/python3.8/site-packages/airflow/example_dags/example_dynamic_task_mapping_with_no_taskflow_operators.py
[2023-09-24T20:32:56.404+0000] {processor.py:829} INFO - Processing file /home/airflow/.local/lib/python3.8/site-packages/airflow/example_dags/example_dynamic_task_mapping_with_no_taskflow_operators.py for tasks to queue
[2023-09-24T20:32:56.406+0000] {logging_mixin.py:151} INFO - [2023-09-24T20:32:56.406+0000] {dagbag.py:539} INFO - Filling up the DagBag from /home/airflow/.local/lib/python3.8/site-packages/airflow/example_dags/example_dynamic_task_mapping_with_no_taskflow_operators.py
[2023-09-24T20:32:56.411+0000] {processor.py:839} INFO - DAG(s) dict_keys(['example_dynamic_task_mapping_with_no_taskflow_operators']) retrieved from /home/airflow/.local/lib/python3.8/site-packages/airflow/example_dags/example_dynamic_task_mapping_with_no_taskflow_operators.py
[2023-09-24T20:32:56.422+0000] {logging_mixin.py:151} INFO - [2023-09-24T20:32:56.422+0000] {dag.py:2907} INFO - Sync 1 DAGs
[2023-09-24T20:32:56.435+0000] {logging_mixin.py:151} INFO - [2023-09-24T20:32:56.435+0000] {dag.py:3677} INFO - Setting next_dagrun for example_dynamic_task_mapping_with_no_taskflow_operators to 2023-09-23T20:32:56.435453+00:00, run_after=2023-09-24T20:32:56.435453+00:00
[2023-09-24T20:32:56.443+0000] {processor.py:179} INFO - Processing /home/airflow/.local/lib/python3.8/site-packages/airflow/example_dags/example_dynamic_task_mapping_with_no_taskflow_operators.py took 0.042 seconds
[2023-09-24T21:55:34.214+0000] {processor.py:157} INFO - Started process (PID=16213) to work on /home/airflow/.local/lib/python3.8/site-packages/airflow/example_dags/example_dynamic_task_mapping_with_no_taskflow_operators.py
[2023-09-24T21:55:34.215+0000] {processor.py:829} INFO - Processing file /home/airflow/.local/lib/python3.8/site-packages/airflow/example_dags/example_dynamic_task_mapping_with_no_taskflow_operators.py for tasks to queue
[2023-09-24T21:55:34.216+0000] {logging_mixin.py:151} INFO - [2023-09-24T21:55:34.216+0000] {dagbag.py:539} INFO - Filling up the DagBag from /home/airflow/.local/lib/python3.8/site-packages/airflow/example_dags/example_dynamic_task_mapping_with_no_taskflow_operators.py
[2023-09-24T21:55:34.220+0000] {processor.py:839} INFO - DAG(s) dict_keys(['example_dynamic_task_mapping_with_no_taskflow_operators']) retrieved from /home/airflow/.local/lib/python3.8/site-packages/airflow/example_dags/example_dynamic_task_mapping_with_no_taskflow_operators.py
[2023-09-24T21:55:34.229+0000] {logging_mixin.py:151} INFO - [2023-09-24T21:55:34.229+0000] {dag.py:2907} INFO - Sync 1 DAGs
[2023-09-24T21:55:34.241+0000] {logging_mixin.py:151} INFO - [2023-09-24T21:55:34.240+0000] {dag.py:3677} INFO - Setting next_dagrun for example_dynamic_task_mapping_with_no_taskflow_operators to 2023-09-23T21:55:34.240691+00:00, run_after=2023-09-24T21:55:34.240691+00:00
[2023-09-24T21:55:34.248+0000] {processor.py:179} INFO - Processing /home/airflow/.local/lib/python3.8/site-packages/airflow/example_dags/example_dynamic_task_mapping_with_no_taskflow_operators.py took 0.036 seconds
[2023-09-24T23:35:53.743+0000] {processor.py:157} INFO - Started process (PID=16260) to work on /home/airflow/.local/lib/python3.8/site-packages/airflow/example_dags/example_dynamic_task_mapping_with_no_taskflow_operators.py
[2023-09-24T23:35:53.743+0000] {processor.py:829} INFO - Processing file /home/airflow/.local/lib/python3.8/site-packages/airflow/example_dags/example_dynamic_task_mapping_with_no_taskflow_operators.py for tasks to queue
[2023-09-24T23:35:53.745+0000] {logging_mixin.py:151} INFO - [2023-09-24T23:35:53.744+0000] {dagbag.py:539} INFO - Filling up the DagBag from /home/airflow/.local/lib/python3.8/site-packages/airflow/example_dags/example_dynamic_task_mapping_with_no_taskflow_operators.py
[2023-09-24T23:35:53.749+0000] {processor.py:839} INFO - DAG(s) dict_keys(['example_dynamic_task_mapping_with_no_taskflow_operators']) retrieved from /home/airflow/.local/lib/python3.8/site-packages/airflow/example_dags/example_dynamic_task_mapping_with_no_taskflow_operators.py
[2023-09-24T23:35:53.758+0000] {logging_mixin.py:151} INFO - [2023-09-24T23:35:53.758+0000] {dag.py:2907} INFO - Sync 1 DAGs
[2023-09-24T23:35:53.768+0000] {logging_mixin.py:151} INFO - [2023-09-24T23:35:53.768+0000] {dag.py:3677} INFO - Setting next_dagrun for example_dynamic_task_mapping_with_no_taskflow_operators to 2023-09-23T23:35:53.768452+00:00, run_after=2023-09-24T23:35:53.768452+00:00
[2023-09-24T23:35:53.775+0000] {processor.py:179} INFO - Processing /home/airflow/.local/lib/python3.8/site-packages/airflow/example_dags/example_dynamic_task_mapping_with_no_taskflow_operators.py took 0.034 seconds
[2023-09-24T23:57:53.083+0000] {processor.py:157} INFO - Started process (PID=16307) to work on /home/airflow/.local/lib/python3.8/site-packages/airflow/example_dags/example_dynamic_task_mapping_with_no_taskflow_operators.py
[2023-09-24T23:57:53.083+0000] {processor.py:829} INFO - Processing file /home/airflow/.local/lib/python3.8/site-packages/airflow/example_dags/example_dynamic_task_mapping_with_no_taskflow_operators.py for tasks to queue
[2023-09-24T23:57:53.084+0000] {logging_mixin.py:151} INFO - [2023-09-24T23:57:53.084+0000] {dagbag.py:539} INFO - Filling up the DagBag from /home/airflow/.local/lib/python3.8/site-packages/airflow/example_dags/example_dynamic_task_mapping_with_no_taskflow_operators.py
[2023-09-24T23:57:53.088+0000] {processor.py:839} INFO - DAG(s) dict_keys(['example_dynamic_task_mapping_with_no_taskflow_operators']) retrieved from /home/airflow/.local/lib/python3.8/site-packages/airflow/example_dags/example_dynamic_task_mapping_with_no_taskflow_operators.py
[2023-09-24T23:57:53.097+0000] {logging_mixin.py:151} INFO - [2023-09-24T23:57:53.097+0000] {dag.py:2907} INFO - Sync 1 DAGs
[2023-09-24T23:57:53.107+0000] {logging_mixin.py:151} INFO - [2023-09-24T23:57:53.107+0000] {dag.py:3677} INFO - Setting next_dagrun for example_dynamic_task_mapping_with_no_taskflow_operators to 2023-09-23T23:57:53.107284+00:00, run_after=2023-09-24T23:57:53.107284+00:00
[2023-09-24T23:57:53.114+0000] {processor.py:179} INFO - Processing /home/airflow/.local/lib/python3.8/site-packages/airflow/example_dags/example_dynamic_task_mapping_with_no_taskflow_operators.py took 0.033 seconds
