[2023-09-24T00:14:07.616+0000] {processor.py:157} INFO - Started process (PID=15582) to work on /home/airflow/.local/lib/python3.8/site-packages/airflow/example_dags/tutorial_taskflow_api.py
[2023-09-24T00:14:07.617+0000] {processor.py:829} INFO - Processing file /home/airflow/.local/lib/python3.8/site-packages/airflow/example_dags/tutorial_taskflow_api.py for tasks to queue
[2023-09-24T00:14:07.618+0000] {logging_mixin.py:151} INFO - [2023-09-24T00:14:07.618+0000] {dagbag.py:539} INFO - Filling up the DagBag from /home/airflow/.local/lib/python3.8/site-packages/airflow/example_dags/tutorial_taskflow_api.py
[2023-09-24T00:14:07.622+0000] {processor.py:839} INFO - DAG(s) dict_keys(['tutorial_taskflow_api']) retrieved from /home/airflow/.local/lib/python3.8/site-packages/airflow/example_dags/tutorial_taskflow_api.py
[2023-09-24T00:14:07.632+0000] {logging_mixin.py:151} INFO - [2023-09-24T00:14:07.632+0000] {dag.py:2907} INFO - Sync 1 DAGs
[2023-09-24T00:14:07.637+0000] {logging_mixin.py:151} INFO - [2023-09-24T00:14:07.637+0000] {dag.py:3677} INFO - Setting next_dagrun for tutorial_taskflow_api to None, run_after=None
[2023-09-24T00:14:07.644+0000] {processor.py:179} INFO - Processing /home/airflow/.local/lib/python3.8/site-packages/airflow/example_dags/tutorial_taskflow_api.py took 0.030 seconds
[2023-09-24T01:53:10.491+0000] {processor.py:157} INFO - Started process (PID=15629) to work on /home/airflow/.local/lib/python3.8/site-packages/airflow/example_dags/tutorial_taskflow_api.py
[2023-09-24T01:53:10.491+0000] {processor.py:829} INFO - Processing file /home/airflow/.local/lib/python3.8/site-packages/airflow/example_dags/tutorial_taskflow_api.py for tasks to queue
[2023-09-24T01:53:10.493+0000] {logging_mixin.py:151} INFO - [2023-09-24T01:53:10.492+0000] {dagbag.py:539} INFO - Filling up the DagBag from /home/airflow/.local/lib/python3.8/site-packages/airflow/example_dags/tutorial_taskflow_api.py
[2023-09-24T01:53:10.496+0000] {processor.py:839} INFO - DAG(s) dict_keys(['tutorial_taskflow_api']) retrieved from /home/airflow/.local/lib/python3.8/site-packages/airflow/example_dags/tutorial_taskflow_api.py
[2023-09-24T01:53:10.506+0000] {logging_mixin.py:151} INFO - [2023-09-24T01:53:10.506+0000] {dag.py:2907} INFO - Sync 1 DAGs
[2023-09-24T01:53:10.511+0000] {logging_mixin.py:151} INFO - [2023-09-24T01:53:10.511+0000] {dag.py:3677} INFO - Setting next_dagrun for tutorial_taskflow_api to None, run_after=None
[2023-09-24T01:53:10.518+0000] {processor.py:179} INFO - Processing /home/airflow/.local/lib/python3.8/site-packages/airflow/example_dags/tutorial_taskflow_api.py took 0.029 seconds
[2023-09-24T03:30:33.964+0000] {processor.py:157} INFO - Started process (PID=15676) to work on /home/airflow/.local/lib/python3.8/site-packages/airflow/example_dags/tutorial_taskflow_api.py
[2023-09-24T03:30:33.965+0000] {processor.py:829} INFO - Processing file /home/airflow/.local/lib/python3.8/site-packages/airflow/example_dags/tutorial_taskflow_api.py for tasks to queue
[2023-09-24T03:30:33.966+0000] {logging_mixin.py:151} INFO - [2023-09-24T03:30:33.966+0000] {dagbag.py:539} INFO - Filling up the DagBag from /home/airflow/.local/lib/python3.8/site-packages/airflow/example_dags/tutorial_taskflow_api.py
[2023-09-24T03:30:33.969+0000] {processor.py:839} INFO - DAG(s) dict_keys(['tutorial_taskflow_api']) retrieved from /home/airflow/.local/lib/python3.8/site-packages/airflow/example_dags/tutorial_taskflow_api.py
[2023-09-24T03:30:33.979+0000] {logging_mixin.py:151} INFO - [2023-09-24T03:30:33.979+0000] {dag.py:2907} INFO - Sync 1 DAGs
[2023-09-24T03:30:33.984+0000] {logging_mixin.py:151} INFO - [2023-09-24T03:30:33.984+0000] {dag.py:3677} INFO - Setting next_dagrun for tutorial_taskflow_api to None, run_after=None
[2023-09-24T03:30:33.991+0000] {processor.py:179} INFO - Processing /home/airflow/.local/lib/python3.8/site-packages/airflow/example_dags/tutorial_taskflow_api.py took 0.029 seconds
[2023-09-24T04:49:48.325+0000] {processor.py:157} INFO - Started process (PID=15723) to work on /home/airflow/.local/lib/python3.8/site-packages/airflow/example_dags/tutorial_taskflow_api.py
[2023-09-24T04:49:48.326+0000] {processor.py:829} INFO - Processing file /home/airflow/.local/lib/python3.8/site-packages/airflow/example_dags/tutorial_taskflow_api.py for tasks to queue
[2023-09-24T04:49:48.327+0000] {logging_mixin.py:151} INFO - [2023-09-24T04:49:48.327+0000] {dagbag.py:539} INFO - Filling up the DagBag from /home/airflow/.local/lib/python3.8/site-packages/airflow/example_dags/tutorial_taskflow_api.py
[2023-09-24T04:49:48.331+0000] {processor.py:839} INFO - DAG(s) dict_keys(['tutorial_taskflow_api']) retrieved from /home/airflow/.local/lib/python3.8/site-packages/airflow/example_dags/tutorial_taskflow_api.py
[2023-09-24T04:49:48.341+0000] {logging_mixin.py:151} INFO - [2023-09-24T04:49:48.341+0000] {dag.py:2907} INFO - Sync 1 DAGs
[2023-09-24T04:49:48.348+0000] {logging_mixin.py:151} INFO - [2023-09-24T04:49:48.347+0000] {dag.py:3677} INFO - Setting next_dagrun for tutorial_taskflow_api to None, run_after=None
[2023-09-24T04:49:48.355+0000] {processor.py:179} INFO - Processing /home/airflow/.local/lib/python3.8/site-packages/airflow/example_dags/tutorial_taskflow_api.py took 0.032 seconds
[2023-09-24T06:28:51.912+0000] {processor.py:157} INFO - Started process (PID=15770) to work on /home/airflow/.local/lib/python3.8/site-packages/airflow/example_dags/tutorial_taskflow_api.py
[2023-09-24T06:28:51.912+0000] {processor.py:829} INFO - Processing file /home/airflow/.local/lib/python3.8/site-packages/airflow/example_dags/tutorial_taskflow_api.py for tasks to queue
[2023-09-24T06:28:51.915+0000] {logging_mixin.py:151} INFO - [2023-09-24T06:28:51.915+0000] {dagbag.py:539} INFO - Filling up the DagBag from /home/airflow/.local/lib/python3.8/site-packages/airflow/example_dags/tutorial_taskflow_api.py
[2023-09-24T06:28:51.921+0000] {processor.py:839} INFO - DAG(s) dict_keys(['tutorial_taskflow_api']) retrieved from /home/airflow/.local/lib/python3.8/site-packages/airflow/example_dags/tutorial_taskflow_api.py
[2023-09-24T06:28:51.935+0000] {logging_mixin.py:151} INFO - [2023-09-24T06:28:51.935+0000] {dag.py:2907} INFO - Sync 1 DAGs
[2023-09-24T06:28:51.941+0000] {logging_mixin.py:151} INFO - [2023-09-24T06:28:51.941+0000] {dag.py:3677} INFO - Setting next_dagrun for tutorial_taskflow_api to None, run_after=None
[2023-09-24T06:28:51.948+0000] {processor.py:179} INFO - Processing /home/airflow/.local/lib/python3.8/site-packages/airflow/example_dags/tutorial_taskflow_api.py took 0.039 seconds
[2023-09-24T07:52:31.869+0000] {processor.py:157} INFO - Started process (PID=15817) to work on /home/airflow/.local/lib/python3.8/site-packages/airflow/example_dags/tutorial_taskflow_api.py
[2023-09-24T07:52:31.870+0000] {processor.py:829} INFO - Processing file /home/airflow/.local/lib/python3.8/site-packages/airflow/example_dags/tutorial_taskflow_api.py for tasks to queue
[2023-09-24T07:52:31.871+0000] {logging_mixin.py:151} INFO - [2023-09-24T07:52:31.871+0000] {dagbag.py:539} INFO - Filling up the DagBag from /home/airflow/.local/lib/python3.8/site-packages/airflow/example_dags/tutorial_taskflow_api.py
[2023-09-24T07:52:31.874+0000] {processor.py:839} INFO - DAG(s) dict_keys(['tutorial_taskflow_api']) retrieved from /home/airflow/.local/lib/python3.8/site-packages/airflow/example_dags/tutorial_taskflow_api.py
[2023-09-24T07:52:31.885+0000] {logging_mixin.py:151} INFO - [2023-09-24T07:52:31.884+0000] {dag.py:2907} INFO - Sync 1 DAGs
[2023-09-24T07:52:31.890+0000] {logging_mixin.py:151} INFO - [2023-09-24T07:52:31.890+0000] {dag.py:3677} INFO - Setting next_dagrun for tutorial_taskflow_api to None, run_after=None
[2023-09-24T07:52:31.897+0000] {processor.py:179} INFO - Processing /home/airflow/.local/lib/python3.8/site-packages/airflow/example_dags/tutorial_taskflow_api.py took 0.030 seconds
[2023-09-24T09:31:23.047+0000] {processor.py:157} INFO - Started process (PID=15864) to work on /home/airflow/.local/lib/python3.8/site-packages/airflow/example_dags/tutorial_taskflow_api.py
[2023-09-24T09:31:23.048+0000] {processor.py:829} INFO - Processing file /home/airflow/.local/lib/python3.8/site-packages/airflow/example_dags/tutorial_taskflow_api.py for tasks to queue
[2023-09-24T09:31:23.049+0000] {logging_mixin.py:151} INFO - [2023-09-24T09:31:23.049+0000] {dagbag.py:539} INFO - Filling up the DagBag from /home/airflow/.local/lib/python3.8/site-packages/airflow/example_dags/tutorial_taskflow_api.py
[2023-09-24T09:31:23.054+0000] {processor.py:839} INFO - DAG(s) dict_keys(['tutorial_taskflow_api']) retrieved from /home/airflow/.local/lib/python3.8/site-packages/airflow/example_dags/tutorial_taskflow_api.py
[2023-09-24T09:31:23.065+0000] {logging_mixin.py:151} INFO - [2023-09-24T09:31:23.065+0000] {dag.py:2907} INFO - Sync 1 DAGs
[2023-09-24T09:31:23.071+0000] {logging_mixin.py:151} INFO - [2023-09-24T09:31:23.071+0000] {dag.py:3677} INFO - Setting next_dagrun for tutorial_taskflow_api to None, run_after=None
[2023-09-24T09:31:23.079+0000] {processor.py:179} INFO - Processing /home/airflow/.local/lib/python3.8/site-packages/airflow/example_dags/tutorial_taskflow_api.py took 0.034 seconds
[2023-09-24T11:06:20.890+0000] {processor.py:157} INFO - Started process (PID=15911) to work on /home/airflow/.local/lib/python3.8/site-packages/airflow/example_dags/tutorial_taskflow_api.py
[2023-09-24T11:06:20.890+0000] {processor.py:829} INFO - Processing file /home/airflow/.local/lib/python3.8/site-packages/airflow/example_dags/tutorial_taskflow_api.py for tasks to queue
[2023-09-24T11:06:20.891+0000] {logging_mixin.py:151} INFO - [2023-09-24T11:06:20.891+0000] {dagbag.py:539} INFO - Filling up the DagBag from /home/airflow/.local/lib/python3.8/site-packages/airflow/example_dags/tutorial_taskflow_api.py
[2023-09-24T11:06:20.895+0000] {processor.py:839} INFO - DAG(s) dict_keys(['tutorial_taskflow_api']) retrieved from /home/airflow/.local/lib/python3.8/site-packages/airflow/example_dags/tutorial_taskflow_api.py
[2023-09-24T11:06:20.905+0000] {logging_mixin.py:151} INFO - [2023-09-24T11:06:20.905+0000] {dag.py:2907} INFO - Sync 1 DAGs
[2023-09-24T11:06:20.911+0000] {logging_mixin.py:151} INFO - [2023-09-24T11:06:20.911+0000] {dag.py:3677} INFO - Setting next_dagrun for tutorial_taskflow_api to None, run_after=None
[2023-09-24T11:06:20.919+0000] {processor.py:179} INFO - Processing /home/airflow/.local/lib/python3.8/site-packages/airflow/example_dags/tutorial_taskflow_api.py took 0.031 seconds
[2023-09-24T12:31:56.440+0000] {processor.py:157} INFO - Started process (PID=15958) to work on /home/airflow/.local/lib/python3.8/site-packages/airflow/example_dags/tutorial_taskflow_api.py
[2023-09-24T12:31:56.441+0000] {processor.py:829} INFO - Processing file /home/airflow/.local/lib/python3.8/site-packages/airflow/example_dags/tutorial_taskflow_api.py for tasks to queue
[2023-09-24T12:31:56.442+0000] {logging_mixin.py:151} INFO - [2023-09-24T12:31:56.442+0000] {dagbag.py:539} INFO - Filling up the DagBag from /home/airflow/.local/lib/python3.8/site-packages/airflow/example_dags/tutorial_taskflow_api.py
[2023-09-24T12:31:56.446+0000] {processor.py:839} INFO - DAG(s) dict_keys(['tutorial_taskflow_api']) retrieved from /home/airflow/.local/lib/python3.8/site-packages/airflow/example_dags/tutorial_taskflow_api.py
[2023-09-24T12:31:56.459+0000] {logging_mixin.py:151} INFO - [2023-09-24T12:31:56.459+0000] {dag.py:2907} INFO - Sync 1 DAGs
[2023-09-24T12:31:56.465+0000] {logging_mixin.py:151} INFO - [2023-09-24T12:31:56.465+0000] {dag.py:3677} INFO - Setting next_dagrun for tutorial_taskflow_api to None, run_after=None
[2023-09-24T12:31:56.474+0000] {processor.py:179} INFO - Processing /home/airflow/.local/lib/python3.8/site-packages/airflow/example_dags/tutorial_taskflow_api.py took 0.036 seconds
[2023-09-24T14:13:11.001+0000] {processor.py:157} INFO - Started process (PID=16005) to work on /home/airflow/.local/lib/python3.8/site-packages/airflow/example_dags/tutorial_taskflow_api.py
[2023-09-24T14:13:11.002+0000] {processor.py:829} INFO - Processing file /home/airflow/.local/lib/python3.8/site-packages/airflow/example_dags/tutorial_taskflow_api.py for tasks to queue
[2023-09-24T14:13:11.003+0000] {logging_mixin.py:151} INFO - [2023-09-24T14:13:11.003+0000] {dagbag.py:539} INFO - Filling up the DagBag from /home/airflow/.local/lib/python3.8/site-packages/airflow/example_dags/tutorial_taskflow_api.py
[2023-09-24T14:13:11.006+0000] {processor.py:839} INFO - DAG(s) dict_keys(['tutorial_taskflow_api']) retrieved from /home/airflow/.local/lib/python3.8/site-packages/airflow/example_dags/tutorial_taskflow_api.py
[2023-09-24T14:13:11.016+0000] {logging_mixin.py:151} INFO - [2023-09-24T14:13:11.016+0000] {dag.py:2907} INFO - Sync 1 DAGs
[2023-09-24T14:13:11.021+0000] {logging_mixin.py:151} INFO - [2023-09-24T14:13:11.021+0000] {dag.py:3677} INFO - Setting next_dagrun for tutorial_taskflow_api to None, run_after=None
[2023-09-24T14:13:11.028+0000] {processor.py:179} INFO - Processing /home/airflow/.local/lib/python3.8/site-packages/airflow/example_dags/tutorial_taskflow_api.py took 0.029 seconds
[2023-09-24T15:55:34.216+0000] {processor.py:157} INFO - Started process (PID=16052) to work on /home/airflow/.local/lib/python3.8/site-packages/airflow/example_dags/tutorial_taskflow_api.py
[2023-09-24T15:55:34.216+0000] {processor.py:829} INFO - Processing file /home/airflow/.local/lib/python3.8/site-packages/airflow/example_dags/tutorial_taskflow_api.py for tasks to queue
[2023-09-24T15:55:34.218+0000] {logging_mixin.py:151} INFO - [2023-09-24T15:55:34.217+0000] {dagbag.py:539} INFO - Filling up the DagBag from /home/airflow/.local/lib/python3.8/site-packages/airflow/example_dags/tutorial_taskflow_api.py
[2023-09-24T15:55:34.221+0000] {processor.py:839} INFO - DAG(s) dict_keys(['tutorial_taskflow_api']) retrieved from /home/airflow/.local/lib/python3.8/site-packages/airflow/example_dags/tutorial_taskflow_api.py
[2023-09-24T15:55:34.232+0000] {logging_mixin.py:151} INFO - [2023-09-24T15:55:34.232+0000] {dag.py:2907} INFO - Sync 1 DAGs
[2023-09-24T15:55:34.237+0000] {logging_mixin.py:151} INFO - [2023-09-24T15:55:34.237+0000] {dag.py:3677} INFO - Setting next_dagrun for tutorial_taskflow_api to None, run_after=None
[2023-09-24T15:55:34.244+0000] {processor.py:179} INFO - Processing /home/airflow/.local/lib/python3.8/site-packages/airflow/example_dags/tutorial_taskflow_api.py took 0.030 seconds
[2023-09-24T17:17:13.783+0000] {processor.py:157} INFO - Started process (PID=16099) to work on /home/airflow/.local/lib/python3.8/site-packages/airflow/example_dags/tutorial_taskflow_api.py
[2023-09-24T17:17:13.783+0000] {processor.py:829} INFO - Processing file /home/airflow/.local/lib/python3.8/site-packages/airflow/example_dags/tutorial_taskflow_api.py for tasks to queue
[2023-09-24T17:17:13.785+0000] {logging_mixin.py:151} INFO - [2023-09-24T17:17:13.784+0000] {dagbag.py:539} INFO - Filling up the DagBag from /home/airflow/.local/lib/python3.8/site-packages/airflow/example_dags/tutorial_taskflow_api.py
[2023-09-24T17:17:13.788+0000] {processor.py:839} INFO - DAG(s) dict_keys(['tutorial_taskflow_api']) retrieved from /home/airflow/.local/lib/python3.8/site-packages/airflow/example_dags/tutorial_taskflow_api.py
[2023-09-24T17:17:13.799+0000] {logging_mixin.py:151} INFO - [2023-09-24T17:17:13.799+0000] {dag.py:2907} INFO - Sync 1 DAGs
[2023-09-24T17:17:13.804+0000] {logging_mixin.py:151} INFO - [2023-09-24T17:17:13.804+0000] {dag.py:3677} INFO - Setting next_dagrun for tutorial_taskflow_api to None, run_after=None
[2023-09-24T17:17:13.811+0000] {processor.py:179} INFO - Processing /home/airflow/.local/lib/python3.8/site-packages/airflow/example_dags/tutorial_taskflow_api.py took 0.030 seconds
[2023-09-24T18:53:10.510+0000] {processor.py:157} INFO - Started process (PID=16146) to work on /home/airflow/.local/lib/python3.8/site-packages/airflow/example_dags/tutorial_taskflow_api.py
[2023-09-24T18:53:10.511+0000] {processor.py:829} INFO - Processing file /home/airflow/.local/lib/python3.8/site-packages/airflow/example_dags/tutorial_taskflow_api.py for tasks to queue
[2023-09-24T18:53:10.512+0000] {logging_mixin.py:151} INFO - [2023-09-24T18:53:10.512+0000] {dagbag.py:539} INFO - Filling up the DagBag from /home/airflow/.local/lib/python3.8/site-packages/airflow/example_dags/tutorial_taskflow_api.py
[2023-09-24T18:53:10.516+0000] {processor.py:839} INFO - DAG(s) dict_keys(['tutorial_taskflow_api']) retrieved from /home/airflow/.local/lib/python3.8/site-packages/airflow/example_dags/tutorial_taskflow_api.py
[2023-09-24T18:53:10.525+0000] {logging_mixin.py:151} INFO - [2023-09-24T18:53:10.525+0000] {dag.py:2907} INFO - Sync 1 DAGs
[2023-09-24T18:53:10.531+0000] {logging_mixin.py:151} INFO - [2023-09-24T18:53:10.531+0000] {dag.py:3677} INFO - Setting next_dagrun for tutorial_taskflow_api to None, run_after=None
[2023-09-24T18:53:10.538+0000] {processor.py:179} INFO - Processing /home/airflow/.local/lib/python3.8/site-packages/airflow/example_dags/tutorial_taskflow_api.py took 0.030 seconds
[2023-09-24T20:32:57.231+0000] {processor.py:157} INFO - Started process (PID=16193) to work on /home/airflow/.local/lib/python3.8/site-packages/airflow/example_dags/tutorial_taskflow_api.py
[2023-09-24T20:32:57.232+0000] {processor.py:829} INFO - Processing file /home/airflow/.local/lib/python3.8/site-packages/airflow/example_dags/tutorial_taskflow_api.py for tasks to queue
[2023-09-24T20:32:57.233+0000] {logging_mixin.py:151} INFO - [2023-09-24T20:32:57.233+0000] {dagbag.py:539} INFO - Filling up the DagBag from /home/airflow/.local/lib/python3.8/site-packages/airflow/example_dags/tutorial_taskflow_api.py
[2023-09-24T20:32:57.237+0000] {processor.py:839} INFO - DAG(s) dict_keys(['tutorial_taskflow_api']) retrieved from /home/airflow/.local/lib/python3.8/site-packages/airflow/example_dags/tutorial_taskflow_api.py
[2023-09-24T20:32:57.247+0000] {logging_mixin.py:151} INFO - [2023-09-24T20:32:57.247+0000] {dag.py:2907} INFO - Sync 1 DAGs
[2023-09-24T20:32:57.253+0000] {logging_mixin.py:151} INFO - [2023-09-24T20:32:57.253+0000] {dag.py:3677} INFO - Setting next_dagrun for tutorial_taskflow_api to None, run_after=None
[2023-09-24T20:32:57.260+0000] {processor.py:179} INFO - Processing /home/airflow/.local/lib/python3.8/site-packages/airflow/example_dags/tutorial_taskflow_api.py took 0.031 seconds
[2023-09-24T21:55:35.391+0000] {processor.py:157} INFO - Started process (PID=16240) to work on /home/airflow/.local/lib/python3.8/site-packages/airflow/example_dags/tutorial_taskflow_api.py
[2023-09-24T21:55:35.392+0000] {processor.py:829} INFO - Processing file /home/airflow/.local/lib/python3.8/site-packages/airflow/example_dags/tutorial_taskflow_api.py for tasks to queue
[2023-09-24T21:55:35.393+0000] {logging_mixin.py:151} INFO - [2023-09-24T21:55:35.393+0000] {dagbag.py:539} INFO - Filling up the DagBag from /home/airflow/.local/lib/python3.8/site-packages/airflow/example_dags/tutorial_taskflow_api.py
[2023-09-24T21:55:35.398+0000] {processor.py:839} INFO - DAG(s) dict_keys(['tutorial_taskflow_api']) retrieved from /home/airflow/.local/lib/python3.8/site-packages/airflow/example_dags/tutorial_taskflow_api.py
[2023-09-24T21:55:35.409+0000] {logging_mixin.py:151} INFO - [2023-09-24T21:55:35.409+0000] {dag.py:2907} INFO - Sync 1 DAGs
[2023-09-24T21:55:35.415+0000] {logging_mixin.py:151} INFO - [2023-09-24T21:55:35.415+0000] {dag.py:3677} INFO - Setting next_dagrun for tutorial_taskflow_api to None, run_after=None
[2023-09-24T21:55:35.423+0000] {processor.py:179} INFO - Processing /home/airflow/.local/lib/python3.8/site-packages/airflow/example_dags/tutorial_taskflow_api.py took 0.033 seconds
[2023-09-24T23:35:55.195+0000] {processor.py:157} INFO - Started process (PID=16287) to work on /home/airflow/.local/lib/python3.8/site-packages/airflow/example_dags/tutorial_taskflow_api.py
[2023-09-24T23:35:55.196+0000] {processor.py:829} INFO - Processing file /home/airflow/.local/lib/python3.8/site-packages/airflow/example_dags/tutorial_taskflow_api.py for tasks to queue
[2023-09-24T23:35:55.197+0000] {logging_mixin.py:151} INFO - [2023-09-24T23:35:55.197+0000] {dagbag.py:539} INFO - Filling up the DagBag from /home/airflow/.local/lib/python3.8/site-packages/airflow/example_dags/tutorial_taskflow_api.py
[2023-09-24T23:35:55.201+0000] {processor.py:839} INFO - DAG(s) dict_keys(['tutorial_taskflow_api']) retrieved from /home/airflow/.local/lib/python3.8/site-packages/airflow/example_dags/tutorial_taskflow_api.py
[2023-09-24T23:35:55.212+0000] {logging_mixin.py:151} INFO - [2023-09-24T23:35:55.211+0000] {dag.py:2907} INFO - Sync 1 DAGs
[2023-09-24T23:35:55.217+0000] {logging_mixin.py:151} INFO - [2023-09-24T23:35:55.217+0000] {dag.py:3677} INFO - Setting next_dagrun for tutorial_taskflow_api to None, run_after=None
[2023-09-24T23:35:55.225+0000] {processor.py:179} INFO - Processing /home/airflow/.local/lib/python3.8/site-packages/airflow/example_dags/tutorial_taskflow_api.py took 0.031 seconds
[2023-09-24T23:57:53.909+0000] {processor.py:157} INFO - Started process (PID=16334) to work on /home/airflow/.local/lib/python3.8/site-packages/airflow/example_dags/tutorial_taskflow_api.py
[2023-09-24T23:57:53.910+0000] {processor.py:829} INFO - Processing file /home/airflow/.local/lib/python3.8/site-packages/airflow/example_dags/tutorial_taskflow_api.py for tasks to queue
[2023-09-24T23:57:53.911+0000] {logging_mixin.py:151} INFO - [2023-09-24T23:57:53.911+0000] {dagbag.py:539} INFO - Filling up the DagBag from /home/airflow/.local/lib/python3.8/site-packages/airflow/example_dags/tutorial_taskflow_api.py
[2023-09-24T23:57:53.914+0000] {processor.py:839} INFO - DAG(s) dict_keys(['tutorial_taskflow_api']) retrieved from /home/airflow/.local/lib/python3.8/site-packages/airflow/example_dags/tutorial_taskflow_api.py
[2023-09-24T23:57:53.924+0000] {logging_mixin.py:151} INFO - [2023-09-24T23:57:53.924+0000] {dag.py:2907} INFO - Sync 1 DAGs
[2023-09-24T23:57:53.929+0000] {logging_mixin.py:151} INFO - [2023-09-24T23:57:53.929+0000] {dag.py:3677} INFO - Setting next_dagrun for tutorial_taskflow_api to None, run_after=None
[2023-09-24T23:57:53.935+0000] {processor.py:179} INFO - Processing /home/airflow/.local/lib/python3.8/site-packages/airflow/example_dags/tutorial_taskflow_api.py took 0.028 seconds
