[2023-10-09T16:35:59.179+0000] {warnings.py:109} WARNING - /home/airflow/.local/lib/python3.8/site-packages/airflow/utils/sqlalchemy.py:124: DeprecationWarning: The sql_alchemy_conn option in [core] has been moved to the sql_alchemy_conn option in [database] - the old setting has been used, but please update your config.
  return not conf.get("database", "sql_alchemy_conn").startswith("mssql")

[2023-10-09T16:35:59.209+0000] {taskinstance.py:1159} INFO - Dependencies all met for dep_context=non-requeueable deps ti=<TaskInstance: ETL.transform_data scheduled__2023-10-09T15:00:00+00:00 [queued]>
[2023-10-09T16:35:59.295+0000] {taskinstance.py:1159} INFO - Dependencies all met for dep_context=requeueable deps ti=<TaskInstance: ETL.transform_data scheduled__2023-10-09T15:00:00+00:00 [queued]>
[2023-10-09T16:35:59.295+0000] {taskinstance.py:1361} INFO - Starting attempt 1 of 1
[2023-10-09T16:35:59.303+0000] {taskinstance.py:1382} INFO - Executing <Task(PythonOperator): transform_data> on 2023-10-09 15:00:00+00:00
[2023-10-09T16:35:59.306+0000] {standard_task_runner.py:57} INFO - Started process 239 to run task
[2023-10-09T16:35:59.308+0000] {standard_task_runner.py:84} INFO - Running: ['airflow', 'tasks', 'run', 'ETL', 'transform_data', 'scheduled__2023-10-09T15:00:00+00:00', '--job-id', '420', '--raw', '--subdir', 'DAGS_FOLDER/pipeline.py', '--cfg-path', '/tmp/tmp5x3bi1_9']
[2023-10-09T16:35:59.310+0000] {standard_task_runner.py:85} INFO - Job 420: Subtask transform_data
[2023-10-09T16:35:59.318+0000] {warnings.py:109} WARNING - /home/airflow/.local/lib/python3.8/site-packages/airflow/settings.py:195: DeprecationWarning: The sql_alchemy_conn option in [core] has been moved to the sql_alchemy_conn option in [database] - the old setting has been used, but please update your config.
  SQL_ALCHEMY_CONN = conf.get("database", "SQL_ALCHEMY_CONN")

[2023-10-09T16:35:59.338+0000] {task_command.py:415} INFO - Running <TaskInstance: ETL.transform_data scheduled__2023-10-09T15:00:00+00:00 [running]> on host cba2d0d235e2
[2023-10-09T16:35:59.344+0000] {warnings.py:109} WARNING - /home/airflow/.local/lib/python3.8/site-packages/airflow/utils/sqlalchemy.py:124: DeprecationWarning: The sql_alchemy_conn option in [core] has been moved to the sql_alchemy_conn option in [database] - the old setting has been used, but please update your config.
  return not conf.get("database", "sql_alchemy_conn").startswith("mssql")

[2023-10-09T16:35:59.382+0000] {taskinstance.py:1660} INFO - Exporting env vars: AIRFLOW_CTX_DAG_OWNER='airflow' AIRFLOW_CTX_DAG_ID='ETL' AIRFLOW_CTX_TASK_ID='transform_data' AIRFLOW_CTX_EXECUTION_DATE='2023-10-09T15:00:00+00:00' AIRFLOW_CTX_TRY_NUMBER='1' AIRFLOW_CTX_DAG_RUN_ID='scheduled__2023-10-09T15:00:00+00:00'
[2023-10-09T16:36:00.523+0000] {logging_mixin.py:151} INFO - len data before clean=== 8245
[2023-10-09T16:36:01.483+0000] {logging_mixin.py:151} INFO - done save data --------- 
[2023-10-09T16:36:01.483+0000] {python.py:194} INFO - Done. Returned value was: None
[2023-10-09T16:36:01.488+0000] {taskinstance.py:1400} INFO - Marking task as SUCCESS. dag_id=ETL, task_id=transform_data, execution_date=20231009T150000, start_date=20231009T163559, end_date=20231009T163601
[2023-10-09T16:36:01.543+0000] {local_task_job_runner.py:228} INFO - Task exited with return code 0
[2023-10-09T16:36:01.557+0000] {taskinstance.py:2784} INFO - 1 downstream tasks scheduled from follow-on schedule check
