[2023-10-08T08:31:01.787+0000] {warnings.py:109} WARNING - /home/airflow/.local/lib/python3.8/site-packages/airflow/utils/sqlalchemy.py:124: DeprecationWarning: The sql_alchemy_conn option in [core] has been moved to the sql_alchemy_conn option in [database] - the old setting has been used, but please update your config.
  return not conf.get("database", "sql_alchemy_conn").startswith("mssql")

[2023-10-08T08:31:01.817+0000] {taskinstance.py:1159} INFO - Dependencies all met for dep_context=non-requeueable deps ti=<TaskInstance: ETL.transform_data scheduled__2023-10-08T07:00:00+00:00 [queued]>
[2023-10-08T08:31:01.899+0000] {taskinstance.py:1159} INFO - Dependencies all met for dep_context=requeueable deps ti=<TaskInstance: ETL.transform_data scheduled__2023-10-08T07:00:00+00:00 [queued]>
[2023-10-08T08:31:01.899+0000] {taskinstance.py:1361} INFO - Starting attempt 1 of 1
[2023-10-08T08:31:01.906+0000] {taskinstance.py:1382} INFO - Executing <Task(PythonOperator): transform_data> on 2023-10-08 07:00:00+00:00
[2023-10-08T08:31:01.910+0000] {standard_task_runner.py:57} INFO - Started process 120 to run task
[2023-10-08T08:31:01.912+0000] {standard_task_runner.py:84} INFO - Running: ['airflow', 'tasks', 'run', 'ETL', 'transform_data', 'scheduled__2023-10-08T07:00:00+00:00', '--job-id', '293', '--raw', '--subdir', 'DAGS_FOLDER/pipeline.py', '--cfg-path', '/tmp/tmpw2lynxo1']
[2023-10-08T08:31:01.914+0000] {standard_task_runner.py:85} INFO - Job 293: Subtask transform_data
[2023-10-08T08:31:01.922+0000] {warnings.py:109} WARNING - /home/airflow/.local/lib/python3.8/site-packages/airflow/settings.py:195: DeprecationWarning: The sql_alchemy_conn option in [core] has been moved to the sql_alchemy_conn option in [database] - the old setting has been used, but please update your config.
  SQL_ALCHEMY_CONN = conf.get("database", "SQL_ALCHEMY_CONN")

[2023-10-08T08:31:01.940+0000] {task_command.py:415} INFO - Running <TaskInstance: ETL.transform_data scheduled__2023-10-08T07:00:00+00:00 [running]> on host 0d9312e7824a
[2023-10-08T08:31:01.947+0000] {warnings.py:109} WARNING - /home/airflow/.local/lib/python3.8/site-packages/airflow/utils/sqlalchemy.py:124: DeprecationWarning: The sql_alchemy_conn option in [core] has been moved to the sql_alchemy_conn option in [database] - the old setting has been used, but please update your config.
  return not conf.get("database", "sql_alchemy_conn").startswith("mssql")

[2023-10-08T08:31:01.979+0000] {taskinstance.py:1660} INFO - Exporting env vars: AIRFLOW_CTX_DAG_OWNER='airflow' AIRFLOW_CTX_DAG_ID='ETL' AIRFLOW_CTX_TASK_ID='transform_data' AIRFLOW_CTX_EXECUTION_DATE='2023-10-08T07:00:00+00:00' AIRFLOW_CTX_TRY_NUMBER='1' AIRFLOW_CTX_DAG_RUN_ID='scheduled__2023-10-08T07:00:00+00:00'
[2023-10-08T08:31:03.138+0000] {logging_mixin.py:151} INFO - len data before clean=== 8537
[2023-10-08T08:31:04.098+0000] {logging_mixin.py:151} INFO - done save data --------- 
[2023-10-08T08:31:04.099+0000] {python.py:194} INFO - Done. Returned value was: None
[2023-10-08T08:31:04.104+0000] {taskinstance.py:1400} INFO - Marking task as SUCCESS. dag_id=ETL, task_id=transform_data, execution_date=20231008T070000, start_date=20231008T083101, end_date=20231008T083104
[2023-10-08T08:31:04.156+0000] {local_task_job_runner.py:228} INFO - Task exited with return code 0
[2023-10-08T08:31:04.169+0000] {taskinstance.py:2784} INFO - 1 downstream tasks scheduled from follow-on schedule check
