[2023-10-01T01:19:04.382+0000] {processor.py:157} INFO - Started process (PID=6766) to work on /home/airflow/.local/lib/python3.8/site-packages/airflow/example_dags/example_short_circuit_operator.py
[2023-10-01T01:19:04.383+0000] {processor.py:829} INFO - Processing file /home/airflow/.local/lib/python3.8/site-packages/airflow/example_dags/example_short_circuit_operator.py for tasks to queue
[2023-10-01T01:19:04.384+0000] {logging_mixin.py:151} INFO - [2023-10-01T01:19:04.384+0000] {dagbag.py:539} INFO - Filling up the DagBag from /home/airflow/.local/lib/python3.8/site-packages/airflow/example_dags/example_short_circuit_operator.py
[2023-10-01T01:19:04.388+0000] {processor.py:839} INFO - DAG(s) dict_keys(['example_short_circuit_operator']) retrieved from /home/airflow/.local/lib/python3.8/site-packages/airflow/example_dags/example_short_circuit_operator.py
[2023-10-01T01:19:04.400+0000] {logging_mixin.py:151} INFO - [2023-10-01T01:19:04.400+0000] {dag.py:2907} INFO - Sync 1 DAGs
[2023-10-01T01:19:04.410+0000] {logging_mixin.py:151} INFO - [2023-10-01T01:19:04.410+0000] {dag.py:3677} INFO - Setting next_dagrun for example_short_circuit_operator to 2023-09-30T01:19:04.410413+00:00, run_after=2023-10-01T01:19:04.410413+00:00
[2023-10-01T01:19:04.421+0000] {processor.py:179} INFO - Processing /home/airflow/.local/lib/python3.8/site-packages/airflow/example_dags/example_short_circuit_operator.py took 0.041 seconds
[2023-10-01T02:41:40.402+0000] {processor.py:157} INFO - Started process (PID=6817) to work on /home/airflow/.local/lib/python3.8/site-packages/airflow/example_dags/example_short_circuit_operator.py
[2023-10-01T02:41:40.403+0000] {processor.py:829} INFO - Processing file /home/airflow/.local/lib/python3.8/site-packages/airflow/example_dags/example_short_circuit_operator.py for tasks to queue
[2023-10-01T02:41:40.404+0000] {logging_mixin.py:151} INFO - [2023-10-01T02:41:40.404+0000] {dagbag.py:539} INFO - Filling up the DagBag from /home/airflow/.local/lib/python3.8/site-packages/airflow/example_dags/example_short_circuit_operator.py
[2023-10-01T02:41:40.408+0000] {processor.py:839} INFO - DAG(s) dict_keys(['example_short_circuit_operator']) retrieved from /home/airflow/.local/lib/python3.8/site-packages/airflow/example_dags/example_short_circuit_operator.py
[2023-10-01T02:41:40.422+0000] {logging_mixin.py:151} INFO - [2023-10-01T02:41:40.422+0000] {dag.py:2907} INFO - Sync 1 DAGs
[2023-10-01T02:41:40.432+0000] {logging_mixin.py:151} INFO - [2023-10-01T02:41:40.432+0000] {dag.py:3677} INFO - Setting next_dagrun for example_short_circuit_operator to 2023-09-30T02:41:40.432096+00:00, run_after=2023-10-01T02:41:40.432096+00:00
[2023-10-01T02:41:40.442+0000] {processor.py:179} INFO - Processing /home/airflow/.local/lib/python3.8/site-packages/airflow/example_dags/example_short_circuit_operator.py took 0.042 seconds
[2023-10-01T04:04:41.720+0000] {processor.py:157} INFO - Started process (PID=6868) to work on /home/airflow/.local/lib/python3.8/site-packages/airflow/example_dags/example_short_circuit_operator.py
[2023-10-01T04:04:41.721+0000] {processor.py:829} INFO - Processing file /home/airflow/.local/lib/python3.8/site-packages/airflow/example_dags/example_short_circuit_operator.py for tasks to queue
[2023-10-01T04:04:41.722+0000] {logging_mixin.py:151} INFO - [2023-10-01T04:04:41.722+0000] {dagbag.py:539} INFO - Filling up the DagBag from /home/airflow/.local/lib/python3.8/site-packages/airflow/example_dags/example_short_circuit_operator.py
[2023-10-01T04:04:41.727+0000] {processor.py:839} INFO - DAG(s) dict_keys(['example_short_circuit_operator']) retrieved from /home/airflow/.local/lib/python3.8/site-packages/airflow/example_dags/example_short_circuit_operator.py
[2023-10-01T04:04:41.741+0000] {logging_mixin.py:151} INFO - [2023-10-01T04:04:41.740+0000] {dag.py:2907} INFO - Sync 1 DAGs
[2023-10-01T04:04:41.751+0000] {logging_mixin.py:151} INFO - [2023-10-01T04:04:41.751+0000] {dag.py:3677} INFO - Setting next_dagrun for example_short_circuit_operator to 2023-09-30T04:04:41.751017+00:00, run_after=2023-10-01T04:04:41.751017+00:00
[2023-10-01T04:04:41.762+0000] {processor.py:179} INFO - Processing /home/airflow/.local/lib/python3.8/site-packages/airflow/example_dags/example_short_circuit_operator.py took 0.044 seconds
[2023-10-01T05:25:55.927+0000] {processor.py:157} INFO - Started process (PID=6919) to work on /home/airflow/.local/lib/python3.8/site-packages/airflow/example_dags/example_short_circuit_operator.py
[2023-10-01T05:25:55.928+0000] {processor.py:829} INFO - Processing file /home/airflow/.local/lib/python3.8/site-packages/airflow/example_dags/example_short_circuit_operator.py for tasks to queue
[2023-10-01T05:25:55.929+0000] {logging_mixin.py:151} INFO - [2023-10-01T05:25:55.929+0000] {dagbag.py:539} INFO - Filling up the DagBag from /home/airflow/.local/lib/python3.8/site-packages/airflow/example_dags/example_short_circuit_operator.py
[2023-10-01T05:25:55.933+0000] {processor.py:839} INFO - DAG(s) dict_keys(['example_short_circuit_operator']) retrieved from /home/airflow/.local/lib/python3.8/site-packages/airflow/example_dags/example_short_circuit_operator.py
[2023-10-01T05:25:55.949+0000] {logging_mixin.py:151} INFO - [2023-10-01T05:25:55.949+0000] {dag.py:2907} INFO - Sync 1 DAGs
[2023-10-01T05:25:55.961+0000] {logging_mixin.py:151} INFO - [2023-10-01T05:25:55.961+0000] {dag.py:3677} INFO - Setting next_dagrun for example_short_circuit_operator to 2023-09-30T05:25:55.961469+00:00, run_after=2023-10-01T05:25:55.961469+00:00
[2023-10-01T05:25:55.979+0000] {processor.py:179} INFO - Processing /home/airflow/.local/lib/python3.8/site-packages/airflow/example_dags/example_short_circuit_operator.py took 0.054 seconds
[2023-10-01T06:49:40.336+0000] {processor.py:157} INFO - Started process (PID=6970) to work on /home/airflow/.local/lib/python3.8/site-packages/airflow/example_dags/example_short_circuit_operator.py
[2023-10-01T06:49:40.337+0000] {processor.py:829} INFO - Processing file /home/airflow/.local/lib/python3.8/site-packages/airflow/example_dags/example_short_circuit_operator.py for tasks to queue
[2023-10-01T06:49:40.338+0000] {logging_mixin.py:151} INFO - [2023-10-01T06:49:40.338+0000] {dagbag.py:539} INFO - Filling up the DagBag from /home/airflow/.local/lib/python3.8/site-packages/airflow/example_dags/example_short_circuit_operator.py
[2023-10-01T06:49:40.342+0000] {processor.py:839} INFO - DAG(s) dict_keys(['example_short_circuit_operator']) retrieved from /home/airflow/.local/lib/python3.8/site-packages/airflow/example_dags/example_short_circuit_operator.py
[2023-10-01T06:49:40.354+0000] {logging_mixin.py:151} INFO - [2023-10-01T06:49:40.354+0000] {dag.py:2907} INFO - Sync 1 DAGs
[2023-10-01T06:49:40.364+0000] {logging_mixin.py:151} INFO - [2023-10-01T06:49:40.364+0000] {dag.py:3677} INFO - Setting next_dagrun for example_short_circuit_operator to 2023-09-30T06:49:40.364304+00:00, run_after=2023-10-01T06:49:40.364304+00:00
[2023-10-01T06:49:40.374+0000] {processor.py:179} INFO - Processing /home/airflow/.local/lib/python3.8/site-packages/airflow/example_dags/example_short_circuit_operator.py took 0.041 seconds
[2023-10-01T08:11:43.170+0000] {processor.py:157} INFO - Started process (PID=7021) to work on /home/airflow/.local/lib/python3.8/site-packages/airflow/example_dags/example_short_circuit_operator.py
[2023-10-01T08:11:43.171+0000] {processor.py:829} INFO - Processing file /home/airflow/.local/lib/python3.8/site-packages/airflow/example_dags/example_short_circuit_operator.py for tasks to queue
[2023-10-01T08:11:43.172+0000] {logging_mixin.py:151} INFO - [2023-10-01T08:11:43.172+0000] {dagbag.py:539} INFO - Filling up the DagBag from /home/airflow/.local/lib/python3.8/site-packages/airflow/example_dags/example_short_circuit_operator.py
[2023-10-01T08:11:43.177+0000] {processor.py:839} INFO - DAG(s) dict_keys(['example_short_circuit_operator']) retrieved from /home/airflow/.local/lib/python3.8/site-packages/airflow/example_dags/example_short_circuit_operator.py
[2023-10-01T08:11:43.190+0000] {logging_mixin.py:151} INFO - [2023-10-01T08:11:43.190+0000] {dag.py:2907} INFO - Sync 1 DAGs
[2023-10-01T08:11:43.200+0000] {logging_mixin.py:151} INFO - [2023-10-01T08:11:43.200+0000] {dag.py:3677} INFO - Setting next_dagrun for example_short_circuit_operator to 2023-09-30T08:11:43.200250+00:00, run_after=2023-10-01T08:11:43.200250+00:00
[2023-10-01T08:11:43.211+0000] {processor.py:179} INFO - Processing /home/airflow/.local/lib/python3.8/site-packages/airflow/example_dags/example_short_circuit_operator.py took 0.044 seconds
[2023-10-01T09:37:04.934+0000] {processor.py:157} INFO - Started process (PID=7072) to work on /home/airflow/.local/lib/python3.8/site-packages/airflow/example_dags/example_short_circuit_operator.py
[2023-10-01T09:37:04.935+0000] {processor.py:829} INFO - Processing file /home/airflow/.local/lib/python3.8/site-packages/airflow/example_dags/example_short_circuit_operator.py for tasks to queue
[2023-10-01T09:37:04.936+0000] {logging_mixin.py:151} INFO - [2023-10-01T09:37:04.936+0000] {dagbag.py:539} INFO - Filling up the DagBag from /home/airflow/.local/lib/python3.8/site-packages/airflow/example_dags/example_short_circuit_operator.py
[2023-10-01T09:37:04.940+0000] {processor.py:839} INFO - DAG(s) dict_keys(['example_short_circuit_operator']) retrieved from /home/airflow/.local/lib/python3.8/site-packages/airflow/example_dags/example_short_circuit_operator.py
[2023-10-01T09:37:04.955+0000] {logging_mixin.py:151} INFO - [2023-10-01T09:37:04.955+0000] {dag.py:2907} INFO - Sync 1 DAGs
[2023-10-01T09:37:04.966+0000] {logging_mixin.py:151} INFO - [2023-10-01T09:37:04.966+0000] {dag.py:3677} INFO - Setting next_dagrun for example_short_circuit_operator to 2023-09-30T09:37:04.966383+00:00, run_after=2023-10-01T09:37:04.966383+00:00
[2023-10-01T09:37:04.976+0000] {processor.py:179} INFO - Processing /home/airflow/.local/lib/python3.8/site-packages/airflow/example_dags/example_short_circuit_operator.py took 0.044 seconds
[2023-10-01T10:58:13.555+0000] {processor.py:157} INFO - Started process (PID=7123) to work on /home/airflow/.local/lib/python3.8/site-packages/airflow/example_dags/example_short_circuit_operator.py
[2023-10-01T10:58:13.556+0000] {processor.py:829} INFO - Processing file /home/airflow/.local/lib/python3.8/site-packages/airflow/example_dags/example_short_circuit_operator.py for tasks to queue
[2023-10-01T10:58:13.558+0000] {logging_mixin.py:151} INFO - [2023-10-01T10:58:13.558+0000] {dagbag.py:539} INFO - Filling up the DagBag from /home/airflow/.local/lib/python3.8/site-packages/airflow/example_dags/example_short_circuit_operator.py
[2023-10-01T10:58:13.562+0000] {processor.py:839} INFO - DAG(s) dict_keys(['example_short_circuit_operator']) retrieved from /home/airflow/.local/lib/python3.8/site-packages/airflow/example_dags/example_short_circuit_operator.py
[2023-10-01T10:58:13.575+0000] {logging_mixin.py:151} INFO - [2023-10-01T10:58:13.575+0000] {dag.py:2907} INFO - Sync 1 DAGs
[2023-10-01T10:58:13.585+0000] {logging_mixin.py:151} INFO - [2023-10-01T10:58:13.585+0000] {dag.py:3677} INFO - Setting next_dagrun for example_short_circuit_operator to 2023-09-30T10:58:13.585074+00:00, run_after=2023-10-01T10:58:13.585074+00:00
[2023-10-01T10:58:13.596+0000] {processor.py:179} INFO - Processing /home/airflow/.local/lib/python3.8/site-packages/airflow/example_dags/example_short_circuit_operator.py took 0.042 seconds
[2023-10-01T12:21:06.578+0000] {processor.py:157} INFO - Started process (PID=7174) to work on /home/airflow/.local/lib/python3.8/site-packages/airflow/example_dags/example_short_circuit_operator.py
[2023-10-01T12:21:06.578+0000] {processor.py:829} INFO - Processing file /home/airflow/.local/lib/python3.8/site-packages/airflow/example_dags/example_short_circuit_operator.py for tasks to queue
[2023-10-01T12:21:06.580+0000] {logging_mixin.py:151} INFO - [2023-10-01T12:21:06.579+0000] {dagbag.py:539} INFO - Filling up the DagBag from /home/airflow/.local/lib/python3.8/site-packages/airflow/example_dags/example_short_circuit_operator.py
[2023-10-01T12:21:06.584+0000] {processor.py:839} INFO - DAG(s) dict_keys(['example_short_circuit_operator']) retrieved from /home/airflow/.local/lib/python3.8/site-packages/airflow/example_dags/example_short_circuit_operator.py
[2023-10-01T12:21:06.597+0000] {logging_mixin.py:151} INFO - [2023-10-01T12:21:06.597+0000] {dag.py:2907} INFO - Sync 1 DAGs
[2023-10-01T12:21:06.608+0000] {logging_mixin.py:151} INFO - [2023-10-01T12:21:06.608+0000] {dag.py:3677} INFO - Setting next_dagrun for example_short_circuit_operator to 2023-09-30T12:21:06.607969+00:00, run_after=2023-10-01T12:21:06.607969+00:00
[2023-10-01T12:21:06.619+0000] {processor.py:179} INFO - Processing /home/airflow/.local/lib/python3.8/site-packages/airflow/example_dags/example_short_circuit_operator.py took 0.043 seconds
[2023-10-01T13:43:19.692+0000] {processor.py:157} INFO - Started process (PID=7225) to work on /home/airflow/.local/lib/python3.8/site-packages/airflow/example_dags/example_short_circuit_operator.py
[2023-10-01T13:43:19.693+0000] {processor.py:829} INFO - Processing file /home/airflow/.local/lib/python3.8/site-packages/airflow/example_dags/example_short_circuit_operator.py for tasks to queue
[2023-10-01T13:43:19.694+0000] {logging_mixin.py:151} INFO - [2023-10-01T13:43:19.694+0000] {dagbag.py:539} INFO - Filling up the DagBag from /home/airflow/.local/lib/python3.8/site-packages/airflow/example_dags/example_short_circuit_operator.py
[2023-10-01T13:43:19.698+0000] {processor.py:839} INFO - DAG(s) dict_keys(['example_short_circuit_operator']) retrieved from /home/airflow/.local/lib/python3.8/site-packages/airflow/example_dags/example_short_circuit_operator.py
[2023-10-01T13:43:19.722+0000] {logging_mixin.py:151} INFO - [2023-10-01T13:43:19.722+0000] {dag.py:2907} INFO - Sync 1 DAGs
[2023-10-01T13:43:19.733+0000] {logging_mixin.py:151} INFO - [2023-10-01T13:43:19.733+0000] {dag.py:3677} INFO - Setting next_dagrun for example_short_circuit_operator to 2023-09-30T13:43:19.733057+00:00, run_after=2023-10-01T13:43:19.733057+00:00
[2023-10-01T13:43:19.744+0000] {processor.py:179} INFO - Processing /home/airflow/.local/lib/python3.8/site-packages/airflow/example_dags/example_short_circuit_operator.py took 0.054 seconds
[2023-10-01T15:05:43.327+0000] {processor.py:157} INFO - Started process (PID=7276) to work on /home/airflow/.local/lib/python3.8/site-packages/airflow/example_dags/example_short_circuit_operator.py
[2023-10-01T15:05:43.327+0000] {processor.py:829} INFO - Processing file /home/airflow/.local/lib/python3.8/site-packages/airflow/example_dags/example_short_circuit_operator.py for tasks to queue
[2023-10-01T15:05:43.329+0000] {logging_mixin.py:151} INFO - [2023-10-01T15:05:43.329+0000] {dagbag.py:539} INFO - Filling up the DagBag from /home/airflow/.local/lib/python3.8/site-packages/airflow/example_dags/example_short_circuit_operator.py
[2023-10-01T15:05:43.333+0000] {processor.py:839} INFO - DAG(s) dict_keys(['example_short_circuit_operator']) retrieved from /home/airflow/.local/lib/python3.8/site-packages/airflow/example_dags/example_short_circuit_operator.py
[2023-10-01T15:05:43.346+0000] {logging_mixin.py:151} INFO - [2023-10-01T15:05:43.346+0000] {dag.py:2907} INFO - Sync 1 DAGs
[2023-10-01T15:05:43.356+0000] {logging_mixin.py:151} INFO - [2023-10-01T15:05:43.356+0000] {dag.py:3677} INFO - Setting next_dagrun for example_short_circuit_operator to 2023-09-30T15:05:43.356693+00:00, run_after=2023-10-01T15:05:43.356693+00:00
[2023-10-01T15:05:43.367+0000] {processor.py:179} INFO - Processing /home/airflow/.local/lib/python3.8/site-packages/airflow/example_dags/example_short_circuit_operator.py took 0.042 seconds
[2023-10-01T16:27:32.513+0000] {processor.py:157} INFO - Started process (PID=7327) to work on /home/airflow/.local/lib/python3.8/site-packages/airflow/example_dags/example_short_circuit_operator.py
[2023-10-01T16:27:32.514+0000] {processor.py:829} INFO - Processing file /home/airflow/.local/lib/python3.8/site-packages/airflow/example_dags/example_short_circuit_operator.py for tasks to queue
[2023-10-01T16:27:32.515+0000] {logging_mixin.py:151} INFO - [2023-10-01T16:27:32.515+0000] {dagbag.py:539} INFO - Filling up the DagBag from /home/airflow/.local/lib/python3.8/site-packages/airflow/example_dags/example_short_circuit_operator.py
[2023-10-01T16:27:32.519+0000] {processor.py:839} INFO - DAG(s) dict_keys(['example_short_circuit_operator']) retrieved from /home/airflow/.local/lib/python3.8/site-packages/airflow/example_dags/example_short_circuit_operator.py
[2023-10-01T16:27:32.532+0000] {logging_mixin.py:151} INFO - [2023-10-01T16:27:32.532+0000] {dag.py:2907} INFO - Sync 1 DAGs
[2023-10-01T16:27:32.542+0000] {logging_mixin.py:151} INFO - [2023-10-01T16:27:32.542+0000] {dag.py:3677} INFO - Setting next_dagrun for example_short_circuit_operator to 2023-09-30T16:27:32.542679+00:00, run_after=2023-10-01T16:27:32.542679+00:00
[2023-10-01T16:27:32.553+0000] {processor.py:179} INFO - Processing /home/airflow/.local/lib/python3.8/site-packages/airflow/example_dags/example_short_circuit_operator.py took 0.042 seconds
[2023-10-01T17:48:06.207+0000] {processor.py:157} INFO - Started process (PID=7378) to work on /home/airflow/.local/lib/python3.8/site-packages/airflow/example_dags/example_short_circuit_operator.py
[2023-10-01T17:48:06.207+0000] {processor.py:829} INFO - Processing file /home/airflow/.local/lib/python3.8/site-packages/airflow/example_dags/example_short_circuit_operator.py for tasks to queue
[2023-10-01T17:48:06.209+0000] {logging_mixin.py:151} INFO - [2023-10-01T17:48:06.209+0000] {dagbag.py:539} INFO - Filling up the DagBag from /home/airflow/.local/lib/python3.8/site-packages/airflow/example_dags/example_short_circuit_operator.py
[2023-10-01T17:48:06.213+0000] {processor.py:839} INFO - DAG(s) dict_keys(['example_short_circuit_operator']) retrieved from /home/airflow/.local/lib/python3.8/site-packages/airflow/example_dags/example_short_circuit_operator.py
[2023-10-01T17:48:06.226+0000] {logging_mixin.py:151} INFO - [2023-10-01T17:48:06.226+0000] {dag.py:2907} INFO - Sync 1 DAGs
[2023-10-01T17:48:06.236+0000] {logging_mixin.py:151} INFO - [2023-10-01T17:48:06.236+0000] {dag.py:3677} INFO - Setting next_dagrun for example_short_circuit_operator to 2023-09-30T17:48:06.236572+00:00, run_after=2023-10-01T17:48:06.236572+00:00
[2023-10-01T17:48:06.247+0000] {processor.py:179} INFO - Processing /home/airflow/.local/lib/python3.8/site-packages/airflow/example_dags/example_short_circuit_operator.py took 0.042 seconds
[2023-10-01T19:11:20.197+0000] {processor.py:157} INFO - Started process (PID=7429) to work on /home/airflow/.local/lib/python3.8/site-packages/airflow/example_dags/example_short_circuit_operator.py
[2023-10-01T19:11:20.198+0000] {processor.py:829} INFO - Processing file /home/airflow/.local/lib/python3.8/site-packages/airflow/example_dags/example_short_circuit_operator.py for tasks to queue
[2023-10-01T19:11:20.199+0000] {logging_mixin.py:151} INFO - [2023-10-01T19:11:20.199+0000] {dagbag.py:539} INFO - Filling up the DagBag from /home/airflow/.local/lib/python3.8/site-packages/airflow/example_dags/example_short_circuit_operator.py
[2023-10-01T19:11:20.204+0000] {processor.py:839} INFO - DAG(s) dict_keys(['example_short_circuit_operator']) retrieved from /home/airflow/.local/lib/python3.8/site-packages/airflow/example_dags/example_short_circuit_operator.py
[2023-10-01T19:11:20.217+0000] {logging_mixin.py:151} INFO - [2023-10-01T19:11:20.217+0000] {dag.py:2907} INFO - Sync 1 DAGs
[2023-10-01T19:11:20.227+0000] {logging_mixin.py:151} INFO - [2023-10-01T19:11:20.227+0000] {dag.py:3677} INFO - Setting next_dagrun for example_short_circuit_operator to 2023-09-30T19:11:20.227470+00:00, run_after=2023-10-01T19:11:20.227470+00:00
[2023-10-01T19:11:20.238+0000] {processor.py:179} INFO - Processing /home/airflow/.local/lib/python3.8/site-packages/airflow/example_dags/example_short_circuit_operator.py took 0.042 seconds
[2023-10-01T20:17:36.225+0000] {processor.py:157} INFO - Started process (PID=7480) to work on /home/airflow/.local/lib/python3.8/site-packages/airflow/example_dags/example_short_circuit_operator.py
[2023-10-01T20:17:36.225+0000] {processor.py:829} INFO - Processing file /home/airflow/.local/lib/python3.8/site-packages/airflow/example_dags/example_short_circuit_operator.py for tasks to queue
[2023-10-01T20:17:36.227+0000] {logging_mixin.py:151} INFO - [2023-10-01T20:17:36.227+0000] {dagbag.py:539} INFO - Filling up the DagBag from /home/airflow/.local/lib/python3.8/site-packages/airflow/example_dags/example_short_circuit_operator.py
[2023-10-01T20:17:36.232+0000] {processor.py:839} INFO - DAG(s) dict_keys(['example_short_circuit_operator']) retrieved from /home/airflow/.local/lib/python3.8/site-packages/airflow/example_dags/example_short_circuit_operator.py
[2023-10-01T20:17:36.248+0000] {logging_mixin.py:151} INFO - [2023-10-01T20:17:36.247+0000] {dag.py:2907} INFO - Sync 1 DAGs
[2023-10-01T20:17:36.258+0000] {logging_mixin.py:151} INFO - [2023-10-01T20:17:36.258+0000] {dag.py:3677} INFO - Setting next_dagrun for example_short_circuit_operator to 2023-09-30T20:17:36.258650+00:00, run_after=2023-10-01T20:17:36.258650+00:00
[2023-10-01T20:17:36.270+0000] {processor.py:179} INFO - Processing /home/airflow/.local/lib/python3.8/site-packages/airflow/example_dags/example_short_circuit_operator.py took 0.047 seconds
[2023-10-01T21:37:14.762+0000] {processor.py:157} INFO - Started process (PID=7531) to work on /home/airflow/.local/lib/python3.8/site-packages/airflow/example_dags/example_short_circuit_operator.py
[2023-10-01T21:37:14.763+0000] {processor.py:829} INFO - Processing file /home/airflow/.local/lib/python3.8/site-packages/airflow/example_dags/example_short_circuit_operator.py for tasks to queue
[2023-10-01T21:37:14.765+0000] {logging_mixin.py:151} INFO - [2023-10-01T21:37:14.765+0000] {dagbag.py:539} INFO - Filling up the DagBag from /home/airflow/.local/lib/python3.8/site-packages/airflow/example_dags/example_short_circuit_operator.py
[2023-10-01T21:37:14.769+0000] {processor.py:839} INFO - DAG(s) dict_keys(['example_short_circuit_operator']) retrieved from /home/airflow/.local/lib/python3.8/site-packages/airflow/example_dags/example_short_circuit_operator.py
[2023-10-01T21:37:14.782+0000] {logging_mixin.py:151} INFO - [2023-10-01T21:37:14.782+0000] {dag.py:2907} INFO - Sync 1 DAGs
[2023-10-01T21:37:14.792+0000] {logging_mixin.py:151} INFO - [2023-10-01T21:37:14.792+0000] {dag.py:3677} INFO - Setting next_dagrun for example_short_circuit_operator to 2023-09-30T21:37:14.792487+00:00, run_after=2023-10-01T21:37:14.792487+00:00
[2023-10-01T21:37:14.804+0000] {processor.py:179} INFO - Processing /home/airflow/.local/lib/python3.8/site-packages/airflow/example_dags/example_short_circuit_operator.py took 0.044 seconds
[2023-10-01T23:02:28.005+0000] {processor.py:157} INFO - Started process (PID=7582) to work on /home/airflow/.local/lib/python3.8/site-packages/airflow/example_dags/example_short_circuit_operator.py
[2023-10-01T23:02:28.006+0000] {processor.py:829} INFO - Processing file /home/airflow/.local/lib/python3.8/site-packages/airflow/example_dags/example_short_circuit_operator.py for tasks to queue
[2023-10-01T23:02:28.007+0000] {logging_mixin.py:151} INFO - [2023-10-01T23:02:28.007+0000] {dagbag.py:539} INFO - Filling up the DagBag from /home/airflow/.local/lib/python3.8/site-packages/airflow/example_dags/example_short_circuit_operator.py
[2023-10-01T23:02:28.014+0000] {processor.py:839} INFO - DAG(s) dict_keys(['example_short_circuit_operator']) retrieved from /home/airflow/.local/lib/python3.8/site-packages/airflow/example_dags/example_short_circuit_operator.py
[2023-10-01T23:02:28.034+0000] {logging_mixin.py:151} INFO - [2023-10-01T23:02:28.034+0000] {dag.py:2907} INFO - Sync 1 DAGs
[2023-10-01T23:02:28.045+0000] {logging_mixin.py:151} INFO - [2023-10-01T23:02:28.045+0000] {dag.py:3677} INFO - Setting next_dagrun for example_short_circuit_operator to 2023-09-30T23:02:28.045206+00:00, run_after=2023-10-01T23:02:28.045206+00:00
[2023-10-01T23:02:28.057+0000] {processor.py:179} INFO - Processing /home/airflow/.local/lib/python3.8/site-packages/airflow/example_dags/example_short_circuit_operator.py took 0.054 seconds
