[2023-10-01T01:19:03.965+0000] {processor.py:157} INFO - Started process (PID=6756) to work on /home/airflow/.local/lib/python3.8/site-packages/airflow/example_dags/example_datasets.py
[2023-10-01T01:19:03.966+0000] {processor.py:829} INFO - Processing file /home/airflow/.local/lib/python3.8/site-packages/airflow/example_dags/example_datasets.py for tasks to queue
[2023-10-01T01:19:03.967+0000] {logging_mixin.py:151} INFO - [2023-10-01T01:19:03.967+0000] {dagbag.py:539} INFO - Filling up the DagBag from /home/airflow/.local/lib/python3.8/site-packages/airflow/example_dags/example_datasets.py
[2023-10-01T01:19:03.973+0000] {processor.py:839} INFO - DAG(s) dict_keys(['dataset_consumes_1_and_2', 'dataset_consumes_1_never_scheduled', 'dataset_produces_2', 'dataset_consumes_1', 'dataset_consumes_unknown_never_scheduled', 'dataset_produces_1']) retrieved from /home/airflow/.local/lib/python3.8/site-packages/airflow/example_dags/example_datasets.py
[2023-10-01T01:19:03.992+0000] {logging_mixin.py:151} INFO - [2023-10-01T01:19:03.992+0000] {dag.py:2907} INFO - Sync 6 DAGs
[2023-10-01T01:19:04.004+0000] {logging_mixin.py:151} INFO - [2023-10-01T01:19:04.004+0000] {dag.py:3677} INFO - Setting next_dagrun for dataset_consumes_1 to None, run_after=None
[2023-10-01T01:19:04.006+0000] {logging_mixin.py:151} INFO - [2023-10-01T01:19:04.006+0000] {dag.py:3677} INFO - Setting next_dagrun for dataset_consumes_1_and_2 to None, run_after=None
[2023-10-01T01:19:04.006+0000] {logging_mixin.py:151} INFO - [2023-10-01T01:19:04.006+0000] {dag.py:3677} INFO - Setting next_dagrun for dataset_consumes_1_never_scheduled to None, run_after=None
[2023-10-01T01:19:04.007+0000] {logging_mixin.py:151} INFO - [2023-10-01T01:19:04.007+0000] {dag.py:3677} INFO - Setting next_dagrun for dataset_consumes_unknown_never_scheduled to None, run_after=None
[2023-10-01T01:19:04.008+0000] {logging_mixin.py:151} INFO - [2023-10-01T01:19:04.008+0000] {dag.py:3677} INFO - Setting next_dagrun for dataset_produces_1 to 2023-09-30T00:00:00+00:00, run_after=2023-10-01T00:00:00+00:00
[2023-10-01T01:19:04.009+0000] {logging_mixin.py:151} INFO - [2023-10-01T01:19:04.009+0000] {dag.py:3677} INFO - Setting next_dagrun for dataset_produces_2 to None, run_after=None
[2023-10-01T01:19:04.031+0000] {processor.py:179} INFO - Processing /home/airflow/.local/lib/python3.8/site-packages/airflow/example_dags/example_datasets.py took 0.068 seconds
[2023-10-01T02:41:40.129+0000] {processor.py:157} INFO - Started process (PID=6807) to work on /home/airflow/.local/lib/python3.8/site-packages/airflow/example_dags/example_datasets.py
[2023-10-01T02:41:40.130+0000] {processor.py:829} INFO - Processing file /home/airflow/.local/lib/python3.8/site-packages/airflow/example_dags/example_datasets.py for tasks to queue
[2023-10-01T02:41:40.131+0000] {logging_mixin.py:151} INFO - [2023-10-01T02:41:40.131+0000] {dagbag.py:539} INFO - Filling up the DagBag from /home/airflow/.local/lib/python3.8/site-packages/airflow/example_dags/example_datasets.py
[2023-10-01T02:41:40.137+0000] {processor.py:839} INFO - DAG(s) dict_keys(['dataset_produces_2', 'dataset_consumes_1_and_2', 'dataset_produces_1', 'dataset_consumes_1', 'dataset_consumes_1_never_scheduled', 'dataset_consumes_unknown_never_scheduled']) retrieved from /home/airflow/.local/lib/python3.8/site-packages/airflow/example_dags/example_datasets.py
[2023-10-01T02:41:40.157+0000] {logging_mixin.py:151} INFO - [2023-10-01T02:41:40.157+0000] {dag.py:2907} INFO - Sync 6 DAGs
[2023-10-01T02:41:40.169+0000] {logging_mixin.py:151} INFO - [2023-10-01T02:41:40.169+0000] {dag.py:3677} INFO - Setting next_dagrun for dataset_consumes_1 to None, run_after=None
[2023-10-01T02:41:40.170+0000] {logging_mixin.py:151} INFO - [2023-10-01T02:41:40.170+0000] {dag.py:3677} INFO - Setting next_dagrun for dataset_consumes_1_and_2 to None, run_after=None
[2023-10-01T02:41:40.171+0000] {logging_mixin.py:151} INFO - [2023-10-01T02:41:40.171+0000] {dag.py:3677} INFO - Setting next_dagrun for dataset_consumes_1_never_scheduled to None, run_after=None
[2023-10-01T02:41:40.172+0000] {logging_mixin.py:151} INFO - [2023-10-01T02:41:40.172+0000] {dag.py:3677} INFO - Setting next_dagrun for dataset_consumes_unknown_never_scheduled to None, run_after=None
[2023-10-01T02:41:40.173+0000] {logging_mixin.py:151} INFO - [2023-10-01T02:41:40.173+0000] {dag.py:3677} INFO - Setting next_dagrun for dataset_produces_1 to 2023-09-30T00:00:00+00:00, run_after=2023-10-01T00:00:00+00:00
[2023-10-01T02:41:40.174+0000] {logging_mixin.py:151} INFO - [2023-10-01T02:41:40.174+0000] {dag.py:3677} INFO - Setting next_dagrun for dataset_produces_2 to None, run_after=None
[2023-10-01T02:41:40.195+0000] {processor.py:179} INFO - Processing /home/airflow/.local/lib/python3.8/site-packages/airflow/example_dags/example_datasets.py took 0.067 seconds
[2023-10-01T04:04:41.356+0000] {processor.py:157} INFO - Started process (PID=6858) to work on /home/airflow/.local/lib/python3.8/site-packages/airflow/example_dags/example_datasets.py
[2023-10-01T04:04:41.356+0000] {processor.py:829} INFO - Processing file /home/airflow/.local/lib/python3.8/site-packages/airflow/example_dags/example_datasets.py for tasks to queue
[2023-10-01T04:04:41.358+0000] {logging_mixin.py:151} INFO - [2023-10-01T04:04:41.357+0000] {dagbag.py:539} INFO - Filling up the DagBag from /home/airflow/.local/lib/python3.8/site-packages/airflow/example_dags/example_datasets.py
[2023-10-01T04:04:41.363+0000] {processor.py:839} INFO - DAG(s) dict_keys(['dataset_consumes_1_and_2', 'dataset_consumes_1_never_scheduled', 'dataset_produces_2', 'dataset_consumes_unknown_never_scheduled', 'dataset_consumes_1', 'dataset_produces_1']) retrieved from /home/airflow/.local/lib/python3.8/site-packages/airflow/example_dags/example_datasets.py
[2023-10-01T04:04:41.382+0000] {logging_mixin.py:151} INFO - [2023-10-01T04:04:41.382+0000] {dag.py:2907} INFO - Sync 6 DAGs
[2023-10-01T04:04:41.394+0000] {logging_mixin.py:151} INFO - [2023-10-01T04:04:41.394+0000] {dag.py:3677} INFO - Setting next_dagrun for dataset_consumes_1 to None, run_after=None
[2023-10-01T04:04:41.395+0000] {logging_mixin.py:151} INFO - [2023-10-01T04:04:41.395+0000] {dag.py:3677} INFO - Setting next_dagrun for dataset_consumes_1_and_2 to None, run_after=None
[2023-10-01T04:04:41.396+0000] {logging_mixin.py:151} INFO - [2023-10-01T04:04:41.396+0000] {dag.py:3677} INFO - Setting next_dagrun for dataset_consumes_1_never_scheduled to None, run_after=None
[2023-10-01T04:04:41.397+0000] {logging_mixin.py:151} INFO - [2023-10-01T04:04:41.397+0000] {dag.py:3677} INFO - Setting next_dagrun for dataset_consumes_unknown_never_scheduled to None, run_after=None
[2023-10-01T04:04:41.398+0000] {logging_mixin.py:151} INFO - [2023-10-01T04:04:41.398+0000] {dag.py:3677} INFO - Setting next_dagrun for dataset_produces_1 to 2023-09-30T00:00:00+00:00, run_after=2023-10-01T00:00:00+00:00
[2023-10-01T04:04:41.399+0000] {logging_mixin.py:151} INFO - [2023-10-01T04:04:41.399+0000] {dag.py:3677} INFO - Setting next_dagrun for dataset_produces_2 to None, run_after=None
[2023-10-01T04:04:41.421+0000] {processor.py:179} INFO - Processing /home/airflow/.local/lib/python3.8/site-packages/airflow/example_dags/example_datasets.py took 0.067 seconds
[2023-10-01T05:25:55.584+0000] {processor.py:157} INFO - Started process (PID=6909) to work on /home/airflow/.local/lib/python3.8/site-packages/airflow/example_dags/example_datasets.py
[2023-10-01T05:25:55.584+0000] {processor.py:829} INFO - Processing file /home/airflow/.local/lib/python3.8/site-packages/airflow/example_dags/example_datasets.py for tasks to queue
[2023-10-01T05:25:55.586+0000] {logging_mixin.py:151} INFO - [2023-10-01T05:25:55.586+0000] {dagbag.py:539} INFO - Filling up the DagBag from /home/airflow/.local/lib/python3.8/site-packages/airflow/example_dags/example_datasets.py
[2023-10-01T05:25:55.591+0000] {processor.py:839} INFO - DAG(s) dict_keys(['dataset_produces_1', 'dataset_consumes_unknown_never_scheduled', 'dataset_produces_2', 'dataset_consumes_1_and_2', 'dataset_consumes_1', 'dataset_consumes_1_never_scheduled']) retrieved from /home/airflow/.local/lib/python3.8/site-packages/airflow/example_dags/example_datasets.py
[2023-10-01T05:25:55.645+0000] {logging_mixin.py:151} INFO - [2023-10-01T05:25:55.645+0000] {dag.py:2907} INFO - Sync 6 DAGs
[2023-10-01T05:25:55.658+0000] {logging_mixin.py:151} INFO - [2023-10-01T05:25:55.658+0000] {dag.py:3677} INFO - Setting next_dagrun for dataset_consumes_1 to None, run_after=None
[2023-10-01T05:25:55.660+0000] {logging_mixin.py:151} INFO - [2023-10-01T05:25:55.660+0000] {dag.py:3677} INFO - Setting next_dagrun for dataset_consumes_1_and_2 to None, run_after=None
[2023-10-01T05:25:55.661+0000] {logging_mixin.py:151} INFO - [2023-10-01T05:25:55.661+0000] {dag.py:3677} INFO - Setting next_dagrun for dataset_consumes_1_never_scheduled to None, run_after=None
[2023-10-01T05:25:55.662+0000] {logging_mixin.py:151} INFO - [2023-10-01T05:25:55.662+0000] {dag.py:3677} INFO - Setting next_dagrun for dataset_consumes_unknown_never_scheduled to None, run_after=None
[2023-10-01T05:25:55.663+0000] {logging_mixin.py:151} INFO - [2023-10-01T05:25:55.663+0000] {dag.py:3677} INFO - Setting next_dagrun for dataset_produces_1 to 2023-09-30T00:00:00+00:00, run_after=2023-10-01T00:00:00+00:00
[2023-10-01T05:25:55.664+0000] {logging_mixin.py:151} INFO - [2023-10-01T05:25:55.664+0000] {dag.py:3677} INFO - Setting next_dagrun for dataset_produces_2 to None, run_after=None
[2023-10-01T05:25:55.698+0000] {processor.py:179} INFO - Processing /home/airflow/.local/lib/python3.8/site-packages/airflow/example_dags/example_datasets.py took 0.116 seconds
[2023-10-01T06:49:39.980+0000] {processor.py:157} INFO - Started process (PID=6960) to work on /home/airflow/.local/lib/python3.8/site-packages/airflow/example_dags/example_datasets.py
[2023-10-01T06:49:39.980+0000] {processor.py:829} INFO - Processing file /home/airflow/.local/lib/python3.8/site-packages/airflow/example_dags/example_datasets.py for tasks to queue
[2023-10-01T06:49:39.982+0000] {logging_mixin.py:151} INFO - [2023-10-01T06:49:39.981+0000] {dagbag.py:539} INFO - Filling up the DagBag from /home/airflow/.local/lib/python3.8/site-packages/airflow/example_dags/example_datasets.py
[2023-10-01T06:49:39.987+0000] {processor.py:839} INFO - DAG(s) dict_keys(['dataset_consumes_unknown_never_scheduled', 'dataset_produces_1', 'dataset_produces_2', 'dataset_consumes_1', 'dataset_consumes_1_never_scheduled', 'dataset_consumes_1_and_2']) retrieved from /home/airflow/.local/lib/python3.8/site-packages/airflow/example_dags/example_datasets.py
[2023-10-01T06:49:40.007+0000] {logging_mixin.py:151} INFO - [2023-10-01T06:49:40.007+0000] {dag.py:2907} INFO - Sync 6 DAGs
[2023-10-01T06:49:40.020+0000] {logging_mixin.py:151} INFO - [2023-10-01T06:49:40.020+0000] {dag.py:3677} INFO - Setting next_dagrun for dataset_consumes_1 to None, run_after=None
[2023-10-01T06:49:40.022+0000] {logging_mixin.py:151} INFO - [2023-10-01T06:49:40.022+0000] {dag.py:3677} INFO - Setting next_dagrun for dataset_consumes_1_and_2 to None, run_after=None
[2023-10-01T06:49:40.023+0000] {logging_mixin.py:151} INFO - [2023-10-01T06:49:40.023+0000] {dag.py:3677} INFO - Setting next_dagrun for dataset_consumes_1_never_scheduled to None, run_after=None
[2023-10-01T06:49:40.023+0000] {logging_mixin.py:151} INFO - [2023-10-01T06:49:40.023+0000] {dag.py:3677} INFO - Setting next_dagrun for dataset_consumes_unknown_never_scheduled to None, run_after=None
[2023-10-01T06:49:40.025+0000] {logging_mixin.py:151} INFO - [2023-10-01T06:49:40.025+0000] {dag.py:3677} INFO - Setting next_dagrun for dataset_produces_1 to 2023-09-30T00:00:00+00:00, run_after=2023-10-01T00:00:00+00:00
[2023-10-01T06:49:40.026+0000] {logging_mixin.py:151} INFO - [2023-10-01T06:49:40.026+0000] {dag.py:3677} INFO - Setting next_dagrun for dataset_produces_2 to None, run_after=None
[2023-10-01T06:49:40.048+0000] {processor.py:179} INFO - Processing /home/airflow/.local/lib/python3.8/site-packages/airflow/example_dags/example_datasets.py took 0.070 seconds
[2023-10-01T08:11:42.846+0000] {processor.py:157} INFO - Started process (PID=7011) to work on /home/airflow/.local/lib/python3.8/site-packages/airflow/example_dags/example_datasets.py
[2023-10-01T08:11:42.846+0000] {processor.py:829} INFO - Processing file /home/airflow/.local/lib/python3.8/site-packages/airflow/example_dags/example_datasets.py for tasks to queue
[2023-10-01T08:11:42.848+0000] {logging_mixin.py:151} INFO - [2023-10-01T08:11:42.847+0000] {dagbag.py:539} INFO - Filling up the DagBag from /home/airflow/.local/lib/python3.8/site-packages/airflow/example_dags/example_datasets.py
[2023-10-01T08:11:42.855+0000] {processor.py:839} INFO - DAG(s) dict_keys(['dataset_produces_2', 'dataset_produces_1', 'dataset_consumes_1_never_scheduled', 'dataset_consumes_1_and_2', 'dataset_consumes_unknown_never_scheduled', 'dataset_consumes_1']) retrieved from /home/airflow/.local/lib/python3.8/site-packages/airflow/example_dags/example_datasets.py
[2023-10-01T08:11:42.876+0000] {logging_mixin.py:151} INFO - [2023-10-01T08:11:42.876+0000] {dag.py:2907} INFO - Sync 6 DAGs
[2023-10-01T08:11:42.888+0000] {logging_mixin.py:151} INFO - [2023-10-01T08:11:42.888+0000] {dag.py:3677} INFO - Setting next_dagrun for dataset_consumes_1 to None, run_after=None
[2023-10-01T08:11:42.890+0000] {logging_mixin.py:151} INFO - [2023-10-01T08:11:42.890+0000] {dag.py:3677} INFO - Setting next_dagrun for dataset_consumes_1_and_2 to None, run_after=None
[2023-10-01T08:11:42.890+0000] {logging_mixin.py:151} INFO - [2023-10-01T08:11:42.890+0000] {dag.py:3677} INFO - Setting next_dagrun for dataset_consumes_1_never_scheduled to None, run_after=None
[2023-10-01T08:11:42.891+0000] {logging_mixin.py:151} INFO - [2023-10-01T08:11:42.891+0000] {dag.py:3677} INFO - Setting next_dagrun for dataset_consumes_unknown_never_scheduled to None, run_after=None
[2023-10-01T08:11:42.893+0000] {logging_mixin.py:151} INFO - [2023-10-01T08:11:42.893+0000] {dag.py:3677} INFO - Setting next_dagrun for dataset_produces_1 to 2023-09-30T00:00:00+00:00, run_after=2023-10-01T00:00:00+00:00
[2023-10-01T08:11:42.893+0000] {logging_mixin.py:151} INFO - [2023-10-01T08:11:42.893+0000] {dag.py:3677} INFO - Setting next_dagrun for dataset_produces_2 to None, run_after=None
[2023-10-01T08:11:42.915+0000] {processor.py:179} INFO - Processing /home/airflow/.local/lib/python3.8/site-packages/airflow/example_dags/example_datasets.py took 0.071 seconds
[2023-10-01T09:37:04.633+0000] {processor.py:157} INFO - Started process (PID=7062) to work on /home/airflow/.local/lib/python3.8/site-packages/airflow/example_dags/example_datasets.py
[2023-10-01T09:37:04.633+0000] {processor.py:829} INFO - Processing file /home/airflow/.local/lib/python3.8/site-packages/airflow/example_dags/example_datasets.py for tasks to queue
[2023-10-01T09:37:04.635+0000] {logging_mixin.py:151} INFO - [2023-10-01T09:37:04.634+0000] {dagbag.py:539} INFO - Filling up the DagBag from /home/airflow/.local/lib/python3.8/site-packages/airflow/example_dags/example_datasets.py
[2023-10-01T09:37:04.640+0000] {processor.py:839} INFO - DAG(s) dict_keys(['dataset_consumes_1_never_scheduled', 'dataset_consumes_1', 'dataset_consumes_1_and_2', 'dataset_produces_2', 'dataset_consumes_unknown_never_scheduled', 'dataset_produces_1']) retrieved from /home/airflow/.local/lib/python3.8/site-packages/airflow/example_dags/example_datasets.py
[2023-10-01T09:37:04.659+0000] {logging_mixin.py:151} INFO - [2023-10-01T09:37:04.659+0000] {dag.py:2907} INFO - Sync 6 DAGs
[2023-10-01T09:37:04.671+0000] {logging_mixin.py:151} INFO - [2023-10-01T09:37:04.671+0000] {dag.py:3677} INFO - Setting next_dagrun for dataset_consumes_1 to None, run_after=None
[2023-10-01T09:37:04.673+0000] {logging_mixin.py:151} INFO - [2023-10-01T09:37:04.673+0000] {dag.py:3677} INFO - Setting next_dagrun for dataset_consumes_1_and_2 to None, run_after=None
[2023-10-01T09:37:04.673+0000] {logging_mixin.py:151} INFO - [2023-10-01T09:37:04.673+0000] {dag.py:3677} INFO - Setting next_dagrun for dataset_consumes_1_never_scheduled to None, run_after=None
[2023-10-01T09:37:04.675+0000] {logging_mixin.py:151} INFO - [2023-10-01T09:37:04.675+0000] {dag.py:3677} INFO - Setting next_dagrun for dataset_consumes_unknown_never_scheduled to None, run_after=None
[2023-10-01T09:37:04.677+0000] {logging_mixin.py:151} INFO - [2023-10-01T09:37:04.677+0000] {dag.py:3677} INFO - Setting next_dagrun for dataset_produces_1 to 2023-09-30T00:00:00+00:00, run_after=2023-10-01T00:00:00+00:00
[2023-10-01T09:37:04.677+0000] {logging_mixin.py:151} INFO - [2023-10-01T09:37:04.677+0000] {dag.py:3677} INFO - Setting next_dagrun for dataset_produces_2 to None, run_after=None
[2023-10-01T09:37:04.699+0000] {processor.py:179} INFO - Processing /home/airflow/.local/lib/python3.8/site-packages/airflow/example_dags/example_datasets.py took 0.069 seconds
[2023-10-01T10:58:13.127+0000] {processor.py:157} INFO - Started process (PID=7113) to work on /home/airflow/.local/lib/python3.8/site-packages/airflow/example_dags/example_datasets.py
[2023-10-01T10:58:13.127+0000] {processor.py:829} INFO - Processing file /home/airflow/.local/lib/python3.8/site-packages/airflow/example_dags/example_datasets.py for tasks to queue
[2023-10-01T10:58:13.129+0000] {logging_mixin.py:151} INFO - [2023-10-01T10:58:13.128+0000] {dagbag.py:539} INFO - Filling up the DagBag from /home/airflow/.local/lib/python3.8/site-packages/airflow/example_dags/example_datasets.py
[2023-10-01T10:58:13.134+0000] {processor.py:839} INFO - DAG(s) dict_keys(['dataset_consumes_unknown_never_scheduled', 'dataset_consumes_1_never_scheduled', 'dataset_produces_2', 'dataset_consumes_1_and_2', 'dataset_consumes_1', 'dataset_produces_1']) retrieved from /home/airflow/.local/lib/python3.8/site-packages/airflow/example_dags/example_datasets.py
[2023-10-01T10:58:13.154+0000] {logging_mixin.py:151} INFO - [2023-10-01T10:58:13.154+0000] {dag.py:2907} INFO - Sync 6 DAGs
[2023-10-01T10:58:13.166+0000] {logging_mixin.py:151} INFO - [2023-10-01T10:58:13.166+0000] {dag.py:3677} INFO - Setting next_dagrun for dataset_consumes_1 to None, run_after=None
[2023-10-01T10:58:13.168+0000] {logging_mixin.py:151} INFO - [2023-10-01T10:58:13.168+0000] {dag.py:3677} INFO - Setting next_dagrun for dataset_consumes_1_and_2 to None, run_after=None
[2023-10-01T10:58:13.169+0000] {logging_mixin.py:151} INFO - [2023-10-01T10:58:13.169+0000] {dag.py:3677} INFO - Setting next_dagrun for dataset_consumes_1_never_scheduled to None, run_after=None
[2023-10-01T10:58:13.170+0000] {logging_mixin.py:151} INFO - [2023-10-01T10:58:13.170+0000] {dag.py:3677} INFO - Setting next_dagrun for dataset_consumes_unknown_never_scheduled to None, run_after=None
[2023-10-01T10:58:13.171+0000] {logging_mixin.py:151} INFO - [2023-10-01T10:58:13.171+0000] {dag.py:3677} INFO - Setting next_dagrun for dataset_produces_1 to 2023-09-30T00:00:00+00:00, run_after=2023-10-01T00:00:00+00:00
[2023-10-01T10:58:13.172+0000] {logging_mixin.py:151} INFO - [2023-10-01T10:58:13.172+0000] {dag.py:3677} INFO - Setting next_dagrun for dataset_produces_2 to None, run_after=None
[2023-10-01T10:58:13.194+0000] {processor.py:179} INFO - Processing /home/airflow/.local/lib/python3.8/site-packages/airflow/example_dags/example_datasets.py took 0.069 seconds
[2023-10-01T12:21:06.260+0000] {processor.py:157} INFO - Started process (PID=7164) to work on /home/airflow/.local/lib/python3.8/site-packages/airflow/example_dags/example_datasets.py
[2023-10-01T12:21:06.260+0000] {processor.py:829} INFO - Processing file /home/airflow/.local/lib/python3.8/site-packages/airflow/example_dags/example_datasets.py for tasks to queue
[2023-10-01T12:21:06.262+0000] {logging_mixin.py:151} INFO - [2023-10-01T12:21:06.262+0000] {dagbag.py:539} INFO - Filling up the DagBag from /home/airflow/.local/lib/python3.8/site-packages/airflow/example_dags/example_datasets.py
[2023-10-01T12:21:06.268+0000] {processor.py:839} INFO - DAG(s) dict_keys(['dataset_produces_1', 'dataset_produces_2', 'dataset_consumes_unknown_never_scheduled', 'dataset_consumes_1_and_2', 'dataset_consumes_1', 'dataset_consumes_1_never_scheduled']) retrieved from /home/airflow/.local/lib/python3.8/site-packages/airflow/example_dags/example_datasets.py
[2023-10-01T12:21:06.291+0000] {logging_mixin.py:151} INFO - [2023-10-01T12:21:06.291+0000] {dag.py:2907} INFO - Sync 6 DAGs
[2023-10-01T12:21:06.306+0000] {logging_mixin.py:151} INFO - [2023-10-01T12:21:06.306+0000] {dag.py:3677} INFO - Setting next_dagrun for dataset_consumes_1 to None, run_after=None
[2023-10-01T12:21:06.308+0000] {logging_mixin.py:151} INFO - [2023-10-01T12:21:06.307+0000] {dag.py:3677} INFO - Setting next_dagrun for dataset_consumes_1_and_2 to None, run_after=None
[2023-10-01T12:21:06.308+0000] {logging_mixin.py:151} INFO - [2023-10-01T12:21:06.308+0000] {dag.py:3677} INFO - Setting next_dagrun for dataset_consumes_1_never_scheduled to None, run_after=None
[2023-10-01T12:21:06.309+0000] {logging_mixin.py:151} INFO - [2023-10-01T12:21:06.309+0000] {dag.py:3677} INFO - Setting next_dagrun for dataset_consumes_unknown_never_scheduled to None, run_after=None
[2023-10-01T12:21:06.312+0000] {logging_mixin.py:151} INFO - [2023-10-01T12:21:06.311+0000] {dag.py:3677} INFO - Setting next_dagrun for dataset_produces_1 to 2023-09-30T00:00:00+00:00, run_after=2023-10-01T00:00:00+00:00
[2023-10-01T12:21:06.313+0000] {logging_mixin.py:151} INFO - [2023-10-01T12:21:06.313+0000] {dag.py:3677} INFO - Setting next_dagrun for dataset_produces_2 to None, run_after=None
[2023-10-01T12:21:06.335+0000] {processor.py:179} INFO - Processing /home/airflow/.local/lib/python3.8/site-packages/airflow/example_dags/example_datasets.py took 0.077 seconds
[2023-10-01T13:43:19.402+0000] {processor.py:157} INFO - Started process (PID=7215) to work on /home/airflow/.local/lib/python3.8/site-packages/airflow/example_dags/example_datasets.py
[2023-10-01T13:43:19.403+0000] {processor.py:829} INFO - Processing file /home/airflow/.local/lib/python3.8/site-packages/airflow/example_dags/example_datasets.py for tasks to queue
[2023-10-01T13:43:19.404+0000] {logging_mixin.py:151} INFO - [2023-10-01T13:43:19.404+0000] {dagbag.py:539} INFO - Filling up the DagBag from /home/airflow/.local/lib/python3.8/site-packages/airflow/example_dags/example_datasets.py
[2023-10-01T13:43:19.410+0000] {processor.py:839} INFO - DAG(s) dict_keys(['dataset_consumes_1_never_scheduled', 'dataset_produces_2', 'dataset_produces_1', 'dataset_consumes_1_and_2', 'dataset_consumes_unknown_never_scheduled', 'dataset_consumes_1']) retrieved from /home/airflow/.local/lib/python3.8/site-packages/airflow/example_dags/example_datasets.py
[2023-10-01T13:43:19.431+0000] {logging_mixin.py:151} INFO - [2023-10-01T13:43:19.431+0000] {dag.py:2907} INFO - Sync 6 DAGs
[2023-10-01T13:43:19.443+0000] {logging_mixin.py:151} INFO - [2023-10-01T13:43:19.443+0000] {dag.py:3677} INFO - Setting next_dagrun for dataset_consumes_1 to None, run_after=None
[2023-10-01T13:43:19.445+0000] {logging_mixin.py:151} INFO - [2023-10-01T13:43:19.445+0000] {dag.py:3677} INFO - Setting next_dagrun for dataset_consumes_1_and_2 to None, run_after=None
[2023-10-01T13:43:19.445+0000] {logging_mixin.py:151} INFO - [2023-10-01T13:43:19.445+0000] {dag.py:3677} INFO - Setting next_dagrun for dataset_consumes_1_never_scheduled to None, run_after=None
[2023-10-01T13:43:19.446+0000] {logging_mixin.py:151} INFO - [2023-10-01T13:43:19.446+0000] {dag.py:3677} INFO - Setting next_dagrun for dataset_consumes_unknown_never_scheduled to None, run_after=None
[2023-10-01T13:43:19.448+0000] {logging_mixin.py:151} INFO - [2023-10-01T13:43:19.448+0000] {dag.py:3677} INFO - Setting next_dagrun for dataset_produces_1 to 2023-09-30T00:00:00+00:00, run_after=2023-10-01T00:00:00+00:00
[2023-10-01T13:43:19.448+0000] {logging_mixin.py:151} INFO - [2023-10-01T13:43:19.448+0000] {dag.py:3677} INFO - Setting next_dagrun for dataset_produces_2 to None, run_after=None
[2023-10-01T13:43:19.471+0000] {processor.py:179} INFO - Processing /home/airflow/.local/lib/python3.8/site-packages/airflow/example_dags/example_datasets.py took 0.070 seconds
[2023-10-01T15:05:43.018+0000] {processor.py:157} INFO - Started process (PID=7266) to work on /home/airflow/.local/lib/python3.8/site-packages/airflow/example_dags/example_datasets.py
[2023-10-01T15:05:43.018+0000] {processor.py:829} INFO - Processing file /home/airflow/.local/lib/python3.8/site-packages/airflow/example_dags/example_datasets.py for tasks to queue
[2023-10-01T15:05:43.020+0000] {logging_mixin.py:151} INFO - [2023-10-01T15:05:43.020+0000] {dagbag.py:539} INFO - Filling up the DagBag from /home/airflow/.local/lib/python3.8/site-packages/airflow/example_dags/example_datasets.py
[2023-10-01T15:05:43.025+0000] {processor.py:839} INFO - DAG(s) dict_keys(['dataset_consumes_unknown_never_scheduled', 'dataset_consumes_1_never_scheduled', 'dataset_consumes_1', 'dataset_produces_2', 'dataset_consumes_1_and_2', 'dataset_produces_1']) retrieved from /home/airflow/.local/lib/python3.8/site-packages/airflow/example_dags/example_datasets.py
[2023-10-01T15:05:43.045+0000] {logging_mixin.py:151} INFO - [2023-10-01T15:05:43.044+0000] {dag.py:2907} INFO - Sync 6 DAGs
[2023-10-01T15:05:43.056+0000] {logging_mixin.py:151} INFO - [2023-10-01T15:05:43.056+0000] {dag.py:3677} INFO - Setting next_dagrun for dataset_consumes_1 to None, run_after=None
[2023-10-01T15:05:43.059+0000] {logging_mixin.py:151} INFO - [2023-10-01T15:05:43.058+0000] {dag.py:3677} INFO - Setting next_dagrun for dataset_consumes_1_and_2 to None, run_after=None
[2023-10-01T15:05:43.059+0000] {logging_mixin.py:151} INFO - [2023-10-01T15:05:43.059+0000] {dag.py:3677} INFO - Setting next_dagrun for dataset_consumes_1_never_scheduled to None, run_after=None
[2023-10-01T15:05:43.060+0000] {logging_mixin.py:151} INFO - [2023-10-01T15:05:43.060+0000] {dag.py:3677} INFO - Setting next_dagrun for dataset_consumes_unknown_never_scheduled to None, run_after=None
[2023-10-01T15:05:43.061+0000] {logging_mixin.py:151} INFO - [2023-10-01T15:05:43.061+0000] {dag.py:3677} INFO - Setting next_dagrun for dataset_produces_1 to 2023-09-30T00:00:00+00:00, run_after=2023-10-01T00:00:00+00:00
[2023-10-01T15:05:43.062+0000] {logging_mixin.py:151} INFO - [2023-10-01T15:05:43.062+0000] {dag.py:3677} INFO - Setting next_dagrun for dataset_produces_2 to None, run_after=None
[2023-10-01T15:05:43.082+0000] {processor.py:179} INFO - Processing /home/airflow/.local/lib/python3.8/site-packages/airflow/example_dags/example_datasets.py took 0.067 seconds
[2023-10-01T16:27:32.186+0000] {processor.py:157} INFO - Started process (PID=7317) to work on /home/airflow/.local/lib/python3.8/site-packages/airflow/example_dags/example_datasets.py
[2023-10-01T16:27:32.187+0000] {processor.py:829} INFO - Processing file /home/airflow/.local/lib/python3.8/site-packages/airflow/example_dags/example_datasets.py for tasks to queue
[2023-10-01T16:27:32.188+0000] {logging_mixin.py:151} INFO - [2023-10-01T16:27:32.188+0000] {dagbag.py:539} INFO - Filling up the DagBag from /home/airflow/.local/lib/python3.8/site-packages/airflow/example_dags/example_datasets.py
[2023-10-01T16:27:32.196+0000] {processor.py:839} INFO - DAG(s) dict_keys(['dataset_produces_1', 'dataset_produces_2', 'dataset_consumes_1_never_scheduled', 'dataset_consumes_unknown_never_scheduled', 'dataset_consumes_1_and_2', 'dataset_consumes_1']) retrieved from /home/airflow/.local/lib/python3.8/site-packages/airflow/example_dags/example_datasets.py
[2023-10-01T16:27:32.215+0000] {logging_mixin.py:151} INFO - [2023-10-01T16:27:32.215+0000] {dag.py:2907} INFO - Sync 6 DAGs
[2023-10-01T16:27:32.227+0000] {logging_mixin.py:151} INFO - [2023-10-01T16:27:32.226+0000] {dag.py:3677} INFO - Setting next_dagrun for dataset_consumes_1 to None, run_after=None
[2023-10-01T16:27:32.228+0000] {logging_mixin.py:151} INFO - [2023-10-01T16:27:32.228+0000] {dag.py:3677} INFO - Setting next_dagrun for dataset_consumes_1_and_2 to None, run_after=None
[2023-10-01T16:27:32.229+0000] {logging_mixin.py:151} INFO - [2023-10-01T16:27:32.229+0000] {dag.py:3677} INFO - Setting next_dagrun for dataset_consumes_1_never_scheduled to None, run_after=None
[2023-10-01T16:27:32.230+0000] {logging_mixin.py:151} INFO - [2023-10-01T16:27:32.230+0000] {dag.py:3677} INFO - Setting next_dagrun for dataset_consumes_unknown_never_scheduled to None, run_after=None
[2023-10-01T16:27:32.231+0000] {logging_mixin.py:151} INFO - [2023-10-01T16:27:32.231+0000] {dag.py:3677} INFO - Setting next_dagrun for dataset_produces_1 to 2023-09-30T00:00:00+00:00, run_after=2023-10-01T00:00:00+00:00
[2023-10-01T16:27:32.232+0000] {logging_mixin.py:151} INFO - [2023-10-01T16:27:32.232+0000] {dag.py:3677} INFO - Setting next_dagrun for dataset_produces_2 to None, run_after=None
[2023-10-01T16:27:32.254+0000] {processor.py:179} INFO - Processing /home/airflow/.local/lib/python3.8/site-packages/airflow/example_dags/example_datasets.py took 0.070 seconds
[2023-10-01T17:48:05.874+0000] {processor.py:157} INFO - Started process (PID=7368) to work on /home/airflow/.local/lib/python3.8/site-packages/airflow/example_dags/example_datasets.py
[2023-10-01T17:48:05.874+0000] {processor.py:829} INFO - Processing file /home/airflow/.local/lib/python3.8/site-packages/airflow/example_dags/example_datasets.py for tasks to queue
[2023-10-01T17:48:05.876+0000] {logging_mixin.py:151} INFO - [2023-10-01T17:48:05.876+0000] {dagbag.py:539} INFO - Filling up the DagBag from /home/airflow/.local/lib/python3.8/site-packages/airflow/example_dags/example_datasets.py
[2023-10-01T17:48:05.881+0000] {processor.py:839} INFO - DAG(s) dict_keys(['dataset_consumes_1_and_2', 'dataset_consumes_1', 'dataset_consumes_1_never_scheduled', 'dataset_consumes_unknown_never_scheduled', 'dataset_produces_2', 'dataset_produces_1']) retrieved from /home/airflow/.local/lib/python3.8/site-packages/airflow/example_dags/example_datasets.py
[2023-10-01T17:48:05.903+0000] {logging_mixin.py:151} INFO - [2023-10-01T17:48:05.903+0000] {dag.py:2907} INFO - Sync 6 DAGs
[2023-10-01T17:48:05.915+0000] {logging_mixin.py:151} INFO - [2023-10-01T17:48:05.915+0000] {dag.py:3677} INFO - Setting next_dagrun for dataset_consumes_1 to None, run_after=None
[2023-10-01T17:48:05.917+0000] {logging_mixin.py:151} INFO - [2023-10-01T17:48:05.917+0000] {dag.py:3677} INFO - Setting next_dagrun for dataset_consumes_1_and_2 to None, run_after=None
[2023-10-01T17:48:05.918+0000] {logging_mixin.py:151} INFO - [2023-10-01T17:48:05.918+0000] {dag.py:3677} INFO - Setting next_dagrun for dataset_consumes_1_never_scheduled to None, run_after=None
[2023-10-01T17:48:05.919+0000] {logging_mixin.py:151} INFO - [2023-10-01T17:48:05.919+0000] {dag.py:3677} INFO - Setting next_dagrun for dataset_consumes_unknown_never_scheduled to None, run_after=None
[2023-10-01T17:48:05.921+0000] {logging_mixin.py:151} INFO - [2023-10-01T17:48:05.920+0000] {dag.py:3677} INFO - Setting next_dagrun for dataset_produces_1 to 2023-09-30T00:00:00+00:00, run_after=2023-10-01T00:00:00+00:00
[2023-10-01T17:48:05.921+0000] {logging_mixin.py:151} INFO - [2023-10-01T17:48:05.921+0000] {dag.py:3677} INFO - Setting next_dagrun for dataset_produces_2 to None, run_after=None
[2023-10-01T17:48:05.948+0000] {processor.py:179} INFO - Processing /home/airflow/.local/lib/python3.8/site-packages/airflow/example_dags/example_datasets.py took 0.077 seconds
[2023-10-01T19:11:19.873+0000] {processor.py:157} INFO - Started process (PID=7419) to work on /home/airflow/.local/lib/python3.8/site-packages/airflow/example_dags/example_datasets.py
[2023-10-01T19:11:19.874+0000] {processor.py:829} INFO - Processing file /home/airflow/.local/lib/python3.8/site-packages/airflow/example_dags/example_datasets.py for tasks to queue
[2023-10-01T19:11:19.875+0000] {logging_mixin.py:151} INFO - [2023-10-01T19:11:19.875+0000] {dagbag.py:539} INFO - Filling up the DagBag from /home/airflow/.local/lib/python3.8/site-packages/airflow/example_dags/example_datasets.py
[2023-10-01T19:11:19.881+0000] {processor.py:839} INFO - DAG(s) dict_keys(['dataset_consumes_unknown_never_scheduled', 'dataset_consumes_1', 'dataset_consumes_1_and_2', 'dataset_produces_2', 'dataset_consumes_1_never_scheduled', 'dataset_produces_1']) retrieved from /home/airflow/.local/lib/python3.8/site-packages/airflow/example_dags/example_datasets.py
[2023-10-01T19:11:19.902+0000] {logging_mixin.py:151} INFO - [2023-10-01T19:11:19.902+0000] {dag.py:2907} INFO - Sync 6 DAGs
[2023-10-01T19:11:19.914+0000] {logging_mixin.py:151} INFO - [2023-10-01T19:11:19.914+0000] {dag.py:3677} INFO - Setting next_dagrun for dataset_consumes_1 to None, run_after=None
[2023-10-01T19:11:19.916+0000] {logging_mixin.py:151} INFO - [2023-10-01T19:11:19.916+0000] {dag.py:3677} INFO - Setting next_dagrun for dataset_consumes_1_and_2 to None, run_after=None
[2023-10-01T19:11:19.917+0000] {logging_mixin.py:151} INFO - [2023-10-01T19:11:19.917+0000] {dag.py:3677} INFO - Setting next_dagrun for dataset_consumes_1_never_scheduled to None, run_after=None
[2023-10-01T19:11:19.917+0000] {logging_mixin.py:151} INFO - [2023-10-01T19:11:19.917+0000] {dag.py:3677} INFO - Setting next_dagrun for dataset_consumes_unknown_never_scheduled to None, run_after=None
[2023-10-01T19:11:19.919+0000] {logging_mixin.py:151} INFO - [2023-10-01T19:11:19.919+0000] {dag.py:3677} INFO - Setting next_dagrun for dataset_produces_1 to 2023-09-30T00:00:00+00:00, run_after=2023-10-01T00:00:00+00:00
[2023-10-01T19:11:19.919+0000] {logging_mixin.py:151} INFO - [2023-10-01T19:11:19.919+0000] {dag.py:3677} INFO - Setting next_dagrun for dataset_produces_2 to None, run_after=None
[2023-10-01T19:11:19.941+0000] {processor.py:179} INFO - Processing /home/airflow/.local/lib/python3.8/site-packages/airflow/example_dags/example_datasets.py took 0.071 seconds
[2023-10-01T20:17:35.912+0000] {processor.py:157} INFO - Started process (PID=7470) to work on /home/airflow/.local/lib/python3.8/site-packages/airflow/example_dags/example_datasets.py
[2023-10-01T20:17:35.912+0000] {processor.py:829} INFO - Processing file /home/airflow/.local/lib/python3.8/site-packages/airflow/example_dags/example_datasets.py for tasks to queue
[2023-10-01T20:17:35.914+0000] {logging_mixin.py:151} INFO - [2023-10-01T20:17:35.914+0000] {dagbag.py:539} INFO - Filling up the DagBag from /home/airflow/.local/lib/python3.8/site-packages/airflow/example_dags/example_datasets.py
[2023-10-01T20:17:35.919+0000] {processor.py:839} INFO - DAG(s) dict_keys(['dataset_consumes_1_never_scheduled', 'dataset_produces_2', 'dataset_produces_1', 'dataset_consumes_1', 'dataset_consumes_unknown_never_scheduled', 'dataset_consumes_1_and_2']) retrieved from /home/airflow/.local/lib/python3.8/site-packages/airflow/example_dags/example_datasets.py
[2023-10-01T20:17:35.939+0000] {logging_mixin.py:151} INFO - [2023-10-01T20:17:35.939+0000] {dag.py:2907} INFO - Sync 6 DAGs
[2023-10-01T20:17:35.951+0000] {logging_mixin.py:151} INFO - [2023-10-01T20:17:35.951+0000] {dag.py:3677} INFO - Setting next_dagrun for dataset_consumes_1 to None, run_after=None
[2023-10-01T20:17:35.953+0000] {logging_mixin.py:151} INFO - [2023-10-01T20:17:35.953+0000] {dag.py:3677} INFO - Setting next_dagrun for dataset_consumes_1_and_2 to None, run_after=None
[2023-10-01T20:17:35.954+0000] {logging_mixin.py:151} INFO - [2023-10-01T20:17:35.953+0000] {dag.py:3677} INFO - Setting next_dagrun for dataset_consumes_1_never_scheduled to None, run_after=None
[2023-10-01T20:17:35.954+0000] {logging_mixin.py:151} INFO - [2023-10-01T20:17:35.954+0000] {dag.py:3677} INFO - Setting next_dagrun for dataset_consumes_unknown_never_scheduled to None, run_after=None
[2023-10-01T20:17:35.956+0000] {logging_mixin.py:151} INFO - [2023-10-01T20:17:35.956+0000] {dag.py:3677} INFO - Setting next_dagrun for dataset_produces_1 to 2023-09-30T00:00:00+00:00, run_after=2023-10-01T00:00:00+00:00
[2023-10-01T20:17:35.957+0000] {logging_mixin.py:151} INFO - [2023-10-01T20:17:35.957+0000] {dag.py:3677} INFO - Setting next_dagrun for dataset_produces_2 to None, run_after=None
[2023-10-01T20:17:35.978+0000] {processor.py:179} INFO - Processing /home/airflow/.local/lib/python3.8/site-packages/airflow/example_dags/example_datasets.py took 0.069 seconds
[2023-10-01T21:37:14.392+0000] {processor.py:157} INFO - Started process (PID=7521) to work on /home/airflow/.local/lib/python3.8/site-packages/airflow/example_dags/example_datasets.py
[2023-10-01T21:37:14.392+0000] {processor.py:829} INFO - Processing file /home/airflow/.local/lib/python3.8/site-packages/airflow/example_dags/example_datasets.py for tasks to queue
[2023-10-01T21:37:14.393+0000] {logging_mixin.py:151} INFO - [2023-10-01T21:37:14.393+0000] {dagbag.py:539} INFO - Filling up the DagBag from /home/airflow/.local/lib/python3.8/site-packages/airflow/example_dags/example_datasets.py
[2023-10-01T21:37:14.399+0000] {processor.py:839} INFO - DAG(s) dict_keys(['dataset_produces_1', 'dataset_consumes_1_and_2', 'dataset_consumes_1_never_scheduled', 'dataset_consumes_1', 'dataset_consumes_unknown_never_scheduled', 'dataset_produces_2']) retrieved from /home/airflow/.local/lib/python3.8/site-packages/airflow/example_dags/example_datasets.py
[2023-10-01T21:37:14.419+0000] {logging_mixin.py:151} INFO - [2023-10-01T21:37:14.419+0000] {dag.py:2907} INFO - Sync 6 DAGs
[2023-10-01T21:37:14.432+0000] {logging_mixin.py:151} INFO - [2023-10-01T21:37:14.432+0000] {dag.py:3677} INFO - Setting next_dagrun for dataset_consumes_1 to None, run_after=None
[2023-10-01T21:37:14.434+0000] {logging_mixin.py:151} INFO - [2023-10-01T21:37:14.434+0000] {dag.py:3677} INFO - Setting next_dagrun for dataset_consumes_1_and_2 to None, run_after=None
[2023-10-01T21:37:14.435+0000] {logging_mixin.py:151} INFO - [2023-10-01T21:37:14.435+0000] {dag.py:3677} INFO - Setting next_dagrun for dataset_consumes_1_never_scheduled to None, run_after=None
[2023-10-01T21:37:14.436+0000] {logging_mixin.py:151} INFO - [2023-10-01T21:37:14.436+0000] {dag.py:3677} INFO - Setting next_dagrun for dataset_consumes_unknown_never_scheduled to None, run_after=None
[2023-10-01T21:37:14.437+0000] {logging_mixin.py:151} INFO - [2023-10-01T21:37:14.437+0000] {dag.py:3677} INFO - Setting next_dagrun for dataset_produces_1 to 2023-09-30T00:00:00+00:00, run_after=2023-10-01T00:00:00+00:00
[2023-10-01T21:37:14.438+0000] {logging_mixin.py:151} INFO - [2023-10-01T21:37:14.438+0000] {dag.py:3677} INFO - Setting next_dagrun for dataset_produces_2 to None, run_after=None
[2023-10-01T21:37:14.459+0000] {processor.py:179} INFO - Processing /home/airflow/.local/lib/python3.8/site-packages/airflow/example_dags/example_datasets.py took 0.069 seconds
[2023-10-01T23:02:27.699+0000] {processor.py:157} INFO - Started process (PID=7572) to work on /home/airflow/.local/lib/python3.8/site-packages/airflow/example_dags/example_datasets.py
[2023-10-01T23:02:27.700+0000] {processor.py:829} INFO - Processing file /home/airflow/.local/lib/python3.8/site-packages/airflow/example_dags/example_datasets.py for tasks to queue
[2023-10-01T23:02:27.701+0000] {logging_mixin.py:151} INFO - [2023-10-01T23:02:27.701+0000] {dagbag.py:539} INFO - Filling up the DagBag from /home/airflow/.local/lib/python3.8/site-packages/airflow/example_dags/example_datasets.py
[2023-10-01T23:02:27.706+0000] {processor.py:839} INFO - DAG(s) dict_keys(['dataset_produces_2', 'dataset_produces_1', 'dataset_consumes_1_and_2', 'dataset_consumes_unknown_never_scheduled', 'dataset_consumes_1', 'dataset_consumes_1_never_scheduled']) retrieved from /home/airflow/.local/lib/python3.8/site-packages/airflow/example_dags/example_datasets.py
[2023-10-01T23:02:27.726+0000] {logging_mixin.py:151} INFO - [2023-10-01T23:02:27.726+0000] {dag.py:2907} INFO - Sync 6 DAGs
[2023-10-01T23:02:27.738+0000] {logging_mixin.py:151} INFO - [2023-10-01T23:02:27.738+0000] {dag.py:3677} INFO - Setting next_dagrun for dataset_consumes_1 to None, run_after=None
[2023-10-01T23:02:27.740+0000] {logging_mixin.py:151} INFO - [2023-10-01T23:02:27.740+0000] {dag.py:3677} INFO - Setting next_dagrun for dataset_consumes_1_and_2 to None, run_after=None
[2023-10-01T23:02:27.741+0000] {logging_mixin.py:151} INFO - [2023-10-01T23:02:27.741+0000] {dag.py:3677} INFO - Setting next_dagrun for dataset_consumes_1_never_scheduled to None, run_after=None
[2023-10-01T23:02:27.741+0000] {logging_mixin.py:151} INFO - [2023-10-01T23:02:27.741+0000] {dag.py:3677} INFO - Setting next_dagrun for dataset_consumes_unknown_never_scheduled to None, run_after=None
[2023-10-01T23:02:27.743+0000] {logging_mixin.py:151} INFO - [2023-10-01T23:02:27.743+0000] {dag.py:3677} INFO - Setting next_dagrun for dataset_produces_1 to 2023-09-30T00:00:00+00:00, run_after=2023-10-01T00:00:00+00:00
[2023-10-01T23:02:27.744+0000] {logging_mixin.py:151} INFO - [2023-10-01T23:02:27.744+0000] {dag.py:3677} INFO - Setting next_dagrun for dataset_produces_2 to None, run_after=None
[2023-10-01T23:02:27.766+0000] {processor.py:179} INFO - Processing /home/airflow/.local/lib/python3.8/site-packages/airflow/example_dags/example_datasets.py took 0.069 seconds
