[2023-10-01T01:19:04.328+0000] {processor.py:157} INFO - Started process (PID=6764) to work on /home/airflow/.local/lib/python3.8/site-packages/airflow/example_dags/example_external_task_marker_dag.py
[2023-10-01T01:19:04.328+0000] {processor.py:829} INFO - Processing file /home/airflow/.local/lib/python3.8/site-packages/airflow/example_dags/example_external_task_marker_dag.py for tasks to queue
[2023-10-01T01:19:04.329+0000] {logging_mixin.py:151} INFO - [2023-10-01T01:19:04.329+0000] {dagbag.py:539} INFO - Filling up the DagBag from /home/airflow/.local/lib/python3.8/site-packages/airflow/example_dags/example_external_task_marker_dag.py
[2023-10-01T01:19:04.333+0000] {processor.py:839} INFO - DAG(s) dict_keys(['example_external_task_marker_parent', 'example_external_task_marker_child']) retrieved from /home/airflow/.local/lib/python3.8/site-packages/airflow/example_dags/example_external_task_marker_dag.py
[2023-10-01T01:19:04.348+0000] {logging_mixin.py:151} INFO - [2023-10-01T01:19:04.348+0000] {dag.py:2907} INFO - Sync 2 DAGs
[2023-10-01T01:19:04.355+0000] {logging_mixin.py:151} INFO - [2023-10-01T01:19:04.355+0000] {dag.py:3677} INFO - Setting next_dagrun for example_external_task_marker_child to None, run_after=None
[2023-10-01T01:19:04.356+0000] {logging_mixin.py:151} INFO - [2023-10-01T01:19:04.356+0000] {dag.py:3677} INFO - Setting next_dagrun for example_external_task_marker_parent to None, run_after=None
[2023-10-01T01:19:04.367+0000] {processor.py:179} INFO - Processing /home/airflow/.local/lib/python3.8/site-packages/airflow/example_dags/example_external_task_marker_dag.py took 0.041 seconds
[2023-10-01T02:41:40.350+0000] {processor.py:157} INFO - Started process (PID=6815) to work on /home/airflow/.local/lib/python3.8/site-packages/airflow/example_dags/example_external_task_marker_dag.py
[2023-10-01T02:41:40.350+0000] {processor.py:829} INFO - Processing file /home/airflow/.local/lib/python3.8/site-packages/airflow/example_dags/example_external_task_marker_dag.py for tasks to queue
[2023-10-01T02:41:40.352+0000] {logging_mixin.py:151} INFO - [2023-10-01T02:41:40.352+0000] {dagbag.py:539} INFO - Filling up the DagBag from /home/airflow/.local/lib/python3.8/site-packages/airflow/example_dags/example_external_task_marker_dag.py
[2023-10-01T02:41:40.355+0000] {processor.py:839} INFO - DAG(s) dict_keys(['example_external_task_marker_child', 'example_external_task_marker_parent']) retrieved from /home/airflow/.local/lib/python3.8/site-packages/airflow/example_dags/example_external_task_marker_dag.py
[2023-10-01T02:41:40.369+0000] {logging_mixin.py:151} INFO - [2023-10-01T02:41:40.369+0000] {dag.py:2907} INFO - Sync 2 DAGs
[2023-10-01T02:41:40.375+0000] {logging_mixin.py:151} INFO - [2023-10-01T02:41:40.375+0000] {dag.py:3677} INFO - Setting next_dagrun for example_external_task_marker_child to None, run_after=None
[2023-10-01T02:41:40.377+0000] {logging_mixin.py:151} INFO - [2023-10-01T02:41:40.377+0000] {dag.py:3677} INFO - Setting next_dagrun for example_external_task_marker_parent to None, run_after=None
[2023-10-01T02:41:40.388+0000] {processor.py:179} INFO - Processing /home/airflow/.local/lib/python3.8/site-packages/airflow/example_dags/example_external_task_marker_dag.py took 0.040 seconds
[2023-10-01T04:04:41.647+0000] {processor.py:157} INFO - Started process (PID=6866) to work on /home/airflow/.local/lib/python3.8/site-packages/airflow/example_dags/example_external_task_marker_dag.py
[2023-10-01T04:04:41.648+0000] {processor.py:829} INFO - Processing file /home/airflow/.local/lib/python3.8/site-packages/airflow/example_dags/example_external_task_marker_dag.py for tasks to queue
[2023-10-01T04:04:41.649+0000] {logging_mixin.py:151} INFO - [2023-10-01T04:04:41.649+0000] {dagbag.py:539} INFO - Filling up the DagBag from /home/airflow/.local/lib/python3.8/site-packages/airflow/example_dags/example_external_task_marker_dag.py
[2023-10-01T04:04:41.653+0000] {processor.py:839} INFO - DAG(s) dict_keys(['example_external_task_marker_child', 'example_external_task_marker_parent']) retrieved from /home/airflow/.local/lib/python3.8/site-packages/airflow/example_dags/example_external_task_marker_dag.py
[2023-10-01T04:04:41.672+0000] {logging_mixin.py:151} INFO - [2023-10-01T04:04:41.672+0000] {dag.py:2907} INFO - Sync 2 DAGs
[2023-10-01T04:04:41.682+0000] {logging_mixin.py:151} INFO - [2023-10-01T04:04:41.681+0000] {dag.py:3677} INFO - Setting next_dagrun for example_external_task_marker_child to None, run_after=None
[2023-10-01T04:04:41.684+0000] {logging_mixin.py:151} INFO - [2023-10-01T04:04:41.684+0000] {dag.py:3677} INFO - Setting next_dagrun for example_external_task_marker_parent to None, run_after=None
[2023-10-01T04:04:41.705+0000] {processor.py:179} INFO - Processing /home/airflow/.local/lib/python3.8/site-packages/airflow/example_dags/example_external_task_marker_dag.py took 0.060 seconds
[2023-10-01T05:25:55.868+0000] {processor.py:157} INFO - Started process (PID=6917) to work on /home/airflow/.local/lib/python3.8/site-packages/airflow/example_dags/example_external_task_marker_dag.py
[2023-10-01T05:25:55.869+0000] {processor.py:829} INFO - Processing file /home/airflow/.local/lib/python3.8/site-packages/airflow/example_dags/example_external_task_marker_dag.py for tasks to queue
[2023-10-01T05:25:55.870+0000] {logging_mixin.py:151} INFO - [2023-10-01T05:25:55.870+0000] {dagbag.py:539} INFO - Filling up the DagBag from /home/airflow/.local/lib/python3.8/site-packages/airflow/example_dags/example_external_task_marker_dag.py
[2023-10-01T05:25:55.873+0000] {processor.py:839} INFO - DAG(s) dict_keys(['example_external_task_marker_parent', 'example_external_task_marker_child']) retrieved from /home/airflow/.local/lib/python3.8/site-packages/airflow/example_dags/example_external_task_marker_dag.py
[2023-10-01T05:25:55.887+0000] {logging_mixin.py:151} INFO - [2023-10-01T05:25:55.887+0000] {dag.py:2907} INFO - Sync 2 DAGs
[2023-10-01T05:25:55.899+0000] {logging_mixin.py:151} INFO - [2023-10-01T05:25:55.899+0000] {dag.py:3677} INFO - Setting next_dagrun for example_external_task_marker_child to None, run_after=None
[2023-10-01T05:25:55.901+0000] {logging_mixin.py:151} INFO - [2023-10-01T05:25:55.901+0000] {dag.py:3677} INFO - Setting next_dagrun for example_external_task_marker_parent to None, run_after=None
[2023-10-01T05:25:55.912+0000] {processor.py:179} INFO - Processing /home/airflow/.local/lib/python3.8/site-packages/airflow/example_dags/example_external_task_marker_dag.py took 0.046 seconds
[2023-10-01T06:49:40.282+0000] {processor.py:157} INFO - Started process (PID=6968) to work on /home/airflow/.local/lib/python3.8/site-packages/airflow/example_dags/example_external_task_marker_dag.py
[2023-10-01T06:49:40.283+0000] {processor.py:829} INFO - Processing file /home/airflow/.local/lib/python3.8/site-packages/airflow/example_dags/example_external_task_marker_dag.py for tasks to queue
[2023-10-01T06:49:40.284+0000] {logging_mixin.py:151} INFO - [2023-10-01T06:49:40.284+0000] {dagbag.py:539} INFO - Filling up the DagBag from /home/airflow/.local/lib/python3.8/site-packages/airflow/example_dags/example_external_task_marker_dag.py
[2023-10-01T06:49:40.288+0000] {processor.py:839} INFO - DAG(s) dict_keys(['example_external_task_marker_child', 'example_external_task_marker_parent']) retrieved from /home/airflow/.local/lib/python3.8/site-packages/airflow/example_dags/example_external_task_marker_dag.py
[2023-10-01T06:49:40.302+0000] {logging_mixin.py:151} INFO - [2023-10-01T06:49:40.302+0000] {dag.py:2907} INFO - Sync 2 DAGs
[2023-10-01T06:49:40.308+0000] {logging_mixin.py:151} INFO - [2023-10-01T06:49:40.308+0000] {dag.py:3677} INFO - Setting next_dagrun for example_external_task_marker_child to None, run_after=None
[2023-10-01T06:49:40.310+0000] {logging_mixin.py:151} INFO - [2023-10-01T06:49:40.310+0000] {dag.py:3677} INFO - Setting next_dagrun for example_external_task_marker_parent to None, run_after=None
[2023-10-01T06:49:40.321+0000] {processor.py:179} INFO - Processing /home/airflow/.local/lib/python3.8/site-packages/airflow/example_dags/example_external_task_marker_dag.py took 0.040 seconds
[2023-10-01T08:11:43.117+0000] {processor.py:157} INFO - Started process (PID=7019) to work on /home/airflow/.local/lib/python3.8/site-packages/airflow/example_dags/example_external_task_marker_dag.py
[2023-10-01T08:11:43.117+0000] {processor.py:829} INFO - Processing file /home/airflow/.local/lib/python3.8/site-packages/airflow/example_dags/example_external_task_marker_dag.py for tasks to queue
[2023-10-01T08:11:43.119+0000] {logging_mixin.py:151} INFO - [2023-10-01T08:11:43.119+0000] {dagbag.py:539} INFO - Filling up the DagBag from /home/airflow/.local/lib/python3.8/site-packages/airflow/example_dags/example_external_task_marker_dag.py
[2023-10-01T08:11:43.123+0000] {processor.py:839} INFO - DAG(s) dict_keys(['example_external_task_marker_child', 'example_external_task_marker_parent']) retrieved from /home/airflow/.local/lib/python3.8/site-packages/airflow/example_dags/example_external_task_marker_dag.py
[2023-10-01T08:11:43.136+0000] {logging_mixin.py:151} INFO - [2023-10-01T08:11:43.136+0000] {dag.py:2907} INFO - Sync 2 DAGs
[2023-10-01T08:11:43.143+0000] {logging_mixin.py:151} INFO - [2023-10-01T08:11:43.142+0000] {dag.py:3677} INFO - Setting next_dagrun for example_external_task_marker_child to None, run_after=None
[2023-10-01T08:11:43.144+0000] {logging_mixin.py:151} INFO - [2023-10-01T08:11:43.144+0000] {dag.py:3677} INFO - Setting next_dagrun for example_external_task_marker_parent to None, run_after=None
[2023-10-01T08:11:43.154+0000] {processor.py:179} INFO - Processing /home/airflow/.local/lib/python3.8/site-packages/airflow/example_dags/example_external_task_marker_dag.py took 0.040 seconds
[2023-10-01T09:37:04.884+0000] {processor.py:157} INFO - Started process (PID=7070) to work on /home/airflow/.local/lib/python3.8/site-packages/airflow/example_dags/example_external_task_marker_dag.py
[2023-10-01T09:37:04.884+0000] {processor.py:829} INFO - Processing file /home/airflow/.local/lib/python3.8/site-packages/airflow/example_dags/example_external_task_marker_dag.py for tasks to queue
[2023-10-01T09:37:04.885+0000] {logging_mixin.py:151} INFO - [2023-10-01T09:37:04.885+0000] {dagbag.py:539} INFO - Filling up the DagBag from /home/airflow/.local/lib/python3.8/site-packages/airflow/example_dags/example_external_task_marker_dag.py
[2023-10-01T09:37:04.889+0000] {processor.py:839} INFO - DAG(s) dict_keys(['example_external_task_marker_parent', 'example_external_task_marker_child']) retrieved from /home/airflow/.local/lib/python3.8/site-packages/airflow/example_dags/example_external_task_marker_dag.py
[2023-10-01T09:37:04.903+0000] {logging_mixin.py:151} INFO - [2023-10-01T09:37:04.903+0000] {dag.py:2907} INFO - Sync 2 DAGs
[2023-10-01T09:37:04.909+0000] {logging_mixin.py:151} INFO - [2023-10-01T09:37:04.909+0000] {dag.py:3677} INFO - Setting next_dagrun for example_external_task_marker_child to None, run_after=None
[2023-10-01T09:37:04.911+0000] {logging_mixin.py:151} INFO - [2023-10-01T09:37:04.911+0000] {dag.py:3677} INFO - Setting next_dagrun for example_external_task_marker_parent to None, run_after=None
[2023-10-01T09:37:04.921+0000] {processor.py:179} INFO - Processing /home/airflow/.local/lib/python3.8/site-packages/airflow/example_dags/example_external_task_marker_dag.py took 0.039 seconds
[2023-10-01T10:58:13.501+0000] {processor.py:157} INFO - Started process (PID=7121) to work on /home/airflow/.local/lib/python3.8/site-packages/airflow/example_dags/example_external_task_marker_dag.py
[2023-10-01T10:58:13.503+0000] {processor.py:829} INFO - Processing file /home/airflow/.local/lib/python3.8/site-packages/airflow/example_dags/example_external_task_marker_dag.py for tasks to queue
[2023-10-01T10:58:13.505+0000] {logging_mixin.py:151} INFO - [2023-10-01T10:58:13.505+0000] {dagbag.py:539} INFO - Filling up the DagBag from /home/airflow/.local/lib/python3.8/site-packages/airflow/example_dags/example_external_task_marker_dag.py
[2023-10-01T10:58:13.509+0000] {processor.py:839} INFO - DAG(s) dict_keys(['example_external_task_marker_child', 'example_external_task_marker_parent']) retrieved from /home/airflow/.local/lib/python3.8/site-packages/airflow/example_dags/example_external_task_marker_dag.py
[2023-10-01T10:58:13.523+0000] {logging_mixin.py:151} INFO - [2023-10-01T10:58:13.523+0000] {dag.py:2907} INFO - Sync 2 DAGs
[2023-10-01T10:58:13.528+0000] {logging_mixin.py:151} INFO - [2023-10-01T10:58:13.528+0000] {dag.py:3677} INFO - Setting next_dagrun for example_external_task_marker_child to None, run_after=None
[2023-10-01T10:58:13.530+0000] {logging_mixin.py:151} INFO - [2023-10-01T10:58:13.530+0000] {dag.py:3677} INFO - Setting next_dagrun for example_external_task_marker_parent to None, run_after=None
[2023-10-01T10:58:13.540+0000] {processor.py:179} INFO - Processing /home/airflow/.local/lib/python3.8/site-packages/airflow/example_dags/example_external_task_marker_dag.py took 0.043 seconds
[2023-10-01T12:21:06.527+0000] {processor.py:157} INFO - Started process (PID=7172) to work on /home/airflow/.local/lib/python3.8/site-packages/airflow/example_dags/example_external_task_marker_dag.py
[2023-10-01T12:21:06.528+0000] {processor.py:829} INFO - Processing file /home/airflow/.local/lib/python3.8/site-packages/airflow/example_dags/example_external_task_marker_dag.py for tasks to queue
[2023-10-01T12:21:06.529+0000] {logging_mixin.py:151} INFO - [2023-10-01T12:21:06.529+0000] {dagbag.py:539} INFO - Filling up the DagBag from /home/airflow/.local/lib/python3.8/site-packages/airflow/example_dags/example_external_task_marker_dag.py
[2023-10-01T12:21:06.532+0000] {processor.py:839} INFO - DAG(s) dict_keys(['example_external_task_marker_child', 'example_external_task_marker_parent']) retrieved from /home/airflow/.local/lib/python3.8/site-packages/airflow/example_dags/example_external_task_marker_dag.py
[2023-10-01T12:21:06.546+0000] {logging_mixin.py:151} INFO - [2023-10-01T12:21:06.546+0000] {dag.py:2907} INFO - Sync 2 DAGs
[2023-10-01T12:21:06.552+0000] {logging_mixin.py:151} INFO - [2023-10-01T12:21:06.552+0000] {dag.py:3677} INFO - Setting next_dagrun for example_external_task_marker_child to None, run_after=None
[2023-10-01T12:21:06.554+0000] {logging_mixin.py:151} INFO - [2023-10-01T12:21:06.554+0000] {dag.py:3677} INFO - Setting next_dagrun for example_external_task_marker_parent to None, run_after=None
[2023-10-01T12:21:06.563+0000] {processor.py:179} INFO - Processing /home/airflow/.local/lib/python3.8/site-packages/airflow/example_dags/example_external_task_marker_dag.py took 0.039 seconds
[2023-10-01T13:43:19.641+0000] {processor.py:157} INFO - Started process (PID=7223) to work on /home/airflow/.local/lib/python3.8/site-packages/airflow/example_dags/example_external_task_marker_dag.py
[2023-10-01T13:43:19.642+0000] {processor.py:829} INFO - Processing file /home/airflow/.local/lib/python3.8/site-packages/airflow/example_dags/example_external_task_marker_dag.py for tasks to queue
[2023-10-01T13:43:19.643+0000] {logging_mixin.py:151} INFO - [2023-10-01T13:43:19.643+0000] {dagbag.py:539} INFO - Filling up the DagBag from /home/airflow/.local/lib/python3.8/site-packages/airflow/example_dags/example_external_task_marker_dag.py
[2023-10-01T13:43:19.647+0000] {processor.py:839} INFO - DAG(s) dict_keys(['example_external_task_marker_child', 'example_external_task_marker_parent']) retrieved from /home/airflow/.local/lib/python3.8/site-packages/airflow/example_dags/example_external_task_marker_dag.py
[2023-10-01T13:43:19.661+0000] {logging_mixin.py:151} INFO - [2023-10-01T13:43:19.661+0000] {dag.py:2907} INFO - Sync 2 DAGs
[2023-10-01T13:43:19.667+0000] {logging_mixin.py:151} INFO - [2023-10-01T13:43:19.667+0000] {dag.py:3677} INFO - Setting next_dagrun for example_external_task_marker_child to None, run_after=None
[2023-10-01T13:43:19.669+0000] {logging_mixin.py:151} INFO - [2023-10-01T13:43:19.669+0000] {dag.py:3677} INFO - Setting next_dagrun for example_external_task_marker_parent to None, run_after=None
[2023-10-01T13:43:19.679+0000] {processor.py:179} INFO - Processing /home/airflow/.local/lib/python3.8/site-packages/airflow/example_dags/example_external_task_marker_dag.py took 0.040 seconds
[2023-10-01T15:05:43.276+0000] {processor.py:157} INFO - Started process (PID=7274) to work on /home/airflow/.local/lib/python3.8/site-packages/airflow/example_dags/example_external_task_marker_dag.py
[2023-10-01T15:05:43.277+0000] {processor.py:829} INFO - Processing file /home/airflow/.local/lib/python3.8/site-packages/airflow/example_dags/example_external_task_marker_dag.py for tasks to queue
[2023-10-01T15:05:43.278+0000] {logging_mixin.py:151} INFO - [2023-10-01T15:05:43.278+0000] {dagbag.py:539} INFO - Filling up the DagBag from /home/airflow/.local/lib/python3.8/site-packages/airflow/example_dags/example_external_task_marker_dag.py
[2023-10-01T15:05:43.281+0000] {processor.py:839} INFO - DAG(s) dict_keys(['example_external_task_marker_parent', 'example_external_task_marker_child']) retrieved from /home/airflow/.local/lib/python3.8/site-packages/airflow/example_dags/example_external_task_marker_dag.py
[2023-10-01T15:05:43.295+0000] {logging_mixin.py:151} INFO - [2023-10-01T15:05:43.295+0000] {dag.py:2907} INFO - Sync 2 DAGs
[2023-10-01T15:05:43.301+0000] {logging_mixin.py:151} INFO - [2023-10-01T15:05:43.301+0000] {dag.py:3677} INFO - Setting next_dagrun for example_external_task_marker_child to None, run_after=None
[2023-10-01T15:05:43.303+0000] {logging_mixin.py:151} INFO - [2023-10-01T15:05:43.303+0000] {dag.py:3677} INFO - Setting next_dagrun for example_external_task_marker_parent to None, run_after=None
[2023-10-01T15:05:43.313+0000] {processor.py:179} INFO - Processing /home/airflow/.local/lib/python3.8/site-packages/airflow/example_dags/example_external_task_marker_dag.py took 0.039 seconds
[2023-10-01T16:27:32.407+0000] {processor.py:157} INFO - Started process (PID=7325) to work on /home/airflow/.local/lib/python3.8/site-packages/airflow/example_dags/example_external_task_marker_dag.py
[2023-10-01T16:27:32.409+0000] {processor.py:829} INFO - Processing file /home/airflow/.local/lib/python3.8/site-packages/airflow/example_dags/example_external_task_marker_dag.py for tasks to queue
[2023-10-01T16:27:32.413+0000] {logging_mixin.py:151} INFO - [2023-10-01T16:27:32.413+0000] {dagbag.py:539} INFO - Filling up the DagBag from /home/airflow/.local/lib/python3.8/site-packages/airflow/example_dags/example_external_task_marker_dag.py
[2023-10-01T16:27:32.417+0000] {processor.py:839} INFO - DAG(s) dict_keys(['example_external_task_marker_parent', 'example_external_task_marker_child']) retrieved from /home/airflow/.local/lib/python3.8/site-packages/airflow/example_dags/example_external_task_marker_dag.py
[2023-10-01T16:27:32.434+0000] {logging_mixin.py:151} INFO - [2023-10-01T16:27:32.434+0000] {dag.py:2907} INFO - Sync 2 DAGs
[2023-10-01T16:27:32.440+0000] {logging_mixin.py:151} INFO - [2023-10-01T16:27:32.440+0000] {dag.py:3677} INFO - Setting next_dagrun for example_external_task_marker_child to None, run_after=None
[2023-10-01T16:27:32.442+0000] {logging_mixin.py:151} INFO - [2023-10-01T16:27:32.442+0000] {dag.py:3677} INFO - Setting next_dagrun for example_external_task_marker_parent to None, run_after=None
[2023-10-01T16:27:32.456+0000] {processor.py:179} INFO - Processing /home/airflow/.local/lib/python3.8/site-packages/airflow/example_dags/example_external_task_marker_dag.py took 0.052 seconds
[2023-10-01T17:48:06.155+0000] {processor.py:157} INFO - Started process (PID=7376) to work on /home/airflow/.local/lib/python3.8/site-packages/airflow/example_dags/example_external_task_marker_dag.py
[2023-10-01T17:48:06.156+0000] {processor.py:829} INFO - Processing file /home/airflow/.local/lib/python3.8/site-packages/airflow/example_dags/example_external_task_marker_dag.py for tasks to queue
[2023-10-01T17:48:06.157+0000] {logging_mixin.py:151} INFO - [2023-10-01T17:48:06.157+0000] {dagbag.py:539} INFO - Filling up the DagBag from /home/airflow/.local/lib/python3.8/site-packages/airflow/example_dags/example_external_task_marker_dag.py
[2023-10-01T17:48:06.161+0000] {processor.py:839} INFO - DAG(s) dict_keys(['example_external_task_marker_parent', 'example_external_task_marker_child']) retrieved from /home/airflow/.local/lib/python3.8/site-packages/airflow/example_dags/example_external_task_marker_dag.py
[2023-10-01T17:48:06.176+0000] {logging_mixin.py:151} INFO - [2023-10-01T17:48:06.175+0000] {dag.py:2907} INFO - Sync 2 DAGs
[2023-10-01T17:48:06.182+0000] {logging_mixin.py:151} INFO - [2023-10-01T17:48:06.182+0000] {dag.py:3677} INFO - Setting next_dagrun for example_external_task_marker_child to None, run_after=None
[2023-10-01T17:48:06.183+0000] {logging_mixin.py:151} INFO - [2023-10-01T17:48:06.183+0000] {dag.py:3677} INFO - Setting next_dagrun for example_external_task_marker_parent to None, run_after=None
[2023-10-01T17:48:06.193+0000] {processor.py:179} INFO - Processing /home/airflow/.local/lib/python3.8/site-packages/airflow/example_dags/example_external_task_marker_dag.py took 0.039 seconds
[2023-10-01T19:11:20.145+0000] {processor.py:157} INFO - Started process (PID=7427) to work on /home/airflow/.local/lib/python3.8/site-packages/airflow/example_dags/example_external_task_marker_dag.py
[2023-10-01T19:11:20.146+0000] {processor.py:829} INFO - Processing file /home/airflow/.local/lib/python3.8/site-packages/airflow/example_dags/example_external_task_marker_dag.py for tasks to queue
[2023-10-01T19:11:20.148+0000] {logging_mixin.py:151} INFO - [2023-10-01T19:11:20.147+0000] {dagbag.py:539} INFO - Filling up the DagBag from /home/airflow/.local/lib/python3.8/site-packages/airflow/example_dags/example_external_task_marker_dag.py
[2023-10-01T19:11:20.151+0000] {processor.py:839} INFO - DAG(s) dict_keys(['example_external_task_marker_parent', 'example_external_task_marker_child']) retrieved from /home/airflow/.local/lib/python3.8/site-packages/airflow/example_dags/example_external_task_marker_dag.py
[2023-10-01T19:11:20.166+0000] {logging_mixin.py:151} INFO - [2023-10-01T19:11:20.166+0000] {dag.py:2907} INFO - Sync 2 DAGs
[2023-10-01T19:11:20.172+0000] {logging_mixin.py:151} INFO - [2023-10-01T19:11:20.172+0000] {dag.py:3677} INFO - Setting next_dagrun for example_external_task_marker_child to None, run_after=None
[2023-10-01T19:11:20.174+0000] {logging_mixin.py:151} INFO - [2023-10-01T19:11:20.174+0000] {dag.py:3677} INFO - Setting next_dagrun for example_external_task_marker_parent to None, run_after=None
[2023-10-01T19:11:20.184+0000] {processor.py:179} INFO - Processing /home/airflow/.local/lib/python3.8/site-packages/airflow/example_dags/example_external_task_marker_dag.py took 0.041 seconds
[2023-10-01T20:17:36.169+0000] {processor.py:157} INFO - Started process (PID=7478) to work on /home/airflow/.local/lib/python3.8/site-packages/airflow/example_dags/example_external_task_marker_dag.py
[2023-10-01T20:17:36.170+0000] {processor.py:829} INFO - Processing file /home/airflow/.local/lib/python3.8/site-packages/airflow/example_dags/example_external_task_marker_dag.py for tasks to queue
[2023-10-01T20:17:36.171+0000] {logging_mixin.py:151} INFO - [2023-10-01T20:17:36.171+0000] {dagbag.py:539} INFO - Filling up the DagBag from /home/airflow/.local/lib/python3.8/site-packages/airflow/example_dags/example_external_task_marker_dag.py
[2023-10-01T20:17:36.175+0000] {processor.py:839} INFO - DAG(s) dict_keys(['example_external_task_marker_child', 'example_external_task_marker_parent']) retrieved from /home/airflow/.local/lib/python3.8/site-packages/airflow/example_dags/example_external_task_marker_dag.py
[2023-10-01T20:17:36.189+0000] {logging_mixin.py:151} INFO - [2023-10-01T20:17:36.189+0000] {dag.py:2907} INFO - Sync 2 DAGs
[2023-10-01T20:17:36.196+0000] {logging_mixin.py:151} INFO - [2023-10-01T20:17:36.196+0000] {dag.py:3677} INFO - Setting next_dagrun for example_external_task_marker_child to None, run_after=None
[2023-10-01T20:17:36.198+0000] {logging_mixin.py:151} INFO - [2023-10-01T20:17:36.198+0000] {dag.py:3677} INFO - Setting next_dagrun for example_external_task_marker_parent to None, run_after=None
[2023-10-01T20:17:36.210+0000] {processor.py:179} INFO - Processing /home/airflow/.local/lib/python3.8/site-packages/airflow/example_dags/example_external_task_marker_dag.py took 0.043 seconds
[2023-10-01T21:37:14.710+0000] {processor.py:157} INFO - Started process (PID=7529) to work on /home/airflow/.local/lib/python3.8/site-packages/airflow/example_dags/example_external_task_marker_dag.py
[2023-10-01T21:37:14.710+0000] {processor.py:829} INFO - Processing file /home/airflow/.local/lib/python3.8/site-packages/airflow/example_dags/example_external_task_marker_dag.py for tasks to queue
[2023-10-01T21:37:14.712+0000] {logging_mixin.py:151} INFO - [2023-10-01T21:37:14.712+0000] {dagbag.py:539} INFO - Filling up the DagBag from /home/airflow/.local/lib/python3.8/site-packages/airflow/example_dags/example_external_task_marker_dag.py
[2023-10-01T21:37:14.715+0000] {processor.py:839} INFO - DAG(s) dict_keys(['example_external_task_marker_child', 'example_external_task_marker_parent']) retrieved from /home/airflow/.local/lib/python3.8/site-packages/airflow/example_dags/example_external_task_marker_dag.py
[2023-10-01T21:37:14.729+0000] {logging_mixin.py:151} INFO - [2023-10-01T21:37:14.729+0000] {dag.py:2907} INFO - Sync 2 DAGs
[2023-10-01T21:37:14.735+0000] {logging_mixin.py:151} INFO - [2023-10-01T21:37:14.735+0000] {dag.py:3677} INFO - Setting next_dagrun for example_external_task_marker_child to None, run_after=None
[2023-10-01T21:37:14.737+0000] {logging_mixin.py:151} INFO - [2023-10-01T21:37:14.737+0000] {dag.py:3677} INFO - Setting next_dagrun for example_external_task_marker_parent to None, run_after=None
[2023-10-01T21:37:14.748+0000] {processor.py:179} INFO - Processing /home/airflow/.local/lib/python3.8/site-packages/airflow/example_dags/example_external_task_marker_dag.py took 0.040 seconds
[2023-10-01T23:02:27.926+0000] {processor.py:157} INFO - Started process (PID=7580) to work on /home/airflow/.local/lib/python3.8/site-packages/airflow/example_dags/example_external_task_marker_dag.py
[2023-10-01T23:02:27.927+0000] {processor.py:829} INFO - Processing file /home/airflow/.local/lib/python3.8/site-packages/airflow/example_dags/example_external_task_marker_dag.py for tasks to queue
[2023-10-01T23:02:27.929+0000] {logging_mixin.py:151} INFO - [2023-10-01T23:02:27.928+0000] {dagbag.py:539} INFO - Filling up the DagBag from /home/airflow/.local/lib/python3.8/site-packages/airflow/example_dags/example_external_task_marker_dag.py
[2023-10-01T23:02:27.933+0000] {processor.py:839} INFO - DAG(s) dict_keys(['example_external_task_marker_parent', 'example_external_task_marker_child']) retrieved from /home/airflow/.local/lib/python3.8/site-packages/airflow/example_dags/example_external_task_marker_dag.py
[2023-10-01T23:02:27.958+0000] {logging_mixin.py:151} INFO - [2023-10-01T23:02:27.958+0000] {dag.py:2907} INFO - Sync 2 DAGs
[2023-10-01T23:02:27.966+0000] {logging_mixin.py:151} INFO - [2023-10-01T23:02:27.966+0000] {dag.py:3677} INFO - Setting next_dagrun for example_external_task_marker_child to None, run_after=None
[2023-10-01T23:02:27.968+0000] {logging_mixin.py:151} INFO - [2023-10-01T23:02:27.968+0000] {dag.py:3677} INFO - Setting next_dagrun for example_external_task_marker_parent to None, run_after=None
[2023-10-01T23:02:27.984+0000] {processor.py:179} INFO - Processing /home/airflow/.local/lib/python3.8/site-packages/airflow/example_dags/example_external_task_marker_dag.py took 0.060 seconds
