[2023-10-01T01:19:04.699+0000] {processor.py:157} INFO - Started process (PID=6772) to work on /home/airflow/.local/lib/python3.8/site-packages/airflow/example_dags/example_subdag_operator.py
[2023-10-01T01:19:04.699+0000] {processor.py:829} INFO - Processing file /home/airflow/.local/lib/python3.8/site-packages/airflow/example_dags/example_subdag_operator.py for tasks to queue
[2023-10-01T01:19:04.700+0000] {logging_mixin.py:151} INFO - [2023-10-01T01:19:04.700+0000] {dagbag.py:539} INFO - Filling up the DagBag from /home/airflow/.local/lib/python3.8/site-packages/airflow/example_dags/example_subdag_operator.py
[2023-10-01T01:19:04.723+0000] {processor.py:839} INFO - DAG(s) dict_keys(['example_subdag_operator.section-1', 'example_subdag_operator.section-2', 'example_subdag_operator']) retrieved from /home/airflow/.local/lib/python3.8/site-packages/airflow/example_dags/example_subdag_operator.py
[2023-10-01T01:19:04.731+0000] {logging_mixin.py:151} INFO - [2023-10-01T01:19:04.731+0000] {dag.py:2907} INFO - Sync 3 DAGs
[2023-10-01T01:19:04.743+0000] {logging_mixin.py:151} INFO - [2023-10-01T01:19:04.743+0000] {dag.py:3677} INFO - Setting next_dagrun for example_subdag_operator to 2022-01-01T00:00:00+00:00, run_after=2022-01-01T00:00:00+00:00
[2023-10-01T01:19:04.744+0000] {logging_mixin.py:151} INFO - [2023-10-01T01:19:04.744+0000] {dag.py:3677} INFO - Setting next_dagrun for example_subdag_operator.section-1 to None, run_after=None
[2023-10-01T01:19:04.745+0000] {logging_mixin.py:151} INFO - [2023-10-01T01:19:04.745+0000] {dag.py:3677} INFO - Setting next_dagrun for example_subdag_operator.section-2 to None, run_after=None
[2023-10-01T01:19:04.750+0000] {logging_mixin.py:151} INFO - [2023-10-01T01:19:04.750+0000] {dag.py:2907} INFO - Sync 2 DAGs
[2023-10-01T01:19:04.753+0000] {logging_mixin.py:151} INFO - [2023-10-01T01:19:04.753+0000] {dag.py:3677} INFO - Setting next_dagrun for example_subdag_operator.section-1 to None, run_after=None
[2023-10-01T01:19:04.753+0000] {logging_mixin.py:151} INFO - [2023-10-01T01:19:04.753+0000] {dag.py:3677} INFO - Setting next_dagrun for example_subdag_operator.section-2 to None, run_after=None
[2023-10-01T01:19:04.761+0000] {processor.py:179} INFO - Processing /home/airflow/.local/lib/python3.8/site-packages/airflow/example_dags/example_subdag_operator.py took 0.064 seconds
[2023-10-01T02:41:40.607+0000] {processor.py:157} INFO - Started process (PID=6823) to work on /home/airflow/.local/lib/python3.8/site-packages/airflow/example_dags/example_subdag_operator.py
[2023-10-01T02:41:40.608+0000] {processor.py:829} INFO - Processing file /home/airflow/.local/lib/python3.8/site-packages/airflow/example_dags/example_subdag_operator.py for tasks to queue
[2023-10-01T02:41:40.609+0000] {logging_mixin.py:151} INFO - [2023-10-01T02:41:40.609+0000] {dagbag.py:539} INFO - Filling up the DagBag from /home/airflow/.local/lib/python3.8/site-packages/airflow/example_dags/example_subdag_operator.py
[2023-10-01T02:41:40.624+0000] {processor.py:839} INFO - DAG(s) dict_keys(['example_subdag_operator.section-1', 'example_subdag_operator.section-2', 'example_subdag_operator']) retrieved from /home/airflow/.local/lib/python3.8/site-packages/airflow/example_dags/example_subdag_operator.py
[2023-10-01T02:41:40.633+0000] {logging_mixin.py:151} INFO - [2023-10-01T02:41:40.632+0000] {dag.py:2907} INFO - Sync 3 DAGs
[2023-10-01T02:41:40.644+0000] {logging_mixin.py:151} INFO - [2023-10-01T02:41:40.644+0000] {dag.py:3677} INFO - Setting next_dagrun for example_subdag_operator to 2022-01-01T00:00:00+00:00, run_after=2022-01-01T00:00:00+00:00
[2023-10-01T02:41:40.645+0000] {logging_mixin.py:151} INFO - [2023-10-01T02:41:40.645+0000] {dag.py:3677} INFO - Setting next_dagrun for example_subdag_operator.section-1 to None, run_after=None
[2023-10-01T02:41:40.646+0000] {logging_mixin.py:151} INFO - [2023-10-01T02:41:40.646+0000] {dag.py:3677} INFO - Setting next_dagrun for example_subdag_operator.section-2 to None, run_after=None
[2023-10-01T02:41:40.651+0000] {logging_mixin.py:151} INFO - [2023-10-01T02:41:40.651+0000] {dag.py:2907} INFO - Sync 2 DAGs
[2023-10-01T02:41:40.654+0000] {logging_mixin.py:151} INFO - [2023-10-01T02:41:40.654+0000] {dag.py:3677} INFO - Setting next_dagrun for example_subdag_operator.section-1 to None, run_after=None
[2023-10-01T02:41:40.654+0000] {logging_mixin.py:151} INFO - [2023-10-01T02:41:40.654+0000] {dag.py:3677} INFO - Setting next_dagrun for example_subdag_operator.section-2 to None, run_after=None
[2023-10-01T02:41:40.661+0000] {processor.py:179} INFO - Processing /home/airflow/.local/lib/python3.8/site-packages/airflow/example_dags/example_subdag_operator.py took 0.056 seconds
[2023-10-01T04:04:41.957+0000] {processor.py:157} INFO - Started process (PID=6874) to work on /home/airflow/.local/lib/python3.8/site-packages/airflow/example_dags/example_subdag_operator.py
[2023-10-01T04:04:41.958+0000] {processor.py:829} INFO - Processing file /home/airflow/.local/lib/python3.8/site-packages/airflow/example_dags/example_subdag_operator.py for tasks to queue
[2023-10-01T04:04:41.959+0000] {logging_mixin.py:151} INFO - [2023-10-01T04:04:41.959+0000] {dagbag.py:539} INFO - Filling up the DagBag from /home/airflow/.local/lib/python3.8/site-packages/airflow/example_dags/example_subdag_operator.py
[2023-10-01T04:04:41.978+0000] {processor.py:839} INFO - DAG(s) dict_keys(['example_subdag_operator.section-1', 'example_subdag_operator.section-2', 'example_subdag_operator']) retrieved from /home/airflow/.local/lib/python3.8/site-packages/airflow/example_dags/example_subdag_operator.py
[2023-10-01T04:04:41.987+0000] {logging_mixin.py:151} INFO - [2023-10-01T04:04:41.987+0000] {dag.py:2907} INFO - Sync 3 DAGs
[2023-10-01T04:04:41.999+0000] {logging_mixin.py:151} INFO - [2023-10-01T04:04:41.999+0000] {dag.py:3677} INFO - Setting next_dagrun for example_subdag_operator to 2022-01-01T00:00:00+00:00, run_after=2022-01-01T00:00:00+00:00
[2023-10-01T04:04:42.001+0000] {logging_mixin.py:151} INFO - [2023-10-01T04:04:42.001+0000] {dag.py:3677} INFO - Setting next_dagrun for example_subdag_operator.section-1 to None, run_after=None
[2023-10-01T04:04:42.002+0000] {logging_mixin.py:151} INFO - [2023-10-01T04:04:42.002+0000] {dag.py:3677} INFO - Setting next_dagrun for example_subdag_operator.section-2 to None, run_after=None
[2023-10-01T04:04:42.006+0000] {logging_mixin.py:151} INFO - [2023-10-01T04:04:42.006+0000] {dag.py:2907} INFO - Sync 2 DAGs
[2023-10-01T04:04:42.010+0000] {logging_mixin.py:151} INFO - [2023-10-01T04:04:42.010+0000] {dag.py:3677} INFO - Setting next_dagrun for example_subdag_operator.section-1 to None, run_after=None
[2023-10-01T04:04:42.010+0000] {logging_mixin.py:151} INFO - [2023-10-01T04:04:42.010+0000] {dag.py:3677} INFO - Setting next_dagrun for example_subdag_operator.section-2 to None, run_after=None
[2023-10-01T04:04:42.018+0000] {processor.py:179} INFO - Processing /home/airflow/.local/lib/python3.8/site-packages/airflow/example_dags/example_subdag_operator.py took 0.063 seconds
[2023-10-01T05:25:56.160+0000] {processor.py:157} INFO - Started process (PID=6925) to work on /home/airflow/.local/lib/python3.8/site-packages/airflow/example_dags/example_subdag_operator.py
[2023-10-01T05:25:56.160+0000] {processor.py:829} INFO - Processing file /home/airflow/.local/lib/python3.8/site-packages/airflow/example_dags/example_subdag_operator.py for tasks to queue
[2023-10-01T05:25:56.162+0000] {logging_mixin.py:151} INFO - [2023-10-01T05:25:56.161+0000] {dagbag.py:539} INFO - Filling up the DagBag from /home/airflow/.local/lib/python3.8/site-packages/airflow/example_dags/example_subdag_operator.py
[2023-10-01T05:25:56.178+0000] {processor.py:839} INFO - DAG(s) dict_keys(['example_subdag_operator.section-1', 'example_subdag_operator.section-2', 'example_subdag_operator']) retrieved from /home/airflow/.local/lib/python3.8/site-packages/airflow/example_dags/example_subdag_operator.py
[2023-10-01T05:25:56.187+0000] {logging_mixin.py:151} INFO - [2023-10-01T05:25:56.186+0000] {dag.py:2907} INFO - Sync 3 DAGs
[2023-10-01T05:25:56.198+0000] {logging_mixin.py:151} INFO - [2023-10-01T05:25:56.198+0000] {dag.py:3677} INFO - Setting next_dagrun for example_subdag_operator to 2022-01-01T00:00:00+00:00, run_after=2022-01-01T00:00:00+00:00
[2023-10-01T05:25:56.200+0000] {logging_mixin.py:151} INFO - [2023-10-01T05:25:56.200+0000] {dag.py:3677} INFO - Setting next_dagrun for example_subdag_operator.section-1 to None, run_after=None
[2023-10-01T05:25:56.201+0000] {logging_mixin.py:151} INFO - [2023-10-01T05:25:56.201+0000] {dag.py:3677} INFO - Setting next_dagrun for example_subdag_operator.section-2 to None, run_after=None
[2023-10-01T05:25:56.205+0000] {logging_mixin.py:151} INFO - [2023-10-01T05:25:56.205+0000] {dag.py:2907} INFO - Sync 2 DAGs
[2023-10-01T05:25:56.208+0000] {logging_mixin.py:151} INFO - [2023-10-01T05:25:56.208+0000] {dag.py:3677} INFO - Setting next_dagrun for example_subdag_operator.section-1 to None, run_after=None
[2023-10-01T05:25:56.208+0000] {logging_mixin.py:151} INFO - [2023-10-01T05:25:56.208+0000] {dag.py:3677} INFO - Setting next_dagrun for example_subdag_operator.section-2 to None, run_after=None
[2023-10-01T05:25:56.216+0000] {processor.py:179} INFO - Processing /home/airflow/.local/lib/python3.8/site-packages/airflow/example_dags/example_subdag_operator.py took 0.058 seconds
[2023-10-01T06:49:40.640+0000] {processor.py:157} INFO - Started process (PID=6976) to work on /home/airflow/.local/lib/python3.8/site-packages/airflow/example_dags/example_subdag_operator.py
[2023-10-01T06:49:40.641+0000] {processor.py:829} INFO - Processing file /home/airflow/.local/lib/python3.8/site-packages/airflow/example_dags/example_subdag_operator.py for tasks to queue
[2023-10-01T06:49:40.642+0000] {logging_mixin.py:151} INFO - [2023-10-01T06:49:40.642+0000] {dagbag.py:539} INFO - Filling up the DagBag from /home/airflow/.local/lib/python3.8/site-packages/airflow/example_dags/example_subdag_operator.py
[2023-10-01T06:49:40.660+0000] {processor.py:839} INFO - DAG(s) dict_keys(['example_subdag_operator.section-1', 'example_subdag_operator.section-2', 'example_subdag_operator']) retrieved from /home/airflow/.local/lib/python3.8/site-packages/airflow/example_dags/example_subdag_operator.py
[2023-10-01T06:49:40.668+0000] {logging_mixin.py:151} INFO - [2023-10-01T06:49:40.668+0000] {dag.py:2907} INFO - Sync 3 DAGs
[2023-10-01T06:49:40.685+0000] {logging_mixin.py:151} INFO - [2023-10-01T06:49:40.684+0000] {dag.py:3677} INFO - Setting next_dagrun for example_subdag_operator to 2022-01-01T00:00:00+00:00, run_after=2022-01-01T00:00:00+00:00
[2023-10-01T06:49:40.686+0000] {logging_mixin.py:151} INFO - [2023-10-01T06:49:40.686+0000] {dag.py:3677} INFO - Setting next_dagrun for example_subdag_operator.section-1 to None, run_after=None
[2023-10-01T06:49:40.687+0000] {logging_mixin.py:151} INFO - [2023-10-01T06:49:40.687+0000] {dag.py:3677} INFO - Setting next_dagrun for example_subdag_operator.section-2 to None, run_after=None
[2023-10-01T06:49:40.692+0000] {logging_mixin.py:151} INFO - [2023-10-01T06:49:40.692+0000] {dag.py:2907} INFO - Sync 2 DAGs
[2023-10-01T06:49:40.696+0000] {logging_mixin.py:151} INFO - [2023-10-01T06:49:40.696+0000] {dag.py:3677} INFO - Setting next_dagrun for example_subdag_operator.section-1 to None, run_after=None
[2023-10-01T06:49:40.697+0000] {logging_mixin.py:151} INFO - [2023-10-01T06:49:40.697+0000] {dag.py:3677} INFO - Setting next_dagrun for example_subdag_operator.section-2 to None, run_after=None
[2023-10-01T06:49:40.705+0000] {processor.py:179} INFO - Processing /home/airflow/.local/lib/python3.8/site-packages/airflow/example_dags/example_subdag_operator.py took 0.066 seconds
[2023-10-01T08:11:43.388+0000] {processor.py:157} INFO - Started process (PID=7027) to work on /home/airflow/.local/lib/python3.8/site-packages/airflow/example_dags/example_subdag_operator.py
[2023-10-01T08:11:43.389+0000] {processor.py:829} INFO - Processing file /home/airflow/.local/lib/python3.8/site-packages/airflow/example_dags/example_subdag_operator.py for tasks to queue
[2023-10-01T08:11:43.390+0000] {logging_mixin.py:151} INFO - [2023-10-01T08:11:43.390+0000] {dagbag.py:539} INFO - Filling up the DagBag from /home/airflow/.local/lib/python3.8/site-packages/airflow/example_dags/example_subdag_operator.py
[2023-10-01T08:11:43.405+0000] {processor.py:839} INFO - DAG(s) dict_keys(['example_subdag_operator.section-1', 'example_subdag_operator.section-2', 'example_subdag_operator']) retrieved from /home/airflow/.local/lib/python3.8/site-packages/airflow/example_dags/example_subdag_operator.py
[2023-10-01T08:11:43.413+0000] {logging_mixin.py:151} INFO - [2023-10-01T08:11:43.413+0000] {dag.py:2907} INFO - Sync 3 DAGs
[2023-10-01T08:11:43.423+0000] {logging_mixin.py:151} INFO - [2023-10-01T08:11:43.423+0000] {dag.py:3677} INFO - Setting next_dagrun for example_subdag_operator to 2022-01-01T00:00:00+00:00, run_after=2022-01-01T00:00:00+00:00
[2023-10-01T08:11:43.426+0000] {logging_mixin.py:151} INFO - [2023-10-01T08:11:43.425+0000] {dag.py:3677} INFO - Setting next_dagrun for example_subdag_operator.section-1 to None, run_after=None
[2023-10-01T08:11:43.426+0000] {logging_mixin.py:151} INFO - [2023-10-01T08:11:43.426+0000] {dag.py:3677} INFO - Setting next_dagrun for example_subdag_operator.section-2 to None, run_after=None
[2023-10-01T08:11:43.430+0000] {logging_mixin.py:151} INFO - [2023-10-01T08:11:43.430+0000] {dag.py:2907} INFO - Sync 2 DAGs
[2023-10-01T08:11:43.433+0000] {logging_mixin.py:151} INFO - [2023-10-01T08:11:43.433+0000] {dag.py:3677} INFO - Setting next_dagrun for example_subdag_operator.section-1 to None, run_after=None
[2023-10-01T08:11:43.433+0000] {logging_mixin.py:151} INFO - [2023-10-01T08:11:43.433+0000] {dag.py:3677} INFO - Setting next_dagrun for example_subdag_operator.section-2 to None, run_after=None
[2023-10-01T08:11:43.440+0000] {processor.py:179} INFO - Processing /home/airflow/.local/lib/python3.8/site-packages/airflow/example_dags/example_subdag_operator.py took 0.054 seconds
[2023-10-01T09:37:05.147+0000] {processor.py:157} INFO - Started process (PID=7078) to work on /home/airflow/.local/lib/python3.8/site-packages/airflow/example_dags/example_subdag_operator.py
[2023-10-01T09:37:05.148+0000] {processor.py:829} INFO - Processing file /home/airflow/.local/lib/python3.8/site-packages/airflow/example_dags/example_subdag_operator.py for tasks to queue
[2023-10-01T09:37:05.149+0000] {logging_mixin.py:151} INFO - [2023-10-01T09:37:05.149+0000] {dagbag.py:539} INFO - Filling up the DagBag from /home/airflow/.local/lib/python3.8/site-packages/airflow/example_dags/example_subdag_operator.py
[2023-10-01T09:37:05.166+0000] {processor.py:839} INFO - DAG(s) dict_keys(['example_subdag_operator.section-1', 'example_subdag_operator.section-2', 'example_subdag_operator']) retrieved from /home/airflow/.local/lib/python3.8/site-packages/airflow/example_dags/example_subdag_operator.py
[2023-10-01T09:37:05.176+0000] {logging_mixin.py:151} INFO - [2023-10-01T09:37:05.176+0000] {dag.py:2907} INFO - Sync 3 DAGs
[2023-10-01T09:37:05.186+0000] {logging_mixin.py:151} INFO - [2023-10-01T09:37:05.186+0000] {dag.py:3677} INFO - Setting next_dagrun for example_subdag_operator to 2022-01-01T00:00:00+00:00, run_after=2022-01-01T00:00:00+00:00
[2023-10-01T09:37:05.188+0000] {logging_mixin.py:151} INFO - [2023-10-01T09:37:05.188+0000] {dag.py:3677} INFO - Setting next_dagrun for example_subdag_operator.section-1 to None, run_after=None
[2023-10-01T09:37:05.189+0000] {logging_mixin.py:151} INFO - [2023-10-01T09:37:05.189+0000] {dag.py:3677} INFO - Setting next_dagrun for example_subdag_operator.section-2 to None, run_after=None
[2023-10-01T09:37:05.193+0000] {logging_mixin.py:151} INFO - [2023-10-01T09:37:05.193+0000] {dag.py:2907} INFO - Sync 2 DAGs
[2023-10-01T09:37:05.196+0000] {logging_mixin.py:151} INFO - [2023-10-01T09:37:05.195+0000] {dag.py:3677} INFO - Setting next_dagrun for example_subdag_operator.section-1 to None, run_after=None
[2023-10-01T09:37:05.196+0000] {logging_mixin.py:151} INFO - [2023-10-01T09:37:05.196+0000] {dag.py:3677} INFO - Setting next_dagrun for example_subdag_operator.section-2 to None, run_after=None
[2023-10-01T09:37:05.203+0000] {processor.py:179} INFO - Processing /home/airflow/.local/lib/python3.8/site-packages/airflow/example_dags/example_subdag_operator.py took 0.058 seconds
[2023-10-01T10:58:13.775+0000] {processor.py:157} INFO - Started process (PID=7129) to work on /home/airflow/.local/lib/python3.8/site-packages/airflow/example_dags/example_subdag_operator.py
[2023-10-01T10:58:13.775+0000] {processor.py:829} INFO - Processing file /home/airflow/.local/lib/python3.8/site-packages/airflow/example_dags/example_subdag_operator.py for tasks to queue
[2023-10-01T10:58:13.777+0000] {logging_mixin.py:151} INFO - [2023-10-01T10:58:13.776+0000] {dagbag.py:539} INFO - Filling up the DagBag from /home/airflow/.local/lib/python3.8/site-packages/airflow/example_dags/example_subdag_operator.py
[2023-10-01T10:58:13.792+0000] {processor.py:839} INFO - DAG(s) dict_keys(['example_subdag_operator.section-1', 'example_subdag_operator.section-2', 'example_subdag_operator']) retrieved from /home/airflow/.local/lib/python3.8/site-packages/airflow/example_dags/example_subdag_operator.py
[2023-10-01T10:58:13.800+0000] {logging_mixin.py:151} INFO - [2023-10-01T10:58:13.800+0000] {dag.py:2907} INFO - Sync 3 DAGs
[2023-10-01T10:58:13.810+0000] {logging_mixin.py:151} INFO - [2023-10-01T10:58:13.810+0000] {dag.py:3677} INFO - Setting next_dagrun for example_subdag_operator to 2022-01-01T00:00:00+00:00, run_after=2022-01-01T00:00:00+00:00
[2023-10-01T10:58:13.812+0000] {logging_mixin.py:151} INFO - [2023-10-01T10:58:13.812+0000] {dag.py:3677} INFO - Setting next_dagrun for example_subdag_operator.section-1 to None, run_after=None
[2023-10-01T10:58:13.813+0000] {logging_mixin.py:151} INFO - [2023-10-01T10:58:13.813+0000] {dag.py:3677} INFO - Setting next_dagrun for example_subdag_operator.section-2 to None, run_after=None
[2023-10-01T10:58:13.818+0000] {logging_mixin.py:151} INFO - [2023-10-01T10:58:13.818+0000] {dag.py:2907} INFO - Sync 2 DAGs
[2023-10-01T10:58:13.822+0000] {logging_mixin.py:151} INFO - [2023-10-01T10:58:13.822+0000] {dag.py:3677} INFO - Setting next_dagrun for example_subdag_operator.section-1 to None, run_after=None
[2023-10-01T10:58:13.826+0000] {logging_mixin.py:151} INFO - [2023-10-01T10:58:13.826+0000] {dag.py:3677} INFO - Setting next_dagrun for example_subdag_operator.section-2 to None, run_after=None
[2023-10-01T10:58:13.834+0000] {processor.py:179} INFO - Processing /home/airflow/.local/lib/python3.8/site-packages/airflow/example_dags/example_subdag_operator.py took 0.061 seconds
[2023-10-01T12:21:06.789+0000] {processor.py:157} INFO - Started process (PID=7180) to work on /home/airflow/.local/lib/python3.8/site-packages/airflow/example_dags/example_subdag_operator.py
[2023-10-01T12:21:06.790+0000] {processor.py:829} INFO - Processing file /home/airflow/.local/lib/python3.8/site-packages/airflow/example_dags/example_subdag_operator.py for tasks to queue
[2023-10-01T12:21:06.792+0000] {logging_mixin.py:151} INFO - [2023-10-01T12:21:06.792+0000] {dagbag.py:539} INFO - Filling up the DagBag from /home/airflow/.local/lib/python3.8/site-packages/airflow/example_dags/example_subdag_operator.py
[2023-10-01T12:21:06.808+0000] {processor.py:839} INFO - DAG(s) dict_keys(['example_subdag_operator.section-1', 'example_subdag_operator.section-2', 'example_subdag_operator']) retrieved from /home/airflow/.local/lib/python3.8/site-packages/airflow/example_dags/example_subdag_operator.py
[2023-10-01T12:21:06.817+0000] {logging_mixin.py:151} INFO - [2023-10-01T12:21:06.817+0000] {dag.py:2907} INFO - Sync 3 DAGs
[2023-10-01T12:21:06.829+0000] {logging_mixin.py:151} INFO - [2023-10-01T12:21:06.829+0000] {dag.py:3677} INFO - Setting next_dagrun for example_subdag_operator to 2022-01-01T00:00:00+00:00, run_after=2022-01-01T00:00:00+00:00
[2023-10-01T12:21:06.831+0000] {logging_mixin.py:151} INFO - [2023-10-01T12:21:06.831+0000] {dag.py:3677} INFO - Setting next_dagrun for example_subdag_operator.section-1 to None, run_after=None
[2023-10-01T12:21:06.832+0000] {logging_mixin.py:151} INFO - [2023-10-01T12:21:06.832+0000] {dag.py:3677} INFO - Setting next_dagrun for example_subdag_operator.section-2 to None, run_after=None
[2023-10-01T12:21:06.836+0000] {logging_mixin.py:151} INFO - [2023-10-01T12:21:06.836+0000] {dag.py:2907} INFO - Sync 2 DAGs
[2023-10-01T12:21:06.840+0000] {logging_mixin.py:151} INFO - [2023-10-01T12:21:06.840+0000] {dag.py:3677} INFO - Setting next_dagrun for example_subdag_operator.section-1 to None, run_after=None
[2023-10-01T12:21:06.840+0000] {logging_mixin.py:151} INFO - [2023-10-01T12:21:06.840+0000] {dag.py:3677} INFO - Setting next_dagrun for example_subdag_operator.section-2 to None, run_after=None
[2023-10-01T12:21:06.849+0000] {processor.py:179} INFO - Processing /home/airflow/.local/lib/python3.8/site-packages/airflow/example_dags/example_subdag_operator.py took 0.062 seconds
[2023-10-01T13:43:19.899+0000] {processor.py:157} INFO - Started process (PID=7231) to work on /home/airflow/.local/lib/python3.8/site-packages/airflow/example_dags/example_subdag_operator.py
[2023-10-01T13:43:19.900+0000] {processor.py:829} INFO - Processing file /home/airflow/.local/lib/python3.8/site-packages/airflow/example_dags/example_subdag_operator.py for tasks to queue
[2023-10-01T13:43:19.901+0000] {logging_mixin.py:151} INFO - [2023-10-01T13:43:19.901+0000] {dagbag.py:539} INFO - Filling up the DagBag from /home/airflow/.local/lib/python3.8/site-packages/airflow/example_dags/example_subdag_operator.py
[2023-10-01T13:43:19.915+0000] {processor.py:839} INFO - DAG(s) dict_keys(['example_subdag_operator.section-1', 'example_subdag_operator.section-2', 'example_subdag_operator']) retrieved from /home/airflow/.local/lib/python3.8/site-packages/airflow/example_dags/example_subdag_operator.py
[2023-10-01T13:43:19.923+0000] {logging_mixin.py:151} INFO - [2023-10-01T13:43:19.923+0000] {dag.py:2907} INFO - Sync 3 DAGs
[2023-10-01T13:43:19.934+0000] {logging_mixin.py:151} INFO - [2023-10-01T13:43:19.934+0000] {dag.py:3677} INFO - Setting next_dagrun for example_subdag_operator to 2022-01-01T00:00:00+00:00, run_after=2022-01-01T00:00:00+00:00
[2023-10-01T13:43:19.936+0000] {logging_mixin.py:151} INFO - [2023-10-01T13:43:19.936+0000] {dag.py:3677} INFO - Setting next_dagrun for example_subdag_operator.section-1 to None, run_after=None
[2023-10-01T13:43:19.937+0000] {logging_mixin.py:151} INFO - [2023-10-01T13:43:19.937+0000] {dag.py:3677} INFO - Setting next_dagrun for example_subdag_operator.section-2 to None, run_after=None
[2023-10-01T13:43:19.941+0000] {logging_mixin.py:151} INFO - [2023-10-01T13:43:19.941+0000] {dag.py:2907} INFO - Sync 2 DAGs
[2023-10-01T13:43:19.944+0000] {logging_mixin.py:151} INFO - [2023-10-01T13:43:19.944+0000] {dag.py:3677} INFO - Setting next_dagrun for example_subdag_operator.section-1 to None, run_after=None
[2023-10-01T13:43:19.944+0000] {logging_mixin.py:151} INFO - [2023-10-01T13:43:19.944+0000] {dag.py:3677} INFO - Setting next_dagrun for example_subdag_operator.section-2 to None, run_after=None
[2023-10-01T13:43:19.952+0000] {processor.py:179} INFO - Processing /home/airflow/.local/lib/python3.8/site-packages/airflow/example_dags/example_subdag_operator.py took 0.055 seconds
[2023-10-01T15:05:43.533+0000] {processor.py:157} INFO - Started process (PID=7282) to work on /home/airflow/.local/lib/python3.8/site-packages/airflow/example_dags/example_subdag_operator.py
[2023-10-01T15:05:43.533+0000] {processor.py:829} INFO - Processing file /home/airflow/.local/lib/python3.8/site-packages/airflow/example_dags/example_subdag_operator.py for tasks to queue
[2023-10-01T15:05:43.535+0000] {logging_mixin.py:151} INFO - [2023-10-01T15:05:43.535+0000] {dagbag.py:539} INFO - Filling up the DagBag from /home/airflow/.local/lib/python3.8/site-packages/airflow/example_dags/example_subdag_operator.py
[2023-10-01T15:05:43.552+0000] {processor.py:839} INFO - DAG(s) dict_keys(['example_subdag_operator.section-1', 'example_subdag_operator.section-2', 'example_subdag_operator']) retrieved from /home/airflow/.local/lib/python3.8/site-packages/airflow/example_dags/example_subdag_operator.py
[2023-10-01T15:05:43.560+0000] {logging_mixin.py:151} INFO - [2023-10-01T15:05:43.560+0000] {dag.py:2907} INFO - Sync 3 DAGs
[2023-10-01T15:05:43.571+0000] {logging_mixin.py:151} INFO - [2023-10-01T15:05:43.571+0000] {dag.py:3677} INFO - Setting next_dagrun for example_subdag_operator to 2022-01-01T00:00:00+00:00, run_after=2022-01-01T00:00:00+00:00
[2023-10-01T15:05:43.573+0000] {logging_mixin.py:151} INFO - [2023-10-01T15:05:43.572+0000] {dag.py:3677} INFO - Setting next_dagrun for example_subdag_operator.section-1 to None, run_after=None
[2023-10-01T15:05:43.573+0000] {logging_mixin.py:151} INFO - [2023-10-01T15:05:43.573+0000] {dag.py:3677} INFO - Setting next_dagrun for example_subdag_operator.section-2 to None, run_after=None
[2023-10-01T15:05:43.578+0000] {logging_mixin.py:151} INFO - [2023-10-01T15:05:43.578+0000] {dag.py:2907} INFO - Sync 2 DAGs
[2023-10-01T15:05:43.581+0000] {logging_mixin.py:151} INFO - [2023-10-01T15:05:43.581+0000] {dag.py:3677} INFO - Setting next_dagrun for example_subdag_operator.section-1 to None, run_after=None
[2023-10-01T15:05:43.581+0000] {logging_mixin.py:151} INFO - [2023-10-01T15:05:43.581+0000] {dag.py:3677} INFO - Setting next_dagrun for example_subdag_operator.section-2 to None, run_after=None
[2023-10-01T15:05:43.589+0000] {processor.py:179} INFO - Processing /home/airflow/.local/lib/python3.8/site-packages/airflow/example_dags/example_subdag_operator.py took 0.058 seconds
[2023-10-01T16:27:32.787+0000] {processor.py:157} INFO - Started process (PID=7333) to work on /home/airflow/.local/lib/python3.8/site-packages/airflow/example_dags/example_subdag_operator.py
[2023-10-01T16:27:32.788+0000] {processor.py:829} INFO - Processing file /home/airflow/.local/lib/python3.8/site-packages/airflow/example_dags/example_subdag_operator.py for tasks to queue
[2023-10-01T16:27:32.789+0000] {logging_mixin.py:151} INFO - [2023-10-01T16:27:32.789+0000] {dagbag.py:539} INFO - Filling up the DagBag from /home/airflow/.local/lib/python3.8/site-packages/airflow/example_dags/example_subdag_operator.py
[2023-10-01T16:27:32.808+0000] {processor.py:839} INFO - DAG(s) dict_keys(['example_subdag_operator.section-1', 'example_subdag_operator.section-2', 'example_subdag_operator']) retrieved from /home/airflow/.local/lib/python3.8/site-packages/airflow/example_dags/example_subdag_operator.py
[2023-10-01T16:27:32.817+0000] {logging_mixin.py:151} INFO - [2023-10-01T16:27:32.816+0000] {dag.py:2907} INFO - Sync 3 DAGs
[2023-10-01T16:27:32.828+0000] {logging_mixin.py:151} INFO - [2023-10-01T16:27:32.827+0000] {dag.py:3677} INFO - Setting next_dagrun for example_subdag_operator to 2022-01-01T00:00:00+00:00, run_after=2022-01-01T00:00:00+00:00
[2023-10-01T16:27:32.829+0000] {logging_mixin.py:151} INFO - [2023-10-01T16:27:32.829+0000] {dag.py:3677} INFO - Setting next_dagrun for example_subdag_operator.section-1 to None, run_after=None
[2023-10-01T16:27:32.830+0000] {logging_mixin.py:151} INFO - [2023-10-01T16:27:32.830+0000] {dag.py:3677} INFO - Setting next_dagrun for example_subdag_operator.section-2 to None, run_after=None
[2023-10-01T16:27:32.834+0000] {logging_mixin.py:151} INFO - [2023-10-01T16:27:32.834+0000] {dag.py:2907} INFO - Sync 2 DAGs
[2023-10-01T16:27:32.838+0000] {logging_mixin.py:151} INFO - [2023-10-01T16:27:32.838+0000] {dag.py:3677} INFO - Setting next_dagrun for example_subdag_operator.section-1 to None, run_after=None
[2023-10-01T16:27:32.838+0000] {logging_mixin.py:151} INFO - [2023-10-01T16:27:32.838+0000] {dag.py:3677} INFO - Setting next_dagrun for example_subdag_operator.section-2 to None, run_after=None
[2023-10-01T16:27:32.846+0000] {processor.py:179} INFO - Processing /home/airflow/.local/lib/python3.8/site-packages/airflow/example_dags/example_subdag_operator.py took 0.061 seconds
[2023-10-01T17:48:06.449+0000] {processor.py:157} INFO - Started process (PID=7384) to work on /home/airflow/.local/lib/python3.8/site-packages/airflow/example_dags/example_subdag_operator.py
[2023-10-01T17:48:06.449+0000] {processor.py:829} INFO - Processing file /home/airflow/.local/lib/python3.8/site-packages/airflow/example_dags/example_subdag_operator.py for tasks to queue
[2023-10-01T17:48:06.451+0000] {logging_mixin.py:151} INFO - [2023-10-01T17:48:06.451+0000] {dagbag.py:539} INFO - Filling up the DagBag from /home/airflow/.local/lib/python3.8/site-packages/airflow/example_dags/example_subdag_operator.py
[2023-10-01T17:48:06.467+0000] {processor.py:839} INFO - DAG(s) dict_keys(['example_subdag_operator.section-1', 'example_subdag_operator.section-2', 'example_subdag_operator']) retrieved from /home/airflow/.local/lib/python3.8/site-packages/airflow/example_dags/example_subdag_operator.py
[2023-10-01T17:48:06.476+0000] {logging_mixin.py:151} INFO - [2023-10-01T17:48:06.476+0000] {dag.py:2907} INFO - Sync 3 DAGs
[2023-10-01T17:48:06.488+0000] {logging_mixin.py:151} INFO - [2023-10-01T17:48:06.488+0000] {dag.py:3677} INFO - Setting next_dagrun for example_subdag_operator to 2022-01-01T00:00:00+00:00, run_after=2022-01-01T00:00:00+00:00
[2023-10-01T17:48:06.489+0000] {logging_mixin.py:151} INFO - [2023-10-01T17:48:06.489+0000] {dag.py:3677} INFO - Setting next_dagrun for example_subdag_operator.section-1 to None, run_after=None
[2023-10-01T17:48:06.490+0000] {logging_mixin.py:151} INFO - [2023-10-01T17:48:06.490+0000] {dag.py:3677} INFO - Setting next_dagrun for example_subdag_operator.section-2 to None, run_after=None
[2023-10-01T17:48:06.494+0000] {logging_mixin.py:151} INFO - [2023-10-01T17:48:06.494+0000] {dag.py:2907} INFO - Sync 2 DAGs
[2023-10-01T17:48:06.497+0000] {logging_mixin.py:151} INFO - [2023-10-01T17:48:06.497+0000] {dag.py:3677} INFO - Setting next_dagrun for example_subdag_operator.section-1 to None, run_after=None
[2023-10-01T17:48:06.498+0000] {logging_mixin.py:151} INFO - [2023-10-01T17:48:06.498+0000] {dag.py:3677} INFO - Setting next_dagrun for example_subdag_operator.section-2 to None, run_after=None
[2023-10-01T17:48:06.505+0000] {processor.py:179} INFO - Processing /home/airflow/.local/lib/python3.8/site-packages/airflow/example_dags/example_subdag_operator.py took 0.058 seconds
[2023-10-01T19:11:20.409+0000] {processor.py:157} INFO - Started process (PID=7435) to work on /home/airflow/.local/lib/python3.8/site-packages/airflow/example_dags/example_subdag_operator.py
[2023-10-01T19:11:20.410+0000] {processor.py:829} INFO - Processing file /home/airflow/.local/lib/python3.8/site-packages/airflow/example_dags/example_subdag_operator.py for tasks to queue
[2023-10-01T19:11:20.412+0000] {logging_mixin.py:151} INFO - [2023-10-01T19:11:20.412+0000] {dagbag.py:539} INFO - Filling up the DagBag from /home/airflow/.local/lib/python3.8/site-packages/airflow/example_dags/example_subdag_operator.py
[2023-10-01T19:11:20.427+0000] {processor.py:839} INFO - DAG(s) dict_keys(['example_subdag_operator.section-1', 'example_subdag_operator.section-2', 'example_subdag_operator']) retrieved from /home/airflow/.local/lib/python3.8/site-packages/airflow/example_dags/example_subdag_operator.py
[2023-10-01T19:11:20.435+0000] {logging_mixin.py:151} INFO - [2023-10-01T19:11:20.435+0000] {dag.py:2907} INFO - Sync 3 DAGs
[2023-10-01T19:11:20.447+0000] {logging_mixin.py:151} INFO - [2023-10-01T19:11:20.447+0000] {dag.py:3677} INFO - Setting next_dagrun for example_subdag_operator to 2022-01-01T00:00:00+00:00, run_after=2022-01-01T00:00:00+00:00
[2023-10-01T19:11:20.449+0000] {logging_mixin.py:151} INFO - [2023-10-01T19:11:20.449+0000] {dag.py:3677} INFO - Setting next_dagrun for example_subdag_operator.section-1 to None, run_after=None
[2023-10-01T19:11:20.450+0000] {logging_mixin.py:151} INFO - [2023-10-01T19:11:20.450+0000] {dag.py:3677} INFO - Setting next_dagrun for example_subdag_operator.section-2 to None, run_after=None
[2023-10-01T19:11:20.454+0000] {logging_mixin.py:151} INFO - [2023-10-01T19:11:20.454+0000] {dag.py:2907} INFO - Sync 2 DAGs
[2023-10-01T19:11:20.458+0000] {logging_mixin.py:151} INFO - [2023-10-01T19:11:20.458+0000] {dag.py:3677} INFO - Setting next_dagrun for example_subdag_operator.section-1 to None, run_after=None
[2023-10-01T19:11:20.458+0000] {logging_mixin.py:151} INFO - [2023-10-01T19:11:20.458+0000] {dag.py:3677} INFO - Setting next_dagrun for example_subdag_operator.section-2 to None, run_after=None
[2023-10-01T19:11:20.467+0000] {processor.py:179} INFO - Processing /home/airflow/.local/lib/python3.8/site-packages/airflow/example_dags/example_subdag_operator.py took 0.060 seconds
[2023-10-01T20:17:36.467+0000] {processor.py:157} INFO - Started process (PID=7486) to work on /home/airflow/.local/lib/python3.8/site-packages/airflow/example_dags/example_subdag_operator.py
[2023-10-01T20:17:36.468+0000] {processor.py:829} INFO - Processing file /home/airflow/.local/lib/python3.8/site-packages/airflow/example_dags/example_subdag_operator.py for tasks to queue
[2023-10-01T20:17:36.469+0000] {logging_mixin.py:151} INFO - [2023-10-01T20:17:36.469+0000] {dagbag.py:539} INFO - Filling up the DagBag from /home/airflow/.local/lib/python3.8/site-packages/airflow/example_dags/example_subdag_operator.py
[2023-10-01T20:17:36.487+0000] {processor.py:839} INFO - DAG(s) dict_keys(['example_subdag_operator.section-1', 'example_subdag_operator.section-2', 'example_subdag_operator']) retrieved from /home/airflow/.local/lib/python3.8/site-packages/airflow/example_dags/example_subdag_operator.py
[2023-10-01T20:17:36.496+0000] {logging_mixin.py:151} INFO - [2023-10-01T20:17:36.496+0000] {dag.py:2907} INFO - Sync 3 DAGs
[2023-10-01T20:17:36.507+0000] {logging_mixin.py:151} INFO - [2023-10-01T20:17:36.507+0000] {dag.py:3677} INFO - Setting next_dagrun for example_subdag_operator to 2022-01-01T00:00:00+00:00, run_after=2022-01-01T00:00:00+00:00
[2023-10-01T20:17:36.509+0000] {logging_mixin.py:151} INFO - [2023-10-01T20:17:36.509+0000] {dag.py:3677} INFO - Setting next_dagrun for example_subdag_operator.section-1 to None, run_after=None
[2023-10-01T20:17:36.510+0000] {logging_mixin.py:151} INFO - [2023-10-01T20:17:36.510+0000] {dag.py:3677} INFO - Setting next_dagrun for example_subdag_operator.section-2 to None, run_after=None
[2023-10-01T20:17:36.514+0000] {logging_mixin.py:151} INFO - [2023-10-01T20:17:36.514+0000] {dag.py:2907} INFO - Sync 2 DAGs
[2023-10-01T20:17:36.517+0000] {logging_mixin.py:151} INFO - [2023-10-01T20:17:36.516+0000] {dag.py:3677} INFO - Setting next_dagrun for example_subdag_operator.section-1 to None, run_after=None
[2023-10-01T20:17:36.517+0000] {logging_mixin.py:151} INFO - [2023-10-01T20:17:36.517+0000] {dag.py:3677} INFO - Setting next_dagrun for example_subdag_operator.section-2 to None, run_after=None
[2023-10-01T20:17:36.525+0000] {processor.py:179} INFO - Processing /home/airflow/.local/lib/python3.8/site-packages/airflow/example_dags/example_subdag_operator.py took 0.059 seconds
[2023-10-01T21:37:15.074+0000] {processor.py:157} INFO - Started process (PID=7537) to work on /home/airflow/.local/lib/python3.8/site-packages/airflow/example_dags/example_subdag_operator.py
[2023-10-01T21:37:15.075+0000] {processor.py:829} INFO - Processing file /home/airflow/.local/lib/python3.8/site-packages/airflow/example_dags/example_subdag_operator.py for tasks to queue
[2023-10-01T21:37:15.076+0000] {logging_mixin.py:151} INFO - [2023-10-01T21:37:15.076+0000] {dagbag.py:539} INFO - Filling up the DagBag from /home/airflow/.local/lib/python3.8/site-packages/airflow/example_dags/example_subdag_operator.py
[2023-10-01T21:37:15.091+0000] {processor.py:839} INFO - DAG(s) dict_keys(['example_subdag_operator.section-1', 'example_subdag_operator.section-2', 'example_subdag_operator']) retrieved from /home/airflow/.local/lib/python3.8/site-packages/airflow/example_dags/example_subdag_operator.py
[2023-10-01T21:37:15.098+0000] {logging_mixin.py:151} INFO - [2023-10-01T21:37:15.098+0000] {dag.py:2907} INFO - Sync 3 DAGs
[2023-10-01T21:37:15.108+0000] {logging_mixin.py:151} INFO - [2023-10-01T21:37:15.108+0000] {dag.py:3677} INFO - Setting next_dagrun for example_subdag_operator to 2022-01-01T00:00:00+00:00, run_after=2022-01-01T00:00:00+00:00
[2023-10-01T21:37:15.110+0000] {logging_mixin.py:151} INFO - [2023-10-01T21:37:15.110+0000] {dag.py:3677} INFO - Setting next_dagrun for example_subdag_operator.section-1 to None, run_after=None
[2023-10-01T21:37:15.111+0000] {logging_mixin.py:151} INFO - [2023-10-01T21:37:15.111+0000] {dag.py:3677} INFO - Setting next_dagrun for example_subdag_operator.section-2 to None, run_after=None
[2023-10-01T21:37:15.115+0000] {logging_mixin.py:151} INFO - [2023-10-01T21:37:15.115+0000] {dag.py:2907} INFO - Sync 2 DAGs
[2023-10-01T21:37:15.118+0000] {logging_mixin.py:151} INFO - [2023-10-01T21:37:15.118+0000] {dag.py:3677} INFO - Setting next_dagrun for example_subdag_operator.section-1 to None, run_after=None
[2023-10-01T21:37:15.118+0000] {logging_mixin.py:151} INFO - [2023-10-01T21:37:15.118+0000] {dag.py:3677} INFO - Setting next_dagrun for example_subdag_operator.section-2 to None, run_after=None
[2023-10-01T21:37:15.126+0000] {processor.py:179} INFO - Processing /home/airflow/.local/lib/python3.8/site-packages/airflow/example_dags/example_subdag_operator.py took 0.053 seconds
[2023-10-01T23:02:28.292+0000] {processor.py:157} INFO - Started process (PID=7588) to work on /home/airflow/.local/lib/python3.8/site-packages/airflow/example_dags/example_subdag_operator.py
[2023-10-01T23:02:28.293+0000] {processor.py:829} INFO - Processing file /home/airflow/.local/lib/python3.8/site-packages/airflow/example_dags/example_subdag_operator.py for tasks to queue
[2023-10-01T23:02:28.295+0000] {logging_mixin.py:151} INFO - [2023-10-01T23:02:28.294+0000] {dagbag.py:539} INFO - Filling up the DagBag from /home/airflow/.local/lib/python3.8/site-packages/airflow/example_dags/example_subdag_operator.py
[2023-10-01T23:02:28.319+0000] {processor.py:839} INFO - DAG(s) dict_keys(['example_subdag_operator.section-1', 'example_subdag_operator.section-2', 'example_subdag_operator']) retrieved from /home/airflow/.local/lib/python3.8/site-packages/airflow/example_dags/example_subdag_operator.py
[2023-10-01T23:02:28.328+0000] {logging_mixin.py:151} INFO - [2023-10-01T23:02:28.328+0000] {dag.py:2907} INFO - Sync 3 DAGs
[2023-10-01T23:02:28.339+0000] {logging_mixin.py:151} INFO - [2023-10-01T23:02:28.339+0000] {dag.py:3677} INFO - Setting next_dagrun for example_subdag_operator to 2022-01-01T00:00:00+00:00, run_after=2022-01-01T00:00:00+00:00
[2023-10-01T23:02:28.341+0000] {logging_mixin.py:151} INFO - [2023-10-01T23:02:28.341+0000] {dag.py:3677} INFO - Setting next_dagrun for example_subdag_operator.section-1 to None, run_after=None
[2023-10-01T23:02:28.342+0000] {logging_mixin.py:151} INFO - [2023-10-01T23:02:28.342+0000] {dag.py:3677} INFO - Setting next_dagrun for example_subdag_operator.section-2 to None, run_after=None
[2023-10-01T23:02:28.346+0000] {logging_mixin.py:151} INFO - [2023-10-01T23:02:28.346+0000] {dag.py:2907} INFO - Sync 2 DAGs
[2023-10-01T23:02:28.349+0000] {logging_mixin.py:151} INFO - [2023-10-01T23:02:28.349+0000] {dag.py:3677} INFO - Setting next_dagrun for example_subdag_operator.section-1 to None, run_after=None
[2023-10-01T23:02:28.349+0000] {logging_mixin.py:151} INFO - [2023-10-01T23:02:28.349+0000] {dag.py:3677} INFO - Setting next_dagrun for example_subdag_operator.section-2 to None, run_after=None
[2023-10-01T23:02:28.358+0000] {processor.py:179} INFO - Processing /home/airflow/.local/lib/python3.8/site-packages/airflow/example_dags/example_subdag_operator.py took 0.067 seconds
