[2023-10-01T01:19:03.811+0000] {processor.py:157} INFO - Started process (PID=6751) to work on /home/airflow/.local/lib/python3.8/site-packages/airflow/example_dags/example_dynamic_task_mapping_with_no_taskflow_operators.py
[2023-10-01T01:19:03.812+0000] {processor.py:829} INFO - Processing file /home/airflow/.local/lib/python3.8/site-packages/airflow/example_dags/example_dynamic_task_mapping_with_no_taskflow_operators.py for tasks to queue
[2023-10-01T01:19:03.813+0000] {logging_mixin.py:151} INFO - [2023-10-01T01:19:03.813+0000] {dagbag.py:539} INFO - Filling up the DagBag from /home/airflow/.local/lib/python3.8/site-packages/airflow/example_dags/example_dynamic_task_mapping_with_no_taskflow_operators.py
[2023-10-01T01:19:03.817+0000] {processor.py:839} INFO - DAG(s) dict_keys(['example_dynamic_task_mapping_with_no_taskflow_operators']) retrieved from /home/airflow/.local/lib/python3.8/site-packages/airflow/example_dags/example_dynamic_task_mapping_with_no_taskflow_operators.py
[2023-10-01T01:19:03.828+0000] {logging_mixin.py:151} INFO - [2023-10-01T01:19:03.828+0000] {dag.py:2907} INFO - Sync 1 DAGs
[2023-10-01T01:19:03.853+0000] {logging_mixin.py:151} INFO - [2023-10-01T01:19:03.853+0000] {dag.py:3677} INFO - Setting next_dagrun for example_dynamic_task_mapping_with_no_taskflow_operators to 2023-09-30T01:19:03.853009+00:00, run_after=2023-10-01T01:19:03.853009+00:00
[2023-10-01T01:19:03.864+0000] {processor.py:179} INFO - Processing /home/airflow/.local/lib/python3.8/site-packages/airflow/example_dags/example_dynamic_task_mapping_with_no_taskflow_operators.py took 0.055 seconds
[2023-10-01T02:41:39.924+0000] {processor.py:157} INFO - Started process (PID=6802) to work on /home/airflow/.local/lib/python3.8/site-packages/airflow/example_dags/example_dynamic_task_mapping_with_no_taskflow_operators.py
[2023-10-01T02:41:39.924+0000] {processor.py:829} INFO - Processing file /home/airflow/.local/lib/python3.8/site-packages/airflow/example_dags/example_dynamic_task_mapping_with_no_taskflow_operators.py for tasks to queue
[2023-10-01T02:41:39.926+0000] {logging_mixin.py:151} INFO - [2023-10-01T02:41:39.926+0000] {dagbag.py:539} INFO - Filling up the DagBag from /home/airflow/.local/lib/python3.8/site-packages/airflow/example_dags/example_dynamic_task_mapping_with_no_taskflow_operators.py
[2023-10-01T02:41:39.929+0000] {processor.py:839} INFO - DAG(s) dict_keys(['example_dynamic_task_mapping_with_no_taskflow_operators']) retrieved from /home/airflow/.local/lib/python3.8/site-packages/airflow/example_dags/example_dynamic_task_mapping_with_no_taskflow_operators.py
[2023-10-01T02:41:39.940+0000] {logging_mixin.py:151} INFO - [2023-10-01T02:41:39.940+0000] {dag.py:2907} INFO - Sync 1 DAGs
[2023-10-01T02:41:39.951+0000] {logging_mixin.py:151} INFO - [2023-10-01T02:41:39.951+0000] {dag.py:3677} INFO - Setting next_dagrun for example_dynamic_task_mapping_with_no_taskflow_operators to 2023-09-30T02:41:39.951097+00:00, run_after=2023-10-01T02:41:39.951097+00:00
[2023-10-01T02:41:39.961+0000] {processor.py:179} INFO - Processing /home/airflow/.local/lib/python3.8/site-packages/airflow/example_dags/example_dynamic_task_mapping_with_no_taskflow_operators.py took 0.039 seconds
[2023-10-01T04:04:41.197+0000] {processor.py:157} INFO - Started process (PID=6853) to work on /home/airflow/.local/lib/python3.8/site-packages/airflow/example_dags/example_dynamic_task_mapping_with_no_taskflow_operators.py
[2023-10-01T04:04:41.197+0000] {processor.py:829} INFO - Processing file /home/airflow/.local/lib/python3.8/site-packages/airflow/example_dags/example_dynamic_task_mapping_with_no_taskflow_operators.py for tasks to queue
[2023-10-01T04:04:41.199+0000] {logging_mixin.py:151} INFO - [2023-10-01T04:04:41.198+0000] {dagbag.py:539} INFO - Filling up the DagBag from /home/airflow/.local/lib/python3.8/site-packages/airflow/example_dags/example_dynamic_task_mapping_with_no_taskflow_operators.py
[2023-10-01T04:04:41.202+0000] {processor.py:839} INFO - DAG(s) dict_keys(['example_dynamic_task_mapping_with_no_taskflow_operators']) retrieved from /home/airflow/.local/lib/python3.8/site-packages/airflow/example_dags/example_dynamic_task_mapping_with_no_taskflow_operators.py
[2023-10-01T04:04:41.221+0000] {logging_mixin.py:151} INFO - [2023-10-01T04:04:41.221+0000] {dag.py:2907} INFO - Sync 1 DAGs
[2023-10-01T04:04:41.231+0000] {logging_mixin.py:151} INFO - [2023-10-01T04:04:41.231+0000] {dag.py:3677} INFO - Setting next_dagrun for example_dynamic_task_mapping_with_no_taskflow_operators to 2023-09-30T04:04:41.231652+00:00, run_after=2023-10-01T04:04:41.231652+00:00
[2023-10-01T04:04:41.242+0000] {processor.py:179} INFO - Processing /home/airflow/.local/lib/python3.8/site-packages/airflow/example_dags/example_dynamic_task_mapping_with_no_taskflow_operators.py took 0.047 seconds
[2023-10-01T05:25:55.366+0000] {processor.py:157} INFO - Started process (PID=6904) to work on /home/airflow/.local/lib/python3.8/site-packages/airflow/example_dags/example_dynamic_task_mapping_with_no_taskflow_operators.py
[2023-10-01T05:25:55.366+0000] {processor.py:829} INFO - Processing file /home/airflow/.local/lib/python3.8/site-packages/airflow/example_dags/example_dynamic_task_mapping_with_no_taskflow_operators.py for tasks to queue
[2023-10-01T05:25:55.368+0000] {logging_mixin.py:151} INFO - [2023-10-01T05:25:55.368+0000] {dagbag.py:539} INFO - Filling up the DagBag from /home/airflow/.local/lib/python3.8/site-packages/airflow/example_dags/example_dynamic_task_mapping_with_no_taskflow_operators.py
[2023-10-01T05:25:55.371+0000] {processor.py:839} INFO - DAG(s) dict_keys(['example_dynamic_task_mapping_with_no_taskflow_operators']) retrieved from /home/airflow/.local/lib/python3.8/site-packages/airflow/example_dags/example_dynamic_task_mapping_with_no_taskflow_operators.py
[2023-10-01T05:25:55.383+0000] {logging_mixin.py:151} INFO - [2023-10-01T05:25:55.383+0000] {dag.py:2907} INFO - Sync 1 DAGs
[2023-10-01T05:25:55.393+0000] {logging_mixin.py:151} INFO - [2023-10-01T05:25:55.393+0000] {dag.py:3677} INFO - Setting next_dagrun for example_dynamic_task_mapping_with_no_taskflow_operators to 2023-09-30T05:25:55.393707+00:00, run_after=2023-10-01T05:25:55.393707+00:00
[2023-10-01T05:25:55.405+0000] {processor.py:179} INFO - Processing /home/airflow/.local/lib/python3.8/site-packages/airflow/example_dags/example_dynamic_task_mapping_with_no_taskflow_operators.py took 0.041 seconds
[2023-10-01T06:49:39.833+0000] {processor.py:157} INFO - Started process (PID=6955) to work on /home/airflow/.local/lib/python3.8/site-packages/airflow/example_dags/example_dynamic_task_mapping_with_no_taskflow_operators.py
[2023-10-01T06:49:39.834+0000] {processor.py:829} INFO - Processing file /home/airflow/.local/lib/python3.8/site-packages/airflow/example_dags/example_dynamic_task_mapping_with_no_taskflow_operators.py for tasks to queue
[2023-10-01T06:49:39.835+0000] {logging_mixin.py:151} INFO - [2023-10-01T06:49:39.835+0000] {dagbag.py:539} INFO - Filling up the DagBag from /home/airflow/.local/lib/python3.8/site-packages/airflow/example_dags/example_dynamic_task_mapping_with_no_taskflow_operators.py
[2023-10-01T06:49:39.839+0000] {processor.py:839} INFO - DAG(s) dict_keys(['example_dynamic_task_mapping_with_no_taskflow_operators']) retrieved from /home/airflow/.local/lib/python3.8/site-packages/airflow/example_dags/example_dynamic_task_mapping_with_no_taskflow_operators.py
[2023-10-01T06:49:39.858+0000] {logging_mixin.py:151} INFO - [2023-10-01T06:49:39.858+0000] {dag.py:2907} INFO - Sync 1 DAGs
[2023-10-01T06:49:39.870+0000] {logging_mixin.py:151} INFO - [2023-10-01T06:49:39.869+0000] {dag.py:3677} INFO - Setting next_dagrun for example_dynamic_task_mapping_with_no_taskflow_operators to 2023-09-30T06:49:39.869834+00:00, run_after=2023-10-01T06:49:39.869834+00:00
[2023-10-01T06:49:39.881+0000] {processor.py:179} INFO - Processing /home/airflow/.local/lib/python3.8/site-packages/airflow/example_dags/example_dynamic_task_mapping_with_no_taskflow_operators.py took 0.050 seconds
[2023-10-01T08:11:42.705+0000] {processor.py:157} INFO - Started process (PID=7006) to work on /home/airflow/.local/lib/python3.8/site-packages/airflow/example_dags/example_dynamic_task_mapping_with_no_taskflow_operators.py
[2023-10-01T08:11:42.706+0000] {processor.py:829} INFO - Processing file /home/airflow/.local/lib/python3.8/site-packages/airflow/example_dags/example_dynamic_task_mapping_with_no_taskflow_operators.py for tasks to queue
[2023-10-01T08:11:42.707+0000] {logging_mixin.py:151} INFO - [2023-10-01T08:11:42.707+0000] {dagbag.py:539} INFO - Filling up the DagBag from /home/airflow/.local/lib/python3.8/site-packages/airflow/example_dags/example_dynamic_task_mapping_with_no_taskflow_operators.py
[2023-10-01T08:11:42.711+0000] {processor.py:839} INFO - DAG(s) dict_keys(['example_dynamic_task_mapping_with_no_taskflow_operators']) retrieved from /home/airflow/.local/lib/python3.8/site-packages/airflow/example_dags/example_dynamic_task_mapping_with_no_taskflow_operators.py
[2023-10-01T08:11:42.723+0000] {logging_mixin.py:151} INFO - [2023-10-01T08:11:42.723+0000] {dag.py:2907} INFO - Sync 1 DAGs
[2023-10-01T08:11:42.733+0000] {logging_mixin.py:151} INFO - [2023-10-01T08:11:42.733+0000] {dag.py:3677} INFO - Setting next_dagrun for example_dynamic_task_mapping_with_no_taskflow_operators to 2023-09-30T08:11:42.733516+00:00, run_after=2023-10-01T08:11:42.733516+00:00
[2023-10-01T08:11:42.744+0000] {processor.py:179} INFO - Processing /home/airflow/.local/lib/python3.8/site-packages/airflow/example_dags/example_dynamic_task_mapping_with_no_taskflow_operators.py took 0.041 seconds
[2023-10-01T09:37:04.461+0000] {processor.py:157} INFO - Started process (PID=7057) to work on /home/airflow/.local/lib/python3.8/site-packages/airflow/example_dags/example_dynamic_task_mapping_with_no_taskflow_operators.py
[2023-10-01T09:37:04.461+0000] {processor.py:829} INFO - Processing file /home/airflow/.local/lib/python3.8/site-packages/airflow/example_dags/example_dynamic_task_mapping_with_no_taskflow_operators.py for tasks to queue
[2023-10-01T09:37:04.462+0000] {logging_mixin.py:151} INFO - [2023-10-01T09:37:04.462+0000] {dagbag.py:539} INFO - Filling up the DagBag from /home/airflow/.local/lib/python3.8/site-packages/airflow/example_dags/example_dynamic_task_mapping_with_no_taskflow_operators.py
[2023-10-01T09:37:04.466+0000] {processor.py:839} INFO - DAG(s) dict_keys(['example_dynamic_task_mapping_with_no_taskflow_operators']) retrieved from /home/airflow/.local/lib/python3.8/site-packages/airflow/example_dags/example_dynamic_task_mapping_with_no_taskflow_operators.py
[2023-10-01T09:37:04.478+0000] {logging_mixin.py:151} INFO - [2023-10-01T09:37:04.478+0000] {dag.py:2907} INFO - Sync 1 DAGs
[2023-10-01T09:37:04.488+0000] {logging_mixin.py:151} INFO - [2023-10-01T09:37:04.488+0000] {dag.py:3677} INFO - Setting next_dagrun for example_dynamic_task_mapping_with_no_taskflow_operators to 2023-09-30T09:37:04.488668+00:00, run_after=2023-10-01T09:37:04.488668+00:00
[2023-10-01T09:37:04.499+0000] {processor.py:179} INFO - Processing /home/airflow/.local/lib/python3.8/site-packages/airflow/example_dags/example_dynamic_task_mapping_with_no_taskflow_operators.py took 0.040 seconds
[2023-10-01T10:58:12.983+0000] {processor.py:157} INFO - Started process (PID=7108) to work on /home/airflow/.local/lib/python3.8/site-packages/airflow/example_dags/example_dynamic_task_mapping_with_no_taskflow_operators.py
[2023-10-01T10:58:12.984+0000] {processor.py:829} INFO - Processing file /home/airflow/.local/lib/python3.8/site-packages/airflow/example_dags/example_dynamic_task_mapping_with_no_taskflow_operators.py for tasks to queue
[2023-10-01T10:58:12.985+0000] {logging_mixin.py:151} INFO - [2023-10-01T10:58:12.985+0000] {dagbag.py:539} INFO - Filling up the DagBag from /home/airflow/.local/lib/python3.8/site-packages/airflow/example_dags/example_dynamic_task_mapping_with_no_taskflow_operators.py
[2023-10-01T10:58:12.989+0000] {processor.py:839} INFO - DAG(s) dict_keys(['example_dynamic_task_mapping_with_no_taskflow_operators']) retrieved from /home/airflow/.local/lib/python3.8/site-packages/airflow/example_dags/example_dynamic_task_mapping_with_no_taskflow_operators.py
[2023-10-01T10:58:13.001+0000] {logging_mixin.py:151} INFO - [2023-10-01T10:58:13.001+0000] {dag.py:2907} INFO - Sync 1 DAGs
[2023-10-01T10:58:13.011+0000] {logging_mixin.py:151} INFO - [2023-10-01T10:58:13.011+0000] {dag.py:3677} INFO - Setting next_dagrun for example_dynamic_task_mapping_with_no_taskflow_operators to 2023-09-30T10:58:13.011021+00:00, run_after=2023-10-01T10:58:13.011021+00:00
[2023-10-01T10:58:13.027+0000] {processor.py:179} INFO - Processing /home/airflow/.local/lib/python3.8/site-packages/airflow/example_dags/example_dynamic_task_mapping_with_no_taskflow_operators.py took 0.046 seconds
[2023-10-01T12:21:06.104+0000] {processor.py:157} INFO - Started process (PID=7159) to work on /home/airflow/.local/lib/python3.8/site-packages/airflow/example_dags/example_dynamic_task_mapping_with_no_taskflow_operators.py
[2023-10-01T12:21:06.105+0000] {processor.py:829} INFO - Processing file /home/airflow/.local/lib/python3.8/site-packages/airflow/example_dags/example_dynamic_task_mapping_with_no_taskflow_operators.py for tasks to queue
[2023-10-01T12:21:06.106+0000] {logging_mixin.py:151} INFO - [2023-10-01T12:21:06.106+0000] {dagbag.py:539} INFO - Filling up the DagBag from /home/airflow/.local/lib/python3.8/site-packages/airflow/example_dags/example_dynamic_task_mapping_with_no_taskflow_operators.py
[2023-10-01T12:21:06.110+0000] {processor.py:839} INFO - DAG(s) dict_keys(['example_dynamic_task_mapping_with_no_taskflow_operators']) retrieved from /home/airflow/.local/lib/python3.8/site-packages/airflow/example_dags/example_dynamic_task_mapping_with_no_taskflow_operators.py
[2023-10-01T12:21:06.122+0000] {logging_mixin.py:151} INFO - [2023-10-01T12:21:06.122+0000] {dag.py:2907} INFO - Sync 1 DAGs
[2023-10-01T12:21:06.133+0000] {logging_mixin.py:151} INFO - [2023-10-01T12:21:06.133+0000] {dag.py:3677} INFO - Setting next_dagrun for example_dynamic_task_mapping_with_no_taskflow_operators to 2023-09-30T12:21:06.133728+00:00, run_after=2023-10-01T12:21:06.133728+00:00
[2023-10-01T12:21:06.143+0000] {processor.py:179} INFO - Processing /home/airflow/.local/lib/python3.8/site-packages/airflow/example_dags/example_dynamic_task_mapping_with_no_taskflow_operators.py took 0.042 seconds
[2023-10-01T13:43:19.257+0000] {processor.py:157} INFO - Started process (PID=7210) to work on /home/airflow/.local/lib/python3.8/site-packages/airflow/example_dags/example_dynamic_task_mapping_with_no_taskflow_operators.py
[2023-10-01T13:43:19.258+0000] {processor.py:829} INFO - Processing file /home/airflow/.local/lib/python3.8/site-packages/airflow/example_dags/example_dynamic_task_mapping_with_no_taskflow_operators.py for tasks to queue
[2023-10-01T13:43:19.259+0000] {logging_mixin.py:151} INFO - [2023-10-01T13:43:19.259+0000] {dagbag.py:539} INFO - Filling up the DagBag from /home/airflow/.local/lib/python3.8/site-packages/airflow/example_dags/example_dynamic_task_mapping_with_no_taskflow_operators.py
[2023-10-01T13:43:19.263+0000] {processor.py:839} INFO - DAG(s) dict_keys(['example_dynamic_task_mapping_with_no_taskflow_operators']) retrieved from /home/airflow/.local/lib/python3.8/site-packages/airflow/example_dags/example_dynamic_task_mapping_with_no_taskflow_operators.py
[2023-10-01T13:43:19.275+0000] {logging_mixin.py:151} INFO - [2023-10-01T13:43:19.275+0000] {dag.py:2907} INFO - Sync 1 DAGs
[2023-10-01T13:43:19.286+0000] {logging_mixin.py:151} INFO - [2023-10-01T13:43:19.285+0000] {dag.py:3677} INFO - Setting next_dagrun for example_dynamic_task_mapping_with_no_taskflow_operators to 2023-09-30T13:43:19.285850+00:00, run_after=2023-10-01T13:43:19.285850+00:00
[2023-10-01T13:43:19.296+0000] {processor.py:179} INFO - Processing /home/airflow/.local/lib/python3.8/site-packages/airflow/example_dags/example_dynamic_task_mapping_with_no_taskflow_operators.py took 0.040 seconds
[2023-10-01T15:05:42.896+0000] {processor.py:157} INFO - Started process (PID=7261) to work on /home/airflow/.local/lib/python3.8/site-packages/airflow/example_dags/example_dynamic_task_mapping_with_no_taskflow_operators.py
[2023-10-01T15:05:42.897+0000] {processor.py:829} INFO - Processing file /home/airflow/.local/lib/python3.8/site-packages/airflow/example_dags/example_dynamic_task_mapping_with_no_taskflow_operators.py for tasks to queue
[2023-10-01T15:05:42.898+0000] {logging_mixin.py:151} INFO - [2023-10-01T15:05:42.898+0000] {dagbag.py:539} INFO - Filling up the DagBag from /home/airflow/.local/lib/python3.8/site-packages/airflow/example_dags/example_dynamic_task_mapping_with_no_taskflow_operators.py
[2023-10-01T15:05:42.902+0000] {processor.py:839} INFO - DAG(s) dict_keys(['example_dynamic_task_mapping_with_no_taskflow_operators']) retrieved from /home/airflow/.local/lib/python3.8/site-packages/airflow/example_dags/example_dynamic_task_mapping_with_no_taskflow_operators.py
[2023-10-01T15:05:42.913+0000] {logging_mixin.py:151} INFO - [2023-10-01T15:05:42.913+0000] {dag.py:2907} INFO - Sync 1 DAGs
[2023-10-01T15:05:42.923+0000] {logging_mixin.py:151} INFO - [2023-10-01T15:05:42.923+0000] {dag.py:3677} INFO - Setting next_dagrun for example_dynamic_task_mapping_with_no_taskflow_operators to 2023-09-30T15:05:42.923519+00:00, run_after=2023-10-01T15:05:42.923519+00:00
[2023-10-01T15:05:42.934+0000] {processor.py:179} INFO - Processing /home/airflow/.local/lib/python3.8/site-packages/airflow/example_dags/example_dynamic_task_mapping_with_no_taskflow_operators.py took 0.040 seconds
[2023-10-01T16:27:31.973+0000] {processor.py:157} INFO - Started process (PID=7312) to work on /home/airflow/.local/lib/python3.8/site-packages/airflow/example_dags/example_dynamic_task_mapping_with_no_taskflow_operators.py
[2023-10-01T16:27:31.974+0000] {processor.py:829} INFO - Processing file /home/airflow/.local/lib/python3.8/site-packages/airflow/example_dags/example_dynamic_task_mapping_with_no_taskflow_operators.py for tasks to queue
[2023-10-01T16:27:31.976+0000] {logging_mixin.py:151} INFO - [2023-10-01T16:27:31.975+0000] {dagbag.py:539} INFO - Filling up the DagBag from /home/airflow/.local/lib/python3.8/site-packages/airflow/example_dags/example_dynamic_task_mapping_with_no_taskflow_operators.py
[2023-10-01T16:27:31.980+0000] {processor.py:839} INFO - DAG(s) dict_keys(['example_dynamic_task_mapping_with_no_taskflow_operators']) retrieved from /home/airflow/.local/lib/python3.8/site-packages/airflow/example_dags/example_dynamic_task_mapping_with_no_taskflow_operators.py
[2023-10-01T16:27:31.991+0000] {logging_mixin.py:151} INFO - [2023-10-01T16:27:31.991+0000] {dag.py:2907} INFO - Sync 1 DAGs
[2023-10-01T16:27:32.003+0000] {logging_mixin.py:151} INFO - [2023-10-01T16:27:32.003+0000] {dag.py:3677} INFO - Setting next_dagrun for example_dynamic_task_mapping_with_no_taskflow_operators to 2023-09-30T16:27:32.003250+00:00, run_after=2023-10-01T16:27:32.003250+00:00
[2023-10-01T16:27:32.014+0000] {processor.py:179} INFO - Processing /home/airflow/.local/lib/python3.8/site-packages/airflow/example_dags/example_dynamic_task_mapping_with_no_taskflow_operators.py took 0.043 seconds
[2023-10-01T17:48:05.674+0000] {processor.py:157} INFO - Started process (PID=7363) to work on /home/airflow/.local/lib/python3.8/site-packages/airflow/example_dags/example_dynamic_task_mapping_with_no_taskflow_operators.py
[2023-10-01T17:48:05.675+0000] {processor.py:829} INFO - Processing file /home/airflow/.local/lib/python3.8/site-packages/airflow/example_dags/example_dynamic_task_mapping_with_no_taskflow_operators.py for tasks to queue
[2023-10-01T17:48:05.676+0000] {logging_mixin.py:151} INFO - [2023-10-01T17:48:05.676+0000] {dagbag.py:539} INFO - Filling up the DagBag from /home/airflow/.local/lib/python3.8/site-packages/airflow/example_dags/example_dynamic_task_mapping_with_no_taskflow_operators.py
[2023-10-01T17:48:05.680+0000] {processor.py:839} INFO - DAG(s) dict_keys(['example_dynamic_task_mapping_with_no_taskflow_operators']) retrieved from /home/airflow/.local/lib/python3.8/site-packages/airflow/example_dags/example_dynamic_task_mapping_with_no_taskflow_operators.py
[2023-10-01T17:48:05.692+0000] {logging_mixin.py:151} INFO - [2023-10-01T17:48:05.692+0000] {dag.py:2907} INFO - Sync 1 DAGs
[2023-10-01T17:48:05.740+0000] {logging_mixin.py:151} INFO - [2023-10-01T17:48:05.739+0000] {dag.py:3677} INFO - Setting next_dagrun for example_dynamic_task_mapping_with_no_taskflow_operators to 2023-09-30T17:48:05.739394+00:00, run_after=2023-10-01T17:48:05.739394+00:00
[2023-10-01T17:48:05.766+0000] {processor.py:179} INFO - Processing /home/airflow/.local/lib/python3.8/site-packages/airflow/example_dags/example_dynamic_task_mapping_with_no_taskflow_operators.py took 0.094 seconds
[2023-10-01T19:11:19.724+0000] {processor.py:157} INFO - Started process (PID=7414) to work on /home/airflow/.local/lib/python3.8/site-packages/airflow/example_dags/example_dynamic_task_mapping_with_no_taskflow_operators.py
[2023-10-01T19:11:19.725+0000] {processor.py:829} INFO - Processing file /home/airflow/.local/lib/python3.8/site-packages/airflow/example_dags/example_dynamic_task_mapping_with_no_taskflow_operators.py for tasks to queue
[2023-10-01T19:11:19.726+0000] {logging_mixin.py:151} INFO - [2023-10-01T19:11:19.726+0000] {dagbag.py:539} INFO - Filling up the DagBag from /home/airflow/.local/lib/python3.8/site-packages/airflow/example_dags/example_dynamic_task_mapping_with_no_taskflow_operators.py
[2023-10-01T19:11:19.730+0000] {processor.py:839} INFO - DAG(s) dict_keys(['example_dynamic_task_mapping_with_no_taskflow_operators']) retrieved from /home/airflow/.local/lib/python3.8/site-packages/airflow/example_dags/example_dynamic_task_mapping_with_no_taskflow_operators.py
[2023-10-01T19:11:19.744+0000] {logging_mixin.py:151} INFO - [2023-10-01T19:11:19.744+0000] {dag.py:2907} INFO - Sync 1 DAGs
[2023-10-01T19:11:19.755+0000] {logging_mixin.py:151} INFO - [2023-10-01T19:11:19.755+0000] {dag.py:3677} INFO - Setting next_dagrun for example_dynamic_task_mapping_with_no_taskflow_operators to 2023-09-30T19:11:19.755237+00:00, run_after=2023-10-01T19:11:19.755237+00:00
[2023-10-01T19:11:19.766+0000] {processor.py:179} INFO - Processing /home/airflow/.local/lib/python3.8/site-packages/airflow/example_dags/example_dynamic_task_mapping_with_no_taskflow_operators.py took 0.045 seconds
[2023-10-01T20:17:35.706+0000] {processor.py:157} INFO - Started process (PID=7465) to work on /home/airflow/.local/lib/python3.8/site-packages/airflow/example_dags/example_dynamic_task_mapping_with_no_taskflow_operators.py
[2023-10-01T20:17:35.706+0000] {processor.py:829} INFO - Processing file /home/airflow/.local/lib/python3.8/site-packages/airflow/example_dags/example_dynamic_task_mapping_with_no_taskflow_operators.py for tasks to queue
[2023-10-01T20:17:35.707+0000] {logging_mixin.py:151} INFO - [2023-10-01T20:17:35.707+0000] {dagbag.py:539} INFO - Filling up the DagBag from /home/airflow/.local/lib/python3.8/site-packages/airflow/example_dags/example_dynamic_task_mapping_with_no_taskflow_operators.py
[2023-10-01T20:17:35.711+0000] {processor.py:839} INFO - DAG(s) dict_keys(['example_dynamic_task_mapping_with_no_taskflow_operators']) retrieved from /home/airflow/.local/lib/python3.8/site-packages/airflow/example_dags/example_dynamic_task_mapping_with_no_taskflow_operators.py
[2023-10-01T20:17:35.724+0000] {logging_mixin.py:151} INFO - [2023-10-01T20:17:35.724+0000] {dag.py:2907} INFO - Sync 1 DAGs
[2023-10-01T20:17:35.734+0000] {logging_mixin.py:151} INFO - [2023-10-01T20:17:35.734+0000] {dag.py:3677} INFO - Setting next_dagrun for example_dynamic_task_mapping_with_no_taskflow_operators to 2023-09-30T20:17:35.734296+00:00, run_after=2023-10-01T20:17:35.734296+00:00
[2023-10-01T20:17:35.745+0000] {processor.py:179} INFO - Processing /home/airflow/.local/lib/python3.8/site-packages/airflow/example_dags/example_dynamic_task_mapping_with_no_taskflow_operators.py took 0.041 seconds
[2023-10-01T21:37:14.259+0000] {processor.py:157} INFO - Started process (PID=7516) to work on /home/airflow/.local/lib/python3.8/site-packages/airflow/example_dags/example_dynamic_task_mapping_with_no_taskflow_operators.py
[2023-10-01T21:37:14.259+0000] {processor.py:829} INFO - Processing file /home/airflow/.local/lib/python3.8/site-packages/airflow/example_dags/example_dynamic_task_mapping_with_no_taskflow_operators.py for tasks to queue
[2023-10-01T21:37:14.261+0000] {logging_mixin.py:151} INFO - [2023-10-01T21:37:14.260+0000] {dagbag.py:539} INFO - Filling up the DagBag from /home/airflow/.local/lib/python3.8/site-packages/airflow/example_dags/example_dynamic_task_mapping_with_no_taskflow_operators.py
[2023-10-01T21:37:14.264+0000] {processor.py:839} INFO - DAG(s) dict_keys(['example_dynamic_task_mapping_with_no_taskflow_operators']) retrieved from /home/airflow/.local/lib/python3.8/site-packages/airflow/example_dags/example_dynamic_task_mapping_with_no_taskflow_operators.py
[2023-10-01T21:37:14.276+0000] {logging_mixin.py:151} INFO - [2023-10-01T21:37:14.276+0000] {dag.py:2907} INFO - Sync 1 DAGs
[2023-10-01T21:37:14.286+0000] {logging_mixin.py:151} INFO - [2023-10-01T21:37:14.286+0000] {dag.py:3677} INFO - Setting next_dagrun for example_dynamic_task_mapping_with_no_taskflow_operators to 2023-09-30T21:37:14.286367+00:00, run_after=2023-10-01T21:37:14.286367+00:00
[2023-10-01T21:37:14.299+0000] {processor.py:179} INFO - Processing /home/airflow/.local/lib/python3.8/site-packages/airflow/example_dags/example_dynamic_task_mapping_with_no_taskflow_operators.py took 0.043 seconds
[2023-10-01T23:02:27.457+0000] {processor.py:157} INFO - Started process (PID=7567) to work on /home/airflow/.local/lib/python3.8/site-packages/airflow/example_dags/example_dynamic_task_mapping_with_no_taskflow_operators.py
[2023-10-01T23:02:27.458+0000] {processor.py:829} INFO - Processing file /home/airflow/.local/lib/python3.8/site-packages/airflow/example_dags/example_dynamic_task_mapping_with_no_taskflow_operators.py for tasks to queue
[2023-10-01T23:02:27.459+0000] {logging_mixin.py:151} INFO - [2023-10-01T23:02:27.459+0000] {dagbag.py:539} INFO - Filling up the DagBag from /home/airflow/.local/lib/python3.8/site-packages/airflow/example_dags/example_dynamic_task_mapping_with_no_taskflow_operators.py
[2023-10-01T23:02:27.463+0000] {processor.py:839} INFO - DAG(s) dict_keys(['example_dynamic_task_mapping_with_no_taskflow_operators']) retrieved from /home/airflow/.local/lib/python3.8/site-packages/airflow/example_dags/example_dynamic_task_mapping_with_no_taskflow_operators.py
[2023-10-01T23:02:27.480+0000] {logging_mixin.py:151} INFO - [2023-10-01T23:02:27.480+0000] {dag.py:2907} INFO - Sync 1 DAGs
[2023-10-01T23:02:27.493+0000] {logging_mixin.py:151} INFO - [2023-10-01T23:02:27.493+0000] {dag.py:3677} INFO - Setting next_dagrun for example_dynamic_task_mapping_with_no_taskflow_operators to 2023-09-30T23:02:27.493482+00:00, run_after=2023-10-01T23:02:27.493482+00:00
[2023-10-01T23:02:27.522+0000] {processor.py:179} INFO - Processing /home/airflow/.local/lib/python3.8/site-packages/airflow/example_dags/example_dynamic_task_mapping_with_no_taskflow_operators.py took 0.066 seconds
