[2023-10-01T01:19:04.270+0000] {processor.py:157} INFO - Started process (PID=6763) to work on /home/airflow/.local/lib/python3.8/site-packages/airflow/example_dags/example_skip_dag.py
[2023-10-01T01:19:04.270+0000] {processor.py:829} INFO - Processing file /home/airflow/.local/lib/python3.8/site-packages/airflow/example_dags/example_skip_dag.py for tasks to queue
[2023-10-01T01:19:04.272+0000] {logging_mixin.py:151} INFO - [2023-10-01T01:19:04.272+0000] {dagbag.py:539} INFO - Filling up the DagBag from /home/airflow/.local/lib/python3.8/site-packages/airflow/example_dags/example_skip_dag.py
[2023-10-01T01:19:04.275+0000] {processor.py:839} INFO - DAG(s) dict_keys(['example_skip_dag']) retrieved from /home/airflow/.local/lib/python3.8/site-packages/airflow/example_dags/example_skip_dag.py
[2023-10-01T01:19:04.292+0000] {logging_mixin.py:151} INFO - [2023-10-01T01:19:04.292+0000] {dag.py:2907} INFO - Sync 1 DAGs
[2023-10-01T01:19:04.303+0000] {logging_mixin.py:151} INFO - [2023-10-01T01:19:04.303+0000] {dag.py:3677} INFO - Setting next_dagrun for example_skip_dag to 2023-09-30T01:19:04.302938+00:00, run_after=2023-10-01T01:19:04.302938+00:00
[2023-10-01T01:19:04.315+0000] {processor.py:179} INFO - Processing /home/airflow/.local/lib/python3.8/site-packages/airflow/example_dags/example_skip_dag.py took 0.047 seconds
[2023-10-01T02:41:40.332+0000] {processor.py:157} INFO - Started process (PID=6814) to work on /home/airflow/.local/lib/python3.8/site-packages/airflow/example_dags/example_skip_dag.py
[2023-10-01T02:41:40.333+0000] {processor.py:829} INFO - Processing file /home/airflow/.local/lib/python3.8/site-packages/airflow/example_dags/example_skip_dag.py for tasks to queue
[2023-10-01T02:41:40.334+0000] {logging_mixin.py:151} INFO - [2023-10-01T02:41:40.334+0000] {dagbag.py:539} INFO - Filling up the DagBag from /home/airflow/.local/lib/python3.8/site-packages/airflow/example_dags/example_skip_dag.py
[2023-10-01T02:41:40.338+0000] {processor.py:839} INFO - DAG(s) dict_keys(['example_skip_dag']) retrieved from /home/airflow/.local/lib/python3.8/site-packages/airflow/example_dags/example_skip_dag.py
[2023-10-01T02:41:40.351+0000] {logging_mixin.py:151} INFO - [2023-10-01T02:41:40.351+0000] {dag.py:2907} INFO - Sync 1 DAGs
[2023-10-01T02:41:40.362+0000] {logging_mixin.py:151} INFO - [2023-10-01T02:41:40.362+0000] {dag.py:3677} INFO - Setting next_dagrun for example_skip_dag to 2023-09-30T02:41:40.362200+00:00, run_after=2023-10-01T02:41:40.362200+00:00
[2023-10-01T02:41:40.373+0000] {processor.py:179} INFO - Processing /home/airflow/.local/lib/python3.8/site-packages/airflow/example_dags/example_skip_dag.py took 0.044 seconds
[2023-10-01T04:04:41.621+0000] {processor.py:157} INFO - Started process (PID=6865) to work on /home/airflow/.local/lib/python3.8/site-packages/airflow/example_dags/example_skip_dag.py
[2023-10-01T04:04:41.621+0000] {processor.py:829} INFO - Processing file /home/airflow/.local/lib/python3.8/site-packages/airflow/example_dags/example_skip_dag.py for tasks to queue
[2023-10-01T04:04:41.623+0000] {logging_mixin.py:151} INFO - [2023-10-01T04:04:41.623+0000] {dagbag.py:539} INFO - Filling up the DagBag from /home/airflow/.local/lib/python3.8/site-packages/airflow/example_dags/example_skip_dag.py
[2023-10-01T04:04:41.627+0000] {processor.py:839} INFO - DAG(s) dict_keys(['example_skip_dag']) retrieved from /home/airflow/.local/lib/python3.8/site-packages/airflow/example_dags/example_skip_dag.py
[2023-10-01T04:04:41.640+0000] {logging_mixin.py:151} INFO - [2023-10-01T04:04:41.640+0000] {dag.py:2907} INFO - Sync 1 DAGs
[2023-10-01T04:04:41.651+0000] {logging_mixin.py:151} INFO - [2023-10-01T04:04:41.651+0000] {dag.py:3677} INFO - Setting next_dagrun for example_skip_dag to 2023-09-30T04:04:41.651167+00:00, run_after=2023-10-01T04:04:41.651167+00:00
[2023-10-01T04:04:41.663+0000] {processor.py:179} INFO - Processing /home/airflow/.local/lib/python3.8/site-packages/airflow/example_dags/example_skip_dag.py took 0.044 seconds
[2023-10-01T05:25:55.857+0000] {processor.py:157} INFO - Started process (PID=6916) to work on /home/airflow/.local/lib/python3.8/site-packages/airflow/example_dags/example_skip_dag.py
[2023-10-01T05:25:55.858+0000] {processor.py:829} INFO - Processing file /home/airflow/.local/lib/python3.8/site-packages/airflow/example_dags/example_skip_dag.py for tasks to queue
[2023-10-01T05:25:55.860+0000] {logging_mixin.py:151} INFO - [2023-10-01T05:25:55.860+0000] {dagbag.py:539} INFO - Filling up the DagBag from /home/airflow/.local/lib/python3.8/site-packages/airflow/example_dags/example_skip_dag.py
[2023-10-01T05:25:55.864+0000] {processor.py:839} INFO - DAG(s) dict_keys(['example_skip_dag']) retrieved from /home/airflow/.local/lib/python3.8/site-packages/airflow/example_dags/example_skip_dag.py
[2023-10-01T05:25:55.877+0000] {logging_mixin.py:151} INFO - [2023-10-01T05:25:55.877+0000] {dag.py:2907} INFO - Sync 1 DAGs
[2023-10-01T05:25:55.887+0000] {logging_mixin.py:151} INFO - [2023-10-01T05:25:55.887+0000] {dag.py:3677} INFO - Setting next_dagrun for example_skip_dag to 2023-09-30T05:25:55.887454+00:00, run_after=2023-10-01T05:25:55.887454+00:00
[2023-10-01T05:25:55.899+0000] {processor.py:179} INFO - Processing /home/airflow/.local/lib/python3.8/site-packages/airflow/example_dags/example_skip_dag.py took 0.044 seconds
[2023-10-01T06:49:40.230+0000] {processor.py:157} INFO - Started process (PID=6967) to work on /home/airflow/.local/lib/python3.8/site-packages/airflow/example_dags/example_skip_dag.py
[2023-10-01T06:49:40.231+0000] {processor.py:829} INFO - Processing file /home/airflow/.local/lib/python3.8/site-packages/airflow/example_dags/example_skip_dag.py for tasks to queue
[2023-10-01T06:49:40.232+0000] {logging_mixin.py:151} INFO - [2023-10-01T06:49:40.232+0000] {dagbag.py:539} INFO - Filling up the DagBag from /home/airflow/.local/lib/python3.8/site-packages/airflow/example_dags/example_skip_dag.py
[2023-10-01T06:49:40.235+0000] {processor.py:839} INFO - DAG(s) dict_keys(['example_skip_dag']) retrieved from /home/airflow/.local/lib/python3.8/site-packages/airflow/example_dags/example_skip_dag.py
[2023-10-01T06:49:40.247+0000] {logging_mixin.py:151} INFO - [2023-10-01T06:49:40.247+0000] {dag.py:2907} INFO - Sync 1 DAGs
[2023-10-01T06:49:40.258+0000] {logging_mixin.py:151} INFO - [2023-10-01T06:49:40.258+0000] {dag.py:3677} INFO - Setting next_dagrun for example_skip_dag to 2023-09-30T06:49:40.258099+00:00, run_after=2023-10-01T06:49:40.258099+00:00
[2023-10-01T06:49:40.269+0000] {processor.py:179} INFO - Processing /home/airflow/.local/lib/python3.8/site-packages/airflow/example_dags/example_skip_dag.py took 0.041 seconds
[2023-10-01T08:11:43.104+0000] {processor.py:157} INFO - Started process (PID=7018) to work on /home/airflow/.local/lib/python3.8/site-packages/airflow/example_dags/example_skip_dag.py
[2023-10-01T08:11:43.105+0000] {processor.py:829} INFO - Processing file /home/airflow/.local/lib/python3.8/site-packages/airflow/example_dags/example_skip_dag.py for tasks to queue
[2023-10-01T08:11:43.106+0000] {logging_mixin.py:151} INFO - [2023-10-01T08:11:43.106+0000] {dagbag.py:539} INFO - Filling up the DagBag from /home/airflow/.local/lib/python3.8/site-packages/airflow/example_dags/example_skip_dag.py
[2023-10-01T08:11:43.110+0000] {processor.py:839} INFO - DAG(s) dict_keys(['example_skip_dag']) retrieved from /home/airflow/.local/lib/python3.8/site-packages/airflow/example_dags/example_skip_dag.py
[2023-10-01T08:11:43.125+0000] {logging_mixin.py:151} INFO - [2023-10-01T08:11:43.125+0000] {dag.py:2907} INFO - Sync 1 DAGs
[2023-10-01T08:11:43.136+0000] {logging_mixin.py:151} INFO - [2023-10-01T08:11:43.136+0000] {dag.py:3677} INFO - Setting next_dagrun for example_skip_dag to 2023-09-30T08:11:43.136157+00:00, run_after=2023-10-01T08:11:43.136157+00:00
[2023-10-01T08:11:43.148+0000] {processor.py:179} INFO - Processing /home/airflow/.local/lib/python3.8/site-packages/airflow/example_dags/example_skip_dag.py took 0.046 seconds
[2023-10-01T09:37:04.869+0000] {processor.py:157} INFO - Started process (PID=7069) to work on /home/airflow/.local/lib/python3.8/site-packages/airflow/example_dags/example_skip_dag.py
[2023-10-01T09:37:04.870+0000] {processor.py:829} INFO - Processing file /home/airflow/.local/lib/python3.8/site-packages/airflow/example_dags/example_skip_dag.py for tasks to queue
[2023-10-01T09:37:04.871+0000] {logging_mixin.py:151} INFO - [2023-10-01T09:37:04.871+0000] {dagbag.py:539} INFO - Filling up the DagBag from /home/airflow/.local/lib/python3.8/site-packages/airflow/example_dags/example_skip_dag.py
[2023-10-01T09:37:04.875+0000] {processor.py:839} INFO - DAG(s) dict_keys(['example_skip_dag']) retrieved from /home/airflow/.local/lib/python3.8/site-packages/airflow/example_dags/example_skip_dag.py
[2023-10-01T09:37:04.887+0000] {logging_mixin.py:151} INFO - [2023-10-01T09:37:04.887+0000] {dag.py:2907} INFO - Sync 1 DAGs
[2023-10-01T09:37:04.897+0000] {logging_mixin.py:151} INFO - [2023-10-01T09:37:04.897+0000] {dag.py:3677} INFO - Setting next_dagrun for example_skip_dag to 2023-09-30T09:37:04.897634+00:00, run_after=2023-10-01T09:37:04.897634+00:00
[2023-10-01T09:37:04.909+0000] {processor.py:179} INFO - Processing /home/airflow/.local/lib/python3.8/site-packages/airflow/example_dags/example_skip_dag.py took 0.042 seconds
[2023-10-01T10:58:13.379+0000] {processor.py:157} INFO - Started process (PID=7120) to work on /home/airflow/.local/lib/python3.8/site-packages/airflow/example_dags/example_skip_dag.py
[2023-10-01T10:58:13.379+0000] {processor.py:829} INFO - Processing file /home/airflow/.local/lib/python3.8/site-packages/airflow/example_dags/example_skip_dag.py for tasks to queue
[2023-10-01T10:58:13.381+0000] {logging_mixin.py:151} INFO - [2023-10-01T10:58:13.381+0000] {dagbag.py:539} INFO - Filling up the DagBag from /home/airflow/.local/lib/python3.8/site-packages/airflow/example_dags/example_skip_dag.py
[2023-10-01T10:58:13.385+0000] {processor.py:839} INFO - DAG(s) dict_keys(['example_skip_dag']) retrieved from /home/airflow/.local/lib/python3.8/site-packages/airflow/example_dags/example_skip_dag.py
[2023-10-01T10:58:13.451+0000] {logging_mixin.py:151} INFO - [2023-10-01T10:58:13.451+0000] {dag.py:2907} INFO - Sync 1 DAGs
[2023-10-01T10:58:13.462+0000] {logging_mixin.py:151} INFO - [2023-10-01T10:58:13.462+0000] {dag.py:3677} INFO - Setting next_dagrun for example_skip_dag to 2023-09-30T10:58:13.462590+00:00, run_after=2023-10-01T10:58:13.462590+00:00
[2023-10-01T10:58:13.478+0000] {processor.py:179} INFO - Processing /home/airflow/.local/lib/python3.8/site-packages/airflow/example_dags/example_skip_dag.py took 0.101 seconds
[2023-10-01T12:21:06.506+0000] {processor.py:157} INFO - Started process (PID=7171) to work on /home/airflow/.local/lib/python3.8/site-packages/airflow/example_dags/example_skip_dag.py
[2023-10-01T12:21:06.507+0000] {processor.py:829} INFO - Processing file /home/airflow/.local/lib/python3.8/site-packages/airflow/example_dags/example_skip_dag.py for tasks to queue
[2023-10-01T12:21:06.508+0000] {logging_mixin.py:151} INFO - [2023-10-01T12:21:06.508+0000] {dagbag.py:539} INFO - Filling up the DagBag from /home/airflow/.local/lib/python3.8/site-packages/airflow/example_dags/example_skip_dag.py
[2023-10-01T12:21:06.512+0000] {processor.py:839} INFO - DAG(s) dict_keys(['example_skip_dag']) retrieved from /home/airflow/.local/lib/python3.8/site-packages/airflow/example_dags/example_skip_dag.py
[2023-10-01T12:21:06.524+0000] {logging_mixin.py:151} INFO - [2023-10-01T12:21:06.524+0000] {dag.py:2907} INFO - Sync 1 DAGs
[2023-10-01T12:21:06.535+0000] {logging_mixin.py:151} INFO - [2023-10-01T12:21:06.535+0000] {dag.py:3677} INFO - Setting next_dagrun for example_skip_dag to 2023-09-30T12:21:06.535253+00:00, run_after=2023-10-01T12:21:06.535253+00:00
[2023-10-01T12:21:06.546+0000] {processor.py:179} INFO - Processing /home/airflow/.local/lib/python3.8/site-packages/airflow/example_dags/example_skip_dag.py took 0.042 seconds
[2023-10-01T13:43:19.613+0000] {processor.py:157} INFO - Started process (PID=7222) to work on /home/airflow/.local/lib/python3.8/site-packages/airflow/example_dags/example_skip_dag.py
[2023-10-01T13:43:19.614+0000] {processor.py:829} INFO - Processing file /home/airflow/.local/lib/python3.8/site-packages/airflow/example_dags/example_skip_dag.py for tasks to queue
[2023-10-01T13:43:19.616+0000] {logging_mixin.py:151} INFO - [2023-10-01T13:43:19.616+0000] {dagbag.py:539} INFO - Filling up the DagBag from /home/airflow/.local/lib/python3.8/site-packages/airflow/example_dags/example_skip_dag.py
[2023-10-01T13:43:19.620+0000] {processor.py:839} INFO - DAG(s) dict_keys(['example_skip_dag']) retrieved from /home/airflow/.local/lib/python3.8/site-packages/airflow/example_dags/example_skip_dag.py
[2023-10-01T13:43:19.633+0000] {logging_mixin.py:151} INFO - [2023-10-01T13:43:19.633+0000] {dag.py:2907} INFO - Sync 1 DAGs
[2023-10-01T13:43:19.644+0000] {logging_mixin.py:151} INFO - [2023-10-01T13:43:19.644+0000] {dag.py:3677} INFO - Setting next_dagrun for example_skip_dag to 2023-09-30T13:43:19.644202+00:00, run_after=2023-10-01T13:43:19.644202+00:00
[2023-10-01T13:43:19.656+0000] {processor.py:179} INFO - Processing /home/airflow/.local/lib/python3.8/site-packages/airflow/example_dags/example_skip_dag.py took 0.045 seconds
[2023-10-01T15:05:43.259+0000] {processor.py:157} INFO - Started process (PID=7273) to work on /home/airflow/.local/lib/python3.8/site-packages/airflow/example_dags/example_skip_dag.py
[2023-10-01T15:05:43.259+0000] {processor.py:829} INFO - Processing file /home/airflow/.local/lib/python3.8/site-packages/airflow/example_dags/example_skip_dag.py for tasks to queue
[2023-10-01T15:05:43.261+0000] {logging_mixin.py:151} INFO - [2023-10-01T15:05:43.261+0000] {dagbag.py:539} INFO - Filling up the DagBag from /home/airflow/.local/lib/python3.8/site-packages/airflow/example_dags/example_skip_dag.py
[2023-10-01T15:05:43.265+0000] {processor.py:839} INFO - DAG(s) dict_keys(['example_skip_dag']) retrieved from /home/airflow/.local/lib/python3.8/site-packages/airflow/example_dags/example_skip_dag.py
[2023-10-01T15:05:43.276+0000] {logging_mixin.py:151} INFO - [2023-10-01T15:05:43.276+0000] {dag.py:2907} INFO - Sync 1 DAGs
[2023-10-01T15:05:43.288+0000] {logging_mixin.py:151} INFO - [2023-10-01T15:05:43.288+0000] {dag.py:3677} INFO - Setting next_dagrun for example_skip_dag to 2023-09-30T15:05:43.287874+00:00, run_after=2023-10-01T15:05:43.287874+00:00
[2023-10-01T15:05:43.299+0000] {processor.py:179} INFO - Processing /home/airflow/.local/lib/python3.8/site-packages/airflow/example_dags/example_skip_dag.py took 0.043 seconds
[2023-10-01T16:27:32.399+0000] {processor.py:157} INFO - Started process (PID=7324) to work on /home/airflow/.local/lib/python3.8/site-packages/airflow/example_dags/example_skip_dag.py
[2023-10-01T16:27:32.400+0000] {processor.py:829} INFO - Processing file /home/airflow/.local/lib/python3.8/site-packages/airflow/example_dags/example_skip_dag.py for tasks to queue
[2023-10-01T16:27:32.401+0000] {logging_mixin.py:151} INFO - [2023-10-01T16:27:32.401+0000] {dagbag.py:539} INFO - Filling up the DagBag from /home/airflow/.local/lib/python3.8/site-packages/airflow/example_dags/example_skip_dag.py
[2023-10-01T16:27:32.406+0000] {processor.py:839} INFO - DAG(s) dict_keys(['example_skip_dag']) retrieved from /home/airflow/.local/lib/python3.8/site-packages/airflow/example_dags/example_skip_dag.py
[2023-10-01T16:27:32.427+0000] {logging_mixin.py:151} INFO - [2023-10-01T16:27:32.427+0000] {dag.py:2907} INFO - Sync 1 DAGs
[2023-10-01T16:27:32.437+0000] {logging_mixin.py:151} INFO - [2023-10-01T16:27:32.437+0000] {dag.py:3677} INFO - Setting next_dagrun for example_skip_dag to 2023-09-30T16:27:32.437741+00:00, run_after=2023-10-01T16:27:32.437741+00:00
[2023-10-01T16:27:32.449+0000] {processor.py:179} INFO - Processing /home/airflow/.local/lib/python3.8/site-packages/airflow/example_dags/example_skip_dag.py took 0.052 seconds
[2023-10-01T17:48:06.137+0000] {processor.py:157} INFO - Started process (PID=7375) to work on /home/airflow/.local/lib/python3.8/site-packages/airflow/example_dags/example_skip_dag.py
[2023-10-01T17:48:06.138+0000] {processor.py:829} INFO - Processing file /home/airflow/.local/lib/python3.8/site-packages/airflow/example_dags/example_skip_dag.py for tasks to queue
[2023-10-01T17:48:06.139+0000] {logging_mixin.py:151} INFO - [2023-10-01T17:48:06.139+0000] {dagbag.py:539} INFO - Filling up the DagBag from /home/airflow/.local/lib/python3.8/site-packages/airflow/example_dags/example_skip_dag.py
[2023-10-01T17:48:06.143+0000] {processor.py:839} INFO - DAG(s) dict_keys(['example_skip_dag']) retrieved from /home/airflow/.local/lib/python3.8/site-packages/airflow/example_dags/example_skip_dag.py
[2023-10-01T17:48:06.156+0000] {logging_mixin.py:151} INFO - [2023-10-01T17:48:06.156+0000] {dag.py:2907} INFO - Sync 1 DAGs
[2023-10-01T17:48:06.167+0000] {logging_mixin.py:151} INFO - [2023-10-01T17:48:06.167+0000] {dag.py:3677} INFO - Setting next_dagrun for example_skip_dag to 2023-09-30T17:48:06.166857+00:00, run_after=2023-10-01T17:48:06.166857+00:00
[2023-10-01T17:48:06.177+0000] {processor.py:179} INFO - Processing /home/airflow/.local/lib/python3.8/site-packages/airflow/example_dags/example_skip_dag.py took 0.042 seconds
[2023-10-01T19:11:20.126+0000] {processor.py:157} INFO - Started process (PID=7426) to work on /home/airflow/.local/lib/python3.8/site-packages/airflow/example_dags/example_skip_dag.py
[2023-10-01T19:11:20.127+0000] {processor.py:829} INFO - Processing file /home/airflow/.local/lib/python3.8/site-packages/airflow/example_dags/example_skip_dag.py for tasks to queue
[2023-10-01T19:11:20.128+0000] {logging_mixin.py:151} INFO - [2023-10-01T19:11:20.128+0000] {dagbag.py:539} INFO - Filling up the DagBag from /home/airflow/.local/lib/python3.8/site-packages/airflow/example_dags/example_skip_dag.py
[2023-10-01T19:11:20.131+0000] {processor.py:839} INFO - DAG(s) dict_keys(['example_skip_dag']) retrieved from /home/airflow/.local/lib/python3.8/site-packages/airflow/example_dags/example_skip_dag.py
[2023-10-01T19:11:20.144+0000] {logging_mixin.py:151} INFO - [2023-10-01T19:11:20.144+0000] {dag.py:2907} INFO - Sync 1 DAGs
[2023-10-01T19:11:20.155+0000] {logging_mixin.py:151} INFO - [2023-10-01T19:11:20.155+0000] {dag.py:3677} INFO - Setting next_dagrun for example_skip_dag to 2023-09-30T19:11:20.155275+00:00, run_after=2023-10-01T19:11:20.155275+00:00
[2023-10-01T19:11:20.167+0000] {processor.py:179} INFO - Processing /home/airflow/.local/lib/python3.8/site-packages/airflow/example_dags/example_skip_dag.py took 0.043 seconds
[2023-10-01T20:17:36.139+0000] {processor.py:157} INFO - Started process (PID=7477) to work on /home/airflow/.local/lib/python3.8/site-packages/airflow/example_dags/example_skip_dag.py
[2023-10-01T20:17:36.140+0000] {processor.py:829} INFO - Processing file /home/airflow/.local/lib/python3.8/site-packages/airflow/example_dags/example_skip_dag.py for tasks to queue
[2023-10-01T20:17:36.142+0000] {logging_mixin.py:151} INFO - [2023-10-01T20:17:36.142+0000] {dagbag.py:539} INFO - Filling up the DagBag from /home/airflow/.local/lib/python3.8/site-packages/airflow/example_dags/example_skip_dag.py
[2023-10-01T20:17:36.147+0000] {processor.py:839} INFO - DAG(s) dict_keys(['example_skip_dag']) retrieved from /home/airflow/.local/lib/python3.8/site-packages/airflow/example_dags/example_skip_dag.py
[2023-10-01T20:17:36.165+0000] {logging_mixin.py:151} INFO - [2023-10-01T20:17:36.165+0000] {dag.py:2907} INFO - Sync 1 DAGs
[2023-10-01T20:17:36.177+0000] {logging_mixin.py:151} INFO - [2023-10-01T20:17:36.177+0000] {dag.py:3677} INFO - Setting next_dagrun for example_skip_dag to 2023-09-30T20:17:36.176871+00:00, run_after=2023-10-01T20:17:36.176871+00:00
[2023-10-01T20:17:36.188+0000] {processor.py:179} INFO - Processing /home/airflow/.local/lib/python3.8/site-packages/airflow/example_dags/example_skip_dag.py took 0.051 seconds
[2023-10-01T21:37:14.656+0000] {processor.py:157} INFO - Started process (PID=7528) to work on /home/airflow/.local/lib/python3.8/site-packages/airflow/example_dags/example_skip_dag.py
[2023-10-01T21:37:14.657+0000] {processor.py:829} INFO - Processing file /home/airflow/.local/lib/python3.8/site-packages/airflow/example_dags/example_skip_dag.py for tasks to queue
[2023-10-01T21:37:14.658+0000] {logging_mixin.py:151} INFO - [2023-10-01T21:37:14.658+0000] {dagbag.py:539} INFO - Filling up the DagBag from /home/airflow/.local/lib/python3.8/site-packages/airflow/example_dags/example_skip_dag.py
[2023-10-01T21:37:14.661+0000] {processor.py:839} INFO - DAG(s) dict_keys(['example_skip_dag']) retrieved from /home/airflow/.local/lib/python3.8/site-packages/airflow/example_dags/example_skip_dag.py
[2023-10-01T21:37:14.673+0000] {logging_mixin.py:151} INFO - [2023-10-01T21:37:14.673+0000] {dag.py:2907} INFO - Sync 1 DAGs
[2023-10-01T21:37:14.684+0000] {logging_mixin.py:151} INFO - [2023-10-01T21:37:14.684+0000] {dag.py:3677} INFO - Setting next_dagrun for example_skip_dag to 2023-09-30T21:37:14.683907+00:00, run_after=2023-10-01T21:37:14.683907+00:00
[2023-10-01T21:37:14.696+0000] {processor.py:179} INFO - Processing /home/airflow/.local/lib/python3.8/site-packages/airflow/example_dags/example_skip_dag.py took 0.042 seconds
[2023-10-01T23:02:27.907+0000] {processor.py:157} INFO - Started process (PID=7579) to work on /home/airflow/.local/lib/python3.8/site-packages/airflow/example_dags/example_skip_dag.py
[2023-10-01T23:02:27.908+0000] {processor.py:829} INFO - Processing file /home/airflow/.local/lib/python3.8/site-packages/airflow/example_dags/example_skip_dag.py for tasks to queue
[2023-10-01T23:02:27.909+0000] {logging_mixin.py:151} INFO - [2023-10-01T23:02:27.909+0000] {dagbag.py:539} INFO - Filling up the DagBag from /home/airflow/.local/lib/python3.8/site-packages/airflow/example_dags/example_skip_dag.py
[2023-10-01T23:02:27.915+0000] {processor.py:839} INFO - DAG(s) dict_keys(['example_skip_dag']) retrieved from /home/airflow/.local/lib/python3.8/site-packages/airflow/example_dags/example_skip_dag.py
[2023-10-01T23:02:27.931+0000] {logging_mixin.py:151} INFO - [2023-10-01T23:02:27.930+0000] {dag.py:2907} INFO - Sync 1 DAGs
[2023-10-01T23:02:27.947+0000] {logging_mixin.py:151} INFO - [2023-10-01T23:02:27.947+0000] {dag.py:3677} INFO - Setting next_dagrun for example_skip_dag to 2023-09-30T23:02:27.946887+00:00, run_after=2023-10-01T23:02:27.946887+00:00
[2023-10-01T23:02:27.964+0000] {processor.py:179} INFO - Processing /home/airflow/.local/lib/python3.8/site-packages/airflow/example_dags/example_skip_dag.py took 0.059 seconds
