[2023-10-01T01:19:03.440+0000] {processor.py:157} INFO - Started process (PID=6742) to work on /home/airflow/.local/lib/python3.8/site-packages/airflow/example_dags/example_sensor_decorator.py
[2023-10-01T01:19:03.441+0000] {processor.py:829} INFO - Processing file /home/airflow/.local/lib/python3.8/site-packages/airflow/example_dags/example_sensor_decorator.py for tasks to queue
[2023-10-01T01:19:03.442+0000] {logging_mixin.py:151} INFO - [2023-10-01T01:19:03.442+0000] {dagbag.py:539} INFO - Filling up the DagBag from /home/airflow/.local/lib/python3.8/site-packages/airflow/example_dags/example_sensor_decorator.py
[2023-10-01T01:19:03.446+0000] {processor.py:839} INFO - DAG(s) dict_keys(['example_sensor_decorator']) retrieved from /home/airflow/.local/lib/python3.8/site-packages/airflow/example_dags/example_sensor_decorator.py
[2023-10-01T01:19:03.458+0000] {logging_mixin.py:151} INFO - [2023-10-01T01:19:03.458+0000] {dag.py:2907} INFO - Sync 1 DAGs
[2023-10-01T01:19:03.465+0000] {logging_mixin.py:151} INFO - [2023-10-01T01:19:03.464+0000] {dag.py:3677} INFO - Setting next_dagrun for example_sensor_decorator to None, run_after=None
[2023-10-01T01:19:03.475+0000] {processor.py:179} INFO - Processing /home/airflow/.local/lib/python3.8/site-packages/airflow/example_dags/example_sensor_decorator.py took 0.037 seconds
[2023-10-01T02:41:39.177+0000] {processor.py:157} INFO - Started process (PID=6793) to work on /home/airflow/.local/lib/python3.8/site-packages/airflow/example_dags/example_sensor_decorator.py
[2023-10-01T02:41:39.178+0000] {processor.py:829} INFO - Processing file /home/airflow/.local/lib/python3.8/site-packages/airflow/example_dags/example_sensor_decorator.py for tasks to queue
[2023-10-01T02:41:39.182+0000] {logging_mixin.py:151} INFO - [2023-10-01T02:41:39.181+0000] {dagbag.py:539} INFO - Filling up the DagBag from /home/airflow/.local/lib/python3.8/site-packages/airflow/example_dags/example_sensor_decorator.py
[2023-10-01T02:41:39.186+0000] {processor.py:839} INFO - DAG(s) dict_keys(['example_sensor_decorator']) retrieved from /home/airflow/.local/lib/python3.8/site-packages/airflow/example_dags/example_sensor_decorator.py
[2023-10-01T02:41:39.217+0000] {logging_mixin.py:151} INFO - [2023-10-01T02:41:39.216+0000] {dag.py:2907} INFO - Sync 1 DAGs
[2023-10-01T02:41:39.244+0000] {logging_mixin.py:151} INFO - [2023-10-01T02:41:39.244+0000] {dag.py:3677} INFO - Setting next_dagrun for example_sensor_decorator to None, run_after=None
[2023-10-01T02:41:39.272+0000] {processor.py:179} INFO - Processing /home/airflow/.local/lib/python3.8/site-packages/airflow/example_dags/example_sensor_decorator.py took 0.098 seconds
[2023-10-01T04:04:40.674+0000] {processor.py:157} INFO - Started process (PID=6844) to work on /home/airflow/.local/lib/python3.8/site-packages/airflow/example_dags/example_sensor_decorator.py
[2023-10-01T04:04:40.684+0000] {processor.py:829} INFO - Processing file /home/airflow/.local/lib/python3.8/site-packages/airflow/example_dags/example_sensor_decorator.py for tasks to queue
[2023-10-01T04:04:40.692+0000] {logging_mixin.py:151} INFO - [2023-10-01T04:04:40.692+0000] {dagbag.py:539} INFO - Filling up the DagBag from /home/airflow/.local/lib/python3.8/site-packages/airflow/example_dags/example_sensor_decorator.py
[2023-10-01T04:04:40.706+0000] {processor.py:839} INFO - DAG(s) dict_keys(['example_sensor_decorator']) retrieved from /home/airflow/.local/lib/python3.8/site-packages/airflow/example_dags/example_sensor_decorator.py
[2023-10-01T04:04:40.759+0000] {logging_mixin.py:151} INFO - [2023-10-01T04:04:40.759+0000] {dag.py:2907} INFO - Sync 1 DAGs
[2023-10-01T04:04:40.772+0000] {logging_mixin.py:151} INFO - [2023-10-01T04:04:40.772+0000] {dag.py:3677} INFO - Setting next_dagrun for example_sensor_decorator to None, run_after=None
[2023-10-01T04:04:40.793+0000] {processor.py:179} INFO - Processing /home/airflow/.local/lib/python3.8/site-packages/airflow/example_dags/example_sensor_decorator.py took 0.125 seconds
[2023-10-01T05:25:54.910+0000] {processor.py:157} INFO - Started process (PID=6895) to work on /home/airflow/.local/lib/python3.8/site-packages/airflow/example_dags/example_sensor_decorator.py
[2023-10-01T05:25:54.913+0000] {processor.py:829} INFO - Processing file /home/airflow/.local/lib/python3.8/site-packages/airflow/example_dags/example_sensor_decorator.py for tasks to queue
[2023-10-01T05:25:54.931+0000] {logging_mixin.py:151} INFO - [2023-10-01T05:25:54.924+0000] {dagbag.py:539} INFO - Filling up the DagBag from /home/airflow/.local/lib/python3.8/site-packages/airflow/example_dags/example_sensor_decorator.py
[2023-10-01T05:25:54.937+0000] {processor.py:839} INFO - DAG(s) dict_keys(['example_sensor_decorator']) retrieved from /home/airflow/.local/lib/python3.8/site-packages/airflow/example_dags/example_sensor_decorator.py
[2023-10-01T05:25:54.966+0000] {logging_mixin.py:151} INFO - [2023-10-01T05:25:54.966+0000] {dag.py:2907} INFO - Sync 1 DAGs
[2023-10-01T05:25:54.984+0000] {logging_mixin.py:151} INFO - [2023-10-01T05:25:54.983+0000] {dag.py:3677} INFO - Setting next_dagrun for example_sensor_decorator to None, run_after=None
[2023-10-01T05:25:55.022+0000] {processor.py:179} INFO - Processing /home/airflow/.local/lib/python3.8/site-packages/airflow/example_dags/example_sensor_decorator.py took 0.119 seconds
[2023-10-01T06:49:39.448+0000] {processor.py:157} INFO - Started process (PID=6946) to work on /home/airflow/.local/lib/python3.8/site-packages/airflow/example_dags/example_sensor_decorator.py
[2023-10-01T06:49:39.449+0000] {processor.py:829} INFO - Processing file /home/airflow/.local/lib/python3.8/site-packages/airflow/example_dags/example_sensor_decorator.py for tasks to queue
[2023-10-01T06:49:39.450+0000] {logging_mixin.py:151} INFO - [2023-10-01T06:49:39.450+0000] {dagbag.py:539} INFO - Filling up the DagBag from /home/airflow/.local/lib/python3.8/site-packages/airflow/example_dags/example_sensor_decorator.py
[2023-10-01T06:49:39.455+0000] {processor.py:839} INFO - DAG(s) dict_keys(['example_sensor_decorator']) retrieved from /home/airflow/.local/lib/python3.8/site-packages/airflow/example_dags/example_sensor_decorator.py
[2023-10-01T06:49:39.467+0000] {logging_mixin.py:151} INFO - [2023-10-01T06:49:39.467+0000] {dag.py:2907} INFO - Sync 1 DAGs
[2023-10-01T06:49:39.473+0000] {logging_mixin.py:151} INFO - [2023-10-01T06:49:39.473+0000] {dag.py:3677} INFO - Setting next_dagrun for example_sensor_decorator to None, run_after=None
[2023-10-01T06:49:39.485+0000] {processor.py:179} INFO - Processing /home/airflow/.local/lib/python3.8/site-packages/airflow/example_dags/example_sensor_decorator.py took 0.039 seconds
[2023-10-01T08:11:42.337+0000] {processor.py:157} INFO - Started process (PID=6997) to work on /home/airflow/.local/lib/python3.8/site-packages/airflow/example_dags/example_sensor_decorator.py
[2023-10-01T08:11:42.338+0000] {processor.py:829} INFO - Processing file /home/airflow/.local/lib/python3.8/site-packages/airflow/example_dags/example_sensor_decorator.py for tasks to queue
[2023-10-01T08:11:42.339+0000] {logging_mixin.py:151} INFO - [2023-10-01T08:11:42.339+0000] {dagbag.py:539} INFO - Filling up the DagBag from /home/airflow/.local/lib/python3.8/site-packages/airflow/example_dags/example_sensor_decorator.py
[2023-10-01T08:11:42.343+0000] {processor.py:839} INFO - DAG(s) dict_keys(['example_sensor_decorator']) retrieved from /home/airflow/.local/lib/python3.8/site-packages/airflow/example_dags/example_sensor_decorator.py
[2023-10-01T08:11:42.355+0000] {logging_mixin.py:151} INFO - [2023-10-01T08:11:42.355+0000] {dag.py:2907} INFO - Sync 1 DAGs
[2023-10-01T08:11:42.361+0000] {logging_mixin.py:151} INFO - [2023-10-01T08:11:42.361+0000] {dag.py:3677} INFO - Setting next_dagrun for example_sensor_decorator to None, run_after=None
[2023-10-01T08:11:42.372+0000] {processor.py:179} INFO - Processing /home/airflow/.local/lib/python3.8/site-packages/airflow/example_dags/example_sensor_decorator.py took 0.037 seconds
[2023-10-01T09:37:03.878+0000] {processor.py:157} INFO - Started process (PID=7048) to work on /home/airflow/.local/lib/python3.8/site-packages/airflow/example_dags/example_sensor_decorator.py
[2023-10-01T09:37:03.881+0000] {processor.py:829} INFO - Processing file /home/airflow/.local/lib/python3.8/site-packages/airflow/example_dags/example_sensor_decorator.py for tasks to queue
[2023-10-01T09:37:03.885+0000] {logging_mixin.py:151} INFO - [2023-10-01T09:37:03.885+0000] {dagbag.py:539} INFO - Filling up the DagBag from /home/airflow/.local/lib/python3.8/site-packages/airflow/example_dags/example_sensor_decorator.py
[2023-10-01T09:37:03.896+0000] {processor.py:839} INFO - DAG(s) dict_keys(['example_sensor_decorator']) retrieved from /home/airflow/.local/lib/python3.8/site-packages/airflow/example_dags/example_sensor_decorator.py
[2023-10-01T09:37:03.935+0000] {logging_mixin.py:151} INFO - [2023-10-01T09:37:03.935+0000] {dag.py:2907} INFO - Sync 1 DAGs
[2023-10-01T09:37:03.948+0000] {logging_mixin.py:151} INFO - [2023-10-01T09:37:03.948+0000] {dag.py:3677} INFO - Setting next_dagrun for example_sensor_decorator to None, run_after=None
[2023-10-01T09:37:04.003+0000] {processor.py:179} INFO - Processing /home/airflow/.local/lib/python3.8/site-packages/airflow/example_dags/example_sensor_decorator.py took 0.128 seconds
[2023-10-01T10:58:12.639+0000] {processor.py:157} INFO - Started process (PID=7099) to work on /home/airflow/.local/lib/python3.8/site-packages/airflow/example_dags/example_sensor_decorator.py
[2023-10-01T10:58:12.640+0000] {processor.py:829} INFO - Processing file /home/airflow/.local/lib/python3.8/site-packages/airflow/example_dags/example_sensor_decorator.py for tasks to queue
[2023-10-01T10:58:12.641+0000] {logging_mixin.py:151} INFO - [2023-10-01T10:58:12.641+0000] {dagbag.py:539} INFO - Filling up the DagBag from /home/airflow/.local/lib/python3.8/site-packages/airflow/example_dags/example_sensor_decorator.py
[2023-10-01T10:58:12.645+0000] {processor.py:839} INFO - DAG(s) dict_keys(['example_sensor_decorator']) retrieved from /home/airflow/.local/lib/python3.8/site-packages/airflow/example_dags/example_sensor_decorator.py
[2023-10-01T10:58:12.661+0000] {logging_mixin.py:151} INFO - [2023-10-01T10:58:12.661+0000] {dag.py:2907} INFO - Sync 1 DAGs
[2023-10-01T10:58:12.667+0000] {logging_mixin.py:151} INFO - [2023-10-01T10:58:12.667+0000] {dag.py:3677} INFO - Setting next_dagrun for example_sensor_decorator to None, run_after=None
[2023-10-01T10:58:12.678+0000] {processor.py:179} INFO - Processing /home/airflow/.local/lib/python3.8/site-packages/airflow/example_dags/example_sensor_decorator.py took 0.041 seconds
[2023-10-01T12:21:05.364+0000] {processor.py:157} INFO - Started process (PID=7150) to work on /home/airflow/.local/lib/python3.8/site-packages/airflow/example_dags/example_sensor_decorator.py
[2023-10-01T12:21:05.368+0000] {processor.py:829} INFO - Processing file /home/airflow/.local/lib/python3.8/site-packages/airflow/example_dags/example_sensor_decorator.py for tasks to queue
[2023-10-01T12:21:05.372+0000] {logging_mixin.py:151} INFO - [2023-10-01T12:21:05.372+0000] {dagbag.py:539} INFO - Filling up the DagBag from /home/airflow/.local/lib/python3.8/site-packages/airflow/example_dags/example_sensor_decorator.py
[2023-10-01T12:21:05.379+0000] {processor.py:839} INFO - DAG(s) dict_keys(['example_sensor_decorator']) retrieved from /home/airflow/.local/lib/python3.8/site-packages/airflow/example_dags/example_sensor_decorator.py
[2023-10-01T12:21:05.425+0000] {logging_mixin.py:151} INFO - [2023-10-01T12:21:05.424+0000] {dag.py:2907} INFO - Sync 1 DAGs
[2023-10-01T12:21:05.442+0000] {logging_mixin.py:151} INFO - [2023-10-01T12:21:05.442+0000] {dag.py:3677} INFO - Setting next_dagrun for example_sensor_decorator to None, run_after=None
[2023-10-01T12:21:05.467+0000] {processor.py:179} INFO - Processing /home/airflow/.local/lib/python3.8/site-packages/airflow/example_dags/example_sensor_decorator.py took 0.109 seconds
[2023-10-01T13:43:18.924+0000] {processor.py:157} INFO - Started process (PID=7201) to work on /home/airflow/.local/lib/python3.8/site-packages/airflow/example_dags/example_sensor_decorator.py
[2023-10-01T13:43:18.925+0000] {processor.py:829} INFO - Processing file /home/airflow/.local/lib/python3.8/site-packages/airflow/example_dags/example_sensor_decorator.py for tasks to queue
[2023-10-01T13:43:18.927+0000] {logging_mixin.py:151} INFO - [2023-10-01T13:43:18.927+0000] {dagbag.py:539} INFO - Filling up the DagBag from /home/airflow/.local/lib/python3.8/site-packages/airflow/example_dags/example_sensor_decorator.py
[2023-10-01T13:43:18.932+0000] {processor.py:839} INFO - DAG(s) dict_keys(['example_sensor_decorator']) retrieved from /home/airflow/.local/lib/python3.8/site-packages/airflow/example_dags/example_sensor_decorator.py
[2023-10-01T13:43:18.944+0000] {logging_mixin.py:151} INFO - [2023-10-01T13:43:18.944+0000] {dag.py:2907} INFO - Sync 1 DAGs
[2023-10-01T13:43:18.950+0000] {logging_mixin.py:151} INFO - [2023-10-01T13:43:18.950+0000] {dag.py:3677} INFO - Setting next_dagrun for example_sensor_decorator to None, run_after=None
[2023-10-01T13:43:18.960+0000] {processor.py:179} INFO - Processing /home/airflow/.local/lib/python3.8/site-packages/airflow/example_dags/example_sensor_decorator.py took 0.038 seconds
[2023-10-01T15:05:42.570+0000] {processor.py:157} INFO - Started process (PID=7252) to work on /home/airflow/.local/lib/python3.8/site-packages/airflow/example_dags/example_sensor_decorator.py
[2023-10-01T15:05:42.571+0000] {processor.py:829} INFO - Processing file /home/airflow/.local/lib/python3.8/site-packages/airflow/example_dags/example_sensor_decorator.py for tasks to queue
[2023-10-01T15:05:42.572+0000] {logging_mixin.py:151} INFO - [2023-10-01T15:05:42.572+0000] {dagbag.py:539} INFO - Filling up the DagBag from /home/airflow/.local/lib/python3.8/site-packages/airflow/example_dags/example_sensor_decorator.py
[2023-10-01T15:05:42.576+0000] {processor.py:839} INFO - DAG(s) dict_keys(['example_sensor_decorator']) retrieved from /home/airflow/.local/lib/python3.8/site-packages/airflow/example_dags/example_sensor_decorator.py
[2023-10-01T15:05:42.588+0000] {logging_mixin.py:151} INFO - [2023-10-01T15:05:42.588+0000] {dag.py:2907} INFO - Sync 1 DAGs
[2023-10-01T15:05:42.594+0000] {logging_mixin.py:151} INFO - [2023-10-01T15:05:42.594+0000] {dag.py:3677} INFO - Setting next_dagrun for example_sensor_decorator to None, run_after=None
[2023-10-01T15:05:42.606+0000] {processor.py:179} INFO - Processing /home/airflow/.local/lib/python3.8/site-packages/airflow/example_dags/example_sensor_decorator.py took 0.038 seconds
[2023-10-01T16:27:31.001+0000] {processor.py:157} INFO - Started process (PID=7303) to work on /home/airflow/.local/lib/python3.8/site-packages/airflow/example_dags/example_sensor_decorator.py
[2023-10-01T16:27:31.009+0000] {processor.py:829} INFO - Processing file /home/airflow/.local/lib/python3.8/site-packages/airflow/example_dags/example_sensor_decorator.py for tasks to queue
[2023-10-01T16:27:31.019+0000] {logging_mixin.py:151} INFO - [2023-10-01T16:27:31.019+0000] {dagbag.py:539} INFO - Filling up the DagBag from /home/airflow/.local/lib/python3.8/site-packages/airflow/example_dags/example_sensor_decorator.py
[2023-10-01T16:27:31.045+0000] {processor.py:839} INFO - DAG(s) dict_keys(['example_sensor_decorator']) retrieved from /home/airflow/.local/lib/python3.8/site-packages/airflow/example_dags/example_sensor_decorator.py
[2023-10-01T16:27:31.105+0000] {logging_mixin.py:151} INFO - [2023-10-01T16:27:31.105+0000] {dag.py:2907} INFO - Sync 1 DAGs
[2023-10-01T16:27:31.126+0000] {logging_mixin.py:151} INFO - [2023-10-01T16:27:31.126+0000] {dag.py:3677} INFO - Setting next_dagrun for example_sensor_decorator to None, run_after=None
[2023-10-01T16:27:31.172+0000] {processor.py:179} INFO - Processing /home/airflow/.local/lib/python3.8/site-packages/airflow/example_dags/example_sensor_decorator.py took 0.177 seconds
[2023-10-01T17:48:05.300+0000] {processor.py:157} INFO - Started process (PID=7354) to work on /home/airflow/.local/lib/python3.8/site-packages/airflow/example_dags/example_sensor_decorator.py
[2023-10-01T17:48:05.301+0000] {processor.py:829} INFO - Processing file /home/airflow/.local/lib/python3.8/site-packages/airflow/example_dags/example_sensor_decorator.py for tasks to queue
[2023-10-01T17:48:05.302+0000] {logging_mixin.py:151} INFO - [2023-10-01T17:48:05.302+0000] {dagbag.py:539} INFO - Filling up the DagBag from /home/airflow/.local/lib/python3.8/site-packages/airflow/example_dags/example_sensor_decorator.py
[2023-10-01T17:48:05.306+0000] {processor.py:839} INFO - DAG(s) dict_keys(['example_sensor_decorator']) retrieved from /home/airflow/.local/lib/python3.8/site-packages/airflow/example_dags/example_sensor_decorator.py
[2023-10-01T17:48:05.319+0000] {logging_mixin.py:151} INFO - [2023-10-01T17:48:05.319+0000] {dag.py:2907} INFO - Sync 1 DAGs
[2023-10-01T17:48:05.325+0000] {logging_mixin.py:151} INFO - [2023-10-01T17:48:05.325+0000] {dag.py:3677} INFO - Setting next_dagrun for example_sensor_decorator to None, run_after=None
[2023-10-01T17:48:05.336+0000] {processor.py:179} INFO - Processing /home/airflow/.local/lib/python3.8/site-packages/airflow/example_dags/example_sensor_decorator.py took 0.038 seconds
[2023-10-01T19:11:19.132+0000] {processor.py:157} INFO - Started process (PID=7405) to work on /home/airflow/.local/lib/python3.8/site-packages/airflow/example_dags/example_sensor_decorator.py
[2023-10-01T19:11:19.139+0000] {processor.py:829} INFO - Processing file /home/airflow/.local/lib/python3.8/site-packages/airflow/example_dags/example_sensor_decorator.py for tasks to queue
[2023-10-01T19:11:19.145+0000] {logging_mixin.py:151} INFO - [2023-10-01T19:11:19.145+0000] {dagbag.py:539} INFO - Filling up the DagBag from /home/airflow/.local/lib/python3.8/site-packages/airflow/example_dags/example_sensor_decorator.py
[2023-10-01T19:11:19.163+0000] {processor.py:839} INFO - DAG(s) dict_keys(['example_sensor_decorator']) retrieved from /home/airflow/.local/lib/python3.8/site-packages/airflow/example_dags/example_sensor_decorator.py
[2023-10-01T19:11:19.225+0000] {logging_mixin.py:151} INFO - [2023-10-01T19:11:19.225+0000] {dag.py:2907} INFO - Sync 1 DAGs
[2023-10-01T19:11:19.239+0000] {logging_mixin.py:151} INFO - [2023-10-01T19:11:19.238+0000] {dag.py:3677} INFO - Setting next_dagrun for example_sensor_decorator to None, run_after=None
[2023-10-01T19:11:19.254+0000] {processor.py:179} INFO - Processing /home/airflow/.local/lib/python3.8/site-packages/airflow/example_dags/example_sensor_decorator.py took 0.126 seconds
[2023-10-01T20:17:35.315+0000] {processor.py:157} INFO - Started process (PID=7456) to work on /home/airflow/.local/lib/python3.8/site-packages/airflow/example_dags/example_sensor_decorator.py
[2023-10-01T20:17:35.321+0000] {processor.py:829} INFO - Processing file /home/airflow/.local/lib/python3.8/site-packages/airflow/example_dags/example_sensor_decorator.py for tasks to queue
[2023-10-01T20:17:35.323+0000] {logging_mixin.py:151} INFO - [2023-10-01T20:17:35.323+0000] {dagbag.py:539} INFO - Filling up the DagBag from /home/airflow/.local/lib/python3.8/site-packages/airflow/example_dags/example_sensor_decorator.py
[2023-10-01T20:17:35.334+0000] {processor.py:839} INFO - DAG(s) dict_keys(['example_sensor_decorator']) retrieved from /home/airflow/.local/lib/python3.8/site-packages/airflow/example_dags/example_sensor_decorator.py
[2023-10-01T20:17:35.367+0000] {logging_mixin.py:151} INFO - [2023-10-01T20:17:35.367+0000] {dag.py:2907} INFO - Sync 1 DAGs
[2023-10-01T20:17:35.380+0000] {logging_mixin.py:151} INFO - [2023-10-01T20:17:35.380+0000] {dag.py:3677} INFO - Setting next_dagrun for example_sensor_decorator to None, run_after=None
[2023-10-01T20:17:35.396+0000] {processor.py:179} INFO - Processing /home/airflow/.local/lib/python3.8/site-packages/airflow/example_dags/example_sensor_decorator.py took 0.085 seconds
[2023-10-01T21:37:13.877+0000] {processor.py:157} INFO - Started process (PID=7507) to work on /home/airflow/.local/lib/python3.8/site-packages/airflow/example_dags/example_sensor_decorator.py
[2023-10-01T21:37:13.878+0000] {processor.py:829} INFO - Processing file /home/airflow/.local/lib/python3.8/site-packages/airflow/example_dags/example_sensor_decorator.py for tasks to queue
[2023-10-01T21:37:13.879+0000] {logging_mixin.py:151} INFO - [2023-10-01T21:37:13.879+0000] {dagbag.py:539} INFO - Filling up the DagBag from /home/airflow/.local/lib/python3.8/site-packages/airflow/example_dags/example_sensor_decorator.py
[2023-10-01T21:37:13.883+0000] {processor.py:839} INFO - DAG(s) dict_keys(['example_sensor_decorator']) retrieved from /home/airflow/.local/lib/python3.8/site-packages/airflow/example_dags/example_sensor_decorator.py
[2023-10-01T21:37:13.893+0000] {logging_mixin.py:151} INFO - [2023-10-01T21:37:13.893+0000] {dag.py:2907} INFO - Sync 1 DAGs
[2023-10-01T21:37:13.900+0000] {logging_mixin.py:151} INFO - [2023-10-01T21:37:13.900+0000] {dag.py:3677} INFO - Setting next_dagrun for example_sensor_decorator to None, run_after=None
[2023-10-01T21:37:13.910+0000] {processor.py:179} INFO - Processing /home/airflow/.local/lib/python3.8/site-packages/airflow/example_dags/example_sensor_decorator.py took 0.034 seconds
[2023-10-01T23:02:27.102+0000] {processor.py:157} INFO - Started process (PID=7558) to work on /home/airflow/.local/lib/python3.8/site-packages/airflow/example_dags/example_sensor_decorator.py
[2023-10-01T23:02:27.103+0000] {processor.py:829} INFO - Processing file /home/airflow/.local/lib/python3.8/site-packages/airflow/example_dags/example_sensor_decorator.py for tasks to queue
[2023-10-01T23:02:27.105+0000] {logging_mixin.py:151} INFO - [2023-10-01T23:02:27.104+0000] {dagbag.py:539} INFO - Filling up the DagBag from /home/airflow/.local/lib/python3.8/site-packages/airflow/example_dags/example_sensor_decorator.py
[2023-10-01T23:02:27.109+0000] {processor.py:839} INFO - DAG(s) dict_keys(['example_sensor_decorator']) retrieved from /home/airflow/.local/lib/python3.8/site-packages/airflow/example_dags/example_sensor_decorator.py
[2023-10-01T23:02:27.123+0000] {logging_mixin.py:151} INFO - [2023-10-01T23:02:27.123+0000] {dag.py:2907} INFO - Sync 1 DAGs
[2023-10-01T23:02:27.130+0000] {logging_mixin.py:151} INFO - [2023-10-01T23:02:27.129+0000] {dag.py:3677} INFO - Setting next_dagrun for example_sensor_decorator to None, run_after=None
[2023-10-01T23:02:27.141+0000] {processor.py:179} INFO - Processing /home/airflow/.local/lib/python3.8/site-packages/airflow/example_dags/example_sensor_decorator.py took 0.042 seconds
