[2023-10-01T01:19:04.837+0000] {processor.py:157} INFO - Started process (PID=6775) to work on /home/airflow/.local/lib/python3.8/site-packages/airflow/example_dags/example_latest_only.py
[2023-10-01T01:19:04.837+0000] {processor.py:829} INFO - Processing file /home/airflow/.local/lib/python3.8/site-packages/airflow/example_dags/example_latest_only.py for tasks to queue
[2023-10-01T01:19:04.839+0000] {logging_mixin.py:151} INFO - [2023-10-01T01:19:04.838+0000] {dagbag.py:539} INFO - Filling up the DagBag from /home/airflow/.local/lib/python3.8/site-packages/airflow/example_dags/example_latest_only.py
[2023-10-01T01:19:04.841+0000] {processor.py:839} INFO - DAG(s) dict_keys(['latest_only']) retrieved from /home/airflow/.local/lib/python3.8/site-packages/airflow/example_dags/example_latest_only.py
[2023-10-01T01:19:04.853+0000] {logging_mixin.py:151} INFO - [2023-10-01T01:19:04.853+0000] {dag.py:2907} INFO - Sync 1 DAGs
[2023-10-01T01:19:04.864+0000] {logging_mixin.py:151} INFO - [2023-10-01T01:19:04.864+0000] {dag.py:3677} INFO - Setting next_dagrun for latest_only to 2023-09-30T21:19:04.864060+00:00, run_after=2023-10-01T01:19:04.864060+00:00
[2023-10-01T01:19:04.875+0000] {processor.py:179} INFO - Processing /home/airflow/.local/lib/python3.8/site-packages/airflow/example_dags/example_latest_only.py took 0.040 seconds
[2023-10-01T02:41:40.734+0000] {processor.py:157} INFO - Started process (PID=6826) to work on /home/airflow/.local/lib/python3.8/site-packages/airflow/example_dags/example_latest_only.py
[2023-10-01T02:41:40.735+0000] {processor.py:829} INFO - Processing file /home/airflow/.local/lib/python3.8/site-packages/airflow/example_dags/example_latest_only.py for tasks to queue
[2023-10-01T02:41:40.736+0000] {logging_mixin.py:151} INFO - [2023-10-01T02:41:40.736+0000] {dagbag.py:539} INFO - Filling up the DagBag from /home/airflow/.local/lib/python3.8/site-packages/airflow/example_dags/example_latest_only.py
[2023-10-01T02:41:40.739+0000] {processor.py:839} INFO - DAG(s) dict_keys(['latest_only']) retrieved from /home/airflow/.local/lib/python3.8/site-packages/airflow/example_dags/example_latest_only.py
[2023-10-01T02:41:40.751+0000] {logging_mixin.py:151} INFO - [2023-10-01T02:41:40.751+0000] {dag.py:2907} INFO - Sync 1 DAGs
[2023-10-01T02:41:40.760+0000] {logging_mixin.py:151} INFO - [2023-10-01T02:41:40.760+0000] {dag.py:3677} INFO - Setting next_dagrun for latest_only to 2023-09-30T22:41:40.760571+00:00, run_after=2023-10-01T02:41:40.760571+00:00
[2023-10-01T02:41:40.772+0000] {processor.py:179} INFO - Processing /home/airflow/.local/lib/python3.8/site-packages/airflow/example_dags/example_latest_only.py took 0.040 seconds
[2023-10-01T04:04:42.101+0000] {processor.py:157} INFO - Started process (PID=6877) to work on /home/airflow/.local/lib/python3.8/site-packages/airflow/example_dags/example_latest_only.py
[2023-10-01T04:04:42.101+0000] {processor.py:829} INFO - Processing file /home/airflow/.local/lib/python3.8/site-packages/airflow/example_dags/example_latest_only.py for tasks to queue
[2023-10-01T04:04:42.103+0000] {logging_mixin.py:151} INFO - [2023-10-01T04:04:42.102+0000] {dagbag.py:539} INFO - Filling up the DagBag from /home/airflow/.local/lib/python3.8/site-packages/airflow/example_dags/example_latest_only.py
[2023-10-01T04:04:42.105+0000] {processor.py:839} INFO - DAG(s) dict_keys(['latest_only']) retrieved from /home/airflow/.local/lib/python3.8/site-packages/airflow/example_dags/example_latest_only.py
[2023-10-01T04:04:42.118+0000] {logging_mixin.py:151} INFO - [2023-10-01T04:04:42.118+0000] {dag.py:2907} INFO - Sync 1 DAGs
[2023-10-01T04:04:42.128+0000] {logging_mixin.py:151} INFO - [2023-10-01T04:04:42.128+0000] {dag.py:3677} INFO - Setting next_dagrun for latest_only to 2023-10-01T00:04:42.128525+00:00, run_after=2023-10-01T04:04:42.128525+00:00
[2023-10-01T04:04:42.139+0000] {processor.py:179} INFO - Processing /home/airflow/.local/lib/python3.8/site-packages/airflow/example_dags/example_latest_only.py took 0.040 seconds
[2023-10-01T05:25:56.299+0000] {processor.py:157} INFO - Started process (PID=6928) to work on /home/airflow/.local/lib/python3.8/site-packages/airflow/example_dags/example_latest_only.py
[2023-10-01T05:25:56.300+0000] {processor.py:829} INFO - Processing file /home/airflow/.local/lib/python3.8/site-packages/airflow/example_dags/example_latest_only.py for tasks to queue
[2023-10-01T05:25:56.301+0000] {logging_mixin.py:151} INFO - [2023-10-01T05:25:56.301+0000] {dagbag.py:539} INFO - Filling up the DagBag from /home/airflow/.local/lib/python3.8/site-packages/airflow/example_dags/example_latest_only.py
[2023-10-01T05:25:56.304+0000] {processor.py:839} INFO - DAG(s) dict_keys(['latest_only']) retrieved from /home/airflow/.local/lib/python3.8/site-packages/airflow/example_dags/example_latest_only.py
[2023-10-01T05:25:56.316+0000] {logging_mixin.py:151} INFO - [2023-10-01T05:25:56.315+0000] {dag.py:2907} INFO - Sync 1 DAGs
[2023-10-01T05:25:56.329+0000] {logging_mixin.py:151} INFO - [2023-10-01T05:25:56.329+0000] {dag.py:3677} INFO - Setting next_dagrun for latest_only to 2023-10-01T01:25:56.328860+00:00, run_after=2023-10-01T05:25:56.328860+00:00
[2023-10-01T05:25:56.339+0000] {processor.py:179} INFO - Processing /home/airflow/.local/lib/python3.8/site-packages/airflow/example_dags/example_latest_only.py took 0.042 seconds
[2023-10-01T06:49:40.784+0000] {processor.py:157} INFO - Started process (PID=6979) to work on /home/airflow/.local/lib/python3.8/site-packages/airflow/example_dags/example_latest_only.py
[2023-10-01T06:49:40.785+0000] {processor.py:829} INFO - Processing file /home/airflow/.local/lib/python3.8/site-packages/airflow/example_dags/example_latest_only.py for tasks to queue
[2023-10-01T06:49:40.786+0000] {logging_mixin.py:151} INFO - [2023-10-01T06:49:40.786+0000] {dagbag.py:539} INFO - Filling up the DagBag from /home/airflow/.local/lib/python3.8/site-packages/airflow/example_dags/example_latest_only.py
[2023-10-01T06:49:40.789+0000] {processor.py:839} INFO - DAG(s) dict_keys(['latest_only']) retrieved from /home/airflow/.local/lib/python3.8/site-packages/airflow/example_dags/example_latest_only.py
[2023-10-01T06:49:40.801+0000] {logging_mixin.py:151} INFO - [2023-10-01T06:49:40.801+0000] {dag.py:2907} INFO - Sync 1 DAGs
[2023-10-01T06:49:40.811+0000] {logging_mixin.py:151} INFO - [2023-10-01T06:49:40.811+0000] {dag.py:3677} INFO - Setting next_dagrun for latest_only to 2023-10-01T02:49:40.811313+00:00, run_after=2023-10-01T06:49:40.811313+00:00
[2023-10-01T06:49:40.822+0000] {processor.py:179} INFO - Processing /home/airflow/.local/lib/python3.8/site-packages/airflow/example_dags/example_latest_only.py took 0.040 seconds
[2023-10-01T08:11:43.528+0000] {processor.py:157} INFO - Started process (PID=7030) to work on /home/airflow/.local/lib/python3.8/site-packages/airflow/example_dags/example_latest_only.py
[2023-10-01T08:11:43.529+0000] {processor.py:829} INFO - Processing file /home/airflow/.local/lib/python3.8/site-packages/airflow/example_dags/example_latest_only.py for tasks to queue
[2023-10-01T08:11:43.530+0000] {logging_mixin.py:151} INFO - [2023-10-01T08:11:43.530+0000] {dagbag.py:539} INFO - Filling up the DagBag from /home/airflow/.local/lib/python3.8/site-packages/airflow/example_dags/example_latest_only.py
[2023-10-01T08:11:43.533+0000] {processor.py:839} INFO - DAG(s) dict_keys(['latest_only']) retrieved from /home/airflow/.local/lib/python3.8/site-packages/airflow/example_dags/example_latest_only.py
[2023-10-01T08:11:43.545+0000] {logging_mixin.py:151} INFO - [2023-10-01T08:11:43.545+0000] {dag.py:2907} INFO - Sync 1 DAGs
[2023-10-01T08:11:43.556+0000] {logging_mixin.py:151} INFO - [2023-10-01T08:11:43.556+0000] {dag.py:3677} INFO - Setting next_dagrun for latest_only to 2023-10-01T04:11:43.555942+00:00, run_after=2023-10-01T08:11:43.555942+00:00
[2023-10-01T08:11:43.568+0000] {processor.py:179} INFO - Processing /home/airflow/.local/lib/python3.8/site-packages/airflow/example_dags/example_latest_only.py took 0.042 seconds
[2023-10-01T09:37:05.292+0000] {processor.py:157} INFO - Started process (PID=7081) to work on /home/airflow/.local/lib/python3.8/site-packages/airflow/example_dags/example_latest_only.py
[2023-10-01T09:37:05.293+0000] {processor.py:829} INFO - Processing file /home/airflow/.local/lib/python3.8/site-packages/airflow/example_dags/example_latest_only.py for tasks to queue
[2023-10-01T09:37:05.294+0000] {logging_mixin.py:151} INFO - [2023-10-01T09:37:05.294+0000] {dagbag.py:539} INFO - Filling up the DagBag from /home/airflow/.local/lib/python3.8/site-packages/airflow/example_dags/example_latest_only.py
[2023-10-01T09:37:05.297+0000] {processor.py:839} INFO - DAG(s) dict_keys(['latest_only']) retrieved from /home/airflow/.local/lib/python3.8/site-packages/airflow/example_dags/example_latest_only.py
[2023-10-01T09:37:05.310+0000] {logging_mixin.py:151} INFO - [2023-10-01T09:37:05.310+0000] {dag.py:2907} INFO - Sync 1 DAGs
[2023-10-01T09:37:05.321+0000] {logging_mixin.py:151} INFO - [2023-10-01T09:37:05.321+0000] {dag.py:3677} INFO - Setting next_dagrun for latest_only to 2023-10-01T05:37:05.320872+00:00, run_after=2023-10-01T09:37:05.320872+00:00
[2023-10-01T09:37:05.331+0000] {processor.py:179} INFO - Processing /home/airflow/.local/lib/python3.8/site-packages/airflow/example_dags/example_latest_only.py took 0.041 seconds
[2023-10-01T10:58:13.923+0000] {processor.py:157} INFO - Started process (PID=7132) to work on /home/airflow/.local/lib/python3.8/site-packages/airflow/example_dags/example_latest_only.py
[2023-10-01T10:58:13.923+0000] {processor.py:829} INFO - Processing file /home/airflow/.local/lib/python3.8/site-packages/airflow/example_dags/example_latest_only.py for tasks to queue
[2023-10-01T10:58:13.925+0000] {logging_mixin.py:151} INFO - [2023-10-01T10:58:13.925+0000] {dagbag.py:539} INFO - Filling up the DagBag from /home/airflow/.local/lib/python3.8/site-packages/airflow/example_dags/example_latest_only.py
[2023-10-01T10:58:13.928+0000] {processor.py:839} INFO - DAG(s) dict_keys(['latest_only']) retrieved from /home/airflow/.local/lib/python3.8/site-packages/airflow/example_dags/example_latest_only.py
[2023-10-01T10:58:13.941+0000] {logging_mixin.py:151} INFO - [2023-10-01T10:58:13.940+0000] {dag.py:2907} INFO - Sync 1 DAGs
[2023-10-01T10:58:13.951+0000] {logging_mixin.py:151} INFO - [2023-10-01T10:58:13.951+0000] {dag.py:3677} INFO - Setting next_dagrun for latest_only to 2023-10-01T06:58:13.951697+00:00, run_after=2023-10-01T10:58:13.951697+00:00
[2023-10-01T10:58:13.964+0000] {processor.py:179} INFO - Processing /home/airflow/.local/lib/python3.8/site-packages/airflow/example_dags/example_latest_only.py took 0.043 seconds
[2023-10-01T12:21:06.953+0000] {processor.py:157} INFO - Started process (PID=7183) to work on /home/airflow/.local/lib/python3.8/site-packages/airflow/example_dags/example_latest_only.py
[2023-10-01T12:21:06.953+0000] {processor.py:829} INFO - Processing file /home/airflow/.local/lib/python3.8/site-packages/airflow/example_dags/example_latest_only.py for tasks to queue
[2023-10-01T12:21:06.955+0000] {logging_mixin.py:151} INFO - [2023-10-01T12:21:06.954+0000] {dagbag.py:539} INFO - Filling up the DagBag from /home/airflow/.local/lib/python3.8/site-packages/airflow/example_dags/example_latest_only.py
[2023-10-01T12:21:06.957+0000] {processor.py:839} INFO - DAG(s) dict_keys(['latest_only']) retrieved from /home/airflow/.local/lib/python3.8/site-packages/airflow/example_dags/example_latest_only.py
[2023-10-01T12:21:06.971+0000] {logging_mixin.py:151} INFO - [2023-10-01T12:21:06.971+0000] {dag.py:2907} INFO - Sync 1 DAGs
[2023-10-01T12:21:06.982+0000] {logging_mixin.py:151} INFO - [2023-10-01T12:21:06.982+0000] {dag.py:3677} INFO - Setting next_dagrun for latest_only to 2023-10-01T08:21:06.981887+00:00, run_after=2023-10-01T12:21:06.981887+00:00
[2023-10-01T12:21:06.993+0000] {processor.py:179} INFO - Processing /home/airflow/.local/lib/python3.8/site-packages/airflow/example_dags/example_latest_only.py took 0.042 seconds
[2023-10-01T13:43:20.028+0000] {processor.py:157} INFO - Started process (PID=7234) to work on /home/airflow/.local/lib/python3.8/site-packages/airflow/example_dags/example_latest_only.py
[2023-10-01T13:43:20.029+0000] {processor.py:829} INFO - Processing file /home/airflow/.local/lib/python3.8/site-packages/airflow/example_dags/example_latest_only.py for tasks to queue
[2023-10-01T13:43:20.030+0000] {logging_mixin.py:151} INFO - [2023-10-01T13:43:20.030+0000] {dagbag.py:539} INFO - Filling up the DagBag from /home/airflow/.local/lib/python3.8/site-packages/airflow/example_dags/example_latest_only.py
[2023-10-01T13:43:20.033+0000] {processor.py:839} INFO - DAG(s) dict_keys(['latest_only']) retrieved from /home/airflow/.local/lib/python3.8/site-packages/airflow/example_dags/example_latest_only.py
[2023-10-01T13:43:20.045+0000] {logging_mixin.py:151} INFO - [2023-10-01T13:43:20.045+0000] {dag.py:2907} INFO - Sync 1 DAGs
[2023-10-01T13:43:20.056+0000] {logging_mixin.py:151} INFO - [2023-10-01T13:43:20.055+0000] {dag.py:3677} INFO - Setting next_dagrun for latest_only to 2023-10-01T09:43:20.055842+00:00, run_after=2023-10-01T13:43:20.055842+00:00
[2023-10-01T13:43:20.077+0000] {processor.py:179} INFO - Processing /home/airflow/.local/lib/python3.8/site-packages/airflow/example_dags/example_latest_only.py took 0.051 seconds
[2023-10-01T15:05:43.676+0000] {processor.py:157} INFO - Started process (PID=7285) to work on /home/airflow/.local/lib/python3.8/site-packages/airflow/example_dags/example_latest_only.py
[2023-10-01T15:05:43.677+0000] {processor.py:829} INFO - Processing file /home/airflow/.local/lib/python3.8/site-packages/airflow/example_dags/example_latest_only.py for tasks to queue
[2023-10-01T15:05:43.678+0000] {logging_mixin.py:151} INFO - [2023-10-01T15:05:43.678+0000] {dagbag.py:539} INFO - Filling up the DagBag from /home/airflow/.local/lib/python3.8/site-packages/airflow/example_dags/example_latest_only.py
[2023-10-01T15:05:43.681+0000] {processor.py:839} INFO - DAG(s) dict_keys(['latest_only']) retrieved from /home/airflow/.local/lib/python3.8/site-packages/airflow/example_dags/example_latest_only.py
[2023-10-01T15:05:43.694+0000] {logging_mixin.py:151} INFO - [2023-10-01T15:05:43.693+0000] {dag.py:2907} INFO - Sync 1 DAGs
[2023-10-01T15:05:43.703+0000] {logging_mixin.py:151} INFO - [2023-10-01T15:05:43.703+0000] {dag.py:3677} INFO - Setting next_dagrun for latest_only to 2023-10-01T11:05:43.703480+00:00, run_after=2023-10-01T15:05:43.703480+00:00
[2023-10-01T15:05:43.714+0000] {processor.py:179} INFO - Processing /home/airflow/.local/lib/python3.8/site-packages/airflow/example_dags/example_latest_only.py took 0.039 seconds
[2023-10-01T16:27:32.913+0000] {processor.py:157} INFO - Started process (PID=7336) to work on /home/airflow/.local/lib/python3.8/site-packages/airflow/example_dags/example_latest_only.py
[2023-10-01T16:27:32.914+0000] {processor.py:829} INFO - Processing file /home/airflow/.local/lib/python3.8/site-packages/airflow/example_dags/example_latest_only.py for tasks to queue
[2023-10-01T16:27:32.915+0000] {logging_mixin.py:151} INFO - [2023-10-01T16:27:32.915+0000] {dagbag.py:539} INFO - Filling up the DagBag from /home/airflow/.local/lib/python3.8/site-packages/airflow/example_dags/example_latest_only.py
[2023-10-01T16:27:32.918+0000] {processor.py:839} INFO - DAG(s) dict_keys(['latest_only']) retrieved from /home/airflow/.local/lib/python3.8/site-packages/airflow/example_dags/example_latest_only.py
[2023-10-01T16:27:32.931+0000] {logging_mixin.py:151} INFO - [2023-10-01T16:27:32.930+0000] {dag.py:2907} INFO - Sync 1 DAGs
[2023-10-01T16:27:32.941+0000] {logging_mixin.py:151} INFO - [2023-10-01T16:27:32.941+0000] {dag.py:3677} INFO - Setting next_dagrun for latest_only to 2023-10-01T12:27:32.941439+00:00, run_after=2023-10-01T16:27:32.941439+00:00
[2023-10-01T16:27:32.953+0000] {processor.py:179} INFO - Processing /home/airflow/.local/lib/python3.8/site-packages/airflow/example_dags/example_latest_only.py took 0.042 seconds
[2023-10-01T17:48:06.565+0000] {processor.py:157} INFO - Started process (PID=7387) to work on /home/airflow/.local/lib/python3.8/site-packages/airflow/example_dags/example_latest_only.py
[2023-10-01T17:48:06.565+0000] {processor.py:829} INFO - Processing file /home/airflow/.local/lib/python3.8/site-packages/airflow/example_dags/example_latest_only.py for tasks to queue
[2023-10-01T17:48:06.567+0000] {logging_mixin.py:151} INFO - [2023-10-01T17:48:06.567+0000] {dagbag.py:539} INFO - Filling up the DagBag from /home/airflow/.local/lib/python3.8/site-packages/airflow/example_dags/example_latest_only.py
[2023-10-01T17:48:06.570+0000] {processor.py:839} INFO - DAG(s) dict_keys(['latest_only']) retrieved from /home/airflow/.local/lib/python3.8/site-packages/airflow/example_dags/example_latest_only.py
[2023-10-01T17:48:06.582+0000] {logging_mixin.py:151} INFO - [2023-10-01T17:48:06.582+0000] {dag.py:2907} INFO - Sync 1 DAGs
[2023-10-01T17:48:06.592+0000] {logging_mixin.py:151} INFO - [2023-10-01T17:48:06.592+0000] {dag.py:3677} INFO - Setting next_dagrun for latest_only to 2023-10-01T13:48:06.592528+00:00, run_after=2023-10-01T17:48:06.592528+00:00
[2023-10-01T17:48:06.603+0000] {processor.py:179} INFO - Processing /home/airflow/.local/lib/python3.8/site-packages/airflow/example_dags/example_latest_only.py took 0.041 seconds
[2023-10-01T19:11:20.544+0000] {processor.py:157} INFO - Started process (PID=7438) to work on /home/airflow/.local/lib/python3.8/site-packages/airflow/example_dags/example_latest_only.py
[2023-10-01T19:11:20.544+0000] {processor.py:829} INFO - Processing file /home/airflow/.local/lib/python3.8/site-packages/airflow/example_dags/example_latest_only.py for tasks to queue
[2023-10-01T19:11:20.546+0000] {logging_mixin.py:151} INFO - [2023-10-01T19:11:20.545+0000] {dagbag.py:539} INFO - Filling up the DagBag from /home/airflow/.local/lib/python3.8/site-packages/airflow/example_dags/example_latest_only.py
[2023-10-01T19:11:20.548+0000] {processor.py:839} INFO - DAG(s) dict_keys(['latest_only']) retrieved from /home/airflow/.local/lib/python3.8/site-packages/airflow/example_dags/example_latest_only.py
[2023-10-01T19:11:20.560+0000] {logging_mixin.py:151} INFO - [2023-10-01T19:11:20.560+0000] {dag.py:2907} INFO - Sync 1 DAGs
[2023-10-01T19:11:20.571+0000] {logging_mixin.py:151} INFO - [2023-10-01T19:11:20.571+0000] {dag.py:3677} INFO - Setting next_dagrun for latest_only to 2023-10-01T15:11:20.571332+00:00, run_after=2023-10-01T19:11:20.571332+00:00
[2023-10-01T19:11:20.582+0000] {processor.py:179} INFO - Processing /home/airflow/.local/lib/python3.8/site-packages/airflow/example_dags/example_latest_only.py took 0.040 seconds
[2023-10-01T20:17:36.606+0000] {processor.py:157} INFO - Started process (PID=7489) to work on /home/airflow/.local/lib/python3.8/site-packages/airflow/example_dags/example_latest_only.py
[2023-10-01T20:17:36.607+0000] {processor.py:829} INFO - Processing file /home/airflow/.local/lib/python3.8/site-packages/airflow/example_dags/example_latest_only.py for tasks to queue
[2023-10-01T20:17:36.608+0000] {logging_mixin.py:151} INFO - [2023-10-01T20:17:36.608+0000] {dagbag.py:539} INFO - Filling up the DagBag from /home/airflow/.local/lib/python3.8/site-packages/airflow/example_dags/example_latest_only.py
[2023-10-01T20:17:36.611+0000] {processor.py:839} INFO - DAG(s) dict_keys(['latest_only']) retrieved from /home/airflow/.local/lib/python3.8/site-packages/airflow/example_dags/example_latest_only.py
[2023-10-01T20:17:36.624+0000] {logging_mixin.py:151} INFO - [2023-10-01T20:17:36.624+0000] {dag.py:2907} INFO - Sync 1 DAGs
[2023-10-01T20:17:36.634+0000] {logging_mixin.py:151} INFO - [2023-10-01T20:17:36.634+0000] {dag.py:3677} INFO - Setting next_dagrun for latest_only to 2023-10-01T16:17:36.634568+00:00, run_after=2023-10-01T20:17:36.634568+00:00
[2023-10-01T20:17:36.646+0000] {processor.py:179} INFO - Processing /home/airflow/.local/lib/python3.8/site-packages/airflow/example_dags/example_latest_only.py took 0.041 seconds
[2023-10-01T21:37:15.199+0000] {processor.py:157} INFO - Started process (PID=7540) to work on /home/airflow/.local/lib/python3.8/site-packages/airflow/example_dags/example_latest_only.py
[2023-10-01T21:37:15.200+0000] {processor.py:829} INFO - Processing file /home/airflow/.local/lib/python3.8/site-packages/airflow/example_dags/example_latest_only.py for tasks to queue
[2023-10-01T21:37:15.201+0000] {logging_mixin.py:151} INFO - [2023-10-01T21:37:15.201+0000] {dagbag.py:539} INFO - Filling up the DagBag from /home/airflow/.local/lib/python3.8/site-packages/airflow/example_dags/example_latest_only.py
[2023-10-01T21:37:15.204+0000] {processor.py:839} INFO - DAG(s) dict_keys(['latest_only']) retrieved from /home/airflow/.local/lib/python3.8/site-packages/airflow/example_dags/example_latest_only.py
[2023-10-01T21:37:15.216+0000] {logging_mixin.py:151} INFO - [2023-10-01T21:37:15.216+0000] {dag.py:2907} INFO - Sync 1 DAGs
[2023-10-01T21:37:15.226+0000] {logging_mixin.py:151} INFO - [2023-10-01T21:37:15.226+0000] {dag.py:3677} INFO - Setting next_dagrun for latest_only to 2023-10-01T17:37:15.225997+00:00, run_after=2023-10-01T21:37:15.225997+00:00
[2023-10-01T21:37:15.236+0000] {processor.py:179} INFO - Processing /home/airflow/.local/lib/python3.8/site-packages/airflow/example_dags/example_latest_only.py took 0.039 seconds
[2023-10-01T23:02:28.396+0000] {processor.py:157} INFO - Started process (PID=7591) to work on /home/airflow/.local/lib/python3.8/site-packages/airflow/example_dags/example_latest_only.py
[2023-10-01T23:02:28.397+0000] {processor.py:829} INFO - Processing file /home/airflow/.local/lib/python3.8/site-packages/airflow/example_dags/example_latest_only.py for tasks to queue
[2023-10-01T23:02:28.398+0000] {logging_mixin.py:151} INFO - [2023-10-01T23:02:28.398+0000] {dagbag.py:539} INFO - Filling up the DagBag from /home/airflow/.local/lib/python3.8/site-packages/airflow/example_dags/example_latest_only.py
[2023-10-01T23:02:28.401+0000] {processor.py:839} INFO - DAG(s) dict_keys(['latest_only']) retrieved from /home/airflow/.local/lib/python3.8/site-packages/airflow/example_dags/example_latest_only.py
[2023-10-01T23:02:28.414+0000] {logging_mixin.py:151} INFO - [2023-10-01T23:02:28.414+0000] {dag.py:2907} INFO - Sync 1 DAGs
[2023-10-01T23:02:28.424+0000] {logging_mixin.py:151} INFO - [2023-10-01T23:02:28.424+0000] {dag.py:3677} INFO - Setting next_dagrun for latest_only to 2023-10-01T19:02:28.424617+00:00, run_after=2023-10-01T23:02:28.424617+00:00
[2023-10-01T23:02:28.438+0000] {processor.py:179} INFO - Processing /home/airflow/.local/lib/python3.8/site-packages/airflow/example_dags/example_latest_only.py took 0.044 seconds
