[2023-10-01T01:19:03.346+0000] {processor.py:157} INFO - Started process (PID=6740) to work on /home/airflow/.local/lib/python3.8/site-packages/airflow/example_dags/example_time_delta_sensor_async.py
[2023-10-01T01:19:03.351+0000] {processor.py:829} INFO - Processing file /home/airflow/.local/lib/python3.8/site-packages/airflow/example_dags/example_time_delta_sensor_async.py for tasks to queue
[2023-10-01T01:19:03.357+0000] {logging_mixin.py:151} INFO - [2023-10-01T01:19:03.356+0000] {dagbag.py:539} INFO - Filling up the DagBag from /home/airflow/.local/lib/python3.8/site-packages/airflow/example_dags/example_time_delta_sensor_async.py
[2023-10-01T01:19:03.364+0000] {processor.py:839} INFO - DAG(s) dict_keys(['example_time_delta_sensor_async']) retrieved from /home/airflow/.local/lib/python3.8/site-packages/airflow/example_dags/example_time_delta_sensor_async.py
[2023-10-01T01:19:03.393+0000] {logging_mixin.py:151} INFO - [2023-10-01T01:19:03.392+0000] {dag.py:2907} INFO - Sync 1 DAGs
[2023-10-01T01:19:03.412+0000] {logging_mixin.py:151} INFO - [2023-10-01T01:19:03.412+0000] {dag.py:3677} INFO - Setting next_dagrun for example_time_delta_sensor_async to None, run_after=None
[2023-10-01T01:19:03.426+0000] {processor.py:179} INFO - Processing /home/airflow/.local/lib/python3.8/site-packages/airflow/example_dags/example_time_delta_sensor_async.py took 0.088 seconds
[2023-10-01T02:41:39.038+0000] {processor.py:157} INFO - Started process (PID=6791) to work on /home/airflow/.local/lib/python3.8/site-packages/airflow/example_dags/example_time_delta_sensor_async.py
[2023-10-01T02:41:39.043+0000] {processor.py:829} INFO - Processing file /home/airflow/.local/lib/python3.8/site-packages/airflow/example_dags/example_time_delta_sensor_async.py for tasks to queue
[2023-10-01T02:41:39.050+0000] {logging_mixin.py:151} INFO - [2023-10-01T02:41:39.050+0000] {dagbag.py:539} INFO - Filling up the DagBag from /home/airflow/.local/lib/python3.8/site-packages/airflow/example_dags/example_time_delta_sensor_async.py
[2023-10-01T02:41:39.057+0000] {processor.py:839} INFO - DAG(s) dict_keys(['example_time_delta_sensor_async']) retrieved from /home/airflow/.local/lib/python3.8/site-packages/airflow/example_dags/example_time_delta_sensor_async.py
[2023-10-01T02:41:39.098+0000] {logging_mixin.py:151} INFO - [2023-10-01T02:41:39.098+0000] {dag.py:2907} INFO - Sync 1 DAGs
[2023-10-01T02:41:39.121+0000] {logging_mixin.py:151} INFO - [2023-10-01T02:41:39.121+0000] {dag.py:3677} INFO - Setting next_dagrun for example_time_delta_sensor_async to None, run_after=None
[2023-10-01T02:41:39.152+0000] {processor.py:179} INFO - Processing /home/airflow/.local/lib/python3.8/site-packages/airflow/example_dags/example_time_delta_sensor_async.py took 0.123 seconds
[2023-10-01T04:04:40.474+0000] {processor.py:157} INFO - Started process (PID=6842) to work on /home/airflow/.local/lib/python3.8/site-packages/airflow/example_dags/example_time_delta_sensor_async.py
[2023-10-01T04:04:40.478+0000] {processor.py:829} INFO - Processing file /home/airflow/.local/lib/python3.8/site-packages/airflow/example_dags/example_time_delta_sensor_async.py for tasks to queue
[2023-10-01T04:04:40.483+0000] {logging_mixin.py:151} INFO - [2023-10-01T04:04:40.482+0000] {dagbag.py:539} INFO - Filling up the DagBag from /home/airflow/.local/lib/python3.8/site-packages/airflow/example_dags/example_time_delta_sensor_async.py
[2023-10-01T04:04:40.487+0000] {processor.py:839} INFO - DAG(s) dict_keys(['example_time_delta_sensor_async']) retrieved from /home/airflow/.local/lib/python3.8/site-packages/airflow/example_dags/example_time_delta_sensor_async.py
[2023-10-01T04:04:40.511+0000] {logging_mixin.py:151} INFO - [2023-10-01T04:04:40.510+0000] {dag.py:2907} INFO - Sync 1 DAGs
[2023-10-01T04:04:40.520+0000] {logging_mixin.py:151} INFO - [2023-10-01T04:04:40.520+0000] {dag.py:3677} INFO - Setting next_dagrun for example_time_delta_sensor_async to None, run_after=None
[2023-10-01T04:04:40.544+0000] {processor.py:179} INFO - Processing /home/airflow/.local/lib/python3.8/site-packages/airflow/example_dags/example_time_delta_sensor_async.py took 0.073 seconds
[2023-10-01T05:25:54.760+0000] {processor.py:157} INFO - Started process (PID=6893) to work on /home/airflow/.local/lib/python3.8/site-packages/airflow/example_dags/example_time_delta_sensor_async.py
[2023-10-01T05:25:54.764+0000] {processor.py:829} INFO - Processing file /home/airflow/.local/lib/python3.8/site-packages/airflow/example_dags/example_time_delta_sensor_async.py for tasks to queue
[2023-10-01T05:25:54.766+0000] {logging_mixin.py:151} INFO - [2023-10-01T05:25:54.766+0000] {dagbag.py:539} INFO - Filling up the DagBag from /home/airflow/.local/lib/python3.8/site-packages/airflow/example_dags/example_time_delta_sensor_async.py
[2023-10-01T05:25:54.770+0000] {processor.py:839} INFO - DAG(s) dict_keys(['example_time_delta_sensor_async']) retrieved from /home/airflow/.local/lib/python3.8/site-packages/airflow/example_dags/example_time_delta_sensor_async.py
[2023-10-01T05:25:54.800+0000] {logging_mixin.py:151} INFO - [2023-10-01T05:25:54.799+0000] {dag.py:2907} INFO - Sync 1 DAGs
[2023-10-01T05:25:54.810+0000] {logging_mixin.py:151} INFO - [2023-10-01T05:25:54.810+0000] {dag.py:3677} INFO - Setting next_dagrun for example_time_delta_sensor_async to None, run_after=None
[2023-10-01T05:25:54.874+0000] {processor.py:179} INFO - Processing /home/airflow/.local/lib/python3.8/site-packages/airflow/example_dags/example_time_delta_sensor_async.py took 0.117 seconds
[2023-10-01T06:49:39.396+0000] {processor.py:157} INFO - Started process (PID=6944) to work on /home/airflow/.local/lib/python3.8/site-packages/airflow/example_dags/example_time_delta_sensor_async.py
[2023-10-01T06:49:39.397+0000] {processor.py:829} INFO - Processing file /home/airflow/.local/lib/python3.8/site-packages/airflow/example_dags/example_time_delta_sensor_async.py for tasks to queue
[2023-10-01T06:49:39.398+0000] {logging_mixin.py:151} INFO - [2023-10-01T06:49:39.398+0000] {dagbag.py:539} INFO - Filling up the DagBag from /home/airflow/.local/lib/python3.8/site-packages/airflow/example_dags/example_time_delta_sensor_async.py
[2023-10-01T06:49:39.401+0000] {processor.py:839} INFO - DAG(s) dict_keys(['example_time_delta_sensor_async']) retrieved from /home/airflow/.local/lib/python3.8/site-packages/airflow/example_dags/example_time_delta_sensor_async.py
[2023-10-01T06:49:39.414+0000] {logging_mixin.py:151} INFO - [2023-10-01T06:49:39.414+0000] {dag.py:2907} INFO - Sync 1 DAGs
[2023-10-01T06:49:39.420+0000] {logging_mixin.py:151} INFO - [2023-10-01T06:49:39.420+0000] {dag.py:3677} INFO - Setting next_dagrun for example_time_delta_sensor_async to None, run_after=None
[2023-10-01T06:49:39.432+0000] {processor.py:179} INFO - Processing /home/airflow/.local/lib/python3.8/site-packages/airflow/example_dags/example_time_delta_sensor_async.py took 0.038 seconds
[2023-10-01T08:11:42.263+0000] {processor.py:157} INFO - Started process (PID=6995) to work on /home/airflow/.local/lib/python3.8/site-packages/airflow/example_dags/example_time_delta_sensor_async.py
[2023-10-01T08:11:42.264+0000] {processor.py:829} INFO - Processing file /home/airflow/.local/lib/python3.8/site-packages/airflow/example_dags/example_time_delta_sensor_async.py for tasks to queue
[2023-10-01T08:11:42.266+0000] {logging_mixin.py:151} INFO - [2023-10-01T08:11:42.266+0000] {dagbag.py:539} INFO - Filling up the DagBag from /home/airflow/.local/lib/python3.8/site-packages/airflow/example_dags/example_time_delta_sensor_async.py
[2023-10-01T08:11:42.274+0000] {processor.py:839} INFO - DAG(s) dict_keys(['example_time_delta_sensor_async']) retrieved from /home/airflow/.local/lib/python3.8/site-packages/airflow/example_dags/example_time_delta_sensor_async.py
[2023-10-01T08:11:42.296+0000] {logging_mixin.py:151} INFO - [2023-10-01T08:11:42.296+0000] {dag.py:2907} INFO - Sync 1 DAGs
[2023-10-01T08:11:42.305+0000] {logging_mixin.py:151} INFO - [2023-10-01T08:11:42.305+0000] {dag.py:3677} INFO - Setting next_dagrun for example_time_delta_sensor_async to None, run_after=None
[2023-10-01T08:11:42.324+0000] {processor.py:179} INFO - Processing /home/airflow/.local/lib/python3.8/site-packages/airflow/example_dags/example_time_delta_sensor_async.py took 0.063 seconds
[2023-10-01T09:37:03.783+0000] {processor.py:157} INFO - Started process (PID=7046) to work on /home/airflow/.local/lib/python3.8/site-packages/airflow/example_dags/example_time_delta_sensor_async.py
[2023-10-01T09:37:03.784+0000] {processor.py:829} INFO - Processing file /home/airflow/.local/lib/python3.8/site-packages/airflow/example_dags/example_time_delta_sensor_async.py for tasks to queue
[2023-10-01T09:37:03.786+0000] {logging_mixin.py:151} INFO - [2023-10-01T09:37:03.786+0000] {dagbag.py:539} INFO - Filling up the DagBag from /home/airflow/.local/lib/python3.8/site-packages/airflow/example_dags/example_time_delta_sensor_async.py
[2023-10-01T09:37:03.792+0000] {processor.py:839} INFO - DAG(s) dict_keys(['example_time_delta_sensor_async']) retrieved from /home/airflow/.local/lib/python3.8/site-packages/airflow/example_dags/example_time_delta_sensor_async.py
[2023-10-01T09:37:03.811+0000] {logging_mixin.py:151} INFO - [2023-10-01T09:37:03.810+0000] {dag.py:2907} INFO - Sync 1 DAGs
[2023-10-01T09:37:03.820+0000] {logging_mixin.py:151} INFO - [2023-10-01T09:37:03.820+0000] {dag.py:3677} INFO - Setting next_dagrun for example_time_delta_sensor_async to None, run_after=None
[2023-10-01T09:37:03.855+0000] {processor.py:179} INFO - Processing /home/airflow/.local/lib/python3.8/site-packages/airflow/example_dags/example_time_delta_sensor_async.py took 0.075 seconds
[2023-10-01T10:58:12.588+0000] {processor.py:157} INFO - Started process (PID=7097) to work on /home/airflow/.local/lib/python3.8/site-packages/airflow/example_dags/example_time_delta_sensor_async.py
[2023-10-01T10:58:12.589+0000] {processor.py:829} INFO - Processing file /home/airflow/.local/lib/python3.8/site-packages/airflow/example_dags/example_time_delta_sensor_async.py for tasks to queue
[2023-10-01T10:58:12.590+0000] {logging_mixin.py:151} INFO - [2023-10-01T10:58:12.590+0000] {dagbag.py:539} INFO - Filling up the DagBag from /home/airflow/.local/lib/python3.8/site-packages/airflow/example_dags/example_time_delta_sensor_async.py
[2023-10-01T10:58:12.593+0000] {processor.py:839} INFO - DAG(s) dict_keys(['example_time_delta_sensor_async']) retrieved from /home/airflow/.local/lib/python3.8/site-packages/airflow/example_dags/example_time_delta_sensor_async.py
[2023-10-01T10:58:12.606+0000] {logging_mixin.py:151} INFO - [2023-10-01T10:58:12.606+0000] {dag.py:2907} INFO - Sync 1 DAGs
[2023-10-01T10:58:12.612+0000] {logging_mixin.py:151} INFO - [2023-10-01T10:58:12.612+0000] {dag.py:3677} INFO - Setting next_dagrun for example_time_delta_sensor_async to None, run_after=None
[2023-10-01T10:58:12.623+0000] {processor.py:179} INFO - Processing /home/airflow/.local/lib/python3.8/site-packages/airflow/example_dags/example_time_delta_sensor_async.py took 0.037 seconds
[2023-10-01T12:21:05.278+0000] {processor.py:157} INFO - Started process (PID=7148) to work on /home/airflow/.local/lib/python3.8/site-packages/airflow/example_dags/example_time_delta_sensor_async.py
[2023-10-01T12:21:05.280+0000] {processor.py:829} INFO - Processing file /home/airflow/.local/lib/python3.8/site-packages/airflow/example_dags/example_time_delta_sensor_async.py for tasks to queue
[2023-10-01T12:21:05.283+0000] {logging_mixin.py:151} INFO - [2023-10-01T12:21:05.283+0000] {dagbag.py:539} INFO - Filling up the DagBag from /home/airflow/.local/lib/python3.8/site-packages/airflow/example_dags/example_time_delta_sensor_async.py
[2023-10-01T12:21:05.289+0000] {processor.py:839} INFO - DAG(s) dict_keys(['example_time_delta_sensor_async']) retrieved from /home/airflow/.local/lib/python3.8/site-packages/airflow/example_dags/example_time_delta_sensor_async.py
[2023-10-01T12:21:05.308+0000] {logging_mixin.py:151} INFO - [2023-10-01T12:21:05.308+0000] {dag.py:2907} INFO - Sync 1 DAGs
[2023-10-01T12:21:05.317+0000] {logging_mixin.py:151} INFO - [2023-10-01T12:21:05.317+0000] {dag.py:3677} INFO - Setting next_dagrun for example_time_delta_sensor_async to None, run_after=None
[2023-10-01T12:21:05.337+0000] {processor.py:179} INFO - Processing /home/airflow/.local/lib/python3.8/site-packages/airflow/example_dags/example_time_delta_sensor_async.py took 0.063 seconds
[2023-10-01T13:43:18.779+0000] {processor.py:157} INFO - Started process (PID=7199) to work on /home/airflow/.local/lib/python3.8/site-packages/airflow/example_dags/example_time_delta_sensor_async.py
[2023-10-01T13:43:18.787+0000] {processor.py:829} INFO - Processing file /home/airflow/.local/lib/python3.8/site-packages/airflow/example_dags/example_time_delta_sensor_async.py for tasks to queue
[2023-10-01T13:43:18.795+0000] {logging_mixin.py:151} INFO - [2023-10-01T13:43:18.795+0000] {dagbag.py:539} INFO - Filling up the DagBag from /home/airflow/.local/lib/python3.8/site-packages/airflow/example_dags/example_time_delta_sensor_async.py
[2023-10-01T13:43:18.806+0000] {processor.py:839} INFO - DAG(s) dict_keys(['example_time_delta_sensor_async']) retrieved from /home/airflow/.local/lib/python3.8/site-packages/airflow/example_dags/example_time_delta_sensor_async.py
[2023-10-01T13:43:18.862+0000] {logging_mixin.py:151} INFO - [2023-10-01T13:43:18.862+0000] {dag.py:2907} INFO - Sync 1 DAGs
[2023-10-01T13:43:18.876+0000] {logging_mixin.py:151} INFO - [2023-10-01T13:43:18.876+0000] {dag.py:3677} INFO - Setting next_dagrun for example_time_delta_sensor_async to None, run_after=None
[2023-10-01T13:43:18.899+0000] {processor.py:179} INFO - Processing /home/airflow/.local/lib/python3.8/site-packages/airflow/example_dags/example_time_delta_sensor_async.py took 0.124 seconds
[2023-10-01T15:05:42.473+0000] {processor.py:157} INFO - Started process (PID=7250) to work on /home/airflow/.local/lib/python3.8/site-packages/airflow/example_dags/example_time_delta_sensor_async.py
[2023-10-01T15:05:42.473+0000] {processor.py:829} INFO - Processing file /home/airflow/.local/lib/python3.8/site-packages/airflow/example_dags/example_time_delta_sensor_async.py for tasks to queue
[2023-10-01T15:05:42.474+0000] {logging_mixin.py:151} INFO - [2023-10-01T15:05:42.474+0000] {dagbag.py:539} INFO - Filling up the DagBag from /home/airflow/.local/lib/python3.8/site-packages/airflow/example_dags/example_time_delta_sensor_async.py
[2023-10-01T15:05:42.478+0000] {processor.py:839} INFO - DAG(s) dict_keys(['example_time_delta_sensor_async']) retrieved from /home/airflow/.local/lib/python3.8/site-packages/airflow/example_dags/example_time_delta_sensor_async.py
[2023-10-01T15:05:42.490+0000] {logging_mixin.py:151} INFO - [2023-10-01T15:05:42.490+0000] {dag.py:2907} INFO - Sync 1 DAGs
[2023-10-01T15:05:42.496+0000] {logging_mixin.py:151} INFO - [2023-10-01T15:05:42.495+0000] {dag.py:3677} INFO - Setting next_dagrun for example_time_delta_sensor_async to None, run_after=None
[2023-10-01T15:05:42.507+0000] {processor.py:179} INFO - Processing /home/airflow/.local/lib/python3.8/site-packages/airflow/example_dags/example_time_delta_sensor_async.py took 0.037 seconds
[2023-10-01T16:27:30.851+0000] {processor.py:157} INFO - Started process (PID=7301) to work on /home/airflow/.local/lib/python3.8/site-packages/airflow/example_dags/example_time_delta_sensor_async.py
[2023-10-01T16:27:30.855+0000] {processor.py:829} INFO - Processing file /home/airflow/.local/lib/python3.8/site-packages/airflow/example_dags/example_time_delta_sensor_async.py for tasks to queue
[2023-10-01T16:27:30.859+0000] {logging_mixin.py:151} INFO - [2023-10-01T16:27:30.858+0000] {dagbag.py:539} INFO - Filling up the DagBag from /home/airflow/.local/lib/python3.8/site-packages/airflow/example_dags/example_time_delta_sensor_async.py
[2023-10-01T16:27:30.867+0000] {processor.py:839} INFO - DAG(s) dict_keys(['example_time_delta_sensor_async']) retrieved from /home/airflow/.local/lib/python3.8/site-packages/airflow/example_dags/example_time_delta_sensor_async.py
[2023-10-01T16:27:30.894+0000] {logging_mixin.py:151} INFO - [2023-10-01T16:27:30.894+0000] {dag.py:2907} INFO - Sync 1 DAGs
[2023-10-01T16:27:30.913+0000] {logging_mixin.py:151} INFO - [2023-10-01T16:27:30.913+0000] {dag.py:3677} INFO - Setting next_dagrun for example_time_delta_sensor_async to None, run_after=None
[2023-10-01T16:27:30.951+0000] {processor.py:179} INFO - Processing /home/airflow/.local/lib/python3.8/site-packages/airflow/example_dags/example_time_delta_sensor_async.py took 0.104 seconds
[2023-10-01T17:48:05.242+0000] {processor.py:157} INFO - Started process (PID=7352) to work on /home/airflow/.local/lib/python3.8/site-packages/airflow/example_dags/example_time_delta_sensor_async.py
[2023-10-01T17:48:05.243+0000] {processor.py:829} INFO - Processing file /home/airflow/.local/lib/python3.8/site-packages/airflow/example_dags/example_time_delta_sensor_async.py for tasks to queue
[2023-10-01T17:48:05.245+0000] {logging_mixin.py:151} INFO - [2023-10-01T17:48:05.244+0000] {dagbag.py:539} INFO - Filling up the DagBag from /home/airflow/.local/lib/python3.8/site-packages/airflow/example_dags/example_time_delta_sensor_async.py
[2023-10-01T17:48:05.250+0000] {processor.py:839} INFO - DAG(s) dict_keys(['example_time_delta_sensor_async']) retrieved from /home/airflow/.local/lib/python3.8/site-packages/airflow/example_dags/example_time_delta_sensor_async.py
[2023-10-01T17:48:05.266+0000] {logging_mixin.py:151} INFO - [2023-10-01T17:48:05.266+0000] {dag.py:2907} INFO - Sync 1 DAGs
[2023-10-01T17:48:05.274+0000] {logging_mixin.py:151} INFO - [2023-10-01T17:48:05.274+0000] {dag.py:3677} INFO - Setting next_dagrun for example_time_delta_sensor_async to None, run_after=None
[2023-10-01T17:48:05.287+0000] {processor.py:179} INFO - Processing /home/airflow/.local/lib/python3.8/site-packages/airflow/example_dags/example_time_delta_sensor_async.py took 0.047 seconds
[2023-10-01T19:11:18.981+0000] {processor.py:157} INFO - Started process (PID=7403) to work on /home/airflow/.local/lib/python3.8/site-packages/airflow/example_dags/example_time_delta_sensor_async.py
[2023-10-01T19:11:18.985+0000] {processor.py:829} INFO - Processing file /home/airflow/.local/lib/python3.8/site-packages/airflow/example_dags/example_time_delta_sensor_async.py for tasks to queue
[2023-10-01T19:11:18.987+0000] {logging_mixin.py:151} INFO - [2023-10-01T19:11:18.987+0000] {dagbag.py:539} INFO - Filling up the DagBag from /home/airflow/.local/lib/python3.8/site-packages/airflow/example_dags/example_time_delta_sensor_async.py
[2023-10-01T19:11:18.995+0000] {processor.py:839} INFO - DAG(s) dict_keys(['example_time_delta_sensor_async']) retrieved from /home/airflow/.local/lib/python3.8/site-packages/airflow/example_dags/example_time_delta_sensor_async.py
[2023-10-01T19:11:19.044+0000] {logging_mixin.py:151} INFO - [2023-10-01T19:11:19.041+0000] {dag.py:2907} INFO - Sync 1 DAGs
[2023-10-01T19:11:19.059+0000] {logging_mixin.py:151} INFO - [2023-10-01T19:11:19.058+0000] {dag.py:3677} INFO - Setting next_dagrun for example_time_delta_sensor_async to None, run_after=None
[2023-10-01T19:11:19.080+0000] {processor.py:179} INFO - Processing /home/airflow/.local/lib/python3.8/site-packages/airflow/example_dags/example_time_delta_sensor_async.py took 0.102 seconds
[2023-10-01T20:17:35.138+0000] {processor.py:157} INFO - Started process (PID=7454) to work on /home/airflow/.local/lib/python3.8/site-packages/airflow/example_dags/example_time_delta_sensor_async.py
[2023-10-01T20:17:35.139+0000] {processor.py:829} INFO - Processing file /home/airflow/.local/lib/python3.8/site-packages/airflow/example_dags/example_time_delta_sensor_async.py for tasks to queue
[2023-10-01T20:17:35.143+0000] {logging_mixin.py:151} INFO - [2023-10-01T20:17:35.143+0000] {dagbag.py:539} INFO - Filling up the DagBag from /home/airflow/.local/lib/python3.8/site-packages/airflow/example_dags/example_time_delta_sensor_async.py
[2023-10-01T20:17:35.154+0000] {processor.py:839} INFO - DAG(s) dict_keys(['example_time_delta_sensor_async']) retrieved from /home/airflow/.local/lib/python3.8/site-packages/airflow/example_dags/example_time_delta_sensor_async.py
[2023-10-01T20:17:35.208+0000] {logging_mixin.py:151} INFO - [2023-10-01T20:17:35.208+0000] {dag.py:2907} INFO - Sync 1 DAGs
[2023-10-01T20:17:35.218+0000] {logging_mixin.py:151} INFO - [2023-10-01T20:17:35.217+0000] {dag.py:3677} INFO - Setting next_dagrun for example_time_delta_sensor_async to None, run_after=None
[2023-10-01T20:17:35.280+0000] {processor.py:179} INFO - Processing /home/airflow/.local/lib/python3.8/site-packages/airflow/example_dags/example_time_delta_sensor_async.py took 0.145 seconds
[2023-10-01T21:37:13.830+0000] {processor.py:157} INFO - Started process (PID=7505) to work on /home/airflow/.local/lib/python3.8/site-packages/airflow/example_dags/example_time_delta_sensor_async.py
[2023-10-01T21:37:13.830+0000] {processor.py:829} INFO - Processing file /home/airflow/.local/lib/python3.8/site-packages/airflow/example_dags/example_time_delta_sensor_async.py for tasks to queue
[2023-10-01T21:37:13.832+0000] {logging_mixin.py:151} INFO - [2023-10-01T21:37:13.832+0000] {dagbag.py:539} INFO - Filling up the DagBag from /home/airflow/.local/lib/python3.8/site-packages/airflow/example_dags/example_time_delta_sensor_async.py
[2023-10-01T21:37:13.835+0000] {processor.py:839} INFO - DAG(s) dict_keys(['example_time_delta_sensor_async']) retrieved from /home/airflow/.local/lib/python3.8/site-packages/airflow/example_dags/example_time_delta_sensor_async.py
[2023-10-01T21:37:13.846+0000] {logging_mixin.py:151} INFO - [2023-10-01T21:37:13.846+0000] {dag.py:2907} INFO - Sync 1 DAGs
[2023-10-01T21:37:13.852+0000] {logging_mixin.py:151} INFO - [2023-10-01T21:37:13.852+0000] {dag.py:3677} INFO - Setting next_dagrun for example_time_delta_sensor_async to None, run_after=None
[2023-10-01T21:37:13.863+0000] {processor.py:179} INFO - Processing /home/airflow/.local/lib/python3.8/site-packages/airflow/example_dags/example_time_delta_sensor_async.py took 0.035 seconds
[2023-10-01T23:02:27.032+0000] {processor.py:157} INFO - Started process (PID=7556) to work on /home/airflow/.local/lib/python3.8/site-packages/airflow/example_dags/example_time_delta_sensor_async.py
[2023-10-01T23:02:27.032+0000] {processor.py:829} INFO - Processing file /home/airflow/.local/lib/python3.8/site-packages/airflow/example_dags/example_time_delta_sensor_async.py for tasks to queue
[2023-10-01T23:02:27.037+0000] {logging_mixin.py:151} INFO - [2023-10-01T23:02:27.036+0000] {dagbag.py:539} INFO - Filling up the DagBag from /home/airflow/.local/lib/python3.8/site-packages/airflow/example_dags/example_time_delta_sensor_async.py
[2023-10-01T23:02:27.041+0000] {processor.py:839} INFO - DAG(s) dict_keys(['example_time_delta_sensor_async']) retrieved from /home/airflow/.local/lib/python3.8/site-packages/airflow/example_dags/example_time_delta_sensor_async.py
[2023-10-01T23:02:27.060+0000] {logging_mixin.py:151} INFO - [2023-10-01T23:02:27.060+0000] {dag.py:2907} INFO - Sync 1 DAGs
[2023-10-01T23:02:27.068+0000] {logging_mixin.py:151} INFO - [2023-10-01T23:02:27.068+0000] {dag.py:3677} INFO - Setting next_dagrun for example_time_delta_sensor_async to None, run_after=None
[2023-10-01T23:02:27.086+0000] {processor.py:179} INFO - Processing /home/airflow/.local/lib/python3.8/site-packages/airflow/example_dags/example_time_delta_sensor_async.py took 0.060 seconds
